Copyright 1986-2018 Xilinx, Inc. All Rights Reserved.
--------------------------------------------------------------------------------------------------------------------------------------------------------------------------------------------------------------
| Tool Version : Vivado v.2018.3 (lin64) Build 2405991 Thu Dec  6 23:36:41 MST 2018
| Date         : Wed Jan 12 21:39:46 2022
| Host         : koopa.ece.utexas.edu running 64-bit CentOS Linux release 7.9.2009 (Core)
| Command      : report_timing -sort_by group -max_paths 100 -path_type summary -file /misc/scratch/zwei1/reports_Jan12/raw_designs/vtr_designs/verilog/LU32PEEng_submodules/multiply_a/post_route_timing.rpt
| Design       : multiply_a
| Device       : 7z020-clg484
| Speed File   : -3  PRODUCTION 1.11 2014-09-11
--------------------------------------------------------------------------------------------------------------------------------------------------------------------------------------------------------------

Timing Report

Startpoint                     Endpoint                       Slack(ns)     
----------------------------------------------------------------------------
normb[23]                      prod[17]                       inf           
normb[23]                      prod[18]                       inf           
normb[23]                      prod[19]                       inf           
normb[23]                      prod[20]                       inf           
normb[23]                      prod[21]                       inf           
normb[23]                      prod[22]                       inf           
normb[23]                      prod[23]                       inf           
normb[23]                      prod[24]                       inf           
normb[23]                      prod[25]                       inf           
normb[23]                      prod[26]                       inf           
normb[23]                      prod[27]                       inf           
normb[23]                      prod[28]                       inf           
normb[23]                      prod[29]                       inf           
normb[23]                      prod[30]                       inf           
normb[23]                      prod[31]                       inf           
normb[23]                      prod[32]                       inf           
normb[23]                      prod[33]                       inf           
normb[23]                      prod[34]                       inf           
normb[23]                      prod[35]                       inf           
normb[23]                      prod[36]                       inf           
normb[23]                      prod[37]                       inf           
normb[23]                      prod[38]                       inf           
normb[23]                      prod[39]                       inf           
normb[23]                      prod[40]                       inf           
normb[23]                      prod[41]                       inf           
normb[23]                      prod[42]                       inf           
normb[23]                      prod[43]                       inf           
normb[23]                      prod[44]                       inf           
normb[23]                      prod[45]                       inf           
normb[23]                      prod[46]                       inf           
normb[23]                      prod[47]                       inf           
normb[23]                      twoormore                      inf           
normb[23]                      prod[0]                        inf           
normb[23]                      prod[10]                       inf           
normb[23]                      prod[11]                       inf           
normb[23]                      prod[12]                       inf           
normb[23]                      prod[13]                       inf           
normb[23]                      prod[14]                       inf           
normb[23]                      prod[15]                       inf           
normb[23]                      prod[16]                       inf           
normb[23]                      prod[1]                        inf           
normb[23]                      prod[2]                        inf           
normb[23]                      prod[3]                        inf           
normb[23]                      prod[4]                        inf           
normb[23]                      prod[5]                        inf           
normb[23]                      prod[6]                        inf           
normb[23]                      prod[7]                        inf           
normb[23]                      prod[8]                        inf           
normb[23]                      prod[9]                        inf           



