Copyright 1986-2018 Xilinx, Inc. All Rights Reserved.
----------------------------------------------------------------------------------------------------------------------------------------------------------------------------------------------------------------------
| Tool Version : Vivado v.2018.3 (lin64) Build 2405991 Thu Dec  6 23:36:41 MST 2018
| Date         : Tue Jan 11 21:24:39 2022
| Host         : koopa.ece.utexas.edu running 64-bit CentOS Linux release 7.9.2009 (Core)
| Command      : report_timing -sort_by group -max_paths 100 -path_type summary -file /misc/scratch/zwei1/reports_Jan12/raw_designs/opencores/arithmetic/dvb_s2_ldpc_decoder_submodules/ldpc_cn/post_route_timing.rpt
| Design       : ldpc_cn
| Device       : 7z020-clg484
| Speed File   : -3  PRODUCTION 1.11 2014-09-11
----------------------------------------------------------------------------------------------------------------------------------------------------------------------------------------------------------------------

Timing Report

Startpoint                     Endpoint                       Slack(ns)     
----------------------------------------------------------------------------
old_count_reg[1]/C             fixed_msg_reg[2]/D             5.635         
repeat_access_aligned_msg_reg/C
                               new_leastpos_reg[0]/CE         5.810         
repeat_access_aligned_msg_reg/C
                               new_leastpos_reg[1]/CE         5.810         
repeat_access_aligned_msg_reg/C
                               new_leastpos_reg[3]/CE         5.810         
repeat_access_aligned_msg_reg/C
                               new_leastpos_reg[4]/CE         5.810         
repeat_access_aligned_msg_reg/C
                               new_leastpos_reg[2]/CE         5.819         
repeat_access_aligned_msg_reg/C
                               new_least_llr_reg[3]/CE        5.830         
repeat_access_aligned_msg_reg/C
                               new_least_llr_reg[4]/CE        5.830         
repeat_access_aligned_msg_reg/C
                               new_least_llr_reg[0]/CE        5.843         
repeat_access_aligned_msg_reg/C
                               new_least_llr_reg[1]/CE        5.843         
repeat_access_aligned_msg_reg/C
                               new_least_llr_reg[2]/CE        5.843         
old_count_reg[1]/C             fixed_msg_reg[1]/D             5.855         
repeat_access_aligned_msg_reg/C
                               new_nextleast_llr_reg[3]/D     5.867         
repeat_access_aligned_msg_reg/C
                               new_nextleast_llr_reg[2]/D     5.900         
repeat_access_aligned_msg_reg/C
                               new_nextleast_llr_reg[0]/D     5.949         
old_last_leastpos_reg[3]/C     fixed_msg_reg[0]/D             5.951         
old_last_leastpos_reg[3]/C     fixed_msg_reg[3]/D             5.952         
repeat_access_aligned_msg_reg/C
                               new_nextleast_llr_reg[1]/D     5.961         
repeat_access_aligned_msg_reg/C
                               new_nextleast_llr_reg[0]/CE    6.000         
repeat_access_aligned_msg_reg/C
                               new_nextleast_llr_reg[3]/CE    6.000         
repeat_access_aligned_msg_reg/C
                               new_nextleast_llr_reg[4]/CE    6.048         
repeat_access_aligned_msg_reg/C
                               new_nextleast_llr_reg[2]/CE    6.058         
old_last_leastpos_reg[3]/C     fixed_msg_reg[5]/D             6.089         
repeat_access_aligned_msg_reg/C
                               new_nextleast_llr_reg[4]/D     6.111         
repeat_access_aligned_msg_reg/C
                               new_nextleast_llr_reg[1]/CE    6.151         
repeat_access_aligned_msg_reg/C
                               new_leastpos_reg[0]/D          6.160         
repeat_access_aligned_msg_reg/C
                               new_leastpos_reg[1]/D          6.166         
repeat_access_aligned_msg_reg/C
                               new_leastpos_reg[2]/D          6.459         
repeat_access_aligned_msg_reg/C
                               new_leastpos_reg[4]/D          6.541         
repeat_access_aligned_msg_reg/C
                               new_leastpos_reg[3]/D          6.548         
repeat_access_aligned_msg_reg/C
                               new_least_llr_reg[3]/D         6.562         
repeat_access_aligned_msg_reg/C
                               new_least_llr_reg[4]/D         6.568         
repeat_access_aligned_msg_reg/C
                               new_least_llr_reg[1]/D         6.665         
repeat_access_aligned_msg_reg/C
                               new_least_llr_reg[0]/D         6.669         
repeat_access_aligned_msg_reg/C
                               new_least_llr_reg[2]/D         6.671         
old_count_reg[1]/C             cn_msg_int_reg[5]/D            6.918         
cn_we_aligned_msg_reg/C        new_signs_reg[16]/D            7.268         
cn_we_aligned_msg_reg/C        new_signs_reg[20]/D            7.315         
addr_cn_del_reg[1][3]/C        repeat_access_reg/D            7.374         
cn_we_aligned_msg_reg/C        new_signs_reg[11]/D            7.383         
old_count_reg[2]/C             cn_msg_int_reg[0]/D            7.399         
cn_we_aligned_msg_reg/C        new_signs_reg[21]/D            7.408         
old_count_reg[2]/C             cn_msg_int_reg[1]/D            7.425         
cn_we_aligned_msg_reg/C        new_signs_reg[22]/D            7.457         
cn_we_aligned_msg_reg/C        new_signs_reg[19]/D            7.471         
cn_we_aligned_msg_reg/C        new_signs_reg[14]/D            7.505         
cn_we_aligned_msg_reg/C        new_signs_reg[23]/D            7.513         
old_count_reg[2]/C             cn_msg_int_reg[2]/D            7.531         
cn_we_aligned_msg_reg/C        new_signs_reg[13]/D            7.550         
cn_we_aligned_msg_reg/C        new_signs_reg[1]/D             7.555         
old_count_reg[2]/C             cn_msg_int_reg[3]/D            7.558         
cn_we_aligned_msg_reg/C        new_signs_reg[10]/D            7.578         
cn_we_aligned_msg_reg/C        new_signs_reg[26]/D            7.592         
cn_we_aligned_msg_reg/C        new_signs_reg[24]/D            7.605         
cn_we_aligned_msg_reg/C        new_signs_reg[17]/D            7.617         
cn_we_aligned_msg_reg/C        new_signs_reg[18]/D            7.623         
cn_we_aligned_msg_reg/C        new_signs_reg[0]/D             7.630         
cn_we_aligned_msg_reg/C        new_signs_reg[15]/D            7.633         
cn_we_aligned_msg_reg/C        new_signs_reg[4]/D             7.644         
cn_we_aligned_msg_reg/C        new_signs_reg[6]/D             7.679         
cn_we_aligned_msg_reg/C        new_signs_reg[8]/D             7.680         
cn_we_aligned_msg_reg/C        new_signs_reg[3]/D             7.683         
cn_we_aligned_msg_reg/C        new_signs_reg[12]/D            7.705         
old_count_reg[2]/C             cn_msg_int_reg[4]/D            7.732         
cn_we_aligned_msg_reg/C        new_signs_reg[27]/D            7.744         
cn_we_aligned_msg_reg/C        new_signs_reg[5]/D             7.799         
old_count_del_reg[0]/C         new_signs_reg[25]/D            7.800         
old_count_del_reg[1]/C         new_signs_reg[29]/D            7.817         
cn_we_aligned_msg_reg/C        new_signs_reg[2]/D             7.838         
cn_we_aligned_msg_reg/C        new_signs_reg[9]/D             7.884         
repeat_access_aligned_msg_reg/C
                               new_signs_reg[29]/CE           7.941         
repeat_access_aligned_msg_reg/C
                               new_signs_reg[5]/CE            7.941         
repeat_access_aligned_msg_reg/C
                               new_signs_reg[6]/CE            7.941         
cn_we_aligned_msg_reg/C        new_signs_reg[7]/D             7.969         
repeat_access_aligned_msg_reg/C
                               new_signs_reg[20]/CE           8.034         
repeat_access_aligned_msg_reg/C
                               new_signs_reg[21]/CE           8.034         
repeat_access_aligned_msg_reg/C
                               new_signs_reg[22]/CE           8.034         
repeat_access_aligned_msg_reg/C
                               new_signs_reg[7]/CE            8.034         
repeat_access_aligned_msg_reg/C
                               new_signs_reg[12]/CE           8.065         
repeat_access_aligned_msg_reg/C
                               new_signs_reg[28]/CE           8.065         
repeat_access_aligned_msg_reg/C
                               new_signs_reg[3]/CE            8.065         
old_count_reg[0]/C             old_count_reg[4]/D             8.101         
old_count_del_reg[1]/C         new_signs_reg[28]/D            8.106         
repeat_access_aligned_msg_reg/C
                               new_signs_reg[11]/CE           8.155         
repeat_access_aligned_msg_reg/C
                               new_signs_reg[16]/CE           8.155         
repeat_access_aligned_msg_reg/C
                               new_signs_reg[24]/CE           8.155         
repeat_access_aligned_msg_reg/C
                               new_signs_reg[26]/CE           8.155         
repeat_access_aligned_msg_reg/C
                               new_signs_reg[13]/CE           8.159         
repeat_access_aligned_msg_reg/C
                               new_signs_reg[14]/CE           8.159         
repeat_access_aligned_msg_reg/C
                               new_signs_reg[15]/CE           8.159         
repeat_access_aligned_msg_reg/C
                               new_signs_reg[23]/CE           8.159         
start_over_aligned_msg_reg/C   new_sign_result_reg/D          8.200         
old_count_del_reg[0]/C         new_count_reg[1]/D             8.200         
old_count_reg[0]/C             old_count_reg[3]/D             8.231         
repeat_access_aligned_msg_reg/C
                               new_signs_reg[17]/CE           8.254         
repeat_access_aligned_msg_reg/C
                               new_signs_reg[18]/CE           8.254         
repeat_access_aligned_msg_reg/C
                               new_signs_reg[19]/CE           8.254         
repeat_access_aligned_msg_reg/C
                               new_signs_reg[25]/CE           8.254         
repeat_access_aligned_msg_reg/C
                               new_signs_reg[1]/CE            8.260         
repeat_access_aligned_msg_reg/C
                               new_signs_reg[2]/CE            8.260         



