Copyright 1986-2018 Xilinx, Inc. All Rights Reserved.
--------------------------------------------------------------------------------------------------------------------------------------------------------------
| Tool Version     : Vivado v.2018.3 (lin64) Build 2405991 Thu Dec  6 23:36:41 MST 2018
| Date             : Tue Jan 11 21:32:36 2022
| Host             : koopa.ece.utexas.edu running 64-bit CentOS Linux release 7.9.2009 (Core)
| Command          : report_power -file /misc/scratch/zwei1/reports_Jan12/raw_designs/opencores/arithmetic/ecg_submodules/func11/post_synth_power.rpt
| Design           : func11
| Device           : xc7z020clg484-3
| Design State     : synthesized
| Grade            : extended
| Process          : typical
| Characterization : Production
--------------------------------------------------------------------------------------------------------------------------------------------------------------

Power Report

Table of Contents
-----------------
1. Summary
1.1 On-Chip Components
1.2 Power Supply Summary
1.3 Confidence Level
2. Settings
2.1 Environment
2.2 Clock Constraints
3. Detailed Reports
3.1 By Hierarchy

1. Summary
----------

+--------------------------+--------------+
| Total On-Chip Power (mW) | 143.009      |
| Design Power Budget (mW) | Unspecified* |
| Power Budget Margin (mW) | NA           |
| Dynamic (mW)             | 39.866       |
| Device Static (mW)       | 103.143      |
| Effective TJA (C/W)      | 11.5         |
| Max Ambient (C)          | 98.4         |
| Junction Temperature (C) | 26.6         |
| Confidence Level         | Medium       |
| Setting File             | ---          |
| Simulation Activity File | ---          |
| Design Nets Matched      | NA           |
+--------------------------+--------------+
* Specify Design Power Budget using, set_operating_conditions -design_power_budget <value in Watts>


1.1 On-Chip Components
----------------------

+----------------+------------+----------+-----------+-----------------+
| On-Chip        | Power (mW) | Used     | Available | Utilization (%) |
+----------------+------------+----------+-----------+-----------------+
| Clocks         |    18.237  |        3 |       --- |             --- |
| Slice Logic    |    11.129  |     8268 |       --- |             --- |
|   LUT as Logic |    10.551  |     3760 |     53200 |            7.07 |
|   Register     |     0.578  |     3393 |    106400 |            3.19 |
|   Others       |     0.000  |        9 |       --- |             --- |
| Signals        |    10.499  |     7301 |       --- |             --- |
| Static Power   |   103.143  |          |           |                 |
| Total          |   143.009  |          |           |                 |
+----------------+------------+----------+-----------+-----------------+


1.2 Power Supply Summary
------------------------

+-----------+-------------+-----------+-------------+------------+
| Source    | Voltage (V) | Total (A) | Dynamic (A) | Static (A) |
+-----------+-------------+-----------+-------------+------------+
| Vccint    |       1.000 |     0.047 |       0.040 |      0.008 |
| Vccaux    |       1.800 |     0.010 |       0.000 |      0.010 |
| Vcco33    |       3.300 |     0.000 |       0.000 |      0.000 |
| Vcco25    |       2.500 |     0.000 |       0.000 |      0.000 |
| Vcco18    |       1.800 |     0.000 |       0.000 |      0.000 |
| Vcco15    |       1.500 |     0.000 |       0.000 |      0.000 |
| Vcco135   |       1.350 |     0.000 |       0.000 |      0.000 |
| Vcco12    |       1.200 |     0.000 |       0.000 |      0.000 |
| Vccaux_io |       1.800 |     0.000 |       0.000 |      0.000 |
| Vccbram   |       1.000 |     0.000 |       0.000 |      0.000 |
| MGTAVcc   |       1.000 |     0.000 |       0.000 |      0.000 |
| MGTAVtt   |       1.200 |     0.000 |       0.000 |      0.000 |
| MGTVccaux |       1.800 |     0.000 |       0.000 |      0.000 |
| Vccpint   |       1.000 |     0.017 |       0.000 |      0.017 |
| Vccpaux   |       1.800 |     0.010 |       0.000 |      0.010 |
| Vccpll    |       1.800 |     0.003 |       0.000 |      0.003 |
| Vcco_ddr  |       1.500 |     0.000 |       0.000 |      0.000 |
| Vcco_mio0 |       1.800 |     0.000 |       0.000 |      0.000 |
| Vcco_mio1 |       1.800 |     0.000 |       0.000 |      0.000 |
| Vccadc    |       1.800 |     0.020 |       0.000 |      0.020 |
+-----------+-------------+-----------+-------------+------------+


1.3 Confidence Level
--------------------

+-----------------------------+------------+------------------------------------------------+------------------------------------------------------------------------------------------------------------+
| User Input Data             | Confidence | Details                                        | Action                                                                                                     |
+-----------------------------+------------+------------------------------------------------+------------------------------------------------------------------------------------------------------------+
| Design implementation state | Low        | Design is synthesized                          | Accuracy of the tool is not optimal until design is fully placed and routed                                |
| Clock nodes activity        | High       | User specified more than 95% of clocks         |                                                                                                            |
| I/O nodes activity          | High       | User specified more than 95% of inputs         |                                                                                                            |
| Internal nodes activity     | Medium     | User specified less than 25% of internal nodes | Provide missing internal nodes activity with simulation results or by editing the "By Resource Type" views |
| Device models               | High       | Device models are Production                   |                                                                                                            |
|                             |            |                                                |                                                                                                            |
| Overall confidence level    | Medium     |                                                |                                                                                                            |
+-----------------------------+------------+------------------------------------------------+------------------------------------------------------------------------------------------------------------+


2. Settings
-----------

2.1 Environment
---------------

+-----------------------+------------------------+
| Ambient Temp (C)      | 25.0                   |
| ThetaJA (C/W)         | 11.5                   |
| Airflow (LFM)         | 250                    |
| Heat Sink             | none                   |
| ThetaSA (C/W)         | 0.0                    |
| Board Selection       | medium (10"x10")       |
| # of Board Layers     | 8to11 (8 to 11 Layers) |
| Board Temperature (C) | 25.0                   |
+-----------------------+------------------------+


2.2 Clock Constraints
---------------------

+-------+--------+-----------------+
| Clock | Domain | Constraint (ns) |
+-------+--------+-----------------+
| clk   | clk    |            10.0 |
+-------+--------+-----------------+


3. Detailed Reports
-------------------

3.1 By Hierarchy
----------------

+---------------+------------+
| Name          | Power (mW) |
+---------------+------------+
| func11        |    39.866  |
|   ins11       |     0.011  |
|   ins12       |     0.011  |
|   ins2        |     0.886  |
|     aa[0].aa  |     0.016  |
|     aa[10].aa |     0.009  |
|     aa[11].aa |     0.009  |
|     aa[12].aa |     0.017  |
|     aa[13].aa |     0.017  |
|     aa[14].aa |     0.009  |
|     aa[15].aa |     0.009  |
|     aa[16].aa |     0.009  |
|     aa[17].aa |     0.009  |
|     aa[18].aa |     0.009  |
|     aa[19].aa |     0.009  |
|     aa[1].aa  |     0.009  |
|     aa[20].aa |     0.009  |
|     aa[21].aa |     0.009  |
|     aa[22].aa |     0.009  |
|     aa[23].aa |     0.009  |
|     aa[24].aa |     0.009  |
|     aa[25].aa |     0.009  |
|     aa[26].aa |     0.009  |
|     aa[27].aa |     0.009  |
|     aa[28].aa |     0.009  |
|     aa[29].aa |     0.009  |
|     aa[2].aa  |     0.009  |
|     aa[30].aa |     0.009  |
|     aa[31].aa |     0.009  |
|     aa[32].aa |     0.009  |
|     aa[33].aa |     0.009  |
|     aa[34].aa |     0.009  |
|     aa[35].aa |     0.009  |
|     aa[36].aa |     0.009  |
|     aa[37].aa |     0.009  |
|     aa[38].aa |     0.009  |
|     aa[39].aa |     0.009  |
|     aa[3].aa  |     0.009  |
|     aa[40].aa |     0.009  |
|     aa[41].aa |     0.009  |
|     aa[42].aa |     0.009  |
|     aa[43].aa |     0.009  |
|     aa[44].aa |     0.009  |
|     aa[45].aa |     0.009  |
|     aa[46].aa |     0.009  |
|     aa[47].aa |     0.009  |
|     aa[48].aa |     0.009  |
|     aa[49].aa |     0.009  |
|     aa[4].aa  |     0.009  |
|     aa[50].aa |     0.009  |
|     aa[51].aa |     0.009  |
|     aa[52].aa |     0.009  |
|     aa[53].aa |     0.009  |
|     aa[54].aa |     0.009  |
|     aa[55].aa |     0.009  |
|     aa[56].aa |     0.009  |
|     aa[57].aa |     0.009  |
|     aa[58].aa |     0.009  |
|     aa[59].aa |     0.009  |
|     aa[5].aa  |     0.009  |
|     aa[60].aa |     0.009  |
|     aa[61].aa |     0.009  |
|     aa[62].aa |     0.009  |
|     aa[63].aa |     0.009  |
|     aa[64].aa |     0.009  |
|     aa[65].aa |     0.009  |
|     aa[66].aa |     0.009  |
|     aa[67].aa |     0.009  |
|     aa[68].aa |     0.009  |
|     aa[69].aa |     0.009  |
|     aa[6].aa  |     0.009  |
|     aa[70].aa |     0.009  |
|     aa[71].aa |     0.009  |
|     aa[72].aa |     0.009  |
|     aa[73].aa |     0.009  |
|     aa[74].aa |     0.009  |
|     aa[75].aa |     0.009  |
|     aa[76].aa |     0.009  |
|     aa[77].aa |     0.009  |
|     aa[78].aa |     0.009  |
|     aa[79].aa |     0.009  |
|     aa[7].aa  |     0.009  |
|     aa[80].aa |     0.009  |
|     aa[81].aa |     0.009  |
|     aa[82].aa |     0.009  |
|     aa[83].aa |     0.009  |
|     aa[84].aa |     0.009  |
|     aa[85].aa |     0.009  |
|     aa[86].aa |     0.009  |
|     aa[87].aa |     0.009  |
|     aa[88].aa |     0.009  |
|     aa[89].aa |     0.009  |
|     aa[8].aa  |     0.009  |
|     aa[90].aa |     0.009  |
|     aa[91].aa |     0.009  |
|     aa[92].aa |     0.009  |
|     aa[93].aa |     0.009  |
|     aa[94].aa |     0.009  |
|     aa[95].aa |     0.009  |
|     aa[96].aa |     0.009  |
|     aa[9].aa  |     0.009  |
|   ins3        |    22.201  |
|   ins4        |     8.653  |
|   ins5        |     5.992  |
+---------------+------------+


