Copyright 1986-2018 Xilinx, Inc. All Rights Reserved.
----------------------------------------------------------------------------------------------------------------------------------------------------------------------------------------------------------------------------
| Tool Version : Vivado v.2018.3 (lin64) Build 2405991 Thu Dec  6 23:36:41 MST 2018
| Date         : Thu Jan 13 17:38:25 2022
| Host         : koopa.ece.utexas.edu running 64-bit CentOS Linux release 7.9.2009 (Core)
| Command      : report_timing -sort_by group -max_paths 100 -path_type summary -file /misc/scratch/zwei1/reports_Jan12/raw_designs/vtr_designs/verilog/stereovision1_submodules/wrapper_norm_corr_20/post_route_timing.rpt
| Design       : wrapper_norm_corr_20
| Device       : 7z020-clg484
| Speed File   : -3  PRODUCTION 1.11 2014-09-11
----------------------------------------------------------------------------------------------------------------------------------------------------------------------------------------------------------------------------

Timing Report

Startpoint                     Endpoint                       Slack(ns)     
----------------------------------------------------------------------------
corr_20_inst/inst_sh_reg_r_1/dout_2_reg[4]/C
                               corr_20_inst/inst_corr_17/limxrim_reg_reg[15]/D
                                                              2.402         
corr_20_inst/inst_sh_reg_r_1/dout_2_reg[4]/C
                               corr_20_inst/inst_corr_17/limxrim_reg_reg[14]/D
                                                              2.591         
corr_20_inst/inst_sh_reg_r_1/dout_2_reg[4]/C
                               corr_20_inst/inst_corr_17/limxrim_reg_reg[13]/D
                                                              2.669         
corr_20_inst/inst_sh_reg_r_1/dout_2_reg[4]/C
                               corr_20_inst/inst_corr_17/limxrim_reg_reg[12]/D
                                                              3.058         
corr_20_inst/inst_sh_reg_r_1/dout_1_reg[1]/C
                               corr_20_inst/inst_corr_17/lrexrre_reg_reg[15]/D
                                                              3.068         
corr_20_inst/inst_sh_reg_r_1/dout_1_reg[1]/C
                               corr_20_inst/inst_corr_17/lrexrre_reg_reg[14]/D
                                                              3.082         
corr_20_inst/inst_sh_reg_r_1/dout_2_reg[4]_rep/C
                               corr_20_inst/inst_corr_12/limxrim_reg_reg[15]/D
                                                              3.083         
corr_20_inst/inst_sh_reg_r_1/dout_1_reg[1]/C
                               corr_20_inst/inst_corr_17/lrexrre_reg_reg[12]/D
                                                              3.086         
corr_20_inst/inst_sh_reg_r_1/dout_2_reg[5]_rep__0/C
                               corr_20_inst/inst_corr_0/limxrim_reg_reg[15]/D
                                                              3.094         
corr_20_inst/inst_sh_reg_r_1/dout_1_reg[1]_rep/C
                               corr_20_inst/inst_corr_12/lrexrre_reg_reg[15]/D
                                                              3.110         
corr_20_inst/inst_sh_reg_r_1/dout_1_reg[1]_rep/C
                               corr_20_inst/inst_corr_12/lrexrre_reg_reg[14]/D
                                                              3.122         
corr_20_inst/inst_sh_reg_r_1/dout_2_reg[4]/C
                               corr_20_inst/inst_corr_17/limxrim_reg_reg[11]/D
                                                              3.124         
corr_20_inst/inst_sh_reg_r_1/dout_1_reg[1]/C
                               corr_20_inst/inst_corr_17/lrexrre_reg_reg[13]/D
                                                              3.135         
corr_20_inst/inst_sh_reg_r_1/dout_1_reg[1]_rep/C
                               corr_20_inst/inst_corr_12/lrexrre_reg_reg[12]/D
                                                              3.136         
corr_20_inst/inst_sh_reg_r_1/dout_1_reg[1]/C
                               corr_20_inst/inst_corr_17/lrexrre_reg_reg[11]/D
                                                              3.157         
corr_20_inst/inst_sh_reg_r_1/dout_1_reg[1]_rep/C
                               corr_20_inst/inst_corr_12/lrexrre_reg_reg[13]/D
                                                              3.179         
corr_20_inst/inst_sh_reg_r_1/dout_2_reg[4]_rep/C
                               corr_20_inst/inst_corr_12/limxrim_reg_reg[14]/D
                                                              3.185         
corr_20_inst/inst_sh_reg_r_1/dout_2_reg[5]_rep__0/C
                               corr_20_inst/inst_corr_0/limxrim_reg_reg[14]/D
                                                              3.196         
corr_20_inst/inst_sh_reg_r_1/dout_1_reg[1]_rep/C
                               corr_20_inst/inst_corr_12/lrexrre_reg_reg[11]/D
                                                              3.202         
corr_20_inst/inst_sh_reg_r_1/dout_2_reg[4]/C
                               corr_20_inst/inst_corr_17/limxrim_reg_reg[10]/D
                                                              3.216         
corr_20_inst/inst_sh_reg_r_1/dout_2_reg[4]_rep/C
                               corr_20_inst/inst_corr_12/limxrim_reg_reg[13]/D
                                                              3.230         
corr_20_inst/inst_sh_reg_r_1/dout_2_reg[5]_rep__0/C
                               corr_20_inst/inst_corr_0/limxrim_reg_reg[13]/D
                                                              3.241         
corr_20_inst/inst_sh_reg_r_1/dout_1_reg[1]/C
                               corr_20_inst/inst_corr_17/lrexrre_reg_reg[10]/D
                                                              3.249         
corr_20_inst/inst_sh_reg_r_1/dout_1_reg[3]/C
                               corr_20_inst/inst_corr_15/lrexrre_reg_reg[15]/D
                                                              3.252         
corr_20_inst/inst_sh_reg_r_1/dout_2_reg[4]/C
                               corr_20_inst/inst_corr_17/limxrim_reg_reg[9]/D
                                                              3.261         
corr_20_inst/inst_sh_reg_r_1/dout_1_reg[3]/C
                               corr_20_inst/inst_corr_15/lrexrre_reg_reg[14]/D
                                                              3.266         
corr_20_inst/inst_sh_reg_r_1/dout_1_reg[2]/C
                               corr_20_inst/inst_corr_16/lrexrre_reg_reg[15]/D
                                                              3.270         
corr_20_inst/inst_sh_reg_r_1/dout_1_reg[3]/C
                               corr_20_inst/inst_corr_15/lrexrre_reg_reg[12]/D
                                                              3.270         
corr_20_inst/inst_sh_reg_r_1/dout_2_reg[4]/C
                               corr_20_inst/inst_corr_16/limxrim_reg_reg[15]/D
                                                              3.288         
corr_20_inst/inst_sh_reg_r_1/dout_1_reg[1]/C
                               corr_20_inst/inst_corr_17/lrexrre_reg_reg[9]/D
                                                              3.295         
corr_20_inst/inst_sh_reg_r_1/dout_2_reg[4]_rep/C
                               corr_20_inst/inst_corr_12/limxrim_reg_reg[12]/D
                                                              3.299         
corr_20_inst/inst_sh_reg_r_1/dout_1_reg[3]/C
                               corr_20_inst/inst_corr_15/lrexrre_reg_reg[13]/D
                                                              3.319         
corr_20_inst/inst_sh_reg_r_1/dout_2_reg[4]/C
                               corr_20_inst/inst_corr_14/limxrim_reg_reg[15]/D
                                                              3.321         
corr_20_inst/inst_sh_reg_r_1/dout_2_reg[4]/C
                               corr_20_inst/inst_corr_16/limxrim_reg_reg[14]/D
                                                              3.333         
corr_20_inst/inst_sh_reg_r_1/dout_2_reg[3]/C
                               corr_20_inst/inst_corr_13/limxrim_reg_reg[15]/D
                                                              3.336         
corr_20_inst/inst_sh_reg_r_1/dout_1_reg[3]/C
                               corr_20_inst/inst_corr_15/lrexrre_reg_reg[11]/D
                                                              3.341         
corr_20_inst/inst_sh_reg_r_1/dout_2_reg[5]_rep__0/C
                               corr_20_inst/inst_corr_0/limxrim_reg_reg[12]/D
                                                              3.345         
corr_20_inst/inst_sh_reg_r_1/dout_2_reg[4]/C
                               corr_20_inst/inst_corr_16/limxrim_reg_reg[12]/D
                                                              3.347         
corr_20_inst/inst_sh_reg_r_1/dout_2_reg[4]_rep/C
                               corr_20_inst/inst_corr_11/limxrim_reg_reg[15]/D
                                                              3.362         
corr_20_inst/inst_sh_reg_r_1/dout_2_reg[4]_rep/C
                               corr_20_inst/inst_corr_12/limxrim_reg_reg[11]/D
                                                              3.370         
corr_20_inst/inst_sh_reg_r_1/dout_1_reg[2]/C
                               corr_20_inst/inst_corr_16/lrexrre_reg_reg[14]/D
                                                              3.372         
corr_20_inst/inst_sh_reg_r_1/dout_2_reg[3]_rep/C
                               corr_20_inst/inst_corr_11/limxrim_reg_reg[14]/D
                                                              3.385         
corr_20_inst/inst_sh_reg_r_1/dout_2_reg[4]/C
                               corr_20_inst/inst_corr_15/limxrim_reg_reg[15]/D
                                                              3.385         
corr_20_inst/inst_sh_reg_r_1/dout_2_reg[3]_rep/C
                               corr_20_inst/inst_corr_11/limxrim_reg_reg[12]/D
                                                              3.389         
corr_20_inst/inst_sh_reg_r_1/dout_2_reg[4]/C
                               corr_20_inst/inst_corr_16/limxrim_reg_reg[13]/D
                                                              3.390         
corr_20_inst/inst_sh_reg_r_1/dout_1_reg[2]/C
                               corr_20_inst/inst_corr_16/lrexrre_reg_reg[12]/D
                                                              3.395         
corr_20_inst/inst_sh_reg_r_1/dout_2_reg[4]/C
                               corr_20_inst/inst_corr_15/limxrim_reg_reg[14]/D
                                                              3.399         
corr_20_inst/inst_sh_reg_r_1/dout_2_reg[4]/C
                               corr_20_inst/inst_corr_15/limxrim_reg_reg[12]/D
                                                              3.403         
corr_20_inst/inst_sh_reg_r_1/dout_2_reg[4]/C
                               corr_20_inst/inst_corr_16/limxrim_reg_reg[11]/D
                                                              3.413         
corr_20_inst/inst_sh_reg_r_1/dout_1_reg[2]/C
                               corr_20_inst/inst_corr_16/lrexrre_reg_reg[13]/D
                                                              3.417         
corr_20_inst/inst_sh_reg_r_1/dout_2_reg[4]/C
                               corr_20_inst/inst_corr_14/limxrim_reg_reg[14]/D
                                                              3.423         
corr_20_inst/inst_sh_reg_r_1/dout_2_reg[0]_rep__0/C
                               corr_20_inst/inst_corr_0/limxrim_reg_reg[11]/D
                                                              3.425         
corr_20_inst/inst_sh_reg_r_1/dout_1_reg[3]/C
                               corr_20_inst/inst_corr_15/lrexrre_reg_reg[10]/D
                                                              3.433         
corr_20_inst/inst_sh_reg_r_1/dout_2_reg[3]_rep/C
                               corr_20_inst/inst_corr_11/limxrim_reg_reg[13]/D
                                                              3.438         
corr_20_inst/inst_sh_reg_r_1/dout_2_reg[4]/C
                               corr_20_inst/inst_corr_15/limxrim_reg_reg[13]/D
                                                              3.452         
corr_20_inst/inst_sh_reg_r_1/dout_2_reg[3]_rep/C
                               corr_20_inst/inst_corr_11/limxrim_reg_reg[11]/D
                                                              3.460         
corr_20_inst/inst_sh_reg_r_1/dout_1_reg[2]/C
                               corr_20_inst/inst_corr_16/lrexrre_reg_reg[11]/D
                                                              3.466         
corr_20_inst/inst_sh_reg_r_1/dout_2_reg[4]/C
                               corr_20_inst/inst_corr_14/limxrim_reg_reg[13]/D
                                                              3.468         
corr_20_inst/inst_sh_reg_r_1/dout_2_reg[4]/C
                               corr_20_inst/inst_corr_15/limxrim_reg_reg[11]/D
                                                              3.474         
corr_20_inst/inst_sh_reg_r_1/dout_1_reg[3]/C
                               corr_20_inst/inst_corr_15/lrexrre_reg_reg[9]/D
                                                              3.479         
corr_20_inst/inst_sh_reg_r_1/dout_1_reg[2]_rep__0/C
                               corr_20_inst/inst_corr_0/lrexrre_reg_reg[15]/D
                                                              3.481         
corr_20_inst/inst_sh_reg_r_1/dout_2_reg[3]_rep/C
                               corr_20_inst/inst_corr_6/limxrim_reg_reg[15]/D
                                                              3.486         
corr_20_inst/inst_sh_reg_r_1/dout_1_reg[3]_rep/C
                               corr_20_inst/inst_corr_11/lrexrre_reg_reg[15]/D
                                                              3.488         
corr_20_inst/inst_sh_reg_r_1/dout_1_reg[2]_rep__0/C
                               corr_20_inst/inst_corr_0/lrexrre_reg_reg[14]/D
                                                              3.495         
corr_20_inst/inst_sh_reg_r_1/dout_2_reg[4]_rep/C
                               corr_20_inst/inst_corr_12/limxrim_reg_reg[10]/D
                                                              3.498         
corr_20_inst/inst_sh_reg_r_1/dout_1_reg[2]_rep__0/C
                               corr_20_inst/inst_corr_0/lrexrre_reg_reg[12]/D
                                                              3.499         
corr_20_inst/inst_sh_reg_r_1/dout_2_reg[4]/C
                               corr_20_inst/inst_corr_16/limxrim_reg_reg[10]/D
                                                              3.505         
corr_20_inst/inst_sh_reg_r_1/dout_2_reg[3]/C
                               corr_20_inst/inst_corr_13/limxrim_reg_reg[14]/D
                                                              3.529         
corr_20_inst/inst_sh_reg_r_1/dout_1_reg[5]_rep__0/C
                               corr_20_inst/inst_corr_2/lrexrre_reg_reg[15]/D
                                                              3.541         
corr_20_inst/inst_sh_reg_r_1/dout_1_reg[2]_rep__0/C
                               corr_20_inst/inst_corr_0/lrexrre_reg_reg[13]/D
                                                              3.548         
corr_20_inst/inst_sh_reg_r_1/dout_2_reg[4]/C
                               corr_20_inst/inst_corr_16/limxrim_reg_reg[9]/D
                                                              3.550         
corr_20_inst/inst_sh_reg_r_1/dout_2_reg[4]_rep/C
                               corr_20_inst/inst_corr_12/limxrim_reg_reg[9]/D
                                                              3.551         
corr_20_inst/inst_sh_reg_r_1/dout_2_reg[3]_rep/C
                               corr_20_inst/inst_corr_11/limxrim_reg_reg[10]/D
                                                              3.552         
corr_20_inst/inst_sh_reg_r_1/dout_1_reg[5]_rep__0/C
                               corr_20_inst/inst_corr_2/lrexrre_reg_reg[14]/D
                                                              3.563         
corr_20_inst/inst_sh_reg_r_1/dout_2_reg[4]/C
                               corr_20_inst/inst_corr_15/limxrim_reg_reg[10]/D
                                                              3.566         
corr_20_inst/inst_sh_reg_r_1/dout_2_reg[3]_rep/C
                               corr_20_inst/inst_corr_6/limxrim_reg_reg[14]/D
                                                              3.568         
corr_20_inst/inst_sh_reg_r_1/dout_1_reg[2]_rep__0/C
                               corr_20_inst/inst_corr_0/lrexrre_reg_reg[11]/D
                                                              3.570         
corr_20_inst/inst_sh_reg_r_1/dout_2_reg[4]/C
                               corr_20_inst/inst_corr_14/limxrim_reg_reg[12]/D
                                                              3.572         
corr_20_inst/inst_sh_reg_r_1/dout_1_reg[5]_rep/C
                               corr_20_inst/inst_corr_6/lrexrre_reg_reg[15]/D
                                                              3.574         
corr_20_inst/inst_sh_reg_r_1/dout_1_reg[5]_rep__0/C
                               corr_20_inst/inst_corr_2/lrexrre_reg_reg[12]/D
                                                              3.577         
corr_20_inst/inst_sh_reg_r_1/dout_1_reg[3]_rep/C
                               corr_20_inst/inst_corr_11/lrexrre_reg_reg[14]/D
                                                              3.590         
corr_20_inst/inst_sh_reg_r_1/dout_1_reg[1]/C
                               corr_20_inst/inst_corr_18/lrexrre_reg_reg[15]/D
                                                              3.593         
corr_20_inst/inst_sh_reg_r_1/dout_1_reg[2]/C
                               corr_20_inst/inst_corr_16/lrexrre_reg_reg[10]/D
                                                              3.594         
corr_20_inst/inst_sh_reg_r_1/dout_2_reg[3]_rep/C
                               corr_20_inst/inst_corr_11/limxrim_reg_reg[9]/D
                                                              3.598         
corr_20_inst/inst_sh_reg_r_1/dout_2_reg[3]/C
                               corr_20_inst/inst_corr_13/limxrim_reg_reg[13]/D
                                                              3.607         
corr_20_inst/inst_sh_reg_r_1/dout_2_reg[4]/C
                               corr_20_inst/inst_corr_15/limxrim_reg_reg[9]/D
                                                              3.612         
corr_20_inst/inst_sh_reg_r_1/dout_2_reg[3]_rep/C
                               corr_20_inst/inst_corr_6/limxrim_reg_reg[13]/D
                                                              3.616         
corr_20_inst/inst_sh_reg_r_1/dout_1_reg[5]_rep__0/C
                               corr_20_inst/inst_corr_2/lrexrre_reg_reg[13]/D
                                                              3.620         
corr_20_inst/inst_sh_reg_r_1/dout_1_reg[1]_rep/C
                               corr_20_inst/inst_corr_12/lrexrre_reg_reg[10]/D
                                                              3.633         
corr_20_inst/inst_sh_reg_r_1/dout_1_reg[3]_rep/C
                               corr_20_inst/inst_corr_11/lrexrre_reg_reg[13]/D
                                                              3.635         
corr_20_inst/inst_sh_reg_r_1/dout_1_reg[1]_rep/C
                               corr_20_inst/inst_corr_6/lrexrre_reg_reg[14]/D
                                                              3.639         
corr_20_inst/inst_sh_reg_r_1/dout_1_reg[1]/C
                               corr_20_inst/inst_corr_18/lrexrre_reg_reg[14]/D
                                                              3.641         
corr_20_inst/inst_sh_reg_r_1/dout_1_reg[5]_rep__0/C
                               corr_20_inst/inst_corr_2/lrexrre_reg_reg[11]/D
                                                              3.643         
corr_20_inst/inst_sh_reg_r_1/dout_1_reg[1]/C
                               corr_20_inst/inst_corr_18/lrexrre_reg_reg[12]/D
                                                              3.645         
corr_20_inst/inst_sh_reg_r_1/dout_1_reg[1]_rep/C
                               corr_20_inst/inst_corr_6/lrexrre_reg_reg[12]/D
                                                              3.653         
corr_20_inst/inst_sh_reg_r_1/dout_2_reg[4]_rep/C
                               corr_20_inst/inst_corr_9/limxrim_reg_reg[15]/D
                                                              3.654         
corr_20_inst/inst_sh_reg_r_1/dout_1_reg[2]_rep__0/C
                               corr_20_inst/inst_corr_0/lrexrre_reg_reg[10]/D
                                                              3.662         
corr_20_inst/inst_sh_reg_r_1/dout_1_reg[1]_rep/C
                               corr_20_inst/inst_corr_11/lrexrre_reg_reg[12]/D
                                                              3.665         
corr_20_inst/inst_sh_reg_r_1/dout_2_reg[4]_rep/C
                               corr_20_inst/inst_corr_9/limxrim_reg_reg[14]/D
                                                              3.666         
corr_20_inst/inst_sh_reg_r_1/dout_1_reg[2]/C
                               corr_20_inst/inst_corr_16/lrexrre_reg_reg[9]/D
                                                              3.676         



