Copyright 1986-2018 Xilinx, Inc. All Rights Reserved.
---------------------------------------------------------------------------------------------------------------------------------------------------------------------------------------------------------
| Tool Version : Vivado v.2018.3 (lin64) Build 2405991 Thu Dec  6 23:36:41 MST 2018
| Date         : Wed Jan 12 21:50:03 2022
| Host         : koopa.ece.utexas.edu running 64-bit CentOS Linux release 7.9.2009 (Core)
| Command      : report_timing -sort_by group -max_paths 100 -path_type summary -file /misc/scratch/zwei1/reports_Jan12/raw_designs/vtr_designs/verilog/LU64PEEng_submodules/rfifo/post_route_timing.rpt
| Design       : rfifo
| Device       : 7z020-clg484
| Speed File   : -3  PRODUCTION 1.11 2014-09-11
---------------------------------------------------------------------------------------------------------------------------------------------------------------------------------------------------------

Timing Report

Startpoint                     Endpoint                       Slack(ns)     
----------------------------------------------------------------------------
ram_addr/ram_reg_1/CLKARDCLK   q_reg[1265]/D                  5.174         
ram_addr/ram_reg_1/CLKARDCLK   q_reg[1009]/D                  5.265         
ram_addr/ram_reg_1/CLKARDCLK   q_reg[1201]/D                  5.291         
ram_addr/ram_reg_1/CLKARDCLK   q_reg[1649]/D                  5.312         
ram_addr/ram_reg_1/CLKARDCLK   q_reg[1846]/D                  5.383         
ram_addr/ram_reg_1/CLKARDCLK   q_reg[1777]/D                  5.389         
ram_addr/ram_reg_1/CLKARDCLK   q_reg[1841]/D                  5.468         
ram_addr/ram_reg_1/CLKARDCLK   q_reg[881]/D                   5.489         
ram_addr/ram_reg_1/CLKARDCLK   q_reg[1526]/D                  5.502         
ram_addr/ram_reg_1/CLKARDCLK   q_reg[753]/D                   5.506         
ram_addr/ram_reg_1/CLKARDCLK   q_reg[369]/D                   5.601         
ram_addr/ram_reg_1/CLKARDCLK   q_reg[113]/D                   5.634         
ram_addr/ram_reg_1/CLKARDCLK   q_reg[1455]/D                  5.677         
ram_addr/ram_reg_1/CLKARDCLK   q_reg[1084]/D                  5.705         
ram_addr/ram_reg_1/CLKARDCLK   q_reg[689]/D                   5.716         
ram_addr/ram_reg_1/CLKARDCLK   q_reg[53]/D                    5.721         
ram_addr/ram_reg_0/CLKARDCLK   q_reg[1794]/D                  5.743         
ram_addr/ram_reg_0/CLKARDCLK   q_reg[1415]/D                  5.744         
ram_addr/ram_reg_1/CLKARDCLK   q_reg[1782]/D                  5.775         
ram_addr/ram_reg_0/CLKARDCLK   q_reg[1799]/D                  5.787         
ram_addr/ram_reg_0/CLKARDCLK   q_reg[74]/D                    5.796         
ram_addr/ram_reg_1/CLKARDCLK   q_reg[1852]/D                  5.798         
ram_addr/ram_reg_0/CLKARDCLK   q_reg[2006]/D                  5.820         
ram_addr/ram_reg_0/CLKARDCLK   q_reg[1494]/D                  5.829         
ram_addr/ram_reg_1/CLKARDCLK   q_reg[1710]/D                  5.837         
ram_addr/ram_reg_0/CLKARDCLK   q_reg[393]/D                   5.839         
ram_addr/ram_reg_1/CLKARDCLK   q_reg[1521]/D                  5.842         
ram_addr/ram_reg_1/CLKARDCLK   q_reg[1073]/D                  5.844         
ram_addr/ram_reg_1/CLKARDCLK   q_reg[1585]/D                  5.854         
ram_addr/ram_reg_1/CLKARDCLK   q_reg[1137]/D                  5.859         
ram_addr/ram_reg_1/CLKARDCLK   q_reg[1713]/D                  5.863         
ram_addr/ram_reg_1/CLKARDCLK   q_reg[2033]/D                  5.891         
ram_addr/ram_reg_1/CLKARDCLK   q_reg[46]/D                    5.904         
ram_addr/ram_reg_1/CLKARDCLK   q_reg[559]/D                   5.912         
ram_addr/ram_reg_0/CLKARDCLK   q_reg[1232]/D                  5.915         
ram_addr/ram_reg_1/CLKARDCLK   q_reg[1469]/D                  5.917         
ram_addr/ram_reg_0/CLKARDCLK   q_reg[714]/D                   5.917         
ram_addr/ram_reg_1/CLKARDCLK   q_reg[764]/D                   5.923         
ram_addr/ram_reg_0/CLKARDCLK   q_reg[333]/D                   5.930         
ram_addr/ram_reg_1/CLKARDCLK   q_reg[1589]/D                  5.932         
ram_addr/ram_reg_0/CLKARDCLK   q_reg[1748]/D                  5.934         
ram_addr/ram_reg_1/CLKARDCLK   q_reg[1333]/D                  5.943         
ram_addr/ram_reg_0/CLKARDCLK   q_reg[266]/D                   5.956         
ram_addr/ram_reg_0/CLKARDCLK   q_reg[1602]/D                  5.957         
ram_addr/ram_reg_0/CLKARDCLK   q_reg[355]/D                   5.961         
ram_addr/ram_reg_1/CLKARDCLK   q_reg[572]/D                   5.962         
ram_addr/ram_reg_0/CLKARDCLK   q_reg[1044]/D                  5.965         
ram_addr/ram_reg_1/CLKARDCLK   q_reg[241]/D                   5.966         
ram_addr/ram_reg_0/CLKARDCLK   q_reg[214]/D                   5.967         
ram_addr/ram_reg_1/CLKARDCLK   q_reg[255]/D                   5.972         
ram_addr/ram_reg_0/CLKARDCLK   q_reg[1479]/D                  5.977         
ram_addr/ram_reg_0/CLKARDCLK   q_reg[1154]/D                  5.978         
ram_addr/ram_reg_0/CLKARDCLK   q_reg[1863]/D                  5.995         
ram_addr/ram_reg_1/CLKARDCLK   q_reg[182]/D                   5.995         
ram_addr/ram_reg_0/CLKARDCLK   q_reg[322]/D                   5.995         
ram_addr/ram_reg_1/CLKARDCLK   q_reg[303]/D                   6.000         
ram_addr/ram_reg_0/CLKARDCLK   q_reg[1802]/D                  6.002         
ram_addr/ram_reg_1/CLKARDCLK   q_reg[1903]/D                  6.008         
ram_addr/ram_reg_1/CLKARDCLK   q_reg[1331]/D                  6.016         
ram_addr/ram_reg_0/CLKARDCLK   q_reg[778]/D                   6.016         
ram_addr/ram_reg_1/CLKARDCLK   q_reg[1653]/D                  6.029         
ram_addr/ram_reg_0/CLKARDCLK   q_reg[1551]/D                  6.033         
ram_addr/ram_reg_1/CLKARDCLK   q_reg[1212]/D                  6.037         
ram_addr/ram_reg_1/CLKARDCLK   q_reg[1533]/D                  6.037         
ram_addr/ram_reg_1/CLKARDCLK   q_reg[188]/D                   6.041         
ram_addr/ram_reg_0/CLKARDCLK   q_reg[788]/D                   6.042         
ram_addr/ram_reg_0/CLKARDCLK   q_reg[713]/D                   6.051         
ram_addr/ram_reg_0/CLKARDCLK   q_reg[73]/D                    6.055         
ram_addr/ram_reg_0/CLKARDCLK   q_reg[1891]/D                  6.060         
ram_addr/ram_reg_1/CLKARDCLK   q_reg[1257]/D                  6.068         
ram_addr/ram_reg_0/CLKARDCLK   q_reg[1474]/D                  6.080         
ram_addr/ram_reg_1/CLKARDCLK   q_reg[1844]/D                  6.085         
ram_addr/ram_reg_1/CLKARDCLK   q_reg[169]/D                   6.091         
ram_addr/ram_reg_0/CLKARDCLK   q_reg[1607]/D                  6.094         
ram_addr/ram_reg_0/CLKARDCLK   q_reg[525]/D                   6.102         
ram_addr/ram_reg_0/CLKARDCLK   q_reg[514]/D                   6.104         
ram_addr/ram_reg_1/CLKARDCLK   q_reg[2032]/D                  6.106         
ram_addr/ram_reg_0/CLKARDCLK   q_reg[1994]/D                  6.115         
ram_addr/ram_reg_0/CLKARDCLK   q_reg[1887]/D                  6.115         
ram_addr/ram_reg_0/CLKARDCLK   q_reg[522]/D                   6.120         
ram_addr/ram_reg_1/CLKARDCLK   q_reg[179]/D                   6.124         
ram_addr/ram_reg_0/CLKARDCLK   q_reg[1487]/D                  6.125         
ram_addr/ram_reg_1/CLKARDCLK   q_reg[177]/D                   6.126         
ram_addr/ram_reg_1/CLKARDCLK   q_reg[445]/D                   6.126         
ram_addr/ram_reg_1/CLKARDCLK   q_reg[947]/D                   6.129         
ram_addr/ram_reg_1/CLKARDCLK   q_reg[1654]/D                  6.129         
ram_addr/ram_reg_1/CLKARDCLK   q_reg[2030]/D                  6.131         
ram_addr/ram_reg_1/CLKARDCLK   q_reg[50]/D                    6.134         
ram_addr/ram_reg_1/CLKARDCLK   q_reg[819]/D                   6.135         
ram_addr/ram_reg_0/CLKARDCLK   q_reg[1488]/D                  6.135         
ram_addr/ram_reg_0/CLKARDCLK   q_reg[1805]/D                  6.140         
ram_addr/ram_reg_1/CLKARDCLK   q_reg[1264]/D                  6.143         
counter_reg[2]/C               q_reg[715]/CE                  6.146         
ram_addr/ram_reg_0/CLKARDCLK   q_reg[1105]/D                  6.152         
ram_addr/ram_reg_1/CLKARDCLK   q_reg[245]/D                   6.152         
ram_addr/ram_reg_1/CLKARDCLK   q_reg[2038]/D                  6.155         
ram_addr/ram_reg_0/CLKARDCLK   q_reg[1098]/D                  6.157         
ram_addr/ram_reg_0/CLKARDCLK   q_reg[532]/D                   6.160         
ram_addr/ram_reg_0/CLKARDCLK   q_reg[99]/D                    6.165         
ram_addr/ram_reg_0/CLKARDCLK   q_reg[223]/D                   6.165         



