Copyright 1986-2018 Xilinx, Inc. All Rights Reserved.
----------------------------------------------------------------------------------------------------------------------------------------------------------------------------------------------------------------------
| Tool Version : Vivado v.2018.3 (lin64) Build 2405991 Thu Dec  6 23:36:41 MST 2018
| Date         : Tue Jan 11 21:27:00 2022
| Host         : koopa.ece.utexas.edu running 64-bit CentOS Linux release 7.9.2009 (Core)
| Command      : report_timing -sort_by group -max_paths 100 -path_type summary -file /misc/scratch/zwei1/reports_Jan12/raw_designs/opencores/arithmetic/dvb_s2_ldpc_decoder_submodules/ldpc_vn/post_route_timing.rpt
| Design       : ldpc_vn
| Device       : 7z020-clg484
| Speed File   : -3  PRODUCTION 1.11 2014-09-11
----------------------------------------------------------------------------------------------------------------------------------------------------------------------------------------------------------------------

Timing Report

Startpoint                     Endpoint                       Slack(ns)     
----------------------------------------------------------------------------
rst_msg0_reg/C                 msg0_norst_reg[5]/D            6.076         
rst_msg0_reg/C                 msg0_norst_reg[6]/D            6.149         
rst_msg0_reg/C                 msg0_norst_reg[1]/D            6.348         
rst_msg0_reg/C                 msg_sum_reg_reg[1]/D           6.357         
rst_msg0_reg/C                 msg_sum_reg_reg[5]/D           6.449         
rst_msg0_reg/C                 msg0_norst_reg[7]/D            6.461         
rst_msg0_reg/C                 msg_sum_reg_reg[8]/D           6.510         
rst_msg0_reg/C                 msg0_norst_reg[3]/D            6.520         
rst_msg0_reg/C                 msg0_norst_reg[8]/D            6.532         
rst_msg0_reg/C                 msg_sum_reg_reg[6]/D           6.575         
rst_msg0_reg/C                 msg0_norst_reg[4]/D            6.618         
rst_msg0_reg/C                 msg_sum_reg_reg[7]/D           6.620         
rst_msg0_reg/C                 msg0_norst_reg[2]/D            6.712         
rst_msg0_reg/C                 msg_sum_reg_reg[9]/D           6.788         
rst_msg0_reg/C                 msg_sum_reg_reg[2]/D           6.811         
rst_msg0_reg/C                 msg0_norst_reg[9]/D            6.841         
rst_msg0_reg/C                 msg_sum_reg_reg[4]/D           6.903         
rst_msg0_reg/C                 msg_sum_reg_reg[3]/D           6.910         
rst_msg0_reg/C                 msg0_norst_reg[0]/D            6.979         
rst_msg0_reg/C                 msg_sum_reg_reg[0]/D           7.081         
vnram_rdaddr_del_reg[1][5]/C   recycle_result_reg/D           8.257         
msg_sum_reg_reg[5]/C           new_msg_sum_reg[5]/D           8.593         
we_vnmsg_del_reg[1]/C          rst_msg0_reg/D                 8.610         
msg_sum_reg_reg[0]/C           new_msg_sum_reg[0]/D           8.662         
msg_sum_reg_reg[5]/C           vn_msg_int_reg[0]/D            8.664         
msg_sum_reg_reg[8]/C           vn_msg_int_reg[3]/D            8.688         
vnram_rdaddr_del2_reg[1][1]/C  vnram_wraddr_int_reg[1]/D      8.722         
msg_sum_reg_reg[8]/C           new_msg_sum_reg[8]/D           8.754         
msg_sum_reg_reg[1]/C           vn_msg_int_reg[1]/D            8.756         
sh_msg_del_reg[1][5]/C         msg1_reg[5]/D                  8.767         
sh_msg_del_reg[1][1]/C         msg1_reg[1]/D                  8.783         
msg_sum_reg_reg[1]/C           new_msg_sum_reg[1]/D           8.793         
msg_sum_reg_reg[5]/C           vn_msg_int_reg[4]/D            8.799         
msg_sum_reg_reg[5]/C           vn_msg_int_reg[2]/D            8.819         
sh_msg_del_reg[1][3]/C         msg1_reg[3]/D                  8.830         
vnram_rdaddr_del2_reg[1][3]/C  vnram_wraddr_int_reg[3]/D      8.870         
vnram_rdaddr_del_reg[1][6]/C   vnram_rdaddr_del2_reg[0][6]/D  8.878         
msg_sum_reg_reg[4]/C           new_msg_sum_reg[4]/D           8.920         
vnram_rdaddr_del2_reg[1][0]/C  vnram_wraddr_int_reg[0]/D      8.921         
sh_msg_del_reg[1][2]/C         msg1_reg[2]/D                  8.922         
sh_msg_del_reg[1][0]/C         msg1_reg[0]/D                  8.922         
disable_del2_reg[0]/C          disable_del2_reg[1]/D          8.924         
msg_sum_reg_reg[7]/C           new_msg_sum_reg[7]/D           8.947         
vnram_rdaddr_del_reg[1][0]/C   vnram_rdaddr_del2_reg[0][0]/D  8.954         
vnram_rdaddr_del2_reg[1][7]/C  vnram_wraddr_int_reg[7]/D      8.972         
msg_sum_reg_reg[3]/C           new_msg_sum_reg[3]/D           8.976         
vnram_rdaddr_del2_reg[1][2]/C  vnram_wraddr_int_reg[2]/D      8.992         
llrram_dout_del2_reg[1][4]/C   new_llr_reg[4]/D               9.018         
llrram_dout_del2_reg[1][0]/C   new_llr_reg[0]/D               9.034         
llrram_dout_del2_reg[1][2]/C   new_llr_reg[2]/D               9.034         
vnram_rdaddr_del2_reg[1][4]/C  vnram_wraddr_int_reg[4]/D      9.035         
msg_sum_reg_reg[2]/C           new_msg_sum_reg[2]/D           9.061         
msg_sum_reg_reg[9]/C           new_msg_sum_reg[9]/D           9.063         
msg_sum_reg_reg[6]/C           new_msg_sum_reg[6]/D           9.065         
vnram_rdaddr_del_reg[1][1]/C   vnram_rdaddr_del2_reg[0][1]/D  9.079         
sh_msg_del_reg[1][4]/C         msg1_reg[4]/D                  9.080         
llrram_dout_del2_reg[1][5]/C   new_llr_reg[5]/D               9.087         
vnram_rdaddr_del2_reg[0][2]/C  vnram_rdaddr_del2_reg[1][2]/D  9.097         
vnram_rdaddr_del2_reg[0][1]/C  vnram_rdaddr_del2_reg[1][1]/D  9.098         
vnram_rdaddr_del_reg[0][6]/C   vnram_rdaddr_del_reg[1][6]/D   9.102         
llrram_dout_del2_reg[1][1]/C   new_llr_reg[1]/D               9.109         
llrram_dout_del2_reg[1][3]/C   new_llr_reg[3]/D               9.109         
vnram_rdaddr_del2_reg[1][5]/C  vnram_wraddr_int_reg[5]/D      9.122         
vnram_rdaddr_del2_reg[1][6]/C  vnram_wraddr_int_reg[6]/D      9.128         
vnram_rdaddr_del2_reg[0][6]/C  vnram_rdaddr_del2_reg[1][6]/D  9.129         
vnram_rdaddr_del2_reg[0][0]/C  vnram_rdaddr_del2_reg[1][0]/D  9.132         
we_vnmsg_del_reg[1]/C          we_vnmsg_del2_reg[0]/D         9.145         
vnram_rdaddr_del_reg[0][2]/C   vnram_rdaddr_del_reg[1][2]/D   9.152         
disable_del_reg[0]/C           disable_del_reg[1]/D           9.180         
we_vnmsg_del_reg[0]/C          disable_del_reg[1]/CE          9.185         
msg_sum_reg_reg[9]/C           vn_msg_int_reg[5]/D            9.193         
llrram_dout_del2_reg[0][1]/C   llrram_dout_del2_reg[1][1]/D   9.194         
llrram_dout_del2_reg[0][3]/C   llrram_dout_del2_reg[1][3]/D   9.194         
llrram_dout_del2_reg[0][0]/C   llrram_dout_del2_reg[1][0]/D   9.201         
llrram_dout_del2_reg[0][2]/C   llrram_dout_del2_reg[1][2]/D   9.201         
vnram_rdaddr_del_reg[0][7]/C   vnram_rdaddr_del_reg[1][7]/D   9.201         
vnram_rdaddr_del_reg[0][4]/C   vnram_rdaddr_del_reg[1][4]/D   9.207         
vnram_rdaddr_del_reg[1][2]/C   vnram_rdaddr_del2_reg[0][2]/D  9.208         
vnram_rdaddr_del_reg[1][7]/C   vnram_rdaddr_del2_reg[0][7]/D  9.220         
llrram_dout_del2_reg[0][5]/C   llrram_dout_del2_reg[1][5]/D   9.221         
vnram_rdaddr_del_reg[0][0]/C   vnram_rdaddr_del_reg[1][0]/D   9.223         
llrram_dout_del2_reg[0][4]/C   llrram_dout_del2_reg[1][4]/D   9.229         
vnram_rdaddr_del_reg[0][3]/C   vnram_rdaddr_del_reg[1][3]/D   9.232         
vnram_rdaddr_del2_reg[0][7]/C  vnram_rdaddr_del2_reg[1][7]/D  9.239         
we_vnmsg_del2_reg[0]/C         we_vnmsg_del2_reg[1]/D         9.239         
vnram_rdaddr_del_reg[1][5]/C   vnram_rdaddr_del2_reg[0][5]/D  9.243         
vnram_rdaddr_del2_reg[0][4]/C  vnram_rdaddr_del2_reg[1][4]/D  9.246         
we_vnmsg_del2_reg[1]/C         upmsg_we_int_reg/D             9.260         
vnram_rdaddr_del2_reg[0][5]/C  vnram_rdaddr_del2_reg[1][5]/D  9.261         
we_vnmsg_del_reg[0]/C          we_vnmsg_del_reg[1]/D          9.268         
sh_msg_del_reg[0][0]/C         sh_msg_del_reg[1][0]/D         9.274         
sh_msg_del_reg[0][1]/C         sh_msg_del_reg[1][1]/D         9.274         
sh_msg_del_reg[0][5]/C         sh_msg_del_reg[1][5]/D         9.274         
vnram_rdaddr_del_reg[1][4]/C   vnram_rdaddr_del2_reg[0][4]/D  9.283         
vnram_rdaddr_del_reg[1][3]/C   vnram_rdaddr_del2_reg[0][3]/D  9.284         
sh_msg_del_reg[0][3]/C         sh_msg_del_reg[1][3]/D         9.295         
sh_msg_del_reg[0][4]/C         sh_msg_del_reg[1][4]/D         9.298         
disable_del_reg[1]/C           disable_del2_reg[0]/D          9.308         
vnram_rdaddr_del_reg[0][5]/C   vnram_rdaddr_del_reg[1][5]/D   9.311         
sh_msg_del_reg[0][2]/C         sh_msg_del_reg[1][2]/D         9.312         



