Copyright 1986-2018 Xilinx, Inc. All Rights Reserved.
-----------------------------------------------------------------------------------------------------------------------------------------------------------------------------------------------------------------------------------
| Tool Version : Vivado v.2018.3 (lin64) Build 2405991 Thu Dec  6 23:36:41 MST 2018
| Date         : Wed Jan 12 23:03:07 2022
| Host         : koopa.ece.utexas.edu running 64-bit CentOS Linux release 7.9.2009 (Core)
| Command      : report_timing -sort_by group -max_paths 100 -path_type summary -file /misc/scratch/zwei1/reports_Jan12/raw_designs/vtr_designs/verilog/koios/clstm_like.large_submodules/multfix_alt_dsp_18/post_route_timing.rpt
| Design       : multfix_alt_dsp_18
| Device       : 7z020-clg484
| Speed File   : -3  PRODUCTION 1.11 2014-09-11
-----------------------------------------------------------------------------------------------------------------------------------------------------------------------------------------------------------------------------------

Timing Report

Startpoint                     Endpoint                       Slack(ns)     
----------------------------------------------------------------------------
ax[0]                          dsp_signed_mult_18x18_unit_18_36_0_inst/reg_resa_reg/A[0]
                                                              inf           
ax[10]                         dsp_signed_mult_18x18_unit_18_36_0_inst/reg_resa_reg/A[10]
                                                              inf           
ax[11]                         dsp_signed_mult_18x18_unit_18_36_0_inst/reg_resa_reg/A[11]
                                                              inf           
ax[12]                         dsp_signed_mult_18x18_unit_18_36_0_inst/reg_resa_reg/A[12]
                                                              inf           
ax[13]                         dsp_signed_mult_18x18_unit_18_36_0_inst/reg_resa_reg/A[13]
                                                              inf           
ax[14]                         dsp_signed_mult_18x18_unit_18_36_0_inst/reg_resa_reg/A[14]
                                                              inf           
ax[15]                         dsp_signed_mult_18x18_unit_18_36_0_inst/reg_resa_reg/A[15]
                                                              inf           
ax[16]                         dsp_signed_mult_18x18_unit_18_36_0_inst/reg_resa_reg/A[16]
                                                              inf           
ax[17]                         dsp_signed_mult_18x18_unit_18_36_0_inst/reg_resa_reg/A[17]
                                                              inf           
ax[1]                          dsp_signed_mult_18x18_unit_18_36_0_inst/reg_resa_reg/A[1]
                                                              inf           
ax[2]                          dsp_signed_mult_18x18_unit_18_36_0_inst/reg_resa_reg/A[2]
                                                              inf           
ax[3]                          dsp_signed_mult_18x18_unit_18_36_0_inst/reg_resa_reg/A[3]
                                                              inf           
ax[4]                          dsp_signed_mult_18x18_unit_18_36_0_inst/reg_resa_reg/A[4]
                                                              inf           
ax[5]                          dsp_signed_mult_18x18_unit_18_36_0_inst/reg_resa_reg/A[5]
                                                              inf           
ax[6]                          dsp_signed_mult_18x18_unit_18_36_0_inst/reg_resa_reg/A[6]
                                                              inf           
ax[7]                          dsp_signed_mult_18x18_unit_18_36_0_inst/reg_resa_reg/A[7]
                                                              inf           
ax[8]                          dsp_signed_mult_18x18_unit_18_36_0_inst/reg_resa_reg/A[8]
                                                              inf           
ax[9]                          dsp_signed_mult_18x18_unit_18_36_0_inst/reg_resa_reg/A[9]
                                                              inf           
ay[0]                          dsp_signed_mult_18x18_unit_18_36_0_inst/reg_resa_reg/B[0]
                                                              inf           
ay[10]                         dsp_signed_mult_18x18_unit_18_36_0_inst/reg_resa_reg/B[10]
                                                              inf           
ay[11]                         dsp_signed_mult_18x18_unit_18_36_0_inst/reg_resa_reg/B[11]
                                                              inf           
ay[12]                         dsp_signed_mult_18x18_unit_18_36_0_inst/reg_resa_reg/B[12]
                                                              inf           
ay[13]                         dsp_signed_mult_18x18_unit_18_36_0_inst/reg_resa_reg/B[13]
                                                              inf           
ay[14]                         dsp_signed_mult_18x18_unit_18_36_0_inst/reg_resa_reg/B[14]
                                                              inf           
ay[15]                         dsp_signed_mult_18x18_unit_18_36_0_inst/reg_resa_reg/B[15]
                                                              inf           
ay[16]                         dsp_signed_mult_18x18_unit_18_36_0_inst/reg_resa_reg/B[16]
                                                              inf           
ay[1]                          dsp_signed_mult_18x18_unit_18_36_0_inst/reg_resa_reg/B[1]
                                                              inf           
ay[2]                          dsp_signed_mult_18x18_unit_18_36_0_inst/reg_resa_reg/B[2]
                                                              inf           
ay[3]                          dsp_signed_mult_18x18_unit_18_36_0_inst/reg_resa_reg/B[3]
                                                              inf           
ay[4]                          dsp_signed_mult_18x18_unit_18_36_0_inst/reg_resa_reg/B[4]
                                                              inf           
ay[5]                          dsp_signed_mult_18x18_unit_18_36_0_inst/reg_resa_reg/B[5]
                                                              inf           
ay[6]                          dsp_signed_mult_18x18_unit_18_36_0_inst/reg_resa_reg/B[6]
                                                              inf           
ay[7]                          dsp_signed_mult_18x18_unit_18_36_0_inst/reg_resa_reg/B[7]
                                                              inf           
ay[8]                          dsp_signed_mult_18x18_unit_18_36_0_inst/reg_resa_reg/B[8]
                                                              inf           
ay[9]                          dsp_signed_mult_18x18_unit_18_36_0_inst/reg_resa_reg/B[9]
                                                              inf           
ax[0]                          dsp_signed_mult_18x18_unit_18_36_0_inst/reg_resa_reg/C[17]
                                                              inf           
ax[1]                          dsp_signed_mult_18x18_unit_18_36_0_inst/reg_resa_reg/C[18]
                                                              inf           
ax[2]                          dsp_signed_mult_18x18_unit_18_36_0_inst/reg_resa_reg/C[19]
                                                              inf           
ax[3]                          dsp_signed_mult_18x18_unit_18_36_0_inst/reg_resa_reg/C[20]
                                                              inf           
ax[4]                          dsp_signed_mult_18x18_unit_18_36_0_inst/reg_resa_reg/C[21]
                                                              inf           
ax[5]                          dsp_signed_mult_18x18_unit_18_36_0_inst/reg_resa_reg/C[22]
                                                              inf           
ax[6]                          dsp_signed_mult_18x18_unit_18_36_0_inst/reg_resa_reg/C[23]
                                                              inf           
ax[7]                          dsp_signed_mult_18x18_unit_18_36_0_inst/reg_resa_reg/C[24]
                                                              inf           
ax[8]                          dsp_signed_mult_18x18_unit_18_36_0_inst/reg_resa_reg/C[25]
                                                              inf           
ax[9]                          dsp_signed_mult_18x18_unit_18_36_0_inst/reg_resa_reg/C[26]
                                                              inf           
ax[10]                         dsp_signed_mult_18x18_unit_18_36_0_inst/reg_resa_reg/C[27]
                                                              inf           
ax[11]                         dsp_signed_mult_18x18_unit_18_36_0_inst/reg_resa_reg/C[28]
                                                              inf           
ax[12]                         dsp_signed_mult_18x18_unit_18_36_0_inst/reg_resa_reg/C[29]
                                                              inf           
ax[13]                         dsp_signed_mult_18x18_unit_18_36_0_inst/reg_resa_reg/C[30]
                                                              inf           
ax[14]                         dsp_signed_mult_18x18_unit_18_36_0_inst/reg_resa_reg/C[31]
                                                              inf           
ax[15]                         dsp_signed_mult_18x18_unit_18_36_0_inst/reg_resa_reg/C[32]
                                                              inf           
ax[16]                         dsp_signed_mult_18x18_unit_18_36_0_inst/reg_resa_reg/C[33]
                                                              inf           
ax[17]                         dsp_signed_mult_18x18_unit_18_36_0_inst/reg_resa_reg/C[34]
                                                              inf           
ay[17]                         dsp_signed_mult_18x18_unit_18_36_0_inst/reg_resa_reg/OPMODE[4]
                                                              inf           
ay[17]                         dsp_signed_mult_18x18_unit_18_36_0_inst/reg_resa_reg/OPMODE[5]
                                                              inf           
bx[0]                          dsp_signed_mult_18x18_unit_18_36_0_inst/reg_resb_reg/A[0]
                                                              inf           
bx[10]                         dsp_signed_mult_18x18_unit_18_36_0_inst/reg_resb_reg/A[10]
                                                              inf           
bx[11]                         dsp_signed_mult_18x18_unit_18_36_0_inst/reg_resb_reg/A[11]
                                                              inf           
bx[12]                         dsp_signed_mult_18x18_unit_18_36_0_inst/reg_resb_reg/A[12]
                                                              inf           
bx[13]                         dsp_signed_mult_18x18_unit_18_36_0_inst/reg_resb_reg/A[13]
                                                              inf           
bx[14]                         dsp_signed_mult_18x18_unit_18_36_0_inst/reg_resb_reg/A[14]
                                                              inf           
bx[15]                         dsp_signed_mult_18x18_unit_18_36_0_inst/reg_resb_reg/A[15]
                                                              inf           
bx[16]                         dsp_signed_mult_18x18_unit_18_36_0_inst/reg_resb_reg/A[16]
                                                              inf           
bx[17]                         dsp_signed_mult_18x18_unit_18_36_0_inst/reg_resb_reg/A[17]
                                                              inf           
bx[1]                          dsp_signed_mult_18x18_unit_18_36_0_inst/reg_resb_reg/A[1]
                                                              inf           
bx[2]                          dsp_signed_mult_18x18_unit_18_36_0_inst/reg_resb_reg/A[2]
                                                              inf           
bx[3]                          dsp_signed_mult_18x18_unit_18_36_0_inst/reg_resb_reg/A[3]
                                                              inf           
bx[4]                          dsp_signed_mult_18x18_unit_18_36_0_inst/reg_resb_reg/A[4]
                                                              inf           
bx[5]                          dsp_signed_mult_18x18_unit_18_36_0_inst/reg_resb_reg/A[5]
                                                              inf           
bx[6]                          dsp_signed_mult_18x18_unit_18_36_0_inst/reg_resb_reg/A[6]
                                                              inf           
bx[7]                          dsp_signed_mult_18x18_unit_18_36_0_inst/reg_resb_reg/A[7]
                                                              inf           
bx[8]                          dsp_signed_mult_18x18_unit_18_36_0_inst/reg_resb_reg/A[8]
                                                              inf           
bx[9]                          dsp_signed_mult_18x18_unit_18_36_0_inst/reg_resb_reg/A[9]
                                                              inf           
by[0]                          dsp_signed_mult_18x18_unit_18_36_0_inst/reg_resb_reg/B[0]
                                                              inf           
by[10]                         dsp_signed_mult_18x18_unit_18_36_0_inst/reg_resb_reg/B[10]
                                                              inf           
by[11]                         dsp_signed_mult_18x18_unit_18_36_0_inst/reg_resb_reg/B[11]
                                                              inf           
by[12]                         dsp_signed_mult_18x18_unit_18_36_0_inst/reg_resb_reg/B[12]
                                                              inf           
by[13]                         dsp_signed_mult_18x18_unit_18_36_0_inst/reg_resb_reg/B[13]
                                                              inf           
by[14]                         dsp_signed_mult_18x18_unit_18_36_0_inst/reg_resb_reg/B[14]
                                                              inf           
by[15]                         dsp_signed_mult_18x18_unit_18_36_0_inst/reg_resb_reg/B[15]
                                                              inf           
by[16]                         dsp_signed_mult_18x18_unit_18_36_0_inst/reg_resb_reg/B[16]
                                                              inf           
by[1]                          dsp_signed_mult_18x18_unit_18_36_0_inst/reg_resb_reg/B[1]
                                                              inf           
by[2]                          dsp_signed_mult_18x18_unit_18_36_0_inst/reg_resb_reg/B[2]
                                                              inf           
by[3]                          dsp_signed_mult_18x18_unit_18_36_0_inst/reg_resb_reg/B[3]
                                                              inf           
by[4]                          dsp_signed_mult_18x18_unit_18_36_0_inst/reg_resb_reg/B[4]
                                                              inf           
by[5]                          dsp_signed_mult_18x18_unit_18_36_0_inst/reg_resb_reg/B[5]
                                                              inf           
by[6]                          dsp_signed_mult_18x18_unit_18_36_0_inst/reg_resb_reg/B[6]
                                                              inf           
by[7]                          dsp_signed_mult_18x18_unit_18_36_0_inst/reg_resb_reg/B[7]
                                                              inf           
by[8]                          dsp_signed_mult_18x18_unit_18_36_0_inst/reg_resb_reg/B[8]
                                                              inf           
by[9]                          dsp_signed_mult_18x18_unit_18_36_0_inst/reg_resb_reg/B[9]
                                                              inf           
bx[0]                          dsp_signed_mult_18x18_unit_18_36_0_inst/reg_resb_reg/C[17]
                                                              inf           
bx[1]                          dsp_signed_mult_18x18_unit_18_36_0_inst/reg_resb_reg/C[18]
                                                              inf           
bx[2]                          dsp_signed_mult_18x18_unit_18_36_0_inst/reg_resb_reg/C[19]
                                                              inf           
bx[3]                          dsp_signed_mult_18x18_unit_18_36_0_inst/reg_resb_reg/C[20]
                                                              inf           
bx[4]                          dsp_signed_mult_18x18_unit_18_36_0_inst/reg_resb_reg/C[21]
                                                              inf           
bx[5]                          dsp_signed_mult_18x18_unit_18_36_0_inst/reg_resb_reg/C[22]
                                                              inf           
bx[6]                          dsp_signed_mult_18x18_unit_18_36_0_inst/reg_resb_reg/C[23]
                                                              inf           
bx[7]                          dsp_signed_mult_18x18_unit_18_36_0_inst/reg_resb_reg/C[24]
                                                              inf           
bx[8]                          dsp_signed_mult_18x18_unit_18_36_0_inst/reg_resb_reg/C[25]
                                                              inf           
bx[9]                          dsp_signed_mult_18x18_unit_18_36_0_inst/reg_resb_reg/C[26]
                                                              inf           



