Copyright 1986-2018 Xilinx, Inc. All Rights Reserved.
-----------------------------------------------------------------------------------------------------------------------------------------------------------------------------
| Tool Version : Vivado v.2018.3 (lin64) Build 2405991 Thu Dec  6 23:36:41 MST 2018
| Date         : Wed Jan 12 22:11:58 2022
| Host         : koopa.ece.utexas.edu running 64-bit CentOS Linux release 7.9.2009 (Core)
| Command      : report_timing_summary -file /misc/scratch/zwei1/reports_Jan12/raw_designs/vtr_designs/verilog/boundtop_submodules/listhandler/post_synth_timing_summary.rpt
| Design       : listhandler
| Device       : 7z020-clg484
| Speed File   : -3  PRODUCTION 1.11 2014-09-11
-----------------------------------------------------------------------------------------------------------------------------------------------------------------------------

Timing Summary Report

------------------------------------------------------------------------------------------------
| Timer Settings
| --------------
------------------------------------------------------------------------------------------------

  Enable Multi Corner Analysis               :  Yes
  Enable Pessimism Removal                   :  Yes
  Pessimism Removal Resolution               :  Nearest Common Node
  Enable Input Delay Default Clock           :  No
  Enable Preset / Clear Arcs                 :  No
  Disable Flight Delays                      :  No
  Ignore I/O Paths                           :  No
  Timing Early Launch at Borrowing Latches   :  false

  Corner  Analyze    Analyze    
  Name    Max Paths  Min Paths  
  ------  ---------  ---------  
  Slow    Yes        Yes        
  Fast    Yes        Yes        



check_timing report

Table of Contents
-----------------
1. checking no_clock
2. checking constant_clock
3. checking pulse_width_clock
4. checking unconstrained_internal_endpoints
5. checking no_input_delay
6. checking no_output_delay
7. checking multiple_clock
8. checking generated_clocks
9. checking loops
10. checking partial_input_delay
11. checking partial_output_delay
12. checking latch_loops

1. checking no_clock
--------------------
 There are 3 register/latch pins with no clock driven by root clock pin: ack (HIGH)

 There are 14 register/latch pins with no clock driven by root clock pin: commit (HIGH)

 There are 3 register/latch pins with no clock driven by root clock pin: dataarrayin[101] (HIGH)

 There are 3 register/latch pins with no clock driven by root clock pin: dataarrayin[102] (HIGH)

 There are 3 register/latch pins with no clock driven by root clock pin: dataarrayin[103] (HIGH)

 There are 3 register/latch pins with no clock driven by root clock pin: dataarrayin[10] (HIGH)

 There are 3 register/latch pins with no clock driven by root clock pin: dataarrayin[11] (HIGH)

 There are 3 register/latch pins with no clock driven by root clock pin: dataarrayin[12] (HIGH)

 There are 3 register/latch pins with no clock driven by root clock pin: dataarrayin[23] (HIGH)

 There are 3 register/latch pins with no clock driven by root clock pin: dataarrayin[24] (HIGH)

 There are 3 register/latch pins with no clock driven by root clock pin: dataarrayin[25] (HIGH)

 There are 3 register/latch pins with no clock driven by root clock pin: dataarrayin[36] (HIGH)

 There are 3 register/latch pins with no clock driven by root clock pin: dataarrayin[37] (HIGH)

 There are 3 register/latch pins with no clock driven by root clock pin: dataarrayin[38] (HIGH)

 There are 3 register/latch pins with no clock driven by root clock pin: dataarrayin[49] (HIGH)

 There are 3 register/latch pins with no clock driven by root clock pin: dataarrayin[50] (HIGH)

 There are 3 register/latch pins with no clock driven by root clock pin: dataarrayin[51] (HIGH)

 There are 3 register/latch pins with no clock driven by root clock pin: dataarrayin[62] (HIGH)

 There are 3 register/latch pins with no clock driven by root clock pin: dataarrayin[63] (HIGH)

 There are 3 register/latch pins with no clock driven by root clock pin: dataarrayin[64] (HIGH)

 There are 3 register/latch pins with no clock driven by root clock pin: dataarrayin[75] (HIGH)

 There are 3 register/latch pins with no clock driven by root clock pin: dataarrayin[76] (HIGH)

 There are 3 register/latch pins with no clock driven by root clock pin: dataarrayin[77] (HIGH)

 There are 3 register/latch pins with no clock driven by root clock pin: dataarrayin[88] (HIGH)

 There are 3 register/latch pins with no clock driven by root clock pin: dataarrayin[89] (HIGH)

 There are 3 register/latch pins with no clock driven by root clock pin: dataarrayin[90] (HIGH)

 There are 14 register/latch pins with no clock driven by root clock pin: hitmask[0] (HIGH)

 There are 14 register/latch pins with no clock driven by root clock pin: hitmask[1] (HIGH)

 There are 14 register/latch pins with no clock driven by root clock pin: hitmask[2] (HIGH)

 There are 17 register/latch pins with no clock driven by root clock pin: reset (HIGH)

 There are 36 register/latch pins with no clock driven by root clock pin: FSM_onehot_state_reg[0]/Q (HIGH)

 There are 32 register/latch pins with no clock driven by root clock pin: FSM_onehot_state_reg[1]/Q (HIGH)

 There are 20 register/latch pins with no clock driven by root clock pin: FSM_onehot_state_reg[2]/Q (HIGH)

 There are 14 register/latch pins with no clock driven by root clock pin: busy_reg/Q (HIGH)

 There are 14 register/latch pins with no clock driven by root clock pin: lvempty_reg[0]/Q (HIGH)

 There are 14 register/latch pins with no clock driven by root clock pin: lvempty_reg[1]/Q (HIGH)

 There are 14 register/latch pins with no clock driven by root clock pin: lvempty_reg[2]/Q (HIGH)

 There are 7 register/latch pins with no clock driven by root clock pin: offset0_reg[0]/Q (HIGH)

 There are 7 register/latch pins with no clock driven by root clock pin: offset0_reg[1]/Q (HIGH)

 There are 7 register/latch pins with no clock driven by root clock pin: offset0_reg[2]/Q (HIGH)

 There are 9 register/latch pins with no clock driven by root clock pin: offset1_reg[0]/Q (HIGH)

 There are 9 register/latch pins with no clock driven by root clock pin: offset1_reg[1]/Q (HIGH)

 There are 9 register/latch pins with no clock driven by root clock pin: offset1_reg[2]/Q (HIGH)

 There are 9 register/latch pins with no clock driven by root clock pin: offset2_reg[0]/Q (HIGH)

 There are 9 register/latch pins with no clock driven by root clock pin: offset2_reg[1]/Q (HIGH)

 There are 9 register/latch pins with no clock driven by root clock pin: offset2_reg[2]/Q (HIGH)

 There are 14 register/latch pins with no clock driven by root clock pin: ram/mem2_reg[10]/Q (HIGH)

 There are 14 register/latch pins with no clock driven by root clock pin: ram/mem2_reg[11]/Q (HIGH)

 There are 14 register/latch pins with no clock driven by root clock pin: ram/mem2_reg[12]/Q (HIGH)

 There are 15 register/latch pins with no clock driven by root clock pin: readlevel_reg[0]/Q (HIGH)

 There are 15 register/latch pins with no clock driven by root clock pin: readlevel_reg[1]/Q (HIGH)

 There are 9 register/latch pins with no clock driven by root clock pin: writelevel_reg[0]/Q (HIGH)

 There are 9 register/latch pins with no clock driven by root clock pin: writelevel_reg[1]/Q (HIGH)


2. checking constant_clock
--------------------------
 There are 0 register/latch pins with constant_clock.


3. checking pulse_width_clock
-----------------------------
 There are 0 register/latch pins which need pulse_width check


4. checking unconstrained_internal_endpoints
--------------------------------------------
 There are 36 pins that are not constrained for maximum delay. (HIGH)

 There are 0 pins that are not constrained for maximum delay due to constant clock.


5. checking no_input_delay
--------------------------
 There are 111 input ports with no input delay specified. (HIGH)

 There are 0 input ports with no input delay but user has a false path constraint.


6. checking no_output_delay
---------------------------
 There are 26 ports with no output delay specified. (HIGH)

 There are 0 ports with no output delay but user has a false path constraint

 There are 0 ports with no output delay but with a timing clock defined on it or propagating through it


7. checking multiple_clock
--------------------------
 There are 0 register/latch pins with multiple clocks.


8. checking generated_clocks
----------------------------
 There are 0 generated clocks that are not connected to a clock source.


9. checking loops
-----------------
 There are 0 combinational loops in the design.


10. checking partial_input_delay
--------------------------------
 There are 0 input ports with partial input delay specified.


11. checking partial_output_delay
---------------------------------
 There are 0 ports with partial output delay specified.


12. checking latch_loops
------------------------
 There are 0 combinational latch loops in the design through latch input



------------------------------------------------------------------------------------------------
| Design Timing Summary
| ---------------------
------------------------------------------------------------------------------------------------

    WNS(ns)      TNS(ns)  TNS Failing Endpoints  TNS Total Endpoints      WHS(ns)      THS(ns)  THS Failing Endpoints  THS Total Endpoints     WPWS(ns)     TPWS(ns)  TPWS Failing Endpoints  TPWS Total Endpoints  
    -------      -------  ---------------------  -------------------      -------      -------  ---------------------  -------------------     --------     --------  ----------------------  --------------------  
      9.193        0.000                      0                   15        0.242        0.000                      0                   15        4.500        0.000                       0                    48  


All user specified timing constraints are met.


------------------------------------------------------------------------------------------------
| Clock Summary
| -------------
------------------------------------------------------------------------------------------------

Clock  Waveform(ns)       Period(ns)      Frequency(MHz)
-----  ------------       ----------      --------------
clk    {0.000 5.000}      10.000          100.000         


------------------------------------------------------------------------------------------------
| Intra Clock Table
| -----------------
------------------------------------------------------------------------------------------------

Clock             WNS(ns)      TNS(ns)  TNS Failing Endpoints  TNS Total Endpoints      WHS(ns)      THS(ns)  THS Failing Endpoints  THS Total Endpoints     WPWS(ns)     TPWS(ns)  TPWS Failing Endpoints  TPWS Total Endpoints  
-----             -------      -------  ---------------------  -------------------      -------      -------  ---------------------  -------------------     --------     --------  ----------------------  --------------------  
clk                 9.193        0.000                      0                   15        0.242        0.000                      0                   15        4.500        0.000                       0                    48  


------------------------------------------------------------------------------------------------
| Inter Clock Table
| -----------------
------------------------------------------------------------------------------------------------

From Clock    To Clock          WNS(ns)      TNS(ns)  TNS Failing Endpoints  TNS Total Endpoints      WHS(ns)      THS(ns)  THS Failing Endpoints  THS Total Endpoints  
----------    --------          -------      -------  ---------------------  -------------------      -------      -------  ---------------------  -------------------  


------------------------------------------------------------------------------------------------
| Other Path Groups Table
| -----------------------
------------------------------------------------------------------------------------------------

Path Group    From Clock    To Clock          WNS(ns)      TNS(ns)  TNS Failing Endpoints  TNS Total Endpoints      WHS(ns)      THS(ns)  THS Failing Endpoints  THS Total Endpoints  
----------    ----------    --------          -------      -------  ---------------------  -------------------      -------      -------  ---------------------  -------------------  


------------------------------------------------------------------------------------------------
| Timing Details
| --------------
------------------------------------------------------------------------------------------------


---------------------------------------------------------------------------------------------------
From Clock:  clk
  To Clock:  clk

Setup :            0  Failing Endpoints,  Worst Slack        9.193ns,  Total Violation        0.000ns
Hold  :            0  Failing Endpoints,  Worst Slack        0.242ns,  Total Violation        0.000ns
PW    :            0  Failing Endpoints,  Worst Slack        4.500ns,  Total Violation        0.000ns
---------------------------------------------------------------------------------------------------


Max Delay Paths
--------------------------------------------------------------------------------------
Slack (MET) :             9.193ns  (required time - arrival time)
  Source:                 peekstate_reg[1]/C
                            (rising edge-triggered cell FDRE clocked by clk  {rise@0.000ns fall@5.000ns period=10.000ns})
  Destination:            peekstate_reg[1]/D
                            (rising edge-triggered cell FDRE clocked by clk  {rise@0.000ns fall@5.000ns period=10.000ns})
  Path Group:             clk
  Path Type:              Setup (Max at Slow Process Corner)
  Requirement:            10.000ns  (clk rise@10.000ns - clk rise@0.000ns)
  Data Path Delay:        0.805ns  (logic 0.597ns (74.161%)  route 0.208ns (25.839%))
  Logic Levels:           1  (LUT3=1)
  Clock Path Skew:        -0.035ns (DCD - SCD + CPR)
    Destination Clock Delay (DCD):    0.669ns = ( 10.669 - 10.000 ) 
    Source Clock Delay      (SCD):    0.704ns
    Clock Pessimism Removal (CPR):    0.000ns
  Clock Uncertainty:      0.035ns  ((TSJ^2 + TIJ^2)^1/2 + DJ) / 2 + PE
    Total System Jitter     (TSJ):    0.071ns
    Total Input Jitter      (TIJ):    0.000ns
    Discrete Jitter          (DJ):    0.000ns
    Phase Error              (PE):    0.000ns

    Location             Delay type                Incr(ns)  Path(ns)    Netlist Resource(s)
  -------------------------------------------------------------------    -------------------
                         (clock clk rise edge)        0.000     0.000 r  
                                                      0.000     0.000 r  clk (IN)
                         net (fo=47, unset)           0.704     0.704    clk
                         FDRE                                         r  peekstate_reg[1]/C
  -------------------------------------------------------------------    -------------------
                         FDRE (Prop_fdre_C_Q)         0.393     1.097 r  peekstate_reg[1]/Q
                         net (fo=1, unplaced)         0.208     1.305    peekstate[1]
                         LUT3 (Prop_lut3_I2_O)        0.204     1.509 r  peekstate[1]_i_1/O
                         net (fo=1, unplaced)         0.000     1.509    peekstate[1]_i_1_n_0
                         FDRE                                         r  peekstate_reg[1]/D
  -------------------------------------------------------------------    -------------------

                         (clock clk rise edge)       10.000    10.000 r  
                                                      0.000    10.000 r  clk (IN)
                         net (fo=47, unset)           0.669    10.669    clk
                         FDRE                                         r  peekstate_reg[1]/C
                         clock pessimism              0.000    10.669    
                         clock uncertainty           -0.035    10.633    
                         FDRE (Setup_fdre_C_D)        0.069    10.702    peekstate_reg[1]
  -------------------------------------------------------------------
                         required time                         10.702    
                         arrival time                          -1.509    
  -------------------------------------------------------------------
                         slack                                  9.193    





Min Delay Paths
--------------------------------------------------------------------------------------
Slack (MET) :             0.242ns  (arrival time - required time)
  Source:                 peekstate_reg[0]/C
                            (rising edge-triggered cell FDRE clocked by clk  {rise@0.000ns fall@5.000ns period=10.000ns})
  Destination:            peekstate_reg[0]/D
                            (rising edge-triggered cell FDRE clocked by clk  {rise@0.000ns fall@5.000ns period=10.000ns})
  Path Group:             clk
  Path Type:              Hold (Min at Fast Process Corner)
  Requirement:            0.000ns  (clk rise@0.000ns - clk rise@0.000ns)
  Data Path Delay:        0.383ns  (logic 0.262ns (68.345%)  route 0.121ns (31.655%))
  Logic Levels:           1  (LUT3=1)
  Clock Path Skew:        0.022ns (DCD - SCD - CPR)
    Destination Clock Delay (DCD):    0.432ns
    Source Clock Delay      (SCD):    0.411ns
    Clock Pessimism Removal (CPR):    -0.000ns

    Location             Delay type                Incr(ns)  Path(ns)    Netlist Resource(s)
  -------------------------------------------------------------------    -------------------
                         (clock clk rise edge)        0.000     0.000 r  
                                                      0.000     0.000 r  clk (IN)
                         net (fo=47, unset)           0.411     0.411    clk
                         FDRE                                         r  peekstate_reg[0]/C
  -------------------------------------------------------------------    -------------------
                         FDRE (Prop_fdre_C_Q)         0.164     0.575 r  peekstate_reg[0]/Q
                         net (fo=1, unplaced)         0.121     0.696    peekstate[0]
                         LUT3 (Prop_lut3_I2_O)        0.098     0.794 r  peekstate[0]_i_1/O
                         net (fo=1, unplaced)         0.000     0.794    peekstate[0]_i_1_n_0
                         FDRE                                         r  peekstate_reg[0]/D
  -------------------------------------------------------------------    -------------------

                         (clock clk rise edge)        0.000     0.000 r  
                                                      0.000     0.000 r  clk (IN)
                         net (fo=47, unset)           0.432     0.432    clk
                         FDRE                                         r  peekstate_reg[0]/C
                         clock pessimism              0.000     0.432    
                         FDRE (Hold_fdre_C_D)         0.120     0.552    peekstate_reg[0]
  -------------------------------------------------------------------
                         required time                         -0.552    
                         arrival time                           0.794    
  -------------------------------------------------------------------
                         slack                                  0.242    





Pulse Width Checks
--------------------------------------------------------------------------------------
Clock Name:         clk
Waveform(ns):       { 0.000 5.000 }
Period(ns):         10.000
Sources:            { clk }

Check Type        Corner  Lib Pin  Reference Pin  Required(ns)  Actual(ns)  Slack(ns)  Location  Pin
Min Period        n/a     FDSE/C   n/a            1.000         10.000      9.000                FSM_onehot_state_reg[0]/C
Low Pulse Width   Slow    FDSE/C   n/a            0.500         5.000       4.500                FSM_onehot_state_reg[0]/C
High Pulse Width  Slow    FDSE/C   n/a            0.500         5.000       4.500                FSM_onehot_state_reg[0]/C



