Copyright 1986-2018 Xilinx, Inc. All Rights Reserved.
-----------------------------------------------------------------------------------------------------------------------------------------------------------------------------------------------------------------------------------------------------
| Tool Version : Vivado v.2018.3 (lin64) Build 2405991 Thu Dec  6 23:36:41 MST 2018
| Date         : Thu Jan 13 07:41:08 2022
| Host         : koopa.ece.utexas.edu running 64-bit CentOS Linux release 7.9.2009 (Core)
| Command      : report_timing -sort_by group -max_paths 100 -path_type summary -file /misc/scratch/zwei1/reports_Jan12/raw_designs/vtr_designs/verilog/koios/tiny_darknet_like.small_submodules/td_fused_top_tdf5_poolOutputs/post_route_timing.rpt
| Design       : td_fused_top_tdf5_poolOutputs
| Device       : 7z020-clg484
| Speed File   : -3  PRODUCTION 1.11 2014-09-11
-----------------------------------------------------------------------------------------------------------------------------------------------------------------------------------------------------------------------------------------------------

Timing Report

Startpoint                     Endpoint                       Slack(ns)     
----------------------------------------------------------------------------
hcmp_16ns_16ns_1_2_no_dsp_1_U315/din0_buf1_reg[0]/C
                               max_vals_5_0_reg[12]/CE        1.607         
hcmp_16ns_16ns_1_2_no_dsp_1_U315/din0_buf1_reg[0]/C
                               max_vals_5_0_reg[13]/CE        1.607         
hcmp_16ns_16ns_1_2_no_dsp_1_U315/din0_buf1_reg[0]/C
                               max_vals_5_0_reg[14]/CE        1.607         
hcmp_16ns_16ns_1_2_no_dsp_1_U315/din0_buf1_reg[0]/C
                               max_vals_5_0_reg[15]/CE        1.696         
hcmp_16ns_16ns_1_2_no_dsp_1_U315/din0_buf1_reg[0]/C
                               max_vals_5_0_reg[2]/CE         1.696         
hcmp_16ns_16ns_1_2_no_dsp_1_U315/din0_buf1_reg[0]/C
                               max_vals_5_0_reg[4]/CE         1.696         
hcmp_16ns_16ns_1_2_no_dsp_1_U315/din0_buf1_reg[0]/C
                               max_vals_5_0_reg[7]/CE         1.696         
hcmp_16ns_16ns_1_2_no_dsp_1_U315/din0_buf1_reg[0]/C
                               max_vals_5_0_reg[11]/CE        1.718         
hcmp_16ns_16ns_1_2_no_dsp_1_U315/din0_buf1_reg[0]/C
                               max_vals_5_0_reg[3]/CE         1.718         
hcmp_16ns_16ns_1_2_no_dsp_1_U315/din0_buf1_reg[0]/C
                               max_vals_5_0_reg[5]/CE         1.718         
hcmp_16ns_16ns_1_2_no_dsp_1_U315/din0_buf1_reg[0]/C
                               max_vals_5_0_reg[6]/CE         1.718         
hcmp_16ns_16ns_1_2_no_dsp_1_U315/din0_buf1_reg[0]/C
                               max_vals_5_0_reg[8]/CE         1.718         
hcmp_16ns_16ns_1_2_no_dsp_1_U315/din0_buf1_reg[0]/C
                               max_vals_5_0_reg[0]/CE         1.749         
hcmp_16ns_16ns_1_2_no_dsp_1_U315/din0_buf1_reg[0]/C
                               max_vals_5_0_reg[10]/CE        1.749         
hcmp_16ns_16ns_1_2_no_dsp_1_U315/din0_buf1_reg[0]/C
                               max_vals_5_0_reg[1]/CE         1.749         
hcmp_16ns_16ns_1_2_no_dsp_1_U315/din0_buf1_reg[0]/C
                               max_vals_5_0_reg[9]/CE         1.749         
hcmp_16ns_16ns_1_2_no_dsp_1_U315/din0_buf1_reg[0]/C
                               hcmp_16ns_16ns_1_2_no_dsp_1_U315/dout_r_reg[0]/D
                                                              2.620         
grp_tdf5_writeOutputs_unaligned_fu_88/outputCount_5_reg[6]/C
                               grp_tdf5_writeOutputs_unaligned_fu_88/outputChanIdx_5_reg[0]/R
                                                              4.840         
grp_tdf5_writeOutputs_unaligned_fu_88/outputCount_5_reg[6]/C
                               grp_tdf5_writeOutputs_unaligned_fu_88/outputChanIdx_5_reg[1]/R
                                                              4.840         
grp_tdf5_writeOutputs_unaligned_fu_88/outputCount_5_reg[6]/C
                               grp_tdf5_writeOutputs_unaligned_fu_88/outputChanIdx_5_reg[2]/R
                                                              4.840         
grp_tdf5_writeOutputs_unaligned_fu_88/outputCount_5_reg[6]/C
                               grp_tdf5_writeOutputs_unaligned_fu_88/outputChanIdx_5_reg[3]/R
                                                              4.840         
grp_tdf5_writeOutputs_unaligned_fu_88/outputCount_5_reg[6]/C
                               grp_tdf5_writeOutputs_unaligned_fu_88/outputChanIdx_5_reg[12]/R
                                                              4.934         
grp_tdf5_writeOutputs_unaligned_fu_88/outputCount_5_reg[6]/C
                               grp_tdf5_writeOutputs_unaligned_fu_88/outputChanIdx_5_reg[13]/R
                                                              4.934         
grp_tdf5_writeOutputs_unaligned_fu_88/outputCount_5_reg[6]/C
                               grp_tdf5_writeOutputs_unaligned_fu_88/outputChanIdx_5_reg[14]/R
                                                              4.934         
grp_tdf5_writeOutputs_unaligned_fu_88/outputCount_5_reg[6]/C
                               grp_tdf5_writeOutputs_unaligned_fu_88/outputChanIdx_5_reg[15]/R
                                                              4.934         
grp_tdf5_writeOutputs_unaligned_fu_88/outputCount_5_reg[6]/C
                               grp_tdf5_writeOutputs_unaligned_fu_88/outputChanIdx_5_reg[4]/R
                                                              4.936         
grp_tdf5_writeOutputs_unaligned_fu_88/outputCount_5_reg[6]/C
                               grp_tdf5_writeOutputs_unaligned_fu_88/outputChanIdx_5_reg[5]/R
                                                              4.936         
grp_tdf5_writeOutputs_unaligned_fu_88/outputCount_5_reg[6]/C
                               grp_tdf5_writeOutputs_unaligned_fu_88/outputChanIdx_5_reg[6]/R
                                                              4.936         
grp_tdf5_writeOutputs_unaligned_fu_88/outputCount_5_reg[6]/C
                               grp_tdf5_writeOutputs_unaligned_fu_88/outputChanIdx_5_reg[7]/R
                                                              4.936         
grp_tdf5_writeOutputs_unaligned_fu_88/outputCount_5_reg[6]/C
                               grp_tdf5_writeOutputs_unaligned_fu_88/outputChanIdx_5_reg[10]/R
                                                              5.032         
grp_tdf5_writeOutputs_unaligned_fu_88/outputCount_5_reg[6]/C
                               grp_tdf5_writeOutputs_unaligned_fu_88/outputChanIdx_5_reg[11]/R
                                                              5.032         
grp_tdf5_writeOutputs_unaligned_fu_88/outputCount_5_reg[6]/C
                               grp_tdf5_writeOutputs_unaligned_fu_88/outputChanIdx_5_reg[8]/R
                                                              5.032         
grp_tdf5_writeOutputs_unaligned_fu_88/outputCount_5_reg[6]/C
                               grp_tdf5_writeOutputs_unaligned_fu_88/outputChanIdx_5_reg[9]/R
                                                              5.032         
grp_tdf5_writeOutputs_unaligned_fu_88/outputCount_5_reg[6]/C
                               grp_tdf5_writeOutputs_unaligned_fu_88/outputChanIdx_5_reg[10]/CE
                                                              5.736         
grp_tdf5_writeOutputs_unaligned_fu_88/outputCount_5_reg[6]/C
                               grp_tdf5_writeOutputs_unaligned_fu_88/outputChanIdx_5_reg[11]/CE
                                                              5.736         
grp_tdf5_writeOutputs_unaligned_fu_88/outputCount_5_reg[6]/C
                               grp_tdf5_writeOutputs_unaligned_fu_88/outputChanIdx_5_reg[8]/CE
                                                              5.736         
grp_tdf5_writeOutputs_unaligned_fu_88/outputCount_5_reg[6]/C
                               grp_tdf5_writeOutputs_unaligned_fu_88/outputChanIdx_5_reg[9]/CE
                                                              5.736         
grp_tdf5_writeOutputs_unaligned_fu_88/outputCount_5_reg[6]/C
                               grp_tdf5_writeOutputs_unaligned_fu_88/empty_reg_87_reg[0]/CE
                                                              5.800         
grp_tdf5_writeOutputs_unaligned_fu_88/outputCount_5_reg[6]/C
                               grp_tdf5_writeOutputs_unaligned_fu_88/empty_reg_87_reg[10]/CE
                                                              5.817         
grp_tdf5_writeOutputs_unaligned_fu_88/outputCount_5_reg[6]/C
                               grp_tdf5_writeOutputs_unaligned_fu_88/empty_reg_87_reg[11]/CE
                                                              5.817         
grp_tdf5_writeOutputs_unaligned_fu_88/outputCount_5_reg[6]/C
                               grp_tdf5_writeOutputs_unaligned_fu_88/empty_reg_87_reg[12]/CE
                                                              5.817         
grp_tdf5_writeOutputs_unaligned_fu_88/outputCount_5_reg[6]/C
                               grp_tdf5_writeOutputs_unaligned_fu_88/empty_reg_87_reg[9]/CE
                                                              5.817         
grp_tdf5_writeOutputs_unaligned_fu_88/outputCount_5_reg[6]/C
                               grp_tdf5_writeOutputs_unaligned_fu_88/outputChanIdx_5_reg[0]/CE
                                                              5.936         
grp_tdf5_writeOutputs_unaligned_fu_88/outputCount_5_reg[6]/C
                               grp_tdf5_writeOutputs_unaligned_fu_88/outputChanIdx_5_reg[1]/CE
                                                              5.936         
grp_tdf5_writeOutputs_unaligned_fu_88/outputCount_5_reg[6]/C
                               grp_tdf5_writeOutputs_unaligned_fu_88/outputChanIdx_5_reg[2]/CE
                                                              5.936         
grp_tdf5_writeOutputs_unaligned_fu_88/outputCount_5_reg[6]/C
                               grp_tdf5_writeOutputs_unaligned_fu_88/outputChanIdx_5_reg[3]/CE
                                                              5.936         
grp_tdf5_writeOutputs_unaligned_fu_88/outputCount_5_reg[6]/C
                               grp_tdf5_writeOutputs_unaligned_fu_88/empty_reg_87_reg[13]/CE
                                                              5.952         
grp_tdf5_writeOutputs_unaligned_fu_88/outputCount_5_reg[6]/C
                               grp_tdf5_writeOutputs_unaligned_fu_88/empty_reg_87_reg[14]/CE
                                                              5.952         
grp_tdf5_writeOutputs_unaligned_fu_88/outputCount_5_reg[6]/C
                               grp_tdf5_writeOutputs_unaligned_fu_88/empty_reg_87_reg[15]/CE
                                                              5.952         
grp_tdf5_writeOutputs_unaligned_fu_88/outputCount_5_reg[6]/C
                               grp_tdf5_writeOutputs_unaligned_fu_88/empty_reg_87_reg[1]/CE
                                                              6.052         
grp_tdf5_writeOutputs_unaligned_fu_88/outputCount_5_reg[6]/C
                               grp_tdf5_writeOutputs_unaligned_fu_88/empty_reg_87_reg[2]/CE
                                                              6.052         
grp_tdf5_writeOutputs_unaligned_fu_88/outputCount_5_reg[6]/C
                               grp_tdf5_writeOutputs_unaligned_fu_88/empty_reg_87_reg[3]/CE
                                                              6.052         
grp_tdf5_writeOutputs_unaligned_fu_88/outputCount_5_reg[6]/C
                               grp_tdf5_writeOutputs_unaligned_fu_88/empty_reg_87_reg[4]/CE
                                                              6.052         
grp_tdf5_writeOutputs_unaligned_fu_88/outputCount_5_reg[6]/C
                               grp_tdf5_writeOutputs_unaligned_fu_88/empty_reg_87_reg[5]/CE
                                                              6.058         
grp_tdf5_writeOutputs_unaligned_fu_88/outputCount_5_reg[6]/C
                               grp_tdf5_writeOutputs_unaligned_fu_88/empty_reg_87_reg[6]/CE
                                                              6.058         
grp_tdf5_writeOutputs_unaligned_fu_88/outputCount_5_reg[6]/C
                               grp_tdf5_writeOutputs_unaligned_fu_88/empty_reg_87_reg[7]/CE
                                                              6.058         
grp_tdf5_writeOutputs_unaligned_fu_88/outputCount_5_reg[6]/C
                               grp_tdf5_writeOutputs_unaligned_fu_88/empty_reg_87_reg[8]/CE
                                                              6.058         
grp_tdf5_writeOutputs_unaligned_fu_88/outputCount_5_reg[6]/C
                               grp_tdf5_writeOutputs_unaligned_fu_88/outputChanIdx_5_reg[12]/CE
                                                              6.155         
grp_tdf5_writeOutputs_unaligned_fu_88/outputCount_5_reg[6]/C
                               grp_tdf5_writeOutputs_unaligned_fu_88/outputChanIdx_5_reg[13]/CE
                                                              6.155         
grp_tdf5_writeOutputs_unaligned_fu_88/outputCount_5_reg[6]/C
                               grp_tdf5_writeOutputs_unaligned_fu_88/outputChanIdx_5_reg[14]/CE
                                                              6.155         
grp_tdf5_writeOutputs_unaligned_fu_88/outputCount_5_reg[6]/C
                               grp_tdf5_writeOutputs_unaligned_fu_88/outputChanIdx_5_reg[15]/CE
                                                              6.155         
grp_tdf5_writeOutputs_unaligned_fu_88/outputCount_5_reg[6]/C
                               grp_tdf5_writeOutputs_unaligned_fu_88/outputChanIdx_5_reg[4]/CE
                                                              6.157         
grp_tdf5_writeOutputs_unaligned_fu_88/outputCount_5_reg[6]/C
                               grp_tdf5_writeOutputs_unaligned_fu_88/outputChanIdx_5_reg[5]/CE
                                                              6.157         
grp_tdf5_writeOutputs_unaligned_fu_88/outputCount_5_reg[6]/C
                               grp_tdf5_writeOutputs_unaligned_fu_88/outputChanIdx_5_reg[6]/CE
                                                              6.157         
grp_tdf5_writeOutputs_unaligned_fu_88/outputCount_5_reg[6]/C
                               grp_tdf5_writeOutputs_unaligned_fu_88/outputChanIdx_5_reg[7]/CE
                                                              6.157         
grp_tdf5_writeOutputs_unaligned_fu_88/outputCount_5_reg[6]/C
                               grp_tdf5_writeOutputs_unaligned_fu_88/icmp_ln88_reg_293_reg[0]/D
                                                              6.498         
grp_tdf5_writeOutputs_unaligned_fu_88/ap_CS_fsm_reg[1]/C
                               grp_tdf5_writeOutputs_unaligned_fu_88/outputCount_5_reg[0]/R
                                                              6.764         
grp_tdf5_writeOutputs_unaligned_fu_88/ap_CS_fsm_reg[1]/C
                               grp_tdf5_writeOutputs_unaligned_fu_88/empty_reg_87_reg[0]/R
                                                              6.823         
grp_tdf5_writeOutputs_unaligned_fu_88/ap_CS_fsm_reg[1]/C
                               grp_tdf5_writeOutputs_unaligned_fu_88/empty_reg_87_reg[1]/R
                                                              6.982         
grp_tdf5_writeOutputs_unaligned_fu_88/ap_CS_fsm_reg[1]/C
                               grp_tdf5_writeOutputs_unaligned_fu_88/empty_reg_87_reg[2]/R
                                                              6.982         
grp_tdf5_writeOutputs_unaligned_fu_88/ap_CS_fsm_reg[1]/C
                               grp_tdf5_writeOutputs_unaligned_fu_88/empty_reg_87_reg[3]/R
                                                              6.982         
grp_tdf5_writeOutputs_unaligned_fu_88/ap_CS_fsm_reg[1]/C
                               grp_tdf5_writeOutputs_unaligned_fu_88/empty_reg_87_reg[4]/R
                                                              6.982         
ap_CS_fsm_reg[1]/C             hcmp_16ns_16ns_1_2_no_dsp_1_U315/din0_buf1_reg[3]/CE
                                                              6.995         
ap_CS_fsm_reg[1]/C             hcmp_16ns_16ns_1_2_no_dsp_1_U315/din0_buf1_reg[4]/CE
                                                              6.995         
ap_CS_fsm_reg[1]/C             hcmp_16ns_16ns_1_2_no_dsp_1_U315/din0_buf1_reg[6]/CE
                                                              6.995         
ap_CS_fsm_reg[1]/C             hcmp_16ns_16ns_1_2_no_dsp_1_U315/din0_buf1_reg[8]/CE
                                                              6.995         
grp_tdf5_writeOutputs_unaligned_fu_88/ap_CS_fsm_reg[1]/C
                               grp_tdf5_writeOutputs_unaligned_fu_88/empty_reg_87_reg[5]/R
                                                              7.004         
grp_tdf5_writeOutputs_unaligned_fu_88/ap_CS_fsm_reg[1]/C
                               grp_tdf5_writeOutputs_unaligned_fu_88/empty_reg_87_reg[6]/R
                                                              7.004         
grp_tdf5_writeOutputs_unaligned_fu_88/ap_CS_fsm_reg[1]/C
                               grp_tdf5_writeOutputs_unaligned_fu_88/empty_reg_87_reg[7]/R
                                                              7.004         
grp_tdf5_writeOutputs_unaligned_fu_88/ap_CS_fsm_reg[1]/C
                               grp_tdf5_writeOutputs_unaligned_fu_88/empty_reg_87_reg[8]/R
                                                              7.004         
grp_tdf5_writeOutputs_unaligned_fu_88/ap_CS_fsm_reg[1]/C
                               grp_tdf5_writeOutputs_unaligned_fu_88/outputCount_5_reg[1]/R
                                                              7.041         
grp_tdf5_writeOutputs_unaligned_fu_88/ap_CS_fsm_reg[1]/C
                               grp_tdf5_writeOutputs_unaligned_fu_88/outputCount_5_reg[2]/R
                                                              7.041         
grp_tdf5_writeOutputs_unaligned_fu_88/ap_CS_fsm_reg[1]/C
                               grp_tdf5_writeOutputs_unaligned_fu_88/outputCount_5_reg[3]/R
                                                              7.041         
grp_tdf5_writeOutputs_unaligned_fu_88/ap_CS_fsm_reg[1]/C
                               grp_tdf5_writeOutputs_unaligned_fu_88/outputCount_5_reg[4]/R
                                                              7.041         
grp_tdf5_writeOutputs_unaligned_fu_88/ap_CS_fsm_reg[1]/C
                               grp_tdf5_writeOutputs_unaligned_fu_88/outputCount_5_reg[5]/R
                                                              7.063         
grp_tdf5_writeOutputs_unaligned_fu_88/ap_CS_fsm_reg[1]/C
                               grp_tdf5_writeOutputs_unaligned_fu_88/outputCount_5_reg[6]/R
                                                              7.063         
grp_tdf5_writeOutputs_unaligned_fu_88/ap_CS_fsm_reg[1]/C
                               grp_tdf5_writeOutputs_unaligned_fu_88/outputCount_5_reg[7]/R
                                                              7.063         
grp_tdf5_writeOutputs_unaligned_fu_88/ap_CS_fsm_reg[1]/C
                               grp_tdf5_writeOutputs_unaligned_fu_88/outputCount_5_reg[8]/R
                                                              7.063         
ap_CS_fsm_reg[1]/C             hcmp_16ns_16ns_1_2_no_dsp_1_U315/din0_buf1_reg[5]/CE
                                                              7.103         
ap_CS_fsm_reg[1]/C             hcmp_16ns_16ns_1_2_no_dsp_1_U315/din1_buf1_reg[3]/CE
                                                              7.103         
ap_CS_fsm_reg[1]/C             hcmp_16ns_16ns_1_2_no_dsp_1_U315/din1_buf1_reg[4]/CE
                                                              7.103         
ap_CS_fsm_reg[1]/C             hcmp_16ns_16ns_1_2_no_dsp_1_U315/din1_buf1_reg[6]/CE
                                                              7.103         
ap_CS_fsm_reg[1]/C             hcmp_16ns_16ns_1_2_no_dsp_1_U315/din0_buf1_reg[1]/CE
                                                              7.146         
ap_CS_fsm_reg[1]/C             hcmp_16ns_16ns_1_2_no_dsp_1_U315/din0_buf1_reg[2]/CE
                                                              7.146         
ap_CS_fsm_reg[1]/C             hcmp_16ns_16ns_1_2_no_dsp_1_U315/din0_buf1_reg[7]/CE
                                                              7.146         
ap_CS_fsm_reg[1]/C             hcmp_16ns_16ns_1_2_no_dsp_1_U315/din1_buf1_reg[13]/CE
                                                              7.146         
grp_tdf5_writeOutputs_unaligned_fu_88/ap_CS_fsm_reg[1]/C
                               grp_tdf5_writeOutputs_unaligned_fu_88/empty_reg_87_reg[10]/R
                                                              7.229         
grp_tdf5_writeOutputs_unaligned_fu_88/ap_CS_fsm_reg[1]/C
                               grp_tdf5_writeOutputs_unaligned_fu_88/empty_reg_87_reg[11]/R
                                                              7.229         
grp_tdf5_writeOutputs_unaligned_fu_88/ap_CS_fsm_reg[1]/C
                               grp_tdf5_writeOutputs_unaligned_fu_88/empty_reg_87_reg[12]/R
                                                              7.229         
grp_tdf5_writeOutputs_unaligned_fu_88/ap_CS_fsm_reg[1]/C
                               grp_tdf5_writeOutputs_unaligned_fu_88/empty_reg_87_reg[9]/R
                                                              7.229         



