Copyright 1986-2018 Xilinx, Inc. All Rights Reserved.
--------------------------------------------------------------------------------------------------------------------------------------------------------------------------------------------------------------------
| Tool Version : Vivado v.2018.3 (lin64) Build 2405991 Thu Dec  6 23:36:41 MST 2018
| Date         : Thu Jan 13 07:40:45 2022
| Host         : koopa.ece.utexas.edu running 64-bit CentOS Linux release 7.9.2009 (Core)
| Command      : report_timing_summary -file /misc/scratch/zwei1/reports_Jan12/raw_designs/vtr_designs/verilog/koios/tiny_darknet_like.small_submodules/td_fused_top_tdf5_poolOutputs/post_place_timing_summary.rpt
| Design       : td_fused_top_tdf5_poolOutputs
| Device       : 7z020-clg484
| Speed File   : -3  PRODUCTION 1.11 2014-09-11
--------------------------------------------------------------------------------------------------------------------------------------------------------------------------------------------------------------------

Timing Summary Report

------------------------------------------------------------------------------------------------
| Timer Settings
| --------------
------------------------------------------------------------------------------------------------

  Enable Multi Corner Analysis               :  Yes
  Enable Pessimism Removal                   :  Yes
  Pessimism Removal Resolution               :  Nearest Common Node
  Enable Input Delay Default Clock           :  No
  Enable Preset / Clear Arcs                 :  No
  Disable Flight Delays                      :  No
  Ignore I/O Paths                           :  No
  Timing Early Launch at Borrowing Latches   :  false

  Corner  Analyze    Analyze    
  Name    Max Paths  Min Paths  
  ------  ---------  ---------  
  Slow    Yes        Yes        
  Fast    Yes        Yes        



check_timing report

Table of Contents
-----------------
1. checking no_clock
2. checking constant_clock
3. checking pulse_width_clock
4. checking unconstrained_internal_endpoints
5. checking no_input_delay
6. checking no_output_delay
7. checking multiple_clock
8. checking generated_clocks
9. checking loops
10. checking partial_input_delay
11. checking partial_output_delay
12. checking latch_loops

1. checking no_clock
--------------------
 There are 0 register/latch pins with no clock.


2. checking constant_clock
--------------------------
 There are 0 register/latch pins with constant_clock.


3. checking pulse_width_clock
-----------------------------
 There are 0 register/latch pins which need pulse_width check


4. checking unconstrained_internal_endpoints
--------------------------------------------
 There are 0 pins that are not constrained for maximum delay.

 There are 0 pins that are not constrained for maximum delay due to constant clock.


5. checking no_input_delay
--------------------------
 There are 40 input ports with no input delay specified. (HIGH)

 There are 0 input ports with no input delay but user has a false path constraint.


6. checking no_output_delay
---------------------------
 There are 88 ports with no output delay specified. (HIGH)

 There are 0 ports with no output delay but user has a false path constraint

 There are 0 ports with no output delay but with a timing clock defined on it or propagating through it


7. checking multiple_clock
--------------------------
 There are 0 register/latch pins with multiple clocks.


8. checking generated_clocks
----------------------------
 There are 0 generated clocks that are not connected to a clock source.


9. checking loops
-----------------
 There are 0 combinational loops in the design.


10. checking partial_input_delay
--------------------------------
 There are 0 input ports with partial input delay specified.


11. checking partial_output_delay
---------------------------------
 There are 0 ports with partial output delay specified.


12. checking latch_loops
------------------------
 There are 0 combinational latch loops in the design through latch input



------------------------------------------------------------------------------------------------
| Design Timing Summary
| ---------------------
------------------------------------------------------------------------------------------------

    WNS(ns)      TNS(ns)  TNS Failing Endpoints  TNS Total Endpoints      WHS(ns)      THS(ns)  THS Failing Endpoints  THS Total Endpoints     WPWS(ns)     TPWS(ns)  TPWS Failing Endpoints  TPWS Total Endpoints  
    -------      -------  ---------------------  -------------------      -------      -------  ---------------------  -------------------     --------     --------  ----------------------  --------------------  
      1.762        0.000                      0                  365        0.161        0.000                      0                  365        4.500        0.000                       0                   187  


All user specified timing constraints are met.


------------------------------------------------------------------------------------------------
| Clock Summary
| -------------
------------------------------------------------------------------------------------------------

Clock  Waveform(ns)       Period(ns)      Frequency(MHz)
-----  ------------       ----------      --------------
clk    {0.000 5.000}      10.000          100.000         


------------------------------------------------------------------------------------------------
| Intra Clock Table
| -----------------
------------------------------------------------------------------------------------------------

Clock             WNS(ns)      TNS(ns)  TNS Failing Endpoints  TNS Total Endpoints      WHS(ns)      THS(ns)  THS Failing Endpoints  THS Total Endpoints     WPWS(ns)     TPWS(ns)  TPWS Failing Endpoints  TPWS Total Endpoints  
-----             -------      -------  ---------------------  -------------------      -------      -------  ---------------------  -------------------     --------     --------  ----------------------  --------------------  
clk                 1.762        0.000                      0                  365        0.161        0.000                      0                  365        4.500        0.000                       0                   187  


------------------------------------------------------------------------------------------------
| Inter Clock Table
| -----------------
------------------------------------------------------------------------------------------------

From Clock    To Clock          WNS(ns)      TNS(ns)  TNS Failing Endpoints  TNS Total Endpoints      WHS(ns)      THS(ns)  THS Failing Endpoints  THS Total Endpoints  
----------    --------          -------      -------  ---------------------  -------------------      -------      -------  ---------------------  -------------------  


------------------------------------------------------------------------------------------------
| Other Path Groups Table
| -----------------------
------------------------------------------------------------------------------------------------

Path Group    From Clock    To Clock          WNS(ns)      TNS(ns)  TNS Failing Endpoints  TNS Total Endpoints      WHS(ns)      THS(ns)  THS Failing Endpoints  THS Total Endpoints  
----------    ----------    --------          -------      -------  ---------------------  -------------------      -------      -------  ---------------------  -------------------  


------------------------------------------------------------------------------------------------
| Timing Details
| --------------
------------------------------------------------------------------------------------------------


---------------------------------------------------------------------------------------------------
From Clock:  clk
  To Clock:  clk

Setup :            0  Failing Endpoints,  Worst Slack        1.762ns,  Total Violation        0.000ns
Hold  :            0  Failing Endpoints,  Worst Slack        0.161ns,  Total Violation        0.000ns
PW    :            0  Failing Endpoints,  Worst Slack        4.500ns,  Total Violation        0.000ns
---------------------------------------------------------------------------------------------------


Max Delay Paths
--------------------------------------------------------------------------------------
Slack (MET) :             1.762ns  (required time - arrival time)
  Source:                 hcmp_16ns_16ns_1_2_no_dsp_1_U315/din0_buf1_reg[1]/C
                            (rising edge-triggered cell FDRE clocked by clk  {rise@0.000ns fall@5.000ns period=10.000ns})
  Destination:            max_vals_5_0_reg[12]/CE
                            (rising edge-triggered cell FDRE clocked by clk  {rise@0.000ns fall@5.000ns period=10.000ns})
  Path Group:             clk
  Path Type:              Setup (Max at Slow Process Corner)
  Requirement:            10.000ns  (clk rise@10.000ns - clk rise@0.000ns)
  Data Path Delay:        8.048ns  (logic 2.841ns (35.301%)  route 5.207ns (64.699%))
  Logic Levels:           15  (CARRY4=5 LUT3=2 LUT4=1 LUT5=3 LUT6=4)
  Clock Path Skew:        -0.035ns (DCD - SCD + CPR)
    Destination Clock Delay (DCD):    0.669ns = ( 10.669 - 10.000 ) 
    Source Clock Delay      (SCD):    0.704ns
    Clock Pessimism Removal (CPR):    0.000ns
  Clock Uncertainty:      0.035ns  ((TSJ^2 + TIJ^2)^1/2 + DJ) / 2 + PE
    Total System Jitter     (TSJ):    0.071ns
    Total Input Jitter      (TIJ):    0.000ns
    Discrete Jitter          (DJ):    0.000ns
    Phase Error              (PE):    0.000ns

    Location             Delay type                Incr(ns)  Path(ns)    Netlist Resource(s)
  -------------------------------------------------------------------    -------------------
                         (clock clk rise edge)        0.000     0.000 r  
                                                      0.000     0.000 r  ap_clk (IN)
                         net (fo=186, unset)          0.704     0.704    hcmp_16ns_16ns_1_2_no_dsp_1_U315/ap_clk
    SLICE_X30Y54         FDRE                                         r  hcmp_16ns_16ns_1_2_no_dsp_1_U315/din0_buf1_reg[1]/C
  -------------------------------------------------------------------    -------------------
    SLICE_X30Y54         FDRE (Prop_fdre_C_Q)         0.393     1.097 r  hcmp_16ns_16ns_1_2_no_dsp_1_U315/din0_buf1_reg[1]/Q
                         net (fo=4, estimated)        0.733     1.830    hcmp_16ns_16ns_1_2_no_dsp_1_U315/din0_buf1[1]
    SLICE_X30Y54         LUT4 (Prop_lut4_I0_O)        0.097     1.927 r  hcmp_16ns_16ns_1_2_no_dsp_1_U315/MaxAB_carry_i_8/O
                         net (fo=1, routed)           0.000     1.927    hcmp_16ns_16ns_1_2_no_dsp_1_U315/td_fused_top_ap_hcmp_0_no_dsp_16_u/u_FPAddSub_2/AlignModule/S[0]
    SLICE_X30Y54         CARRY4 (Prop_carry4_S[0]_CO[3])
                                                      0.379     2.306 r  hcmp_16ns_16ns_1_2_no_dsp_1_U315/td_fused_top_ap_hcmp_0_no_dsp_16_u/u_FPAddSub_2/AlignModule/MaxAB_carry/CO[3]
                         net (fo=1, estimated)        0.000     2.306    hcmp_16ns_16ns_1_2_no_dsp_1_U315/td_fused_top_ap_hcmp_0_no_dsp_16_u/u_FPAddSub_2/AlignModule/MaxAB_carry_n_0
    SLICE_X30Y55         CARRY4 (Prop_carry4_CI_CO[3])
                                                      0.092     2.398 r  hcmp_16ns_16ns_1_2_no_dsp_1_U315/td_fused_top_ap_hcmp_0_no_dsp_16_u/u_FPAddSub_2/AlignModule/MaxAB_carry__0/CO[3]
                         net (fo=32, estimated)       0.476     2.874    hcmp_16ns_16ns_1_2_no_dsp_1_U315/u_FPAddSub_2/MaxAB_1
    SLICE_X31Y53         LUT3 (Prop_lut3_I1_O)        0.105     2.979 r  hcmp_16ns_16ns_1_2_no_dsp_1_U315/dout_r[0]_i_70/O
                         net (fo=2, estimated)        0.692     3.671    hcmp_16ns_16ns_1_2_no_dsp_1_U315/dout_r[0]_i_70_n_0
    SLICE_X29Y54         LUT5 (Prop_lut5_I2_O)        0.249     3.920 f  hcmp_16ns_16ns_1_2_no_dsp_1_U315/dout_r[0]_i_67/O
                         net (fo=2, estimated)        0.580     4.500    hcmp_16ns_16ns_1_2_no_dsp_1_U315/dout_r[0]_i_67_n_0
    SLICE_X29Y54         LUT6 (Prop_lut6_I0_O)        0.240     4.740 r  hcmp_16ns_16ns_1_2_no_dsp_1_U315/dout_r[0]_i_54/O
                         net (fo=2, estimated)        0.387     5.127    hcmp_16ns_16ns_1_2_no_dsp_1_U315/dout_r[0]_i_54_n_0
    SLICE_X29Y51         LUT6 (Prop_lut6_I1_O)        0.097     5.224 r  hcmp_16ns_16ns_1_2_no_dsp_1_U315/dout_r[0]_i_29/O
                         net (fo=2, estimated)        0.327     5.551    hcmp_16ns_16ns_1_2_no_dsp_1_U315/dout_r[0]_i_29_n_0
    SLICE_X28Y51         LUT6 (Prop_lut6_I0_O)        0.097     5.648 r  hcmp_16ns_16ns_1_2_no_dsp_1_U315/dout_r[0]_i_32/O
                         net (fo=1, routed)           0.000     5.648    hcmp_16ns_16ns_1_2_no_dsp_1_U315/dout_r[0]_i_32_n_0
    SLICE_X28Y51         CARRY4 (Prop_carry4_S[2]_CO[3])
                                                      0.301     5.949 r  hcmp_16ns_16ns_1_2_no_dsp_1_U315/dout_r_reg[0]_i_9/CO[3]
                         net (fo=1, estimated)        0.000     5.949    hcmp_16ns_16ns_1_2_no_dsp_1_U315/dout_r_reg[0]_i_9_n_0
    SLICE_X28Y52         CARRY4 (Prop_carry4_CI_CO[3])
                                                      0.089     6.038 r  hcmp_16ns_16ns_1_2_no_dsp_1_U315/dout_r_reg[0]_i_5/CO[3]
                         net (fo=1, estimated)        0.000     6.038    hcmp_16ns_16ns_1_2_no_dsp_1_U315/dout_r_reg[0]_i_5_n_0
    SLICE_X28Y53         CARRY4 (Prop_carry4_CI_O[2])
                                                      0.181     6.219 r  hcmp_16ns_16ns_1_2_no_dsp_1_U315/dout_r_reg[0]_i_6/O[2]
                         net (fo=1, estimated)        0.599     6.818    hcmp_16ns_16ns_1_2_no_dsp_1_U315/u_FPAddSub_2/pipe_5[14]
    SLICE_X26Y53         LUT5 (Prop_lut5_I1_O)        0.230     7.048 r  hcmp_16ns_16ns_1_2_no_dsp_1_U315/dout_r[0]_i_7/O
                         net (fo=1, estimated)        0.321     7.369    hcmp_16ns_16ns_1_2_no_dsp_1_U315/dout_r[0]_i_7_n_0
    SLICE_X26Y53         LUT6 (Prop_lut6_I5_O)        0.097     7.466 r  hcmp_16ns_16ns_1_2_no_dsp_1_U315/dout_r[0]_i_2/O
                         net (fo=1, estimated)        0.302     7.768    hcmp_16ns_16ns_1_2_no_dsp_1_U315/dout_r[0]_i_2_n_0
    SLICE_X27Y55         LUT5 (Prop_lut5_I2_O)        0.097     7.865 r  hcmp_16ns_16ns_1_2_no_dsp_1_U315/dout_r[0]_i_1/O
                         net (fo=2, estimated)        0.400     8.265    hcmp_16ns_16ns_1_2_no_dsp_1_U315/grp_fu_110_p2
    SLICE_X31Y57         LUT3 (Prop_lut3_I1_O)        0.097     8.362 r  hcmp_16ns_16ns_1_2_no_dsp_1_U315/max_vals_5_0[15]_i_1/O
                         net (fo=16, estimated)       0.390     8.752    max_vals_5_0
    SLICE_X30Y57         FDRE                                         r  max_vals_5_0_reg[12]/CE
  -------------------------------------------------------------------    -------------------

                         (clock clk rise edge)       10.000    10.000 r  
                                                      0.000    10.000 r  ap_clk (IN)
                         net (fo=186, unset)          0.669    10.669    ap_clk
    SLICE_X30Y57         FDRE                                         r  max_vals_5_0_reg[12]/C
                         clock pessimism              0.000    10.669    
                         clock uncertainty           -0.035    10.633    
    SLICE_X30Y57         FDRE (Setup_fdre_C_CE)      -0.119    10.514    max_vals_5_0_reg[12]
  -------------------------------------------------------------------
                         required time                         10.514    
                         arrival time                          -8.752    
  -------------------------------------------------------------------
                         slack                                  1.762    





Min Delay Paths
--------------------------------------------------------------------------------------
Slack (MET) :             0.161ns  (arrival time - required time)
  Source:                 grp_tdf5_writeOutputs_unaligned_fu_88/outputCount_5_reg[11]/C
                            (rising edge-triggered cell FDRE clocked by clk  {rise@0.000ns fall@5.000ns period=10.000ns})
  Destination:            grp_tdf5_writeOutputs_unaligned_fu_88/empty_reg_87_reg[11]/D
                            (rising edge-triggered cell FDRE clocked by clk  {rise@0.000ns fall@5.000ns period=10.000ns})
  Path Group:             clk
  Path Type:              Hold (Min at Fast Process Corner)
  Requirement:            0.000ns  (clk rise@0.000ns - clk rise@0.000ns)
  Data Path Delay:        0.313ns  (logic 0.251ns (80.232%)  route 0.062ns (19.768%))
  Logic Levels:           1  (CARRY4=1)
  Clock Path Skew:        0.022ns (DCD - SCD - CPR)
    Destination Clock Delay (DCD):    0.432ns
    Source Clock Delay      (SCD):    0.411ns
    Clock Pessimism Removal (CPR):    -0.000ns

    Location             Delay type                Incr(ns)  Path(ns)    Netlist Resource(s)
  -------------------------------------------------------------------    -------------------
                         (clock clk rise edge)        0.000     0.000 r  
                                                      0.000     0.000 r  ap_clk (IN)
                         net (fo=186, unset)          0.411     0.411    grp_tdf5_writeOutputs_unaligned_fu_88/ap_clk
    SLICE_X37Y62         FDRE                                         r  grp_tdf5_writeOutputs_unaligned_fu_88/outputCount_5_reg[11]/C
  -------------------------------------------------------------------    -------------------
    SLICE_X37Y62         FDRE (Prop_fdre_C_Q)         0.141     0.552 r  grp_tdf5_writeOutputs_unaligned_fu_88/outputCount_5_reg[11]/Q
                         net (fo=1, estimated)        0.062     0.614    grp_tdf5_writeOutputs_unaligned_fu_88/outputCount_5_reg_n_0_[11]
    SLICE_X36Y62         CARRY4 (Prop_carry4_S[2]_O[2])
                                                      0.110     0.724 r  grp_tdf5_writeOutputs_unaligned_fu_88/empty_reg_87_reg[12]_i_1/O[2]
                         net (fo=3, routed)           0.000     0.724    grp_tdf5_writeOutputs_unaligned_fu_88/add_ln87_fu_173_p2[11]
    SLICE_X36Y62         FDRE                                         r  grp_tdf5_writeOutputs_unaligned_fu_88/empty_reg_87_reg[11]/D
  -------------------------------------------------------------------    -------------------

                         (clock clk rise edge)        0.000     0.000 r  
                                                      0.000     0.000 r  ap_clk (IN)
                         net (fo=186, unset)          0.432     0.432    grp_tdf5_writeOutputs_unaligned_fu_88/ap_clk
    SLICE_X36Y62         FDRE                                         r  grp_tdf5_writeOutputs_unaligned_fu_88/empty_reg_87_reg[11]/C
                         clock pessimism              0.000     0.432    
    SLICE_X36Y62         FDRE (Hold_fdre_C_D)         0.130     0.562    grp_tdf5_writeOutputs_unaligned_fu_88/empty_reg_87_reg[11]
  -------------------------------------------------------------------
                         required time                         -0.562    
                         arrival time                           0.724    
  -------------------------------------------------------------------
                         slack                                  0.161    





Pulse Width Checks
--------------------------------------------------------------------------------------
Clock Name:         clk
Waveform(ns):       { 0.000 5.000 }
Period(ns):         10.000
Sources:            { ap_clk }

Check Type        Corner  Lib Pin  Reference Pin  Required(ns)  Actual(ns)  Slack(ns)  Location      Pin
Min Period        n/a     FDSE/C   n/a            1.000         10.000      9.000      SLICE_X33Y58  ap_CS_fsm_reg[0]/C
Low Pulse Width   Slow    FDSE/C   n/a            0.500         5.000       4.500      SLICE_X33Y58  ap_CS_fsm_reg[0]/C
High Pulse Width  Slow    FDSE/C   n/a            0.500         5.000       4.500      SLICE_X33Y58  ap_CS_fsm_reg[0]/C



