Copyright 1986-2018 Xilinx, Inc. All Rights Reserved.
-----------------------------------------------------------------------------------------------------------------------------------------------------------------------------------------------------------------------------------------------------------------
| Tool Version : Vivado v.2018.3 (lin64) Build 2405991 Thu Dec  6 23:36:41 MST 2018
| Date         : Wed Jan 12 08:44:55 2022
| Host         : koopa.ece.utexas.edu running 64-bit CentOS Linux release 7.9.2009 (Core)
| Command      : report_timing -sort_by group -max_paths 100 -path_type summary -file /misc/scratch/zwei1/reports_Jan12/raw_designs/vtr_designs/verilog/koios/tiny_darknet_like.medium_submodules/td_fused_top_tdf3_writeOutputs_unaligned/post_route_timing.rpt
| Design       : td_fused_top_tdf3_writeOutputs_unaligned
| Device       : 7z020-clg484
| Speed File   : -3  PRODUCTION 1.11 2014-09-11
-----------------------------------------------------------------------------------------------------------------------------------------------------------------------------------------------------------------------------------------------------------------

Timing Report

Startpoint                     Endpoint                       Slack(ns)     
----------------------------------------------------------------------------
outputCount_2_reg[6]/C         empty_reg_109_reg[5]/CE        6.083         
outputCount_2_reg[6]/C         empty_reg_109_reg[6]/CE        6.083         
outputCount_2_reg[6]/C         empty_reg_109_reg[7]/CE        6.083         
outputCount_2_reg[6]/C         empty_reg_109_reg[8]/CE        6.083         
outputCount_2_reg[6]/C         empty_reg_109_reg[1]/CE        6.182         
outputCount_2_reg[6]/C         empty_reg_109_reg[2]/CE        6.182         
outputCount_2_reg[6]/C         empty_reg_109_reg[3]/CE        6.182         
outputCount_2_reg[6]/C         empty_reg_109_reg[4]/CE        6.182         
outputCount_2_reg[6]/C         empty_reg_109_reg[0]/CE        6.198         
outputCount_2_reg[6]/C         empty_reg_109_reg[13]/CE       6.198         
outputCount_2_reg[6]/C         empty_reg_109_reg[14]/CE       6.198         
outputCount_2_reg[6]/C         empty_reg_109_reg[15]/CE       6.198         
outputChanIdx_2_reg[9]/C       outputChanIdx_2_reg[12]/R      6.241         
outputChanIdx_2_reg[9]/C       outputChanIdx_2_reg[13]/R      6.241         
outputChanIdx_2_reg[9]/C       outputChanIdx_2_reg[14]/R      6.241         
outputChanIdx_2_reg[9]/C       outputChanIdx_2_reg[15]/R      6.241         
outputChanIdx_2_reg[9]/C       outputChanIdx_2_reg[10]/R      6.252         
outputChanIdx_2_reg[9]/C       outputChanIdx_2_reg[11]/R      6.252         
outputChanIdx_2_reg[9]/C       outputChanIdx_2_reg[8]/R       6.252         
outputChanIdx_2_reg[9]/C       outputChanIdx_2_reg[9]/R       6.252         
outputCount_2_reg[6]/C         empty_reg_109_reg[10]/CE       6.297         
outputCount_2_reg[6]/C         empty_reg_109_reg[11]/CE       6.297         
outputCount_2_reg[6]/C         empty_reg_109_reg[12]/CE       6.297         
outputCount_2_reg[6]/C         empty_reg_109_reg[9]/CE        6.297         
outputChanIdx_2_reg[9]/C       outputChanIdx_2_reg[4]/R       6.348         
outputChanIdx_2_reg[9]/C       outputChanIdx_2_reg[5]/R       6.348         
outputChanIdx_2_reg[9]/C       outputChanIdx_2_reg[6]/R       6.348         
outputChanIdx_2_reg[9]/C       outputChanIdx_2_reg[7]/R       6.348         
outputChanIdx_2_reg[9]/C       outputChanIdx_2_reg[0]/R       6.360         
outputChanIdx_2_reg[9]/C       outputChanIdx_2_reg[1]/R       6.360         
outputChanIdx_2_reg[9]/C       outputChanIdx_2_reg[2]/R       6.360         
outputChanIdx_2_reg[9]/C       outputChanIdx_2_reg[3]/R       6.360         
outputCount_2_reg[6]/C         icmp_ln88_reg_333_reg[0]/D     6.653         
indices_01_read_reg_309_reg[4]/C
                               shl_ln89_reg_320_reg[13]/D     7.002         
indices_01_read_reg_309_reg[4]/C
                               shl_ln89_reg_320_reg[12]/D     7.073         
indices_01_read_reg_309_reg[0]/C
                               shl_ln89_reg_320_reg[11]/D     7.189         
indices_01_read_reg_309_reg[0]/C
                               shl_ln89_reg_320_reg[9]/D      7.193         
indices_01_read_reg_309_reg[0]/C
                               shl_ln89_reg_320_reg[10]/D     7.242         
indices_01_read_reg_309_reg[0]/C
                               shl_ln89_reg_320_reg[8]/D      7.264         
outputCount_2_reg[0]/C         empty_reg_109_reg[0]/D         7.270         
ap_CS_fsm_reg[1]/C             outputRow_4_1_reg[2]/CE        7.410         
ap_CS_fsm_reg[1]/C             outputRow_4_1_reg[4]/CE        7.410         
ap_CS_fsm_reg[1]/C             outputRow_4_1_reg[6]/CE        7.410         
ap_CS_fsm_reg[1]/C             outputRow_4_1_reg[9]/CE        7.410         
indices_01_read_reg_309_reg[0]/C
                               shl_ln89_reg_320_reg[7]/D      7.457         
ap_CS_fsm_reg[1]/C             outputRow_4_1_reg[10]/CE       7.498         
ap_CS_fsm_reg[1]/C             outputRow_4_1_reg[11]/CE       7.498         
ap_CS_fsm_reg[1]/C             outputRow_4_1_reg[1]/CE        7.498         
ap_CS_fsm_reg[1]/C             outputRow_4_1_reg[14]/CE       7.528         
ap_CS_fsm_reg[1]/C             outputRow_4_1_reg[3]/CE        7.528         
indices_01_read_reg_309_reg[0]/C
                               shl_ln89_reg_320_reg[6]/D      7.535         
ap_CS_fsm_reg[2]/C             outputCount_2_reg[0]/R         7.787         
ap_CS_fsm_reg[2]/C             outputCount_2_reg[12]/R        7.787         
ap_CS_fsm_reg[2]/C             outputCount_2_reg[13]/R        7.787         
ap_CS_fsm_reg[2]/C             outputCount_2_reg[14]/R        7.787         
ap_CS_fsm_reg[2]/C             outputCount_2_reg[15]/R        7.787         
ap_CS_fsm_reg[2]/C             outputCount_2_reg[9]/R         7.787         
ap_CS_fsm_reg[1]/C             outputRow_4_1_reg[0]/CE        7.795         
ap_CS_fsm_reg[1]/C             outputRow_4_1_reg[12]/CE       7.795         
ap_CS_fsm_reg[1]/C             outputRow_4_1_reg[13]/CE       7.795         
ap_CS_fsm_reg[1]/C             outputRow_4_1_reg[15]/CE       7.795         
ap_CS_fsm_reg[1]/C             outputRow_4_1_reg[5]/CE        7.795         
ap_CS_fsm_reg[1]/C             outputRow_4_1_reg[7]/CE        7.795         
ap_CS_fsm_reg[1]/C             outputRow_4_1_reg[8]/CE        7.795         
indices_01_read_reg_309_reg[0]/C
                               shl_ln89_reg_320_reg[5]/D      7.830         
outputCount_2_reg[0]/C         outputRow_4_0_reg[0]/CE        7.896         
outputCount_2_reg[0]/C         outputRow_4_0_reg[14]/CE       7.896         
outputCount_2_reg[0]/C         outputRow_4_0_reg[15]/CE       7.896         
ap_CS_fsm_reg[2]/C             outputCount_2_reg[1]/R         7.956         
ap_CS_fsm_reg[2]/C             outputCount_2_reg[2]/R         7.956         
ap_CS_fsm_reg[2]/C             outputCount_2_reg[3]/R         7.956         
ap_CS_fsm_reg[2]/C             outputCount_2_reg[4]/R         7.956         
ap_CS_fsm_reg[1]/C             shl_ln89_reg_320_reg[12]/CE    7.978         
ap_CS_fsm_reg[1]/C             shl_ln89_reg_320_reg[13]/CE    7.978         
outputCount_2_reg[0]/C         outputRow_4_0_reg[1]/CE        7.995         
outputCount_2_reg[0]/C         outputRow_4_0_reg[3]/CE        7.995         
outputCount_2_reg[0]/C         outputRow_4_0_reg[5]/CE        7.995         
outputCount_2_reg[0]/C         outputRow_4_0_reg[7]/CE        7.995         
outputCount_2_reg[0]/C         outputRow_4_0_reg[9]/CE        7.995         
ap_CS_fsm_reg[2]/C             outputChanIdx_2_reg[0]/CE      8.017         
ap_CS_fsm_reg[2]/C             outputChanIdx_2_reg[1]/CE      8.017         
ap_CS_fsm_reg[2]/C             outputChanIdx_2_reg[2]/CE      8.017         
ap_CS_fsm_reg[2]/C             outputChanIdx_2_reg[3]/CE      8.017         
ap_CS_fsm_reg[2]/C             empty_reg_109_reg[1]/R         8.025         
ap_CS_fsm_reg[2]/C             empty_reg_109_reg[2]/R         8.025         
ap_CS_fsm_reg[2]/C             empty_reg_109_reg[3]/R         8.025         
ap_CS_fsm_reg[2]/C             empty_reg_109_reg[4]/R         8.025         
ap_CS_fsm_reg[2]/C             ap_CS_fsm_reg[0]/D             8.029         
outputCount_2_reg[1]/C         outputRow_4_3_reg[11]/CE       8.039         
outputCount_2_reg[1]/C         outputRow_4_3_reg[13]/CE       8.039         
outputCount_2_reg[1]/C         outputRow_4_3_reg[2]/CE        8.039         
outputCount_2_reg[0]/C         outputRow_4_0_reg[2]/CE        8.047         
outputCount_2_reg[0]/C         outputRow_4_0_reg[4]/CE        8.047         
outputCount_2_reg[0]/C         outputRow_4_0_reg[6]/CE        8.047         
outputCount_2_reg[0]/C         outputRow_4_0_reg[8]/CE        8.047         
ap_CS_fsm_reg[2]/C             outputCount_2_reg[10]/R        8.052         
ap_CS_fsm_reg[2]/C             outputCount_2_reg[11]/R        8.052         
ap_CS_fsm_reg[2]/C             outputCount_2_reg[5]/R         8.052         
ap_CS_fsm_reg[2]/C             outputCount_2_reg[6]/R         8.052         
ap_CS_fsm_reg[2]/C             outputCount_2_reg[7]/R         8.052         



