Copyright 1986-2018 Xilinx, Inc. All Rights Reserved.
---------------------------------------------------------------------------------------------------------------------------------------------------------------------
| Tool Version : Vivado v.2018.3 (lin64) Build 2405991 Thu Dec  6 23:36:41 MST 2018
| Date         : Wed Jan 12 00:13:22 2022
| Host         : koopa.ece.utexas.edu running 64-bit CentOS Linux release 7.9.2009 (Core)
| Command      : report_timing_summary -file /misc/scratch/zwei1/reports_Jan12/raw_designs/vtr_designs/verilog/koios/clstm_like.medium/post_synth_timing_summary.rpt
| Design       : C_LSTM_datapath
| Device       : 7z020-clg484
| Speed File   : -3  PRODUCTION 1.11 2014-09-11
---------------------------------------------------------------------------------------------------------------------------------------------------------------------

Timing Summary Report

------------------------------------------------------------------------------------------------
| Timer Settings
| --------------
------------------------------------------------------------------------------------------------

  Enable Multi Corner Analysis               :  Yes
  Enable Pessimism Removal                   :  Yes
  Pessimism Removal Resolution               :  Nearest Common Node
  Enable Input Delay Default Clock           :  No
  Enable Preset / Clear Arcs                 :  No
  Disable Flight Delays                      :  No
  Ignore I/O Paths                           :  No
  Timing Early Launch at Borrowing Latches   :  false

  Corner  Analyze    Analyze    
  Name    Max Paths  Min Paths  
  ------  ---------  ---------  
  Slow    Yes        Yes        
  Fast    Yes        Yes        



check_timing report

Table of Contents
-----------------
1. checking no_clock
2. checking constant_clock
3. checking pulse_width_clock
4. checking unconstrained_internal_endpoints
5. checking no_input_delay
6. checking no_output_delay
7. checking multiple_clock
8. checking generated_clocks
9. checking loops
10. checking partial_input_delay
11. checking partial_output_delay
12. checking latch_loops

1. checking no_clock
--------------------
 There are 0 register/latch pins with no clock.


2. checking constant_clock
--------------------------
 There are 0 register/latch pins with constant_clock.


3. checking pulse_width_clock
-----------------------------
 There are 0 register/latch pins which need pulse_width check


4. checking unconstrained_internal_endpoints
--------------------------------------------
 There are 0 pins that are not constrained for maximum delay.

 There are 0 pins that are not constrained for maximum delay due to constant clock.


5. checking no_input_delay
--------------------------
 There are 292 input ports with no input delay specified. (HIGH)

 There are 0 input ports with no input delay but user has a false path constraint.


6. checking no_output_delay
---------------------------
 There are 450 ports with no output delay specified. (HIGH)

 There are 0 ports with no output delay but user has a false path constraint

 There are 0 ports with no output delay but with a timing clock defined on it or propagating through it


7. checking multiple_clock
--------------------------
 There are 0 register/latch pins with multiple clocks.


8. checking generated_clocks
----------------------------
 There are 0 generated clocks that are not connected to a clock source.


9. checking loops
-----------------
 There are 0 combinational loops in the design.


10. checking partial_input_delay
--------------------------------
 There are 0 input ports with partial input delay specified.


11. checking partial_output_delay
---------------------------------
 There are 0 ports with partial output delay specified.


12. checking latch_loops
------------------------
 There are 0 combinational latch loops in the design through latch input



------------------------------------------------------------------------------------------------
| Design Timing Summary
| ---------------------
------------------------------------------------------------------------------------------------

    WNS(ns)      TNS(ns)  TNS Failing Endpoints  TNS Total Endpoints      WHS(ns)      THS(ns)  THS Failing Endpoints  THS Total Endpoints     WPWS(ns)     TPWS(ns)  TPWS Failing Endpoints  TPWS Total Endpoints  
    -------      -------  ---------------------  -------------------      -------      -------  ---------------------  -------------------     --------     --------  ----------------------  --------------------  
      2.990        0.000                      0               147669        0.206        0.000                      0               147669        4.230        0.000                       0                133271  


All user specified timing constraints are met.


------------------------------------------------------------------------------------------------
| Clock Summary
| -------------
------------------------------------------------------------------------------------------------

Clock  Waveform(ns)       Period(ns)      Frequency(MHz)
-----  ------------       ----------      --------------
clk    {0.000 5.000}      10.000          100.000         


------------------------------------------------------------------------------------------------
| Intra Clock Table
| -----------------
------------------------------------------------------------------------------------------------

Clock             WNS(ns)      TNS(ns)  TNS Failing Endpoints  TNS Total Endpoints      WHS(ns)      THS(ns)  THS Failing Endpoints  THS Total Endpoints     WPWS(ns)     TPWS(ns)  TPWS Failing Endpoints  TPWS Total Endpoints  
-----             -------      -------  ---------------------  -------------------      -------      -------  ---------------------  -------------------     --------     --------  ----------------------  --------------------  
clk                 2.990        0.000                      0               147669        0.206        0.000                      0               147669        4.230        0.000                       0                133271  


------------------------------------------------------------------------------------------------
| Inter Clock Table
| -----------------
------------------------------------------------------------------------------------------------

From Clock    To Clock          WNS(ns)      TNS(ns)  TNS Failing Endpoints  TNS Total Endpoints      WHS(ns)      THS(ns)  THS Failing Endpoints  THS Total Endpoints  
----------    --------          -------      -------  ---------------------  -------------------      -------      -------  ---------------------  -------------------  


------------------------------------------------------------------------------------------------
| Other Path Groups Table
| -----------------------
------------------------------------------------------------------------------------------------

Path Group    From Clock    To Clock          WNS(ns)      TNS(ns)  TNS Failing Endpoints  TNS Total Endpoints      WHS(ns)      THS(ns)  THS Failing Endpoints  THS Total Endpoints  
----------    ----------    --------          -------      -------  ---------------------  -------------------      -------      -------  ---------------------  -------------------  


------------------------------------------------------------------------------------------------
| Timing Details
| --------------
------------------------------------------------------------------------------------------------


---------------------------------------------------------------------------------------------------
From Clock:  clk
  To Clock:  clk

Setup :            0  Failing Endpoints,  Worst Slack        2.990ns,  Total Violation        0.000ns
Hold  :            0  Failing Endpoints,  Worst Slack        0.206ns,  Total Violation        0.000ns
PW    :            0  Failing Endpoints,  Worst Slack        4.230ns,  Total Violation        0.000ns
---------------------------------------------------------------------------------------------------


Max Delay Paths
--------------------------------------------------------------------------------------
Slack (MET) :             2.990ns  (required time - arrival time)
  Source:                 C_LSTM_stage_2_18_10_32_1_inst/lstm_gate_18_10_32_1_forget/sigmoid_core_18_18_10_32_1_inst_0/dsp_signed_mac_18_13_23_32_inst/reg_ay_reg[2]/C
                            (rising edge-triggered cell FDRE clocked by clk  {rise@0.000ns fall@5.000ns period=10.000ns})
  Destination:            C_LSTM_stage_2_18_10_32_1_inst/lstm_gate_18_10_32_1_forget/sigmoid_core_18_18_10_32_1_inst_0/dsp_signed_mac_18_13_23_32_inst/reg_res_reg[28]/D
                            (rising edge-triggered cell FDRE clocked by clk  {rise@0.000ns fall@5.000ns period=10.000ns})
  Path Group:             clk
  Path Type:              Setup (Max at Slow Process Corner)
  Requirement:            10.000ns  (clk rise@10.000ns - clk rise@0.000ns)
  Data Path Delay:        7.033ns  (logic 4.052ns (57.614%)  route 2.981ns (42.386%))
  Logic Levels:           13  (CARRY4=9 LUT2=1 LUT3=1 LUT4=1 LUT6=1)
  Clock Path Skew:        -0.035ns (DCD - SCD + CPR)
    Destination Clock Delay (DCD):    0.669ns = ( 10.669 - 10.000 ) 
    Source Clock Delay      (SCD):    0.704ns
    Clock Pessimism Removal (CPR):    0.000ns
  Clock Uncertainty:      0.035ns  ((TSJ^2 + TIJ^2)^1/2 + DJ) / 2 + PE
    Total System Jitter     (TSJ):    0.071ns
    Total Input Jitter      (TIJ):    0.000ns
    Discrete Jitter          (DJ):    0.000ns
    Phase Error              (PE):    0.000ns

    Location             Delay type                Incr(ns)  Path(ns)    Netlist Resource(s)
  -------------------------------------------------------------------    -------------------
                         (clock clk rise edge)        0.000     0.000 r  
                                                      0.000     0.000 r  clk (IN)
                         net (fo=133270, unset)       0.704     0.704    C_LSTM_stage_2_18_10_32_1_inst/lstm_gate_18_10_32_1_forget/sigmoid_core_18_18_10_32_1_inst_0/dsp_signed_mac_18_13_23_32_inst/clk
                         FDRE                                         r  C_LSTM_stage_2_18_10_32_1_inst/lstm_gate_18_10_32_1_forget/sigmoid_core_18_18_10_32_1_inst_0/dsp_signed_mac_18_13_23_32_inst/reg_ay_reg[2]/C
  -------------------------------------------------------------------    -------------------
                         FDRE (Prop_fdre_C_Q)         0.393     1.097 r  C_LSTM_stage_2_18_10_32_1_inst/lstm_gate_18_10_32_1_forget/sigmoid_core_18_18_10_32_1_inst_0/dsp_signed_mac_18_13_23_32_inst/reg_ay_reg[2]/Q
                         net (fo=36, unplaced)        0.769     1.866    C_LSTM_stage_2_18_10_32_1_inst/lstm_gate_18_10_32_1_forget/sigmoid_core_18_18_10_32_1_inst_0/dsp_signed_mac_18_13_23_32_inst/reg_ay[2]
                         LUT6 (Prop_lut6_I0_O)        0.199     2.065 r  C_LSTM_stage_2_18_10_32_1_inst/lstm_gate_18_10_32_1_forget/sigmoid_core_18_18_10_32_1_inst_0/dsp_signed_mac_18_13_23_32_inst/reg_res[11]_i_25__0/O
                         net (fo=2, unplaced)         0.482     2.547    C_LSTM_stage_2_18_10_32_1_inst/lstm_gate_18_10_32_1_forget/sigmoid_core_18_18_10_32_1_inst_0/dsp_signed_mac_18_13_23_32_inst/reg_res[11]_i_25__0_n_0
                         CARRY4 (Prop_carry4_DI[1]_CO[3])
                                                      0.386     2.933 r  C_LSTM_stage_2_18_10_32_1_inst/lstm_gate_18_10_32_1_forget/sigmoid_core_18_18_10_32_1_inst_0/dsp_signed_mac_18_13_23_32_inst/reg_res_reg[11]_i_15__0/CO[3]
                         net (fo=1, unplaced)         0.000     2.933    C_LSTM_stage_2_18_10_32_1_inst/lstm_gate_18_10_32_1_forget/sigmoid_core_18_18_10_32_1_inst_0/dsp_signed_mac_18_13_23_32_inst/reg_res_reg[11]_i_15__0_n_0
                         CARRY4 (Prop_carry4_CI_CO[3])
                                                      0.092     3.025 r  C_LSTM_stage_2_18_10_32_1_inst/lstm_gate_18_10_32_1_forget/sigmoid_core_18_18_10_32_1_inst_0/dsp_signed_mac_18_13_23_32_inst/reg_res_reg[15]_i_17__0/CO[3]
                         net (fo=1, unplaced)         0.000     3.025    C_LSTM_stage_2_18_10_32_1_inst/lstm_gate_18_10_32_1_forget/sigmoid_core_18_18_10_32_1_inst_0/dsp_signed_mac_18_13_23_32_inst/reg_res_reg[15]_i_17__0_n_0
                         CARRY4 (Prop_carry4_CI_O[1])
                                                      0.234     3.259 r  C_LSTM_stage_2_18_10_32_1_inst/lstm_gate_18_10_32_1_forget/sigmoid_core_18_18_10_32_1_inst_0/dsp_signed_mac_18_13_23_32_inst/reg_res_reg[23]_i_31__0/O[1]
                         net (fo=4, unplaced)         0.428     3.687    C_LSTM_stage_2_18_10_32_1_inst_n_8435
                         LUT4 (Prop_lut4_I1_O)        0.216     3.903 r  sigmoid_core_18_18_10_32_1_inst_0/dsp_signed_mac_18_13_23_32_inst/reg_res[19]_i_23__0/O
                         net (fo=1, unplaced)         0.000     3.903    sigmoid_core_18_18_10_32_1_inst_0/dsp_signed_mac_18_13_23_32_inst/reg_res[19]_i_23__0_n_0
                         CARRY4 (Prop_carry4_S[1]_CO[3])
                                                      0.402     4.305 r  sigmoid_core_18_18_10_32_1_inst_0/dsp_signed_mac_18_13_23_32_inst/reg_res_reg[19]_i_15__0/CO[3]
                         net (fo=1, unplaced)         0.000     4.305    sigmoid_core_18_18_10_32_1_inst_0/dsp_signed_mac_18_13_23_32_inst/reg_res_reg[19]_i_15__0_n_0
                         CARRY4 (Prop_carry4_CI_O[3])
                                                      0.250     4.555 r  sigmoid_core_18_18_10_32_1_inst_0/dsp_signed_mac_18_13_23_32_inst/reg_res_reg[23]_i_13__0/O[3]
                         net (fo=2, unplaced)         0.468     5.023    sigmoid_core_18_18_10_32_1_inst_0/dsp_signed_mac_18_13_23_32_inst/reg_res_reg[23]_i_13__0_n_4
                         LUT2 (Prop_lut2_I0_O)        0.229     5.252 r  sigmoid_core_18_18_10_32_1_inst_0/dsp_signed_mac_18_13_23_32_inst/reg_res[23]_i_8__0/O
                         net (fo=2, unplaced)         0.346     5.598    sigmoid_core_18_18_10_32_1_inst_0/dsp_signed_mac_18_13_23_32_inst/reg_res[23]_i_8__0_n_0
                         LUT3 (Prop_lut3_I2_O)        0.253     5.851 r  sigmoid_core_18_18_10_32_1_inst_0/dsp_signed_mac_18_13_23_32_inst/reg_res[23]_i_12__0/O
                         net (fo=1, unplaced)         0.000     5.851    sigmoid_core_18_18_10_32_1_inst_0/dsp_signed_mac_18_13_23_32_inst/reg_res[23]_i_12__0_n_0
                         CARRY4 (Prop_carry4_S[0]_CO[3])
                                                      0.379     6.230 r  sigmoid_core_18_18_10_32_1_inst_0/dsp_signed_mac_18_13_23_32_inst/reg_res_reg[23]_i_2__0/CO[3]
                         net (fo=1, unplaced)         0.000     6.230    sigmoid_core_18_18_10_32_1_inst_0/dsp_signed_mac_18_13_23_32_inst/reg_res_reg[23]_i_2__0_n_0
                         CARRY4 (Prop_carry4_CI_O[1])
                                                      0.234     6.464 r  sigmoid_core_18_18_10_32_1_inst_0/dsp_signed_mac_18_13_23_32_inst/reg_res_reg[27]_i_2__0/O[1]
                         net (fo=1, unplaced)         0.488     6.952    C_LSTM_stage_2_18_10_32_1_inst/lstm_gate_18_10_32_1_forget/sigmoid_core_18_18_10_32_1_inst_0/dsp_signed_mac_18_13_23_32_inst/reg_res_reg[27]_1[25]
                         CARRY4 (Prop_carry4_S[1]_CO[3])
                                                      0.618     7.570 r  C_LSTM_stage_2_18_10_32_1_inst/lstm_gate_18_10_32_1_forget/sigmoid_core_18_18_10_32_1_inst_0/dsp_signed_mac_18_13_23_32_inst/reg_res_reg[27]_i_1__0/CO[3]
                         net (fo=1, unplaced)         0.000     7.570    C_LSTM_stage_2_18_10_32_1_inst/lstm_gate_18_10_32_1_forget/sigmoid_core_18_18_10_32_1_inst_0/dsp_signed_mac_18_13_23_32_inst/reg_res_reg[27]_i_1__0_n_0
                         CARRY4 (Prop_carry4_CI_O[0])
                                                      0.167     7.737 r  C_LSTM_stage_2_18_10_32_1_inst/lstm_gate_18_10_32_1_forget/sigmoid_core_18_18_10_32_1_inst_0/dsp_signed_mac_18_13_23_32_inst/reg_res_reg[28]_i_1__0/O[0]
                         net (fo=1, unplaced)         0.000     7.737    C_LSTM_stage_2_18_10_32_1_inst/lstm_gate_18_10_32_1_forget/sigmoid_core_18_18_10_32_1_inst_0/dsp_signed_mac_18_13_23_32_inst/P0_out[28]
                         FDRE                                         r  C_LSTM_stage_2_18_10_32_1_inst/lstm_gate_18_10_32_1_forget/sigmoid_core_18_18_10_32_1_inst_0/dsp_signed_mac_18_13_23_32_inst/reg_res_reg[28]/D
  -------------------------------------------------------------------    -------------------

                         (clock clk rise edge)       10.000    10.000 r  
                                                      0.000    10.000 r  clk (IN)
                         net (fo=133270, unset)       0.669    10.669    C_LSTM_stage_2_18_10_32_1_inst/lstm_gate_18_10_32_1_forget/sigmoid_core_18_18_10_32_1_inst_0/dsp_signed_mac_18_13_23_32_inst/clk
                         FDRE                                         r  C_LSTM_stage_2_18_10_32_1_inst/lstm_gate_18_10_32_1_forget/sigmoid_core_18_18_10_32_1_inst_0/dsp_signed_mac_18_13_23_32_inst/reg_res_reg[28]/C
                         clock pessimism              0.000    10.669    
                         clock uncertainty           -0.035    10.633    
                         FDRE (Setup_fdre_C_D)        0.094    10.727    C_LSTM_stage_2_18_10_32_1_inst/lstm_gate_18_10_32_1_forget/sigmoid_core_18_18_10_32_1_inst_0/dsp_signed_mac_18_13_23_32_inst/reg_res_reg[28]
  -------------------------------------------------------------------
                         required time                         10.727    
                         arrival time                          -7.737    
  -------------------------------------------------------------------
                         slack                                  2.990    





Min Delay Paths
--------------------------------------------------------------------------------------
Slack (MET) :             0.206ns  (arrival time - required time)
  Source:                 C_LSTM_stage_1_18_10_160_512_2_16_1_inst/forget_gate_mult/multiple_c_matrix_vec_mult_and_sum_18_10_16_1_2_42_inst/c_matrix_vec_mult_core_18_10_16_2_1_inst/dft_16_top_18_inst/codeBlock88206_18_inst/add88330/res_0_reg[0]/C
                            (rising edge-triggered cell FDRE clocked by clk  {rise@0.000ns fall@5.000ns period=10.000ns})
  Destination:            C_LSTM_stage_1_18_10_160_512_2_16_1_inst/forget_gate_mult/multiple_c_matrix_vec_mult_and_sum_18_10_16_1_2_42_inst/c_matrix_vec_mult_core_18_10_16_2_1_inst/dft_16_top_18_inst/codeBlock88206_18_inst/tm26_reg[0]_srl3/D
                            (rising edge-triggered cell SRL16E clocked by clk  {rise@0.000ns fall@5.000ns period=10.000ns})
  Path Group:             clk
  Path Type:              Hold (Min at Fast Process Corner)
  Requirement:            0.000ns  (clk rise@0.000ns - clk rise@0.000ns)
  Data Path Delay:        0.291ns  (logic 0.164ns (56.322%)  route 0.127ns (43.678%))
  Logic Levels:           0  
  Clock Path Skew:        0.022ns (DCD - SCD - CPR)
    Destination Clock Delay (DCD):    0.432ns
    Source Clock Delay      (SCD):    0.411ns
    Clock Pessimism Removal (CPR):    -0.000ns

    Location             Delay type                Incr(ns)  Path(ns)    Netlist Resource(s)
  -------------------------------------------------------------------    -------------------
                         (clock clk rise edge)        0.000     0.000 r  
                                                      0.000     0.000 r  clk (IN)
                         net (fo=133270, unset)       0.411     0.411    C_LSTM_stage_1_18_10_160_512_2_16_1_inst/forget_gate_mult/multiple_c_matrix_vec_mult_and_sum_18_10_16_1_2_42_inst/c_matrix_vec_mult_core_18_10_16_2_1_inst/dft_16_top_18_inst/codeBlock88206_18_inst/add88330/clk
                         FDRE                                         r  C_LSTM_stage_1_18_10_160_512_2_16_1_inst/forget_gate_mult/multiple_c_matrix_vec_mult_and_sum_18_10_16_1_2_42_inst/c_matrix_vec_mult_core_18_10_16_2_1_inst/dft_16_top_18_inst/codeBlock88206_18_inst/add88330/res_0_reg[0]/C
  -------------------------------------------------------------------    -------------------
                         FDRE (Prop_fdre_C_Q)         0.164     0.575 r  C_LSTM_stage_1_18_10_160_512_2_16_1_inst/forget_gate_mult/multiple_c_matrix_vec_mult_and_sum_18_10_16_1_2_42_inst/c_matrix_vec_mult_core_18_10_16_2_1_inst/dft_16_top_18_inst/codeBlock88206_18_inst/add88330/res_0_reg[0]/Q
                         net (fo=1, unplaced)         0.127     0.702    C_LSTM_stage_1_18_10_160_512_2_16_1_inst/forget_gate_mult/multiple_c_matrix_vec_mult_and_sum_18_10_16_1_2_42_inst/c_matrix_vec_mult_core_18_10_16_2_1_inst/dft_16_top_18_inst/codeBlock88206_18_inst/add88330_n_17
                         SRL16E                                       r  C_LSTM_stage_1_18_10_160_512_2_16_1_inst/forget_gate_mult/multiple_c_matrix_vec_mult_and_sum_18_10_16_1_2_42_inst/c_matrix_vec_mult_core_18_10_16_2_1_inst/dft_16_top_18_inst/codeBlock88206_18_inst/tm26_reg[0]_srl3/D
  -------------------------------------------------------------------    -------------------

                         (clock clk rise edge)        0.000     0.000 r  
                                                      0.000     0.000 r  clk (IN)
                         net (fo=133270, unset)       0.432     0.432    C_LSTM_stage_1_18_10_160_512_2_16_1_inst/forget_gate_mult/multiple_c_matrix_vec_mult_and_sum_18_10_16_1_2_42_inst/c_matrix_vec_mult_core_18_10_16_2_1_inst/dft_16_top_18_inst/codeBlock88206_18_inst/clk
                         SRL16E                                       r  C_LSTM_stage_1_18_10_160_512_2_16_1_inst/forget_gate_mult/multiple_c_matrix_vec_mult_and_sum_18_10_16_1_2_42_inst/c_matrix_vec_mult_core_18_10_16_2_1_inst/dft_16_top_18_inst/codeBlock88206_18_inst/tm26_reg[0]_srl3/CLK
                         clock pessimism              0.000     0.432    
                         SRL16E (Hold_srl16e_CLK_D)
                                                      0.064     0.496    C_LSTM_stage_1_18_10_160_512_2_16_1_inst/forget_gate_mult/multiple_c_matrix_vec_mult_and_sum_18_10_16_1_2_42_inst/c_matrix_vec_mult_core_18_10_16_2_1_inst/dft_16_top_18_inst/codeBlock88206_18_inst/tm26_reg[0]_srl3
  -------------------------------------------------------------------
                         required time                         -0.496    
                         arrival time                           0.702    
  -------------------------------------------------------------------
                         slack                                  0.206    





Pulse Width Checks
--------------------------------------------------------------------------------------
Clock Name:         clk
Waveform(ns):       { 0.000 5.000 }
Period(ns):         10.000
Sources:            { clk }

Check Type        Corner  Lib Pin             Reference Pin  Required(ns)  Actual(ns)  Slack(ns)  Location  Pin
Min Period        n/a     RAMB36E1/CLKARDCLK  n/a            2.234         10.000      7.766                ram_288_0_64_inst_0/u_dual_port_ram/ram_reg_0/CLKARDCLK
Low Pulse Width   Slow    SRL16E/CLK          n/a            0.770         5.000       4.230                C_LSTM_stage_3_18_10_64_2048_2_16_1_inst/multiple_c_matrix_vec_mult_and_sum_18_10_16_1_2_64_inst/idft_16_top_18_inst_0/codeBlock99168_18_inst/next_reg_srl7___C_LSTM_stage_1_18_10_160_512_2_16_1_inst_input_gate_mult_multiple_c_matrix_vec_mult_and_sum_18_10_16_1_2_42_inst_idft_16_top_18_inst_0_codeBlock99168_18_inst_next_reg_r/CLK
High Pulse Width  Slow    SRL16E/CLK          n/a            0.770         5.000       4.230                C_LSTM_stage_3_18_10_64_2048_2_16_1_inst/multiple_c_matrix_vec_mult_and_sum_18_10_16_1_2_64_inst/idft_16_top_18_inst_0/codeBlock99168_18_inst/next_reg_srl7___C_LSTM_stage_1_18_10_160_512_2_16_1_inst_input_gate_mult_multiple_c_matrix_vec_mult_and_sum_18_10_16_1_2_42_inst_idft_16_top_18_inst_0_codeBlock99168_18_inst_next_reg_r/CLK



