Copyright 1986-2018 Xilinx, Inc. All Rights Reserved.
----------------------------------------------------------------------------------------------------------------------------------------------------------------------------------------------------
| Tool Version : Vivado v.2018.3 (lin64) Build 2405991 Thu Dec  6 23:36:41 MST 2018
| Date         : Thu Jan 13 00:11:34 2022
| Host         : koopa.ece.utexas.edu running 64-bit CentOS Linux release 7.9.2009 (Core)
| Command      : report_timing_summary -file /misc/scratch/zwei1/reports_Jan12/raw_designs/vtr_designs/verilog/koios/dla_like.medium_submodules/dot_product_16_8_30_4/post_route_timing_summary.rpt
| Design       : dot_product_16_8_30_4
| Device       : 7z020-clg484
| Speed File   : -3  PRODUCTION 1.11 2014-09-11
----------------------------------------------------------------------------------------------------------------------------------------------------------------------------------------------------

Timing Summary Report

------------------------------------------------------------------------------------------------
| Timer Settings
| --------------
------------------------------------------------------------------------------------------------

  Enable Multi Corner Analysis               :  Yes
  Enable Pessimism Removal                   :  Yes
  Pessimism Removal Resolution               :  Nearest Common Node
  Enable Input Delay Default Clock           :  No
  Enable Preset / Clear Arcs                 :  No
  Disable Flight Delays                      :  No
  Ignore I/O Paths                           :  No
  Timing Early Launch at Borrowing Latches   :  false

  Corner  Analyze    Analyze    
  Name    Max Paths  Min Paths  
  ------  ---------  ---------  
  Slow    Yes        Yes        
  Fast    Yes        Yes        



check_timing report

Table of Contents
-----------------
1. checking no_clock
2. checking constant_clock
3. checking pulse_width_clock
4. checking unconstrained_internal_endpoints
5. checking no_input_delay
6. checking no_output_delay
7. checking multiple_clock
8. checking generated_clocks
9. checking loops
10. checking partial_input_delay
11. checking partial_output_delay
12. checking latch_loops

1. checking no_clock
--------------------
 There are 0 register/latch pins with no clock.


2. checking constant_clock
--------------------------
 There are 0 register/latch pins with constant_clock.


3. checking pulse_width_clock
-----------------------------
 There are 0 register/latch pins which need pulse_width check


4. checking unconstrained_internal_endpoints
--------------------------------------------
 There are 0 pins that are not constrained for maximum delay.

 There are 0 pins that are not constrained for maximum delay due to constant clock.


5. checking no_input_delay
--------------------------
 There are 97 input ports with no input delay specified. (HIGH)

 There are 0 input ports with no input delay but user has a false path constraint.


6. checking no_output_delay
---------------------------
 There are 24 ports with no output delay specified. (HIGH)

 There are 0 ports with no output delay but user has a false path constraint

 There are 0 ports with no output delay but with a timing clock defined on it or propagating through it


7. checking multiple_clock
--------------------------
 There are 0 register/latch pins with multiple clocks.


8. checking generated_clocks
----------------------------
 There are 0 generated clocks that are not connected to a clock source.


9. checking loops
-----------------
 There are 0 combinational loops in the design.


10. checking partial_input_delay
--------------------------------
 There are 0 input ports with partial input delay specified.


11. checking partial_output_delay
---------------------------------
 There are 0 ports with partial output delay specified.


12. checking latch_loops
------------------------
 There are 0 combinational latch loops in the design through latch input



------------------------------------------------------------------------------------------------
| Design Timing Summary
| ---------------------
------------------------------------------------------------------------------------------------

    WNS(ns)      TNS(ns)  TNS Failing Endpoints  TNS Total Endpoints      WHS(ns)      THS(ns)  THS Failing Endpoints  THS Total Endpoints     WPWS(ns)     TPWS(ns)  TPWS Failing Endpoints  TPWS Total Endpoints  
    -------      -------  ---------------------  -------------------      -------      -------  ---------------------  -------------------     --------     --------  ----------------------  --------------------  
      3.875        0.000                      0                  245        0.155        0.000                      0                  245        4.500        0.000                       0                   171  


All user specified timing constraints are met.


------------------------------------------------------------------------------------------------
| Clock Summary
| -------------
------------------------------------------------------------------------------------------------

Clock  Waveform(ns)       Period(ns)      Frequency(MHz)
-----  ------------       ----------      --------------
clk    {0.000 5.000}      10.000          100.000         


------------------------------------------------------------------------------------------------
| Intra Clock Table
| -----------------
------------------------------------------------------------------------------------------------

Clock             WNS(ns)      TNS(ns)  TNS Failing Endpoints  TNS Total Endpoints      WHS(ns)      THS(ns)  THS Failing Endpoints  THS Total Endpoints     WPWS(ns)     TPWS(ns)  TPWS Failing Endpoints  TPWS Total Endpoints  
-----             -------      -------  ---------------------  -------------------      -------      -------  ---------------------  -------------------     --------     --------  ----------------------  --------------------  
clk                 3.875        0.000                      0                  245        0.155        0.000                      0                  245        4.500        0.000                       0                   171  


------------------------------------------------------------------------------------------------
| Inter Clock Table
| -----------------
------------------------------------------------------------------------------------------------

From Clock    To Clock          WNS(ns)      TNS(ns)  TNS Failing Endpoints  TNS Total Endpoints      WHS(ns)      THS(ns)  THS Failing Endpoints  THS Total Endpoints  
----------    --------          -------      -------  ---------------------  -------------------      -------      -------  ---------------------  -------------------  


------------------------------------------------------------------------------------------------
| Other Path Groups Table
| -----------------------
------------------------------------------------------------------------------------------------

Path Group    From Clock    To Clock          WNS(ns)      TNS(ns)  TNS Failing Endpoints  TNS Total Endpoints      WHS(ns)      THS(ns)  THS Failing Endpoints  THS Total Endpoints  
----------    ----------    --------          -------      -------  ---------------------  -------------------      -------      -------  ---------------------  -------------------  


------------------------------------------------------------------------------------------------
| Timing Details
| --------------
------------------------------------------------------------------------------------------------


---------------------------------------------------------------------------------------------------
From Clock:  clk
  To Clock:  clk

Setup :            0  Failing Endpoints,  Worst Slack        3.875ns,  Total Violation        0.000ns
Hold  :            0  Failing Endpoints,  Worst Slack        0.155ns,  Total Violation        0.000ns
PW    :            0  Failing Endpoints,  Worst Slack        4.500ns,  Total Violation        0.000ns
---------------------------------------------------------------------------------------------------


Max Delay Paths
--------------------------------------------------------------------------------------
Slack (MET) :             3.875ns  (required time - arrival time)
  Source:                 dsp_block_16_8_true_inst_2/resulta2/CLK
                            (rising edge-triggered cell DSP48E1 clocked by clk  {rise@0.000ns fall@5.000ns period=10.000ns})
  Destination:            dsp_block_16_8_true_inst_2/resulta_reg[23]/D
                            (rising edge-triggered cell FDRE clocked by clk  {rise@0.000ns fall@5.000ns period=10.000ns})
  Path Group:             clk
  Path Type:              Setup (Max at Slow Process Corner)
  Requirement:            10.000ns  (clk rise@10.000ns - clk rise@0.000ns)
  Data Path Delay:        6.111ns  (logic 5.287ns (86.517%)  route 0.824ns (13.483%))
  Logic Levels:           8  (CARRY4=6 DSP48E1=1 LUT2=1)
  Clock Path Skew:        -0.035ns (DCD - SCD + CPR)
    Destination Clock Delay (DCD):    0.669ns = ( 10.669 - 10.000 ) 
    Source Clock Delay      (SCD):    0.704ns
    Clock Pessimism Removal (CPR):    0.000ns
  Clock Uncertainty:      0.035ns  ((TSJ^2 + TIJ^2)^1/2 + DJ) / 2 + PE
    Total System Jitter     (TSJ):    0.071ns
    Total Input Jitter      (TIJ):    0.000ns
    Discrete Jitter          (DJ):    0.000ns
    Phase Error              (PE):    0.000ns

    Location             Delay type                Incr(ns)  Path(ns)    Netlist Resource(s)
  -------------------------------------------------------------------    -------------------
                         (clock clk rise edge)        0.000     0.000 r  
                                                      0.000     0.000 r  clk (IN)
                         net (fo=173, unset)          0.704     0.704    dsp_block_16_8_true_inst_2/clk
    DSP48_X2Y26          DSP48E1                                      r  dsp_block_16_8_true_inst_2/resulta2/CLK
  -------------------------------------------------------------------    -------------------
    DSP48_X2Y26          DSP48E1 (Prop_dsp48e1_CLK_PCOUT[47])
                                                      3.098     3.802 r  dsp_block_16_8_true_inst_2/resulta2/PCOUT[47]
                         net (fo=1, routed)           0.002     3.804    dsp_block_16_8_true_inst_2/resulta2_n_106
    DSP48_X2Y27          DSP48E1 (Prop_dsp48e1_PCIN[47]_P[0])
                                                      1.107     4.911 r  dsp_block_16_8_true_inst_2/resulta0/P[0]
                         net (fo=1, routed)           0.822     5.733    dsp_block_16_8_true_inst_2/resulta0_n_105
    SLICE_X35Y67         LUT2 (Prop_lut2_I1_O)        0.097     5.830 r  dsp_block_16_8_true_inst_2/resulta[3]_i_5/O
                         net (fo=1, routed)           0.000     5.830    dsp_block_16_8_true_inst_2/resulta[3]_i_5_n_0
    SLICE_X35Y67         CARRY4 (Prop_carry4_S[0]_CO[3])
                                                      0.395     6.225 r  dsp_block_16_8_true_inst_2/resulta_reg[3]_i_1/CO[3]
                         net (fo=1, routed)           0.000     6.225    dsp_block_16_8_true_inst_2/resulta_reg[3]_i_1_n_0
    SLICE_X35Y68         CARRY4 (Prop_carry4_CI_CO[3])
                                                      0.089     6.314 r  dsp_block_16_8_true_inst_2/resulta_reg[7]_i_1/CO[3]
                         net (fo=1, routed)           0.000     6.314    dsp_block_16_8_true_inst_2/resulta_reg[7]_i_1_n_0
    SLICE_X35Y69         CARRY4 (Prop_carry4_CI_CO[3])
                                                      0.089     6.403 r  dsp_block_16_8_true_inst_2/resulta_reg[11]_i_1/CO[3]
                         net (fo=1, routed)           0.000     6.403    dsp_block_16_8_true_inst_2/resulta_reg[11]_i_1_n_0
    SLICE_X35Y70         CARRY4 (Prop_carry4_CI_CO[3])
                                                      0.089     6.492 r  dsp_block_16_8_true_inst_2/resulta_reg[15]_i_1/CO[3]
                         net (fo=1, routed)           0.000     6.492    dsp_block_16_8_true_inst_2/resulta_reg[15]_i_1_n_0
    SLICE_X35Y71         CARRY4 (Prop_carry4_CI_CO[3])
                                                      0.089     6.581 r  dsp_block_16_8_true_inst_2/resulta_reg[19]_i_1/CO[3]
                         net (fo=1, routed)           0.000     6.581    dsp_block_16_8_true_inst_2/resulta_reg[19]_i_1_n_0
    SLICE_X35Y72         CARRY4 (Prop_carry4_CI_O[3])
                                                      0.234     6.815 r  dsp_block_16_8_true_inst_2/resulta_reg[23]_i_1/O[3]
                         net (fo=1, routed)           0.000     6.815    dsp_block_16_8_true_inst_2/resulta_reg[23]_i_1_n_4
    SLICE_X35Y72         FDRE                                         r  dsp_block_16_8_true_inst_2/resulta_reg[23]/D
  -------------------------------------------------------------------    -------------------

                         (clock clk rise edge)       10.000    10.000 r  
                                                      0.000    10.000 r  clk (IN)
                         net (fo=173, unset)          0.669    10.669    dsp_block_16_8_true_inst_2/clk
    SLICE_X35Y72         FDRE                                         r  dsp_block_16_8_true_inst_2/resulta_reg[23]/C
                         clock pessimism              0.000    10.669    
                         clock uncertainty           -0.035    10.633    
    SLICE_X35Y72         FDRE (Setup_fdre_C_D)        0.056    10.689    dsp_block_16_8_true_inst_2/resulta_reg[23]
  -------------------------------------------------------------------
                         required time                         10.689    
                         arrival time                          -6.815    
  -------------------------------------------------------------------
                         slack                                  3.875    





Min Delay Paths
--------------------------------------------------------------------------------------
Slack (MET) :             0.155ns  (arrival time - required time)
  Source:                 f_pipeline_2_0_reg[6]/C
                            (rising edge-triggered cell FDRE clocked by clk  {rise@0.000ns fall@5.000ns period=10.000ns})
  Destination:            f_pipeline_2_1_reg[6]/D
                            (rising edge-triggered cell FDRE clocked by clk  {rise@0.000ns fall@5.000ns period=10.000ns})
  Path Group:             clk
  Path Type:              Hold (Min at Fast Process Corner)
  Requirement:            0.000ns  (clk rise@0.000ns - clk rise@0.000ns)
  Data Path Delay:        0.248ns  (logic 0.141ns (56.775%)  route 0.107ns (43.225%))
  Logic Levels:           0  
  Clock Path Skew:        0.022ns (DCD - SCD - CPR)
    Destination Clock Delay (DCD):    0.432ns
    Source Clock Delay      (SCD):    0.411ns
    Clock Pessimism Removal (CPR):    -0.000ns

    Location             Delay type                Incr(ns)  Path(ns)    Netlist Resource(s)
  -------------------------------------------------------------------    -------------------
                         (clock clk rise edge)        0.000     0.000 r  
                                                      0.000     0.000 r  clk (IN)
                         net (fo=173, unset)          0.411     0.411    clk
    SLICE_X39Y66         FDRE                                         r  f_pipeline_2_0_reg[6]/C
  -------------------------------------------------------------------    -------------------
    SLICE_X39Y66         FDRE (Prop_fdre_C_Q)         0.141     0.552 r  f_pipeline_2_0_reg[6]/Q
                         net (fo=1, routed)           0.107     0.659    f_pipeline_2_0[6]
    SLICE_X39Y66         FDRE                                         r  f_pipeline_2_1_reg[6]/D
  -------------------------------------------------------------------    -------------------

                         (clock clk rise edge)        0.000     0.000 r  
                                                      0.000     0.000 r  clk (IN)
                         net (fo=173, unset)          0.432     0.432    clk
    SLICE_X39Y66         FDRE                                         r  f_pipeline_2_1_reg[6]/C
                         clock pessimism              0.000     0.432    
    SLICE_X39Y66         FDRE (Hold_fdre_C_D)         0.072     0.504    f_pipeline_2_1_reg[6]
  -------------------------------------------------------------------
                         required time                         -0.504    
                         arrival time                           0.659    
  -------------------------------------------------------------------
                         slack                                  0.155    





Pulse Width Checks
--------------------------------------------------------------------------------------
Clock Name:         clk
Waveform(ns):       { 0.000 5.000 }
Period(ns):         10.000
Sources:            { clk }

Check Type        Corner  Lib Pin      Reference Pin  Required(ns)  Actual(ns)  Slack(ns)  Location      Pin
Min Period        n/a     DSP48E1/CLK  n/a            2.863         10.000      7.137      DSP48_X2Y29   dsp_block_16_8_false_inst_0/resulta0/CLK
Low Pulse Width   Slow    FDRE/C       n/a            0.500         5.000       4.500      SLICE_X35Y67  dsp_block_16_8_true_inst_2/resulta_reg[0]/C
High Pulse Width  Slow    FDRE/C       n/a            0.500         5.000       4.500      SLICE_X35Y67  dsp_block_16_8_true_inst_2/resulta_reg[0]/C



