Copyright 1986-2018 Xilinx, Inc. All Rights Reserved.
---------------------------------------------------------------------------------------------------------------------------------------------------------------------------------------------------------------------
| Tool Version : Vivado v.2018.3 (lin64) Build 2405991 Thu Dec  6 23:36:41 MST 2018
| Date         : Wed Jan 12 08:32:23 2022
| Host         : koopa.ece.utexas.edu running 64-bit CentOS Linux release 7.9.2009 (Core)
| Command      : report_timing_summary -file /misc/scratch/zwei1/reports_Jan12/raw_designs/vtr_designs/verilog/koios/tiny_darknet_like.medium_submodules/td_fused_top_tdf2_poolOutputs/post_place_timing_summary.rpt
| Design       : td_fused_top_tdf2_poolOutputs
| Device       : 7z020-clg484
| Speed File   : -3  PRODUCTION 1.11 2014-09-11
---------------------------------------------------------------------------------------------------------------------------------------------------------------------------------------------------------------------

Timing Summary Report

------------------------------------------------------------------------------------------------
| Timer Settings
| --------------
------------------------------------------------------------------------------------------------

  Enable Multi Corner Analysis               :  Yes
  Enable Pessimism Removal                   :  Yes
  Pessimism Removal Resolution               :  Nearest Common Node
  Enable Input Delay Default Clock           :  No
  Enable Preset / Clear Arcs                 :  No
  Disable Flight Delays                      :  No
  Ignore I/O Paths                           :  No
  Timing Early Launch at Borrowing Latches   :  false

  Corner  Analyze    Analyze    
  Name    Max Paths  Min Paths  
  ------  ---------  ---------  
  Slow    Yes        Yes        
  Fast    Yes        Yes        



check_timing report

Table of Contents
-----------------
1. checking no_clock
2. checking constant_clock
3. checking pulse_width_clock
4. checking unconstrained_internal_endpoints
5. checking no_input_delay
6. checking no_output_delay
7. checking multiple_clock
8. checking generated_clocks
9. checking loops
10. checking partial_input_delay
11. checking partial_output_delay
12. checking latch_loops

1. checking no_clock
--------------------
 There are 0 register/latch pins with no clock.


2. checking constant_clock
--------------------------
 There are 0 register/latch pins with constant_clock.


3. checking pulse_width_clock
-----------------------------
 There are 0 register/latch pins which need pulse_width check


4. checking unconstrained_internal_endpoints
--------------------------------------------
 There are 0 pins that are not constrained for maximum delay.

 There are 0 pins that are not constrained for maximum delay due to constant clock.


5. checking no_input_delay
--------------------------
 There are 97 input ports with no input delay specified. (HIGH)

 There are 0 input ports with no input delay but user has a false path constraint.


6. checking no_output_delay
---------------------------
 There are 89 ports with no output delay specified. (HIGH)

 There are 0 ports with no output delay but user has a false path constraint

 There are 0 ports with no output delay but with a timing clock defined on it or propagating through it


7. checking multiple_clock
--------------------------
 There are 0 register/latch pins with multiple clocks.


8. checking generated_clocks
----------------------------
 There are 0 generated clocks that are not connected to a clock source.


9. checking loops
-----------------
 There are 0 combinational loops in the design.


10. checking partial_input_delay
--------------------------------
 There are 0 input ports with partial input delay specified.


11. checking partial_output_delay
---------------------------------
 There are 0 ports with partial output delay specified.


12. checking latch_loops
------------------------
 There are 0 combinational latch loops in the design through latch input



------------------------------------------------------------------------------------------------
| Design Timing Summary
| ---------------------
------------------------------------------------------------------------------------------------

    WNS(ns)      TNS(ns)  TNS Failing Endpoints  TNS Total Endpoints      WHS(ns)      THS(ns)  THS Failing Endpoints  THS Total Endpoints     WPWS(ns)     TPWS(ns)  TPWS Failing Endpoints  TPWS Total Endpoints  
    -------      -------  ---------------------  -------------------      -------      -------  ---------------------  -------------------     --------     --------  ----------------------  --------------------  
      1.592        0.000                      0                  321        0.108        0.000                      0                  321        4.500        0.000                       0                   241  


All user specified timing constraints are met.


------------------------------------------------------------------------------------------------
| Clock Summary
| -------------
------------------------------------------------------------------------------------------------

Clock  Waveform(ns)       Period(ns)      Frequency(MHz)
-----  ------------       ----------      --------------
clk    {0.000 5.000}      10.000          100.000         


------------------------------------------------------------------------------------------------
| Intra Clock Table
| -----------------
------------------------------------------------------------------------------------------------

Clock             WNS(ns)      TNS(ns)  TNS Failing Endpoints  TNS Total Endpoints      WHS(ns)      THS(ns)  THS Failing Endpoints  THS Total Endpoints     WPWS(ns)     TPWS(ns)  TPWS Failing Endpoints  TPWS Total Endpoints  
-----             -------      -------  ---------------------  -------------------      -------      -------  ---------------------  -------------------     --------     --------  ----------------------  --------------------  
clk                 1.592        0.000                      0                  321        0.108        0.000                      0                  321        4.500        0.000                       0                   241  


------------------------------------------------------------------------------------------------
| Inter Clock Table
| -----------------
------------------------------------------------------------------------------------------------

From Clock    To Clock          WNS(ns)      TNS(ns)  TNS Failing Endpoints  TNS Total Endpoints      WHS(ns)      THS(ns)  THS Failing Endpoints  THS Total Endpoints  
----------    --------          -------      -------  ---------------------  -------------------      -------      -------  ---------------------  -------------------  


------------------------------------------------------------------------------------------------
| Other Path Groups Table
| -----------------------
------------------------------------------------------------------------------------------------

Path Group    From Clock    To Clock          WNS(ns)      TNS(ns)  TNS Failing Endpoints  TNS Total Endpoints      WHS(ns)      THS(ns)  THS Failing Endpoints  THS Total Endpoints  
----------    ----------    --------          -------      -------  ---------------------  -------------------      -------      -------  ---------------------  -------------------  


------------------------------------------------------------------------------------------------
| Timing Details
| --------------
------------------------------------------------------------------------------------------------


---------------------------------------------------------------------------------------------------
From Clock:  clk
  To Clock:  clk

Setup :            0  Failing Endpoints,  Worst Slack        1.592ns,  Total Violation        0.000ns
Hold  :            0  Failing Endpoints,  Worst Slack        0.108ns,  Total Violation        0.000ns
PW    :            0  Failing Endpoints,  Worst Slack        4.500ns,  Total Violation        0.000ns
---------------------------------------------------------------------------------------------------


Max Delay Paths
--------------------------------------------------------------------------------------
Slack (MET) :             1.592ns  (required time - arrival time)
  Source:                 hcmp_16ns_16ns_1_2_no_dsp_1_U312/din0_buf1_reg[10]/C
                            (rising edge-triggered cell FDRE clocked by clk  {rise@0.000ns fall@5.000ns period=10.000ns})
  Destination:            max_vals_4_1_reg[0]/CE
                            (rising edge-triggered cell FDRE clocked by clk  {rise@0.000ns fall@5.000ns period=10.000ns})
  Path Group:             clk
  Path Type:              Setup (Max at Slow Process Corner)
  Requirement:            10.000ns  (clk rise@10.000ns - clk rise@0.000ns)
  Data Path Delay:        8.187ns  (logic 2.413ns (29.474%)  route 5.774ns (70.526%))
  Logic Levels:           13  (CARRY4=2 LUT3=3 LUT5=3 LUT6=5)
  Clock Path Skew:        -0.035ns (DCD - SCD + CPR)
    Destination Clock Delay (DCD):    0.669ns = ( 10.669 - 10.000 ) 
    Source Clock Delay      (SCD):    0.704ns
    Clock Pessimism Removal (CPR):    0.000ns
  Clock Uncertainty:      0.035ns  ((TSJ^2 + TIJ^2)^1/2 + DJ) / 2 + PE
    Total System Jitter     (TSJ):    0.071ns
    Total Input Jitter      (TIJ):    0.000ns
    Discrete Jitter          (DJ):    0.000ns
    Phase Error              (PE):    0.000ns

    Location             Delay type                Incr(ns)  Path(ns)    Netlist Resource(s)
  -------------------------------------------------------------------    -------------------
                         (clock clk rise edge)        0.000     0.000 r  
                                                      0.000     0.000 r  ap_clk (IN)
                         net (fo=240, unset)          0.704     0.704    hcmp_16ns_16ns_1_2_no_dsp_1_U312/ap_clk
    SLICE_X40Y86         FDRE                                         r  hcmp_16ns_16ns_1_2_no_dsp_1_U312/din0_buf1_reg[10]/C
  -------------------------------------------------------------------    -------------------
    SLICE_X40Y86         FDRE (Prop_fdre_C_Q)         0.341     1.045 r  hcmp_16ns_16ns_1_2_no_dsp_1_U312/din0_buf1_reg[10]/Q
                         net (fo=17, estimated)       0.775     1.820    hcmp_16ns_16ns_1_2_no_dsp_1_U312/din0_buf1_reg_n_0_[10]
    SLICE_X40Y86         LUT6 (Prop_lut6_I0_O)        0.097     1.917 f  hcmp_16ns_16ns_1_2_no_dsp_1_U312/dout_r[0]_i_85__2/O
                         net (fo=2, estimated)        0.618     2.535    hcmp_16ns_16ns_1_2_no_dsp_1_U312/dout_r[0]_i_85__2_n_0
    SLICE_X39Y87         LUT3 (Prop_lut3_I2_O)        0.101     2.636 r  hcmp_16ns_16ns_1_2_no_dsp_1_U312/dout_r[0]_i_82__0/O
                         net (fo=1, estimated)        0.403     3.039    hcmp_16ns_16ns_1_2_no_dsp_1_U312/dout_r[0]_i_82__0_n_0
    SLICE_X38Y87         LUT6 (Prop_lut6_I5_O)        0.247     3.286 r  hcmp_16ns_16ns_1_2_no_dsp_1_U312/dout_r[0]_i_66__2/O
                         net (fo=11, estimated)       0.752     4.038    hcmp_16ns_16ns_1_2_no_dsp_1_U312/dout_r[0]_i_66__2_n_0
    SLICE_X38Y82         LUT5 (Prop_lut5_I1_O)        0.097     4.135 r  hcmp_16ns_16ns_1_2_no_dsp_1_U312/dout_r[0]_i_63/O
                         net (fo=2, estimated)        0.688     4.823    hcmp_16ns_16ns_1_2_no_dsp_1_U312/dout_r[0]_i_63_n_0
    SLICE_X37Y83         LUT3 (Prop_lut3_I2_O)        0.097     4.920 r  hcmp_16ns_16ns_1_2_no_dsp_1_U312/dout_r[0]_i_41__0/O
                         net (fo=4, estimated)        0.417     5.337    hcmp_16ns_16ns_1_2_no_dsp_1_U312/dout_r[0]_i_41__0_n_0
    SLICE_X38Y83         LUT6 (Prop_lut6_I1_O)        0.239     5.576 r  hcmp_16ns_16ns_1_2_no_dsp_1_U312/dout_r[0]_i_14__0/O
                         net (fo=2, estimated)        0.300     5.876    hcmp_16ns_16ns_1_2_no_dsp_1_U312/dout_r[0]_i_14__0_n_0
    SLICE_X39Y84         LUT6 (Prop_lut6_I0_O)        0.097     5.973 r  hcmp_16ns_16ns_1_2_no_dsp_1_U312/dout_r[0]_i_18__0/O
                         net (fo=1, routed)           0.000     5.973    hcmp_16ns_16ns_1_2_no_dsp_1_U312/dout_r[0]_i_18__0_n_0
    SLICE_X39Y84         CARRY4 (Prop_carry4_S[0]_CO[3])
                                                      0.395     6.368 r  hcmp_16ns_16ns_1_2_no_dsp_1_U312/dout_r_reg[0]_i_6__0/CO[3]
                         net (fo=1, estimated)        0.000     6.368    hcmp_16ns_16ns_1_2_no_dsp_1_U312/dout_r_reg[0]_i_6__0_n_0
    SLICE_X39Y85         CARRY4 (Prop_carry4_CI_O[2])
                                                      0.181     6.549 r  hcmp_16ns_16ns_1_2_no_dsp_1_U312/dout_r_reg[0]_i_7__0/O[2]
                         net (fo=1, estimated)        0.688     7.237    hcmp_16ns_16ns_1_2_no_dsp_1_U312/u_FPAddSub_2/pipe_5[14]
    SLICE_X38Y86         LUT5 (Prop_lut5_I1_O)        0.230     7.467 r  hcmp_16ns_16ns_1_2_no_dsp_1_U312/dout_r[0]_i_8__0/O
                         net (fo=1, estimated)        0.213     7.680    hcmp_16ns_16ns_1_2_no_dsp_1_U312/dout_r[0]_i_8__0_n_0
    SLICE_X42Y86         LUT6 (Prop_lut6_I5_O)        0.097     7.777 r  hcmp_16ns_16ns_1_2_no_dsp_1_U312/dout_r[0]_i_3__0/O
                         net (fo=1, estimated)        0.225     8.002    hcmp_16ns_16ns_1_2_no_dsp_1_U312/dout_r[0]_i_3__0_n_0
    SLICE_X42Y86         LUT5 (Prop_lut5_I2_O)        0.097     8.099 r  hcmp_16ns_16ns_1_2_no_dsp_1_U312/dout_r[0]_i_1__0/O
                         net (fo=2, estimated)        0.296     8.395    hcmp_16ns_16ns_1_2_no_dsp_1_U312/grp_fu_138_p2
    SLICE_X42Y86         LUT3 (Prop_lut3_I1_O)        0.097     8.492 r  hcmp_16ns_16ns_1_2_no_dsp_1_U312/max_vals_4_1[15]_i_1/O
                         net (fo=16, estimated)       0.399     8.891    max_vals_4_1
    SLICE_X43Y85         FDRE                                         r  max_vals_4_1_reg[0]/CE
  -------------------------------------------------------------------    -------------------

                         (clock clk rise edge)       10.000    10.000 r  
                                                      0.000    10.000 r  ap_clk (IN)
                         net (fo=240, unset)          0.669    10.669    ap_clk
    SLICE_X43Y85         FDRE                                         r  max_vals_4_1_reg[0]/C
                         clock pessimism              0.000    10.669    
                         clock uncertainty           -0.035    10.633    
    SLICE_X43Y85         FDRE (Setup_fdre_C_CE)      -0.150    10.483    max_vals_4_1_reg[0]
  -------------------------------------------------------------------
                         required time                         10.483    
                         arrival time                          -8.891    
  -------------------------------------------------------------------
                         slack                                  1.592    





Min Delay Paths
--------------------------------------------------------------------------------------
Slack (MET) :             0.108ns  (arrival time - required time)
  Source:                 max_vals_4_2_reg[4]/C
                            (rising edge-triggered cell FDRE clocked by clk  {rise@0.000ns fall@5.000ns period=10.000ns})
  Destination:            hcmp_16ns_16ns_1_2_no_dsp_1_U313/din0_buf1_reg[4]/D
                            (rising edge-triggered cell FDRE clocked by clk  {rise@0.000ns fall@5.000ns period=10.000ns})
  Path Group:             clk
  Path Type:              Hold (Min at Fast Process Corner)
  Requirement:            0.000ns  (clk rise@0.000ns - clk rise@0.000ns)
  Data Path Delay:        0.205ns  (logic 0.141ns (68.917%)  route 0.064ns (31.083%))
  Logic Levels:           0  
  Clock Path Skew:        0.022ns (DCD - SCD - CPR)
    Destination Clock Delay (DCD):    0.432ns
    Source Clock Delay      (SCD):    0.411ns
    Clock Pessimism Removal (CPR):    -0.000ns

    Location             Delay type                Incr(ns)  Path(ns)    Netlist Resource(s)
  -------------------------------------------------------------------    -------------------
                         (clock clk rise edge)        0.000     0.000 r  
                                                      0.000     0.000 r  ap_clk (IN)
                         net (fo=240, unset)          0.411     0.411    ap_clk
    SLICE_X43Y75         FDRE                                         r  max_vals_4_2_reg[4]/C
  -------------------------------------------------------------------    -------------------
    SLICE_X43Y75         FDRE (Prop_fdre_C_Q)         0.141     0.552 r  max_vals_4_2_reg[4]/Q
                         net (fo=1, estimated)        0.064     0.615    hcmp_16ns_16ns_1_2_no_dsp_1_U313/out_data_d1[4]
    SLICE_X42Y75         FDRE                                         r  hcmp_16ns_16ns_1_2_no_dsp_1_U313/din0_buf1_reg[4]/D
  -------------------------------------------------------------------    -------------------

                         (clock clk rise edge)        0.000     0.000 r  
                                                      0.000     0.000 r  ap_clk (IN)
                         net (fo=240, unset)          0.432     0.432    hcmp_16ns_16ns_1_2_no_dsp_1_U313/ap_clk
    SLICE_X42Y75         FDRE                                         r  hcmp_16ns_16ns_1_2_no_dsp_1_U313/din0_buf1_reg[4]/C
                         clock pessimism              0.000     0.432    
    SLICE_X42Y75         FDRE (Hold_fdre_C_D)         0.075     0.507    hcmp_16ns_16ns_1_2_no_dsp_1_U313/din0_buf1_reg[4]
  -------------------------------------------------------------------
                         required time                         -0.507    
                         arrival time                           0.615    
  -------------------------------------------------------------------
                         slack                                  0.108    





Pulse Width Checks
--------------------------------------------------------------------------------------
Clock Name:         clk
Waveform(ns):       { 0.000 5.000 }
Period(ns):         10.000
Sources:            { ap_clk }

Check Type        Corner  Lib Pin  Reference Pin  Required(ns)  Actual(ns)  Slack(ns)  Location      Pin
Min Period        n/a     FDSE/C   n/a            1.000         10.000      9.000      SLICE_X46Y74  ap_CS_fsm_reg[0]/C
Low Pulse Width   Slow    FDSE/C   n/a            0.500         5.000       4.500      SLICE_X46Y74  ap_CS_fsm_reg[0]/C
High Pulse Width  Slow    FDSE/C   n/a            0.500         5.000       4.500      SLICE_X46Y74  ap_CS_fsm_reg[0]/C



