Copyright 1986-2018 Xilinx, Inc. All Rights Reserved.
---------------------------------------------------------------------------------------------------------------------------------------------------------------------------------------------------------------------
| Tool Version : Vivado v.2018.3 (lin64) Build 2405991 Thu Dec  6 23:36:41 MST 2018
| Date         : Thu Jan 13 07:42:17 2022
| Host         : koopa.ece.utexas.edu running 64-bit CentOS Linux release 7.9.2009 (Core)
| Command      : report_timing_summary -file /misc/scratch/zwei1/reports_Jan12/raw_designs/vtr_designs/verilog/koios/tiny_darknet_like.small_submodules/td_fused_top_tdf5_readInputs41/post_route_timing_summary.rpt
| Design       : td_fused_top_tdf5_readInputs41
| Device       : 7z020-clg484
| Speed File   : -3  PRODUCTION 1.11 2014-09-11
---------------------------------------------------------------------------------------------------------------------------------------------------------------------------------------------------------------------

Timing Summary Report

------------------------------------------------------------------------------------------------
| Timer Settings
| --------------
------------------------------------------------------------------------------------------------

  Enable Multi Corner Analysis               :  Yes
  Enable Pessimism Removal                   :  Yes
  Pessimism Removal Resolution               :  Nearest Common Node
  Enable Input Delay Default Clock           :  No
  Enable Preset / Clear Arcs                 :  No
  Disable Flight Delays                      :  No
  Ignore I/O Paths                           :  No
  Timing Early Launch at Borrowing Latches   :  false

  Corner  Analyze    Analyze    
  Name    Max Paths  Min Paths  
  ------  ---------  ---------  
  Slow    Yes        Yes        
  Fast    Yes        Yes        



check_timing report

Table of Contents
-----------------
1. checking no_clock
2. checking constant_clock
3. checking pulse_width_clock
4. checking unconstrained_internal_endpoints
5. checking no_input_delay
6. checking no_output_delay
7. checking multiple_clock
8. checking generated_clocks
9. checking loops
10. checking partial_input_delay
11. checking partial_output_delay
12. checking latch_loops

1. checking no_clock
--------------------
 There are 0 register/latch pins with no clock.


2. checking constant_clock
--------------------------
 There are 0 register/latch pins with constant_clock.


3. checking pulse_width_clock
-----------------------------
 There are 0 register/latch pins which need pulse_width check


4. checking unconstrained_internal_endpoints
--------------------------------------------
 There are 0 pins that are not constrained for maximum delay.

 There are 0 pins that are not constrained for maximum delay due to constant clock.


5. checking no_input_delay
--------------------------
 There are 67 input ports with no input delay specified. (HIGH)

 There are 0 input ports with no input delay but user has a false path constraint.


6. checking no_output_delay
---------------------------
 There are 68 ports with no output delay specified. (HIGH)

 There are 0 ports with no output delay but user has a false path constraint

 There are 0 ports with no output delay but with a timing clock defined on it or propagating through it


7. checking multiple_clock
--------------------------
 There are 0 register/latch pins with multiple clocks.


8. checking generated_clocks
----------------------------
 There are 0 generated clocks that are not connected to a clock source.


9. checking loops
-----------------
 There are 0 combinational loops in the design.


10. checking partial_input_delay
--------------------------------
 There are 0 input ports with partial input delay specified.


11. checking partial_output_delay
---------------------------------
 There are 0 ports with partial output delay specified.


12. checking latch_loops
------------------------
 There are 0 combinational latch loops in the design through latch input



------------------------------------------------------------------------------------------------
| Design Timing Summary
| ---------------------
------------------------------------------------------------------------------------------------

    WNS(ns)      TNS(ns)  TNS Failing Endpoints  TNS Total Endpoints      WHS(ns)      THS(ns)  THS Failing Endpoints  THS Total Endpoints     WPWS(ns)     TPWS(ns)  TPWS Failing Endpoints  TPWS Total Endpoints  
    -------      -------  ---------------------  -------------------      -------      -------  ---------------------  -------------------     --------     --------  ----------------------  --------------------  
      4.270        0.000                      0                  321        0.157        0.000                      0                  321        4.500        0.000                       0                   186  


All user specified timing constraints are met.


------------------------------------------------------------------------------------------------
| Clock Summary
| -------------
------------------------------------------------------------------------------------------------

Clock  Waveform(ns)       Period(ns)      Frequency(MHz)
-----  ------------       ----------      --------------
clk    {0.000 5.000}      10.000          100.000         


------------------------------------------------------------------------------------------------
| Intra Clock Table
| -----------------
------------------------------------------------------------------------------------------------

Clock             WNS(ns)      TNS(ns)  TNS Failing Endpoints  TNS Total Endpoints      WHS(ns)      THS(ns)  THS Failing Endpoints  THS Total Endpoints     WPWS(ns)     TPWS(ns)  TPWS Failing Endpoints  TPWS Total Endpoints  
-----             -------      -------  ---------------------  -------------------      -------      -------  ---------------------  -------------------     --------     --------  ----------------------  --------------------  
clk                 4.270        0.000                      0                  321        0.157        0.000                      0                  321        4.500        0.000                       0                   186  


------------------------------------------------------------------------------------------------
| Inter Clock Table
| -----------------
------------------------------------------------------------------------------------------------

From Clock    To Clock          WNS(ns)      TNS(ns)  TNS Failing Endpoints  TNS Total Endpoints      WHS(ns)      THS(ns)  THS Failing Endpoints  THS Total Endpoints  
----------    --------          -------      -------  ---------------------  -------------------      -------      -------  ---------------------  -------------------  


------------------------------------------------------------------------------------------------
| Other Path Groups Table
| -----------------------
------------------------------------------------------------------------------------------------

Path Group    From Clock    To Clock          WNS(ns)      TNS(ns)  TNS Failing Endpoints  TNS Total Endpoints      WHS(ns)      THS(ns)  THS Failing Endpoints  THS Total Endpoints  
----------    ----------    --------          -------      -------  ---------------------  -------------------      -------      -------  ---------------------  -------------------  


------------------------------------------------------------------------------------------------
| Timing Details
| --------------
------------------------------------------------------------------------------------------------


---------------------------------------------------------------------------------------------------
From Clock:  clk
  To Clock:  clk

Setup :            0  Failing Endpoints,  Worst Slack        4.270ns,  Total Violation        0.000ns
Hold  :            0  Failing Endpoints,  Worst Slack        0.157ns,  Total Violation        0.000ns
PW    :            0  Failing Endpoints,  Worst Slack        4.500ns,  Total Violation        0.000ns
---------------------------------------------------------------------------------------------------


Max Delay Paths
--------------------------------------------------------------------------------------
Slack (MET) :             4.270ns  (required time - arrival time)
  Source:                 icmp_ln19_reg_978_reg[0]/C
                            (rising edge-triggered cell FDRE clocked by clk  {rise@0.000ns fall@5.000ns period=10.000ns})
  Destination:            or_ln23_15_reg_1023_reg[0]/D
                            (rising edge-triggered cell FDRE clocked by clk  {rise@0.000ns fall@5.000ns period=10.000ns})
  Path Group:             clk
  Path Type:              Setup (Max at Slow Process Corner)
  Requirement:            10.000ns  (clk rise@10.000ns - clk rise@0.000ns)
  Data Path Delay:        5.689ns  (logic 2.118ns (37.227%)  route 3.571ns (62.773%))
  Logic Levels:           11  (CARRY4=3 LUT2=1 LUT5=3 LUT6=4)
  Clock Path Skew:        -0.035ns (DCD - SCD + CPR)
    Destination Clock Delay (DCD):    0.669ns = ( 10.669 - 10.000 ) 
    Source Clock Delay      (SCD):    0.704ns
    Clock Pessimism Removal (CPR):    0.000ns
  Clock Uncertainty:      0.035ns  ((TSJ^2 + TIJ^2)^1/2 + DJ) / 2 + PE
    Total System Jitter     (TSJ):    0.071ns
    Total Input Jitter      (TIJ):    0.000ns
    Discrete Jitter          (DJ):    0.000ns
    Phase Error              (PE):    0.000ns

    Location             Delay type                Incr(ns)  Path(ns)    Netlist Resource(s)
  -------------------------------------------------------------------    -------------------
                         (clock clk rise edge)        0.000     0.000 r  
                                                      0.000     0.000 r  ap_clk (IN)
                         net (fo=185, unset)          0.704     0.704    ap_clk
    SLICE_X28Y38         FDRE                                         r  icmp_ln19_reg_978_reg[0]/C
  -------------------------------------------------------------------    -------------------
    SLICE_X28Y38         FDRE (Prop_fdre_C_Q)         0.341     1.045 r  icmp_ln19_reg_978_reg[0]/Q
                         net (fo=33, routed)          0.854     1.899    icmp_ln19_reg_978_reg_n_16_[0]
    SLICE_X27Y39         LUT5 (Prop_lut5_I4_O)        0.097     1.996 r  add_ln20_3_reg_1030[2]_i_2/O
                         net (fo=3, routed)           0.308     2.304    ap_phi_mux_indvar_flatten_phi_fu_222_p4[0]
    SLICE_X26Y38         LUT6 (Prop_lut6_I5_O)        0.239     2.543 r  icmp_ln20_reg_987[0]_i_2/O
                         net (fo=1, routed)           0.101     2.644    icmp_ln20_reg_987[0]_i_2_n_16
    SLICE_X26Y38         LUT6 (Prop_lut6_I5_O)        0.097     2.741 f  icmp_ln20_reg_987[0]_i_1/O
                         net (fo=5, routed)           0.485     3.226    icmp_ln20_fu_391_p2
    SLICE_X28Y43         LUT6 (Prop_lut6_I2_O)        0.097     3.323 r  add_ln20_reg_1017[1]_i_1/O
                         net (fo=2, routed)           0.391     3.714    zext_ln20_3_fu_448_p1[1]
    SLICE_X28Y46         LUT2 (Prop_lut2_I1_O)        0.097     3.811 r  or_ln23_15_reg_1023[0]_i_10/O
                         net (fo=1, routed)           0.000     3.811    or_ln23_15_reg_1023[0]_i_10_n_16
    SLICE_X28Y46         CARRY4 (Prop_carry4_S[1]_CO[3])
                                                      0.412     4.223 r  or_ln23_15_reg_1023_reg[0]_i_9/CO[3]
                         net (fo=1, routed)           0.000     4.223    or_ln23_15_reg_1023_reg[0]_i_9_n_16
    SLICE_X28Y47         CARRY4 (Prop_carry4_CI_CO[3])
                                                      0.089     4.312 r  or_ln23_15_reg_1023_reg[0]_i_8/CO[3]
                         net (fo=1, routed)           0.000     4.312    or_ln23_15_reg_1023_reg[0]_i_8_n_16
    SLICE_X28Y48         CARRY4 (Prop_carry4_CI_O[1])
                                                      0.230     4.542 r  or_ln23_15_reg_1023_reg[0]_i_7/O[1]
                         net (fo=1, routed)           0.568     5.109    add_ln22_4_fu_452_p2[9]
    SLICE_X30Y48         LUT5 (Prop_lut5_I1_O)        0.225     5.334 r  or_ln23_15_reg_1023[0]_i_4/O
                         net (fo=1, routed)           0.458     5.792    or_ln23_15_reg_1023[0]_i_4_n_16
    SLICE_X30Y49         LUT6 (Prop_lut6_I0_O)        0.097     5.889 r  or_ln23_15_reg_1023[0]_i_2/O
                         net (fo=1, routed)           0.407     6.296    icmp_ln24_4_fu_465_p2
    SLICE_X28Y45         LUT5 (Prop_lut5_I3_O)        0.097     6.393 r  or_ln23_15_reg_1023[0]_i_1/O
                         net (fo=1, routed)           0.000     6.393    or_ln23_15_fu_477_p2
    SLICE_X28Y45         FDRE                                         r  or_ln23_15_reg_1023_reg[0]/D
  -------------------------------------------------------------------    -------------------

                         (clock clk rise edge)       10.000    10.000 r  
                                                      0.000    10.000 r  ap_clk (IN)
                         net (fo=185, unset)          0.669    10.669    ap_clk
    SLICE_X28Y45         FDRE                                         r  or_ln23_15_reg_1023_reg[0]/C
                         clock pessimism              0.000    10.669    
                         clock uncertainty           -0.035    10.633    
    SLICE_X28Y45         FDRE (Setup_fdre_C_D)        0.030    10.663    or_ln23_15_reg_1023_reg[0]
  -------------------------------------------------------------------
                         required time                         10.663    
                         arrival time                          -6.393    
  -------------------------------------------------------------------
                         slack                                  4.270    





Min Delay Paths
--------------------------------------------------------------------------------------
Slack (MET) :             0.157ns  (arrival time - required time)
  Source:                 p_cast_i_reg_931_reg[0]/C
                            (rising edge-triggered cell FDRE clocked by clk  {rise@0.000ns fall@5.000ns period=10.000ns})
  Destination:            p_cast5_i_reg_965_reg[0]/D
                            (rising edge-triggered cell FDRE clocked by clk  {rise@0.000ns fall@5.000ns period=10.000ns})
  Path Group:             clk
  Path Type:              Hold (Min at Fast Process Corner)
  Requirement:            0.000ns  (clk rise@0.000ns - clk rise@0.000ns)
  Data Path Delay:        0.300ns  (logic 0.186ns (62.046%)  route 0.114ns (37.954%))
  Logic Levels:           1  (LUT6=1)
  Clock Path Skew:        0.022ns (DCD - SCD - CPR)
    Destination Clock Delay (DCD):    0.432ns
    Source Clock Delay      (SCD):    0.411ns
    Clock Pessimism Removal (CPR):    -0.000ns

    Location             Delay type                Incr(ns)  Path(ns)    Netlist Resource(s)
  -------------------------------------------------------------------    -------------------
                         (clock clk rise edge)        0.000     0.000 r  
                                                      0.000     0.000 r  ap_clk (IN)
                         net (fo=185, unset)          0.411     0.411    ap_clk
    SLICE_X27Y41         FDRE                                         r  p_cast_i_reg_931_reg[0]/C
  -------------------------------------------------------------------    -------------------
    SLICE_X27Y41         FDRE (Prop_fdre_C_Q)         0.141     0.552 r  p_cast_i_reg_931_reg[0]/Q
                         net (fo=15, routed)          0.114     0.666    p_cast_i_reg_931[0]
    SLICE_X26Y41         LUT6 (Prop_lut6_I0_O)        0.045     0.711 r  p_cast5_i_reg_965[0]_i_1/O
                         net (fo=1, routed)           0.000     0.711    p_cast5_i_fu_333_p2[0]
    SLICE_X26Y41         FDRE                                         r  p_cast5_i_reg_965_reg[0]/D
  -------------------------------------------------------------------    -------------------

                         (clock clk rise edge)        0.000     0.000 r  
                                                      0.000     0.000 r  ap_clk (IN)
                         net (fo=185, unset)          0.432     0.432    ap_clk
    SLICE_X26Y41         FDRE                                         r  p_cast5_i_reg_965_reg[0]/C
                         clock pessimism              0.000     0.432    
    SLICE_X26Y41         FDRE (Hold_fdre_C_D)         0.121     0.553    p_cast5_i_reg_965_reg[0]
  -------------------------------------------------------------------
                         required time                         -0.553    
                         arrival time                           0.711    
  -------------------------------------------------------------------
                         slack                                  0.157    





Pulse Width Checks
--------------------------------------------------------------------------------------
Clock Name:         clk
Waveform(ns):       { 0.000 5.000 }
Period(ns):         10.000
Sources:            { ap_clk }

Check Type        Corner  Lib Pin  Reference Pin  Required(ns)  Actual(ns)  Slack(ns)  Location      Pin
Min Period        n/a     FDRE/C   n/a            1.000         10.000      9.000      SLICE_X27Y37  add_ln19_3_reg_1035_reg[0]/C
Low Pulse Width   Slow    FDRE/C   n/a            0.500         5.000       4.500      SLICE_X27Y37  add_ln19_3_reg_1035_reg[0]/C
High Pulse Width  Slow    FDRE/C   n/a            0.500         5.000       4.500      SLICE_X27Y37  add_ln19_3_reg_1035_reg[0]/C



