Copyright 1986-2018 Xilinx, Inc. All Rights Reserved.
-----------------------------------------------------------------------------------------------------------------------------------------------------------------------------------------------------------------------------------------------------------------
| Tool Version : Vivado v.2018.3 (lin64) Build 2405991 Thu Dec  6 23:36:41 MST 2018
| Date         : Thu Jan 13 05:58:36 2022
| Host         : koopa.ece.utexas.edu running 64-bit CentOS Linux release 7.9.2009 (Core)
| Command      : report_timing -sort_by group -max_paths 100 -path_type summary -file /misc/scratch/zwei1/reports_Jan12/raw_designs/vtr_designs/verilog/koios/tiny_darknet_like.medium_submodules/td_fused_top_tdf6_writeOutputs_unaligned/post_route_timing.rpt
| Design       : td_fused_top_tdf6_writeOutputs_unaligned
| Device       : 7z020-clg484
| Speed File   : -3  PRODUCTION 1.11 2014-09-11
-----------------------------------------------------------------------------------------------------------------------------------------------------------------------------------------------------------------------------------------------------------------

Timing Report

Startpoint                     Endpoint                       Slack(ns)     
----------------------------------------------------------------------------
outputCount_1_reg[2]/C         empty_reg_111_reg[0]/CE        5.873         
outputCount_1_reg[2]/C         empty_reg_111_reg[13]/CE       5.924         
outputCount_1_reg[2]/C         empty_reg_111_reg[14]/CE       5.924         
outputCount_1_reg[2]/C         empty_reg_111_reg[15]/CE       5.924         
outputChanIdx_1_reg[0]/C       outputChanIdx_1_reg[4]/R       5.941         
outputChanIdx_1_reg[0]/C       outputChanIdx_1_reg[5]/R       5.941         
outputChanIdx_1_reg[0]/C       outputChanIdx_1_reg[6]/R       5.941         
outputChanIdx_1_reg[0]/C       outputChanIdx_1_reg[7]/R       5.941         
outputCount_1_reg[2]/C         empty_reg_111_reg[10]/CE       5.957         
outputCount_1_reg[2]/C         empty_reg_111_reg[11]/CE       5.957         
outputCount_1_reg[2]/C         empty_reg_111_reg[12]/CE       5.957         
outputCount_1_reg[2]/C         empty_reg_111_reg[9]/CE        5.957         
outputCount_1_reg[2]/C         empty_reg_111_reg[1]/CE        5.961         
outputCount_1_reg[2]/C         empty_reg_111_reg[2]/CE        5.961         
outputCount_1_reg[2]/C         empty_reg_111_reg[3]/CE        5.961         
outputCount_1_reg[2]/C         empty_reg_111_reg[4]/CE        5.961         
outputChanIdx_1_reg[0]/C       outputChanIdx_1_reg[12]/R      6.023         
outputChanIdx_1_reg[0]/C       outputChanIdx_1_reg[13]/R      6.023         
outputChanIdx_1_reg[0]/C       outputChanIdx_1_reg[14]/R      6.023         
outputChanIdx_1_reg[0]/C       outputChanIdx_1_reg[15]/R      6.023         
outputChanIdx_1_reg[0]/C       outputChanIdx_1_reg[0]/R       6.038         
outputChanIdx_1_reg[0]/C       outputChanIdx_1_reg[1]/R       6.038         
outputChanIdx_1_reg[0]/C       outputChanIdx_1_reg[2]/R       6.038         
outputChanIdx_1_reg[0]/C       outputChanIdx_1_reg[3]/R       6.038         
outputCount_1_reg[2]/C         empty_reg_111_reg[5]/CE        6.056         
outputCount_1_reg[2]/C         empty_reg_111_reg[6]/CE        6.056         
outputCount_1_reg[2]/C         empty_reg_111_reg[7]/CE        6.056         
outputCount_1_reg[2]/C         empty_reg_111_reg[8]/CE        6.056         
outputChanIdx_1_reg[0]/C       outputChanIdx_1_reg[10]/R      6.121         
outputChanIdx_1_reg[0]/C       outputChanIdx_1_reg[11]/R      6.121         
outputChanIdx_1_reg[0]/C       outputChanIdx_1_reg[8]/R       6.121         
outputChanIdx_1_reg[0]/C       outputChanIdx_1_reg[9]/R       6.121         
outputCount_1_reg[2]/C         icmp_ln88_reg_317_reg[0]/D     6.606         
ap_done_reg_reg/C              outputRow_5_0_reg[0]/CE        6.728         
ap_done_reg_reg/C              outputRow_5_0_reg[11]/CE       6.728         
ap_done_reg_reg/C              outputRow_5_0_reg[14]/CE       6.728         
ap_done_reg_reg/C              outputRow_5_2_reg[10]/CE       6.742         
ap_done_reg_reg/C              outputRow_5_3_reg[10]/CE       6.762         
ap_done_reg_reg/C              outputRow_5_3_reg[11]/CE       6.762         
ap_done_reg_reg/C              outputRow_5_3_reg[15]/CE       6.762         
ap_done_reg_reg/C              outputRow_5_3_reg[2]/CE        6.762         
ap_done_reg_reg/C              outputRow_5_2_reg[1]/CE        6.849         
ap_done_reg_reg/C              outputRow_5_2_reg[3]/CE        6.849         
ap_done_reg_reg/C              outputRow_5_2_reg[4]/CE        6.849         
ap_done_reg_reg/C              outputRow_5_3_reg[0]/CE        6.850         
ap_done_reg_reg/C              outputRow_5_3_reg[4]/CE        6.850         
ap_done_reg_reg/C              outputRow_5_3_reg[5]/CE        6.850         
ap_done_reg_reg/C              outputRow_5_3_reg[7]/CE        6.850         
ap_done_reg_reg/C              outputRow_5_0_reg[1]/CE        6.878         
ap_done_reg_reg/C              outputRow_5_0_reg[3]/CE        6.878         
ap_done_reg_reg/C              outputRow_5_0_reg[4]/CE        6.878         
ap_done_reg_reg/C              outputRow_5_0_reg[6]/CE        6.878         
ap_done_reg_reg/C              outputRow_5_2_reg[12]/CE       6.892         
ap_done_reg_reg/C              outputRow_5_2_reg[13]/CE       6.892         
ap_done_reg_reg/C              outputRow_5_2_reg[2]/CE        6.892         
ap_done_reg_reg/C              outputRow_5_2_reg[7]/CE        6.892         
ap_done_reg_reg/C              outputRow_5_0_reg[10]/CE       6.926         
ap_done_reg_reg/C              outputRow_5_0_reg[12]/CE       6.926         
ap_done_reg_reg/C              outputRow_5_0_reg[2]/CE        6.974         
ap_done_reg_reg/C              outputRow_5_0_reg[7]/CE        6.974         
ap_done_reg_reg/C              outputRow_5_0_reg[8]/CE        6.974         
ap_done_reg_reg/C              outputRow_5_2_reg[0]/CE        6.991         
ap_done_reg_reg/C              outputRow_5_2_reg[11]/CE       6.991         
ap_done_reg_reg/C              outputRow_5_2_reg[14]/CE       6.991         
ap_done_reg_reg/C              outputRow_5_2_reg[15]/CE       6.991         
ap_done_reg_reg/C              outputRow_5_2_reg[5]/CE        7.000         
ap_done_reg_reg/C              outputRow_5_2_reg[6]/CE        7.000         
ap_done_reg_reg/C              outputRow_5_2_reg[8]/CE        7.000         
ap_done_reg_reg/C              outputRow_5_2_reg[9]/CE        7.000         
ap_done_reg_reg/C              outputRow_5_3_reg[12]/CE       7.056         
ap_done_reg_reg/C              outputRow_5_3_reg[3]/CE        7.056         
ap_done_reg_reg/C              outputRow_5_3_reg[6]/CE        7.056         
ap_done_reg_reg/C              outputRow_5_3_reg[9]/CE        7.056         
ap_done_reg_reg/C              outputRow_5_0_reg[13]/CE       7.077         
ap_done_reg_reg/C              outputRow_5_0_reg[15]/CE       7.077         
ap_done_reg_reg/C              outputRow_5_0_reg[5]/CE        7.077         
ap_done_reg_reg/C              outputRow_5_0_reg[9]/CE        7.077         
ap_done_reg_reg/C              outputRow_5_1_reg[0]/CE        7.127         
ap_done_reg_reg/C              outputRow_5_1_reg[11]/CE       7.127         
ap_done_reg_reg/C              outputRow_5_1_reg[12]/CE       7.127         
ap_done_reg_reg/C              outputRow_5_3_reg[13]/CE       7.159         
ap_done_reg_reg/C              outputRow_5_3_reg[14]/CE       7.159         
ap_done_reg_reg/C              outputRow_5_3_reg[1]/CE        7.159         
ap_done_reg_reg/C              outputRow_5_3_reg[8]/CE        7.159         
ap_done_reg_reg/C              outputRow_5_1_reg[1]/CE        7.277         
ap_done_reg_reg/C              outputRow_5_1_reg[7]/CE        7.277         
ap_done_reg_reg/C              outputRow_5_1_reg[8]/CE        7.277         
ap_done_reg_reg/C              outputRow_5_1_reg[9]/CE        7.277         
ap_done_reg_reg/C              outputRow_5_1_reg[2]/CE        7.373         
ap_done_reg_reg/C              outputRow_5_1_reg[4]/CE        7.373         
ap_CS_fsm_reg[1]/C             empty_reg_111_reg[13]/R        7.417         
ap_CS_fsm_reg[1]/C             empty_reg_111_reg[14]/R        7.417         
ap_CS_fsm_reg[1]/C             empty_reg_111_reg[15]/R        7.417         
ap_done_reg_reg/C              outputRow_5_1_reg[10]/CE       7.476         
ap_done_reg_reg/C              outputRow_5_1_reg[14]/CE       7.476         
ap_done_reg_reg/C              outputRow_5_1_reg[15]/CE       7.476         
ap_done_reg_reg/C              outputRow_5_1_reg[5]/CE        7.476         
ap_done_reg_reg/C              outputRow_5_1_reg[13]/CE       7.579         
ap_done_reg_reg/C              outputRow_5_1_reg[3]/CE        7.579         
ap_done_reg_reg/C              outputRow_5_1_reg[6]/CE        7.579         



