Copyright 1986-2018 Xilinx, Inc. All Rights Reserved.
------------------------------------------------------------------------------------------------------------------------------------------------------------------------------------------------------------
| Tool Version : Vivado v.2018.3 (lin64) Build 2405991 Thu Dec  6 23:36:41 MST 2018
| Date         : Wed Jan 12 21:35:15 2022
| Host         : koopa.ece.utexas.edu running 64-bit CentOS Linux release 7.9.2009 (Core)
| Command      : report_timing -sort_by group -max_paths 100 -path_type summary -file /misc/scratch/zwei1/reports_Jan12/raw_designs/vtr_designs/verilog/LU32PEEng_submodules/assemble/post_route_timing.rpt
| Design       : assemble
| Device       : 7z020-clg484
| Speed File   : -3  PRODUCTION 1.11 2014-09-11
------------------------------------------------------------------------------------------------------------------------------------------------------------------------------------------------------------

Timing Report

Startpoint                     Endpoint                       Slack(ns)     
----------------------------------------------------------------------------
sign                           y[23]                          inf           
sign                           y[2]                           inf           
sign                           y[12]                          inf           
sign                           y[10]                          inf           
sign                           y[11]                          inf           
sign                           y[22]                          inf           
sign                           y[3]                           inf           
sign                           y[21]                          inf           
sign                           y[18]                          inf           
sign                           y[20]                          inf           
sign                           y[8]                           inf           
sign                           y[1]                           inf           
sign                           y[13]                          inf           
sign                           y[14]                          inf           
sign                           y[19]                          inf           
sign                           y[5]                           inf           
sign                           y[17]                          inf           
sign                           y[9]                           inf           
sign                           y[15]                          inf           
sign                           y[7]                           inf           
sign                           y[4]                           inf           
sign                           y[16]                          inf           
sign                           y[0]                           inf           
sign                           y[6]                           inf           
shiftexp[1]                    y[24]                          inf           
shiftexp[2]                    y[25]                          inf           
shiftexp[3]                    y[26]                          inf           
shiftexp[4]                    y[27]                          inf           
shiftexp[5]                    y[28]                          inf           
shiftexp[6]                    y[29]                          inf           
shiftexp[7]                    y[30]                          inf           
sign                           y[31]                          inf           



