Copyright 1986-2018 Xilinx, Inc. All Rights Reserved.
----------------------------------------------------------------------------------------------------------------------------------------------------------------------------------------------------------------------------------------------
| Tool Version : Vivado v.2018.3 (lin64) Build 2405991 Thu Dec  6 23:36:41 MST 2018
| Date         : Wed Jan 12 00:40:49 2022
| Host         : koopa.ece.utexas.edu running 64-bit CentOS Linux release 7.9.2009 (Core)
| Command      : report_timing -sort_by group -max_paths 100 -path_type summary -file /misc/scratch/zwei1/reports_Jan12/raw_designs/vtr_designs/verilog/koios/clstm_like.small_submodules/shift_register_group_18_16_14/post_route_timing.rpt
| Design       : shift_register_group_18_16_14
| Device       : 7z020-clg484
| Speed File   : -3  PRODUCTION 1.11 2014-09-11
----------------------------------------------------------------------------------------------------------------------------------------------------------------------------------------------------------------------------------------------

Timing Report

Startpoint                     Endpoint                       Slack(ns)     
----------------------------------------------------------------------------
shift_register_unit_18_14_inst_0/shift_registers_12_reg_r/C
                               shift_register_unit_18_14_inst_15/shift_registers_13_reg[10]/D
                                                              8.136         
shift_register_unit_18_14_inst_0/shift_registers_12_reg_r/C
                               shift_register_unit_18_14_inst_15/shift_registers_13_reg[11]/D
                                                              8.162         
shift_register_unit_18_14_inst_0/shift_registers_12_reg_r/C
                               shift_register_unit_18_14_inst_7/shift_registers_13_reg[2]/D
                                                              8.175         
shift_register_unit_18_14_inst_0/shift_registers_12_reg_r/C
                               shift_register_unit_18_14_inst_3/shift_registers_13_reg[14]/D
                                                              8.178         
shift_register_unit_18_14_inst_0/shift_registers_12_reg_r/C
                               shift_register_unit_18_14_inst_3/shift_registers_13_reg[12]/D
                                                              8.181         
shift_register_unit_18_14_inst_0/shift_registers_12_reg_r/C
                               shift_register_unit_18_14_inst_7/shift_registers_13_reg[3]/D
                                                              8.205         
shift_register_unit_18_14_inst_0/shift_registers_12_reg_r/C
                               shift_register_unit_18_14_inst_3/shift_registers_13_reg[15]/D
                                                              8.208         
shift_register_unit_18_14_inst_0/shift_registers_12_reg_r/C
                               shift_register_unit_18_14_inst_1/shift_registers_13_reg[16]/D
                                                              8.209         
shift_register_unit_18_14_inst_0/shift_registers_12_reg_r/C
                               shift_register_unit_18_14_inst_3/shift_registers_13_reg[13]/D
                                                              8.209         
shift_register_unit_18_14_inst_0/shift_registers_12_reg_r/C
                               shift_register_unit_18_14_inst_10/shift_registers_13_reg[16]/D
                                                              8.230         
shift_register_unit_18_14_inst_0/shift_registers_12_reg_r/C
                               shift_register_unit_18_14_inst_12/shift_registers_13_reg[10]/D
                                                              8.241         
shift_register_unit_18_14_inst_0/shift_registers_12_reg_r/C
                               shift_register_unit_18_14_inst_1/shift_registers_13_reg[17]/D
                                                              8.243         
shift_register_unit_18_14_inst_0/shift_registers_12_reg_r/C
                               shift_register_unit_18_14_inst_10/shift_registers_13_reg[17]/D
                                                              8.260         
shift_register_unit_18_14_inst_0/shift_registers_12_reg_r/C
                               shift_register_unit_18_14_inst_14/shift_registers_13_reg[2]/D
                                                              8.265         
shift_register_unit_18_14_inst_0/shift_registers_12_reg_r/C
                               shift_register_unit_18_14_inst_12/shift_registers_13_reg[11]/D
                                                              8.267         
shift_register_unit_18_14_inst_0/shift_registers_12_reg_r/C
                               shift_register_unit_18_14_inst_0/shift_registers_13_reg[8]/D
                                                              8.271         
shift_register_unit_18_14_inst_0/shift_registers_12_reg_r/C
                               shift_register_unit_18_14_inst_12/shift_registers_13_reg[8]/D
                                                              8.275         
shift_register_unit_18_14_inst_0/shift_registers_12_reg_r/C
                               shift_register_unit_18_14_inst_8/shift_registers_13_reg[10]/D
                                                              8.284         
shift_register_unit_18_14_inst_0/shift_registers_12_reg_r/C
                               shift_register_unit_18_14_inst_14/shift_registers_13_reg[3]/D
                                                              8.291         
shift_register_unit_18_14_inst_0/shift_registers_12_reg_r/C
                               shift_register_unit_18_14_inst_12/shift_registers_13_reg[9]/D
                                                              8.293         
shift_register_unit_18_14_inst_0/shift_registers_12_reg_r/C
                               shift_register_unit_18_14_inst_0/shift_registers_13_reg[9]/D
                                                              8.304         
shift_register_unit_18_14_inst_0/shift_registers_12_reg_r/C
                               shift_register_unit_18_14_inst_12/shift_registers_13_reg[2]/D
                                                              8.307         
shift_register_unit_18_14_inst_0/shift_registers_12_reg_r/C
                               shift_register_unit_18_14_inst_8/shift_registers_13_reg[11]/D
                                                              8.310         
shift_register_unit_18_14_inst_0/shift_registers_12_reg_r/C
                               shift_register_unit_18_14_inst_0/shift_registers_13_reg[16]/D
                                                              8.329         
shift_register_unit_18_14_inst_0/shift_registers_12_reg_r/C
                               shift_register_unit_18_14_inst_10/shift_registers_13_reg[6]/D
                                                              8.336         
shift_register_unit_18_14_inst_0/shift_registers_12_reg_r/C
                               shift_register_unit_18_14_inst_12/shift_registers_13_reg[3]/D
                                                              8.337         
shift_register_unit_18_14_inst_0/shift_registers_12_reg_r/C
                               shift_register_unit_18_14_inst_7/shift_registers_13_reg[14]/D
                                                              8.345         
shift_register_unit_18_14_inst_0/shift_registers_12_reg_r/C
                               shift_register_unit_18_14_inst_13/shift_registers_13_reg[10]/D
                                                              8.348         
shift_register_unit_18_14_inst_0/shift_registers_12_reg_r/C
                               shift_register_unit_18_14_inst_12/shift_registers_13_reg[6]/D
                                                              8.348         
shift_register_unit_18_14_inst_0/shift_registers_12_reg_r/C
                               shift_register_unit_18_14_inst_7/shift_registers_13_reg[12]/D
                                                              8.348         
shift_register_unit_18_14_inst_0/shift_registers_12_reg_r/C
                               shift_register_unit_18_14_inst_12/shift_registers_13_reg[4]/D
                                                              8.351         
shift_register_unit_18_14_inst_0/shift_registers_12_reg_r/C
                               shift_register_unit_18_14_inst_0/shift_registers_13_reg[10]/D
                                                              8.359         
shift_register_unit_18_14_inst_0/shift_registers_12_reg_r/C
                               shift_register_unit_18_14_inst_0/shift_registers_13_reg[17]/D
                                                              8.363         
shift_register_unit_18_14_inst_0/shift_registers_12_reg_r/C
                               shift_register_unit_18_14_inst_10/shift_registers_13_reg[7]/D
                                                              8.366         
shift_register_unit_18_14_inst_0/shift_registers_12_reg_r/C
                               shift_register_unit_18_14_inst_13/shift_registers_13_reg[11]/D
                                                              8.374         
shift_register_unit_18_14_inst_0/shift_registers_12_reg_r/C
                               shift_register_unit_18_14_inst_7/shift_registers_13_reg[15]/D
                                                              8.375         
shift_register_unit_18_14_inst_0/shift_registers_12_reg_r/C
                               shift_register_unit_18_14_inst_7/shift_registers_13_reg[13]/D
                                                              8.376         
shift_register_unit_18_14_inst_0/shift_registers_12_reg_r/C
                               shift_register_unit_18_14_inst_12/shift_registers_13_reg[7]/D
                                                              8.378         
shift_register_unit_18_14_inst_0/shift_registers_12_reg_r/C
                               shift_register_unit_18_14_inst_12/shift_registers_13_reg[5]/D
                                                              8.379         
shift_register_unit_18_14_inst_0/shift_registers_12_reg_r/C
                               shift_register_unit_18_14_inst_8/shift_registers_13_reg[2]/D
                                                              8.384         
shift_register_unit_18_14_inst_0/shift_registers_12_reg_r/C
                               shift_register_unit_18_14_inst_4/shift_registers_13_reg[16]/D
                                                              8.385         
shift_register_unit_18_14_inst_0/shift_registers_12_reg_r/C
                               shift_register_unit_18_14_inst_0/shift_registers_13_reg[11]/D
                                                              8.385         
shift_register_unit_18_14_inst_0/shift_registers_12_reg_r/C
                               shift_register_unit_18_14_inst_6/shift_registers_13_reg[8]/D
                                                              8.385         
shift_register_unit_18_14_inst_0/shift_registers_12_reg_r/C
                               shift_register_unit_18_14_inst_1/shift_registers_13_reg[8]/D
                                                              8.388         
shift_register_unit_18_14_inst_0/shift_registers_12_reg_r/C
                               shift_register_unit_18_14_inst_13/shift_registers_13_reg[16]/D
                                                              8.396         
shift_register_unit_18_14_inst_0/shift_registers_12_reg_r/C
                               shift_register_unit_18_14_inst_13/shift_registers_13_reg[6]/D
                                                              8.402         
shift_register_unit_18_14_inst_0/shift_registers_12_reg_r/C
                               shift_register_unit_18_14_inst_6/shift_registers_13_reg[9]/D
                                                              8.402         
shift_register_unit_18_14_inst_0/shift_registers_12_reg_r/C
                               shift_register_unit_18_14_inst_12/shift_registers_13_reg[16]/D
                                                              8.405         
shift_register_unit_18_14_inst_0/shift_registers_12_reg_r/C
                               shift_register_unit_18_14_inst_1/shift_registers_13_reg[9]/D
                                                              8.406         
shift_register_unit_18_14_inst_0/shift_registers_12_reg_r/C
                               shift_register_unit_18_14_inst_11/shift_registers_13_reg[10]/D
                                                              8.408         
shift_register_unit_18_14_inst_0/shift_registers_12_reg_r/C
                               shift_register_unit_18_14_inst_8/shift_registers_13_reg[3]/D
                                                              8.410         
shift_register_unit_18_14_inst_0/shift_registers_12_reg_r/C
                               shift_register_unit_18_14_inst_4/shift_registers_13_reg[10]/D
                                                              8.413         
shift_register_unit_18_14_inst_0/shift_registers_12_reg_r/C
                               shift_register_unit_18_14_inst_13/shift_registers_13_reg[17]/D
                                                              8.416         
shift_register_unit_18_14_inst_0/shift_registers_12_reg_r/C
                               shift_register_unit_18_14_inst_4/shift_registers_13_reg[17]/D
                                                              8.419         
shift_register_unit_18_14_inst_0/shift_registers_12_reg_r/C
                               shift_register_unit_18_14_inst_12/shift_registers_13_reg[17]/D
                                                              8.425         
shift_register_unit_18_14_inst_0/shift_registers_12_reg_r/C
                               shift_register_unit_18_14_inst_13/shift_registers_13_reg[7]/D
                                                              8.432         
shift_register_unit_18_14_inst_0/shift_registers_12_reg_r/C
                               shift_register_unit_18_14_inst_6/shift_registers_13_reg[16]/D
                                                              8.433         
shift_register_unit_18_14_inst_0/shift_registers_12_reg_r/C
                               shift_register_unit_18_14_inst_11/shift_registers_13_reg[11]/D
                                                              8.438         
shift_register_unit_18_14_inst_0/shift_registers_12_reg_r/C
                               shift_register_unit_18_14_inst_4/shift_registers_13_reg[11]/D
                                                              8.439         
shift_register_unit_18_14_inst_0/shift_registers_12_reg_r/C
                               shift_register_unit_18_14_inst_5/shift_registers_13_reg[2]/D
                                                              8.441         
shift_register_unit_18_14_inst_0/shift_registers_12_reg_r/C
                               shift_register_unit_18_14_inst_6/shift_registers_13_reg[0]/D
                                                              8.445         
shift_register_unit_18_14_inst_0/shift_registers_12_reg_r/C
                               shift_register_unit_18_14_inst_6/shift_registers_13_reg[2]/D
                                                              8.446         
shift_register_unit_18_14_inst_0/shift_registers_12_reg_r/C
                               shift_register_unit_18_14_inst_15/shift_registers_13_reg[12]/D
                                                              8.451         
shift_register_unit_18_14_inst_0/shift_registers_12_reg_r/C
                               shift_register_unit_18_14_inst_15/shift_registers_13_reg[14]/D
                                                              8.451         
shift_register_unit_18_14_inst_0/shift_registers_12_reg_r/C
                               shift_register_unit_18_14_inst_6/shift_registers_13_reg[17]/D
                                                              8.453         
shift_register_unit_18_14_inst_0/shift_registers_12_reg_r/C
                               shift_register_unit_18_14_inst_8/shift_registers_13_reg[0]/D
                                                              8.460         
shift_register_unit_18_14_inst_0/shift_registers_12_reg_r/C
                               shift_register_unit_18_14_inst_5/shift_registers_13_reg[3]/D
                                                              8.467         
shift_register_unit_18_14_inst_0/shift_registers_12_reg_r/C
                               shift_register_unit_18_14_inst_10/shift_registers_13_reg[2]/D
                                                              8.469         
shift_register_unit_18_14_inst_0/shift_registers_12_reg_r/C
                               shift_register_unit_18_14_inst_15/shift_registers_13_reg[13]/D
                                                              8.475         
shift_register_unit_18_14_inst_0/shift_registers_12_reg_r/C
                               shift_register_unit_18_14_inst_8/shift_registers_13_reg[14]/D
                                                              8.475         
shift_register_unit_18_14_inst_0/shift_registers_12_reg_r/C
                               shift_register_unit_18_14_inst_0/shift_registers_13_reg[2]/D
                                                              8.476         
shift_register_unit_18_14_inst_0/shift_registers_12_reg_r/C
                               shift_register_unit_18_14_inst_6/shift_registers_13_reg[3]/D
                                                              8.476         
shift_register_unit_18_14_inst_0/shift_registers_12_reg_r/C
                               shift_register_unit_18_14_inst_15/shift_registers_13_reg[15]/D
                                                              8.477         
shift_register_unit_18_14_inst_0/shift_registers_12_reg_r/C
                               shift_register_unit_18_14_inst_8/shift_registers_13_reg[1]/D
                                                              8.477         
shift_register_unit_18_14_inst_0/shift_registers_12_reg_r/C
                               shift_register_unit_18_14_inst_6/shift_registers_13_reg[1]/D
                                                              8.478         
shift_register_unit_18_14_inst_0/shift_registers_12_reg_r/C
                               shift_register_unit_18_14_inst_14/shift_registers_13_reg[10]/D
                                                              8.481         
shift_register_unit_18_14_inst_0/shift_registers_12_reg_r/C
                               shift_register_unit_18_14_inst_8/shift_registers_13_reg[8]/D
                                                              8.481         
shift_register_unit_18_14_inst_0/shift_registers_12_reg_r/C
                               shift_register_unit_18_14_inst_14/shift_registers_13_reg[0]/D
                                                              8.481         
shift_register_unit_18_14_inst_0/shift_registers_12_reg_r/C
                               shift_register_unit_18_14_inst_7/shift_registers_13_reg[10]/D
                                                              8.487         
shift_register_unit_18_14_inst_0/shift_registers_12_reg_r/C
                               shift_register_unit_18_14_inst_7/shift_registers_13_reg[0]/D
                                                              8.488         
shift_register_unit_18_14_inst_0/shift_registers_12_reg_r/C
                               shift_register_unit_18_14_inst_7/shift_registers_13_reg[6]/D
                                                              8.490         
shift_register_unit_18_14_inst_0/shift_registers_12_reg_r/C
                               shift_register_unit_18_14_inst_7/shift_registers_13_reg[4]/D
                                                              8.490         
shift_register_unit_18_14_inst_0/shift_registers_12_reg_r/C
                               shift_register_unit_18_14_inst_8/shift_registers_13_reg[15]/D
                                                              8.493         
shift_register_unit_18_14_inst_0/shift_registers_12_reg_r/C
                               shift_register_unit_18_14_inst_3/shift_registers_13_reg[10]/D
                                                              8.494         
shift_register_unit_18_14_inst_0/shift_registers_12_reg_r/C
                               shift_register_unit_18_14_inst_2/shift_registers_13_reg[10]/D
                                                              8.495         
shift_register_unit_18_14_inst_0/shift_registers_12_reg_r/C
                               shift_register_unit_18_14_inst_5/shift_registers_13_reg[8]/D
                                                              8.496         
shift_register_unit_18_14_inst_0/shift_registers_12_reg_r/C
                               shift_register_unit_18_14_inst_1/shift_registers_13_reg[2]/D
                                                              8.497         
shift_register_unit_18_14_inst_0/shift_registers_12_reg_r/C
                               shift_register_unit_18_14_inst_10/shift_registers_13_reg[3]/D
                                                              8.499         
shift_register_unit_18_14_inst_0/shift_registers_12_reg_r/C
                               shift_register_unit_18_14_inst_1/shift_registers_13_reg[10]/D
                                                              8.501         
shift_register_unit_18_14_inst_0/shift_registers_12_reg_r/C
                               shift_register_unit_18_14_inst_0/shift_registers_13_reg[3]/D
                                                              8.502         
shift_register_unit_18_14_inst_0/shift_registers_12_reg_r/C
                               shift_register_unit_18_14_inst_7/shift_registers_13_reg[11]/D
                                                              8.502         
shift_register_unit_18_14_inst_0/shift_registers_12_reg_r/C
                               shift_register_unit_18_14_inst_8/shift_registers_13_reg[9]/D
                                                              8.505         
shift_register_unit_18_14_inst_0/shift_registers_12_reg_r/C
                               shift_register_unit_18_14_inst_13/shift_registers_13_reg[0]/D
                                                              8.505         
shift_register_unit_18_14_inst_0/shift_registers_12_reg_r/C
                               shift_register_unit_18_14_inst_14/shift_registers_13_reg[1]/D
                                                              8.505         
shift_register_unit_18_14_inst_0/shift_registers_12_reg_r/C
                               shift_register_unit_18_14_inst_13/shift_registers_13_reg[4]/D
                                                              8.506         
shift_register_unit_18_14_inst_0/shift_registers_12_reg_r/C
                               shift_register_unit_18_14_inst_7/shift_registers_13_reg[5]/D
                                                              8.506         
shift_register_unit_18_14_inst_0/shift_registers_12_reg_r/C
                               shift_register_unit_18_14_inst_13/shift_registers_13_reg[2]/D
                                                              8.506         
shift_register_unit_18_14_inst_0/shift_registers_12_reg_r/C
                               shift_register_unit_18_14_inst_14/shift_registers_13_reg[11]/D
                                                              8.507         
shift_register_unit_18_14_inst_0/shift_registers_12_reg_r/C
                               shift_register_unit_18_14_inst_7/shift_registers_13_reg[7]/D
                                                              8.508         
shift_register_unit_18_14_inst_0/shift_registers_12_reg_r/C
                               shift_register_unit_18_14_inst_7/shift_registers_13_reg[1]/D
                                                              8.512         



