Copyright 1986-2018 Xilinx, Inc. All Rights Reserved.
-----------------------------------------------------------------------------------------------------------------------------------------------------------------------------------------------------------------------------------------------------
| Tool Version : Vivado v.2018.3 (lin64) Build 2405991 Thu Dec  6 23:36:41 MST 2018
| Date         : Wed Jan 12 12:23:03 2022
| Host         : koopa.ece.utexas.edu running 64-bit CentOS Linux release 7.9.2009 (Core)
| Command      : report_timing -sort_by group -max_paths 100 -path_type summary -file /misc/scratch/zwei1/reports_Jan12/raw_designs/vtr_designs/verilog/koios/tiny_darknet_like.small_submodules/td_fused_top_tdf2_poolOutputs/post_route_timing.rpt
| Design       : td_fused_top_tdf2_poolOutputs
| Device       : 7z020-clg484
| Speed File   : -3  PRODUCTION 1.11 2014-09-11
-----------------------------------------------------------------------------------------------------------------------------------------------------------------------------------------------------------------------------------------------------

Timing Report

Startpoint                     Endpoint                       Slack(ns)     
----------------------------------------------------------------------------
hcmp_16ns_16ns_1_2_no_dsp_1_U114/din0_buf1_reg[3]/C
                               max_vals_4_0_reg[1]/CE         1.459         
hcmp_16ns_16ns_1_2_no_dsp_1_U114/din0_buf1_reg[3]/C
                               max_vals_4_0_reg[4]/CE         1.459         
hcmp_16ns_16ns_1_2_no_dsp_1_U114/din0_buf1_reg[3]/C
                               max_vals_4_0_reg[5]/CE         1.459         
hcmp_16ns_16ns_1_2_no_dsp_1_U114/din0_buf1_reg[3]/C
                               max_vals_4_0_reg[0]/CE         1.537         
hcmp_16ns_16ns_1_2_no_dsp_1_U114/din0_buf1_reg[3]/C
                               max_vals_4_0_reg[6]/CE         1.537         
hcmp_16ns_16ns_1_2_no_dsp_1_U114/din0_buf1_reg[3]/C
                               max_vals_4_0_reg[7]/CE         1.537         
hcmp_16ns_16ns_1_2_no_dsp_1_U114/din0_buf1_reg[3]/C
                               max_vals_4_0_reg[12]/CE        1.555         
hcmp_16ns_16ns_1_2_no_dsp_1_U114/din0_buf1_reg[3]/C
                               max_vals_4_0_reg[3]/CE         1.555         
hcmp_16ns_16ns_1_2_no_dsp_1_U114/din0_buf1_reg[3]/C
                               max_vals_4_0_reg[8]/CE         1.555         
hcmp_16ns_16ns_1_2_no_dsp_1_U114/din0_buf1_reg[3]/C
                               max_vals_4_0_reg[9]/CE         1.555         
hcmp_16ns_16ns_1_2_no_dsp_1_U114/din0_buf1_reg[3]/C
                               max_vals_4_0_reg[10]/CE        1.560         
hcmp_16ns_16ns_1_2_no_dsp_1_U114/din0_buf1_reg[3]/C
                               max_vals_4_0_reg[15]/CE        1.560         
hcmp_16ns_16ns_1_2_no_dsp_1_U114/din0_buf1_reg[3]/C
                               max_vals_4_0_reg[2]/CE         1.560         
hcmp_16ns_16ns_1_2_no_dsp_1_U114/din0_buf1_reg[3]/C
                               max_vals_4_0_reg[11]/CE        1.639         
hcmp_16ns_16ns_1_2_no_dsp_1_U114/din0_buf1_reg[3]/C
                               max_vals_4_0_reg[13]/CE        1.639         
hcmp_16ns_16ns_1_2_no_dsp_1_U114/din0_buf1_reg[3]/C
                               max_vals_4_0_reg[14]/CE        1.639         
hcmp_16ns_16ns_1_2_no_dsp_1_U114/din0_buf1_reg[3]/C
                               hcmp_16ns_16ns_1_2_no_dsp_1_U114/dout_r_reg[0]/D
                                                              2.179         
grp_tdf2_writeOutputs_unaligned_fu_88/outputCount_7_reg[0]/C
                               grp_tdf2_writeOutputs_unaligned_fu_88/outputChanIdx_7_reg[4]/R
                                                              5.119         
grp_tdf2_writeOutputs_unaligned_fu_88/outputCount_7_reg[0]/C
                               grp_tdf2_writeOutputs_unaligned_fu_88/outputChanIdx_7_reg[5]/R
                                                              5.119         
grp_tdf2_writeOutputs_unaligned_fu_88/outputCount_7_reg[0]/C
                               grp_tdf2_writeOutputs_unaligned_fu_88/outputChanIdx_7_reg[6]/R
                                                              5.119         
grp_tdf2_writeOutputs_unaligned_fu_88/outputCount_7_reg[0]/C
                               grp_tdf2_writeOutputs_unaligned_fu_88/outputChanIdx_7_reg[7]/R
                                                              5.119         
grp_tdf2_writeOutputs_unaligned_fu_88/outputCount_7_reg[0]/C
                               grp_tdf2_writeOutputs_unaligned_fu_88/empty_reg_89_reg[10]/CE
                                                              5.148         
grp_tdf2_writeOutputs_unaligned_fu_88/outputCount_7_reg[0]/C
                               grp_tdf2_writeOutputs_unaligned_fu_88/empty_reg_89_reg[11]/CE
                                                              5.148         
grp_tdf2_writeOutputs_unaligned_fu_88/outputCount_7_reg[0]/C
                               grp_tdf2_writeOutputs_unaligned_fu_88/empty_reg_89_reg[12]/CE
                                                              5.148         
grp_tdf2_writeOutputs_unaligned_fu_88/outputCount_7_reg[0]/C
                               grp_tdf2_writeOutputs_unaligned_fu_88/empty_reg_89_reg[9]/CE
                                                              5.148         
grp_tdf2_writeOutputs_unaligned_fu_88/outputCount_7_reg[0]/C
                               grp_tdf2_writeOutputs_unaligned_fu_88/outputChanIdx_7_reg[0]/R
                                                              5.217         
grp_tdf2_writeOutputs_unaligned_fu_88/outputCount_7_reg[0]/C
                               grp_tdf2_writeOutputs_unaligned_fu_88/outputChanIdx_7_reg[1]/R
                                                              5.217         
grp_tdf2_writeOutputs_unaligned_fu_88/outputCount_7_reg[0]/C
                               grp_tdf2_writeOutputs_unaligned_fu_88/outputChanIdx_7_reg[2]/R
                                                              5.217         
grp_tdf2_writeOutputs_unaligned_fu_88/outputCount_7_reg[0]/C
                               grp_tdf2_writeOutputs_unaligned_fu_88/outputChanIdx_7_reg[3]/R
                                                              5.217         
grp_tdf2_writeOutputs_unaligned_fu_88/outputCount_7_reg[0]/C
                               grp_tdf2_writeOutputs_unaligned_fu_88/outputChanIdx_7_reg[12]/R
                                                              5.226         
grp_tdf2_writeOutputs_unaligned_fu_88/outputCount_7_reg[0]/C
                               grp_tdf2_writeOutputs_unaligned_fu_88/outputChanIdx_7_reg[13]/R
                                                              5.226         
grp_tdf2_writeOutputs_unaligned_fu_88/outputCount_7_reg[0]/C
                               grp_tdf2_writeOutputs_unaligned_fu_88/outputChanIdx_7_reg[14]/R
                                                              5.226         
grp_tdf2_writeOutputs_unaligned_fu_88/outputCount_7_reg[0]/C
                               grp_tdf2_writeOutputs_unaligned_fu_88/outputChanIdx_7_reg[15]/R
                                                              5.226         
grp_tdf2_writeOutputs_unaligned_fu_88/outputCount_7_reg[0]/C
                               grp_tdf2_writeOutputs_unaligned_fu_88/outputChanIdx_7_reg[10]/R
                                                              5.323         
grp_tdf2_writeOutputs_unaligned_fu_88/outputCount_7_reg[0]/C
                               grp_tdf2_writeOutputs_unaligned_fu_88/outputChanIdx_7_reg[11]/R
                                                              5.323         
grp_tdf2_writeOutputs_unaligned_fu_88/outputCount_7_reg[0]/C
                               grp_tdf2_writeOutputs_unaligned_fu_88/outputChanIdx_7_reg[8]/R
                                                              5.323         
grp_tdf2_writeOutputs_unaligned_fu_88/outputCount_7_reg[0]/C
                               grp_tdf2_writeOutputs_unaligned_fu_88/outputChanIdx_7_reg[9]/R
                                                              5.323         
grp_tdf2_writeOutputs_unaligned_fu_88/outputCount_7_reg[0]/C
                               grp_tdf2_writeOutputs_unaligned_fu_88/empty_reg_89_reg[0]/CE
                                                              5.331         
grp_tdf2_writeOutputs_unaligned_fu_88/outputCount_7_reg[0]/C
                               grp_tdf2_writeOutputs_unaligned_fu_88/empty_reg_89_reg[1]/CE
                                                              5.341         
grp_tdf2_writeOutputs_unaligned_fu_88/outputCount_7_reg[0]/C
                               grp_tdf2_writeOutputs_unaligned_fu_88/empty_reg_89_reg[2]/CE
                                                              5.341         
grp_tdf2_writeOutputs_unaligned_fu_88/outputCount_7_reg[0]/C
                               grp_tdf2_writeOutputs_unaligned_fu_88/empty_reg_89_reg[3]/CE
                                                              5.341         
grp_tdf2_writeOutputs_unaligned_fu_88/outputCount_7_reg[0]/C
                               grp_tdf2_writeOutputs_unaligned_fu_88/empty_reg_89_reg[4]/CE
                                                              5.341         
grp_tdf2_writeOutputs_unaligned_fu_88/outputCount_7_reg[0]/C
                               grp_tdf2_writeOutputs_unaligned_fu_88/empty_reg_89_reg[5]/CE
                                                              5.437         
grp_tdf2_writeOutputs_unaligned_fu_88/outputCount_7_reg[0]/C
                               grp_tdf2_writeOutputs_unaligned_fu_88/empty_reg_89_reg[6]/CE
                                                              5.437         
grp_tdf2_writeOutputs_unaligned_fu_88/outputCount_7_reg[0]/C
                               grp_tdf2_writeOutputs_unaligned_fu_88/empty_reg_89_reg[7]/CE
                                                              5.437         
grp_tdf2_writeOutputs_unaligned_fu_88/outputCount_7_reg[0]/C
                               grp_tdf2_writeOutputs_unaligned_fu_88/empty_reg_89_reg[8]/CE
                                                              5.437         
grp_tdf2_writeOutputs_unaligned_fu_88/outputCount_7_reg[0]/C
                               grp_tdf2_writeOutputs_unaligned_fu_88/empty_reg_89_reg[13]/CE
                                                              5.557         
grp_tdf2_writeOutputs_unaligned_fu_88/outputCount_7_reg[0]/C
                               grp_tdf2_writeOutputs_unaligned_fu_88/empty_reg_89_reg[14]/CE
                                                              5.557         
grp_tdf2_writeOutputs_unaligned_fu_88/outputCount_7_reg[0]/C
                               grp_tdf2_writeOutputs_unaligned_fu_88/empty_reg_89_reg[15]/CE
                                                              5.557         
grp_tdf2_writeOutputs_unaligned_fu_88/outputCount_7_reg[0]/C
                               grp_tdf2_writeOutputs_unaligned_fu_88/outputChanIdx_7_reg[12]/CE
                                                              5.898         
grp_tdf2_writeOutputs_unaligned_fu_88/outputCount_7_reg[0]/C
                               grp_tdf2_writeOutputs_unaligned_fu_88/outputChanIdx_7_reg[13]/CE
                                                              5.898         
grp_tdf2_writeOutputs_unaligned_fu_88/outputCount_7_reg[0]/C
                               grp_tdf2_writeOutputs_unaligned_fu_88/outputChanIdx_7_reg[14]/CE
                                                              5.898         
grp_tdf2_writeOutputs_unaligned_fu_88/outputCount_7_reg[0]/C
                               grp_tdf2_writeOutputs_unaligned_fu_88/outputChanIdx_7_reg[15]/CE
                                                              5.898         
grp_tdf2_writeOutputs_unaligned_fu_88/outputCount_7_reg[0]/C
                               grp_tdf2_writeOutputs_unaligned_fu_88/outputChanIdx_7_reg[10]/CE
                                                              5.997         
grp_tdf2_writeOutputs_unaligned_fu_88/outputCount_7_reg[0]/C
                               grp_tdf2_writeOutputs_unaligned_fu_88/outputChanIdx_7_reg[11]/CE
                                                              5.997         
grp_tdf2_writeOutputs_unaligned_fu_88/outputCount_7_reg[0]/C
                               grp_tdf2_writeOutputs_unaligned_fu_88/outputChanIdx_7_reg[8]/CE
                                                              5.997         
grp_tdf2_writeOutputs_unaligned_fu_88/outputCount_7_reg[0]/C
                               grp_tdf2_writeOutputs_unaligned_fu_88/outputChanIdx_7_reg[9]/CE
                                                              5.997         
grp_tdf2_writeOutputs_unaligned_fu_88/outputCount_7_reg[0]/C
                               grp_tdf2_writeOutputs_unaligned_fu_88/outputChanIdx_7_reg[4]/CE
                                                              6.004         
grp_tdf2_writeOutputs_unaligned_fu_88/outputCount_7_reg[0]/C
                               grp_tdf2_writeOutputs_unaligned_fu_88/outputChanIdx_7_reg[5]/CE
                                                              6.004         
grp_tdf2_writeOutputs_unaligned_fu_88/outputCount_7_reg[0]/C
                               grp_tdf2_writeOutputs_unaligned_fu_88/outputChanIdx_7_reg[6]/CE
                                                              6.004         
grp_tdf2_writeOutputs_unaligned_fu_88/outputCount_7_reg[0]/C
                               grp_tdf2_writeOutputs_unaligned_fu_88/outputChanIdx_7_reg[7]/CE
                                                              6.004         
grp_tdf2_writeOutputs_unaligned_fu_88/outputCount_7_reg[0]/C
                               grp_tdf2_writeOutputs_unaligned_fu_88/icmp_ln88_reg_295_reg[0]/D
                                                              6.015         
grp_tdf2_writeOutputs_unaligned_fu_88/outputCount_7_reg[0]/C
                               grp_tdf2_writeOutputs_unaligned_fu_88/outputChanIdx_7_reg[0]/CE
                                                              6.112         
grp_tdf2_writeOutputs_unaligned_fu_88/outputCount_7_reg[0]/C
                               grp_tdf2_writeOutputs_unaligned_fu_88/outputChanIdx_7_reg[1]/CE
                                                              6.112         
grp_tdf2_writeOutputs_unaligned_fu_88/outputCount_7_reg[0]/C
                               grp_tdf2_writeOutputs_unaligned_fu_88/outputChanIdx_7_reg[2]/CE
                                                              6.112         
grp_tdf2_writeOutputs_unaligned_fu_88/outputCount_7_reg[0]/C
                               grp_tdf2_writeOutputs_unaligned_fu_88/outputChanIdx_7_reg[3]/CE
                                                              6.112         
ap_CS_fsm_reg[1]/C             hcmp_16ns_16ns_1_2_no_dsp_1_U114/din0_buf1_reg[0]/CE
                                                              6.937         
ap_CS_fsm_reg[1]/C             hcmp_16ns_16ns_1_2_no_dsp_1_U114/din0_buf1_reg[15]/CE
                                                              6.937         
ap_CS_fsm_reg[1]/C             hcmp_16ns_16ns_1_2_no_dsp_1_U114/din0_buf1_reg[7]/CE
                                                              6.937         
ap_CS_fsm_reg[1]/C             hcmp_16ns_16ns_1_2_no_dsp_1_U114/din1_buf1_reg[2]/CE
                                                              6.937         
grp_tdf2_writeOutputs_unaligned_fu_88/ap_CS_fsm_reg[0]/C
                               grp_tdf2_writeOutputs_unaligned_fu_88/outputRow_9_1_reg[0]/CE
                                                              7.050         
grp_tdf2_writeOutputs_unaligned_fu_88/ap_CS_fsm_reg[0]/C
                               grp_tdf2_writeOutputs_unaligned_fu_88/outputRow_9_1_reg[10]/CE
                                                              7.050         
grp_tdf2_writeOutputs_unaligned_fu_88/ap_CS_fsm_reg[0]/C
                               grp_tdf2_writeOutputs_unaligned_fu_88/outputRow_9_1_reg[1]/CE
                                                              7.050         
grp_tdf2_writeOutputs_unaligned_fu_88/ap_CS_fsm_reg[0]/C
                               grp_tdf2_writeOutputs_unaligned_fu_88/outputRow_9_1_reg[5]/CE
                                                              7.050         
grp_tdf2_writeOutputs_unaligned_fu_88/ap_CS_fsm_reg[0]/C
                               grp_tdf2_writeOutputs_unaligned_fu_88/outputRow_9_1_reg[7]/CE
                                                              7.050         
grp_tdf2_writeOutputs_unaligned_fu_88_ap_start_reg_reg/C
                               grp_tdf2_writeOutputs_unaligned_fu_88/outputRow_9_0_reg[11]/CE
                                                              7.147         
grp_tdf2_writeOutputs_unaligned_fu_88_ap_start_reg_reg/C
                               grp_tdf2_writeOutputs_unaligned_fu_88/outputRow_9_0_reg[12]/CE
                                                              7.147         
grp_tdf2_writeOutputs_unaligned_fu_88_ap_start_reg_reg/C
                               grp_tdf2_writeOutputs_unaligned_fu_88/outputRow_9_0_reg[13]/CE
                                                              7.147         
grp_tdf2_writeOutputs_unaligned_fu_88_ap_start_reg_reg/C
                               grp_tdf2_writeOutputs_unaligned_fu_88/outputRow_9_0_reg[14]/CE
                                                              7.147         
grp_tdf2_writeOutputs_unaligned_fu_88_ap_start_reg_reg/C
                               grp_tdf2_writeOutputs_unaligned_fu_88/outputRow_9_0_reg[2]/CE
                                                              7.147         
grp_tdf2_writeOutputs_unaligned_fu_88_ap_start_reg_reg/C
                               grp_tdf2_writeOutputs_unaligned_fu_88/outputRow_9_0_reg[8]/CE
                                                              7.147         
grp_tdf2_writeOutputs_unaligned_fu_88_ap_start_reg_reg/C
                               grp_tdf2_writeOutputs_unaligned_fu_88/outputRow_9_0_reg[9]/CE
                                                              7.147         
ap_CS_fsm_reg[1]/C             hcmp_16ns_16ns_1_2_no_dsp_1_U114/din0_buf1_reg[14]/CE
                                                              7.147         
ap_CS_fsm_reg[1]/C             hcmp_16ns_16ns_1_2_no_dsp_1_U114/din1_buf1_reg[10]/CE
                                                              7.147         
ap_CS_fsm_reg[1]/C             hcmp_16ns_16ns_1_2_no_dsp_1_U114/din1_buf1_reg[13]/CE
                                                              7.147         
ap_CS_fsm_reg[1]/C             hcmp_16ns_16ns_1_2_no_dsp_1_U114/din1_buf1_reg[15]/CE
                                                              7.147         
grp_tdf2_writeOutputs_unaligned_fu_88_ap_start_reg_reg/C
                               grp_tdf2_writeOutputs_unaligned_fu_88/outputRow_9_2_reg[4]/CE
                                                              7.159         
grp_tdf2_writeOutputs_unaligned_fu_88_ap_start_reg_reg/C
                               grp_tdf2_writeOutputs_unaligned_fu_88/outputRow_9_2_reg[6]/CE
                                                              7.159         
ap_CS_fsm_reg[1]/C             hcmp_16ns_16ns_1_2_no_dsp_1_U114/din0_buf1_reg[6]/CE
                                                              7.167         
ap_CS_fsm_reg[1]/C             hcmp_16ns_16ns_1_2_no_dsp_1_U114/din1_buf1_reg[6]/CE
                                                              7.167         
ap_CS_fsm_reg[1]/C             hcmp_16ns_16ns_1_2_no_dsp_1_U114/din1_buf1_reg[7]/CE
                                                              7.167         
grp_tdf2_writeOutputs_unaligned_fu_88/ap_CS_fsm_reg[0]/C
                               grp_tdf2_writeOutputs_unaligned_fu_88/outputRow_9_1_reg[12]/CE
                                                              7.207         
grp_tdf2_writeOutputs_unaligned_fu_88/ap_CS_fsm_reg[0]/C
                               grp_tdf2_writeOutputs_unaligned_fu_88/outputRow_9_1_reg[15]/CE
                                                              7.207         
grp_tdf2_writeOutputs_unaligned_fu_88/ap_CS_fsm_reg[0]/C
                               grp_tdf2_writeOutputs_unaligned_fu_88/outputRow_9_1_reg[2]/CE
                                                              7.207         
grp_tdf2_writeOutputs_unaligned_fu_88/ap_CS_fsm_reg[0]/C
                               grp_tdf2_writeOutputs_unaligned_fu_88/outputRow_9_1_reg[3]/CE
                                                              7.207         
grp_tdf2_writeOutputs_unaligned_fu_88/ap_CS_fsm_reg[0]/C
                               grp_tdf2_writeOutputs_unaligned_fu_88/outputRow_9_1_reg[8]/CE
                                                              7.207         
grp_tdf2_writeOutputs_unaligned_fu_88/ap_CS_fsm_reg[0]/C
                               grp_tdf2_writeOutputs_unaligned_fu_88/outputRow_9_1_reg[9]/CE
                                                              7.207         
ap_CS_fsm_reg[1]/C             hcmp_16ns_16ns_1_2_no_dsp_1_U114/din0_buf1_reg[2]/CE
                                                              7.223         
ap_CS_fsm_reg[1]/C             hcmp_16ns_16ns_1_2_no_dsp_1_U114/din0_buf1_reg[4]/CE
                                                              7.223         
ap_CS_fsm_reg[1]/C             hcmp_16ns_16ns_1_2_no_dsp_1_U114/din1_buf1_reg[0]/CE
                                                              7.223         



