Copyright 1986-2018 Xilinx, Inc. All Rights Reserved.
---------------------------------------------------------------------------------------------------------------------------------------------------------------------------------------------------------------------
| Tool Version : Vivado v.2018.3 (lin64) Build 2405991 Thu Dec  6 23:36:41 MST 2018
| Date         : Wed Jan 12 12:14:22 2022
| Host         : koopa.ece.utexas.edu running 64-bit CentOS Linux release 7.9.2009 (Core)
| Command      : report_timing_summary -file /misc/scratch/zwei1/reports_Jan12/raw_designs/vtr_designs/verilog/koios/tiny_darknet_like.small_submodules/td_fused_top_tdf1_readInputs19/post_route_timing_summary.rpt
| Design       : td_fused_top_tdf1_readInputs19
| Device       : 7z020-clg484
| Speed File   : -3  PRODUCTION 1.11 2014-09-11
---------------------------------------------------------------------------------------------------------------------------------------------------------------------------------------------------------------------

Timing Summary Report

------------------------------------------------------------------------------------------------
| Timer Settings
| --------------
------------------------------------------------------------------------------------------------

  Enable Multi Corner Analysis               :  Yes
  Enable Pessimism Removal                   :  Yes
  Pessimism Removal Resolution               :  Nearest Common Node
  Enable Input Delay Default Clock           :  No
  Enable Preset / Clear Arcs                 :  No
  Disable Flight Delays                      :  No
  Ignore I/O Paths                           :  No
  Timing Early Launch at Borrowing Latches   :  false

  Corner  Analyze    Analyze    
  Name    Max Paths  Min Paths  
  ------  ---------  ---------  
  Slow    Yes        Yes        
  Fast    Yes        Yes        



check_timing report

Table of Contents
-----------------
1. checking no_clock
2. checking constant_clock
3. checking pulse_width_clock
4. checking unconstrained_internal_endpoints
5. checking no_input_delay
6. checking no_output_delay
7. checking multiple_clock
8. checking generated_clocks
9. checking loops
10. checking partial_input_delay
11. checking partial_output_delay
12. checking latch_loops

1. checking no_clock
--------------------
 There are 0 register/latch pins with no clock.


2. checking constant_clock
--------------------------
 There are 0 register/latch pins with constant_clock.


3. checking pulse_width_clock
-----------------------------
 There are 0 register/latch pins which need pulse_width check


4. checking unconstrained_internal_endpoints
--------------------------------------------
 There are 0 pins that are not constrained for maximum delay.

 There are 0 pins that are not constrained for maximum delay due to constant clock.


5. checking no_input_delay
--------------------------
 There are 35 input ports with no input delay specified. (HIGH)

 There are 0 input ports with no input delay but user has a false path constraint.


6. checking no_output_delay
---------------------------
 There are 43 ports with no output delay specified. (HIGH)

 There are 0 ports with no output delay but user has a false path constraint

 There are 0 ports with no output delay but with a timing clock defined on it or propagating through it


7. checking multiple_clock
--------------------------
 There are 0 register/latch pins with multiple clocks.


8. checking generated_clocks
----------------------------
 There are 0 generated clocks that are not connected to a clock source.


9. checking loops
-----------------
 There are 0 combinational loops in the design.


10. checking partial_input_delay
--------------------------------
 There are 0 input ports with partial input delay specified.


11. checking partial_output_delay
---------------------------------
 There are 0 ports with partial output delay specified.


12. checking latch_loops
------------------------
 There are 0 combinational latch loops in the design through latch input



------------------------------------------------------------------------------------------------
| Design Timing Summary
| ---------------------
------------------------------------------------------------------------------------------------

    WNS(ns)      TNS(ns)  TNS Failing Endpoints  TNS Total Endpoints      WHS(ns)      THS(ns)  THS Failing Endpoints  THS Total Endpoints     WPWS(ns)     TPWS(ns)  TPWS Failing Endpoints  TPWS Total Endpoints  
    -------      -------  ---------------------  -------------------      -------      -------  ---------------------  -------------------     --------     --------  ----------------------  --------------------  
      4.878        0.000                      0                  196        0.149        0.000                      0                  196        4.500        0.000                       0                   135  


All user specified timing constraints are met.


------------------------------------------------------------------------------------------------
| Clock Summary
| -------------
------------------------------------------------------------------------------------------------

Clock  Waveform(ns)       Period(ns)      Frequency(MHz)
-----  ------------       ----------      --------------
clk    {0.000 5.000}      10.000          100.000         


------------------------------------------------------------------------------------------------
| Intra Clock Table
| -----------------
------------------------------------------------------------------------------------------------

Clock             WNS(ns)      TNS(ns)  TNS Failing Endpoints  TNS Total Endpoints      WHS(ns)      THS(ns)  THS Failing Endpoints  THS Total Endpoints     WPWS(ns)     TPWS(ns)  TPWS Failing Endpoints  TPWS Total Endpoints  
-----             -------      -------  ---------------------  -------------------      -------      -------  ---------------------  -------------------     --------     --------  ----------------------  --------------------  
clk                 4.878        0.000                      0                  196        0.149        0.000                      0                  196        4.500        0.000                       0                   135  


------------------------------------------------------------------------------------------------
| Inter Clock Table
| -----------------
------------------------------------------------------------------------------------------------

From Clock    To Clock          WNS(ns)      TNS(ns)  TNS Failing Endpoints  TNS Total Endpoints      WHS(ns)      THS(ns)  THS Failing Endpoints  THS Total Endpoints  
----------    --------          -------      -------  ---------------------  -------------------      -------      -------  ---------------------  -------------------  


------------------------------------------------------------------------------------------------
| Other Path Groups Table
| -----------------------
------------------------------------------------------------------------------------------------

Path Group    From Clock    To Clock          WNS(ns)      TNS(ns)  TNS Failing Endpoints  TNS Total Endpoints      WHS(ns)      THS(ns)  THS Failing Endpoints  THS Total Endpoints  
----------    ----------    --------          -------      -------  ---------------------  -------------------      -------      -------  ---------------------  -------------------  


------------------------------------------------------------------------------------------------
| Timing Details
| --------------
------------------------------------------------------------------------------------------------


---------------------------------------------------------------------------------------------------
From Clock:  clk
  To Clock:  clk

Setup :            0  Failing Endpoints,  Worst Slack        4.878ns,  Total Violation        0.000ns
Hold  :            0  Failing Endpoints,  Worst Slack        0.149ns,  Total Violation        0.000ns
PW    :            0  Failing Endpoints,  Worst Slack        4.500ns,  Total Violation        0.000ns
---------------------------------------------------------------------------------------------------


Max Delay Paths
--------------------------------------------------------------------------------------
Slack (MET) :             4.878ns  (required time - arrival time)
  Source:                 icmp_ln19_reg_950_reg[0]/C
                            (rising edge-triggered cell FDRE clocked by clk  {rise@0.000ns fall@5.000ns period=10.000ns})
  Destination:            or_ln23_30_reg_1003_reg[0]/D
                            (rising edge-triggered cell FDRE clocked by clk  {rise@0.000ns fall@5.000ns period=10.000ns})
  Path Group:             clk
  Path Type:              Setup (Max at Slow Process Corner)
  Requirement:            10.000ns  (clk rise@10.000ns - clk rise@0.000ns)
  Data Path Delay:        5.084ns  (logic 1.777ns (34.956%)  route 3.307ns (65.044%))
  Logic Levels:           10  (CARRY4=5 LUT3=1 LUT4=1 LUT6=3)
  Clock Path Skew:        -0.035ns (DCD - SCD + CPR)
    Destination Clock Delay (DCD):    0.669ns = ( 10.669 - 10.000 ) 
    Source Clock Delay      (SCD):    0.704ns
    Clock Pessimism Removal (CPR):    0.000ns
  Clock Uncertainty:      0.035ns  ((TSJ^2 + TIJ^2)^1/2 + DJ) / 2 + PE
    Total System Jitter     (TSJ):    0.071ns
    Total Input Jitter      (TIJ):    0.000ns
    Discrete Jitter          (DJ):    0.000ns
    Phase Error              (PE):    0.000ns

    Location             Delay type                Incr(ns)  Path(ns)    Netlist Resource(s)
  -------------------------------------------------------------------    -------------------
                         (clock clk rise edge)        0.000     0.000 r  
                                                      0.000     0.000 r  ap_clk (IN)
                         net (fo=134, unset)          0.704     0.704    ap_clk
    SLICE_X27Y39         FDRE                                         r  icmp_ln19_reg_950_reg[0]/C
  -------------------------------------------------------------------    -------------------
    SLICE_X27Y39         FDRE (Prop_fdre_C_Q)         0.341     1.045 f  icmp_ln19_reg_950_reg[0]/Q
                         net (fo=14, routed)          0.951     1.996    icmp_ln19_reg_950_reg_n_20_[0]
    SLICE_X24Y44         LUT3 (Prop_lut3_I2_O)        0.097     2.093 r  jj_reg_178[1]_i_2/O
                         net (fo=14, routed)          0.628     2.721    ii_reg_1550
    SLICE_X20Y44         LUT6 (Prop_lut6_I2_O)        0.097     2.818 r  or_ln23_30_reg_1003[0]_i_22/O
                         net (fo=1, routed)           0.000     2.818    or_ln23_30_reg_1003[0]_i_22_n_20
    SLICE_X20Y44         CARRY4 (Prop_carry4_S[1]_CO[3])
                                                      0.402     3.220 r  or_ln23_30_reg_1003_reg[0]_i_21/CO[3]
                         net (fo=1, routed)           0.000     3.220    or_ln23_30_reg_1003_reg[0]_i_21_n_20
    SLICE_X20Y45         CARRY4 (Prop_carry4_CI_CO[3])
                                                      0.092     3.312 r  or_ln23_30_reg_1003_reg[0]_i_17/CO[3]
                         net (fo=1, routed)           0.000     3.312    or_ln23_30_reg_1003_reg[0]_i_17_n_20
    SLICE_X20Y46         CARRY4 (Prop_carry4_CI_CO[3])
                                                      0.092     3.404 r  or_ln23_30_reg_1003_reg[0]_i_13/CO[3]
                         net (fo=1, routed)           0.000     3.404    or_ln23_30_reg_1003_reg[0]_i_13_n_20
    SLICE_X20Y47         CARRY4 (Prop_carry4_CI_CO[3])
                                                      0.092     3.496 r  or_ln23_30_reg_1003_reg[0]_i_14/CO[3]
                         net (fo=1, routed)           0.000     3.496    or_ln23_30_reg_1003_reg[0]_i_14_n_20
    SLICE_X20Y48         CARRY4 (Prop_carry4_CI_CO[1])
                                                      0.119     3.615 r  or_ln23_30_reg_1003_reg[0]_i_18/CO[1]
                         net (fo=1, routed)           0.712     4.327    p_mid114_fu_359_p2[17]
    SLICE_X19Y47         LUT4 (Prop_lut4_I1_O)        0.251     4.578 r  or_ln23_30_reg_1003[0]_i_15/O
                         net (fo=1, routed)           0.268     4.847    or_ln23_30_reg_1003[0]_i_15_n_20
    SLICE_X19Y46         LUT6 (Prop_lut6_I5_O)        0.097     4.944 r  or_ln23_30_reg_1003[0]_i_6/O
                         net (fo=2, routed)           0.747     5.691    p_mid116_fu_364_p2
    SLICE_X25Y44         LUT6 (Prop_lut6_I5_O)        0.097     5.788 r  or_ln23_30_reg_1003[0]_i_2/O
                         net (fo=1, routed)           0.000     5.788    or_ln23_30_fu_458_p2
    SLICE_X25Y44         FDRE                                         r  or_ln23_30_reg_1003_reg[0]/D
  -------------------------------------------------------------------    -------------------

                         (clock clk rise edge)       10.000    10.000 r  
                                                      0.000    10.000 r  ap_clk (IN)
                         net (fo=134, unset)          0.669    10.669    ap_clk
    SLICE_X25Y44         FDRE                                         r  or_ln23_30_reg_1003_reg[0]/C
                         clock pessimism              0.000    10.669    
                         clock uncertainty           -0.035    10.633    
    SLICE_X25Y44         FDRE (Setup_fdre_C_D)        0.032    10.665    or_ln23_30_reg_1003_reg[0]
  -------------------------------------------------------------------
                         required time                         10.665    
                         arrival time                          -5.788    
  -------------------------------------------------------------------
                         slack                                  4.878    





Min Delay Paths
--------------------------------------------------------------------------------------
Slack (MET) :             0.149ns  (arrival time - required time)
  Source:                 select_ln19_31_reg_966_pp0_iter1_reg_reg[0]/C
                            (rising edge-triggered cell FDRE clocked by clk  {rise@0.000ns fall@5.000ns period=10.000ns})
  Destination:            select_ln19_31_reg_966_pp0_iter2_reg_reg[0]/D
                            (rising edge-triggered cell FDRE clocked by clk  {rise@0.000ns fall@5.000ns period=10.000ns})
  Path Group:             clk
  Path Type:              Hold (Min at Fast Process Corner)
  Requirement:            0.000ns  (clk rise@0.000ns - clk rise@0.000ns)
  Data Path Delay:        0.241ns  (logic 0.141ns (58.497%)  route 0.100ns (41.503%))
  Logic Levels:           0  
  Clock Path Skew:        0.022ns (DCD - SCD - CPR)
    Destination Clock Delay (DCD):    0.432ns
    Source Clock Delay      (SCD):    0.411ns
    Clock Pessimism Removal (CPR):    -0.000ns

    Location             Delay type                Incr(ns)  Path(ns)    Netlist Resource(s)
  -------------------------------------------------------------------    -------------------
                         (clock clk rise edge)        0.000     0.000 r  
                                                      0.000     0.000 r  ap_clk (IN)
                         net (fo=134, unset)          0.411     0.411    ap_clk
    SLICE_X28Y43         FDRE                                         r  select_ln19_31_reg_966_pp0_iter1_reg_reg[0]/C
  -------------------------------------------------------------------    -------------------
    SLICE_X28Y43         FDRE (Prop_fdre_C_Q)         0.141     0.552 r  select_ln19_31_reg_966_pp0_iter1_reg_reg[0]/Q
                         net (fo=1, routed)           0.100     0.652    select_ln19_31_reg_966_pp0_iter1_reg[0]
    SLICE_X31Y42         FDRE                                         r  select_ln19_31_reg_966_pp0_iter2_reg_reg[0]/D
  -------------------------------------------------------------------    -------------------

                         (clock clk rise edge)        0.000     0.000 r  
                                                      0.000     0.000 r  ap_clk (IN)
                         net (fo=134, unset)          0.432     0.432    ap_clk
    SLICE_X31Y42         FDRE                                         r  select_ln19_31_reg_966_pp0_iter2_reg_reg[0]/C
                         clock pessimism              0.000     0.432    
    SLICE_X31Y42         FDRE (Hold_fdre_C_D)         0.070     0.502    select_ln19_31_reg_966_pp0_iter2_reg_reg[0]
  -------------------------------------------------------------------
                         required time                         -0.502    
                         arrival time                           0.652    
  -------------------------------------------------------------------
                         slack                                  0.149    





Pulse Width Checks
--------------------------------------------------------------------------------------
Clock Name:         clk
Waveform(ns):       { 0.000 5.000 }
Period(ns):         10.000
Sources:            { ap_clk }

Check Type        Corner  Lib Pin  Reference Pin  Required(ns)  Actual(ns)  Slack(ns)  Location      Pin
Min Period        n/a     FDRE/C   n/a            1.000         10.000      9.000      SLICE_X25Y44  add_ln19_reg_954_reg[0]/C
Low Pulse Width   Slow    FDRE/C   n/a            0.500         5.000       4.500      SLICE_X25Y44  add_ln19_reg_954_reg[0]/C
High Pulse Width  Slow    FDRE/C   n/a            0.500         5.000       4.500      SLICE_X25Y44  add_ln19_reg_954_reg[0]/C



