Copyright 1986-2018 Xilinx, Inc. All Rights Reserved.
---------------------------------------------------------------------------------------------------------------------------------------------------------------------------------------------------------
| Tool Version : Vivado v.2018.3 (lin64) Build 2405991 Thu Dec  6 23:36:41 MST 2018
| Date         : Tue Jan 11 22:25:15 2022
| Host         : koopa.ece.utexas.edu running 64-bit CentOS Linux release 7.9.2009 (Core)
| Command      : report_timing -sort_by group -max_paths 100 -path_type summary -file /misc/scratch/zwei1/reports_Jan12/raw_designs/vtr_designs/verilog/LU32PEEng_submodules/wfifo/post_route_timing.rpt
| Design       : wfifo
| Device       : 7z020-clg484
| Speed File   : -3  PRODUCTION 1.11 2014-09-11
---------------------------------------------------------------------------------------------------------------------------------------------------------------------------------------------------------

Timing Report

Startpoint                     Endpoint                       Slack(ns)     
----------------------------------------------------------------------------
counter_reg[2]/C               q_reg[30]/D                    5.967         
ram_addr/ram_reg_1/CLKARDCLK   q_reg[4]/D                     6.040         
ram_addr/ram_reg_3/CLKARDCLK   q_reg[47]/D                    6.052         
counter_reg[3]/C               q_reg[45]/D                    6.091         
counter_reg[2]/C               q_reg[24]/D                    6.094         
counter_reg[2]/C               q_reg[28]/D                    6.103         
ram_addr/ram_reg_27/CLKARDCLK  q_reg[42]/D                    6.114         
ram_addr/ram_reg_24/CLKARDCLK  q_reg[37]/D                    6.149         
ram_addr/ram_reg_2/CLKARDCLK   q_reg[41]/D                    6.163         
ram_addr/ram_reg_20/CLKARDCLK  q_reg[49]/D                    6.177         
ram_addr/ram_reg_2/CLKARDCLK   q_reg[34]/D                    6.179         
ram_addr/ram_reg_2/CLKARDCLK   q_reg[43]/D                    6.180         
ram_addr/ram_reg_2/CLKARDCLK   q_reg[40]/D                    6.183         
ram_addr/ram_reg_1/CLKARDCLK   q_reg[1]/D                     6.188         
counter_reg[3]/C               q_reg[51]/D                    6.190         
ram_addr/ram_reg_25/CLKARDCLK  q_reg[39]/D                    6.206         
counter_reg[2]/C               q_reg[23]/D                    6.209         
counter_reg[2]/C               q_reg[21]/D                    6.210         
counter_reg[3]/C               q_reg[46]/D                    6.221         
counter_reg[3]/C               q_reg[44]/D                    6.221         
ram_addr/ram_reg_23/CLKARDCLK  q_reg[27]/D                    6.234         
ram_addr/ram_reg_25/CLKARDCLK  q_reg[20]/D                    6.240         
ram_addr/ram_reg_2/CLKARDCLK   q_reg[38]/D                    6.244         
ram_addr/ram_reg_24/CLKARDCLK  q_reg[35]/D                    6.250         
ram_addr/ram_reg_3/CLKARDCLK   q_reg[12]/D                    6.257         
ram_addr/ram_reg_3/CLKARDCLK   q_reg[54]/D                    6.258         
ram_addr/ram_reg_3/CLKARDCLK   q_reg[53]/D                    6.272         
ram_addr/ram_reg_1/CLKARDCLK   q_reg[2]/D                     6.273         
ram_addr/ram_reg_1/CLKARDCLK   q_reg[61]/D                    6.274         
counter_reg[2]/C               q_reg[22]/D                    6.274         
ram_addr/ram_reg_2/CLKARDCLK   q_reg[8]/D                     6.274         
ram_addr/ram_reg_1/CLKARDCLK   q_reg[52]/D                    6.276         
ram_addr/ram_reg_3/CLKARDCLK   q_reg[48]/D                    6.278         
ram_addr/ram_reg_1/CLKARDCLK   q_reg[7]/D                     6.278         
ram_addr/ram_reg_25/CLKARDCLK  q_reg[6]/D                     6.292         
rd_pointer_reg[1]/C            ram_addr/ram_reg_28/ADDRBWRADDR[5]
                                                              6.293         
ram_addr/ram_reg_28/CLKARDCLK  q_reg[62]/D                    6.295         
ram_addr/ram_reg_3/CLKARDCLK   q_reg[14]/D                    6.300         
ram_addr/ram_reg_25/CLKARDCLK  q_reg[31]/D                    6.300         
ram_addr/ram_reg_20/CLKARDCLK  q_reg[50]/D                    6.301         
ram_addr/ram_reg_15/CLKARDCLK  q_reg[63]/D                    6.304         
ram_addr/ram_reg_25/CLKARDCLK  q_reg[26]/D                    6.304         
rd_pointer_reg[1]/C            ram_addr/ram_reg_1/ADDRBWRADDR[6]
                                                              6.305         
ram_addr/ram_reg_1/CLKARDCLK   q_reg[55]/D                    6.307         
ram_addr/ram_reg_20/CLKARDCLK  q_reg[19]/D                    6.313         
ram_addr/ram_reg_25/CLKARDCLK  q_reg[32]/D                    6.318         
ram_addr/ram_reg_20/CLKARDCLK  q_reg[18]/D                    6.320         
ram_addr/ram_reg_15/CLKARDCLK  q_reg[36]/D                    6.328         
ram_addr/ram_reg_25/CLKARDCLK  q_reg[25]/D                    6.335         
ram_addr/ram_reg_24/CLKARDCLK  q_reg[33]/D                    6.337         
ram_addr/ram_reg_4/CLKARDCLK   q_reg[16]/D                    6.337         
ram_addr/ram_reg_25/CLKARDCLK  q_reg[29]/D                    6.347         
ram_addr/ram_reg_24/CLKARDCLK  q_reg[3]/D                     6.362         
ram_addr/ram_reg_3/CLKARDCLK   q_reg[15]/D                    6.363         
ram_addr/ram_reg_20/CLKARDCLK  q_reg[17]/D                    6.367         
ram_addr/ram_reg_3/CLKARDCLK   q_reg[60]/D                    6.367         
ram_addr/ram_reg_3/CLKARDCLK   q_reg[13]/D                    6.369         
ram_addr/ram_reg_2/CLKARDCLK   q_reg[9]/D                     6.380         
ram_addr/ram_reg_2/CLKARDCLK   q_reg[11]/D                    6.383         
ram_addr/ram_reg_1/CLKARDCLK   q_reg[5]/D                     6.388         
ram_addr/ram_reg_3/CLKARDCLK   q_reg[10]/D                    6.416         
ram_addr/ram_reg_1/CLKARDCLK   q_reg[58]/D                    6.441         
ram_addr/ram_reg_28/CLKARDCLK  q_reg[59]/D                    6.446         
ram_addr/ram_reg_15/CLKARDCLK  q_reg[57]/D                    6.457         
ram_addr/ram_reg_0/CLKARDCLK   q_reg[0]/D                     6.482         
rd_pointer_reg[0]/C            ram_addr/ram_reg_28/ADDRBWRADDR[4]
                                                              6.513         
rd_pointer_reg[0]/C            ram_addr/ram_reg_3/ADDRBWRADDR[5]
                                                              6.513         
wr_pointer_reg[0]/C            ram_addr/ram_reg_12/ADDRARDADDR[5]
                                                              6.529         
ram_addr/ram_reg_15/CLKARDCLK  q_reg[56]/D                    6.539         
rd_pointer_reg[1]/C            ram_addr/ram_reg_15/ADDRBWRADDR[6]
                                                              6.573         
rd_pointer_reg[1]/C            ram_addr/ram_reg_8/ADDRBWRADDR[6]
                                                              6.585         
rd_pointer_reg[0]/C            ram_addr/ram_reg_1/ADDRBWRADDR[5]
                                                              6.594         
wr_pointer_reg[0]/C            ram_addr/ram_reg_3/ADDRARDADDR[5]
                                                              6.757         
rd_pointer_reg[0]/C            ram_addr/ram_reg_12/ADDRBWRADDR[5]
                                                              6.793         
rd_pointer_reg[0]/C            ram_addr/ram_reg_15/ADDRBWRADDR[5]
                                                              6.793         
rd_pointer_reg[1]/C            ram_addr/ram_reg_4/ADDRBWRADDR[6]
                                                              6.799         
wr_pointer_reg[0]/C            ram_addr/ram_reg_26/ADDRARDADDR[5]
                                                              6.809         
wr_pointer_reg[0]/C            ram_addr/ram_reg_28/ADDRARDADDR[4]
                                                              6.809         
rd_pointer_reg[1]/C            ram_addr/ram_reg_24/ADDRBWRADDR[6]
                                                              6.853         
rd_pointer_reg[0]/C            ram_addr/ram_reg_4/ADDRBWRADDR[5]
                                                              6.861         
rd_pointer_reg[1]/C            ram_addr/ram_reg_22/ADDRBWRADDR[6]
                                                              6.865         
rd_pointer_reg[0]/C            ram_addr/ram_reg_8/ADDRBWRADDR[5]
                                                              6.874         
wr_pointer_reg[0]/C            ram_addr/ram_reg_1/ADDRARDADDR[5]
                                                              6.928         
wr_pointer_reg[0]/C            ram_addr/ram_reg_21/ADDRARDADDR[5]
                                                              6.928         
wr_pointer_reg[1]/C            ram_addr/ram_reg_28/ADDRARDADDR[5]
                                                              6.935         
wr_pointer_reg[1]/C            ram_addr/ram_reg_3/ADDRARDADDR[6]
                                                              6.936         
wr_pointer_reg[1]/C            ram_addr/ram_reg_1/ADDRARDADDR[6]
                                                              7.010         
wr_pointer_reg[1]/C            ram_addr/ram_reg_4/ADDRARDADDR[6]
                                                              7.035         
wr_pointer_reg[0]/C            ram_addr/ram_reg_4/ADDRARDADDR[5]
                                                              7.069         
rd_pointer_reg[0]/C            ram_addr/ram_reg_24/ADDRBWRADDR[5]
                                                              7.073         
rd_pointer_reg[0]/C            ram_addr/ram_reg_26/ADDRBWRADDR[5]
                                                              7.073         
wr_pointer_reg[1]/C            ram_addr/ram_reg_25/ADDRARDADDR[6]
                                                              7.074         
rd_pointer_reg[1]/C            ram_addr/ram_reg_13/ADDRBWRADDR[6]
                                                              7.079         
wr_pointer_reg[0]/C            ram_addr/ram_reg_15/ADDRARDADDR[5]
                                                              7.089         
wr_pointer_reg[0]/C            ram_addr/ram_reg_17/ADDRARDADDR[5]
                                                              7.089         
rd_pointer_reg[1]/C            ram_addr/ram_reg_17/ADDRBWRADDR[6]
                                                              7.133         
rd_pointer_reg[0]/C            ram_addr/ram_reg_13/ADDRBWRADDR[5]
                                                              7.141         
rd_pointer_reg[1]/C            ram_addr/ram_reg_6/ADDRBWRADDR[6]
                                                              7.145         
rd_pointer_reg[0]/C            ram_addr/ram_reg_21/ADDRBWRADDR[5]
                                                              7.154         
rd_pointer_reg[0]/C            ram_addr/ram_reg_22/ADDRBWRADDR[5]
                                                              7.154         



