Copyright 1986-2018 Xilinx, Inc. All Rights Reserved.
---------------------------------------------------------------------------------------------------------------------------------------------------------------------------------------------------------------------------------
| Tool Version : Vivado v.2018.3 (lin64) Build 2405991 Thu Dec  6 23:36:41 MST 2018
| Date         : Wed Jan 12 01:52:54 2022
| Host         : koopa.ece.utexas.edu running 64-bit CentOS Linux release 7.9.2009 (Core)
| Command      : report_timing -sort_by group -max_paths 100 -path_type summary -file /misc/scratch/zwei1/reports_Jan12/raw_designs/vtr_designs/verilog/koios/dla_like.medium_submodules/stream_buffer_0_0/post_route_timing.rpt
| Design       : stream_buffer_0_0
| Device       : 7z020-clg484
| Speed File   : -3  PRODUCTION 1.11 2014-09-11
---------------------------------------------------------------------------------------------------------------------------------------------------------------------------------------------------------------------------------

Timing Report

Startpoint                     Endpoint                       Slack(ns)     
----------------------------------------------------------------------------
offset_reg[1]/C                buffer_16_12100_buffer_init_00_B0/u_dual_port_ram/ram_reg_0_15_12_15/RAMA/WADR3
                                                              7.500         
offset_reg[1]/C                buffer_16_12100_buffer_init_00_B0/u_dual_port_ram/ram_reg_0_15_12_15/RAMA_D1/WADR3
                                                              7.500         
offset_reg[1]/C                buffer_16_12100_buffer_init_00_B0/u_dual_port_ram/ram_reg_0_15_12_15/RAMB/WADR3
                                                              7.500         
offset_reg[1]/C                buffer_16_12100_buffer_init_00_B0/u_dual_port_ram/ram_reg_0_15_12_15/RAMB_D1/WADR3
                                                              7.500         
offset_reg[1]/C                buffer_16_12100_buffer_init_00_B0/u_dual_port_ram/ram_reg_0_15_12_15/RAMC/WADR3
                                                              7.500         
offset_reg[1]/C                buffer_16_12100_buffer_init_00_B0/u_dual_port_ram/ram_reg_0_15_12_15/RAMC_D1/WADR3
                                                              7.500         
offset_reg[1]/C                buffer_16_12100_buffer_init_00_B0/u_dual_port_ram/ram_reg_0_15_12_15/RAMD/ADR3
                                                              7.500         
offset_reg[1]/C                buffer_16_12100_buffer_init_00_B0/u_dual_port_ram/ram_reg_0_15_12_15/RAMD_D1/ADR3
                                                              7.500         
offset_reg[1]/C                buffer_16_12100_buffer_init_00_B0/u_dual_port_ram/ram_reg_0_15_0_5/RAMA/WADR3
                                                              7.511         
offset_reg[1]/C                buffer_16_12100_buffer_init_00_B0/u_dual_port_ram/ram_reg_0_15_0_5/RAMA_D1/WADR3
                                                              7.511         
offset_reg[1]/C                buffer_16_12100_buffer_init_00_B0/u_dual_port_ram/ram_reg_0_15_0_5/RAMB/WADR3
                                                              7.511         
offset_reg[1]/C                buffer_16_12100_buffer_init_00_B0/u_dual_port_ram/ram_reg_0_15_0_5/RAMB_D1/WADR3
                                                              7.511         
offset_reg[1]/C                buffer_16_12100_buffer_init_00_B0/u_dual_port_ram/ram_reg_0_15_0_5/RAMC/WADR3
                                                              7.511         
offset_reg[1]/C                buffer_16_12100_buffer_init_00_B0/u_dual_port_ram/ram_reg_0_15_0_5/RAMC_D1/WADR3
                                                              7.511         
offset_reg[1]/C                buffer_16_12100_buffer_init_00_B0/u_dual_port_ram/ram_reg_0_15_0_5/RAMD/ADR3
                                                              7.511         
offset_reg[1]/C                buffer_16_12100_buffer_init_00_B0/u_dual_port_ram/ram_reg_0_15_0_5/RAMD_D1/ADR3
                                                              7.511         
offset_reg[1]/C                buffer_16_12100_buffer_init_00_B0/u_dual_port_ram/ram_reg_0_15_6_11/RAMA/WADR3
                                                              7.606         
offset_reg[1]/C                buffer_16_12100_buffer_init_00_B0/u_dual_port_ram/ram_reg_0_15_6_11/RAMA_D1/WADR3
                                                              7.606         
offset_reg[1]/C                buffer_16_12100_buffer_init_00_B0/u_dual_port_ram/ram_reg_0_15_6_11/RAMB/WADR3
                                                              7.606         
offset_reg[1]/C                buffer_16_12100_buffer_init_00_B0/u_dual_port_ram/ram_reg_0_15_6_11/RAMB_D1/WADR3
                                                              7.606         
offset_reg[1]/C                buffer_16_12100_buffer_init_00_B0/u_dual_port_ram/ram_reg_0_15_6_11/RAMC/WADR3
                                                              7.606         
offset_reg[1]/C                buffer_16_12100_buffer_init_00_B0/u_dual_port_ram/ram_reg_0_15_6_11/RAMC_D1/WADR3
                                                              7.606         
offset_reg[1]/C                buffer_16_12100_buffer_init_00_B0/u_dual_port_ram/ram_reg_0_15_6_11/RAMD/ADR3
                                                              7.606         
offset_reg[1]/C                buffer_16_12100_buffer_init_00_B0/u_dual_port_ram/ram_reg_0_15_6_11/RAMD_D1/ADR3
                                                              7.606         
buffer_16_12100_buffer_init_00_B1/raddr_reg_reg[0]/C
                               buffer_16_12100_buffer_init_00_B1/rdata_reg_reg[3]_srl2/D
                                                              7.835         
offset_reg[1]/C                buffer_16_12100_buffer_init_00_B0/raddr_reg_reg[3]/D
                                                              7.838         
buffer_16_12100_buffer_init_00_B0/raddr_reg_reg[1]/C
                               buffer_16_12100_buffer_init_00_B0/rdata_reg_reg[10]_srl2/D
                                                              7.841         
buffer_16_12100_buffer_init_00_B1/raddr_reg_reg[0]/C
                               buffer_16_12100_buffer_init_00_B1/rdata_reg_reg[0]_srl2/D
                                                              7.882         
L_counter_b1_reg[1]/C          C_counter_b1_reg[0]/R          7.927         
L_counter_b1_reg[1]/C          C_counter_b1_reg[1]/R          7.927         
buffer_16_12100_buffer_init_00_B0/raddr_reg_reg[1]/C
                               buffer_16_12100_buffer_init_00_B0/rdata_reg_reg[8]_srl2/D
                                                              7.965         
buffer_16_12100_buffer_init_00_B1/raddr_reg_reg[0]/C
                               buffer_16_12100_buffer_init_00_B1/rdata_reg_reg[8]_srl2/D
                                                              7.975         
buffer_16_12100_buffer_init_00_B1/raddr_reg_reg[2]/C
                               buffer_16_12100_buffer_init_00_B1/rdata_reg_reg[5]_srl2/D
                                                              7.980         
buffer_16_12100_buffer_init_00_B1/raddr_reg_reg[0]/C
                               buffer_16_12100_buffer_init_00_B1/rdata_reg_reg[2]_srl2/D
                                                              7.982         
buffer_16_12100_buffer_init_00_B1/raddr_reg_reg[0]/C
                               buffer_16_12100_buffer_init_00_B1/rdata_reg_reg[9]_srl2/D
                                                              8.022         
buffer_16_12100_buffer_init_00_B0/raddr_reg_reg[1]/C
                               buffer_16_12100_buffer_init_00_B0/rdata_reg_reg[9]_srl2/D
                                                              8.025         
buffer_16_12100_buffer_init_00_B1/raddr_reg_reg[2]/C
                               buffer_16_12100_buffer_init_00_B1/rdata_reg_reg[4]_srl2/D
                                                              8.041         
buffer_16_12100_buffer_init_00_B0/raddr_reg_reg[1]/C
                               buffer_16_12100_buffer_init_00_B0/rdata_reg_reg[6]_srl2/D
                                                              8.088         
offset_reg[1]/C                buffer_16_12100_buffer_init_00_B0/u_dual_port_ram/ram_reg_0_15_12_15/RAMA/WADR1
                                                              8.100         
offset_reg[1]/C                buffer_16_12100_buffer_init_00_B0/u_dual_port_ram/ram_reg_0_15_12_15/RAMA_D1/WADR1
                                                              8.100         
offset_reg[1]/C                buffer_16_12100_buffer_init_00_B0/u_dual_port_ram/ram_reg_0_15_12_15/RAMB/WADR1
                                                              8.100         
offset_reg[1]/C                buffer_16_12100_buffer_init_00_B0/u_dual_port_ram/ram_reg_0_15_12_15/RAMB_D1/WADR1
                                                              8.100         
offset_reg[1]/C                buffer_16_12100_buffer_init_00_B0/u_dual_port_ram/ram_reg_0_15_12_15/RAMC/WADR1
                                                              8.100         
offset_reg[1]/C                buffer_16_12100_buffer_init_00_B0/u_dual_port_ram/ram_reg_0_15_12_15/RAMC_D1/WADR1
                                                              8.100         
offset_reg[1]/C                buffer_16_12100_buffer_init_00_B0/u_dual_port_ram/ram_reg_0_15_12_15/RAMD/ADR1
                                                              8.100         
offset_reg[1]/C                buffer_16_12100_buffer_init_00_B0/u_dual_port_ram/ram_reg_0_15_12_15/RAMD_D1/ADR1
                                                              8.100         
buffer_16_12100_buffer_init_00_B1/raddr_reg_reg[0]/C
                               buffer_16_12100_buffer_init_00_B1/rdata_reg_reg[6]_srl2/D
                                                              8.105         
buffer_16_12100_buffer_init_00_B0/raddr_reg_reg[1]/C
                               buffer_16_12100_buffer_init_00_B0/rdata_reg_reg[11]_srl2/D
                                                              8.109         
offset_reg[1]/C                buffer_16_12100_buffer_init_00_B0/u_dual_port_ram/ram_reg_0_15_0_5/RAMA/WADR1
                                                              8.118         
offset_reg[1]/C                buffer_16_12100_buffer_init_00_B0/u_dual_port_ram/ram_reg_0_15_0_5/RAMA_D1/WADR1
                                                              8.118         
offset_reg[1]/C                buffer_16_12100_buffer_init_00_B0/u_dual_port_ram/ram_reg_0_15_0_5/RAMB/WADR1
                                                              8.118         
offset_reg[1]/C                buffer_16_12100_buffer_init_00_B0/u_dual_port_ram/ram_reg_0_15_0_5/RAMB_D1/WADR1
                                                              8.118         
offset_reg[1]/C                buffer_16_12100_buffer_init_00_B0/u_dual_port_ram/ram_reg_0_15_0_5/RAMC/WADR1
                                                              8.118         
offset_reg[1]/C                buffer_16_12100_buffer_init_00_B0/u_dual_port_ram/ram_reg_0_15_0_5/RAMC_D1/WADR1
                                                              8.118         
offset_reg[1]/C                buffer_16_12100_buffer_init_00_B0/u_dual_port_ram/ram_reg_0_15_0_5/RAMD/ADR1
                                                              8.118         
offset_reg[1]/C                buffer_16_12100_buffer_init_00_B0/u_dual_port_ram/ram_reg_0_15_0_5/RAMD_D1/ADR1
                                                              8.118         
buffer_16_12100_buffer_init_00_B1/raddr_reg_reg[2]/C
                               buffer_16_12100_buffer_init_00_B1/rdata_reg_reg[14]_srl2/D
                                                              8.120         
buffer_16_12100_buffer_init_00_B1/raddr_reg_reg[0]/C
                               buffer_16_12100_buffer_init_00_B1/rdata_reg_reg[1]_srl2/D
                                                              8.136         
buffer_16_12100_buffer_init_00_B1/raddr_reg_reg[2]/C
                               buffer_16_12100_buffer_init_00_B1/rdata_reg_reg[12]_srl2/D
                                                              8.138         
L_counter_b1_reg[0]/C          offset_b1_reg[0]/R             8.141         
L_counter_b1_reg[0]/C          offset_b1_reg[1]/R             8.141         
L_counter_b1_reg[0]/C          offset_b1_reg[2]/R             8.141         
L_counter_b1_reg[0]/C          offset_b1_reg[3]/R             8.141         
buffer_16_12100_buffer_init_00_B0/raddr_reg_reg[1]/C
                               buffer_16_12100_buffer_init_00_B0/rdata_reg_reg[2]_srl2/D
                                                              8.164         
L_counter_b1_reg[1]/C          L_counter_b1_reg[0]/R          8.208         
L_counter_b1_reg[1]/C          L_counter_b1_reg[1]/R          8.208         
buffer_16_12100_buffer_init_00_B1/raddr_reg_reg[1]/C
                               buffer_16_12100_buffer_init_00_B1/rdata_reg_reg[10]_srl2/D
                                                              8.216         
buffer_16_12100_buffer_init_00_B0/raddr_reg_reg[1]/C
                               buffer_16_12100_buffer_init_00_B0/rdata_reg_reg[0]_srl2/D
                                                              8.218         
offset_reg[1]/C                buffer_16_12100_buffer_init_00_B0/u_dual_port_ram/ram_reg_0_15_6_11/RAMA/WADR1
                                                              8.223         
offset_reg[1]/C                buffer_16_12100_buffer_init_00_B0/u_dual_port_ram/ram_reg_0_15_6_11/RAMA_D1/WADR1
                                                              8.223         
offset_reg[1]/C                buffer_16_12100_buffer_init_00_B0/u_dual_port_ram/ram_reg_0_15_6_11/RAMB/WADR1
                                                              8.223         
offset_reg[1]/C                buffer_16_12100_buffer_init_00_B0/u_dual_port_ram/ram_reg_0_15_6_11/RAMB_D1/WADR1
                                                              8.223         
offset_reg[1]/C                buffer_16_12100_buffer_init_00_B0/u_dual_port_ram/ram_reg_0_15_6_11/RAMC/WADR1
                                                              8.223         
offset_reg[1]/C                buffer_16_12100_buffer_init_00_B0/u_dual_port_ram/ram_reg_0_15_6_11/RAMC_D1/WADR1
                                                              8.223         
offset_reg[1]/C                buffer_16_12100_buffer_init_00_B0/u_dual_port_ram/ram_reg_0_15_6_11/RAMD/ADR1
                                                              8.223         
offset_reg[1]/C                buffer_16_12100_buffer_init_00_B0/u_dual_port_ram/ram_reg_0_15_6_11/RAMD_D1/ADR1
                                                              8.223         
base_addr_b1_reg[1]/C          buffer_16_12100_buffer_init_00_B1/raddr_reg_reg[3]/D
                                                              8.238         
offset_reg[0]/C                buffer_16_12100_buffer_init_00_B0/u_dual_port_ram/ram_reg_0_15_6_11/RAMA/WADR0
                                                              8.258         
offset_reg[0]/C                buffer_16_12100_buffer_init_00_B0/u_dual_port_ram/ram_reg_0_15_6_11/RAMA_D1/WADR0
                                                              8.258         
offset_reg[0]/C                buffer_16_12100_buffer_init_00_B0/u_dual_port_ram/ram_reg_0_15_6_11/RAMB/WADR0
                                                              8.258         
offset_reg[0]/C                buffer_16_12100_buffer_init_00_B0/u_dual_port_ram/ram_reg_0_15_6_11/RAMB_D1/WADR0
                                                              8.258         
offset_reg[0]/C                buffer_16_12100_buffer_init_00_B0/u_dual_port_ram/ram_reg_0_15_6_11/RAMC/WADR0
                                                              8.258         
offset_reg[0]/C                buffer_16_12100_buffer_init_00_B0/u_dual_port_ram/ram_reg_0_15_6_11/RAMC_D1/WADR0
                                                              8.258         
offset_reg[0]/C                buffer_16_12100_buffer_init_00_B0/u_dual_port_ram/ram_reg_0_15_6_11/RAMD/ADR0
                                                              8.258         
offset_reg[0]/C                buffer_16_12100_buffer_init_00_B0/u_dual_port_ram/ram_reg_0_15_6_11/RAMD_D1/ADR0
                                                              8.258         
offset_reg[2]/C                buffer_16_12100_buffer_init_00_B0/u_dual_port_ram/ram_reg_0_15_12_15/RAMA/WADR2
                                                              8.260         
offset_reg[2]/C                buffer_16_12100_buffer_init_00_B0/u_dual_port_ram/ram_reg_0_15_12_15/RAMA_D1/WADR2
                                                              8.260         
offset_reg[2]/C                buffer_16_12100_buffer_init_00_B0/u_dual_port_ram/ram_reg_0_15_12_15/RAMB/WADR2
                                                              8.260         
offset_reg[2]/C                buffer_16_12100_buffer_init_00_B0/u_dual_port_ram/ram_reg_0_15_12_15/RAMB_D1/WADR2
                                                              8.260         
offset_reg[2]/C                buffer_16_12100_buffer_init_00_B0/u_dual_port_ram/ram_reg_0_15_12_15/RAMC/WADR2
                                                              8.260         
offset_reg[2]/C                buffer_16_12100_buffer_init_00_B0/u_dual_port_ram/ram_reg_0_15_12_15/RAMC_D1/WADR2
                                                              8.260         
offset_reg[2]/C                buffer_16_12100_buffer_init_00_B0/u_dual_port_ram/ram_reg_0_15_12_15/RAMD/ADR2
                                                              8.260         
offset_reg[2]/C                buffer_16_12100_buffer_init_00_B0/u_dual_port_ram/ram_reg_0_15_12_15/RAMD_D1/ADR2
                                                              8.260         
offset_reg[2]/C                buffer_16_12100_buffer_init_00_B0/u_dual_port_ram/ram_reg_0_15_0_5/RAMA/WADR2
                                                              8.269         
offset_reg[2]/C                buffer_16_12100_buffer_init_00_B0/u_dual_port_ram/ram_reg_0_15_0_5/RAMA_D1/WADR2
                                                              8.269         
offset_reg[2]/C                buffer_16_12100_buffer_init_00_B0/u_dual_port_ram/ram_reg_0_15_0_5/RAMB/WADR2
                                                              8.269         
offset_reg[2]/C                buffer_16_12100_buffer_init_00_B0/u_dual_port_ram/ram_reg_0_15_0_5/RAMB_D1/WADR2
                                                              8.269         
offset_reg[2]/C                buffer_16_12100_buffer_init_00_B0/u_dual_port_ram/ram_reg_0_15_0_5/RAMC/WADR2
                                                              8.269         
offset_reg[2]/C                buffer_16_12100_buffer_init_00_B0/u_dual_port_ram/ram_reg_0_15_0_5/RAMC_D1/WADR2
                                                              8.269         
offset_reg[2]/C                buffer_16_12100_buffer_init_00_B0/u_dual_port_ram/ram_reg_0_15_0_5/RAMD/ADR2
                                                              8.269         



