Copyright 1986-2018 Xilinx, Inc. All Rights Reserved.
-------------------------------------------------------------------------------------------------------------------------------------------------------------------------------------------------------
| Tool Version : Vivado v.2018.3 (lin64) Build 2405991 Thu Dec  6 23:36:41 MST 2018
| Date         : Thu Jan 13 16:51:44 2022
| Host         : koopa.ece.utexas.edu running 64-bit CentOS Linux release 7.9.2009 (Core)
| Command      : report_timing -sort_by group -max_paths 100 -path_type summary -file /misc/scratch/zwei1/reports_Jan12/raw_designs/vtr_designs/verilog/mcml_submodules/Absorber/post_route_timing.rpt
| Design       : Absorber
| Device       : 7z020-clg484
| Speed File   : -3  PRODUCTION 1.11 2014-09-11
-------------------------------------------------------------------------------------------------------------------------------------------------------------------------------------------------------

Timing Report

Startpoint                     Endpoint                       Slack(ns)     
----------------------------------------------------------------------------
squareRoot/res__11_q_reg[8]/C  squareRoot/res__15_q_reg[60]/D -12.470       
squareRoot/res__11_q_reg[8]/C  squareRoot/res__15_q_reg[59]/D -12.456       
squareRoot/res__11_q_reg[8]/C  squareRoot/res__15_q_reg[57]/D -12.452       
squareRoot/res__11_q_reg[8]/C  squareRoot/res__15_q_reg[61]/D -12.443       
squareRoot/res__11_q_reg[8]/C  squareRoot/res__15_q_reg[58]/D -12.403       
squareRoot/res__11_q_reg[8]/C  squareRoot/res__15_q_reg[56]/D -12.381       
squareRoot/res__11_q_reg[8]/C  squareRoot/res__15_q_reg[55]/D -12.367       
squareRoot/res__11_q_reg[8]/C  squareRoot/res__15_q_reg[53]/D -12.363       
squareRoot/res__11_q_reg[8]/C  squareRoot/res__15_q_reg[54]/D -12.314       
squareRoot/res__11_q_reg[8]/C  squareRoot/res__15_q_reg[52]/D -12.292       
squareRoot/res__11_q_reg[8]/C  squareRoot/res__15_q_reg[51]/D -12.278       
squareRoot/res__11_q_reg[8]/C  squareRoot/res__15_q_reg[49]/D -12.274       
squareRoot/res__7_q_reg[0]/C   squareRoot/res__11_q_reg[60]/D -12.243       
squareRoot/res__11_q_reg[8]/C  squareRoot/res__15_q_reg[50]/D -12.225       
squareRoot/res__7_q_reg[0]/C   squareRoot/res__11_q_reg[59]/D -12.224       
squareRoot/res__7_q_reg[0]/C   squareRoot/res__11_q_reg[61]/D -12.216       
squareRoot/res__7_q_reg[0]/C   squareRoot/res__11_q_reg[57]/D -12.210       
squareRoot/res__11_q_reg[8]/C  squareRoot/res__15_q_reg[48]/D -12.203       
squareRoot/res__11_q_reg[8]/C  squareRoot/res__15_q_reg[47]/D -12.189       
squareRoot/res__11_q_reg[8]/C  squareRoot/res__15_q_reg[45]/D -12.185       
squareRoot/res__7_q_reg[0]/C   squareRoot/res__11_q_reg[58]/D -12.167       
squareRoot/res__7_q_reg[0]/C   squareRoot/res__11_q_reg[56]/D -12.144       
squareRoot/res__11_q_reg[8]/C  squareRoot/res__15_q_reg[46]/D -12.136       
squareRoot/res__7_q_reg[0]/C   squareRoot/res__11_q_reg[23]/D -12.136       
squareRoot/res__7_q_reg[0]/C   squareRoot/res__11_q_reg[55]/D -12.132       
squareRoot/res__3_q_reg[0]/C   squareRoot/res__7_q_reg[60]/D  -12.121       
squareRoot/res__7_q_reg[0]/C   squareRoot/res__11_q_reg[53]/D -12.118       
squareRoot/res__11_q_reg[8]/C  squareRoot/res__15_q_reg[44]/D -12.114       
squareRoot/res__3_q_reg[0]/C   squareRoot/res__7_q_reg[59]/D  -12.107       
squareRoot/res__3_q_reg[0]/C   squareRoot/res__7_q_reg[57]/D  -12.103       
squareRoot/res__11_q_reg[8]/C  squareRoot/res__15_q_reg[43]/D -12.100       
squareRoot/res__11_q_reg[8]/C  squareRoot/res__15_q_reg[41]/D -12.096       
squareRoot/res__3_q_reg[0]/C   squareRoot/res__7_q_reg[28]_replica/D
                                                              -12.094       
squareRoot/res__3_q_reg[0]/C   squareRoot/res__7_q_reg[61]/D  -12.094       
squareRoot/res__7_q_reg[0]/C   squareRoot/res__11_q_reg[54]/D -12.075       
squareRoot/res__3_q_reg[0]/C   squareRoot/res__7_q_reg[58]/D  -12.054       
squareRoot/res__7_q_reg[0]/C   squareRoot/res__11_q_reg[52]/D -12.052       
squareRoot/res__11_q_reg[8]/C  squareRoot/res__15_q_reg[42]/D -12.047       
squareRoot/res__7_q_reg[0]/C   squareRoot/res__11_q_reg[51]/D -12.040       
squareRoot/res__3_q_reg[0]/C   squareRoot/res__7_q_reg[24]_replica/D
                                                              -12.035       
squareRoot/res__3_q_reg[0]/C   squareRoot/res__7_q_reg[14]_replica/D
                                                              -12.032       
squareRoot/res__3_q_reg[0]/C   squareRoot/res__7_q_reg[56]/D  -12.032       
squareRoot/res__7_q_reg[0]/C   squareRoot/res__11_q_reg[49]/D -12.026       
squareRoot/res__11_q_reg[8]/C  squareRoot/res__15_q_reg[40]/D -12.025       
squareRoot/res__3_q_reg[0]/C   squareRoot/res__7_q_reg[55]/D  -12.018       
squareRoot/res__3_q_reg[0]/C   squareRoot/res__7_q_reg[19]_replica/D
                                                              -12.016       
squareRoot/res__3_q_reg[0]/C   squareRoot/res__7_q_reg[53]/D  -12.014       
squareRoot/res__11_q_reg[8]/C  squareRoot/res__15_q_reg[39]/D -12.011       
squareRoot/res__11_q_reg[8]/C  squareRoot/res__15_q_reg[37]/D -12.007       
squareRoot/res__3_q_reg[0]/C   squareRoot/res__7_q_reg[26]_replica/D
                                                              -11.995       
squareRoot/res__3_q_reg[0]/C   squareRoot/res__7_q_reg[18]_replica/D
                                                              -11.992       
squareRoot/res__7_q_reg[0]/C   squareRoot/res__11_q_reg[50]/D -11.983       
squareRoot/res__3_q_reg[0]/C   squareRoot/res__7_q_reg[54]/D  -11.965       
squareRoot/res__3_q_reg[0]/C   squareRoot/res__7_q_reg[29]_replica_2/D
                                                              -11.960       
squareRoot/res__7_q_reg[0]/C   squareRoot/res__11_q_reg[48]/D -11.960       
squareRoot/res__11_q_reg[8]/C  squareRoot/res__15_q_reg[38]/D -11.958       
squareRoot/res__3_q_reg[0]/C   squareRoot/res__7_q_reg[18]/D  -11.957       
squareRoot/res__3_q_reg[0]/C   squareRoot/res__7_q_reg[21]/D  -11.956       
squareRoot/res__3_q_reg[0]/C   squareRoot/res__7_q_reg[22]_replica/D
                                                              -11.954       
squareRoot/res__3_q_reg[0]/C   squareRoot/res__7_q_reg[17]_replica/D
                                                              -11.948       
squareRoot/res__7_q_reg[0]/C   squareRoot/res__11_q_reg[47]/D -11.948       
squareRoot/res__3_q_reg[0]/C   squareRoot/res__7_q_reg[25]_replica/D
                                                              -11.947       
squareRoot/res__3_q_reg[0]/C   squareRoot/res__7_q_reg[29]_replica/D
                                                              -11.945       
squareRoot/res__3_q_reg[0]/C   squareRoot/res__7_q_reg[52]/D  -11.943       
squareRoot/res__3_q_reg[0]/C   squareRoot/res__7_q_reg[29]_replica_1/D
                                                              -11.943       
squareRoot/res__3_q_reg[0]/C   squareRoot/res__7_q_reg[24]/D  -11.940       
squareRoot/res__11_q_reg[8]/C  squareRoot/res__15_q_reg[36]/D -11.936       
squareRoot/res__7_q_reg[0]/C   squareRoot/res__11_q_reg[45]/D -11.934       
squareRoot/res__3_q_reg[0]/C   squareRoot/res__7_q_reg[51]/D  -11.928       
squareRoot/res__3_q_reg[0]/C   squareRoot/res__7_q_reg[49]/D  -11.924       
squareRoot/res__11_q_reg[8]/C  squareRoot/res__15_q_reg[35]/D -11.922       
squareRoot/res__3_q_reg[0]/C   squareRoot/res__7_q_reg[15]/D  -11.920       
squareRoot/res__11_q_reg[8]/C  squareRoot/res__15_q_reg[33]/D -11.918       
squareRoot/res__3_q_reg[0]/C   squareRoot/res__7_q_reg[20]_replica/D
                                                              -11.913       
squareRoot/res__3_q_reg[0]/C   squareRoot/res__7_q_reg[20]/D  -11.907       
squareRoot/res__7_q_reg[0]/C   squareRoot/res__11_q_reg[17]_replica/D
                                                              -11.904       
squareRoot/res__3_q_reg[0]/C   squareRoot/res__7_q_reg[23]_replica/D
                                                              -11.901       
squareRoot/res__7_q_reg[0]/C   squareRoot/res__11_q_reg[20]_replica/D
                                                              -11.893       
squareRoot/res__7_q_reg[0]/C   squareRoot/res__11_q_reg[46]/D -11.891       
squareRoot/res__3_q_reg[0]/C   squareRoot/res__7_q_reg[28]_replica_2/D
                                                              -11.889       
squareRoot/res__7_q_reg[0]/C   squareRoot/res__11_q_reg[13]_replica/D
                                                              -11.888       
squareRoot/res__3_q_reg[0]/C   squareRoot/res__7_q_reg[50]/D  -11.875       
squareRoot/res__7_q_reg[0]/C   squareRoot/res__11_q_reg[11]_replica/D
                                                              -11.875       
squareRoot/res__3_q_reg[0]/C   squareRoot/res__7_q_reg[28]_replica_1/D
                                                              -11.872       
squareRoot/res__11_q_reg[8]/C  squareRoot/res__15_q_reg[34]/D -11.869       
squareRoot/res__7_q_reg[0]/C   squareRoot/res__11_q_reg[44]/D -11.868       
squareRoot/res__3_q_reg[0]/C   squareRoot/res__7_q_reg[25]_replica_2/D
                                                              -11.867       
squareRoot/res__7_q_reg[0]/C   squareRoot/res__11_q_reg[43]/D -11.856       
squareRoot/res__3_q_reg[0]/C   squareRoot/res__7_q_reg[48]/D  -11.853       
squareRoot/res__3_q_reg[0]/C   squareRoot/res__7_q_reg[13]_replica/D
                                                              -11.853       
squareRoot/res__3_q_reg[0]/C   squareRoot/res__7_q_reg[25]_replica_1/D
                                                              -11.852       
squareRoot/res__11_q_reg[8]/C  squareRoot/res__15_q_reg[32]/D -11.847       
squareRoot/res__7_q_reg[0]/C   squareRoot/res__11_q_reg[41]/D -11.842       
squareRoot/res__7_q_reg[0]/C   squareRoot/res__11_q_reg[14]_replica/D
                                                              -11.840       
squareRoot/res__3_q_reg[0]/C   squareRoot/res__7_q_reg[47]/D  -11.839       
squareRoot/res__3_q_reg[0]/C   squareRoot/res__7_q_reg[45]/D  -11.835       
squareRoot/res__11_q_reg[8]/C  squareRoot/res__15_q_reg[31]/D -11.833       
squareRoot/res__11_q_reg[8]/C  squareRoot/res__15_q_reg[29]/D -11.829       
squareRoot/res__7_q_reg[0]/C   squareRoot/res__11_q_reg[16]_replica/D
                                                              -11.822       
squareRoot/res__7_q_reg[0]/C   squareRoot/res__11_q_reg[9]_replica/D
                                                              -11.821       



