Copyright 1986-2018 Xilinx, Inc. All Rights Reserved.
---------------------------------------------------------------------------------------------------------------------------------------------------------------------------------
| Tool Version : Vivado v.2018.3 (lin64) Build 2405991 Thu Dec  6 23:36:41 MST 2018
| Date         : Wed Jan 12 22:12:03 2022
| Host         : koopa.ece.utexas.edu running 64-bit CentOS Linux release 7.9.2009 (Core)
| Command      : report_timing_summary -file /misc/scratch/zwei1/reports_Jan12/raw_designs/vtr_designs/verilog/boundtop_submodules/boundcontroller/post_route_timing_summary.rpt
| Design       : boundcontroller
| Device       : 7z020-clg484
| Speed File   : -3  PRODUCTION 1.11 2014-09-11
---------------------------------------------------------------------------------------------------------------------------------------------------------------------------------

Timing Summary Report

------------------------------------------------------------------------------------------------
| Timer Settings
| --------------
------------------------------------------------------------------------------------------------

  Enable Multi Corner Analysis               :  Yes
  Enable Pessimism Removal                   :  Yes
  Pessimism Removal Resolution               :  Nearest Common Node
  Enable Input Delay Default Clock           :  No
  Enable Preset / Clear Arcs                 :  No
  Disable Flight Delays                      :  No
  Ignore I/O Paths                           :  No
  Timing Early Launch at Borrowing Latches   :  false

  Corner  Analyze    Analyze    
  Name    Max Paths  Min Paths  
  ------  ---------  ---------  
  Slow    Yes        Yes        
  Fast    Yes        Yes        



check_timing report

Table of Contents
-----------------
1. checking no_clock
2. checking constant_clock
3. checking pulse_width_clock
4. checking unconstrained_internal_endpoints
5. checking no_input_delay
6. checking no_output_delay
7. checking multiple_clock
8. checking generated_clocks
9. checking loops
10. checking partial_input_delay
11. checking partial_output_delay
12. checking latch_loops

1. checking no_clock
--------------------
 There are 2 register/latch pins with no clock driven by root clock pin: dataindvalid (HIGH)

 There are 2 register/latch pins with no clock driven by root clock pin: done[0] (HIGH)

 There are 2 register/latch pins with no clock driven by root clock pin: done[1] (HIGH)

 There are 85 register/latch pins with no clock driven by root clock pin: hit1in (HIGH)

 There are 12 register/latch pins with no clock driven by root clock pin: ldataready (HIGH)

 There is 1 register/latch pin with no clock driven by root clock pin: lempty (HIGH)

 There are 12 register/latch pins with no clock driven by root clock pin: llevel[0] (HIGH)

 There are 12 register/latch pins with no clock driven by root clock pin: llevel[1] (HIGH)

 There are 2 register/latch pins with no clock driven by root clock pin: newdata (HIGH)

 There are 2 register/latch pins with no clock driven by root clock pin: passCTSin (HIGH)

 There is 1 register/latch pin with no clock driven by root clock pin: resultID[0] (HIGH)

 There is 1 register/latch pin with no clock driven by root clock pin: resultID[1] (HIGH)

 There are 19 register/latch pins with no clock driven by root clock pin: tldatavalid (HIGH)

 There are 2 register/latch pins with no clock driven by root clock pin: validraygroup (HIGH)

 There are 20 register/latch pins with no clock driven by root clock pin: wanttriID (HIGH)

 There are 33 register/latch pins with no clock driven by root clock pin: FSM_onehot_state_reg[0]/Q (HIGH)

 There are 113 register/latch pins with no clock driven by root clock pin: FSM_onehot_state_reg[10]/Q (HIGH)

 There are 60 register/latch pins with no clock driven by root clock pin: FSM_onehot_state_reg[11]/Q (HIGH)

 There are 26 register/latch pins with no clock driven by root clock pin: FSM_onehot_state_reg[12]/Q (HIGH)

 There are 113 register/latch pins with no clock driven by root clock pin: FSM_onehot_state_reg[13]/Q (HIGH)

 There are 47 register/latch pins with no clock driven by root clock pin: FSM_onehot_state_reg[14]/Q (HIGH)

 There are 27 register/latch pins with no clock driven by root clock pin: FSM_onehot_state_reg[15]/Q (HIGH)

 There are 27 register/latch pins with no clock driven by root clock pin: FSM_onehot_state_reg[16]/Q (HIGH)

 There are 111 register/latch pins with no clock driven by root clock pin: FSM_onehot_state_reg[17]/Q (HIGH)

 There are 27 register/latch pins with no clock driven by root clock pin: FSM_onehot_state_reg[18]/Q (HIGH)

 There are 41 register/latch pins with no clock driven by root clock pin: FSM_onehot_state_reg[19]/Q (HIGH)

 There are 27 register/latch pins with no clock driven by root clock pin: FSM_onehot_state_reg[1]/Q (HIGH)

 There are 60 register/latch pins with no clock driven by root clock pin: FSM_onehot_state_reg[2]/Q (HIGH)

 There are 45 register/latch pins with no clock driven by root clock pin: FSM_onehot_state_reg[3]/Q (HIGH)

 There are 26 register/latch pins with no clock driven by root clock pin: FSM_onehot_state_reg[4]/Q (HIGH)

 There are 28 register/latch pins with no clock driven by root clock pin: FSM_onehot_state_reg[5]/Q (HIGH)

 There are 27 register/latch pins with no clock driven by root clock pin: FSM_onehot_state_reg[6]/Q (HIGH)

 There are 27 register/latch pins with no clock driven by root clock pin: FSM_onehot_state_reg[7]/Q (HIGH)

 There are 71 register/latch pins with no clock driven by root clock pin: FSM_onehot_state_reg[8]/Q (HIGH)

 There are 60 register/latch pins with no clock driven by root clock pin: FSM_onehot_state_reg[9]/Q (HIGH)

 There is 1 register/latch pin with no clock driven by root clock pin: addr_reg[0]/Q (HIGH)

 There is 1 register/latch pin with no clock driven by root clock pin: addr_reg[10]/Q (HIGH)

 There is 1 register/latch pin with no clock driven by root clock pin: addr_reg[11]/Q (HIGH)

 There is 1 register/latch pin with no clock driven by root clock pin: addr_reg[1]/Q (HIGH)

 There is 1 register/latch pin with no clock driven by root clock pin: addr_reg[2]/Q (HIGH)

 There is 1 register/latch pin with no clock driven by root clock pin: addr_reg[3]/Q (HIGH)

 There is 1 register/latch pin with no clock driven by root clock pin: addr_reg[4]/Q (HIGH)

 There is 1 register/latch pin with no clock driven by root clock pin: addr_reg[5]/Q (HIGH)

 There is 1 register/latch pin with no clock driven by root clock pin: addr_reg[6]/Q (HIGH)

 There is 1 register/latch pin with no clock driven by root clock pin: addr_reg[7]/Q (HIGH)

 There is 1 register/latch pin with no clock driven by root clock pin: addr_reg[8]/Q (HIGH)

 There is 1 register/latch pin with no clock driven by root clock pin: addr_reg[9]/Q (HIGH)

 There are 16 register/latch pins with no clock driven by root clock pin: count_reg[0]/Q (HIGH)

 There are 35 register/latch pins with no clock driven by root clock pin: count_reg[10]/Q (HIGH)

 There are 35 register/latch pins with no clock driven by root clock pin: count_reg[11]/Q (HIGH)

 There are 35 register/latch pins with no clock driven by root clock pin: count_reg[12]/Q (HIGH)

 There are 35 register/latch pins with no clock driven by root clock pin: count_reg[13]/Q (HIGH)

 There are 35 register/latch pins with no clock driven by root clock pin: count_reg[1]/Q (HIGH)

 There are 35 register/latch pins with no clock driven by root clock pin: count_reg[2]/Q (HIGH)

 There are 35 register/latch pins with no clock driven by root clock pin: count_reg[3]/Q (HIGH)

 There are 35 register/latch pins with no clock driven by root clock pin: count_reg[4]/Q (HIGH)

 There are 35 register/latch pins with no clock driven by root clock pin: count_reg[5]/Q (HIGH)

 There are 35 register/latch pins with no clock driven by root clock pin: count_reg[6]/Q (HIGH)

 There are 35 register/latch pins with no clock driven by root clock pin: count_reg[7]/Q (HIGH)

 There are 35 register/latch pins with no clock driven by root clock pin: count_reg[8]/Q (HIGH)

 There are 35 register/latch pins with no clock driven by root clock pin: count_reg[9]/Q (HIGH)

 There are 2 register/latch pins with no clock driven by root clock pin: cts_reg/Q (HIGH)

 There are 85 register/latch pins with no clock driven by root clock pin: hitmask_reg[0]/Q (HIGH)

 There are 83 register/latch pins with no clock driven by root clock pin: maskcount_reg[0]/Q (HIGH)

 There are 83 register/latch pins with no clock driven by root clock pin: maskcount_reg[1]/Q (HIGH)

 There is 1 register/latch pin with no clock driven by root clock pin: resetcount_reg[0]/Q (HIGH)

 There is 1 register/latch pin with no clock driven by root clock pin: resetcount_reg[1]/Q (HIGH)

 There is 1 register/latch pin with no clock driven by root clock pin: resetcount_reg[2]/Q (HIGH)

 There is 1 register/latch pin with no clock driven by root clock pin: startAddr_reg[10]/Q (HIGH)

 There is 1 register/latch pin with no clock driven by root clock pin: startAddr_reg[11]/Q (HIGH)

 There is 1 register/latch pin with no clock driven by root clock pin: startAddr_reg[4]/Q (HIGH)

 There is 1 register/latch pin with no clock driven by root clock pin: startAddr_reg[5]/Q (HIGH)

 There is 1 register/latch pin with no clock driven by root clock pin: startAddr_reg[6]/Q (HIGH)

 There is 1 register/latch pin with no clock driven by root clock pin: startAddr_reg[7]/Q (HIGH)

 There is 1 register/latch pin with no clock driven by root clock pin: startAddr_reg[8]/Q (HIGH)

 There is 1 register/latch pin with no clock driven by root clock pin: startAddr_reg[9]/Q (HIGH)

 There are 3 register/latch pins with no clock driven by root clock pin: subcount_reg[0]/Q (HIGH)

 There are 3 register/latch pins with no clock driven by root clock pin: subcount_reg[1]/Q (HIGH)


2. checking constant_clock
--------------------------
 There are 0 register/latch pins with constant_clock.


3. checking pulse_width_clock
-----------------------------
 There are 0 register/latch pins which need pulse_width check


4. checking unconstrained_internal_endpoints
--------------------------------------------
 There are 277 pins that are not constrained for maximum delay. (HIGH)

 There are 0 pins that are not constrained for maximum delay due to constant clock.


5. checking no_input_delay
--------------------------
 There are 204 input ports with no input delay specified. (HIGH)

 There are 0 input ports with no input delay but user has a false path constraint.


6. checking no_output_delay
---------------------------
 There are 169 ports with no output delay specified. (HIGH)

 There are 0 ports with no output delay but user has a false path constraint

 There are 0 ports with no output delay but with a timing clock defined on it or propagating through it


7. checking multiple_clock
--------------------------
 There are 0 register/latch pins with multiple clocks.


8. checking generated_clocks
----------------------------
 There are 0 generated clocks that are not connected to a clock source.


9. checking loops
-----------------
 There are 0 combinational loops in the design.


10. checking partial_input_delay
--------------------------------
 There are 0 input ports with partial input delay specified.


11. checking partial_output_delay
---------------------------------
 There are 0 ports with partial output delay specified.


12. checking latch_loops
------------------------
 There are 0 combinational latch loops in the design through latch input



------------------------------------------------------------------------------------------------
| Design Timing Summary
| ---------------------
------------------------------------------------------------------------------------------------

    WNS(ns)      TNS(ns)  TNS Failing Endpoints  TNS Total Endpoints      WHS(ns)      THS(ns)  THS Failing Endpoints  THS Total Endpoints     WPWS(ns)     TPWS(ns)  TPWS Failing Endpoints  TPWS Total Endpoints  
    -------      -------  ---------------------  -------------------      -------      -------  ---------------------  -------------------     --------     --------  ----------------------  --------------------  
      8.850        0.000                      0                    1        0.420        0.000                      0                    1        4.500        0.000                       0                   276  


All user specified timing constraints are met.


------------------------------------------------------------------------------------------------
| Clock Summary
| -------------
------------------------------------------------------------------------------------------------

Clock  Waveform(ns)       Period(ns)      Frequency(MHz)
-----  ------------       ----------      --------------
clk    {0.000 5.000}      10.000          100.000         


------------------------------------------------------------------------------------------------
| Intra Clock Table
| -----------------
------------------------------------------------------------------------------------------------

Clock             WNS(ns)      TNS(ns)  TNS Failing Endpoints  TNS Total Endpoints      WHS(ns)      THS(ns)  THS Failing Endpoints  THS Total Endpoints     WPWS(ns)     TPWS(ns)  TPWS Failing Endpoints  TPWS Total Endpoints  
-----             -------      -------  ---------------------  -------------------      -------      -------  ---------------------  -------------------     --------     --------  ----------------------  --------------------  
clk                 8.850        0.000                      0                    1        0.420        0.000                      0                    1        4.500        0.000                       0                   276  


------------------------------------------------------------------------------------------------
| Inter Clock Table
| -----------------
------------------------------------------------------------------------------------------------

From Clock    To Clock          WNS(ns)      TNS(ns)  TNS Failing Endpoints  TNS Total Endpoints      WHS(ns)      THS(ns)  THS Failing Endpoints  THS Total Endpoints  
----------    --------          -------      -------  ---------------------  -------------------      -------      -------  ---------------------  -------------------  


------------------------------------------------------------------------------------------------
| Other Path Groups Table
| -----------------------
------------------------------------------------------------------------------------------------

Path Group    From Clock    To Clock          WNS(ns)      TNS(ns)  TNS Failing Endpoints  TNS Total Endpoints      WHS(ns)      THS(ns)  THS Failing Endpoints  THS Total Endpoints  
----------    ----------    --------          -------      -------  ---------------------  -------------------      -------      -------  ---------------------  -------------------  


------------------------------------------------------------------------------------------------
| Timing Details
| --------------
------------------------------------------------------------------------------------------------


---------------------------------------------------------------------------------------------------
From Clock:  clk
  To Clock:  clk

Setup :            0  Failing Endpoints,  Worst Slack        8.850ns,  Total Violation        0.000ns
Hold  :            0  Failing Endpoints,  Worst Slack        0.420ns,  Total Violation        0.000ns
PW    :            0  Failing Endpoints,  Worst Slack        4.500ns,  Total Violation        0.000ns
---------------------------------------------------------------------------------------------------


Max Delay Paths
--------------------------------------------------------------------------------------
Slack (MET) :             8.850ns  (required time - arrival time)
  Source:                 FSM_onehot_state_reg[14]/C
                            (rising edge-triggered cell FDRE clocked by clk  {rise@0.000ns fall@5.000ns period=10.000ns})
  Destination:            resetcnt_reg/D
                            (rising edge-triggered cell FDRE clocked by clk  {rise@0.000ns fall@5.000ns period=10.000ns})
  Path Group:             clk
  Path Type:              Setup (Max at Slow Process Corner)
  Requirement:            10.000ns  (clk rise@10.000ns - clk rise@0.000ns)
  Data Path Delay:        1.148ns  (logic 0.438ns (38.141%)  route 0.710ns (61.859%))
  Logic Levels:           1  (LUT6=1)
  Clock Path Skew:        -0.035ns (DCD - SCD + CPR)
    Destination Clock Delay (DCD):    0.669ns = ( 10.669 - 10.000 ) 
    Source Clock Delay      (SCD):    0.704ns
    Clock Pessimism Removal (CPR):    0.000ns
  Clock Uncertainty:      0.035ns  ((TSJ^2 + TIJ^2)^1/2 + DJ) / 2 + PE
    Total System Jitter     (TSJ):    0.071ns
    Total Input Jitter      (TIJ):    0.000ns
    Discrete Jitter          (DJ):    0.000ns
    Phase Error              (PE):    0.000ns

    Location             Delay type                Incr(ns)  Path(ns)    Netlist Resource(s)
  -------------------------------------------------------------------    -------------------
                         (clock clk rise edge)        0.000     0.000 r  
                                                      0.000     0.000 r  clk (IN)
                         net (fo=275, unset)          0.704     0.704    clk
    SLICE_X49Y75         FDRE                                         r  FSM_onehot_state_reg[14]/C
  -------------------------------------------------------------------    -------------------
    SLICE_X49Y75         FDRE (Prop_fdre_C_Q)         0.341     1.045 r  FSM_onehot_state_reg[14]/Q
                         net (fo=14, routed)          0.710     1.755    FSM_onehot_state_reg_n_0_[14]
    SLICE_X46Y73         LUT6 (Prop_lut6_I3_O)        0.097     1.852 r  resetcnt_i_1/O
                         net (fo=1, routed)           0.000     1.852    resetcnt0
    SLICE_X46Y73         FDRE                                         r  resetcnt_reg/D
  -------------------------------------------------------------------    -------------------

                         (clock clk rise edge)       10.000    10.000 r  
                                                      0.000    10.000 r  clk (IN)
                         net (fo=275, unset)          0.669    10.669    clk
    SLICE_X46Y73         FDRE                                         r  resetcnt_reg/C
                         clock pessimism              0.000    10.669    
                         clock uncertainty           -0.035    10.633    
    SLICE_X46Y73         FDRE (Setup_fdre_C_D)        0.069    10.702    resetcnt_reg
  -------------------------------------------------------------------
                         required time                         10.702    
                         arrival time                          -1.852    
  -------------------------------------------------------------------
                         slack                                  8.850    





Min Delay Paths
--------------------------------------------------------------------------------------
Slack (MET) :             0.420ns  (arrival time - required time)
  Source:                 FSM_onehot_state_reg[14]/C
                            (rising edge-triggered cell FDRE clocked by clk  {rise@0.000ns fall@5.000ns period=10.000ns})
  Destination:            resetcnt_reg/D
                            (rising edge-triggered cell FDRE clocked by clk  {rise@0.000ns fall@5.000ns period=10.000ns})
  Path Group:             clk
  Path Type:              Hold (Min at Fast Process Corner)
  Requirement:            0.000ns  (clk rise@0.000ns - clk rise@0.000ns)
  Data Path Delay:        0.561ns  (logic 0.186ns (33.134%)  route 0.375ns (66.866%))
  Logic Levels:           1  (LUT6=1)
  Clock Path Skew:        0.022ns (DCD - SCD - CPR)
    Destination Clock Delay (DCD):    0.432ns
    Source Clock Delay      (SCD):    0.411ns
    Clock Pessimism Removal (CPR):    -0.000ns

    Location             Delay type                Incr(ns)  Path(ns)    Netlist Resource(s)
  -------------------------------------------------------------------    -------------------
                         (clock clk rise edge)        0.000     0.000 r  
                                                      0.000     0.000 r  clk (IN)
                         net (fo=275, unset)          0.411     0.411    clk
    SLICE_X49Y75         FDRE                                         r  FSM_onehot_state_reg[14]/C
  -------------------------------------------------------------------    -------------------
    SLICE_X49Y75         FDRE (Prop_fdre_C_Q)         0.141     0.552 r  FSM_onehot_state_reg[14]/Q
                         net (fo=14, routed)          0.375     0.927    FSM_onehot_state_reg_n_0_[14]
    SLICE_X46Y73         LUT6 (Prop_lut6_I3_O)        0.045     0.972 r  resetcnt_i_1/O
                         net (fo=1, routed)           0.000     0.972    resetcnt0
    SLICE_X46Y73         FDRE                                         r  resetcnt_reg/D
  -------------------------------------------------------------------    -------------------

                         (clock clk rise edge)        0.000     0.000 r  
                                                      0.000     0.000 r  clk (IN)
                         net (fo=275, unset)          0.432     0.432    clk
    SLICE_X46Y73         FDRE                                         r  resetcnt_reg/C
                         clock pessimism              0.000     0.432    
    SLICE_X46Y73         FDRE (Hold_fdre_C_D)         0.120     0.552    resetcnt_reg
  -------------------------------------------------------------------
                         required time                         -0.552    
                         arrival time                           0.972    
  -------------------------------------------------------------------
                         slack                                  0.420    





Pulse Width Checks
--------------------------------------------------------------------------------------
Clock Name:         clk
Waveform(ns):       { 0.000 5.000 }
Period(ns):         10.000
Sources:            { clk }

Check Type        Corner  Lib Pin  Reference Pin  Required(ns)  Actual(ns)  Slack(ns)  Location      Pin
Min Period        n/a     FDRE/C   n/a            1.000         10.000      9.000      SLICE_X49Y81  addrind_reg[0]/C
Low Pulse Width   Slow    FDRE/C   n/a            0.500         5.000       4.500      SLICE_X49Y81  addrind_reg[0]/C
High Pulse Width  Slow    FDRE/C   n/a            0.500         5.000       4.500      SLICE_X49Y81  addrind_reg[0]/C



