Copyright 1986-2018 Xilinx, Inc. All Rights Reserved.
---------------------------------------------------------------------------------------------------------------------------------------------------------------------------------------------------------------------------------------
| Tool Version : Vivado v.2018.3 (lin64) Build 2405991 Thu Dec  6 23:36:41 MST 2018
| Date         : Tue Jan 11 23:03:58 2022
| Host         : koopa.ece.utexas.edu running 64-bit CentOS Linux release 7.9.2009 (Core)
| Command      : report_timing -sort_by group -max_paths 100 -path_type summary -file /misc/scratch/zwei1/reports_Jan12/raw_designs/vtr_designs/verilog/koios/attention_layer_submodules/FPAddSub_PrealignModule/post_route_timing.rpt
| Design       : FPAddSub_PrealignModule
| Device       : 7z020-clg484
| Speed File   : -3  PRODUCTION 1.11 2014-09-11
---------------------------------------------------------------------------------------------------------------------------------------------------------------------------------------------------------------------------------------

Timing Report

Startpoint                     Endpoint                       Slack(ns)     
----------------------------------------------------------------------------
A[14]                          InputExc[1]                    inf           
A[12]                          ShiftDet[9]                    inf           
B[14]                          InputExc[0]                    inf           
B[12]                          ShiftDet[4]                    inf           
A[12]                          ShiftDet[8]                    inf           
A[14]                          InputExc[3]                    inf           
B[14]                          InputExc[2]                    inf           
B[12]                          ShiftDet[3]                    inf           
A[14]                          InputExc[4]                    inf           
B[10]                          ShiftDet[0]                    inf           
A[11]                          ShiftDet[1]                    inf           
A[12]                          ShiftDet[2]                    inf           
A[10]                          ShiftDet[5]                    inf           
B[11]                          ShiftDet[6]                    inf           
B[12]                          ShiftDet[7]                    inf           
A[0]                           Aout[0]                        inf           
A[10]                          Aout[10]                       inf           
A[11]                          Aout[11]                       inf           
A[12]                          Aout[12]                       inf           
A[13]                          Aout[13]                       inf           
A[14]                          Aout[14]                       inf           
A[1]                           Aout[1]                        inf           
A[2]                           Aout[2]                        inf           
A[3]                           Aout[3]                        inf           
A[4]                           Aout[4]                        inf           
A[5]                           Aout[5]                        inf           
A[6]                           Aout[6]                        inf           
A[7]                           Aout[7]                        inf           
A[8]                           Aout[8]                        inf           
A[9]                           Aout[9]                        inf           
B[0]                           Bout[0]                        inf           
B[10]                          Bout[10]                       inf           
B[11]                          Bout[11]                       inf           
B[12]                          Bout[12]                       inf           
B[13]                          Bout[13]                       inf           
B[14]                          Bout[14]                       inf           
B[1]                           Bout[1]                        inf           
B[2]                           Bout[2]                        inf           
B[3]                           Bout[3]                        inf           
B[4]                           Bout[4]                        inf           
B[5]                           Bout[5]                        inf           
B[6]                           Bout[6]                        inf           
B[7]                           Bout[7]                        inf           
B[8]                           Bout[8]                        inf           
B[9]                           Bout[9]                        inf           
operation                      Opout                          inf           
A[15]                          Sa                             inf           
B[15]                          Sb                             inf           



