Copyright 1986-2018 Xilinx, Inc. All Rights Reserved.
-----------------------------------------------------------------------------------------------------------------------------------------------------------------------------------------------------------------------------------------------------------------------------
| Tool Version : Vivado v.2018.3 (lin64) Build 2405991 Thu Dec  6 23:36:41 MST 2018
| Date         : Wed Jan 12 10:22:35 2022
| Host         : koopa.ece.utexas.edu running 64-bit CentOS Linux release 7.9.2009 (Core)
| Command      : report_timing -sort_by group -max_paths 100 -path_type summary -file /misc/scratch/zwei1/reports_Jan12/raw_designs/vtr_designs/verilog/koios/tiny_darknet_like.small_submodules/td_fused_top_dataflow_in_loop_TOP_LOOP38270_ifmap_vec/post_route_timing.rpt
| Design       : td_fused_top_dataflow_in_loop_TOP_LOOP38270_ifmap_vec
| Device       : 7z020-clg484
| Speed File   : -3  PRODUCTION 1.11 2014-09-11
-----------------------------------------------------------------------------------------------------------------------------------------------------------------------------------------------------------------------------------------------------------------------------

Timing Report

Startpoint                     Endpoint                       Slack(ns)     
----------------------------------------------------------------------------
empty_n_reg/C                  td_fused_top_dataflow_in_loop_TOP_LOOP38270_ifmap_vec_memcore_U_0/td_fused_top_dataflow_in_loop_TOP_LOOP38270_ifmap_vec_memcore_ram_U/ram_reg/ADDRBWRADDR[12]
                                                              6.721         
empty_n_reg/C                  td_fused_top_dataflow_in_loop_TOP_LOOP38270_ifmap_vec_memcore_U_0/td_fused_top_dataflow_in_loop_TOP_LOOP38270_ifmap_vec_memcore_ram_U/ram_reg/ADDRBWRADDR[10]
                                                              6.729         
tptr_reg[0]/C                  td_fused_top_dataflow_in_loop_TOP_LOOP38270_ifmap_vec_memcore_U_0/td_fused_top_dataflow_in_loop_TOP_LOOP38270_ifmap_vec_memcore_ram_U/ram_reg/ADDRARDADDR[10]
                                                              6.817         
tptr_reg[0]/C                  td_fused_top_dataflow_in_loop_TOP_LOOP38270_ifmap_vec_memcore_U_0/td_fused_top_dataflow_in_loop_TOP_LOOP38270_ifmap_vec_memcore_ram_U/ram_reg/ADDRBWRADDR[4]
                                                              6.856         
tptr_reg[0]/C                  td_fused_top_dataflow_in_loop_TOP_LOOP38270_ifmap_vec_memcore_U_0/td_fused_top_dataflow_in_loop_TOP_LOOP38270_ifmap_vec_memcore_ram_U/ram_reg/ADDRARDADDR[9]
                                                              6.868         
empty_n_reg/C                  td_fused_top_dataflow_in_loop_TOP_LOOP38270_ifmap_vec_memcore_U_0/td_fused_top_dataflow_in_loop_TOP_LOOP38270_ifmap_vec_memcore_ram_U/ram_reg/ADDRARDADDR[13]
                                                              6.914         
empty_n_reg/C                  td_fused_top_dataflow_in_loop_TOP_LOOP38270_ifmap_vec_memcore_U_0/td_fused_top_dataflow_in_loop_TOP_LOOP38270_ifmap_vec_memcore_ram_U/ram_reg/ADDRBWRADDR[8]
                                                              6.926         
td_fused_top_dataflow_in_loop_TOP_LOOP38270_ifmap_vec_memcore_U_0/td_fused_top_dataflow_in_loop_TOP_LOOP38270_ifmap_vec_memcore_ram_U/ram_reg/CLKARDCLK
                               reg_q0_reg[0]/D                6.946         
empty_n_reg/C                  td_fused_top_dataflow_in_loop_TOP_LOOP38270_ifmap_vec_memcore_U_0/td_fused_top_dataflow_in_loop_TOP_LOOP38270_ifmap_vec_memcore_ram_U/ram_reg/ADDRARDADDR[4]
                                                              6.949         
empty_n_reg/C                  td_fused_top_dataflow_in_loop_TOP_LOOP38270_ifmap_vec_memcore_U_0/td_fused_top_dataflow_in_loop_TOP_LOOP38270_ifmap_vec_memcore_ram_U/ram_reg/ADDRARDADDR[5]
                                                              6.955         
empty_n_reg/C                  td_fused_top_dataflow_in_loop_TOP_LOOP38270_ifmap_vec_memcore_U_0/td_fused_top_dataflow_in_loop_TOP_LOOP38270_ifmap_vec_memcore_ram_U/ram_reg/ADDRARDADDR[12]
                                                              6.956         
empty_n_reg/C                  td_fused_top_dataflow_in_loop_TOP_LOOP38270_ifmap_vec_memcore_U_0/td_fused_top_dataflow_in_loop_TOP_LOOP38270_ifmap_vec_memcore_ram_U/ram_reg/ADDRBWRADDR[7]
                                                              6.964         
empty_n_reg/C                  td_fused_top_dataflow_in_loop_TOP_LOOP38270_ifmap_vec_memcore_U_0/td_fused_top_dataflow_in_loop_TOP_LOOP38270_ifmap_vec_memcore_ram_U/ram_reg/ADDRARDADDR[6]
                                                              7.026         
td_fused_top_dataflow_in_loop_TOP_LOOP38270_ifmap_vec_memcore_U_0/td_fused_top_dataflow_in_loop_TOP_LOOP38270_ifmap_vec_memcore_ram_U/ram_reg/CLKARDCLK
                               reg_q0_reg[5]/D                7.036         
td_fused_top_dataflow_in_loop_TOP_LOOP38270_ifmap_vec_memcore_U_0/td_fused_top_dataflow_in_loop_TOP_LOOP38270_ifmap_vec_memcore_ram_U/ram_reg/CLKARDCLK
                               reg_q0_reg[12]/D               7.038         
td_fused_top_dataflow_in_loop_TOP_LOOP38270_ifmap_vec_memcore_U_0/td_fused_top_dataflow_in_loop_TOP_LOOP38270_ifmap_vec_memcore_ram_U/ram_reg/CLKARDCLK
                               reg_q0_reg[2]/D                7.038         
td_fused_top_dataflow_in_loop_TOP_LOOP38270_ifmap_vec_memcore_U_0/td_fused_top_dataflow_in_loop_TOP_LOOP38270_ifmap_vec_memcore_ram_U/ram_reg/CLKARDCLK
                               reg_q0_reg[3]/D                7.059         
empty_n_reg/C                  td_fused_top_dataflow_in_loop_TOP_LOOP38270_ifmap_vec_memcore_U_0/td_fused_top_dataflow_in_loop_TOP_LOOP38270_ifmap_vec_memcore_ram_U/ram_reg/ADDRBWRADDR[5]
                                                              7.067         
td_fused_top_dataflow_in_loop_TOP_LOOP38270_ifmap_vec_memcore_U_0/td_fused_top_dataflow_in_loop_TOP_LOOP38270_ifmap_vec_memcore_ram_U/ram_reg/CLKARDCLK
                               reg_q0_reg[1]/D                7.071         
td_fused_top_dataflow_in_loop_TOP_LOOP38270_ifmap_vec_memcore_U_1/td_fused_top_dataflow_in_loop_TOP_LOOP38270_ifmap_vec_memcore_ram_U/ram_reg/CLKARDCLK
                               reg_q0_reg[7]/D                7.076         
td_fused_top_dataflow_in_loop_TOP_LOOP38270_ifmap_vec_memcore_U_1/td_fused_top_dataflow_in_loop_TOP_LOOP38270_ifmap_vec_memcore_ram_U/ram_reg/CLKARDCLK
                               reg_q0_reg[9]/D                7.084         
td_fused_top_dataflow_in_loop_TOP_LOOP38270_ifmap_vec_memcore_U_1/td_fused_top_dataflow_in_loop_TOP_LOOP38270_ifmap_vec_memcore_ram_U/ram_reg/CLKARDCLK
                               reg_q0_reg[4]/D                7.085         
empty_n_reg/C                  td_fused_top_dataflow_in_loop_TOP_LOOP38270_ifmap_vec_memcore_U_0/td_fused_top_dataflow_in_loop_TOP_LOOP38270_ifmap_vec_memcore_ram_U/ram_reg/ADDRBWRADDR[9]
                                                              7.088         
empty_n_reg/C                  td_fused_top_dataflow_in_loop_TOP_LOOP38270_ifmap_vec_memcore_U_0/td_fused_top_dataflow_in_loop_TOP_LOOP38270_ifmap_vec_memcore_ram_U/ram_reg/DIBDI[10]
                                                              7.100         
td_fused_top_dataflow_in_loop_TOP_LOOP38270_ifmap_vec_memcore_U_1/td_fused_top_dataflow_in_loop_TOP_LOOP38270_ifmap_vec_memcore_ram_U/ram_reg/CLKARDCLK
                               reg_q0_reg[13]/D               7.105         
td_fused_top_dataflow_in_loop_TOP_LOOP38270_ifmap_vec_memcore_U_0/td_fused_top_dataflow_in_loop_TOP_LOOP38270_ifmap_vec_memcore_ram_U/ram_reg/CLKARDCLK
                               reg_q0_reg[11]/D               7.109         
td_fused_top_dataflow_in_loop_TOP_LOOP38270_ifmap_vec_memcore_U_0/td_fused_top_dataflow_in_loop_TOP_LOOP38270_ifmap_vec_memcore_ram_U/ram_reg/CLKARDCLK
                               reg_q0_reg[10]/D               7.122         
tptr_reg[0]/C                  td_fused_top_dataflow_in_loop_TOP_LOOP38270_ifmap_vec_memcore_U_0/td_fused_top_dataflow_in_loop_TOP_LOOP38270_ifmap_vec_memcore_ram_U/ram_reg/ADDRARDADDR[7]
                                                              7.125         
empty_n_reg/C                  td_fused_top_dataflow_in_loop_TOP_LOOP38270_ifmap_vec_memcore_U_0/td_fused_top_dataflow_in_loop_TOP_LOOP38270_ifmap_vec_memcore_ram_U/ram_reg/ADDRBWRADDR[11]
                                                              7.153         
td_fused_top_dataflow_in_loop_TOP_LOOP38270_ifmap_vec_memcore_U_1/td_fused_top_dataflow_in_loop_TOP_LOOP38270_ifmap_vec_memcore_ram_U/ram_reg/CLKARDCLK
                               reg_q0_reg[15]/D               7.169         
td_fused_top_dataflow_in_loop_TOP_LOOP38270_ifmap_vec_memcore_U_0/td_fused_top_dataflow_in_loop_TOP_LOOP38270_ifmap_vec_memcore_ram_U/ram_reg/CLKARDCLK
                               reg_q0_reg[8]/D                7.174         
tptr_reg[0]/C                  td_fused_top_dataflow_in_loop_TOP_LOOP38270_ifmap_vec_memcore_U_0/td_fused_top_dataflow_in_loop_TOP_LOOP38270_ifmap_vec_memcore_ram_U/ram_reg/ADDRBWRADDR[6]
                                                              7.179         
td_fused_top_dataflow_in_loop_TOP_LOOP38270_ifmap_vec_memcore_U_0/td_fused_top_dataflow_in_loop_TOP_LOOP38270_ifmap_vec_memcore_ram_U/ram_reg/CLKARDCLK
                               reg_q0_reg[14]/D               7.206         
td_fused_top_dataflow_in_loop_TOP_LOOP38270_ifmap_vec_memcore_U_0/td_fused_top_dataflow_in_loop_TOP_LOOP38270_ifmap_vec_memcore_ram_U/ram_reg/CLKARDCLK
                               reg_q0_reg[6]/D                7.228         
tptr_reg[0]/C                  td_fused_top_dataflow_in_loop_TOP_LOOP38270_ifmap_vec_memcore_U_0/td_fused_top_dataflow_in_loop_TOP_LOOP38270_ifmap_vec_memcore_ram_U/ram_reg/ADDRARDADDR[11]
                                                              7.260         
tptr_reg[0]/C                  td_fused_top_dataflow_in_loop_TOP_LOOP38270_ifmap_vec_memcore_U_1/td_fused_top_dataflow_in_loop_TOP_LOOP38270_ifmap_vec_memcore_ram_U/ram_reg/ADDRBWRADDR[10]
                                                              7.267         
empty_n_reg/C                  td_fused_top_dataflow_in_loop_TOP_LOOP38270_ifmap_vec_memcore_U_0/td_fused_top_dataflow_in_loop_TOP_LOOP38270_ifmap_vec_memcore_ram_U/ram_reg/DIADI[3]
                                                              7.289         
tptr_reg[0]/C                  td_fused_top_dataflow_in_loop_TOP_LOOP38270_ifmap_vec_memcore_U_0/td_fused_top_dataflow_in_loop_TOP_LOOP38270_ifmap_vec_memcore_ram_U/ram_reg/DIBDI[3]
                                                              7.326         
empty_n_reg/C                  count_reg[0]/D                 7.326         
empty_n_reg/C                  td_fused_top_dataflow_in_loop_TOP_LOOP38270_ifmap_vec_memcore_U_0/td_fused_top_dataflow_in_loop_TOP_LOOP38270_ifmap_vec_memcore_ram_U/ram_reg/ADDRBWRADDR[13]
                                                              7.328         
empty_n_reg/C                  td_fused_top_dataflow_in_loop_TOP_LOOP38270_ifmap_vec_memcore_U_1/td_fused_top_dataflow_in_loop_TOP_LOOP38270_ifmap_vec_memcore_ram_U/ram_reg/ADDRARDADDR[6]
                                                              7.329         
tptr_reg[0]/C                  td_fused_top_dataflow_in_loop_TOP_LOOP38270_ifmap_vec_memcore_U_0/td_fused_top_dataflow_in_loop_TOP_LOOP38270_ifmap_vec_memcore_ram_U/ram_reg/DIADI[8]
                                                              7.335         
tptr_reg[0]/C                  td_fused_top_dataflow_in_loop_TOP_LOOP38270_ifmap_vec_memcore_U_0/td_fused_top_dataflow_in_loop_TOP_LOOP38270_ifmap_vec_memcore_ram_U/ram_reg/DIBDI[9]
                                                              7.338         
empty_n_reg/C                  td_fused_top_dataflow_in_loop_TOP_LOOP38270_ifmap_vec_memcore_U_0/td_fused_top_dataflow_in_loop_TOP_LOOP38270_ifmap_vec_memcore_ram_U/ram_reg/ADDRARDADDR[8]
                                                              7.345         
tptr_reg[0]/C                  td_fused_top_dataflow_in_loop_TOP_LOOP38270_ifmap_vec_memcore_U_0/td_fused_top_dataflow_in_loop_TOP_LOOP38270_ifmap_vec_memcore_ram_U/ram_reg/ENBWREN
                                                              7.354         
empty_n_reg/C                  td_fused_top_dataflow_in_loop_TOP_LOOP38270_ifmap_vec_memcore_U_0/td_fused_top_dataflow_in_loop_TOP_LOOP38270_ifmap_vec_memcore_ram_U/ram_reg/DIBDI[8]
                                                              7.412         
empty_n_reg/C                  td_fused_top_dataflow_in_loop_TOP_LOOP38270_ifmap_vec_memcore_U_0/td_fused_top_dataflow_in_loop_TOP_LOOP38270_ifmap_vec_memcore_ram_U/ram_reg/DIADI[10]
                                                              7.416         
empty_n_reg/C                  td_fused_top_dataflow_in_loop_TOP_LOOP38270_ifmap_vec_memcore_U_1/td_fused_top_dataflow_in_loop_TOP_LOOP38270_ifmap_vec_memcore_ram_U/ram_reg/ADDRBWRADDR[8]
                                                              7.430         
tptr_reg[0]/C                  td_fused_top_dataflow_in_loop_TOP_LOOP38270_ifmap_vec_memcore_U_1/td_fused_top_dataflow_in_loop_TOP_LOOP38270_ifmap_vec_memcore_ram_U/ram_reg/ADDRBWRADDR[11]
                                                              7.448         
tptr_reg[0]/C                  td_fused_top_dataflow_in_loop_TOP_LOOP38270_ifmap_vec_memcore_U_0/td_fused_top_dataflow_in_loop_TOP_LOOP38270_ifmap_vec_memcore_ram_U/ram_reg/DIADI[11]
                                                              7.474         
tptr_reg[0]/C                  td_fused_top_dataflow_in_loop_TOP_LOOP38270_ifmap_vec_memcore_U_0/td_fused_top_dataflow_in_loop_TOP_LOOP38270_ifmap_vec_memcore_ram_U/ram_reg/DIBDI[5]
                                                              7.506         
empty_n_reg/C                  td_fused_top_dataflow_in_loop_TOP_LOOP38270_ifmap_vec_memcore_U_1/td_fused_top_dataflow_in_loop_TOP_LOOP38270_ifmap_vec_memcore_ram_U/ram_reg/ADDRARDADDR[12]
                                                              7.510         
empty_n_reg/C                  td_fused_top_dataflow_in_loop_TOP_LOOP38270_ifmap_vec_memcore_U_0/td_fused_top_dataflow_in_loop_TOP_LOOP38270_ifmap_vec_memcore_ram_U/ram_reg/DIADI[14]
                                                              7.525         
empty_n_reg/C                  td_fused_top_dataflow_in_loop_TOP_LOOP38270_ifmap_vec_memcore_U_0/td_fused_top_dataflow_in_loop_TOP_LOOP38270_ifmap_vec_memcore_ram_U/ram_reg/DIADI[13]
                                                              7.525         
tptr_reg[0]/C                  td_fused_top_dataflow_in_loop_TOP_LOOP38270_ifmap_vec_memcore_U_0/td_fused_top_dataflow_in_loop_TOP_LOOP38270_ifmap_vec_memcore_ram_U/ram_reg/WEA[1]
                                                              7.527         
empty_n_reg/C                  td_fused_top_dataflow_in_loop_TOP_LOOP38270_ifmap_vec_memcore_U_1/td_fused_top_dataflow_in_loop_TOP_LOOP38270_ifmap_vec_memcore_ram_U/ram_reg/ADDRBWRADDR[6]
                                                              7.530         
empty_n_reg/C                  td_fused_top_dataflow_in_loop_TOP_LOOP38270_ifmap_vec_memcore_U_0/td_fused_top_dataflow_in_loop_TOP_LOOP38270_ifmap_vec_memcore_ram_U/ram_reg/DIADI[6]
                                                              7.540         
empty_n_reg/C                  td_fused_top_dataflow_in_loop_TOP_LOOP38270_ifmap_vec_memcore_U_1/td_fused_top_dataflow_in_loop_TOP_LOOP38270_ifmap_vec_memcore_ram_U/ram_reg/ADDRBWRADDR[13]
                                                              7.540         
tptr_reg[0]/C                  td_fused_top_dataflow_in_loop_TOP_LOOP38270_ifmap_vec_memcore_U_1/td_fused_top_dataflow_in_loop_TOP_LOOP38270_ifmap_vec_memcore_ram_U/ram_reg/ADDRARDADDR[5]
                                                              7.564         
empty_n_reg/C                  td_fused_top_dataflow_in_loop_TOP_LOOP38270_ifmap_vec_memcore_U_1/td_fused_top_dataflow_in_loop_TOP_LOOP38270_ifmap_vec_memcore_ram_U/ram_reg/ADDRARDADDR[4]
                                                              7.564         
tptr_reg[0]/C                  td_fused_top_dataflow_in_loop_TOP_LOOP38270_ifmap_vec_memcore_U_0/td_fused_top_dataflow_in_loop_TOP_LOOP38270_ifmap_vec_memcore_ram_U/ram_reg/DIADI[9]
                                                              7.565         
empty_n_reg/C                  td_fused_top_dataflow_in_loop_TOP_LOOP38270_ifmap_vec_memcore_U_0/td_fused_top_dataflow_in_loop_TOP_LOOP38270_ifmap_vec_memcore_ram_U/ram_reg/DIBDI[0]
                                                              7.573         
empty_n_reg/C                  td_fused_top_dataflow_in_loop_TOP_LOOP38270_ifmap_vec_memcore_U_0/td_fused_top_dataflow_in_loop_TOP_LOOP38270_ifmap_vec_memcore_ram_U/ram_reg/DIADI[0]
                                                              7.575         
empty_n_reg/C                  td_fused_top_dataflow_in_loop_TOP_LOOP38270_ifmap_vec_memcore_U_1/td_fused_top_dataflow_in_loop_TOP_LOOP38270_ifmap_vec_memcore_ram_U/ram_reg/ADDRBWRADDR[12]
                                                              7.605         
tptr_reg[0]/C                  td_fused_top_dataflow_in_loop_TOP_LOOP38270_ifmap_vec_memcore_U_0/td_fused_top_dataflow_in_loop_TOP_LOOP38270_ifmap_vec_memcore_ram_U/ram_reg/DIADI[2]
                                                              7.613         
tptr_reg[0]/C                  td_fused_top_dataflow_in_loop_TOP_LOOP38270_ifmap_vec_memcore_U_1/td_fused_top_dataflow_in_loop_TOP_LOOP38270_ifmap_vec_memcore_ram_U/ram_reg/ADDRBWRADDR[7]
                                                              7.628         
empty_n_reg/C                  td_fused_top_dataflow_in_loop_TOP_LOOP38270_ifmap_vec_memcore_U_1/td_fused_top_dataflow_in_loop_TOP_LOOP38270_ifmap_vec_memcore_ram_U/ram_reg/ADDRBWRADDR[9]
                                                              7.634         
empty_n_reg/C                  td_fused_top_dataflow_in_loop_TOP_LOOP38270_ifmap_vec_memcore_U_1/td_fused_top_dataflow_in_loop_TOP_LOOP38270_ifmap_vec_memcore_ram_U/ram_reg/ADDRBWRADDR[5]
                                                              7.634         
empty_n_reg/C                  td_fused_top_dataflow_in_loop_TOP_LOOP38270_ifmap_vec_memcore_U_1/td_fused_top_dataflow_in_loop_TOP_LOOP38270_ifmap_vec_memcore_ram_U/ram_reg/ADDRARDADDR[10]
                                                              7.645         
empty_n_reg/C                  td_fused_top_dataflow_in_loop_TOP_LOOP38270_ifmap_vec_memcore_U_0/td_fused_top_dataflow_in_loop_TOP_LOOP38270_ifmap_vec_memcore_ram_U/ram_reg/DIADI[12]
                                                              7.652         
empty_n_reg/C                  td_fused_top_dataflow_in_loop_TOP_LOOP38270_ifmap_vec_memcore_U_0/td_fused_top_dataflow_in_loop_TOP_LOOP38270_ifmap_vec_memcore_ram_U/ram_reg/ENARDEN
                                                              7.652         
empty_n_reg/C                  td_fused_top_dataflow_in_loop_TOP_LOOP38270_ifmap_vec_memcore_U_1/td_fused_top_dataflow_in_loop_TOP_LOOP38270_ifmap_vec_memcore_ram_U/ram_reg/ADDRBWRADDR[4]
                                                              7.654         
tptr_reg[0]/C                  td_fused_top_dataflow_in_loop_TOP_LOOP38270_ifmap_vec_memcore_U_0/td_fused_top_dataflow_in_loop_TOP_LOOP38270_ifmap_vec_memcore_ram_U/ram_reg/WEA[0]
                                                              7.655         
tptr_reg[0]/C                  td_fused_top_dataflow_in_loop_TOP_LOOP38270_ifmap_vec_memcore_U_0/td_fused_top_dataflow_in_loop_TOP_LOOP38270_ifmap_vec_memcore_ram_U/ram_reg/DIBDI[7]
                                                              7.665         
empty_n_reg/C                  td_fused_top_dataflow_in_loop_TOP_LOOP38270_ifmap_vec_memcore_U_0/td_fused_top_dataflow_in_loop_TOP_LOOP38270_ifmap_vec_memcore_ram_U/ram_reg/DIBDI[14]
                                                              7.668         
tptr_reg[0]/C                  td_fused_top_dataflow_in_loop_TOP_LOOP38270_ifmap_vec_memcore_U_0/td_fused_top_dataflow_in_loop_TOP_LOOP38270_ifmap_vec_memcore_ram_U/ram_reg/WEBWE[1]
                                                              7.669         
empty_n_reg/C                  td_fused_top_dataflow_in_loop_TOP_LOOP38270_ifmap_vec_memcore_U_0/td_fused_top_dataflow_in_loop_TOP_LOOP38270_ifmap_vec_memcore_ram_U/ram_reg/DIBDI[13]
                                                              7.675         
tptr_reg[0]/C                  td_fused_top_dataflow_in_loop_TOP_LOOP38270_ifmap_vec_memcore_U_1/td_fused_top_dataflow_in_loop_TOP_LOOP38270_ifmap_vec_memcore_ram_U/ram_reg/WEA[0]
                                                              7.682         
empty_n_reg/C                  td_fused_top_dataflow_in_loop_TOP_LOOP38270_ifmap_vec_memcore_U_0/td_fused_top_dataflow_in_loop_TOP_LOOP38270_ifmap_vec_memcore_ram_U/ram_reg/DIADI[7]
                                                              7.713         
empty_n_reg/C                  td_fused_top_dataflow_in_loop_TOP_LOOP38270_ifmap_vec_memcore_U_0/td_fused_top_dataflow_in_loop_TOP_LOOP38270_ifmap_vec_memcore_ram_U/ram_reg/DIBDI[2]
                                                              7.716         
empty_n_reg/C                  td_fused_top_dataflow_in_loop_TOP_LOOP38270_ifmap_vec_memcore_U_0/td_fused_top_dataflow_in_loop_TOP_LOOP38270_ifmap_vec_memcore_ram_U/ram_reg/DIBDI[1]
                                                              7.720         
empty_n_reg/C                  td_fused_top_dataflow_in_loop_TOP_LOOP38270_ifmap_vec_memcore_U_0/td_fused_top_dataflow_in_loop_TOP_LOOP38270_ifmap_vec_memcore_ram_U/ram_reg/DIADI[1]
                                                              7.722         
empty_n_reg/C                  td_fused_top_dataflow_in_loop_TOP_LOOP38270_ifmap_vec_memcore_U_0/td_fused_top_dataflow_in_loop_TOP_LOOP38270_ifmap_vec_memcore_ram_U/ram_reg/DIBDI[15]
                                                              7.722         
tptr_reg[0]/C                  td_fused_top_dataflow_in_loop_TOP_LOOP38270_ifmap_vec_memcore_U_1/td_fused_top_dataflow_in_loop_TOP_LOOP38270_ifmap_vec_memcore_ram_U/ram_reg/ENBWREN
                                                              7.724         
tptr_reg[0]/C                  td_fused_top_dataflow_in_loop_TOP_LOOP38270_ifmap_vec_memcore_U_0/td_fused_top_dataflow_in_loop_TOP_LOOP38270_ifmap_vec_memcore_ram_U/ram_reg/DIBDI[12]
                                                              7.729         
tptr_reg[0]/C                  td_fused_top_dataflow_in_loop_TOP_LOOP38270_ifmap_vec_memcore_U_0/td_fused_top_dataflow_in_loop_TOP_LOOP38270_ifmap_vec_memcore_ram_U/ram_reg/WEBWE[0]
                                                              7.741         
empty_n_reg/C                  td_fused_top_dataflow_in_loop_TOP_LOOP38270_ifmap_vec_memcore_U_0/td_fused_top_dataflow_in_loop_TOP_LOOP38270_ifmap_vec_memcore_ram_U/ram_reg/DIADI[15]
                                                              7.793         
tptr_reg[0]/C                  td_fused_top_dataflow_in_loop_TOP_LOOP38270_ifmap_vec_memcore_U_0/td_fused_top_dataflow_in_loop_TOP_LOOP38270_ifmap_vec_memcore_ram_U/ram_reg/DIBDI[6]
                                                              7.795         
tptr_reg[0]/C                  td_fused_top_dataflow_in_loop_TOP_LOOP38270_ifmap_vec_memcore_U_1/td_fused_top_dataflow_in_loop_TOP_LOOP38270_ifmap_vec_memcore_ram_U/ram_reg/WEA[1]
                                                              7.810         
tptr_reg[0]/C                  td_fused_top_dataflow_in_loop_TOP_LOOP38270_ifmap_vec_memcore_U_1/td_fused_top_dataflow_in_loop_TOP_LOOP38270_ifmap_vec_memcore_ram_U/ram_reg/ADDRARDADDR[9]
                                                              7.818         
tptr_reg[0]/C                  td_fused_top_dataflow_in_loop_TOP_LOOP38270_ifmap_vec_memcore_U_0/td_fused_top_dataflow_in_loop_TOP_LOOP38270_ifmap_vec_memcore_ram_U/ram_reg/DIBDI[11]
                                                              7.851         
empty_n_reg/C                  td_fused_top_dataflow_in_loop_TOP_LOOP38270_ifmap_vec_memcore_U_1/td_fused_top_dataflow_in_loop_TOP_LOOP38270_ifmap_vec_memcore_ram_U/ram_reg/DIBDI[10]
                                                              7.854         
tptr_reg[0]/C                  td_fused_top_dataflow_in_loop_TOP_LOOP38270_ifmap_vec_memcore_U_1/td_fused_top_dataflow_in_loop_TOP_LOOP38270_ifmap_vec_memcore_ram_U/ram_reg/DIADI[11]
                                                              7.856         
empty_n_reg/C                  td_fused_top_dataflow_in_loop_TOP_LOOP38270_ifmap_vec_memcore_U_0/td_fused_top_dataflow_in_loop_TOP_LOOP38270_ifmap_vec_memcore_ram_U/ram_reg/DIADI[4]
                                                              7.867         
tptr_reg[0]/C                  td_fused_top_dataflow_in_loop_TOP_LOOP38270_ifmap_vec_memcore_U_0/td_fused_top_dataflow_in_loop_TOP_LOOP38270_ifmap_vec_memcore_ram_U/ram_reg/DIADI[5]
                                                              7.873         
empty_n_reg/C                  td_fused_top_dataflow_in_loop_TOP_LOOP38270_ifmap_vec_memcore_U_0/td_fused_top_dataflow_in_loop_TOP_LOOP38270_ifmap_vec_memcore_ram_U/ram_reg/DIBDI[4]
                                                              7.900         
tptr_reg[0]/C                  td_fused_top_dataflow_in_loop_TOP_LOOP38270_ifmap_vec_memcore_U_1/td_fused_top_dataflow_in_loop_TOP_LOOP38270_ifmap_vec_memcore_ram_U/ram_reg/WEBWE[1]
                                                              7.916         
tptr_reg[0]/C                  td_fused_top_dataflow_in_loop_TOP_LOOP38270_ifmap_vec_memcore_U_1/td_fused_top_dataflow_in_loop_TOP_LOOP38270_ifmap_vec_memcore_ram_U/ram_reg/ADDRARDADDR[7]
                                                              7.917         
empty_n_reg/C                  empty_n_reg/D                  7.929         
tptr_reg[0]/C                  td_fused_top_dataflow_in_loop_TOP_LOOP38270_ifmap_vec_memcore_U_1/td_fused_top_dataflow_in_loop_TOP_LOOP38270_ifmap_vec_memcore_ram_U/ram_reg/DIADI[12]
                                                              7.941         



