Copyright 1986-2018 Xilinx, Inc. All Rights Reserved.
-----------------------------------------------------------------------------------------------------------------------------------------------------------------------------------------
| Tool Version : Vivado v.2018.3 (lin64) Build 2405991 Thu Dec  6 23:36:41 MST 2018
| Date         : Wed Jan 12 22:31:30 2022
| Host         : koopa.ece.utexas.edu running 64-bit CentOS Linux release 7.9.2009 (Core)
| Command      : report_timing_summary -file /misc/scratch/zwei1/reports_Jan12/raw_designs/vtr_designs/verilog/koios/attention_layer_submodules/vecmat_add/post_synth_timing_summary.rpt
| Design       : vecmat_add
| Device       : 7z020-clg484
| Speed File   : -3  PRODUCTION 1.11 2014-09-11
-----------------------------------------------------------------------------------------------------------------------------------------------------------------------------------------

Timing Summary Report

------------------------------------------------------------------------------------------------
| Timer Settings
| --------------
------------------------------------------------------------------------------------------------

  Enable Multi Corner Analysis               :  Yes
  Enable Pessimism Removal                   :  Yes
  Pessimism Removal Resolution               :  Nearest Common Node
  Enable Input Delay Default Clock           :  No
  Enable Preset / Clear Arcs                 :  No
  Disable Flight Delays                      :  No
  Ignore I/O Paths                           :  No
  Timing Early Launch at Borrowing Latches   :  false

  Corner  Analyze    Analyze    
  Name    Max Paths  Min Paths  
  ------  ---------  ---------  
  Slow    Yes        Yes        
  Fast    Yes        Yes        



check_timing report

Table of Contents
-----------------
1. checking no_clock
2. checking constant_clock
3. checking pulse_width_clock
4. checking unconstrained_internal_endpoints
5. checking no_input_delay
6. checking no_output_delay
7. checking multiple_clock
8. checking generated_clocks
9. checking loops
10. checking partial_input_delay
11. checking partial_output_delay
12. checking latch_loops

1. checking no_clock
--------------------
 There are 0 register/latch pins with no clock.


2. checking constant_clock
--------------------------
 There are 0 register/latch pins with constant_clock.


3. checking pulse_width_clock
-----------------------------
 There are 0 register/latch pins which need pulse_width check


4. checking unconstrained_internal_endpoints
--------------------------------------------
 There are 0 pins that are not constrained for maximum delay.

 There are 0 pins that are not constrained for maximum delay due to constant clock.


5. checking no_input_delay
--------------------------
 There are 1025 input ports with no input delay specified. (HIGH)

 There are 0 input ports with no input delay but user has a false path constraint.


6. checking no_output_delay
---------------------------
 There are 16 ports with no output delay specified. (HIGH)

 There are 0 ports with no output delay but user has a false path constraint

 There are 0 ports with no output delay but with a timing clock defined on it or propagating through it


7. checking multiple_clock
--------------------------
 There are 0 register/latch pins with multiple clocks.


8. checking generated_clocks
----------------------------
 There are 0 generated clocks that are not connected to a clock source.


9. checking loops
-----------------
 There are 0 combinational loops in the design.


10. checking partial_input_delay
--------------------------------
 There are 0 input ports with partial input delay specified.


11. checking partial_output_delay
---------------------------------
 There are 0 ports with partial output delay specified.


12. checking latch_loops
------------------------
 There are 0 combinational latch loops in the design through latch input



------------------------------------------------------------------------------------------------
| Design Timing Summary
| ---------------------
------------------------------------------------------------------------------------------------

    WNS(ns)      TNS(ns)  TNS Failing Endpoints  TNS Total Endpoints      WHS(ns)      THS(ns)  THS Failing Endpoints  THS Total Endpoints     WPWS(ns)     TPWS(ns)  TPWS Failing Endpoints  TPWS Total Endpoints  
    -------      -------  ---------------------  -------------------      -------      -------  ---------------------  -------------------     --------     --------  ----------------------  --------------------  
      4.824        0.000                      0                   16        1.170        0.000                      0                   16        4.500        0.000                       0                   272  


All user specified timing constraints are met.


------------------------------------------------------------------------------------------------
| Clock Summary
| -------------
------------------------------------------------------------------------------------------------

Clock  Waveform(ns)       Period(ns)      Frequency(MHz)
-----  ------------       ----------      --------------
clk    {0.000 5.000}      10.000          100.000         


------------------------------------------------------------------------------------------------
| Intra Clock Table
| -----------------
------------------------------------------------------------------------------------------------

Clock             WNS(ns)      TNS(ns)  TNS Failing Endpoints  TNS Total Endpoints      WHS(ns)      THS(ns)  THS Failing Endpoints  THS Total Endpoints     WPWS(ns)     TPWS(ns)  TPWS Failing Endpoints  TPWS Total Endpoints  
-----             -------      -------  ---------------------  -------------------      -------      -------  ---------------------  -------------------     --------     --------  ----------------------  --------------------  
clk                 4.824        0.000                      0                   16        1.170        0.000                      0                   16        4.500        0.000                       0                   272  


------------------------------------------------------------------------------------------------
| Inter Clock Table
| -----------------
------------------------------------------------------------------------------------------------

From Clock    To Clock          WNS(ns)      TNS(ns)  TNS Failing Endpoints  TNS Total Endpoints      WHS(ns)      THS(ns)  THS Failing Endpoints  THS Total Endpoints  
----------    --------          -------      -------  ---------------------  -------------------      -------      -------  ---------------------  -------------------  


------------------------------------------------------------------------------------------------
| Other Path Groups Table
| -----------------------
------------------------------------------------------------------------------------------------

Path Group    From Clock    To Clock          WNS(ns)      TNS(ns)  TNS Failing Endpoints  TNS Total Endpoints      WHS(ns)      THS(ns)  THS Failing Endpoints  THS Total Endpoints  
----------    ----------    --------          -------      -------  ---------------------  -------------------      -------      -------  ---------------------  -------------------  


------------------------------------------------------------------------------------------------
| Timing Details
| --------------
------------------------------------------------------------------------------------------------


---------------------------------------------------------------------------------------------------
From Clock:  clk
  To Clock:  clk

Setup :            0  Failing Endpoints,  Worst Slack        4.824ns,  Total Violation        0.000ns
Hold  :            0  Failing Endpoints,  Worst Slack        1.170ns,  Total Violation        0.000ns
PW    :            0  Failing Endpoints,  Worst Slack        4.500ns,  Total Violation        0.000ns
---------------------------------------------------------------------------------------------------


Max Delay Paths
--------------------------------------------------------------------------------------
Slack (MET) :             4.824ns  (required time - arrival time)
  Source:                 ff1_reg[1]/C
                            (rising edge-triggered cell FDRE clocked by clk  {rise@0.000ns fall@5.000ns period=10.000ns})
  Destination:            data_out_reg[15]/D
                            (rising edge-triggered cell FDRE clocked by clk  {rise@0.000ns fall@5.000ns period=10.000ns})
  Path Group:             clk
  Path Type:              Setup (Max at Slow Process Corner)
  Requirement:            10.000ns  (clk rise@10.000ns - clk rise@0.000ns)
  Data Path Delay:        5.199ns  (logic 3.629ns (69.802%)  route 1.570ns (30.198%))
  Logic Levels:           11  (CARRY4=7 LUT2=4)
  Clock Path Skew:        -0.035ns (DCD - SCD + CPR)
    Destination Clock Delay (DCD):    0.669ns = ( 10.669 - 10.000 ) 
    Source Clock Delay      (SCD):    0.704ns
    Clock Pessimism Removal (CPR):    0.000ns
  Clock Uncertainty:      0.035ns  ((TSJ^2 + TIJ^2)^1/2 + DJ) / 2 + PE
    Total System Jitter     (TSJ):    0.071ns
    Total Input Jitter      (TIJ):    0.000ns
    Discrete Jitter          (DJ):    0.000ns
    Phase Error              (PE):    0.000ns

    Location             Delay type                Incr(ns)  Path(ns)    Netlist Resource(s)
  -------------------------------------------------------------------    -------------------
                         (clock clk rise edge)        0.000     0.000 r  
                                                      0.000     0.000 r  clk (IN)
                         net (fo=271, unset)          0.704     0.704    clk
                         FDRE                                         r  ff1_reg[1]/C
  -------------------------------------------------------------------    -------------------
                         FDRE (Prop_fdre_C_Q)         0.393     1.097 r  ff1_reg[1]/Q
                         net (fo=2, unplaced)         0.318     1.415    Add_u61/Q[1]
                         LUT2 (Prop_lut2_I0_O)        0.199     1.614 r  Add_u61/data_out[3]_i_26/O
                         net (fo=1, unplaced)         0.000     1.614    Add_u61/data_out[3]_i_26_n_0
                         CARRY4 (Prop_carry4_S[1]_CO[3])
                                                      0.402     2.016 r  Add_u61/data_out_reg[3]_i_13/CO[3]
                         net (fo=1, unplaced)         0.007     2.023    Add_u61/data_out_reg[3]_i_13_n_0
                         CARRY4 (Prop_carry4_CI_O[1])
                                                      0.234     2.257 r  Add_u61/data_out_reg[7]_i_13/O[1]
                         net (fo=2, unplaced)         0.415     2.672    Add_u61/data_out_reg[7]_i_13_n_6
                         LUT2 (Prop_lut2_I0_O)        0.216     2.888 r  Add_u61/data_out[7]_i_16/O
                         net (fo=1, unplaced)         0.000     2.888    Add_u61/data_out[7]_i_16_n_0
                         CARRY4 (Prop_carry4_S[1]_CO[3])
                                                      0.402     3.290 r  Add_u61/data_out_reg[7]_i_7/CO[3]
                         net (fo=1, unplaced)         0.000     3.290    Add_u61/data_out_reg[7]_i_7_n_0
                         CARRY4 (Prop_carry4_CI_O[1])
                                                      0.234     3.524 r  Add_u61/data_out_reg[11]_i_7/O[1]
                         net (fo=2, unplaced)         0.415     3.939    Add_u61/data_out_reg[11]_i_7_n_6
                         LUT2 (Prop_lut2_I0_O)        0.216     4.155 r  Add_u61/data_out[11]_i_10/O
                         net (fo=1, unplaced)         0.000     4.155    Add_u61/data_out[11]_i_10_n_0
                         CARRY4 (Prop_carry4_S[1]_CO[3])
                                                      0.402     4.557 r  Add_u61/data_out_reg[11]_i_2/CO[3]
                         net (fo=1, unplaced)         0.000     4.557    Add_u61/data_out_reg[11]_i_2_n_0
                         CARRY4 (Prop_carry4_CI_O[1])
                                                      0.234     4.791 r  Add_u61/data_out_reg[15]_i_3/O[1]
                         net (fo=2, unplaced)         0.415     5.206    Add_u61/a[13]
                         LUT2 (Prop_lut2_I0_O)        0.216     5.422 r  Add_u61/data_out[15]_i_6/O
                         net (fo=1, unplaced)         0.000     5.422    Add_u61/data_out[15]_i_6_n_0
                         CARRY4 (Prop_carry4_S[1]_O[3])
                                                      0.481     5.903 r  Add_u61/data_out_reg[15]_i_2/O[3]
                         net (fo=1, unplaced)         0.000     5.903    tmp61[15]
                         FDRE                                         r  data_out_reg[15]/D
  -------------------------------------------------------------------    -------------------

                         (clock clk rise edge)       10.000    10.000 r  
                                                      0.000    10.000 r  clk (IN)
                         net (fo=271, unset)          0.669    10.669    clk
                         FDRE                                         r  data_out_reg[15]/C
                         clock pessimism              0.000    10.669    
                         clock uncertainty           -0.035    10.633    
                         FDRE (Setup_fdre_C_D)        0.094    10.727    data_out_reg[15]
  -------------------------------------------------------------------
                         required time                         10.727    
                         arrival time                          -5.903    
  -------------------------------------------------------------------
                         slack                                  4.824    





Min Delay Paths
--------------------------------------------------------------------------------------
Slack (MET) :             1.170ns  (arrival time - required time)
  Source:                 ff29_reg[12]/C
                            (rising edge-triggered cell FDRE clocked by clk  {rise@0.000ns fall@5.000ns period=10.000ns})
  Destination:            data_out_reg[13]/D
                            (rising edge-triggered cell FDRE clocked by clk  {rise@0.000ns fall@5.000ns period=10.000ns})
  Path Group:             clk
  Path Type:              Hold (Min at Fast Process Corner)
  Requirement:            0.000ns  (clk rise@0.000ns - clk rise@0.000ns)
  Data Path Delay:        1.325ns  (logic 0.831ns (62.710%)  route 0.494ns (37.290%))
  Logic Levels:           7  (CARRY4=4 LUT2=3)
  Clock Path Skew:        0.022ns (DCD - SCD - CPR)
    Destination Clock Delay (DCD):    0.432ns
    Source Clock Delay      (SCD):    0.411ns
    Clock Pessimism Removal (CPR):    -0.000ns

    Location             Delay type                Incr(ns)  Path(ns)    Netlist Resource(s)
  -------------------------------------------------------------------    -------------------
                         (clock clk rise edge)        0.000     0.000 r  
                                                      0.000     0.000 r  clk (IN)
                         net (fo=271, unset)          0.411     0.411    clk
                         FDRE                                         r  ff29_reg[12]/C
  -------------------------------------------------------------------    -------------------
                         FDRE (Prop_fdre_C_Q)         0.164     0.575 r  ff29_reg[12]/Q
                         net (fo=2, unplaced)         0.134     0.708    Add_u61/data_out_reg[15]_i_72_0[12]
                         CARRY4 (Prop_carry4_DI[0]_O[1])
                                                      0.145     0.853 r  Add_u61/data_out_reg[15]_i_72/O[1]
                         net (fo=1, unplaced)         0.120     0.974    Add_u61/data_out_reg[15]_i_72_n_6
                         LUT2 (Prop_lut2_I1_O)        0.108     1.082 r  Add_u61/data_out[15]_i_58/O
                         net (fo=1, unplaced)         0.000     1.082    Add_u61/data_out[15]_i_58_n_0
                         CARRY4 (Prop_carry4_S[1]_O[1])
                                                      0.066     1.148 r  Add_u61/data_out_reg[15]_i_40/O[1]
                         net (fo=1, unplaced)         0.120     1.268    Add_u61/data_out_reg[15]_i_40_n_6
                         LUT2 (Prop_lut2_I1_O)        0.108     1.376 r  Add_u61/data_out[15]_i_23/O
                         net (fo=1, unplaced)         0.000     1.376    Add_u61/data_out[15]_i_23_n_0
                         CARRY4 (Prop_carry4_S[1]_O[1])
                                                      0.066     1.442 r  Add_u61/data_out_reg[15]_i_13/O[1]
                         net (fo=1, unplaced)         0.120     1.562    Add_u61/data_out_reg[15]_i_13_n_6
                         LUT2 (Prop_lut2_I1_O)        0.108     1.670 r  Add_u61/data_out[15]_i_6/O
                         net (fo=1, unplaced)         0.000     1.670    Add_u61/data_out[15]_i_6_n_0
                         CARRY4 (Prop_carry4_S[1]_O[1])
                                                      0.066     1.736 r  Add_u61/data_out_reg[15]_i_2/O[1]
                         net (fo=1, unplaced)         0.000     1.736    tmp61[13]
                         FDRE                                         r  data_out_reg[13]/D
  -------------------------------------------------------------------    -------------------

                         (clock clk rise edge)        0.000     0.000 r  
                                                      0.000     0.000 r  clk (IN)
                         net (fo=271, unset)          0.432     0.432    clk
                         FDRE                                         r  data_out_reg[13]/C
                         clock pessimism              0.000     0.432    
                         FDRE (Hold_fdre_C_D)         0.134     0.566    data_out_reg[13]
  -------------------------------------------------------------------
                         required time                         -0.566    
                         arrival time                           1.736    
  -------------------------------------------------------------------
                         slack                                  1.170    





Pulse Width Checks
--------------------------------------------------------------------------------------
Clock Name:         clk
Waveform(ns):       { 0.000 5.000 }
Period(ns):         10.000
Sources:            { clk }

Check Type        Corner  Lib Pin  Reference Pin  Required(ns)  Actual(ns)  Slack(ns)  Location  Pin
Min Period        n/a     FDRE/C   n/a            1.000         10.000      9.000                data_out_reg[14]/C
Low Pulse Width   Slow    FDRE/C   n/a            0.500         5.000       4.500                data_out_reg[14]/C
High Pulse Width  Slow    FDRE/C   n/a            0.500         5.000       4.500                data_out_reg[14]/C



