Copyright 1986-2018 Xilinx, Inc. All Rights Reserved.
-----------------------------------------------------------------------------------------------------------------------------------------------------------------------------------------
| Tool Version : Vivado v.2018.3 (lin64) Build 2405991 Thu Dec  6 23:36:41 MST 2018
| Date         : Wed Jan 12 22:31:48 2022
| Host         : koopa.ece.utexas.edu running 64-bit CentOS Linux release 7.9.2009 (Core)
| Command      : report_timing_summary -file /misc/scratch/zwei1/reports_Jan12/raw_designs/vtr_designs/verilog/koios/attention_layer_submodules/vecmat_add/post_place_timing_summary.rpt
| Design       : vecmat_add
| Device       : 7z020-clg484
| Speed File   : -3  PRODUCTION 1.11 2014-09-11
-----------------------------------------------------------------------------------------------------------------------------------------------------------------------------------------

Timing Summary Report

------------------------------------------------------------------------------------------------
| Timer Settings
| --------------
------------------------------------------------------------------------------------------------

  Enable Multi Corner Analysis               :  Yes
  Enable Pessimism Removal                   :  Yes
  Pessimism Removal Resolution               :  Nearest Common Node
  Enable Input Delay Default Clock           :  No
  Enable Preset / Clear Arcs                 :  No
  Disable Flight Delays                      :  No
  Ignore I/O Paths                           :  No
  Timing Early Launch at Borrowing Latches   :  false

  Corner  Analyze    Analyze    
  Name    Max Paths  Min Paths  
  ------  ---------  ---------  
  Slow    Yes        Yes        
  Fast    Yes        Yes        



check_timing report

Table of Contents
-----------------
1. checking no_clock
2. checking constant_clock
3. checking pulse_width_clock
4. checking unconstrained_internal_endpoints
5. checking no_input_delay
6. checking no_output_delay
7. checking multiple_clock
8. checking generated_clocks
9. checking loops
10. checking partial_input_delay
11. checking partial_output_delay
12. checking latch_loops

1. checking no_clock
--------------------
 There are 0 register/latch pins with no clock.


2. checking constant_clock
--------------------------
 There are 0 register/latch pins with constant_clock.


3. checking pulse_width_clock
-----------------------------
 There are 0 register/latch pins which need pulse_width check


4. checking unconstrained_internal_endpoints
--------------------------------------------
 There are 0 pins that are not constrained for maximum delay.

 There are 0 pins that are not constrained for maximum delay due to constant clock.


5. checking no_input_delay
--------------------------
 There are 1025 input ports with no input delay specified. (HIGH)

 There are 0 input ports with no input delay but user has a false path constraint.


6. checking no_output_delay
---------------------------
 There are 16 ports with no output delay specified. (HIGH)

 There are 0 ports with no output delay but user has a false path constraint

 There are 0 ports with no output delay but with a timing clock defined on it or propagating through it


7. checking multiple_clock
--------------------------
 There are 0 register/latch pins with multiple clocks.


8. checking generated_clocks
----------------------------
 There are 0 generated clocks that are not connected to a clock source.


9. checking loops
-----------------
 There are 0 combinational loops in the design.


10. checking partial_input_delay
--------------------------------
 There are 0 input ports with partial input delay specified.


11. checking partial_output_delay
---------------------------------
 There are 0 ports with partial output delay specified.


12. checking latch_loops
------------------------
 There are 0 combinational latch loops in the design through latch input



------------------------------------------------------------------------------------------------
| Design Timing Summary
| ---------------------
------------------------------------------------------------------------------------------------

    WNS(ns)      TNS(ns)  TNS Failing Endpoints  TNS Total Endpoints      WHS(ns)      THS(ns)  THS Failing Endpoints  THS Total Endpoints     WPWS(ns)     TPWS(ns)  TPWS Failing Endpoints  TPWS Total Endpoints  
    -------      -------  ---------------------  -------------------      -------      -------  ---------------------  -------------------     --------     --------  ----------------------  --------------------  
      4.698        0.000                      0                   16        1.291        0.000                      0                   16        4.500        0.000                       0                   272  


All user specified timing constraints are met.


------------------------------------------------------------------------------------------------
| Clock Summary
| -------------
------------------------------------------------------------------------------------------------

Clock  Waveform(ns)       Period(ns)      Frequency(MHz)
-----  ------------       ----------      --------------
clk    {0.000 5.000}      10.000          100.000         


------------------------------------------------------------------------------------------------
| Intra Clock Table
| -----------------
------------------------------------------------------------------------------------------------

Clock             WNS(ns)      TNS(ns)  TNS Failing Endpoints  TNS Total Endpoints      WHS(ns)      THS(ns)  THS Failing Endpoints  THS Total Endpoints     WPWS(ns)     TPWS(ns)  TPWS Failing Endpoints  TPWS Total Endpoints  
-----             -------      -------  ---------------------  -------------------      -------      -------  ---------------------  -------------------     --------     --------  ----------------------  --------------------  
clk                 4.698        0.000                      0                   16        1.291        0.000                      0                   16        4.500        0.000                       0                   272  


------------------------------------------------------------------------------------------------
| Inter Clock Table
| -----------------
------------------------------------------------------------------------------------------------

From Clock    To Clock          WNS(ns)      TNS(ns)  TNS Failing Endpoints  TNS Total Endpoints      WHS(ns)      THS(ns)  THS Failing Endpoints  THS Total Endpoints  
----------    --------          -------      -------  ---------------------  -------------------      -------      -------  ---------------------  -------------------  


------------------------------------------------------------------------------------------------
| Other Path Groups Table
| -----------------------
------------------------------------------------------------------------------------------------

Path Group    From Clock    To Clock          WNS(ns)      TNS(ns)  TNS Failing Endpoints  TNS Total Endpoints      WHS(ns)      THS(ns)  THS Failing Endpoints  THS Total Endpoints  
----------    ----------    --------          -------      -------  ---------------------  -------------------      -------      -------  ---------------------  -------------------  


------------------------------------------------------------------------------------------------
| Timing Details
| --------------
------------------------------------------------------------------------------------------------


---------------------------------------------------------------------------------------------------
From Clock:  clk
  To Clock:  clk

Setup :            0  Failing Endpoints,  Worst Slack        4.698ns,  Total Violation        0.000ns
Hold  :            0  Failing Endpoints,  Worst Slack        1.291ns,  Total Violation        0.000ns
PW    :            0  Failing Endpoints,  Worst Slack        4.500ns,  Total Violation        0.000ns
---------------------------------------------------------------------------------------------------


Max Delay Paths
--------------------------------------------------------------------------------------
Slack (MET) :             4.698ns  (required time - arrival time)
  Source:                 ff21_reg[1]/C
                            (rising edge-triggered cell FDRE clocked by clk  {rise@0.000ns fall@5.000ns period=10.000ns})
  Destination:            data_out_reg[15]/D
                            (rising edge-triggered cell FDRE clocked by clk  {rise@0.000ns fall@5.000ns period=10.000ns})
  Path Group:             clk
  Path Type:              Setup (Max at Slow Process Corner)
  Requirement:            10.000ns  (clk rise@10.000ns - clk rise@0.000ns)
  Data Path Delay:        5.325ns  (logic 3.572ns (67.080%)  route 1.753ns (32.920%))
  Logic Levels:           11  (CARRY4=7 LUT2=4)
  Clock Path Skew:        -0.035ns (DCD - SCD + CPR)
    Destination Clock Delay (DCD):    0.669ns = ( 10.669 - 10.000 ) 
    Source Clock Delay      (SCD):    0.704ns
    Clock Pessimism Removal (CPR):    0.000ns
  Clock Uncertainty:      0.035ns  ((TSJ^2 + TIJ^2)^1/2 + DJ) / 2 + PE
    Total System Jitter     (TSJ):    0.071ns
    Total Input Jitter      (TIJ):    0.000ns
    Discrete Jitter          (DJ):    0.000ns
    Phase Error              (PE):    0.000ns

    Location             Delay type                Incr(ns)  Path(ns)    Netlist Resource(s)
  -------------------------------------------------------------------    -------------------
                         (clock clk rise edge)        0.000     0.000 r  
                                                      0.000     0.000 r  clk (IN)
                         net (fo=271, unset)          0.704     0.704    clk
    SLICE_X46Y68         FDRE                                         r  ff21_reg[1]/C
  -------------------------------------------------------------------    -------------------
    SLICE_X46Y68         FDRE (Prop_fdre_C_Q)         0.393     1.097 r  ff21_reg[1]/Q
                         net (fo=2, estimated)        0.393     1.490    Add_u61/data_out_reg[15]_i_54_0[1]
    SLICE_X44Y67         LUT2 (Prop_lut2_I0_O)        0.097     1.587 r  Add_u61/data_out[3]_i_65/O
                         net (fo=1, routed)           0.000     1.587    Add_u61/data_out[3]_i_65_n_0
    SLICE_X44Y67         CARRY4 (Prop_carry4_S[1]_CO[3])
                                                      0.412     1.999 r  Add_u61/data_out_reg[3]_i_53/CO[3]
                         net (fo=1, estimated)        0.000     1.999    Add_u61/data_out_reg[3]_i_53_n_0
    SLICE_X44Y68         CARRY4 (Prop_carry4_CI_O[1])
                                                      0.230     2.229 r  Add_u61/data_out_reg[7]_i_53/O[1]
                         net (fo=1, estimated)        0.432     2.661    Add_u61/data_out_reg[7]_i_53_n_6
    SLICE_X39Y70         LUT2 (Prop_lut2_I1_O)        0.225     2.886 r  Add_u61/data_out[7]_i_37/O
                         net (fo=1, routed)           0.000     2.886    Add_u61/data_out[7]_i_37_n_0
    SLICE_X39Y70         CARRY4 (Prop_carry4_S[1]_CO[3])
                                                      0.412     3.298 r  Add_u61/data_out_reg[7]_i_19/CO[3]
                         net (fo=1, estimated)        0.000     3.298    Add_u61/data_out_reg[7]_i_19_n_0
    SLICE_X39Y71         CARRY4 (Prop_carry4_CI_O[1])
                                                      0.230     3.528 r  Add_u61/data_out_reg[11]_i_19/O[1]
                         net (fo=2, estimated)        0.524     4.052    Add_u61/data_out_reg[11]_i_19_n_6
    SLICE_X39Y76         LUT2 (Prop_lut2_I0_O)        0.225     4.277 r  Add_u61/data_out[11]_i_22/O
                         net (fo=1, routed)           0.000     4.277    Add_u61/data_out[11]_i_22_n_0
    SLICE_X39Y76         CARRY4 (Prop_carry4_S[1]_CO[3])
                                                      0.412     4.689 r  Add_u61/data_out_reg[11]_i_12/CO[3]
                         net (fo=1, estimated)        0.000     4.689    Add_u61/data_out_reg[11]_i_12_n_0
    SLICE_X39Y77         CARRY4 (Prop_carry4_CI_O[1])
                                                      0.230     4.919 r  Add_u61/data_out_reg[15]_i_13/O[1]
                         net (fo=1, estimated)        0.404     5.323    Add_u61/data_out_reg[15]_i_13_n_6
    SLICE_X36Y80         LUT2 (Prop_lut2_I1_O)        0.225     5.548 r  Add_u61/data_out[15]_i_6/O
                         net (fo=1, routed)           0.000     5.548    Add_u61/data_out[15]_i_6_n_0
    SLICE_X36Y80         CARRY4 (Prop_carry4_S[1]_O[3])
                                                      0.481     6.029 r  Add_u61/data_out_reg[15]_i_2/O[3]
                         net (fo=1, routed)           0.000     6.029    tmp61[15]
    SLICE_X36Y80         FDRE                                         r  data_out_reg[15]/D
  -------------------------------------------------------------------    -------------------

                         (clock clk rise edge)       10.000    10.000 r  
                                                      0.000    10.000 r  clk (IN)
                         net (fo=271, unset)          0.669    10.669    clk
    SLICE_X36Y80         FDRE                                         r  data_out_reg[15]/C
                         clock pessimism              0.000    10.669    
                         clock uncertainty           -0.035    10.633    
    SLICE_X36Y80         FDRE (Setup_fdre_C_D)        0.094    10.727    data_out_reg[15]
  -------------------------------------------------------------------
                         required time                         10.727    
                         arrival time                          -6.029    
  -------------------------------------------------------------------
                         slack                                  4.698    





Min Delay Paths
--------------------------------------------------------------------------------------
Slack (MET) :             1.291ns  (arrival time - required time)
  Source:                 ff27_reg[9]/C
                            (rising edge-triggered cell FDRE clocked by clk  {rise@0.000ns fall@5.000ns period=10.000ns})
  Destination:            data_out_reg[10]/D
                            (rising edge-triggered cell FDRE clocked by clk  {rise@0.000ns fall@5.000ns period=10.000ns})
  Path Group:             clk
  Path Type:              Hold (Min at Fast Process Corner)
  Requirement:            0.000ns  (clk rise@0.000ns - clk rise@0.000ns)
  Data Path Delay:        1.446ns  (logic 0.808ns (55.868%)  route 0.638ns (44.132%))
  Logic Levels:           7  (CARRY4=4 LUT2=3)
  Clock Path Skew:        0.022ns (DCD - SCD - CPR)
    Destination Clock Delay (DCD):    0.432ns
    Source Clock Delay      (SCD):    0.411ns
    Clock Pessimism Removal (CPR):    -0.000ns

    Location             Delay type                Incr(ns)  Path(ns)    Netlist Resource(s)
  -------------------------------------------------------------------    -------------------
                         (clock clk rise edge)        0.000     0.000 r  
                                                      0.000     0.000 r  clk (IN)
                         net (fo=271, unset)          0.411     0.411    clk
    SLICE_X45Y77         FDRE                                         r  ff27_reg[9]/C
  -------------------------------------------------------------------    -------------------
    SLICE_X45Y77         FDRE (Prop_fdre_C_Q)         0.141     0.552 r  ff27_reg[9]/Q
                         net (fo=1, estimated)        0.129     0.681    Add_u61/data_out_reg[15]_i_55_1[9]
    SLICE_X42Y76         LUT2 (Prop_lut2_I1_O)        0.045     0.726 r  Add_u61/data_out[11]_i_69/O
                         net (fo=1, routed)           0.000     0.726    Add_u61/data_out[11]_i_69_n_0
    SLICE_X42Y76         CARRY4 (Prop_carry4_S[1]_O[1])
                                                      0.066     0.792 r  Add_u61/data_out_reg[11]_i_54/O[1]
                         net (fo=2, estimated)        0.149     0.940    Add_u61/data_out_reg[11]_i_54_n_6
    SLICE_X43Y76         CARRY4 (Prop_carry4_DI[1]_O[2])
                                                      0.209     1.149 r  Add_u61/data_out_reg[11]_i_39/O[2]
                         net (fo=1, estimated)        0.122     1.271    Add_u61/data_out_reg[11]_i_39_n_5
    SLICE_X39Y76         LUT2 (Prop_lut2_I1_O)        0.108     1.379 r  Add_u61/data_out[11]_i_21/O
                         net (fo=1, routed)           0.000     1.379    Add_u61/data_out[11]_i_21_n_0
    SLICE_X39Y76         CARRY4 (Prop_carry4_S[2]_O[2])
                                                      0.066     1.445 r  Add_u61/data_out_reg[11]_i_12/O[2]
                         net (fo=1, estimated)        0.239     1.684    Add_u61/data_out_reg[11]_i_12_n_5
    SLICE_X36Y79         LUT2 (Prop_lut2_I1_O)        0.108     1.792 r  Add_u61/data_out[11]_i_4/O
                         net (fo=1, routed)           0.000     1.792    Add_u61/data_out[11]_i_4_n_0
    SLICE_X36Y79         CARRY4 (Prop_carry4_S[2]_O[2])
                                                      0.065     1.857 r  Add_u61/data_out_reg[11]_i_1/O[2]
                         net (fo=1, routed)           0.000     1.857    tmp61[10]
    SLICE_X36Y79         FDRE                                         r  data_out_reg[10]/D
  -------------------------------------------------------------------    -------------------

                         (clock clk rise edge)        0.000     0.000 r  
                                                      0.000     0.000 r  clk (IN)
                         net (fo=271, unset)          0.432     0.432    clk
    SLICE_X36Y79         FDRE                                         r  data_out_reg[10]/C
                         clock pessimism              0.000     0.432    
    SLICE_X36Y79         FDRE (Hold_fdre_C_D)         0.134     0.566    data_out_reg[10]
  -------------------------------------------------------------------
                         required time                         -0.566    
                         arrival time                           1.857    
  -------------------------------------------------------------------
                         slack                                  1.291    





Pulse Width Checks
--------------------------------------------------------------------------------------
Clock Name:         clk
Waveform(ns):       { 0.000 5.000 }
Period(ns):         10.000
Sources:            { clk }

Check Type        Corner  Lib Pin  Reference Pin  Required(ns)  Actual(ns)  Slack(ns)  Location      Pin
Min Period        n/a     FDRE/C   n/a            1.000         10.000      9.000      SLICE_X36Y80  data_out_reg[14]/C
Low Pulse Width   Slow    FDRE/C   n/a            0.500         5.000       4.500      SLICE_X36Y80  data_out_reg[14]/C
High Pulse Width  Slow    FDRE/C   n/a            0.500         5.000       4.500      SLICE_X36Y80  data_out_reg[14]/C



