Copyright 1986-2018 Xilinx, Inc. All Rights Reserved.
------------------------------------------------------------------------------------------------------------------------------------------------------------------------------------------------------------------------------------------------------
| Tool Version : Vivado v.2018.3 (lin64) Build 2405991 Thu Dec  6 23:36:41 MST 2018
| Date         : Thu Jan 13 07:39:38 2022
| Host         : koopa.ece.utexas.edu running 64-bit CentOS Linux release 7.9.2009 (Core)
| Command      : report_timing -sort_by group -max_paths 100 -path_type summary -file /misc/scratch/zwei1/reports_Jan12/raw_designs/vtr_designs/verilog/koios/tiny_darknet_like.small_submodules/td_fused_top_tdf4_readInputs37/post_route_timing.rpt
| Design       : td_fused_top_tdf4_readInputs37
| Device       : 7z020-clg484
| Speed File   : -3  PRODUCTION 1.11 2014-09-11
------------------------------------------------------------------------------------------------------------------------------------------------------------------------------------------------------------------------------------------------------

Timing Report

Startpoint                     Endpoint                       Slack(ns)     
----------------------------------------------------------------------------
icmp_ln19_reg_1022_reg[0]/C    or_ln23_20_reg_1067_reg[0]/D   3.905         
ap_CS_fsm_reg[2]/C             or_ln23_18_reg_1054_reg[0]/D   5.288         
icmp_ln19_reg_1022_reg[0]/C    is_padding_reg_1015_reg[0]/D   5.475         
ap_CS_fsm_reg[2]/C             select_ln19_reg_1043_reg[1]/CE 5.492         
ap_CS_fsm_reg[2]/C             add_ln20_4_reg_1074_reg[0]/CE  5.609         
ap_CS_fsm_reg[2]/C             add_ln20_4_reg_1074_reg[1]/CE  5.609         
ap_CS_fsm_reg[2]/C             add_ln20_reg_1061_reg[1]/CE    5.609         
ap_CS_fsm_reg[2]/C             select_ln19_reg_1043_reg[0]/CE 5.609         
ap_CS_fsm_reg[2]/C             or_ln23_20_reg_1067_reg[0]/CE  5.681         
ap_CS_fsm_reg[2]/C             add_ln20_4_reg_1074_reg[3]/CE  5.721         
ap_CS_fsm_reg[2]/C             add_ln20_reg_1061_reg[0]/CE    5.721         
ap_CS_fsm_reg[2]/C             add_ln20_4_reg_1074_reg[2]/CE  5.752         
ap_CS_fsm_reg[2]/C             add_ln20_4_reg_1074_reg[4]/CE  5.752         
ap_CS_fsm_reg[2]/C             icmp_ln20_reg_1031_reg[0]/CE   5.752         
ap_CS_fsm_reg[2]/C             or_ln23_18_reg_1054_reg[0]/CE  5.780         
ap_CS_fsm_reg[2]/C             add_ln19_reg_1026_reg[1]/CE    5.782         
ap_CS_fsm_reg[2]/C             p_cast5_i_i_mid1_reg_1048_reg[2]/CE
                                                              5.782         
ap_CS_fsm_reg[2]/C             p_cast5_i_i_mid1_reg_1048_reg[4]/CE
                                                              5.782         
ap_CS_fsm_reg[2]/C             p_cast5_i_i_mid1_reg_1048_reg[5]/CE
                                                              5.782         
ap_CS_fsm_reg[3]/C             select_ln20_17_reg_1103_reg[0]/D
                                                              5.877         
icmp_ln19_reg_1022_reg[0]/C    add_ln20_reg_1061_reg[1]/D     5.965         
ap_CS_fsm_reg[2]/C             add_ln19_reg_1026_reg[0]/CE    5.985         
ap_CS_fsm_reg[2]/C             p_cast5_i_i_mid1_reg_1048_reg[0]/CE
                                                              5.985         
ap_CS_fsm_reg[2]/C             p_cast5_i_i_mid1_reg_1048_reg[1]/CE
                                                              5.985         
ap_CS_fsm_reg[2]/C             p_cast5_i_i_mid1_reg_1048_reg[3]/CE
                                                              5.985         
ap_CS_fsm_reg[3]/C             select_ln20_16_reg_1097_reg[0]/D
                                                              6.102         
ap_CS_fsm_reg[3]/C             select_ln20_16_reg_1097_reg[1]/D
                                                              6.128         
icmp_ln19_reg_1022_reg[0]/C    select_ln19_reg_1043_reg[0]/D  6.244         
empty_reg_974_reg[1]/C         or_ln23_16_reg_999_reg[0]/D    6.318         
ap_CS_fsm_reg[2]/C             icmp_ln19_reg_1022_reg[0]/D    6.395         
icmp_ln19_reg_1022_reg[0]/C    add_ln20_reg_1061_reg[0]/D     6.439         
icmp_ln19_reg_1022_reg[0]/C    select_ln19_reg_1043_reg[1]/D  6.568         
ap_CS_fsm_reg[3]/C             select_ln20_reg_1091_reg[2]/D  6.582         
ap_CS_fsm_reg[3]/C             select_ln20_reg_1091_reg[3]/D  6.593         
ap_CS_fsm_reg[3]/C             select_ln20_reg_1091_reg[4]/D  6.614         
icmp_ln19_reg_1022_reg[0]/C    add_ln20_4_reg_1074_reg[4]/D   6.848         
icmp_ln19_reg_1022_reg[0]/C    icmp_ln20_reg_1031_reg[0]/D    6.886         
ap_CS_fsm_reg[2]/C             select_ln33_17_reg_1145_reg[13]/R
                                                              6.997         
ap_CS_fsm_reg[2]/C             select_ln33_17_reg_1145_reg[14]/R
                                                              6.997         
ap_CS_fsm_reg[2]/C             select_ln33_17_reg_1145_reg[2]/R
                                                              6.997         
ap_CS_fsm_reg[2]/C             select_ln33_18_reg_1150_reg[2]/R
                                                              6.997         
ap_CS_fsm_reg[2]/C             select_ln33_17_reg_1145_reg[8]/R
                                                              7.056         
ap_CS_fsm_reg[2]/C             select_ln33_17_reg_1145_reg[9]/R
                                                              7.056         
ap_CS_fsm_reg[2]/C             select_ln33_18_reg_1150_reg[4]/R
                                                              7.056         
ap_CS_fsm_reg[2]/C             select_ln33_18_reg_1150_reg[6]/R
                                                              7.056         
ap_CS_fsm_reg[2]/C             select_ln33_18_reg_1150_reg[11]/CE
                                                              7.084         
ap_CS_fsm_reg[2]/C             select_ln33_18_reg_1150_reg[13]/CE
                                                              7.084         
ap_CS_fsm_reg[2]/C             select_ln33_18_reg_1150_reg[11]/R
                                                              7.093         
ap_CS_fsm_reg[2]/C             select_ln33_18_reg_1150_reg[13]/R
                                                              7.093         
ap_CS_fsm_reg[2]/C             add_ln20_4_reg_1074_reg[1]/D   7.115         
ap_CS_fsm_reg[2]/C             select_ln33_17_reg_1145_reg[10]/R
                                                              7.155         
ap_CS_fsm_reg[2]/C             select_ln33_18_reg_1150_reg[10]/R
                                                              7.155         
ap_CS_fsm_reg[2]/C             select_ln33_18_reg_1150_reg[14]/R
                                                              7.155         
ap_CS_fsm_reg[2]/C             select_ln33_18_reg_1150_reg[7]/R
                                                              7.155         
ap_CS_fsm_reg[2]/C             select_ln33_17_reg_1145_reg[13]/CE
                                                              7.184         
ap_CS_fsm_reg[2]/C             select_ln33_17_reg_1145_reg[14]/CE
                                                              7.184         
ap_CS_fsm_reg[2]/C             select_ln33_17_reg_1145_reg[2]/CE
                                                              7.184         
ap_CS_fsm_reg[2]/C             select_ln33_18_reg_1150_reg[2]/CE
                                                              7.184         
icmp_ln19_reg_1022_reg[0]/C    p_cast5_i_i_mid1_reg_1048_reg[5]/D
                                                              7.204         
ap_CS_fsm_reg[2]/C             select_ln33_17_reg_1145_reg[12]/CE
                                                              7.213         
ap_CS_fsm_reg[2]/C             select_ln33_18_reg_1150_reg[12]/CE
                                                              7.213         
ap_CS_fsm_reg[2]/C             select_ln33_18_reg_1150_reg[3]/CE
                                                              7.213         
ap_CS_fsm_reg[2]/C             select_ln33_18_reg_1150_reg[5]/CE
                                                              7.213         
ap_CS_fsm_reg[2]/C             select_ln33_17_reg_1145_reg[0]/R
                                                              7.215         
ap_CS_fsm_reg[2]/C             select_ln33_17_reg_1145_reg[3]/R
                                                              7.215         
ap_CS_fsm_reg[2]/C             select_ln33_17_reg_1145_reg[6]/R
                                                              7.215         
ap_CS_fsm_reg[2]/C             select_ln33_18_reg_1150_reg[8]/R
                                                              7.215         
ap_CS_fsm_reg[2]/C             select_ln33_17_reg_1145_reg[5]/R
                                                              7.251         
ap_CS_fsm_reg[2]/C             select_ln33_18_reg_1150_reg[15]/R
                                                              7.251         
icmp_ln19_reg_1022_reg[0]/C    select_ln20_20_reg_1123_reg[0]/S
                                                              7.272         
ap_CS_fsm_reg[2]/C             add_ln20_4_reg_1074_reg[3]/D   7.276         
icmp_ln19_reg_1022_reg[0]/C    select_ln20_20_reg_1123_reg[1]/R
                                                              7.277         
icmp_ln19_reg_1022_reg[0]/C    select_ln20_20_reg_1123_reg[2]/R
                                                              7.277         
icmp_ln19_reg_1022_reg[0]/C    select_ln20_20_reg_1123_reg[3]/R
                                                              7.277         
icmp_ln19_reg_1022_reg[0]/C    select_ln20_20_reg_1123_reg[4]/R
                                                              7.277         
ap_CS_fsm_reg[3]/C             add_ln33_4_reg_1140_reg[4]/CE  7.291         
ap_CS_fsm_reg[3]/C             add_ln33_4_reg_1140_reg[5]/CE  7.291         
ap_CS_fsm_reg[3]/C             add_ln33_4_reg_1140_reg[6]/CE  7.291         
ap_CS_fsm_reg[3]/C             add_ln33_4_reg_1140_reg[7]/CE  7.291         
ap_CS_fsm_reg[3]/C             add_ln33_reg_1133_reg[0]/CE    7.291         
ap_CS_fsm_reg[3]/C             add_ln33_reg_1133_reg[1]/CE    7.291         
icmp_ln19_reg_1022_reg[0]/C    add_ln20_4_reg_1074_reg[2]/D   7.310         
ap_CS_fsm_reg[2]/C             select_ln33_17_reg_1145_reg[0]/CE
                                                              7.312         
ap_CS_fsm_reg[2]/C             select_ln33_17_reg_1145_reg[3]/CE
                                                              7.312         
ap_CS_fsm_reg[2]/C             select_ln33_17_reg_1145_reg[6]/CE
                                                              7.312         
ap_CS_fsm_reg[2]/C             select_ln33_18_reg_1150_reg[8]/CE
                                                              7.312         
ap_CS_fsm_reg[2]/C             select_ln33_17_reg_1145_reg[12]/R
                                                              7.315         
ap_CS_fsm_reg[2]/C             select_ln33_18_reg_1150_reg[12]/R
                                                              7.315         
ap_CS_fsm_reg[2]/C             select_ln33_18_reg_1150_reg[3]/R
                                                              7.315         
ap_CS_fsm_reg[2]/C             select_ln33_18_reg_1150_reg[5]/R
                                                              7.315         
ap_CS_fsm_reg[2]/C             select_ln33_17_reg_1145_reg[11]/R
                                                              7.323         
ap_CS_fsm_reg[2]/C             select_ln33_18_reg_1150_reg[0]/R
                                                              7.323         
ap_CS_fsm_reg[2]/C             select_ln33_18_reg_1150_reg[1]/R
                                                              7.323         
ap_CS_fsm_reg[2]/C             select_ln33_18_reg_1150_reg[9]/R
                                                              7.323         
ap_CS_fsm_reg[2]/C             select_ln33_17_reg_1145_reg[15]/R
                                                              7.332         
ap_CS_fsm_reg[2]/C             select_ln33_17_reg_1145_reg[1]/R
                                                              7.332         
ap_CS_fsm_reg[2]/C             select_ln33_17_reg_1145_reg[4]/R
                                                              7.332         
ap_CS_fsm_reg[2]/C             select_ln33_17_reg_1145_reg[7]/R
                                                              7.332         
icmp_ln19_reg_1022_reg[0]/C    select_ln20_20_reg_1123_reg[1]/CE
                                                              7.354         
icmp_ln19_reg_1022_reg[0]/C    select_ln20_20_reg_1123_reg[2]/CE
                                                              7.354         



