Copyright 1986-2018 Xilinx, Inc. All Rights Reserved.
--------------------------------------------------------------------------------------------------------------------------------------------------------------------------------------------------------
| Tool Version : Vivado v.2018.3 (lin64) Build 2405991 Thu Dec  6 23:36:41 MST 2018
| Date         : Thu Jan 13 16:56:40 2022
| Host         : koopa.ece.utexas.edu running 64-bit CentOS Linux release 7.9.2009 (Core)
| Command      : report_timing -sort_by group -max_paths 100 -path_type summary -file /misc/scratch/zwei1/reports_Jan12/raw_designs/vtr_designs/verilog/mcml_submodules/Reflector/post_route_timing.rpt
| Design       : Reflector
| Device       : 7z020-clg484
| Speed File   : -3  PRODUCTION 1.11 2014-09-11
--------------------------------------------------------------------------------------------------------------------------------------------------------------------------------------------------------

Timing Report

Startpoint                     Endpoint                       Slack(ns)     
----------------------------------------------------------------------------
pipeReg37/o_uz2_reg[7]/C       uz_reflector_reg[22]/D         6.683         
pipeReg37/o_uz2_reg[7]/C       uz_reflector_reg[31]/D         6.739         
pipeReg37/o_uz2_reg[7]/C       uz_reflector_reg[19]/D         6.824         
pipeReg37/o_uz2_reg[7]/C       uz_reflector_reg[27]/D         6.855         
pipeReg37/o_uz2_reg[7]/C       uz_reflector_reg[30]/D         6.874         
pipeReg37/o_uz2_reg[7]/C       uz_reflector_reg[25]/D         6.923         
pipeReg37/o_uz2_reg[7]/C       uz_reflector_reg[29]/D         6.932         
pipeReg37/o_uz2_reg[7]/C       uz_reflector_reg[26]/D         6.951         
pipeReg37/o_uz2_reg[7]/C       uz_reflector_reg[28]/D         6.974         
pipeReg37/o_uz2_reg[7]/C       uz_reflector_reg[18]/D         6.981         
pipeReg37/o_uz2_reg[7]/C       uz_reflector_reg[24]/D         7.024         
pipeReg37/o_uz2_reg[7]/C       uz_reflector_reg[23]/D         7.041         
pipeReg37/o_uz2_reg[7]/C       uz_reflector_reg[14]/D         7.107         
pipeReg37/o_uz2_reg[7]/C       uz_reflector_reg[20]/D         7.152         
pipeReg37/o_uz2_reg[7]/C       uz_reflector_reg[12]/D         7.207         
pipeReg37/o_uz2_reg[7]/C       uz_reflector_reg[15]/D         7.219         
pipeReg37/o_uz2_reg[7]/C       uz_reflector_reg[21]/D         7.230         
pipeReg37/o_uz2_reg[7]/C       uz_reflector_reg[11]/D         7.233         
pipeReg37/o_uz2_reg[7]/C       uz_reflector_reg[10]/D         7.237         
pipeReg37/o_uz2_reg[7]/C       uz_reflector_reg[17]/D         7.241         
pipeReg37/o_uz2_reg[7]/C       uz_reflector_reg[9]/D          7.273         
pipeReg37/o_uz2_reg[7]/C       uz_reflector_reg[16]/D         7.292         
pipeReg37/o_uz2_reg[7]/C       uz_reflector_reg[13]/D         7.382         
pipeReg37/o_uz2_reg[0]/C       uz_reflector_reg[6]/D          7.393         
pipeReg37/o_uz2_reg[0]/C       uz_reflector_reg[3]/D          7.460         
pipeReg37/o_uz2_reg[0]/C       uz_reflector_reg[8]/D          7.554         
pipeReg37/o_uz2_reg[0]/C       uz_reflector_reg[2]/D          7.601         
pipeReg37/o_uz2_reg[0]/C       uz_reflector_reg[7]/D          7.678         
pipeReg37/o_uz2_reg[0]/C       uz_reflector_reg[5]/D          7.691         
pipeReg37/o_uz2_reg[0]/C       uz_reflector_reg[4]/D          7.800         
pipeReg37/o_uz2_reg[0]/C       uz_reflector_reg[1]/D          7.951         
pipeReg36/o_uz2_reg_s/C        pipeReg37/o_uz2_reg[24]/D      8.236         
pipeReg36/o_uz2_reg_s/C        pipeReg37/o_uz2_reg[4]/D       8.254         
pipeReg36/o_uz2_reg_s/C        pipeReg37/o_uz2_reg[29]/D      8.373         
pipeReg36/o_uz2_reg_s/C        pipeReg37/o_uz2_reg[26]/D      8.375         
pipeReg36/o_uz2_reg_s/C        pipeReg37/o_uz2_reg[2]/D       8.407         
pipeReg36/o_uz2_reg_s/C        pipeReg37/o_uz2_reg[30]/D      8.407         
pipeReg36/o_uz2_reg_s/C        pipeReg37/o_uz2_reg[21]/D      8.427         
pipeReg36/o_uz2_reg_s/C        pipeReg37/o_uz2_reg[7]/D       8.453         
pipeReg36/o_uz2_reg_s/C        pipeReg37/o_uz2_reg[19]/D      8.477         
pipeReg36/o_uz2_reg_s/C        pipeReg37/o_uz2_reg[9]/D       8.491         
pipeReg36/o_uz2_reg_s/C        pipeReg37/o_uz2_reg[10]/D      8.584         
pipeReg36/o_uz2_reg_s/C        pipeReg37/o_uz2_reg[18]/D      8.607         
pipeReg36/o_uz2_reg[14]_pipeReg36_o_uz2_reg_s/C
                               pipeReg37/o_uz2_reg[14]/D      8.620         
pipeReg36/o_uz2_reg_s/C        pipeReg37/o_uz2_reg[12]/D      8.655         
pipeReg36/o_uz2_reg_s/C        pipeReg37/o_uz2_reg[20]/D      8.658         
pipeReg36/o_uz2_reg_s/C        pipeReg37/o_uz2_reg[13]/D      8.683         
pipeReg36/o_uz2_reg_s/C        pipeReg37/o_uz2_reg[16]/D      8.685         
pipeReg36/o_uz2_reg_s/C        pipeReg37/o_uz2_reg[8]/D       8.686         
pipeReg36/o_uz2_reg_s/C        pipeReg37/o_uz2_reg[0]/D       8.709         
pipeReg36/o_uz2_reg_s/C        pipeReg37/o_uz2_reg[15]/D      8.709         
pipeReg36/o_uz2_reg_s/C        pipeReg37/o_uz2_reg[28]/D      8.735         
pipeReg37/o_uy_transmitted_reg[25]/C
                               uy_reflector_reg[25]/D         8.740         
pipeReg36/o_uz2_reg[23]_pipeReg36_o_uz2_reg_s/C
                               pipeReg37/o_uz2_reg[23]/D      8.764         
pipeReg35/o_uz2_reg[11]_srl20____pipeReg35_o_uz2_reg_s/CLK
                               pipeReg36/o_uz2_reg[11]_pipeReg36_o_uz2_reg_s/D
                                                              8.792         
pipeReg35/o_uz2_reg[12]_srl20____pipeReg35_o_uz2_reg_s/CLK
                               pipeReg36/o_uz2_reg[12]_pipeReg36_o_uz2_reg_s/D
                                                              8.792         
pipeReg35/o_uz2_reg[14]_srl20____pipeReg35_o_uz2_reg_s/CLK
                               pipeReg36/o_uz2_reg[14]_pipeReg36_o_uz2_reg_s/D
                                                              8.792         
pipeReg35/o_uz2_reg[16]_srl20____pipeReg35_o_uz2_reg_s/CLK
                               pipeReg36/o_uz2_reg[16]_pipeReg36_o_uz2_reg_s/D
                                                              8.792         
pipeReg35/o_uz2_reg[1]_srl20____pipeReg35_o_uz2_reg_s/CLK
                               pipeReg36/o_uz2_reg[1]_pipeReg36_o_uz2_reg_s/D
                                                              8.792         
pipeReg35/o_uz2_reg[21]_srl20____pipeReg35_o_uz2_reg_s/CLK
                               pipeReg36/o_uz2_reg[21]_pipeReg36_o_uz2_reg_s/D
                                                              8.792         
pipeReg35/o_uz2_reg[25]_srl20____pipeReg35_o_uz2_reg_s/CLK
                               pipeReg36/o_uz2_reg[25]_pipeReg36_o_uz2_reg_s/D
                                                              8.792         
pipeReg35/o_uz2_reg[26]_srl20____pipeReg35_o_uz2_reg_s/CLK
                               pipeReg36/o_uz2_reg[26]_pipeReg36_o_uz2_reg_s/D
                                                              8.792         
pipeReg35/o_uz2_reg[13]_srl20____pipeReg35_o_uz2_reg_s/CLK
                               pipeReg36/o_uz2_reg[13]_pipeReg36_o_uz2_reg_s/D
                                                              8.807         
pipeReg35/o_uz2_reg[15]_srl20____pipeReg35_o_uz2_reg_s/CLK
                               pipeReg36/o_uz2_reg[15]_pipeReg36_o_uz2_reg_s/D
                                                              8.807         
pipeReg35/o_uz2_reg[18]_srl20____pipeReg35_o_uz2_reg_s/CLK
                               pipeReg36/o_uz2_reg[18]_pipeReg36_o_uz2_reg_s/D
                                                              8.807         
pipeReg35/o_uz2_reg[19]_srl20____pipeReg35_o_uz2_reg_s/CLK
                               pipeReg36/o_uz2_reg[19]_pipeReg36_o_uz2_reg_s/D
                                                              8.807         
pipeReg35/o_uz2_reg[22]_srl20____pipeReg35_o_uz2_reg_s/CLK
                               pipeReg36/o_uz2_reg[22]_pipeReg36_o_uz2_reg_s/D
                                                              8.807         
pipeReg35/o_uz2_reg[28]_srl20____pipeReg35_o_uz2_reg_s/CLK
                               pipeReg36/o_uz2_reg[28]_pipeReg36_o_uz2_reg_s/D
                                                              8.807         
pipeReg35/o_uz2_reg[29]_srl20____pipeReg35_o_uz2_reg_s/CLK
                               pipeReg36/o_uz2_reg[29]_pipeReg36_o_uz2_reg_s/D
                                                              8.807         
pipeReg35/o_uz2_reg[2]_srl20____pipeReg35_o_uz2_reg_s/CLK
                               pipeReg36/o_uz2_reg[2]_pipeReg36_o_uz2_reg_s/D
                                                              8.807         
pipeReg35/o_uz2_reg[0]_srl20____pipeReg35_o_uz2_reg_s/CLK
                               pipeReg36/o_uz2_reg[0]_pipeReg36_o_uz2_reg_s/D
                                                              8.811         
pipeReg35/o_uz2_reg[10]_srl20____pipeReg35_o_uz2_reg_s/CLK
                               pipeReg36/o_uz2_reg[10]_pipeReg36_o_uz2_reg_s/D
                                                              8.811         
pipeReg35/o_uz2_reg[27]_srl20____pipeReg35_o_uz2_reg_s/CLK
                               pipeReg36/o_uz2_reg[27]_pipeReg36_o_uz2_reg_s/D
                                                              8.811         
pipeReg35/o_uz2_reg[4]_srl20____pipeReg35_o_uz2_reg_s/CLK
                               pipeReg36/o_uz2_reg[4]_pipeReg36_o_uz2_reg_s/D
                                                              8.811         
pipeReg35/o_uz2_reg[5]_srl20____pipeReg35_o_uz2_reg_s/CLK
                               pipeReg36/o_uz2_reg[5]_pipeReg36_o_uz2_reg_s/D
                                                              8.811         
pipeReg35/o_uz2_reg[7]_srl20____pipeReg35_o_uz2_reg_s/CLK
                               pipeReg36/o_uz2_reg[7]_pipeReg36_o_uz2_reg_s/D
                                                              8.811         
pipeReg35/o_uz2_reg[9]_srl20____pipeReg35_o_uz2_reg_s/CLK
                               pipeReg36/o_uz2_reg[9]_pipeReg36_o_uz2_reg_s/D
                                                              8.811         
pipeReg35/o_uz2_reg[17]_srl20____pipeReg35_o_uz2_reg_s/CLK
                               pipeReg36/o_uz2_reg[17]_pipeReg36_o_uz2_reg_s/D
                                                              8.813         
pipeReg35/o_uz2_reg[20]_srl20____pipeReg35_o_uz2_reg_s/CLK
                               pipeReg36/o_uz2_reg[20]_pipeReg36_o_uz2_reg_s/D
                                                              8.813         
pipeReg35/o_uz2_reg[23]_srl20____pipeReg35_o_uz2_reg_s/CLK
                               pipeReg36/o_uz2_reg[23]_pipeReg36_o_uz2_reg_s/D
                                                              8.813         
pipeReg35/o_uz2_reg[24]_srl20____pipeReg35_o_uz2_reg_s/CLK
                               pipeReg36/o_uz2_reg[24]_pipeReg36_o_uz2_reg_s/D
                                                              8.813         
pipeReg35/o_uz2_reg[30]_srl20____pipeReg35_o_uz2_reg_s/CLK
                               pipeReg36/o_uz2_reg[30]_pipeReg36_o_uz2_reg_s/D
                                                              8.813         
pipeReg35/o_uz2_reg[3]_srl20____pipeReg35_o_uz2_reg_s/CLK
                               pipeReg36/o_uz2_reg[3]_pipeReg36_o_uz2_reg_s/D
                                                              8.813         
pipeReg35/o_uz2_reg[6]_srl20____pipeReg35_o_uz2_reg_s/CLK
                               pipeReg36/o_uz2_reg[6]_pipeReg36_o_uz2_reg_s/D
                                                              8.813         
pipeReg35/o_uz2_reg[8]_srl20____pipeReg35_o_uz2_reg_s/CLK
                               pipeReg36/o_uz2_reg[8]_pipeReg36_o_uz2_reg_s/D
                                                              8.813         
pipeReg37/o_ux_transmitted_reg[26]/C
                               ux_reflector_reg[26]/D         8.817         
pipeReg37/o_ux_transmitted_reg[21]/C
                               ux_reflector_reg[21]/D         8.820         
pipeReg37/o_ux_transmitted_reg[20]/C
                               ux_reflector_reg[20]/D         8.822         
pipeReg37/o_uy_transmitted_reg[15]/C
                               uy_reflector_reg[15]/D         8.822         
pipeReg37/o_ux_transmitted_reg[19]/C
                               ux_reflector_reg[19]/D         8.824         
pipeReg36/o_uz2_reg[27]_pipeReg36_o_uz2_reg_s/C
                               pipeReg37/o_uz2_reg[27]/D      8.830         
pipeReg36/o_uz2_reg_s/C        pipeReg37/o_uz2_reg[25]/D      8.838         
pipeReg37/o_ux_transmitted_reg[28]/C
                               ux_reflector_reg[28]/D         8.843         
pipeReg36/o_uz2_reg_s/C        pipeReg37/o_uz2_reg[3]/D       8.848         
pipeReg37/o_uy_transmitted_reg[10]/C
                               uy_reflector_reg[10]/D         8.872         
pipeReg37/o_uy_transmitted_reg[16]/C
                               uy_reflector_reg[16]/D         8.885         
pipeReg37/o_uz2_reg[0]/C       uz_reflector_reg[0]/D          8.893         
pipeReg36/o_uz2_reg[17]_pipeReg36_o_uz2_reg_s/C
                               pipeReg37/o_uz2_reg[17]/D      8.895         
pipeReg36/o_uz2_reg_s/C        pipeReg37/o_uz2_reg[11]/D      8.898         
pipeReg36/o_uz2_reg[22]_pipeReg36_o_uz2_reg_s/C
                               pipeReg37/o_uz2_reg[22]/D      8.913         



