Copyright 1986-2018 Xilinx, Inc. All Rights Reserved.
---------------------------------------------------------------------------------------------------------------------------------------------------------------------------------------------------------------------
| Tool Version : Vivado v.2018.3 (lin64) Build 2405991 Thu Dec  6 23:36:41 MST 2018
| Date         : Wed Jan 12 02:10:19 2022
| Host         : koopa.ece.utexas.edu running 64-bit CentOS Linux release 7.9.2009 (Core)
| Command      : report_timing -sort_by group -max_paths 100 -path_type summary -file /misc/scratch/zwei1/reports_Jan12/raw_designs/vtr_designs/verilog/koios/eltwise_layer_submodules/seq_add/post_route_timing.rpt
| Design       : seq_add
| Device       : 7z020-clg484
| Speed File   : -3  PRODUCTION 1.11 2014-09-11
---------------------------------------------------------------------------------------------------------------------------------------------------------------------------------------------------------------------

Timing Report

Startpoint                     Endpoint                       Slack(ns)     
----------------------------------------------------------------------------
u_FPAddSub/pipe_1_reg[17]/C    u_FPAddSub/pipe_3_reg[7]/D     5.730         
u_FPAddSub/pipe_1_reg[17]/C    u_FPAddSub/pipe_3_reg[5]/D     5.778         
u_FPAddSub/pipe_1_reg[17]/C    u_FPAddSub/pipe_3_reg[1]/D     5.880         
u_FPAddSub/pipe_1_reg[17]/C    u_FPAddSub/pipe_3_reg[3]/D     5.882         
u_FPAddSub/pipe_1_reg[17]/C    u_FPAddSub/pipe_3_reg[2]/D     5.904         
u_FPAddSub/pipe_1_reg[17]/C    u_FPAddSub/pipe_3_reg[4]/D     5.942         
u_FPAddSub/pipe_1_reg[17]/C    u_FPAddSub/pipe_3_reg[7]/R     5.971         
u_FPAddSub/pipe_1_reg[17]/C    u_FPAddSub/pipe_3_reg[9]/R     5.971         
u_FPAddSub/pipe_1_reg[17]/C    u_FPAddSub/pipe_3_reg[0]/D     5.988         
u_FPAddSub/pipe_5_reg[16]/C    u_FPAddSub/pipe_8_reg[3]/D     6.387         
u_FPAddSub/pipe_5_reg[11]/C    u_FPAddSub/pipe_8_reg[8]/D     6.402         
u_FPAddSub/pipe_1_reg[17]/C    u_FPAddSub/pipe_3_reg[10]/R    6.511         
u_FPAddSub/pipe_8_reg[12]/C    sum_out_temp_reg_reg[12]/D     6.512         
u_FPAddSub/pipe_8_reg[12]/C    sum_out_temp_reg_reg[13]/D     6.542         
u_FPAddSub/pipe_1_reg[17]/C    u_FPAddSub/pipe_3_reg[6]/D     6.544         
u_FPAddSub/pipe_1_reg[17]/C    u_FPAddSub/pipe_3_reg[8]/R     6.570         
u_FPAddSub/pipe_1_reg[17]/C    u_FPAddSub/pipe_3_reg[9]/D     6.637         
u_FPAddSub/pipe_1_reg[17]/C    u_FPAddSub/pipe_3_reg[8]/D     6.654         
u_FPAddSub/pipe_5_reg[11]/C    u_FPAddSub/pipe_8_reg[7]/D     6.670         
a_flopped_reg[10]/C            u_FPAddSub/pipe_1_reg[8]/CE    6.716         
u_FPAddSub/pipe_3_reg[27]/C    u_FPAddSub/pipe_5_reg[16]/D    6.734         
u_FPAddSub/pipe_1_reg[17]/C    u_FPAddSub/pipe_3_reg[20]/D    6.740         
u_FPAddSub/pipe_1_reg[17]/C    u_FPAddSub/pipe_3_reg[10]/D    6.771         
u_FPAddSub/pipe_3_reg[27]/C    u_FPAddSub/pipe_5_reg[15]/D    6.805         
u_FPAddSub/pipe_3_reg[26]/C    u_FPAddSub/pipe_5_reg[14]/D    6.893         
u_FPAddSub/pipe_3_reg[26]/C    u_FPAddSub/pipe_5_reg[12]/D    6.897         
u_FPAddSub/pipe_8_reg[12]/C    sum_out_temp_reg_reg[11]/D     6.899         
u_FPAddSub/pipe_8_reg[12]/C    sum_out_temp_reg_reg[14]/D     6.901         
u_FPAddSub/pipe_3_reg[27]/C    u_FPAddSub/pipe_5_reg[13]/D    6.945         
u_FPAddSub/pipe_1_reg[17]/C    u_FPAddSub/pipe_3_reg[21]/D    6.950         
u_FPAddSub/pipe_3_reg[26]/C    u_FPAddSub/pipe_5_reg[11]/D    6.968         
u_FPAddSub/pipe_1_reg[17]/C    u_FPAddSub/pipe_3_reg[23]/D    6.982         
u_FPAddSub/pipe_5_reg[16]/C    u_FPAddSub/pipe_8_reg[10]/D    6.999         
b_flopped_reg[11]/C            u_FPAddSub/pipe_1_reg[40]/CE   7.003         
b_flopped_reg[11]/C            u_FPAddSub/pipe_1_reg[41]/CE   7.003         
u_FPAddSub/pipe_1_reg[17]/C    u_FPAddSub/pipe_3_reg[22]/D    7.003         
u_FPAddSub/pipe_5_reg[16]/C    u_FPAddSub/pipe_8_reg[4]/D     7.014         
u_FPAddSub/pipe_5_reg[16]/C    u_FPAddSub/pipe_8_reg[12]/D    7.022         
u_FPAddSub/pipe_5_reg[16]/C    u_FPAddSub/pipe_8_reg[6]/D     7.034         
u_FPAddSub/pipe_5_reg[16]/C    u_FPAddSub/pipe_8_reg[5]/D     7.035         
u_FPAddSub/pipe_3_reg[26]/C    u_FPAddSub/pipe_5_reg[10]/D    7.065         
u_FPAddSub/pipe_5_reg[16]/C    u_FPAddSub/pipe_8_reg[19]/D    7.068         
u_FPAddSub/pipe_5_reg[16]/C    u_FPAddSub/pipe_8_reg[16]/D    7.087         
u_FPAddSub/pipe_1_reg[17]/C    u_FPAddSub/pipe_3_reg[26]/D    7.090         
u_FPAddSub/pipe_5_reg[16]/C    u_FPAddSub/pipe_8_reg[13]/D    7.100         
u_FPAddSub/pipe_5_reg[16]/C    u_FPAddSub/pipe_8_reg[17]/D    7.101         
u_FPAddSub/pipe_3_reg[26]/C    u_FPAddSub/pipe_5_reg[9]/D     7.108         
u_FPAddSub/pipe_5_reg[16]/C    u_FPAddSub/pipe_8_reg[18]/D    7.114         
u_FPAddSub/pipe_1_reg[17]/C    u_FPAddSub/pipe_3_reg[35]/D    7.118         
a_flopped_reg[10]/C            u_FPAddSub/pipe_1_reg[9]/D     7.179         
u_FPAddSub/pipe_1_reg[17]/C    u_FPAddSub/pipe_5_reg[27]_srl2/D
                                                              7.185         
u_FPAddSub/pipe_1_reg[17]/C    u_FPAddSub/pipe_3_reg[16]/D    7.188         
u_FPAddSub/pipe_1_reg[17]/C    u_FPAddSub/pipe_3_reg[27]/D    7.198         
u_FPAddSub/pipe_3_reg[26]/C    u_FPAddSub/pipe_5_reg[8]/D     7.216         
b_flopped_reg[11]/C            u_FPAddSub/pipe_1_reg[13]/CE   7.293         
u_FPAddSub/pipe_5_reg[16]/C    u_FPAddSub/pipe_8_reg[14]/D    7.295         
u_FPAddSub/pipe_1_reg[17]/C    u_FPAddSub/pipe_3_reg[17]/D    7.310         
u_FPAddSub/pipe_5_reg[16]/C    u_FPAddSub/pipe_8_reg[15]/D    7.324         
u_FPAddSub/pipe_5_reg[16]/C    u_FPAddSub/pipe_8_reg[35]/D    7.335         
u_FPAddSub/pipe_1_reg[17]/C    u_FPAddSub/pipe_3_reg[18]/D    7.336         
u_FPAddSub/pipe_8_reg[12]/C    sum_out_temp_reg_reg[10]/D     7.375         
u_FPAddSub/pipe_1_reg[17]/C    u_FPAddSub/pipe_3_reg[31]/D    7.403         
u_FPAddSub/pipe_1_reg[17]/C    u_FPAddSub/pipe_3_reg[19]/D    7.404         
u_FPAddSub/pipe_1_reg[17]/C    u_FPAddSub/pipe_3_reg[24]/D    7.418         
u_FPAddSub/pipe_1_reg[17]/C    u_FPAddSub/pipe_3_reg[25]/D    7.423         
u_FPAddSub/pipe_1_reg[17]/C    u_FPAddSub/pipe_3_reg[32]/D    7.425         
u_FPAddSub/pipe_3_reg[26]/C    u_FPAddSub/pipe_5_reg[7]/D     7.452         
u_FPAddSub/pipe_5_reg[16]/C    u_FPAddSub/pipe_8_reg[11]/D    7.508         
b_flopped_reg[11]/C            u_FPAddSub/pipe_1_reg[13]/D    7.576         
u_FPAddSub/pipe_1_reg[17]/C    u_FPAddSub/pipe_3_reg[33]/D    7.586         
u_FPAddSub/pipe_1_reg[17]/C    u_FPAddSub/pipe_3_reg[34]/D    7.610         
a_flopped_reg[10]/C            u_FPAddSub/pipe_1_reg[8]/D     7.695         
b_flopped_reg[11]/C            u_FPAddSub/pipe_1_reg[14]/D    7.717         
u_FPAddSub/pipe_3_reg[26]/C    u_FPAddSub/pipe_5_reg[6]/D     7.756         
u_FPAddSub/pipe_3_reg[26]/C    u_FPAddSub/pipe_5_reg[5]/D     7.981         
u_FPAddSub/pipe_8_reg[12]/C    sum_out_temp_reg_reg[6]/D      8.098         
u_FPAddSub/pipe_8_reg[12]/C    sum_out_temp_reg_reg[7]/D      8.110         
u_FPAddSub/pipe_8_reg[12]/C    sum_out_temp_reg_reg[8]/D      8.133         
u_FPAddSub/pipe_8_reg[35]/C    sum_out_temp_reg_reg[9]/D      8.191         
a_flopped_reg[14]/C            u_FPAddSub/pipe_1_reg[30]/CE   8.233         
u_FPAddSub/pipe_8_reg[35]/C    sum_out_temp_reg_reg[3]/D      8.274         
a_flopped_reg[13]/C            u_FPAddSub/pipe_1_reg[42]/CE   8.276         
a_flopped_reg[13]/C            u_FPAddSub/pipe_1_reg[43]/CE   8.276         
a_flopped_reg[13]/C            u_FPAddSub/pipe_1_reg[44]/CE   8.276         
a_flopped_reg[13]/C            u_FPAddSub/pipe_1_reg[7]/CE    8.276         
a_flopped_reg[13]/C            u_FPAddSub/pipe_1_reg[9]/CE    8.276         
u_FPAddSub/pipe_8_reg[11]/C    sum_out_temp_reg_reg[5]/D      8.307         
a_flopped_reg[14]/C            u_FPAddSub/pipe_1_reg[14]/CE   8.316         
a_flopped_reg[14]/C            u_FPAddSub/pipe_1_reg[27]/CE   8.316         
a_flopped_reg[14]/C            u_FPAddSub/pipe_1_reg[28]/CE   8.316         
a_flopped_reg[14]/C            u_FPAddSub/pipe_1_reg[29]/CE   8.316         
b_flopped_reg[14]/C            u_FPAddSub/pipe_1_reg[45]/CE   8.475         
b_flopped_reg[11]/C            u_FPAddSub/pipe_1_reg[7]/D     8.519         
a_flopped_reg[14]/C            u_FPAddSub/pipe_1_reg[12]/CE   8.528         
b_flopped_reg[10]/C            u_FPAddSub/pipe_1_reg[10]/D    8.550         
b_flopped_reg[10]/C            u_FPAddSub/pipe_1_reg[5]/D     8.580         
u_FPAddSub/pipe_8_reg[35]/C    sum_out_temp_reg_reg[4]/D      8.585         
b_flopped_reg[11]/C            u_FPAddSub/pipe_1_reg[11]/D    8.674         
b_flopped_reg[11]/C            u_FPAddSub/pipe_1_reg[6]/D     8.700         
b_flopped_reg[11]/C            u_FPAddSub/pipe_1_reg[12]/D    8.723         



