Copyright 1986-2018 Xilinx, Inc. All Rights Reserved.
-------------------------------------------------------------------------------------------------------------------------------------------------------------------------------------------------------------------------------------------------------
| Tool Version : Vivado v.2018.3 (lin64) Build 2405991 Thu Dec  6 23:36:41 MST 2018
| Date         : Thu Jan 13 05:35:02 2022
| Host         : koopa.ece.utexas.edu running 64-bit CentOS Linux release 7.9.2009 (Core)
| Command      : report_timing -sort_by group -max_paths 100 -path_type summary -file /misc/scratch/zwei1/reports_Jan12/raw_designs/vtr_designs/verilog/koios/tiny_darknet_like.medium_submodules/td_fused_top_tdf2_get_next_ijk/post_route_timing.rpt
| Design       : td_fused_top_tdf2_get_next_ijk
| Device       : 7z020-clg484
| Speed File   : -3  PRODUCTION 1.11 2014-09-11
-------------------------------------------------------------------------------------------------------------------------------------------------------------------------------------------------------------------------------------------------------

Timing Report

Startpoint                     Endpoint                       Slack(ns)     
----------------------------------------------------------------------------
j_out_2_reg[0]/C               j_out_2_reg[12]/R              4.682         
j_out_2_reg[0]/C               j_out_2_reg[13]/R              4.682         
j_out_2_reg[0]/C               j_out_2_reg[14]/R              4.682         
j_out_2_reg[0]/C               j_out_2_reg[15]/R              4.682         
j_out_2_reg[0]/C               j_6_reg[10]/R                  4.789         
j_out_2_reg[0]/C               j_6_reg[11]/R                  4.789         
j_out_2_reg[0]/C               j_6_reg[12]/R                  4.789         
j_out_2_reg[0]/C               j_6_reg[9]/R                   4.789         
j_out_2_reg[0]/C               j_6_reg[1]/R                   4.803         
j_out_2_reg[0]/C               j_6_reg[2]/R                   4.803         
j_out_2_reg[0]/C               j_6_reg[3]/R                   4.803         
j_out_2_reg[0]/C               j_6_reg[4]/R                   4.803         
j_out_2_reg[0]/C               j_6_reg[13]/R                  4.912         
j_out_2_reg[0]/C               j_6_reg[14]/R                  4.912         
j_out_2_reg[0]/C               j_6_reg[15]/R                  4.912         
j_out_2_reg[0]/C               j_out_2_reg[10]/R              4.929         
j_out_2_reg[0]/C               j_out_2_reg[11]/R              4.929         
j_out_2_reg[0]/C               j_out_2_reg[8]/R               4.929         
j_out_2_reg[0]/C               j_out_2_reg[9]/R               4.929         
k_6_reg[1]/C                   i_out_2_reg[12]/R              4.953         
k_6_reg[1]/C                   i_out_2_reg[13]/R              4.953         
k_6_reg[1]/C                   i_out_2_reg[14]/R              4.953         
k_6_reg[1]/C                   i_out_2_reg[15]/R              4.953         
k_6_reg[1]/C                   i_6_reg[13]/R                  4.977         
k_6_reg[1]/C                   i_6_reg[14]/R                  4.977         
k_6_reg[1]/C                   i_6_reg[15]/R                  4.977         
j_out_2_reg[0]/C               j_6_reg[5]/R                   5.007         
j_out_2_reg[0]/C               j_6_reg[6]/R                   5.007         
j_out_2_reg[0]/C               j_6_reg[7]/R                   5.007         
j_out_2_reg[0]/C               j_6_reg[8]/R                   5.007         
k_6_reg[1]/C                   i_6_reg[10]/R                  5.075         
k_6_reg[1]/C                   i_6_reg[11]/R                  5.075         
k_6_reg[1]/C                   i_6_reg[12]/R                  5.075         
k_6_reg[1]/C                   i_6_reg[9]/R                   5.075         
k_6_reg[1]/C                   i_out_2_reg[4]/R               5.077         
k_6_reg[1]/C                   i_out_2_reg[5]/R               5.077         
k_6_reg[1]/C                   i_out_2_reg[6]/R               5.077         
k_6_reg[1]/C                   i_out_2_reg[7]/R               5.077         
j_out_2_reg[0]/C               j_out_2_reg[0]/R               5.085         
j_out_2_reg[0]/C               j_out_2_reg[1]/R               5.085         
j_out_2_reg[0]/C               j_out_2_reg[2]/R               5.085         
j_out_2_reg[0]/C               j_out_2_reg[3]/R               5.085         
k_6_reg[1]/C                   i_out_2_reg[0]/R               5.143         
k_6_reg[1]/C                   i_out_2_reg[1]/R               5.143         
k_6_reg[1]/C                   i_out_2_reg[2]/R               5.143         
k_6_reg[1]/C                   i_out_2_reg[3]/R               5.143         
k_6_reg[1]/C                   i_out_2_reg[10]/R              5.160         
k_6_reg[1]/C                   i_out_2_reg[11]/R              5.160         
k_6_reg[1]/C                   i_out_2_reg[8]/R               5.160         
k_6_reg[1]/C                   i_out_2_reg[9]/R               5.160         
k_6_reg[1]/C                   i_6_reg[13]/CE                 5.168         
k_6_reg[1]/C                   i_6_reg[14]/CE                 5.168         
k_6_reg[1]/C                   i_6_reg[15]/CE                 5.168         
k_6_reg[1]/C                   i_6_reg[5]/R                   5.181         
k_6_reg[1]/C                   i_6_reg[6]/R                   5.181         
k_6_reg[1]/C                   i_6_reg[7]/R                   5.181         
k_6_reg[1]/C                   i_6_reg[8]/R                   5.181         
j_out_2_reg[0]/C               j_out_2_reg[4]/R               5.184         
j_out_2_reg[0]/C               j_out_2_reg[5]/R               5.184         
j_out_2_reg[0]/C               j_out_2_reg[6]/R               5.184         
j_out_2_reg[0]/C               j_out_2_reg[7]/R               5.184         
k_6_reg[1]/C                   i_6_reg[10]/CE                 5.265         
k_6_reg[1]/C                   i_6_reg[11]/CE                 5.265         
k_6_reg[1]/C                   i_6_reg[12]/CE                 5.265         
k_6_reg[1]/C                   i_6_reg[9]/CE                  5.265         
k_6_reg[1]/C                   i_6_reg[1]/R                   5.286         
k_6_reg[1]/C                   i_6_reg[2]/R                   5.286         
k_6_reg[1]/C                   i_6_reg[3]/R                   5.286         
k_6_reg[1]/C                   i_6_reg[4]/R                   5.286         
k_6_reg[1]/C                   k_6_reg[12]/R                  5.366         
k_6_reg[1]/C                   k_6_reg[13]/R                  5.366         
k_6_reg[1]/C                   k_6_reg[14]/R                  5.366         
k_6_reg[1]/C                   k_6_reg[15]/R                  5.366         
k_6_reg[1]/C                   i_6_reg[5]/CE                  5.368         
k_6_reg[1]/C                   i_6_reg[6]/CE                  5.368         
k_6_reg[1]/C                   i_6_reg[7]/CE                  5.368         
k_6_reg[1]/C                   i_6_reg[8]/CE                  5.368         
k_6_reg[1]/C                   i_6_reg[1]/CE                  5.372         
k_6_reg[1]/C                   i_6_reg[2]/CE                  5.372         
k_6_reg[1]/C                   i_6_reg[3]/CE                  5.372         
k_6_reg[1]/C                   i_6_reg[4]/CE                  5.372         
k_6_reg[1]/C                   i_out_2_reg[12]/CE             5.376         
k_6_reg[1]/C                   i_out_2_reg[13]/CE             5.376         
k_6_reg[1]/C                   i_out_2_reg[14]/CE             5.376         
k_6_reg[1]/C                   i_out_2_reg[15]/CE             5.376         
k_6_reg[1]/C                   k_6_reg[10]/R                  5.452         
k_6_reg[1]/C                   k_6_reg[11]/R                  5.452         
k_6_reg[1]/C                   k_6_reg[8]/R                   5.452         
k_6_reg[1]/C                   k_6_reg[9]/R                   5.452         
k_6_reg[1]/C                   i_out_2_reg[10]/CE             5.483         
k_6_reg[1]/C                   i_out_2_reg[11]/CE             5.483         
k_6_reg[1]/C                   i_out_2_reg[8]/CE              5.483         
k_6_reg[1]/C                   i_out_2_reg[9]/CE              5.483         
k_6_reg[1]/C                   i_out_2_reg[4]/CE              5.491         
k_6_reg[1]/C                   i_out_2_reg[5]/CE              5.491         
k_6_reg[1]/C                   i_out_2_reg[6]/CE              5.491         
k_6_reg[1]/C                   i_out_2_reg[7]/CE              5.491         
k_6_reg[1]/C                   i_out_2_reg[0]/CE              5.614         
k_6_reg[1]/C                   i_out_2_reg[1]/CE              5.614         
k_6_reg[1]/C                   i_out_2_reg[2]/CE              5.614         



