Copyright 1986-2018 Xilinx, Inc. All Rights Reserved.
------------------------------------------------------------------------------------------------------------------------------------------------------------------------------------------------------------
| Tool Version : Vivado v.2018.3 (lin64) Build 2405991 Thu Dec  6 23:36:41 MST 2018
| Date         : Tue Jan 11 21:52:42 2022
| Host         : koopa.ece.utexas.edu running 64-bit CentOS Linux release 7.9.2009 (Core)
| Command      : report_timing -sort_by group -max_paths 100 -path_type summary -file /misc/scratch/zwei1/reports_Jan12/raw_designs/opencores/arithmetic/pairing_submodules/f3m_mult3/post_route_timing.rpt
| Design       : f3m_mult3
| Device       : 7z020-clg484
| Speed File   : -3  PRODUCTION 1.11 2014-09-11
------------------------------------------------------------------------------------------------------------------------------------------------------------------------------------------------------------

Timing Report

Startpoint                     Endpoint                       Slack(ns)     
----------------------------------------------------------------------------
K_reg[2]/C                     c1_reg[32]/CE                  3.660         
K_reg[2]/C                     c1_reg[33]/CE                  3.660         
K_reg[2]/C                     c1_reg[35]/CE                  3.660         
K_reg[2]/C                     c1_reg[36]/CE                  3.660         
K_reg[2]/C                     c1_reg[37]/CE                  3.660         
K_reg[2]/C                     c1_reg[38]/CE                  3.660         
K_reg[2]/C                     c1_reg[39]/CE                  3.660         
K_reg[2]/C                     ins11/x_reg[59]/D              3.722         
K_reg[2]/C                     ins11/y_reg[135]/D             3.796         
K_reg[2]/C                     ins11/y_reg[140]/D             3.841         
K_reg[2]/C                     ins11/x_reg[60]/D              3.842         
K_reg[2]/C                     ins11/x_reg[52]/D              3.905         
K_reg[2]/C                     c1_reg[44]/CE                  3.908         
K_reg[2]/C                     c1_reg[45]/CE                  3.908         
K_reg[2]/C                     c1_reg[46]/CE                  3.908         
K_reg[2]/C                     c1_reg[47]/CE                  3.908         
K_reg[2]/C                     c1_reg[50]/CE                  3.908         
K_reg[2]/C                     ins11/y_reg[129]/D             3.918         
K_reg[2]/C                     ins11/x_reg[63]/D              3.945         
K_reg[2]/C                     c1_reg[54]/CE                  4.070         
K_reg[2]/C                     c1_reg[55]/CE                  4.070         
K_reg[2]/C                     ins11/x_reg[73]/D              4.125         
K_reg[2]/C                     ins11/x_reg[65]/D              4.138         
K_reg[2]/C                     c1_reg[48]/CE                  4.163         
K_reg[2]/C                     c1_reg[49]/CE                  4.163         
K_reg[2]/C                     c1_reg[51]/CE                  4.163         
K_reg[2]/C                     c1_reg[52]/CE                  4.163         
K_reg[2]/C                     c1_reg[53]/CE                  4.163         
K_reg[2]/C                     c1_reg[56]/CE                  4.163         
K_reg[2]/C                     c1_reg[57]/CE                  4.163         
K_reg[2]/C                     c1_reg[61]/CE                  4.163         
ins11/y_reg[5]/C               ins11/z_reg[68]/D              4.184         
ins11/y_reg[5]/C               ins11/z_reg[69]/D              4.205         
K_reg[2]/C                     ins11/x_reg[64]/D              4.260         
ins11/y_reg[1]/C               ins11/z_reg[94]/D              4.262         
ins11/y_reg[1]/C               ins11/z_reg[95]/D              4.276         
K_reg[2]/C                     ins11/y_reg[120]/D             4.313         
K_reg[2]/C                     ins11/x_reg[76]/D              4.360         
K_reg[2]/C                     ins11/x_reg[70]/D              4.383         
K_reg[2]/C                     ins11/x_reg[81]/D              4.427         
K_reg[2]/C                     ins11/y_reg[123]/D             4.508         
ins11/y_reg[3]/C               ins11/z_reg[92]/D              4.510         
ins11/y_reg[3]/C               ins11/z_reg[93]/D              4.526         
ins11/y_reg[3]/C               ins11/z_reg[136]/D             4.532         
ins11/y_reg[3]/C               ins11/z_reg[137]/D             4.560         
ins11/y_reg[1]/C               ins11/z_reg[78]/D              4.582         
K_reg[2]/C                     ins11/x_reg[91]/D              4.609         
ins11/y_reg[1]/C               ins11/z_reg[79]/D              4.612         
K_reg[2]/C                     ins11/x_reg[72]/D              4.617         
K_reg[2]/C                     ins11/x_reg[77]/D              4.626         
K_reg[2]/C                     ins11/x_reg[74]/D              4.640         
K_reg[2]/C                     ins11/x_reg[79]/D              4.647         
K_reg[2]/C                     ins11/y_reg[119]/D             4.668         
K_reg[2]/C                     ins11/x_reg[86]/D              4.677         
K_reg[2]/C                     ins11/x_reg[80]/D              4.686         
K_reg[2]/C                     ins11/y_reg[115]/D             4.691         
ins11/y_reg[3]/C               ins11/z_reg[96]/D              4.712         
ins11/y_reg[3]/C               ins11/z_reg[97]/D              4.729         
ins11/y_reg[3]/C               ins11/z_reg[80]/D              4.741         
K_reg[2]/C                     ins11/y_reg[116]/D             4.742         
ins11/y_reg[3]/C               ins11/z_reg[140]/D             4.742         
ins11/y_reg[3]/C               ins11/z_reg[141]/D             4.752         
K_reg[2]/C                     ins11/y_reg[108]/D             4.759         
ins11/y_reg[3]/C               ins11/z_reg[81]/D              4.759         
ins11/y_reg[5]/C               ins11/z_reg[150]/D             4.775         
mult_reset_reg/C               ins11/x_reg[99]/D              4.788         
K_reg[2]/C                     ins11/x_reg[115]/D             4.793         
mult_reset_reg/C               ins11/x_reg[101]/D             4.794         
ins11/y_reg[3]/C               ins11/z_reg[112]/D             4.801         
ins11/y_reg[5]/C               ins11/z_reg[151]/D             4.805         
ins11/y_reg[1]/C               ins11/z_reg[130]/D             4.812         
K_reg[2]/C                     ins11/x_reg[84]/D              4.814         
ins11/y_reg[5]/C               ins11/z_reg[134]/D             4.815         
mult_reset_reg/C               ins11/y_reg[100]/D             4.818         
mult_reset_reg/C               ins11/y_reg[98]/D              4.824         
ins11/y_reg[3]/C               ins11/z_reg[113]/D             4.825         
mult_reset_reg/C               ins11/x_reg[105]/D             4.827         
K_reg[2]/C                     ins11/y_reg[127]/D             4.828         
ins11/y_reg[5]/C               ins11/z_reg[135]/D             4.833         
ins11/y_reg[5]/C               ins11/z_reg[138]/D             4.835         
ins11/y_reg[1]/C               ins11/z_reg[120]/D             4.840         
ins11/y_reg[1]/C               ins11/z_reg[131]/D             4.840         
ins11/y_reg[1]/C               ins11/z_reg[84]/D              4.841         
K_reg[3]/C                     ins11/x_reg[46]/D              4.842         
ins11/y_reg[1]/C               ins11/z_reg[98]/D              4.842         
K_reg[2]/C                     ins11/x_reg[114]/D             4.847         
ins11/y_reg[1]/C               ins11/z_reg[86]/D              4.847         
K_reg[2]/C                     ins11/y_reg[125]/D             4.851         
ins11/y_reg[5]/C               ins11/z_reg[139]/D             4.851         
ins11/y_reg[1]/C               ins11/z_reg[85]/D              4.855         
K_reg[2]/C                     ins11/y_reg[114]/D             4.856         
K_reg[2]/C                     ins11/y_reg[122]/D             4.857         
mult_reset_reg/C               ins11/y_reg[94]/D              4.857         
ins11/y_reg[5]/C               ins11/z_reg[132]/D             4.863         
K_reg[2]/C                     ins11/y_reg[117]/D             4.864         
ins11/y_reg[1]/C               ins11/z_reg[121]/D             4.868         
ins11/y_reg[1]/C               ins11/z_reg[99]/D              4.868         
ins11/y_reg[1]/C               ins11/z_reg[87]/D              4.875         
ins11/y_reg[3]/C               ins11/z_reg[124]/D             4.877         
ins11/y_reg[3]/C               ins11/z_reg[110]/D             4.879         



