Copyright 1986-2018 Xilinx, Inc. All Rights Reserved.
-------------------------------------------------------------------------------------------------------------------------------------------------------------------------------------------------------------
| Tool Version : Vivado v.2018.3 (lin64) Build 2405991 Thu Dec  6 23:36:41 MST 2018
| Date         : Wed Jan 12 20:55:56 2022
| Host         : koopa.ece.utexas.edu running 64-bit CentOS Linux release 7.9.2009 (Core)
| Command      : report_timing -sort_by group -max_paths 100 -path_type summary -file /misc/scratch/zwei1/reports_Jan12/raw_designs/opencores/arithmetic/double_fpu_submodules/fpu_mul/post_route_timing.rpt
| Design       : fpu_mul
| Device       : 7z020-clg484
| Speed File   : -3  PRODUCTION 1.11 2014-09-11
-------------------------------------------------------------------------------------------------------------------------------------------------------------------------------------------------------------

Timing Report

Startpoint                     Endpoint                       Slack(ns)     
----------------------------------------------------------------------------
exponent_2_reg[5]/C            product_4_reg[61]/D            4.522         
exponent_2_reg[5]/C            product_4_reg[24]/D            4.579         
product_shift_2_reg[5]/C       product_3_reg[98]/D            4.660         
product_shift_2_reg[5]/C       product_3_reg[95]/D            4.670         
product_shift_2_reg[3]/C       product_3_reg[15]/D            4.685         
exponent_2_reg[3]/C            product_4_reg[48]/D            4.695         
product_shift_2_reg[5]/C       product_3_reg[96]/D            4.809         
product_shift_2_reg[5]/C       product_3_reg[97]/D            4.811         
exponent_2_reg[5]/C            product_4_reg[22]/D            4.815         
exponent_2_reg[5]/C            product_4_reg[25]/D            4.820         
product_shift_2_reg[5]/C       product_3_reg[103]/D           4.854         
product_shift_2_reg[5]/C       product_3_reg[104]/D           4.855         
product_shift_2_reg[5]/C       product_3_reg[9]/D             4.884         
product_2_reg[3]/C             product_4_reg[81]/D            4.899         
product_shift_2_reg[5]/C       product_3_reg[12]/D            4.928         
exponent_2_reg[3]/C            product_4_reg[47]/D            4.929         
product_shift_2_reg[3]/C       product_3_reg[20]/D            4.955         
product_shift_2_reg[3]/C       product_3_reg[19]/D            4.964         
exponent_2_reg[5]/C            product_4_reg[23]/D            4.976         
product_shift_2_reg[5]/C       product_3_reg[13]/D            4.986         
exponent_2_reg[5]/C            product_4_reg[62]/D            4.988         
product_shift_2_reg[3]/C       product_3_reg[21]/D            4.989         
exponent_under_reg[6]/C        product_1_reg[80]/D            4.990         
exponent_2_reg[5]/C            product_4_reg[4]/D             4.995         
exponent_under_reg[6]/C        product_1_reg[81]/D            5.000         
product_shift_2_reg[3]/C       product_3_reg[14]/D            5.001         
exponent_2_reg[5]/C            product_4_reg[5]/D             5.023         
exponent_2_reg[3]/C            product_4_reg[60]/D            5.031         
exponent_under_reg[4]/C        product_1_reg[56]/D            5.057         
product_shift_2_reg[4]/C       product_3_reg[26]/D            5.062         
exponent_2_reg[5]/C            product_4_reg[21]/D            5.066         
exponent_2_reg[5]/C            product_4_reg[19]/D            5.066         
exponent_2_reg[1]/C            product_4_reg[91]/D            5.081         
exponent_under_reg[4]/C        product_1_reg[57]/D            5.081         
product_2_reg[5]/C             product_4_reg[75]/D            5.096         
exponent_under_reg[4]/C        product_1_reg[54]/D            5.099         
exponent_2_reg[1]/C            product_4_reg[92]/D            5.106         
product_shift_2_reg[5]/C       product_3_reg[17]/D            5.111         
product_shift_2_reg[5]/C       product_3_reg[11]/D            5.116         
exponent_2_reg[5]/C            product_4_reg[63]/D            5.116         
product_shift_2_reg[5]/C       product_3_reg[102]/D           5.119         
exponent_under_reg[4]/C        product_1_reg[55]/D            5.120         
product_shift_2_reg[5]/C       product_3_reg[18]/D            5.120         
exponent_under_reg[4]/C        product_1_reg[50]/D            5.121         
product_2_reg[17]/C            product_4_reg[55]/D            5.122         
exponent_2_reg[6]/C            product_4_reg[26]/D            5.125         
exponent_under_reg[4]/C        product_1_reg[52]/D            5.131         
exponent_under_reg[4]/C        product_1_reg[51]/D            5.131         
product_shift_2_reg[5]/C       product_3_reg[105]/D           5.133         
product_reg[80]/C              product_1_reg[43]/D            5.135         
exponent_under_reg[4]/C        product_1_reg[74]/D            5.135         
product_shift_2_reg[5]/C       product_3_reg[16]/D            5.139         
product_2_reg[17]/C            product_4_reg[56]/D            5.140         
exponent_2_reg[5]/C            product_4_reg[64]/D            5.142         
exponent_2_reg[5]/C            product_4_reg[82]/D            5.146         
product_reg[80]/C              product_1_reg[42]/D            5.151         
exponent_2_reg[5]/C            product_4_reg[29]/D            5.152         
exponent_2_reg[5]/C            product_4_reg[59]/D            5.154         
exponent_under_reg[4]/C        product_1_reg[53]/D            5.157         
exponent_2_reg[3]/C            product_4_reg[51]/D            5.157         
product_shift_2_reg[3]/C       product_3_reg[22]/D            5.158         
exponent_2_reg[6]/C            product_4_reg[77]/D            5.163         
exponent_2_reg[5]/C            product_4_reg[58]/D            5.166         
exponent_2_reg[5]/C            product_4_reg[83]/D            5.174         
product_shift_2_reg[3]/C       product_3_reg[23]/D            5.176         
exponent_under_reg[5]/C        product_1_reg[30]/D            5.178         
exponent_2_reg[6]/C            product_4_reg[65]/D            5.178         
exponent_under_reg[6]/C        product_1_reg[85]/D            5.185         
exponent_under_reg[5]/C        product_1_reg[32]/D            5.186         
exponent_under_reg[5]/C        product_1_reg[26]/D            5.188         
exponent_2_reg[6]/C            product_4_reg[66]/D            5.202         
product_2_reg[5]/C             product_4_reg[84]/D            5.203         
product_shift_2_reg[5]/C       product_3_reg[10]/D            5.207         
product_2_reg[5]/C             product_4_reg[80]/D            5.208         
exponent_2_reg[6]/C            product_4_reg[27]/D            5.217         
exponent_2_reg[6]/C            product_4_reg[28]/D            5.217         
product_2_reg[5]/C             product_4_reg[79]/D            5.219         
exponent_2_reg[3]/C            product_4_reg[57]/D            5.220         
exponent_2_reg[3]/C            product_4_reg[54]/D            5.226         
product_reg[80]/C              product_1_reg[46]/D            5.234         
exponent_under_reg[6]/C        product_1_reg[78]/D            5.235         
product_2_reg[3]/C             product_4_reg[69]/D            5.237         
exponent_2_reg[6]/C            product_4_reg[53]/D            5.241         
exponent_2_reg[5]/C            product_4_reg[72]/D            5.242         
exponent_2_reg[3]/C            product_4_reg[49]/D            5.244         
exponent_2_reg[5]/C            product_4_reg[8]/D             5.247         
product_shift_2_reg[5]/C       product_3_reg[101]/D           5.252         
exponent_2_reg[5]/C            product_4_reg[20]/D            5.253         
product_2_reg[3]/C             product_4_reg[70]/D            5.257         
exponent_under_reg[5]/C        product_1_reg[48]/D            5.257         
exponent_under_reg[6]/C        product_1_reg[76]/D            5.260         
product_shift_2_reg[5]/C       product_3_reg[99]/D            5.262         
exponent_2_reg[5]/C            product_4_reg[9]/D             5.265         
product_reg[80]/C              product_1_reg[41]/D            5.275         
exponent_2_reg[5]/C            product_4_reg[73]/D            5.276         
product_2_reg[2]/C             product_4_reg[74]/D            5.277         
exponent_2_reg[3]/C            product_4_reg[45]/D            5.278         
exponent_under_reg[5]/C        product_1_reg[49]/D            5.281         
product_reg[80]/C              product_1_reg[45]/D            5.286         
product_shift_2_reg[5]/C       product_3_reg[8]/D             5.288         



