Copyright 1986-2018 Xilinx, Inc. All Rights Reserved.
----------------------------------------------------------------------------------------------------------------------------------------------------------------------------
| Tool Version : Vivado v.2018.3 (lin64) Build 2405991 Thu Dec  6 23:36:41 MST 2018
| Date         : Wed Jan 12 20:55:09 2022
| Host         : koopa.ece.utexas.edu running 64-bit CentOS Linux release 7.9.2009 (Core)
| Command      : report_timing_summary -file /misc/scratch/zwei1/reports_Jan12/raw_designs/opencores/arithmetic/double_fpu_submodules/fpu_mul/post_synth_timing_summary.rpt
| Design       : fpu_mul
| Device       : 7z020-clg484
| Speed File   : -3  PRODUCTION 1.11 2014-09-11
----------------------------------------------------------------------------------------------------------------------------------------------------------------------------

Timing Summary Report

------------------------------------------------------------------------------------------------
| Timer Settings
| --------------
------------------------------------------------------------------------------------------------

  Enable Multi Corner Analysis               :  Yes
  Enable Pessimism Removal                   :  Yes
  Pessimism Removal Resolution               :  Nearest Common Node
  Enable Input Delay Default Clock           :  No
  Enable Preset / Clear Arcs                 :  No
  Disable Flight Delays                      :  No
  Ignore I/O Paths                           :  No
  Timing Early Launch at Borrowing Latches   :  false

  Corner  Analyze    Analyze    
  Name    Max Paths  Min Paths  
  ------  ---------  ---------  
  Slow    Yes        Yes        
  Fast    Yes        Yes        



check_timing report

Table of Contents
-----------------
1. checking no_clock
2. checking constant_clock
3. checking pulse_width_clock
4. checking unconstrained_internal_endpoints
5. checking no_input_delay
6. checking no_output_delay
7. checking multiple_clock
8. checking generated_clocks
9. checking loops
10. checking partial_input_delay
11. checking partial_output_delay
12. checking latch_loops

1. checking no_clock
--------------------
 There are 6 register/latch pins with no clock driven by root clock pin: product_reg[100]/Q (HIGH)

 There are 6 register/latch pins with no clock driven by root clock pin: product_reg[101]/Q (HIGH)

 There are 6 register/latch pins with no clock driven by root clock pin: product_reg[102]/Q (HIGH)

 There are 6 register/latch pins with no clock driven by root clock pin: product_reg[103]/Q (HIGH)

 There are 6 register/latch pins with no clock driven by root clock pin: product_reg[104]/Q (HIGH)

 There are 6 register/latch pins with no clock driven by root clock pin: product_reg[105]/Q (HIGH)

 There are 6 register/latch pins with no clock driven by root clock pin: product_reg[52]/Q (HIGH)

 There are 6 register/latch pins with no clock driven by root clock pin: product_reg[53]/Q (HIGH)

 There are 6 register/latch pins with no clock driven by root clock pin: product_reg[54]/Q (HIGH)

 There are 6 register/latch pins with no clock driven by root clock pin: product_reg[55]/Q (HIGH)

 There are 6 register/latch pins with no clock driven by root clock pin: product_reg[56]/Q (HIGH)

 There are 6 register/latch pins with no clock driven by root clock pin: product_reg[57]/Q (HIGH)

 There are 6 register/latch pins with no clock driven by root clock pin: product_reg[58]/Q (HIGH)

 There are 6 register/latch pins with no clock driven by root clock pin: product_reg[59]/Q (HIGH)

 There are 6 register/latch pins with no clock driven by root clock pin: product_reg[60]/Q (HIGH)

 There are 6 register/latch pins with no clock driven by root clock pin: product_reg[61]/Q (HIGH)

 There are 6 register/latch pins with no clock driven by root clock pin: product_reg[62]/Q (HIGH)

 There are 6 register/latch pins with no clock driven by root clock pin: product_reg[63]/Q (HIGH)

 There are 6 register/latch pins with no clock driven by root clock pin: product_reg[64]/Q (HIGH)

 There are 6 register/latch pins with no clock driven by root clock pin: product_reg[65]/Q (HIGH)

 There are 6 register/latch pins with no clock driven by root clock pin: product_reg[66]/Q (HIGH)

 There are 6 register/latch pins with no clock driven by root clock pin: product_reg[67]/Q (HIGH)

 There are 6 register/latch pins with no clock driven by root clock pin: product_reg[68]/Q (HIGH)

 There are 6 register/latch pins with no clock driven by root clock pin: product_reg[69]/Q (HIGH)

 There are 6 register/latch pins with no clock driven by root clock pin: product_reg[70]/Q (HIGH)

 There are 6 register/latch pins with no clock driven by root clock pin: product_reg[71]/Q (HIGH)

 There are 6 register/latch pins with no clock driven by root clock pin: product_reg[72]/Q (HIGH)

 There are 6 register/latch pins with no clock driven by root clock pin: product_reg[73]/Q (HIGH)

 There are 6 register/latch pins with no clock driven by root clock pin: product_reg[74]/Q (HIGH)

 There are 6 register/latch pins with no clock driven by root clock pin: product_reg[75]/Q (HIGH)

 There are 6 register/latch pins with no clock driven by root clock pin: product_reg[76]/Q (HIGH)

 There are 6 register/latch pins with no clock driven by root clock pin: product_reg[77]/Q (HIGH)

 There are 6 register/latch pins with no clock driven by root clock pin: product_reg[78]/Q (HIGH)

 There are 6 register/latch pins with no clock driven by root clock pin: product_reg[79]/Q (HIGH)

 There are 6 register/latch pins with no clock driven by root clock pin: product_reg[80]/Q (HIGH)

 There are 6 register/latch pins with no clock driven by root clock pin: product_reg[81]/Q (HIGH)

 There are 6 register/latch pins with no clock driven by root clock pin: product_reg[82]/Q (HIGH)

 There are 6 register/latch pins with no clock driven by root clock pin: product_reg[83]/Q (HIGH)

 There are 6 register/latch pins with no clock driven by root clock pin: product_reg[84]/Q (HIGH)

 There are 6 register/latch pins with no clock driven by root clock pin: product_reg[85]/Q (HIGH)

 There are 6 register/latch pins with no clock driven by root clock pin: product_reg[86]/Q (HIGH)

 There are 6 register/latch pins with no clock driven by root clock pin: product_reg[87]/Q (HIGH)

 There are 6 register/latch pins with no clock driven by root clock pin: product_reg[88]/Q (HIGH)

 There are 6 register/latch pins with no clock driven by root clock pin: product_reg[89]/Q (HIGH)

 There are 6 register/latch pins with no clock driven by root clock pin: product_reg[90]/Q (HIGH)

 There are 6 register/latch pins with no clock driven by root clock pin: product_reg[91]/Q (HIGH)

 There are 6 register/latch pins with no clock driven by root clock pin: product_reg[92]/Q (HIGH)

 There are 6 register/latch pins with no clock driven by root clock pin: product_reg[93]/Q (HIGH)

 There are 6 register/latch pins with no clock driven by root clock pin: product_reg[94]/Q (HIGH)

 There are 6 register/latch pins with no clock driven by root clock pin: product_reg[95]/Q (HIGH)

 There are 6 register/latch pins with no clock driven by root clock pin: product_reg[96]/Q (HIGH)

 There are 6 register/latch pins with no clock driven by root clock pin: product_reg[97]/Q (HIGH)

 There are 6 register/latch pins with no clock driven by root clock pin: product_reg[98]/Q (HIGH)

 There are 6 register/latch pins with no clock driven by root clock pin: product_reg[99]/Q (HIGH)


2. checking constant_clock
--------------------------
 There are 0 register/latch pins with constant_clock.


3. checking pulse_width_clock
-----------------------------
 There are 0 register/latch pins which need pulse_width check


4. checking unconstrained_internal_endpoints
--------------------------------------------
 There are 6 pins that are not constrained for maximum delay. (HIGH)

 There are 0 pins that are not constrained for maximum delay due to constant clock.


5. checking no_input_delay
--------------------------
 There are 130 input ports with no input delay specified. (HIGH)

 There are 0 input ports with no input delay but user has a false path constraint.


6. checking no_output_delay
---------------------------
 There are 68 ports with no output delay specified. (HIGH)

 There are 0 ports with no output delay but user has a false path constraint

 There are 0 ports with no output delay but with a timing clock defined on it or propagating through it


7. checking multiple_clock
--------------------------
 There are 0 register/latch pins with multiple clocks.


8. checking generated_clocks
----------------------------
 There are 0 generated clocks that are not connected to a clock source.


9. checking loops
-----------------
 There are 0 combinational loops in the design.


10. checking partial_input_delay
--------------------------------
 There are 0 input ports with partial input delay specified.


11. checking partial_output_delay
---------------------------------
 There are 0 ports with partial output delay specified.


12. checking latch_loops
------------------------
 There are 0 combinational latch loops in the design through latch input



------------------------------------------------------------------------------------------------
| Design Timing Summary
| ---------------------
------------------------------------------------------------------------------------------------

    WNS(ns)      TNS(ns)  TNS Failing Endpoints  TNS Total Endpoints      WHS(ns)      THS(ns)  THS Failing Endpoints  THS Total Endpoints     WPWS(ns)     TPWS(ns)  TPWS Failing Endpoints  TPWS Total Endpoints  
    -------      -------  ---------------------  -------------------      -------      -------  ---------------------  -------------------     --------     --------  ----------------------  --------------------  
      6.898        0.000                      0                 1242        0.242        0.000                      0                 1242        4.500        0.000                       0                   957  


All user specified timing constraints are met.


------------------------------------------------------------------------------------------------
| Clock Summary
| -------------
------------------------------------------------------------------------------------------------

Clock  Waveform(ns)       Period(ns)      Frequency(MHz)
-----  ------------       ----------      --------------
clk    {0.000 5.000}      10.000          100.000         


------------------------------------------------------------------------------------------------
| Intra Clock Table
| -----------------
------------------------------------------------------------------------------------------------

Clock             WNS(ns)      TNS(ns)  TNS Failing Endpoints  TNS Total Endpoints      WHS(ns)      THS(ns)  THS Failing Endpoints  THS Total Endpoints     WPWS(ns)     TPWS(ns)  TPWS Failing Endpoints  TPWS Total Endpoints  
-----             -------      -------  ---------------------  -------------------      -------      -------  ---------------------  -------------------     --------     --------  ----------------------  --------------------  
clk                 6.898        0.000                      0                 1242        0.242        0.000                      0                 1242        4.500        0.000                       0                   957  


------------------------------------------------------------------------------------------------
| Inter Clock Table
| -----------------
------------------------------------------------------------------------------------------------

From Clock    To Clock          WNS(ns)      TNS(ns)  TNS Failing Endpoints  TNS Total Endpoints      WHS(ns)      THS(ns)  THS Failing Endpoints  THS Total Endpoints  
----------    --------          -------      -------  ---------------------  -------------------      -------      -------  ---------------------  -------------------  


------------------------------------------------------------------------------------------------
| Other Path Groups Table
| -----------------------
------------------------------------------------------------------------------------------------

Path Group    From Clock    To Clock          WNS(ns)      TNS(ns)  TNS Failing Endpoints  TNS Total Endpoints      WHS(ns)      THS(ns)  THS Failing Endpoints  THS Total Endpoints  
----------    ----------    --------          -------      -------  ---------------------  -------------------      -------      -------  ---------------------  -------------------  


------------------------------------------------------------------------------------------------
| Timing Details
| --------------
------------------------------------------------------------------------------------------------


---------------------------------------------------------------------------------------------------
From Clock:  clk
  To Clock:  clk

Setup :            0  Failing Endpoints,  Worst Slack        6.898ns,  Total Violation        0.000ns
Hold  :            0  Failing Endpoints,  Worst Slack        0.242ns,  Total Violation        0.000ns
PW    :            0  Failing Endpoints,  Worst Slack        4.500ns,  Total Violation        0.000ns
---------------------------------------------------------------------------------------------------


Max Delay Paths
--------------------------------------------------------------------------------------
Slack (MET) :             6.898ns  (required time - arrival time)
  Source:                 product_reg[66]/C
                            (rising edge-triggered cell FDRE clocked by clk  {rise@0.000ns fall@5.000ns period=10.000ns})
  Destination:            product_1_reg[31]/D
                            (rising edge-triggered cell FDRE clocked by clk  {rise@0.000ns fall@5.000ns period=10.000ns})
  Path Group:             clk
  Path Type:              Setup (Max at Slow Process Corner)
  Requirement:            10.000ns  (clk rise@10.000ns - clk rise@0.000ns)
  Data Path Delay:        3.100ns  (logic 0.985ns (31.774%)  route 2.115ns (68.226%))
  Logic Levels:           5  (LUT3=1 LUT4=1 LUT5=1 LUT6=2)
  Clock Path Skew:        -0.035ns (DCD - SCD + CPR)
    Destination Clock Delay (DCD):    0.669ns = ( 10.669 - 10.000 ) 
    Source Clock Delay      (SCD):    0.704ns
    Clock Pessimism Removal (CPR):    0.000ns
  Clock Uncertainty:      0.035ns  ((TSJ^2 + TIJ^2)^1/2 + DJ) / 2 + PE
    Total System Jitter     (TSJ):    0.071ns
    Total Input Jitter      (TIJ):    0.000ns
    Discrete Jitter          (DJ):    0.000ns
    Phase Error              (PE):    0.000ns

    Location             Delay type                Incr(ns)  Path(ns)    Netlist Resource(s)
  -------------------------------------------------------------------    -------------------
                         (clock clk rise edge)        0.000     0.000 r  
                                                      0.000     0.000 r  clk (IN)
                         net (fo=956, unset)          0.704     0.704    clk
                         FDRE                                         r  product_reg[66]/C
  -------------------------------------------------------------------    -------------------
                         FDRE (Prop_fdre_C_Q)         0.393     1.097 r  product_reg[66]/Q
                         net (fo=13, unplaced)        0.637     1.734    product[66]
                         LUT5 (Prop_lut5_I0_O)        0.199     1.933 r  product_1[18]_i_4/O
                         net (fo=3, unplaced)         0.319     2.252    product_1[18]_i_4_n_0
                         LUT6 (Prop_lut6_I5_O)        0.097     2.349 r  product_1[34]_i_4/O
                         net (fo=2, unplaced)         0.312     2.661    product_1[34]_i_4_n_0
                         LUT3 (Prop_lut3_I2_O)        0.102     2.763 r  product_1[34]_i_3/O
                         net (fo=4, unplaced)         0.535     3.298    product_1[34]_i_3_n_0
                         LUT6 (Prop_lut6_I1_O)        0.097     3.395 r  product_1[32]_i_2/O
                         net (fo=2, unplaced)         0.312     3.707    product_1[32]_i_2_n_0
                         LUT4 (Prop_lut4_I3_O)        0.097     3.804 r  product_1[31]_i_1/O
                         net (fo=1, unplaced)         0.000     3.804    product_1[31]_i_1_n_0
                         FDRE                                         r  product_1_reg[31]/D
  -------------------------------------------------------------------    -------------------

                         (clock clk rise edge)       10.000    10.000 r  
                                                      0.000    10.000 r  clk (IN)
                         net (fo=956, unset)          0.669    10.669    clk
                         FDRE                                         r  product_1_reg[31]/C
                         clock pessimism              0.000    10.669    
                         clock uncertainty           -0.035    10.633    
                         FDRE (Setup_fdre_C_D)        0.069    10.702    product_1_reg[31]
  -------------------------------------------------------------------
                         required time                         10.702    
                         arrival time                          -3.804    
  -------------------------------------------------------------------
                         slack                                  6.898    





Min Delay Paths
--------------------------------------------------------------------------------------
Slack (MET) :             0.242ns  (arrival time - required time)
  Source:                 b_is_zero_reg/C
                            (rising edge-triggered cell FDRE clocked by clk  {rise@0.000ns fall@5.000ns period=10.000ns})
  Destination:            in_zero_reg/D
                            (rising edge-triggered cell FDRE clocked by clk  {rise@0.000ns fall@5.000ns period=10.000ns})
  Path Group:             clk
  Path Type:              Hold (Min at Fast Process Corner)
  Requirement:            0.000ns  (clk rise@0.000ns - clk rise@0.000ns)
  Data Path Delay:        0.383ns  (logic 0.262ns (68.345%)  route 0.121ns (31.655%))
  Logic Levels:           1  (LUT2=1)
  Clock Path Skew:        0.022ns (DCD - SCD - CPR)
    Destination Clock Delay (DCD):    0.432ns
    Source Clock Delay      (SCD):    0.411ns
    Clock Pessimism Removal (CPR):    -0.000ns

    Location             Delay type                Incr(ns)  Path(ns)    Netlist Resource(s)
  -------------------------------------------------------------------    -------------------
                         (clock clk rise edge)        0.000     0.000 r  
                                                      0.000     0.000 r  clk (IN)
                         net (fo=956, unset)          0.411     0.411    clk
                         FDRE                                         r  b_is_zero_reg/C
  -------------------------------------------------------------------    -------------------
                         FDRE (Prop_fdre_C_Q)         0.164     0.575 r  b_is_zero_reg/Q
                         net (fo=1, unplaced)         0.121     0.696    b_is_zero
                         LUT2 (Prop_lut2_I1_O)        0.098     0.794 r  in_zero_i_1/O
                         net (fo=1, unplaced)         0.000     0.794    in_zero_i_1_n_0
                         FDRE                                         r  in_zero_reg/D
  -------------------------------------------------------------------    -------------------

                         (clock clk rise edge)        0.000     0.000 r  
                                                      0.000     0.000 r  clk (IN)
                         net (fo=956, unset)          0.432     0.432    clk
                         FDRE                                         r  in_zero_reg/C
                         clock pessimism              0.000     0.432    
                         FDRE (Hold_fdre_C_D)         0.120     0.552    in_zero_reg
  -------------------------------------------------------------------
                         required time                         -0.552    
                         arrival time                           0.794    
  -------------------------------------------------------------------
                         slack                                  0.242    





Pulse Width Checks
--------------------------------------------------------------------------------------
Clock Name:         clk
Waveform(ns):       { 0.000 5.000 }
Period(ns):         10.000
Sources:            { clk }

Check Type        Corner  Lib Pin      Reference Pin  Required(ns)  Actual(ns)  Slack(ns)  Location  Pin
Min Period        n/a     DSP48E1/CLK  n/a            1.590         10.000      8.410                sum_1_reg/CLK
Low Pulse Width   Slow    FDRE/C       n/a            0.500         5.000       4.500                A[0]/C
High Pulse Width  Slow    FDRE/C       n/a            0.500         5.000       4.500                A[0]/C



