Copyright 1986-2018 Xilinx, Inc. All Rights Reserved.
----------------------------------------------------------------------------------------------------------------------------------------------------------------------------
| Tool Version : Vivado v.2018.3 (lin64) Build 2405991 Thu Dec  6 23:36:41 MST 2018
| Date         : Tue Jan 11 21:21:19 2022
| Host         : koopa.ece.utexas.edu running 64-bit CentOS Linux release 7.9.2009 (Core)
| Command      : report_timing_summary -file /misc/scratch/zwei1/reports_Jan12/raw_designs/opencores/arithmetic/double_fpu_submodules/fpu_mul/post_place_timing_summary.rpt
| Design       : fpu_mul
| Device       : 7z020-clg484
| Speed File   : -3  PRODUCTION 1.11 2014-09-11
----------------------------------------------------------------------------------------------------------------------------------------------------------------------------

Timing Summary Report

------------------------------------------------------------------------------------------------
| Timer Settings
| --------------
------------------------------------------------------------------------------------------------

  Enable Multi Corner Analysis               :  Yes
  Enable Pessimism Removal                   :  Yes
  Pessimism Removal Resolution               :  Nearest Common Node
  Enable Input Delay Default Clock           :  No
  Enable Preset / Clear Arcs                 :  No
  Disable Flight Delays                      :  No
  Ignore I/O Paths                           :  No
  Timing Early Launch at Borrowing Latches   :  false

  Corner  Analyze    Analyze    
  Name    Max Paths  Min Paths  
  ------  ---------  ---------  
  Slow    Yes        Yes        
  Fast    Yes        Yes        



check_timing report

Table of Contents
-----------------
1. checking no_clock
2. checking constant_clock
3. checking pulse_width_clock
4. checking unconstrained_internal_endpoints
5. checking no_input_delay
6. checking no_output_delay
7. checking multiple_clock
8. checking generated_clocks
9. checking loops
10. checking partial_input_delay
11. checking partial_output_delay
12. checking latch_loops

1. checking no_clock
--------------------
 There are 6 register/latch pins with no clock driven by root clock pin: product_reg[100]/Q (HIGH)

 There are 6 register/latch pins with no clock driven by root clock pin: product_reg[101]/Q (HIGH)

 There are 6 register/latch pins with no clock driven by root clock pin: product_reg[102]/Q (HIGH)

 There are 6 register/latch pins with no clock driven by root clock pin: product_reg[103]/Q (HIGH)

 There are 6 register/latch pins with no clock driven by root clock pin: product_reg[104]/Q (HIGH)

 There are 6 register/latch pins with no clock driven by root clock pin: product_reg[105]/Q (HIGH)

 There are 6 register/latch pins with no clock driven by root clock pin: product_reg[52]/Q (HIGH)

 There are 6 register/latch pins with no clock driven by root clock pin: product_reg[53]/Q (HIGH)

 There are 6 register/latch pins with no clock driven by root clock pin: product_reg[54]/Q (HIGH)

 There are 6 register/latch pins with no clock driven by root clock pin: product_reg[55]/Q (HIGH)

 There are 6 register/latch pins with no clock driven by root clock pin: product_reg[56]/Q (HIGH)

 There are 6 register/latch pins with no clock driven by root clock pin: product_reg[57]/Q (HIGH)

 There are 6 register/latch pins with no clock driven by root clock pin: product_reg[58]/Q (HIGH)

 There are 6 register/latch pins with no clock driven by root clock pin: product_reg[59]/Q (HIGH)

 There are 6 register/latch pins with no clock driven by root clock pin: product_reg[60]/Q (HIGH)

 There are 6 register/latch pins with no clock driven by root clock pin: product_reg[61]/Q (HIGH)

 There are 6 register/latch pins with no clock driven by root clock pin: product_reg[62]/Q (HIGH)

 There are 6 register/latch pins with no clock driven by root clock pin: product_reg[63]/Q (HIGH)

 There are 6 register/latch pins with no clock driven by root clock pin: product_reg[64]/Q (HIGH)

 There are 6 register/latch pins with no clock driven by root clock pin: product_reg[65]/Q (HIGH)

 There are 6 register/latch pins with no clock driven by root clock pin: product_reg[66]/Q (HIGH)

 There are 6 register/latch pins with no clock driven by root clock pin: product_reg[67]/Q (HIGH)

 There are 6 register/latch pins with no clock driven by root clock pin: product_reg[68]/Q (HIGH)

 There are 6 register/latch pins with no clock driven by root clock pin: product_reg[69]/Q (HIGH)

 There are 6 register/latch pins with no clock driven by root clock pin: product_reg[70]/Q (HIGH)

 There are 6 register/latch pins with no clock driven by root clock pin: product_reg[71]/Q (HIGH)

 There are 6 register/latch pins with no clock driven by root clock pin: product_reg[72]/Q (HIGH)

 There are 6 register/latch pins with no clock driven by root clock pin: product_reg[73]/Q (HIGH)

 There are 6 register/latch pins with no clock driven by root clock pin: product_reg[74]/Q (HIGH)

 There are 6 register/latch pins with no clock driven by root clock pin: product_reg[75]/Q (HIGH)

 There are 6 register/latch pins with no clock driven by root clock pin: product_reg[76]/Q (HIGH)

 There are 6 register/latch pins with no clock driven by root clock pin: product_reg[77]/Q (HIGH)

 There are 6 register/latch pins with no clock driven by root clock pin: product_reg[78]/Q (HIGH)

 There are 6 register/latch pins with no clock driven by root clock pin: product_reg[79]/Q (HIGH)

 There are 6 register/latch pins with no clock driven by root clock pin: product_reg[80]/Q (HIGH)

 There are 6 register/latch pins with no clock driven by root clock pin: product_reg[81]/Q (HIGH)

 There are 6 register/latch pins with no clock driven by root clock pin: product_reg[82]/Q (HIGH)

 There are 6 register/latch pins with no clock driven by root clock pin: product_reg[83]/Q (HIGH)

 There are 6 register/latch pins with no clock driven by root clock pin: product_reg[84]/Q (HIGH)

 There are 6 register/latch pins with no clock driven by root clock pin: product_reg[85]/Q (HIGH)

 There are 6 register/latch pins with no clock driven by root clock pin: product_reg[86]/Q (HIGH)

 There are 6 register/latch pins with no clock driven by root clock pin: product_reg[87]/Q (HIGH)

 There are 6 register/latch pins with no clock driven by root clock pin: product_reg[88]/Q (HIGH)

 There are 6 register/latch pins with no clock driven by root clock pin: product_reg[89]/Q (HIGH)

 There are 6 register/latch pins with no clock driven by root clock pin: product_reg[90]/Q (HIGH)

 There are 6 register/latch pins with no clock driven by root clock pin: product_reg[91]/Q (HIGH)

 There are 6 register/latch pins with no clock driven by root clock pin: product_reg[92]/Q (HIGH)

 There are 6 register/latch pins with no clock driven by root clock pin: product_reg[93]/Q (HIGH)

 There are 6 register/latch pins with no clock driven by root clock pin: product_reg[94]/Q (HIGH)

 There are 6 register/latch pins with no clock driven by root clock pin: product_reg[95]/Q (HIGH)

 There are 6 register/latch pins with no clock driven by root clock pin: product_reg[96]/Q (HIGH)

 There are 6 register/latch pins with no clock driven by root clock pin: product_reg[97]/Q (HIGH)

 There are 6 register/latch pins with no clock driven by root clock pin: product_reg[98]/Q (HIGH)

 There are 6 register/latch pins with no clock driven by root clock pin: product_reg[99]/Q (HIGH)


2. checking constant_clock
--------------------------
 There are 0 register/latch pins with constant_clock.


3. checking pulse_width_clock
-----------------------------
 There are 0 register/latch pins which need pulse_width check


4. checking unconstrained_internal_endpoints
--------------------------------------------
 There are 6 pins that are not constrained for maximum delay. (HIGH)

 There are 0 pins that are not constrained for maximum delay due to constant clock.


5. checking no_input_delay
--------------------------
 There are 130 input ports with no input delay specified. (HIGH)

 There are 0 input ports with no input delay but user has a false path constraint.


6. checking no_output_delay
---------------------------
 There are 68 ports with no output delay specified. (HIGH)

 There are 0 ports with no output delay but user has a false path constraint

 There are 0 ports with no output delay but with a timing clock defined on it or propagating through it


7. checking multiple_clock
--------------------------
 There are 0 register/latch pins with multiple clocks.


8. checking generated_clocks
----------------------------
 There are 0 generated clocks that are not connected to a clock source.


9. checking loops
-----------------
 There are 0 combinational loops in the design.


10. checking partial_input_delay
--------------------------------
 There are 0 input ports with partial input delay specified.


11. checking partial_output_delay
---------------------------------
 There are 0 ports with partial output delay specified.


12. checking latch_loops
------------------------
 There are 0 combinational latch loops in the design through latch input



------------------------------------------------------------------------------------------------
| Design Timing Summary
| ---------------------
------------------------------------------------------------------------------------------------

    WNS(ns)      TNS(ns)  TNS Failing Endpoints  TNS Total Endpoints      WHS(ns)      THS(ns)  THS Failing Endpoints  THS Total Endpoints     WPWS(ns)     TPWS(ns)  TPWS Failing Endpoints  TPWS Total Endpoints  
    -------      -------  ---------------------  -------------------      -------      -------  ---------------------  -------------------     --------     --------  ----------------------  --------------------  
      4.951        0.000                      0                 1242        0.114        0.000                      0                 1242        4.500        0.000                       0                   957  


All user specified timing constraints are met.


------------------------------------------------------------------------------------------------
| Clock Summary
| -------------
------------------------------------------------------------------------------------------------

Clock  Waveform(ns)       Period(ns)      Frequency(MHz)
-----  ------------       ----------      --------------
clk    {0.000 5.000}      10.000          100.000         


------------------------------------------------------------------------------------------------
| Intra Clock Table
| -----------------
------------------------------------------------------------------------------------------------

Clock             WNS(ns)      TNS(ns)  TNS Failing Endpoints  TNS Total Endpoints      WHS(ns)      THS(ns)  THS Failing Endpoints  THS Total Endpoints     WPWS(ns)     TPWS(ns)  TPWS Failing Endpoints  TPWS Total Endpoints  
-----             -------      -------  ---------------------  -------------------      -------      -------  ---------------------  -------------------     --------     --------  ----------------------  --------------------  
clk                 4.951        0.000                      0                 1242        0.114        0.000                      0                 1242        4.500        0.000                       0                   957  


------------------------------------------------------------------------------------------------
| Inter Clock Table
| -----------------
------------------------------------------------------------------------------------------------

From Clock    To Clock          WNS(ns)      TNS(ns)  TNS Failing Endpoints  TNS Total Endpoints      WHS(ns)      THS(ns)  THS Failing Endpoints  THS Total Endpoints  
----------    --------          -------      -------  ---------------------  -------------------      -------      -------  ---------------------  -------------------  


------------------------------------------------------------------------------------------------
| Other Path Groups Table
| -----------------------
------------------------------------------------------------------------------------------------

Path Group    From Clock    To Clock          WNS(ns)      TNS(ns)  TNS Failing Endpoints  TNS Total Endpoints      WHS(ns)      THS(ns)  THS Failing Endpoints  THS Total Endpoints  
----------    ----------    --------          -------      -------  ---------------------  -------------------      -------      -------  ---------------------  -------------------  


------------------------------------------------------------------------------------------------
| Timing Details
| --------------
------------------------------------------------------------------------------------------------


---------------------------------------------------------------------------------------------------
From Clock:  clk
  To Clock:  clk

Setup :            0  Failing Endpoints,  Worst Slack        4.951ns,  Total Violation        0.000ns
Hold  :            0  Failing Endpoints,  Worst Slack        0.114ns,  Total Violation        0.000ns
PW    :            0  Failing Endpoints,  Worst Slack        4.500ns,  Total Violation        0.000ns
---------------------------------------------------------------------------------------------------


Max Delay Paths
--------------------------------------------------------------------------------------
Slack (MET) :             4.951ns  (required time - arrival time)
  Source:                 exponent_2_reg[5]/C
                            (rising edge-triggered cell FDRE clocked by clk  {rise@0.000ns fall@5.000ns period=10.000ns})
  Destination:            product_4_reg[61]/D
                            (rising edge-triggered cell FDRE clocked by clk  {rise@0.000ns fall@5.000ns period=10.000ns})
  Path Group:             clk
  Path Type:              Setup (Max at Slow Process Corner)
  Requirement:            10.000ns  (clk rise@10.000ns - clk rise@0.000ns)
  Data Path Delay:        5.042ns  (logic 1.241ns (24.613%)  route 3.801ns (75.387%))
  Logic Levels:           5  (LUT3=1 LUT4=2 LUT6=2)
  Clock Path Skew:        -0.035ns (DCD - SCD + CPR)
    Destination Clock Delay (DCD):    0.669ns = ( 10.669 - 10.000 ) 
    Source Clock Delay      (SCD):    0.704ns
    Clock Pessimism Removal (CPR):    0.000ns
  Clock Uncertainty:      0.035ns  ((TSJ^2 + TIJ^2)^1/2 + DJ) / 2 + PE
    Total System Jitter     (TSJ):    0.071ns
    Total Input Jitter      (TIJ):    0.000ns
    Discrete Jitter          (DJ):    0.000ns
    Phase Error              (PE):    0.000ns

    Location             Delay type                Incr(ns)  Path(ns)    Netlist Resource(s)
  -------------------------------------------------------------------    -------------------
                         (clock clk rise edge)        0.000     0.000 r  
                                                      0.000     0.000 r  clk (IN)
                         net (fo=956, unset)          0.704     0.704    clk
    SLICE_X46Y85         FDRE                                         r  exponent_2_reg[5]/C
  -------------------------------------------------------------------    -------------------
    SLICE_X46Y85         FDRE (Prop_fdre_C_Q)         0.361     1.065 r  exponent_2_reg[5]/Q
                         net (fo=154, estimated)      1.109     2.174    exponent_2[5]
    SLICE_X55Y88         LUT4 (Prop_lut4_I1_O)        0.202     2.376 r  product_4[74]_i_5/O
                         net (fo=1, estimated)        0.319     2.695    product_4[74]_i_5_n_0
    SLICE_X55Y88         LUT6 (Prop_lut6_I5_O)        0.239     2.934 r  product_4[74]_i_4/O
                         net (fo=2, estimated)        0.962     3.896    product_4[74]_i_4_n_0
    SLICE_X52Y92         LUT3 (Prop_lut3_I2_O)        0.097     3.993 r  product_4[66]_i_3/O
                         net (fo=4, estimated)        0.539     4.532    product_4[66]_i_3_n_0
    SLICE_X48Y92         LUT6 (Prop_lut6_I1_O)        0.239     4.771 r  product_4[62]_i_2/O
                         net (fo=2, estimated)        0.872     5.643    product_4[62]_i_2_n_0
    SLICE_X45Y96         LUT4 (Prop_lut4_I1_O)        0.103     5.746 r  product_4[61]_i_1/O
                         net (fo=1, routed)           0.000     5.746    product_4[61]_i_1_n_0
    SLICE_X45Y96         FDRE                                         r  product_4_reg[61]/D
  -------------------------------------------------------------------    -------------------

                         (clock clk rise edge)       10.000    10.000 r  
                                                      0.000    10.000 r  clk (IN)
                         net (fo=956, unset)          0.669    10.669    clk
    SLICE_X45Y96         FDRE                                         r  product_4_reg[61]/C
                         clock pessimism              0.000    10.669    
                         clock uncertainty           -0.035    10.633    
    SLICE_X45Y96         FDRE (Setup_fdre_C_D)        0.064    10.697    product_4_reg[61]
  -------------------------------------------------------------------
                         required time                         10.697    
                         arrival time                          -5.746    
  -------------------------------------------------------------------
                         slack                                  4.951    





Min Delay Paths
--------------------------------------------------------------------------------------
Slack (MET) :             0.114ns  (arrival time - required time)
  Source:                 A[3]/C
                            (rising edge-triggered cell FDRE clocked by clk  {rise@0.000ns fall@5.000ns period=10.000ns})
  Destination:            mul_a_reg[3]/D
                            (rising edge-triggered cell FDRE clocked by clk  {rise@0.000ns fall@5.000ns period=10.000ns})
  Path Group:             clk
  Path Type:              Hold (Min at Fast Process Corner)
  Requirement:            0.000ns  (clk rise@0.000ns - clk rise@0.000ns)
  Data Path Delay:        0.213ns  (logic 0.141ns (66.090%)  route 0.072ns (33.910%))
  Logic Levels:           0  
  Clock Path Skew:        0.022ns (DCD - SCD - CPR)
    Destination Clock Delay (DCD):    0.432ns
    Source Clock Delay      (SCD):    0.411ns
    Clock Pessimism Removal (CPR):    -0.000ns

    Location             Delay type                Incr(ns)  Path(ns)    Netlist Resource(s)
  -------------------------------------------------------------------    -------------------
                         (clock clk rise edge)        0.000     0.000 r  
                                                      0.000     0.000 r  clk (IN)
                         net (fo=956, unset)          0.411     0.411    clk
    SLICE_X33Y82         FDRE                                         r  A[3]/C
  -------------------------------------------------------------------    -------------------
    SLICE_X33Y82         FDRE (Prop_fdre_C_Q)         0.141     0.552 r  A[3]/Q
                         net (fo=1, estimated)        0.072     0.624    A_n_0_[3]
    SLICE_X33Y82         FDRE                                         r  mul_a_reg[3]/D
  -------------------------------------------------------------------    -------------------

                         (clock clk rise edge)        0.000     0.000 r  
                                                      0.000     0.000 r  clk (IN)
                         net (fo=956, unset)          0.432     0.432    clk
    SLICE_X33Y82         FDRE                                         r  mul_a_reg[3]/C
                         clock pessimism              0.000     0.432    
    SLICE_X33Y82         FDRE (Hold_fdre_C_D)         0.078     0.510    mul_a_reg[3]
  -------------------------------------------------------------------
                         required time                         -0.510    
                         arrival time                           0.624    
  -------------------------------------------------------------------
                         slack                                  0.114    





Pulse Width Checks
--------------------------------------------------------------------------------------
Clock Name:         clk
Waveform(ns):       { 0.000 5.000 }
Period(ns):         10.000
Sources:            { clk }

Check Type        Corner  Lib Pin      Reference Pin  Required(ns)  Actual(ns)  Slack(ns)  Location      Pin
Min Period        n/a     DSP48E1/CLK  n/a            1.590         10.000      8.410      DSP48_X2Y28   sum_1_reg/CLK
Low Pulse Width   Slow    FDRE/C       n/a            0.500         5.000       4.500      SLICE_X33Y82  A[0]/C
High Pulse Width  Slow    FDRE/C       n/a            0.500         5.000       4.500      SLICE_X33Y82  A[0]/C



