Copyright 1986-2018 Xilinx, Inc. All Rights Reserved.
----------------------------------------------------------------------------------------------------------------------------------------------------------------------------
| Tool Version : Vivado v.2018.3 (lin64) Build 2405991 Thu Dec  6 23:36:41 MST 2018
| Date         : Tue Jan 11 22:09:32 2022
| Host         : koopa.ece.utexas.edu running 64-bit CentOS Linux release 7.9.2009 (Core)
| Command      : report_timing_summary -file /misc/scratch/zwei1/reports_Jan12/raw_designs/vtr_designs/verilog/LU32PEEng_submodules/LUControl/post_place_timing_summary.rpt
| Design       : LUControl
| Device       : 7z020-clg484
| Speed File   : -3  PRODUCTION 1.11 2014-09-11
----------------------------------------------------------------------------------------------------------------------------------------------------------------------------

Timing Summary Report

------------------------------------------------------------------------------------------------
| Timer Settings
| --------------
------------------------------------------------------------------------------------------------

  Enable Multi Corner Analysis               :  Yes
  Enable Pessimism Removal                   :  Yes
  Pessimism Removal Resolution               :  Nearest Common Node
  Enable Input Delay Default Clock           :  No
  Enable Preset / Clear Arcs                 :  No
  Disable Flight Delays                      :  No
  Ignore I/O Paths                           :  No
  Timing Early Launch at Borrowing Latches   :  false

  Corner  Analyze    Analyze    
  Name    Max Paths  Min Paths  
  ------  ---------  ---------  
  Slow    Yes        Yes        
  Fast    Yes        Yes        



check_timing report

Table of Contents
-----------------
1. checking no_clock
2. checking constant_clock
3. checking pulse_width_clock
4. checking unconstrained_internal_endpoints
5. checking no_input_delay
6. checking no_output_delay
7. checking multiple_clock
8. checking generated_clocks
9. checking loops
10. checking partial_input_delay
11. checking partial_output_delay
12. checking latch_loops

1. checking no_clock
--------------------
 There are 0 register/latch pins with no clock.


2. checking constant_clock
--------------------------
 There are 0 register/latch pins with constant_clock.


3. checking pulse_width_clock
-----------------------------
 There are 0 register/latch pins which need pulse_width check


4. checking unconstrained_internal_endpoints
--------------------------------------------
 There are 0 pins that are not constrained for maximum delay.

 There are 0 pins that are not constrained for maximum delay due to constant clock.


5. checking no_input_delay
--------------------------
 There are 24 input ports with no input delay specified. (HIGH)

 There are 0 input ports with no input delay but user has a false path constraint.


6. checking no_output_delay
---------------------------
 There are 123 ports with no output delay specified. (HIGH)

 There are 0 ports with no output delay but user has a false path constraint

 There are 0 ports with no output delay but with a timing clock defined on it or propagating through it


7. checking multiple_clock
--------------------------
 There are 0 register/latch pins with multiple clocks.


8. checking generated_clocks
----------------------------
 There are 0 generated clocks that are not connected to a clock source.


9. checking loops
-----------------
 There are 0 combinational loops in the design.


10. checking partial_input_delay
--------------------------------
 There are 0 input ports with partial input delay specified.


11. checking partial_output_delay
---------------------------------
 There are 0 ports with partial output delay specified.


12. checking latch_loops
------------------------
 There are 0 combinational latch loops in the design through latch input



------------------------------------------------------------------------------------------------
| Design Timing Summary
| ---------------------
------------------------------------------------------------------------------------------------

    WNS(ns)      TNS(ns)  TNS Failing Endpoints  TNS Total Endpoints      WHS(ns)      THS(ns)  THS Failing Endpoints  THS Total Endpoints     WPWS(ns)     TPWS(ns)  TPWS Failing Endpoints  TPWS Total Endpoints  
    -------      -------  ---------------------  -------------------      -------      -------  ---------------------  -------------------     --------     --------  ----------------------  --------------------  
      4.262        0.000                      0                  627        0.075        0.000                      0                  627        4.230        0.000                       0                   451  


All user specified timing constraints are met.


------------------------------------------------------------------------------------------------
| Clock Summary
| -------------
------------------------------------------------------------------------------------------------

Clock  Waveform(ns)       Period(ns)      Frequency(MHz)
-----  ------------       ----------      --------------
clk    {0.000 5.000}      10.000          100.000         


------------------------------------------------------------------------------------------------
| Intra Clock Table
| -----------------
------------------------------------------------------------------------------------------------

Clock             WNS(ns)      TNS(ns)  TNS Failing Endpoints  TNS Total Endpoints      WHS(ns)      THS(ns)  THS Failing Endpoints  THS Total Endpoints     WPWS(ns)     TPWS(ns)  TPWS Failing Endpoints  TPWS Total Endpoints  
-----             -------      -------  ---------------------  -------------------      -------      -------  ---------------------  -------------------     --------     --------  ----------------------  --------------------  
clk                 4.262        0.000                      0                  627        0.075        0.000                      0                  627        4.230        0.000                       0                   451  


------------------------------------------------------------------------------------------------
| Inter Clock Table
| -----------------
------------------------------------------------------------------------------------------------

From Clock    To Clock          WNS(ns)      TNS(ns)  TNS Failing Endpoints  TNS Total Endpoints      WHS(ns)      THS(ns)  THS Failing Endpoints  THS Total Endpoints  
----------    --------          -------      -------  ---------------------  -------------------      -------      -------  ---------------------  -------------------  


------------------------------------------------------------------------------------------------
| Other Path Groups Table
| -----------------------
------------------------------------------------------------------------------------------------

Path Group    From Clock    To Clock          WNS(ns)      TNS(ns)  TNS Failing Endpoints  TNS Total Endpoints      WHS(ns)      THS(ns)  THS Failing Endpoints  THS Total Endpoints  
----------    ----------    --------          -------      -------  ---------------------  -------------------      -------      -------  ---------------------  -------------------  


------------------------------------------------------------------------------------------------
| Timing Details
| --------------
------------------------------------------------------------------------------------------------


---------------------------------------------------------------------------------------------------
From Clock:  clk
  To Clock:  clk

Setup :            0  Failing Endpoints,  Worst Slack        4.262ns,  Total Violation        0.000ns
Hold  :            0  Failing Endpoints,  Worst Slack        0.075ns,  Total Violation        0.000ns
PW    :            0  Failing Endpoints,  Worst Slack        4.230ns,  Total Violation        0.000ns
---------------------------------------------------------------------------------------------------


Max Delay Paths
--------------------------------------------------------------------------------------
Slack (MET) :             4.262ns  (required time - arrival time)
  Source:                 stop2_reg[3]/C
                            (rising edge-triggered cell FDRE clocked by clk  {rise@0.000ns fall@5.000ns period=10.000ns})
  Destination:            msIdx_reg[0]/CE
                            (rising edge-triggered cell FDRE clocked by clk  {rise@0.000ns fall@5.000ns period=10.000ns})
  Path Group:             clk
  Path Type:              Setup (Max at Slow Process Corner)
  Requirement:            10.000ns  (clk rise@10.000ns - clk rise@0.000ns)
  Data Path Delay:        5.517ns  (logic 1.320ns (23.926%)  route 4.197ns (76.074%))
  Logic Levels:           7  (LUT3=1 LUT5=4 LUT6=2)
  Clock Path Skew:        -0.035ns (DCD - SCD + CPR)
    Destination Clock Delay (DCD):    0.669ns = ( 10.669 - 10.000 ) 
    Source Clock Delay      (SCD):    0.704ns
    Clock Pessimism Removal (CPR):    0.000ns
  Clock Uncertainty:      0.035ns  ((TSJ^2 + TIJ^2)^1/2 + DJ) / 2 + PE
    Total System Jitter     (TSJ):    0.071ns
    Total Input Jitter      (TIJ):    0.000ns
    Discrete Jitter          (DJ):    0.000ns
    Phase Error              (PE):    0.000ns

    Location             Delay type                Incr(ns)  Path(ns)    Netlist Resource(s)
  -------------------------------------------------------------------    -------------------
                         (clock clk rise edge)        0.000     0.000 r  
                                                      0.000     0.000 r  clk (IN)
                         net (fo=450, unset)          0.704     0.704    clk
    SLICE_X47Y66         FDRE                                         r  stop2_reg[3]/C
  -------------------------------------------------------------------    -------------------
    SLICE_X47Y66         FDRE (Prop_fdre_C_Q)         0.341     1.045 r  stop2_reg[3]/Q
                         net (fo=1, estimated)        0.711     1.756    stop2[3]
    SLICE_X47Y66         LUT6 (Prop_lut6_I0_O)        0.097     1.853 r  FSM_onehot_currentState[14]_i_6/O
                         net (fo=2, estimated)        0.627     2.480    FSM_onehot_currentState[14]_i_6_n_0
    SLICE_X44Y70         LUT5 (Prop_lut5_I0_O)        0.113     2.593 f  FSM_onehot_currentState[14]_i_2/O
                         net (fo=5, estimated)        0.729     3.322    FSM_onehot_currentState[14]_i_2_n_0
    SLICE_X41Y71         LUT3 (Prop_lut3_I2_O)        0.239     3.561 f  FSM_onehot_currentState[13]_i_2/O
                         net (fo=2, estimated)        0.419     3.980    FSM_onehot_currentState[13]_i_2_n_0
    SLICE_X41Y73         LUT5 (Prop_lut5_I0_O)        0.239     4.219 r  byteEn[127]_i_3/O
                         net (fo=3, estimated)        0.585     4.804    byteEn[127]_i_3_n_0
    SLICE_X40Y73         LUT6 (Prop_lut6_I2_O)        0.097     4.901 f  FSM_sequential_currentRowState[0]_i_2/O
                         net (fo=2, estimated)        0.307     5.208    FSM_sequential_currentRowState[0]_i_2_n_0
    SLICE_X41Y73         LUT5 (Prop_lut5_I1_O)        0.097     5.305 r  msIdx[6]_i_2/O
                         net (fo=14, estimated)       0.451     5.756    msIdx[6]_i_2_n_0
    SLICE_X47Y72         LUT5 (Prop_lut5_I4_O)        0.097     5.853 r  msIdx_reg[0]_CE_cooolgate_en_gate_2_LOPT_REMAP/O
                         net (fo=6, estimated)        0.368     6.221    msIdx_reg[0]_CE_cooolgate_en_sig_2
    SLICE_X48Y72         FDRE                                         r  msIdx_reg[0]/CE
  -------------------------------------------------------------------    -------------------

                         (clock clk rise edge)       10.000    10.000 r  
                                                      0.000    10.000 r  clk (IN)
                         net (fo=450, unset)          0.669    10.669    clk
    SLICE_X48Y72         FDRE                                         r  msIdx_reg[0]/C
                         clock pessimism              0.000    10.669    
                         clock uncertainty           -0.035    10.633    
    SLICE_X48Y72         FDRE (Setup_fdre_C_CE)      -0.150    10.483    msIdx_reg[0]
  -------------------------------------------------------------------
                         required time                         10.483    
                         arrival time                          -6.221    
  -------------------------------------------------------------------
                         slack                                  4.262    





Min Delay Paths
--------------------------------------------------------------------------------------
Slack (MET) :             0.075ns  (arrival time - required time)
  Source:                 writeByteEnDelay4_reg[119]/C
                            (rising edge-triggered cell FDSE clocked by clk  {rise@0.000ns fall@5.000ns period=10.000ns})
  Destination:            writeByteEnDelay0_reg[119]_srl4/D
                            (rising edge-triggered cell SRL16E clocked by clk  {rise@0.000ns fall@5.000ns period=10.000ns})
  Path Group:             clk
  Path Type:              Hold (Min at Fast Process Corner)
  Requirement:            0.000ns  (clk rise@0.000ns - clk rise@0.000ns)
  Data Path Delay:        0.213ns  (logic 0.141ns (66.090%)  route 0.072ns (33.910%))
  Logic Levels:           0  
  Clock Path Skew:        0.022ns (DCD - SCD - CPR)
    Destination Clock Delay (DCD):    0.432ns
    Source Clock Delay      (SCD):    0.411ns
    Clock Pessimism Removal (CPR):    -0.000ns

    Location             Delay type                Incr(ns)  Path(ns)    Netlist Resource(s)
  -------------------------------------------------------------------    -------------------
                         (clock clk rise edge)        0.000     0.000 r  
                                                      0.000     0.000 r  clk (IN)
                         net (fo=450, unset)          0.411     0.411    clk
    SLICE_X31Y73         FDSE                                         r  writeByteEnDelay4_reg[119]/C
  -------------------------------------------------------------------    -------------------
    SLICE_X31Y73         FDSE (Prop_fdse_C_Q)         0.141     0.552 r  writeByteEnDelay4_reg[119]/Q
                         net (fo=1, estimated)        0.072     0.624    writeByteEnDelay4_reg_n_0_[119]
    SLICE_X30Y73         SRL16E                                       r  writeByteEnDelay0_reg[119]_srl4/D
  -------------------------------------------------------------------    -------------------

                         (clock clk rise edge)        0.000     0.000 r  
                                                      0.000     0.000 r  clk (IN)
                         net (fo=450, unset)          0.432     0.432    clk
    SLICE_X30Y73         SRL16E                                       r  writeByteEnDelay0_reg[119]_srl4/CLK
                         clock pessimism              0.000     0.432    
    SLICE_X30Y73         SRL16E (Hold_srl16e_CLK_D)
                                                      0.117     0.549    writeByteEnDelay0_reg[119]_srl4
  -------------------------------------------------------------------
                         required time                         -0.549    
                         arrival time                           0.624    
  -------------------------------------------------------------------
                         slack                                  0.075    





Pulse Width Checks
--------------------------------------------------------------------------------------
Clock Name:         clk
Waveform(ns):       { 0.000 5.000 }
Period(ns):         10.000
Sources:            { clk }

Check Type        Corner  Lib Pin     Reference Pin  Required(ns)  Actual(ns)  Slack(ns)  Location      Pin
Min Period        n/a     FDRE/C      n/a            1.000         10.000      9.000      SLICE_X42Y74  FSM_onehot_currentState_reg[10]/C
Low Pulse Width   Slow    SRL16E/CLK  n/a            0.770         5.000       4.230      SLICE_X50Y75  curWriteAddrDelay17_reg[0]_srl3/CLK
High Pulse Width  Slow    SRL16E/CLK  n/a            0.770         5.000       4.230      SLICE_X50Y75  curWriteAddrDelay17_reg[0]_srl3/CLK



