Copyright 1986-2018 Xilinx, Inc. All Rights Reserved.
----------------------------------------------------------------------------------------------------------------------------------------------------------------------------
| Tool Version : Vivado v.2018.3 (lin64) Build 2405991 Thu Dec  6 23:36:41 MST 2018
| Date         : Tue Jan 11 22:09:57 2022
| Host         : koopa.ece.utexas.edu running 64-bit CentOS Linux release 7.9.2009 (Core)
| Command      : report_timing_summary -file /misc/scratch/zwei1/reports_Jan12/raw_designs/vtr_designs/verilog/LU32PEEng_submodules/LUControl/post_route_timing_summary.rpt
| Design       : LUControl
| Device       : 7z020-clg484
| Speed File   : -3  PRODUCTION 1.11 2014-09-11
----------------------------------------------------------------------------------------------------------------------------------------------------------------------------

Timing Summary Report

------------------------------------------------------------------------------------------------
| Timer Settings
| --------------
------------------------------------------------------------------------------------------------

  Enable Multi Corner Analysis               :  Yes
  Enable Pessimism Removal                   :  Yes
  Pessimism Removal Resolution               :  Nearest Common Node
  Enable Input Delay Default Clock           :  No
  Enable Preset / Clear Arcs                 :  No
  Disable Flight Delays                      :  No
  Ignore I/O Paths                           :  No
  Timing Early Launch at Borrowing Latches   :  false

  Corner  Analyze    Analyze    
  Name    Max Paths  Min Paths  
  ------  ---------  ---------  
  Slow    Yes        Yes        
  Fast    Yes        Yes        



check_timing report

Table of Contents
-----------------
1. checking no_clock
2. checking constant_clock
3. checking pulse_width_clock
4. checking unconstrained_internal_endpoints
5. checking no_input_delay
6. checking no_output_delay
7. checking multiple_clock
8. checking generated_clocks
9. checking loops
10. checking partial_input_delay
11. checking partial_output_delay
12. checking latch_loops

1. checking no_clock
--------------------
 There are 0 register/latch pins with no clock.


2. checking constant_clock
--------------------------
 There are 0 register/latch pins with constant_clock.


3. checking pulse_width_clock
-----------------------------
 There are 0 register/latch pins which need pulse_width check


4. checking unconstrained_internal_endpoints
--------------------------------------------
 There are 0 pins that are not constrained for maximum delay.

 There are 0 pins that are not constrained for maximum delay due to constant clock.


5. checking no_input_delay
--------------------------
 There are 24 input ports with no input delay specified. (HIGH)

 There are 0 input ports with no input delay but user has a false path constraint.


6. checking no_output_delay
---------------------------
 There are 123 ports with no output delay specified. (HIGH)

 There are 0 ports with no output delay but user has a false path constraint

 There are 0 ports with no output delay but with a timing clock defined on it or propagating through it


7. checking multiple_clock
--------------------------
 There are 0 register/latch pins with multiple clocks.


8. checking generated_clocks
----------------------------
 There are 0 generated clocks that are not connected to a clock source.


9. checking loops
-----------------
 There are 0 combinational loops in the design.


10. checking partial_input_delay
--------------------------------
 There are 0 input ports with partial input delay specified.


11. checking partial_output_delay
---------------------------------
 There are 0 ports with partial output delay specified.


12. checking latch_loops
------------------------
 There are 0 combinational latch loops in the design through latch input



------------------------------------------------------------------------------------------------
| Design Timing Summary
| ---------------------
------------------------------------------------------------------------------------------------

    WNS(ns)      TNS(ns)  TNS Failing Endpoints  TNS Total Endpoints      WHS(ns)      THS(ns)  THS Failing Endpoints  THS Total Endpoints     WPWS(ns)     TPWS(ns)  TPWS Failing Endpoints  TPWS Total Endpoints  
    -------      -------  ---------------------  -------------------      -------      -------  ---------------------  -------------------     --------     --------  ----------------------  --------------------  
      4.297        0.000                      0                  627        0.057        0.000                      0                  627        4.230        0.000                       0                   451  


All user specified timing constraints are met.


------------------------------------------------------------------------------------------------
| Clock Summary
| -------------
------------------------------------------------------------------------------------------------

Clock  Waveform(ns)       Period(ns)      Frequency(MHz)
-----  ------------       ----------      --------------
clk    {0.000 5.000}      10.000          100.000         


------------------------------------------------------------------------------------------------
| Intra Clock Table
| -----------------
------------------------------------------------------------------------------------------------

Clock             WNS(ns)      TNS(ns)  TNS Failing Endpoints  TNS Total Endpoints      WHS(ns)      THS(ns)  THS Failing Endpoints  THS Total Endpoints     WPWS(ns)     TPWS(ns)  TPWS Failing Endpoints  TPWS Total Endpoints  
-----             -------      -------  ---------------------  -------------------      -------      -------  ---------------------  -------------------     --------     --------  ----------------------  --------------------  
clk                 4.297        0.000                      0                  627        0.057        0.000                      0                  627        4.230        0.000                       0                   451  


------------------------------------------------------------------------------------------------
| Inter Clock Table
| -----------------
------------------------------------------------------------------------------------------------

From Clock    To Clock          WNS(ns)      TNS(ns)  TNS Failing Endpoints  TNS Total Endpoints      WHS(ns)      THS(ns)  THS Failing Endpoints  THS Total Endpoints  
----------    --------          -------      -------  ---------------------  -------------------      -------      -------  ---------------------  -------------------  


------------------------------------------------------------------------------------------------
| Other Path Groups Table
| -----------------------
------------------------------------------------------------------------------------------------

Path Group    From Clock    To Clock          WNS(ns)      TNS(ns)  TNS Failing Endpoints  TNS Total Endpoints      WHS(ns)      THS(ns)  THS Failing Endpoints  THS Total Endpoints  
----------    ----------    --------          -------      -------  ---------------------  -------------------      -------      -------  ---------------------  -------------------  


------------------------------------------------------------------------------------------------
| Timing Details
| --------------
------------------------------------------------------------------------------------------------


---------------------------------------------------------------------------------------------------
From Clock:  clk
  To Clock:  clk

Setup :            0  Failing Endpoints,  Worst Slack        4.297ns,  Total Violation        0.000ns
Hold  :            0  Failing Endpoints,  Worst Slack        0.057ns,  Total Violation        0.000ns
PW    :            0  Failing Endpoints,  Worst Slack        4.230ns,  Total Violation        0.000ns
---------------------------------------------------------------------------------------------------


Max Delay Paths
--------------------------------------------------------------------------------------
Slack (MET) :             4.297ns  (required time - arrival time)
  Source:                 mdivk_reg[0]/C
                            (rising edge-triggered cell FDRE clocked by clk  {rise@0.000ns fall@5.000ns period=10.000ns})
  Destination:            msIdx_reg[0]/CE
                            (rising edge-triggered cell FDRE clocked by clk  {rise@0.000ns fall@5.000ns period=10.000ns})
  Path Group:             clk
  Path Type:              Setup (Max at Slow Process Corner)
  Requirement:            10.000ns  (clk rise@10.000ns - clk rise@0.000ns)
  Data Path Delay:        5.483ns  (logic 1.804ns (32.905%)  route 3.679ns (67.095%))
  Logic Levels:           10  (CARRY4=4 LUT4=2 LUT5=2 LUT6=2)
  Clock Path Skew:        -0.035ns (DCD - SCD + CPR)
    Destination Clock Delay (DCD):    0.669ns = ( 10.669 - 10.000 ) 
    Source Clock Delay      (SCD):    0.704ns
    Clock Pessimism Removal (CPR):    0.000ns
  Clock Uncertainty:      0.035ns  ((TSJ^2 + TIJ^2)^1/2 + DJ) / 2 + PE
    Total System Jitter     (TSJ):    0.071ns
    Total Input Jitter      (TIJ):    0.000ns
    Discrete Jitter          (DJ):    0.000ns
    Phase Error              (PE):    0.000ns

    Location             Delay type                Incr(ns)  Path(ns)    Netlist Resource(s)
  -------------------------------------------------------------------    -------------------
                         (clock clk rise edge)        0.000     0.000 r  
                                                      0.000     0.000 r  clk (IN)
                         net (fo=450, unset)          0.704     0.704    clk
    SLICE_X46Y66         FDRE                                         r  mdivk_reg[0]/C
  -------------------------------------------------------------------    -------------------
    SLICE_X46Y66         FDRE (Prop_fdre_C_Q)         0.393     1.097 r  mdivk_reg[0]/Q
                         net (fo=34, routed)          0.970     2.067    mdivk[0]
    SLICE_X45Y70         LUT4 (Prop_lut4_I1_O)        0.097     2.164 r  FSM_onehot_currentState[0]_i_26/O
                         net (fo=1, routed)           0.000     2.164    FSM_onehot_currentState[0]_i_26_n_0
    SLICE_X45Y70         CARRY4 (Prop_carry4_S[1]_CO[3])
                                                      0.412     2.576 r  FSM_onehot_currentState_reg[0]_i_15/CO[3]
                         net (fo=1, routed)           0.000     2.576    FSM_onehot_currentState_reg[0]_i_15_n_0
    SLICE_X45Y71         CARRY4 (Prop_carry4_CI_CO[3])
                                                      0.089     2.665 r  FSM_onehot_currentState_reg[0]_i_10/CO[3]
                         net (fo=1, routed)           0.000     2.665    FSM_onehot_currentState_reg[0]_i_10_n_0
    SLICE_X45Y72         CARRY4 (Prop_carry4_CI_CO[3])
                                                      0.089     2.754 r  FSM_onehot_currentState_reg[0]_i_5/CO[3]
                         net (fo=1, routed)           0.000     2.754    FSM_onehot_currentState_reg[0]_i_5_n_0
    SLICE_X45Y73         CARRY4 (Prop_carry4_CI_CO[3])
                                                      0.089     2.843 r  FSM_onehot_currentState_reg[0]_i_3/CO[3]
                         net (fo=7, routed)           0.979     3.822    nextState1
    SLICE_X44Y75         LUT4 (Prop_lut4_I3_O)        0.097     3.919 f  byteEn[127]_i_11/O
                         net (fo=1, routed)           0.469     4.388    byteEn[127]_i_11_n_0
    SLICE_X42Y73         LUT6 (Prop_lut6_I3_O)        0.247     4.635 f  byteEn[127]_i_4/O
                         net (fo=3, routed)           0.407     5.042    byteEn[127]_i_4_n_0
    SLICE_X41Y73         LUT6 (Prop_lut6_I3_O)        0.097     5.139 r  FSM_sequential_currentRowState[1]_i_2/O
                         net (fo=3, routed)           0.106     5.245    FSM_sequential_currentRowState[1]_i_2_n_0
    SLICE_X41Y73         LUT5 (Prop_lut5_I4_O)        0.097     5.342 r  msIdx[6]_i_2/O
                         net (fo=14, routed)          0.385     5.727    msIdx[6]_i_2_n_0
    SLICE_X47Y72         LUT5 (Prop_lut5_I4_O)        0.097     5.824 r  msIdx_reg[0]_CE_cooolgate_en_gate_2_LOPT_REMAP/O
                         net (fo=6, routed)           0.363     6.187    msIdx_reg[0]_CE_cooolgate_en_sig_2
    SLICE_X48Y72         FDRE                                         r  msIdx_reg[0]/CE
  -------------------------------------------------------------------    -------------------

                         (clock clk rise edge)       10.000    10.000 r  
                                                      0.000    10.000 r  clk (IN)
                         net (fo=450, unset)          0.669    10.669    clk
    SLICE_X48Y72         FDRE                                         r  msIdx_reg[0]/C
                         clock pessimism              0.000    10.669    
                         clock uncertainty           -0.035    10.633    
    SLICE_X48Y72         FDRE (Setup_fdre_C_CE)      -0.150    10.483    msIdx_reg[0]
  -------------------------------------------------------------------
                         required time                         10.483    
                         arrival time                          -6.187    
  -------------------------------------------------------------------
                         slack                                  4.297    





Min Delay Paths
--------------------------------------------------------------------------------------
Slack (MET) :             0.057ns  (arrival time - required time)
  Source:                 writeByteEnDelay4_reg[119]/C
                            (rising edge-triggered cell FDSE clocked by clk  {rise@0.000ns fall@5.000ns period=10.000ns})
  Destination:            writeByteEnDelay0_reg[119]_srl4/D
                            (rising edge-triggered cell SRL16E clocked by clk  {rise@0.000ns fall@5.000ns period=10.000ns})
  Path Group:             clk
  Path Type:              Hold (Min at Fast Process Corner)
  Requirement:            0.000ns  (clk rise@0.000ns - clk rise@0.000ns)
  Data Path Delay:        0.196ns  (logic 0.141ns (71.991%)  route 0.055ns (28.009%))
  Logic Levels:           0  
  Clock Path Skew:        0.022ns (DCD - SCD - CPR)
    Destination Clock Delay (DCD):    0.432ns
    Source Clock Delay      (SCD):    0.411ns
    Clock Pessimism Removal (CPR):    -0.000ns

    Location             Delay type                Incr(ns)  Path(ns)    Netlist Resource(s)
  -------------------------------------------------------------------    -------------------
                         (clock clk rise edge)        0.000     0.000 r  
                                                      0.000     0.000 r  clk (IN)
                         net (fo=450, unset)          0.411     0.411    clk
    SLICE_X31Y73         FDSE                                         r  writeByteEnDelay4_reg[119]/C
  -------------------------------------------------------------------    -------------------
    SLICE_X31Y73         FDSE (Prop_fdse_C_Q)         0.141     0.552 r  writeByteEnDelay4_reg[119]/Q
                         net (fo=1, routed)           0.055     0.607    writeByteEnDelay4_reg_n_0_[119]
    SLICE_X30Y73         SRL16E                                       r  writeByteEnDelay0_reg[119]_srl4/D
  -------------------------------------------------------------------    -------------------

                         (clock clk rise edge)        0.000     0.000 r  
                                                      0.000     0.000 r  clk (IN)
                         net (fo=450, unset)          0.432     0.432    clk
    SLICE_X30Y73         SRL16E                                       r  writeByteEnDelay0_reg[119]_srl4/CLK
                         clock pessimism              0.000     0.432    
    SLICE_X30Y73         SRL16E (Hold_srl16e_CLK_D)
                                                      0.117     0.549    writeByteEnDelay0_reg[119]_srl4
  -------------------------------------------------------------------
                         required time                         -0.549    
                         arrival time                           0.607    
  -------------------------------------------------------------------
                         slack                                  0.057    





Pulse Width Checks
--------------------------------------------------------------------------------------
Clock Name:         clk
Waveform(ns):       { 0.000 5.000 }
Period(ns):         10.000
Sources:            { clk }

Check Type        Corner  Lib Pin     Reference Pin  Required(ns)  Actual(ns)  Slack(ns)  Location      Pin
Min Period        n/a     FDRE/C      n/a            1.000         10.000      9.000      SLICE_X42Y74  FSM_onehot_currentState_reg[10]/C
Low Pulse Width   Slow    SRL16E/CLK  n/a            0.770         5.000       4.230      SLICE_X50Y75  curWriteAddrDelay17_reg[0]_srl3/CLK
High Pulse Width  Slow    SRL16E/CLK  n/a            0.770         5.000       4.230      SLICE_X50Y75  curWriteAddrDelay17_reg[0]_srl3/CLK



