Copyright 1986-2018 Xilinx, Inc. All Rights Reserved.
--------------------------------------------------------------------------------------------------------------------------------------------------------------------------------------------------------------------------------------------------------
| Tool Version : Vivado v.2018.3 (lin64) Build 2405991 Thu Dec  6 23:36:41 MST 2018
| Date         : Wed Jan 12 09:05:09 2022
| Host         : koopa.ece.utexas.edu running 64-bit CentOS Linux release 7.9.2009 (Core)
| Command      : report_timing -sort_by group -max_paths 100 -path_type summary -file /misc/scratch/zwei1/reports_Jan12/raw_designs/vtr_designs/verilog/koios/tiny_darknet_like.medium_submodules/td_fused_top_tdf5_filters_0_ram/post_route_timing.rpt
| Design       : td_fused_top_tdf5_filters_0_ram
| Device       : 7z020-clg484
| Speed File   : -3  PRODUCTION 1.11 2014-09-11
--------------------------------------------------------------------------------------------------------------------------------------------------------------------------------------------------------------------------------------------------------

Timing Report

Startpoint                     Endpoint                       Slack(ns)     
----------------------------------------------------------------------------
ce1                            ram_reg_0/ENARDEN              inf           
ce1                            ram_reg_1/ENARDEN              inf           
ce1                            ram_reg_2/ENARDEN              inf           
ce1                            ram_reg_3/ENARDEN              inf           
addr1[7]                       ram_reg_0/ADDRARDADDR[10]      inf           
addr1[8]                       ram_reg_0/ADDRARDADDR[11]      inf           
addr1[9]                       ram_reg_0/ADDRARDADDR[12]      inf           
addr1[10]                      ram_reg_0/ADDRARDADDR[13]      inf           
addr1[11]                      ram_reg_0/ADDRARDADDR[14]      inf           
addr1[0]                       ram_reg_0/ADDRARDADDR[3]       inf           
addr1[1]                       ram_reg_0/ADDRARDADDR[4]       inf           
addr1[2]                       ram_reg_0/ADDRARDADDR[5]       inf           
addr1[3]                       ram_reg_0/ADDRARDADDR[6]       inf           
addr1[4]                       ram_reg_0/ADDRARDADDR[7]       inf           
addr1[5]                       ram_reg_0/ADDRARDADDR[8]       inf           
addr1[6]                       ram_reg_0/ADDRARDADDR[9]       inf           
addr0[7]                       ram_reg_0/ADDRBWRADDR[10]      inf           
addr0[8]                       ram_reg_0/ADDRBWRADDR[11]      inf           
addr0[9]                       ram_reg_0/ADDRBWRADDR[12]      inf           
addr0[10]                      ram_reg_0/ADDRBWRADDR[13]      inf           
addr0[11]                      ram_reg_0/ADDRBWRADDR[14]      inf           
addr0[0]                       ram_reg_0/ADDRBWRADDR[3]       inf           
addr0[1]                       ram_reg_0/ADDRBWRADDR[4]       inf           
addr0[2]                       ram_reg_0/ADDRBWRADDR[5]       inf           
addr0[3]                       ram_reg_0/ADDRBWRADDR[6]       inf           
addr0[4]                       ram_reg_0/ADDRBWRADDR[7]       inf           
addr0[5]                       ram_reg_0/ADDRBWRADDR[8]       inf           
addr0[6]                       ram_reg_0/ADDRBWRADDR[9]       inf           
d1[0]                          ram_reg_0/DIADI[0]             inf           
d1[1]                          ram_reg_0/DIADI[1]             inf           
d1[2]                          ram_reg_0/DIADI[2]             inf           
d1[3]                          ram_reg_0/DIADI[3]             inf           
d1[4]                          ram_reg_0/DIADI[4]             inf           
d1[5]                          ram_reg_0/DIADI[5]             inf           
d1[6]                          ram_reg_0/DIADI[6]             inf           
d1[7]                          ram_reg_0/DIADI[7]             inf           
d1[8]                          ram_reg_0/DIPADIP[0]           inf           
ce0                            ram_reg_0/ENBWREN              inf           
ce1                            ram_reg_0/WEA[0]               inf           
addr1[7]                       ram_reg_1/ADDRARDADDR[10]      inf           
addr1[8]                       ram_reg_1/ADDRARDADDR[11]      inf           
addr1[9]                       ram_reg_1/ADDRARDADDR[12]      inf           
addr1[10]                      ram_reg_1/ADDRARDADDR[13]      inf           
addr1[11]                      ram_reg_1/ADDRARDADDR[14]      inf           
addr1[0]                       ram_reg_1/ADDRARDADDR[3]       inf           
addr1[1]                       ram_reg_1/ADDRARDADDR[4]       inf           
addr1[2]                       ram_reg_1/ADDRARDADDR[5]       inf           
addr1[3]                       ram_reg_1/ADDRARDADDR[6]       inf           
addr1[4]                       ram_reg_1/ADDRARDADDR[7]       inf           
addr1[5]                       ram_reg_1/ADDRARDADDR[8]       inf           
addr1[6]                       ram_reg_1/ADDRARDADDR[9]       inf           
addr0[7]                       ram_reg_1/ADDRBWRADDR[10]      inf           
addr0[8]                       ram_reg_1/ADDRBWRADDR[11]      inf           
addr0[9]                       ram_reg_1/ADDRBWRADDR[12]      inf           
addr0[10]                      ram_reg_1/ADDRBWRADDR[13]      inf           
addr0[11]                      ram_reg_1/ADDRBWRADDR[14]      inf           
addr0[0]                       ram_reg_1/ADDRBWRADDR[3]       inf           
addr0[1]                       ram_reg_1/ADDRBWRADDR[4]       inf           
addr0[2]                       ram_reg_1/ADDRBWRADDR[5]       inf           
addr0[3]                       ram_reg_1/ADDRBWRADDR[6]       inf           
addr0[4]                       ram_reg_1/ADDRBWRADDR[7]       inf           
addr0[5]                       ram_reg_1/ADDRBWRADDR[8]       inf           
addr0[6]                       ram_reg_1/ADDRBWRADDR[9]       inf           
d1[9]                          ram_reg_1/DIADI[0]             inf           
d1[10]                         ram_reg_1/DIADI[1]             inf           
d1[11]                         ram_reg_1/DIADI[2]             inf           
d1[12]                         ram_reg_1/DIADI[3]             inf           
d1[13]                         ram_reg_1/DIADI[4]             inf           
d1[14]                         ram_reg_1/DIADI[5]             inf           
d1[15]                         ram_reg_1/DIADI[6]             inf           
d1[16]                         ram_reg_1/DIADI[7]             inf           
d1[17]                         ram_reg_1/DIPADIP[0]           inf           
ce0                            ram_reg_1/ENBWREN              inf           
ce1                            ram_reg_1/WEA[0]               inf           
addr1[7]                       ram_reg_2/ADDRARDADDR[10]      inf           
addr1[8]                       ram_reg_2/ADDRARDADDR[11]      inf           
addr1[9]                       ram_reg_2/ADDRARDADDR[12]      inf           
addr1[10]                      ram_reg_2/ADDRARDADDR[13]      inf           
addr1[11]                      ram_reg_2/ADDRARDADDR[14]      inf           
addr1[0]                       ram_reg_2/ADDRARDADDR[3]       inf           
addr1[1]                       ram_reg_2/ADDRARDADDR[4]       inf           
addr1[2]                       ram_reg_2/ADDRARDADDR[5]       inf           
addr1[3]                       ram_reg_2/ADDRARDADDR[6]       inf           
addr1[4]                       ram_reg_2/ADDRARDADDR[7]       inf           
addr1[5]                       ram_reg_2/ADDRARDADDR[8]       inf           
addr1[6]                       ram_reg_2/ADDRARDADDR[9]       inf           
addr0[7]                       ram_reg_2/ADDRBWRADDR[10]      inf           
addr0[8]                       ram_reg_2/ADDRBWRADDR[11]      inf           
addr0[9]                       ram_reg_2/ADDRBWRADDR[12]      inf           
addr0[10]                      ram_reg_2/ADDRBWRADDR[13]      inf           
addr0[11]                      ram_reg_2/ADDRBWRADDR[14]      inf           
addr0[0]                       ram_reg_2/ADDRBWRADDR[3]       inf           
addr0[1]                       ram_reg_2/ADDRBWRADDR[4]       inf           
addr0[2]                       ram_reg_2/ADDRBWRADDR[5]       inf           
addr0[3]                       ram_reg_2/ADDRBWRADDR[6]       inf           
addr0[4]                       ram_reg_2/ADDRBWRADDR[7]       inf           
addr0[5]                       ram_reg_2/ADDRBWRADDR[8]       inf           
addr0[6]                       ram_reg_2/ADDRBWRADDR[9]       inf           
d1[18]                         ram_reg_2/DIADI[0]             inf           
d1[19]                         ram_reg_2/DIADI[1]             inf           



