Copyright 1986-2018 Xilinx, Inc. All Rights Reserved.
-------------------------------------------------------------------------------------------------------------------------------------------------------------------------------------------
| Tool Version : Vivado v.2018.3 (lin64) Build 2405991 Thu Dec  6 23:36:41 MST 2018
| Date         : Thu Jan 13 17:38:03 2022
| Host         : koopa.ece.utexas.edu running 64-bit CentOS Linux release 7.9.2009 (Core)
| Command      : report_timing_summary -file /misc/scratch/zwei1/reports_Jan12/raw_designs/vtr_designs/verilog/stereovision1_submodules/wrapper_norm_corr_10/post_route_timing_summary.rpt
| Design       : wrapper_norm_corr_10
| Device       : 7z020-clg484
| Speed File   : -3  PRODUCTION 1.11 2014-09-11
-------------------------------------------------------------------------------------------------------------------------------------------------------------------------------------------

Timing Summary Report

------------------------------------------------------------------------------------------------
| Timer Settings
| --------------
------------------------------------------------------------------------------------------------

  Enable Multi Corner Analysis               :  Yes
  Enable Pessimism Removal                   :  Yes
  Pessimism Removal Resolution               :  Nearest Common Node
  Enable Input Delay Default Clock           :  No
  Enable Preset / Clear Arcs                 :  No
  Disable Flight Delays                      :  No
  Ignore I/O Paths                           :  No
  Timing Early Launch at Borrowing Latches   :  false

  Corner  Analyze    Analyze    
  Name    Max Paths  Min Paths  
  ------  ---------  ---------  
  Slow    Yes        Yes        
  Fast    Yes        Yes        



check_timing report

Table of Contents
-----------------
1. checking no_clock
2. checking constant_clock
3. checking pulse_width_clock
4. checking unconstrained_internal_endpoints
5. checking no_input_delay
6. checking no_output_delay
7. checking multiple_clock
8. checking generated_clocks
9. checking loops
10. checking partial_input_delay
11. checking partial_output_delay
12. checking latch_loops

1. checking no_clock
--------------------
 There are 0 register/latch pins with no clock.


2. checking constant_clock
--------------------------
 There are 0 register/latch pins with constant_clock.


3. checking pulse_width_clock
-----------------------------
 There are 0 register/latch pins which need pulse_width check


4. checking unconstrained_internal_endpoints
--------------------------------------------
 There are 0 pins that are not constrained for maximum delay.

 There are 0 pins that are not constrained for maximum delay due to constant clock.


5. checking no_input_delay
--------------------------
 There are 65 input ports with no input delay specified. (HIGH)

 There are 0 input ports with no input delay but user has a false path constraint.


6. checking no_output_delay
---------------------------
 There are 176 ports with no output delay specified. (HIGH)

 There are 0 ports with no output delay but user has a false path constraint

 There are 0 ports with no output delay but with a timing clock defined on it or propagating through it


7. checking multiple_clock
--------------------------
 There are 0 register/latch pins with multiple clocks.


8. checking generated_clocks
----------------------------
 There are 0 generated clocks that are not connected to a clock source.


9. checking loops
-----------------
 There are 0 combinational loops in the design.


10. checking partial_input_delay
--------------------------------
 There are 0 input ports with partial input delay specified.


11. checking partial_output_delay
---------------------------------
 There are 0 ports with partial output delay specified.


12. checking latch_loops
------------------------
 There are 0 combinational latch loops in the design through latch input



------------------------------------------------------------------------------------------------
| Design Timing Summary
| ---------------------
------------------------------------------------------------------------------------------------

    WNS(ns)      TNS(ns)  TNS Failing Endpoints  TNS Total Endpoints      WHS(ns)      THS(ns)  THS Failing Endpoints  THS Total Endpoints     WPWS(ns)     TPWS(ns)  TPWS Failing Endpoints  TPWS Total Endpoints  
    -------      -------  ---------------------  -------------------      -------      -------  ---------------------  -------------------     --------     --------  ----------------------  --------------------  
      2.921        0.000                      0                 1420        0.096        0.000                      0                 1420        4.500        0.000                       0                  1388  


All user specified timing constraints are met.


------------------------------------------------------------------------------------------------
| Clock Summary
| -------------
------------------------------------------------------------------------------------------------

Clock  Waveform(ns)       Period(ns)      Frequency(MHz)
-----  ------------       ----------      --------------
clk    {0.000 5.000}      10.000          100.000         


------------------------------------------------------------------------------------------------
| Intra Clock Table
| -----------------
------------------------------------------------------------------------------------------------

Clock             WNS(ns)      TNS(ns)  TNS Failing Endpoints  TNS Total Endpoints      WHS(ns)      THS(ns)  THS Failing Endpoints  THS Total Endpoints     WPWS(ns)     TPWS(ns)  TPWS Failing Endpoints  TPWS Total Endpoints  
-----             -------      -------  ---------------------  -------------------      -------      -------  ---------------------  -------------------     --------     --------  ----------------------  --------------------  
clk                 2.921        0.000                      0                 1420        0.096        0.000                      0                 1420        4.500        0.000                       0                  1388  


------------------------------------------------------------------------------------------------
| Inter Clock Table
| -----------------
------------------------------------------------------------------------------------------------

From Clock    To Clock          WNS(ns)      TNS(ns)  TNS Failing Endpoints  TNS Total Endpoints      WHS(ns)      THS(ns)  THS Failing Endpoints  THS Total Endpoints  
----------    --------          -------      -------  ---------------------  -------------------      -------      -------  ---------------------  -------------------  


------------------------------------------------------------------------------------------------
| Other Path Groups Table
| -----------------------
------------------------------------------------------------------------------------------------

Path Group    From Clock    To Clock          WNS(ns)      TNS(ns)  TNS Failing Endpoints  TNS Total Endpoints      WHS(ns)      THS(ns)  THS Failing Endpoints  THS Total Endpoints  
----------    ----------    --------          -------      -------  ---------------------  -------------------      -------      -------  ---------------------  -------------------  


------------------------------------------------------------------------------------------------
| Timing Details
| --------------
------------------------------------------------------------------------------------------------


---------------------------------------------------------------------------------------------------
From Clock:  clk
  To Clock:  clk

Setup :            0  Failing Endpoints,  Worst Slack        2.921ns,  Total Violation        0.000ns
Hold  :            0  Failing Endpoints,  Worst Slack        0.096ns,  Total Violation        0.000ns
PW    :            0  Failing Endpoints,  Worst Slack        4.500ns,  Total Violation        0.000ns
---------------------------------------------------------------------------------------------------


Max Delay Paths
--------------------------------------------------------------------------------------
Slack (MET) :             2.921ns  (required time - arrival time)
  Source:                 corr_5_inst/inst_sh_reg_r_1/dout_2_reg[5]/C
                            (rising edge-triggered cell FDRE clocked by clk  {rise@0.000ns fall@5.000ns period=10.000ns})
  Destination:            corr_5_inst/inst_corr_6/limxrim_reg_reg[15]/D
                            (rising edge-triggered cell FDRE clocked by clk  {rise@0.000ns fall@5.000ns period=10.000ns})
  Path Group:             clk
  Path Type:              Setup (Max at Slow Process Corner)
  Requirement:            10.000ns  (clk rise@10.000ns - clk rise@0.000ns)
  Data Path Delay:        7.102ns  (logic 2.168ns (30.526%)  route 4.934ns (69.474%))
  Logic Levels:           8  (CARRY4=4 LUT3=1 LUT6=3)
  Clock Path Skew:        -0.035ns (DCD - SCD + CPR)
    Destination Clock Delay (DCD):    0.669ns = ( 10.669 - 10.000 ) 
    Source Clock Delay      (SCD):    0.704ns
    Clock Pessimism Removal (CPR):    0.000ns
  Clock Uncertainty:      0.035ns  ((TSJ^2 + TIJ^2)^1/2 + DJ) / 2 + PE
    Total System Jitter     (TSJ):    0.071ns
    Total Input Jitter      (TIJ):    0.000ns
    Discrete Jitter          (DJ):    0.000ns
    Phase Error              (PE):    0.000ns

    Location             Delay type                Incr(ns)  Path(ns)    Netlist Resource(s)
  -------------------------------------------------------------------    -------------------
                         (clock clk rise edge)        0.000     0.000 r  
                                                      0.000     0.000 r  clk (IN)
                         net (fo=1387, unset)         0.704     0.704    corr_5_inst/inst_sh_reg_r_1/clk
    SLICE_X59Y48         FDRE                                         r  corr_5_inst/inst_sh_reg_r_1/dout_2_reg[5]/C
  -------------------------------------------------------------------    -------------------
    SLICE_X59Y48         FDRE (Prop_fdre_C_Q)         0.313     1.017 r  corr_5_inst/inst_sh_reg_r_1/dout_2_reg[5]/Q
                         net (fo=176, routed)         3.256     4.273    corr_5_inst/inst_sh_reg_r_1/Q[5]
    SLICE_X40Y69         LUT6 (Prop_lut6_I0_O)        0.215     4.488 r  corr_5_inst/inst_sh_reg_r_1/limxrim_reg0__30_carry__0_i_3__5/O
                         net (fo=2, routed)           0.492     4.980    corr_5_inst/inst_sh_reg_r_1/dout_2_reg[5]_6[1]
    SLICE_X38Y70         LUT6 (Prop_lut6_I0_O)        0.097     5.077 r  corr_5_inst/inst_sh_reg_r_1/limxrim_reg0__30_carry__0_i_7__5/O
                         net (fo=1, routed)           0.000     5.077    corr_5_inst/inst_corr_6/limxrim_reg0__60_carry__0_i_7__5_1[1]
    SLICE_X38Y70         CARRY4 (Prop_carry4_S[1]_CO[3])
                                                      0.402     5.479 r  corr_5_inst/inst_corr_6/limxrim_reg0__30_carry__0/CO[3]
                         net (fo=1, routed)           0.000     5.479    corr_5_inst/inst_corr_6/limxrim_reg0__30_carry__0_n_0
    SLICE_X38Y71         CARRY4 (Prop_carry4_CI_O[0])
                                                      0.157     5.636 r  corr_5_inst/inst_corr_6/limxrim_reg0__30_carry__1/O[0]
                         net (fo=4, routed)           0.751     6.387    corr_5_inst/inst_sh_reg_r_1/limxrim_reg0__60_carry__1_i_5__5_0[0]
    SLICE_X41Y67         LUT3 (Prop_lut3_I2_O)        0.209     6.596 r  corr_5_inst/inst_sh_reg_r_1/limxrim_reg0__60_carry__1_i_16__5/O
                         net (fo=1, routed)           0.435     7.031    corr_5_inst/inst_corr_6/limxrim_reg_reg[14]_3
    SLICE_X36Y71         LUT6 (Prop_lut6_I3_O)        0.239     7.270 r  corr_5_inst/inst_corr_6/limxrim_reg0__60_carry__1_i_8__5/O
                         net (fo=1, routed)           0.000     7.270    corr_5_inst/inst_corr_6/limxrim_reg0__60_carry__1_i_8__5_n_0
    SLICE_X36Y71         CARRY4 (Prop_carry4_S[0]_CO[3])
                                                      0.379     7.649 r  corr_5_inst/inst_corr_6/limxrim_reg0__60_carry__1/CO[3]
                         net (fo=1, routed)           0.000     7.649    corr_5_inst/inst_corr_6/limxrim_reg0__60_carry__1_n_0
    SLICE_X36Y72         CARRY4 (Prop_carry4_CI_O[0])
                                                      0.157     7.806 r  corr_5_inst/inst_corr_6/limxrim_reg0__60_carry__2/O[0]
                         net (fo=1, routed)           0.000     7.806    corr_5_inst/inst_corr_6/limxrim_reg0__60_carry__2_n_7
    SLICE_X36Y72         FDRE                                         r  corr_5_inst/inst_corr_6/limxrim_reg_reg[15]/D
  -------------------------------------------------------------------    -------------------

                         (clock clk rise edge)       10.000    10.000 r  
                                                      0.000    10.000 r  clk (IN)
                         net (fo=1387, unset)         0.669    10.669    corr_5_inst/inst_corr_6/clk
    SLICE_X36Y72         FDRE                                         r  corr_5_inst/inst_corr_6/limxrim_reg_reg[15]/C
                         clock pessimism              0.000    10.669    
                         clock uncertainty           -0.035    10.633    
    SLICE_X36Y72         FDRE (Setup_fdre_C_D)        0.094    10.727    corr_5_inst/inst_corr_6/limxrim_reg_reg[15]
  -------------------------------------------------------------------
                         required time                         10.727    
                         arrival time                          -7.806    
  -------------------------------------------------------------------
                         slack                                  2.921    





Min Delay Paths
--------------------------------------------------------------------------------------
Slack (MET) :             0.096ns  (arrival time - required time)
  Source:                 norm_inst_right/din_1_tmp1_reg[9]/C
                            (rising edge-triggered cell FDRE clocked by clk  {rise@0.000ns fall@5.000ns period=10.000ns})
  Destination:            norm_inst_right/din_1_tmp2_reg[9]/D
                            (rising edge-triggered cell FDRE clocked by clk  {rise@0.000ns fall@5.000ns period=10.000ns})
  Path Group:             clk
  Path Type:              Hold (Min at Fast Process Corner)
  Requirement:            0.000ns  (clk rise@0.000ns - clk rise@0.000ns)
  Data Path Delay:        0.196ns  (logic 0.141ns (71.991%)  route 0.055ns (28.009%))
  Logic Levels:           0  
  Clock Path Skew:        0.022ns (DCD - SCD - CPR)
    Destination Clock Delay (DCD):    0.432ns
    Source Clock Delay      (SCD):    0.411ns
    Clock Pessimism Removal (CPR):    -0.000ns

    Location             Delay type                Incr(ns)  Path(ns)    Netlist Resource(s)
  -------------------------------------------------------------------    -------------------
                         (clock clk rise edge)        0.000     0.000 r  
                                                      0.000     0.000 r  clk (IN)
                         net (fo=1387, unset)         0.411     0.411    norm_inst_right/clk
    SLICE_X63Y51         FDRE                                         r  norm_inst_right/din_1_tmp1_reg[9]/C
  -------------------------------------------------------------------    -------------------
    SLICE_X63Y51         FDRE (Prop_fdre_C_Q)         0.141     0.552 r  norm_inst_right/din_1_tmp1_reg[9]/Q
                         net (fo=1, routed)           0.055     0.607    norm_inst_right/din_1_tmp1_reg_n_0_[9]
    SLICE_X63Y51         FDRE                                         r  norm_inst_right/din_1_tmp2_reg[9]/D
  -------------------------------------------------------------------    -------------------

                         (clock clk rise edge)        0.000     0.000 r  
                                                      0.000     0.000 r  clk (IN)
                         net (fo=1387, unset)         0.432     0.432    norm_inst_right/clk
    SLICE_X63Y51         FDRE                                         r  norm_inst_right/din_1_tmp2_reg[9]/C
                         clock pessimism              0.000     0.432    
    SLICE_X63Y51         FDRE (Hold_fdre_C_D)         0.078     0.510    norm_inst_right/din_1_tmp2_reg[9]
  -------------------------------------------------------------------
                         required time                         -0.510    
                         arrival time                           0.607    
  -------------------------------------------------------------------
                         slack                                  0.096    





Pulse Width Checks
--------------------------------------------------------------------------------------
Clock Name:         clk
Waveform(ns):       { 0.000 5.000 }
Period(ns):         10.000
Sources:            { clk }

Check Type        Corner  Lib Pin  Reference Pin  Required(ns)  Actual(ns)  Slack(ns)  Location      Pin
Min Period        n/a     FDRE/C   n/a            1.000         10.000      9.000      SLICE_X43Y47  corr_5_inst/corr_out_0_reg[0]/C
Low Pulse Width   Slow    FDRE/C   n/a            0.500         5.000       4.500      SLICE_X43Y47  corr_5_inst/corr_out_0_reg[0]/C
High Pulse Width  Slow    FDRE/C   n/a            0.500         5.000       4.500      SLICE_X43Y47  corr_5_inst/corr_out_0_reg[0]/C



