Copyright 1986-2018 Xilinx, Inc. All Rights Reserved.
--------------------------------------------------------------------------------------------------------------------------------------------------------------------------------------------------------------------
| Tool Version : Vivado v.2018.3 (lin64) Build 2405991 Thu Dec  6 23:36:41 MST 2018
| Date         : Thu Jan 13 17:17:32 2022
| Host         : koopa.ece.utexas.edu running 64-bit CentOS Linux release 7.9.2009 (Core)
| Command      : report_timing -sort_by group -max_paths 100 -path_type summary -file /misc/scratch/zwei1/reports_Jan12/raw_designs/vtr_designs/verilog/or1200_submodules/or1200_operandmuxes/post_route_timing.rpt
| Design       : or1200_operandmuxes
| Device       : 7z020-clg484
| Speed File   : -3  PRODUCTION 1.11 2014-09-11
--------------------------------------------------------------------------------------------------------------------------------------------------------------------------------------------------------------------

Timing Report

Startpoint                     Endpoint                       Slack(ns)     
----------------------------------------------------------------------------
saved_a_reg/C                  operand_a_reg[0]/CE            8.418         
saved_a_reg/C                  operand_a_reg[11]/CE           8.418         
saved_a_reg/C                  operand_a_reg[13]/CE           8.418         
saved_a_reg/C                  operand_a_reg[8]/CE            8.418         
saved_b_reg/C                  operand_b_reg[0]/CE            8.446         
saved_b_reg/C                  operand_b_reg[13]/CE           8.446         
saved_b_reg/C                  operand_b_reg[5]/CE            8.446         
saved_b_reg/C                  operand_b_reg[6]/CE            8.446         
saved_a_reg/C                  operand_a_reg[17]/CE           8.472         
saved_a_reg/C                  operand_a_reg[20]/CE           8.472         
saved_a_reg/C                  operand_a_reg[22]/CE           8.472         
saved_a_reg/C                  operand_a_reg[23]/CE           8.472         
saved_b_reg/C                  operand_b_reg[16]/CE           8.502         
saved_b_reg/C                  operand_b_reg[19]/CE           8.502         
saved_b_reg/C                  operand_b_reg[22]/CE           8.502         
saved_b_reg/C                  operand_b_reg[10]/CE           8.562         
saved_b_reg/C                  operand_b_reg[11]/CE           8.562         
saved_b_reg/C                  operand_b_reg[3]/CE            8.562         
saved_b_reg/C                  operand_b_reg[9]/CE            8.562         
saved_a_reg/C                  operand_a_reg[12]/CE           8.571         
saved_a_reg/C                  operand_a_reg[14]/CE           8.571         
saved_a_reg/C                  operand_a_reg[6]/CE            8.571         
saved_a_reg/C                  operand_a_reg[9]/CE            8.571         
saved_b_reg/C                  operand_b_reg[17]/CE           8.576         
saved_b_reg/C                  operand_b_reg[24]/CE           8.576         
saved_b_reg/C                  operand_b_reg[7]/CE            8.576         
saved_a_reg/C                  operand_a_reg[27]/CE           8.579         
saved_a_reg/C                  operand_a_reg[28]/CE           8.579         
saved_a_reg/C                  operand_a_reg[29]/CE           8.579         
saved_a_reg/C                  operand_a_reg[2]/CE            8.579         
saved_b_reg/C                  operand_b_reg[25]/CE           8.597         
saved_b_reg/C                  operand_b_reg[26]/CE           8.597         
saved_b_reg/C                  operand_b_reg[27]/CE           8.597         
saved_b_reg/C                  operand_b_reg[29]/CE           8.597         
saved_a_reg/C                  operand_a_reg[21]/CE           8.604         
saved_a_reg/C                  operand_a_reg[24]/CE           8.604         
saved_a_reg/C                  operand_a_reg[26]/CE           8.604         
saved_a_reg/C                  operand_a_reg[5]/CE            8.604         
saved_a_reg/C                  operand_a_reg[31]/CE           8.652         
saved_b_reg/C                  operand_b_reg[20]/CE           8.661         
saved_b_reg/C                  operand_b_reg[23]/CE           8.661         
saved_b_reg/C                  operand_b_reg[30]/CE           8.687         
saved_b_reg/C                  operand_b_reg[31]/CE           8.687         
saved_b_reg/C                  operand_b_reg[4]/CE            8.687         
saved_b_reg/C                  operand_b_reg[8]/CE            8.687         
saved_a_reg/C                  operand_a_reg[18]/CE           8.690         
saved_a_reg/C                  operand_a_reg[4]/CE            8.690         
saved_a_reg/C                  operand_a_reg[7]/CE            8.690         
saved_b_reg/C                  operand_b_reg[12]/CE           8.692         
saved_b_reg/C                  operand_b_reg[14]/CE           8.692         
saved_b_reg/C                  operand_b_reg[18]/CE           8.692         
saved_b_reg/C                  operand_b_reg[2]/CE            8.692         
saved_a_reg/C                  operand_a_reg[15]/CE           8.699         
saved_a_reg/C                  operand_a_reg[16]/CE           8.699         
saved_a_reg/C                  operand_a_reg[19]/CE           8.699         
saved_a_reg/C                  operand_a_reg[1]/CE            8.699         
saved_b_reg/C                  operand_b_reg[15]/CE           8.700         
saved_b_reg/C                  operand_b_reg[1]/CE            8.700         
saved_b_reg/C                  operand_b_reg[21]/CE           8.700         
saved_b_reg/C                  operand_b_reg[28]/CE           8.700         
saved_a_reg/C                  operand_a_reg[10]/CE           8.733         
saved_a_reg/C                  operand_a_reg[25]/CE           8.733         
saved_a_reg/C                  operand_a_reg[30]/CE           8.733         
saved_a_reg/C                  operand_a_reg[3]/CE            8.733         
saved_b_reg/C                  saved_b_reg/D                  8.917         
saved_a_reg/C                  saved_a_reg/D                  8.924         



