Copyright 1986-2018 Xilinx, Inc. All Rights Reserved.
-------------------------------------------------------------------------------------------------------------------------------------------------------
| Tool Version : Vivado v.2018.3 (lin64) Build 2405991 Thu Dec  6 23:36:41 MST 2018
| Date         : Tue Jan 11 22:10:20 2022
| Host         : koopa.ece.utexas.edu running 64-bit CentOS Linux release 7.9.2009 (Core)
| Command      : report_timing_summary -file /misc/scratch/zwei1/reports_Jan12/raw_designs/vtr_designs/verilog/LU32PEEng/post_synth_timing_summary.rpt
| Design       : LU32PEEng
| Device       : 7z020-clg484
| Speed File   : -3  PRODUCTION 1.11 2014-09-11
-------------------------------------------------------------------------------------------------------------------------------------------------------

Timing Summary Report

------------------------------------------------------------------------------------------------
| Timer Settings
| --------------
------------------------------------------------------------------------------------------------

  Enable Multi Corner Analysis               :  Yes
  Enable Pessimism Removal                   :  Yes
  Pessimism Removal Resolution               :  Nearest Common Node
  Enable Input Delay Default Clock           :  No
  Enable Preset / Clear Arcs                 :  No
  Disable Flight Delays                      :  No
  Ignore I/O Paths                           :  No
  Timing Early Launch at Borrowing Latches   :  false

  Corner  Analyze    Analyze    
  Name    Max Paths  Min Paths  
  ------  ---------  ---------  
  Slow    Yes        Yes        
  Fast    Yes        Yes        



check_timing report

Table of Contents
-----------------
1. checking no_clock
2. checking constant_clock
3. checking pulse_width_clock
4. checking unconstrained_internal_endpoints
5. checking no_input_delay
6. checking no_output_delay
7. checking multiple_clock
8. checking generated_clocks
9. checking loops
10. checking partial_input_delay
11. checking partial_output_delay
12. checking latch_loops

1. checking no_clock
--------------------
 There are 0 register/latch pins with no clock.


2. checking constant_clock
--------------------------
 There are 0 register/latch pins with constant_clock.


3. checking pulse_width_clock
-----------------------------
 There are 0 register/latch pins which need pulse_width check


4. checking unconstrained_internal_endpoints
--------------------------------------------
 There are 0 pins that are not constrained for maximum delay.

 There are 0 pins that are not constrained for maximum delay due to constant clock.


5. checking no_input_delay
--------------------------
 There are 113 input ports with no input delay specified. (HIGH)

 There are 0 input ports with no input delay but user has a false path constraint.


6. checking no_output_delay
---------------------------
 There are 93 ports with no output delay specified. (HIGH)

 There are 0 ports with no output delay but user has a false path constraint

 There are 0 ports with no output delay but with a timing clock defined on it or propagating through it


7. checking multiple_clock
--------------------------
 There are 0 register/latch pins with multiple clocks.


8. checking generated_clocks
----------------------------
 There are 0 generated clocks that are not connected to a clock source.


9. checking loops
-----------------
 There are 0 combinational loops in the design.


10. checking partial_input_delay
--------------------------------
 There are 0 input ports with partial input delay specified.


11. checking partial_output_delay
---------------------------------
 There are 0 ports with partial output delay specified.


12. checking latch_loops
------------------------
 There are 0 combinational latch loops in the design through latch input



------------------------------------------------------------------------------------------------
| Design Timing Summary
| ---------------------
------------------------------------------------------------------------------------------------

    WNS(ns)      TNS(ns)  TNS Failing Endpoints  TNS Total Endpoints      WHS(ns)      THS(ns)  THS Failing Endpoints  THS Total Endpoints     WPWS(ns)     TPWS(ns)  TPWS Failing Endpoints  TPWS Total Endpoints  
    -------      -------  ---------------------  -------------------      -------      -------  ---------------------  -------------------     --------     --------  ----------------------  --------------------  
    -47.843   -13339.320                   1313                23445        0.160        0.000                      0                23445        3.950        0.000                       0                 14943  


Timing constraints are not met.


------------------------------------------------------------------------------------------------
| Clock Summary
| -------------
------------------------------------------------------------------------------------------------

Clock  Waveform(ns)       Period(ns)      Frequency(MHz)
-----  ------------       ----------      --------------
clk    {0.000 5.000}      10.000          100.000         


------------------------------------------------------------------------------------------------
| Intra Clock Table
| -----------------
------------------------------------------------------------------------------------------------

Clock             WNS(ns)      TNS(ns)  TNS Failing Endpoints  TNS Total Endpoints      WHS(ns)      THS(ns)  THS Failing Endpoints  THS Total Endpoints     WPWS(ns)     TPWS(ns)  TPWS Failing Endpoints  TPWS Total Endpoints  
-----             -------      -------  ---------------------  -------------------      -------      -------  ---------------------  -------------------     --------     --------  ----------------------  --------------------  
clk               -47.843   -13339.320                   1313                23445        0.160        0.000                      0                23445        3.950        0.000                       0                 14943  


------------------------------------------------------------------------------------------------
| Inter Clock Table
| -----------------
------------------------------------------------------------------------------------------------

From Clock    To Clock          WNS(ns)      TNS(ns)  TNS Failing Endpoints  TNS Total Endpoints      WHS(ns)      THS(ns)  THS Failing Endpoints  THS Total Endpoints  
----------    --------          -------      -------  ---------------------  -------------------      -------      -------  ---------------------  -------------------  


------------------------------------------------------------------------------------------------
| Other Path Groups Table
| -----------------------
------------------------------------------------------------------------------------------------

Path Group    From Clock    To Clock          WNS(ns)      TNS(ns)  TNS Failing Endpoints  TNS Total Endpoints      WHS(ns)      THS(ns)  THS Failing Endpoints  THS Total Endpoints  
----------    ----------    --------          -------      -------  ---------------------  -------------------      -------      -------  ---------------------  -------------------  


------------------------------------------------------------------------------------------------
| Timing Details
| --------------
------------------------------------------------------------------------------------------------


---------------------------------------------------------------------------------------------------
From Clock:  clk
  To Clock:  clk

Setup :         1313  Failing Endpoints,  Worst Slack      -47.843ns,  Total Violation   -13339.321ns
Hold  :            0  Failing Endpoints,  Worst Slack        0.160ns,  Total Violation        0.000ns
PW    :            0  Failing Endpoints,  Worst Slack        3.950ns,  Total Violation        0.000ns
---------------------------------------------------------------------------------------------------


Max Delay Paths
--------------------------------------------------------------------------------------
Slack (VIOLATED) :        -47.843ns  (required time - arrival time)
  Source:                 compBlock/rec/d_man_reg[3]/C
                            (rising edge-triggered cell FDRE clocked by clk  {rise@0.000ns fall@5.000ns period=10.000ns})
  Destination:            compBlock/multOperand_reg[17]/D
                            (rising edge-triggered cell FDRE clocked by clk  {rise@0.000ns fall@5.000ns period=10.000ns})
  Path Group:             clk
  Path Type:              Setup (Max at Slow Process Corner)
  Requirement:            10.000ns  (clk rise@10.000ns - clk rise@0.000ns)
  Data Path Delay:        57.841ns  (logic 27.333ns (47.255%)  route 30.508ns (52.745%))
  Logic Levels:           165  (CARRY4=115 LUT2=1 LUT3=2 LUT4=21 LUT5=1 LUT6=25)
  Clock Path Skew:        -0.035ns (DCD - SCD + CPR)
    Destination Clock Delay (DCD):    0.669ns = ( 10.669 - 10.000 ) 
    Source Clock Delay      (SCD):    0.704ns
    Clock Pessimism Removal (CPR):    0.000ns
  Clock Uncertainty:      0.035ns  ((TSJ^2 + TIJ^2)^1/2 + DJ) / 2 + PE
    Total System Jitter     (TSJ):    0.071ns
    Total Input Jitter      (TIJ):    0.000ns
    Discrete Jitter          (DJ):    0.000ns
    Phase Error              (PE):    0.000ns

    Location             Delay type                Incr(ns)  Path(ns)    Netlist Resource(s)
  -------------------------------------------------------------------    -------------------
                         (clock clk rise edge)        0.000     0.000 r  
                                                      0.000     0.000 r  clk (IN)
                         net (fo=14942, unset)        0.704     0.704    compBlock/rec/clk
                         FDRE                                         r  compBlock/rec/d_man_reg[3]/C
  -------------------------------------------------------------------    -------------------
                         FDRE (Prop_fdre_C_Q)         0.393     1.097 f  compBlock/rec/d_man_reg[3]/Q
                         net (fo=70, unplaced)        0.398     1.495    compBlock/rec/d_man[3]
                         LUT2 (Prop_lut2_I0_O)        0.199     1.694 r  compBlock/rec/i___1_i_19/O
                         net (fo=1, unplaced)         0.000     1.694    compBlock/rec/i___1_i_19_n_0
                         CARRY4 (Prop_carry4_S[1]_CO[3])
                                                      0.402     2.096 r  compBlock/rec/i___1_i_12/CO[3]
                         net (fo=1, unplaced)         0.007     2.103    compBlock/rec/i___1_i_12_n_0
                         CARRY4 (Prop_carry4_CI_CO[3])
                                                      0.092     2.195 r  compBlock/rec/i___1_i_7/CO[3]
                         net (fo=1, unplaced)         0.000     2.195    compBlock/rec/i___1_i_7_n_0
                         CARRY4 (Prop_carry4_CI_CO[3])
                                                      0.092     2.287 r  compBlock/rec/i___1_i_2/CO[3]
                         net (fo=216, unplaced)       0.803     3.090    compBlock/rec/div_man[23]
                         LUT3 (Prop_lut3_I1_O)        0.102     3.192 r  compBlock/rec/i___2_i_32/O
                         net (fo=1, unplaced)         0.000     3.192    compBlock/rec/i___2_i_32_n_0
                         CARRY4 (Prop_carry4_DI[0]_CO[3])
                                                      0.428     3.620 r  compBlock/rec/i___2_i_20/CO[3]
                         net (fo=1, unplaced)         0.007     3.627    compBlock/rec/i___2_i_20_n_0
                         CARRY4 (Prop_carry4_CI_CO[3])
                                                      0.092     3.719 r  compBlock/rec/i___2_i_11/CO[3]
                         net (fo=1, unplaced)         0.000     3.719    compBlock/rec/i___2_i_11_n_0
                         CARRY4 (Prop_carry4_CI_CO[3])
                                                      0.092     3.811 r  compBlock/rec/i___2_i_3/CO[3]
                         net (fo=1, unplaced)         0.000     3.811    compBlock/rec/i___2_i_3_n_0
                         CARRY4 (Prop_carry4_CI_CO[0])
                                                      0.218     4.029 r  compBlock/rec/i___2_i_1/CO[0]
                         net (fo=161, unplaced)       0.320     4.349    compBlock/rec/div_man[22]
                         LUT4 (Prop_lut4_I1_O)        0.262     4.611 r  compBlock/rec/i___3_i_1/O
                         net (fo=7, unplaced)         0.336     4.947    compBlock/rec/divide/numer21[23]
                         LUT6 (Prop_lut6_I0_O)        0.097     5.044 r  compBlock/rec/i___3_i_34/O
                         net (fo=1, unplaced)         0.471     5.515    compBlock/rec/i___3_i_34_n_0
                         CARRY4 (Prop_carry4_DI[1]_CO[3])
                                                      0.386     5.901 r  compBlock/rec/i___3_i_20/CO[3]
                         net (fo=1, unplaced)         0.007     5.908    compBlock/rec/i___3_i_20_n_0
                         CARRY4 (Prop_carry4_CI_CO[3])
                                                      0.092     6.000 r  compBlock/rec/i___3_i_11/CO[3]
                         net (fo=1, unplaced)         0.000     6.000    compBlock/rec/i___3_i_11_n_0
                         CARRY4 (Prop_carry4_CI_CO[3])
                                                      0.092     6.092 r  compBlock/rec/i___3_i_4/CO[3]
                         net (fo=1, unplaced)         0.000     6.092    compBlock/rec/i___3_i_4_n_0
                         CARRY4 (Prop_carry4_CI_CO[0])
                                                      0.218     6.310 r  compBlock/rec/i___3_i_2/CO[0]
                         net (fo=133, unplaced)       0.315     6.625    compBlock/rec/div_man[21]
                         LUT4 (Prop_lut4_I1_O)        0.262     6.887 r  compBlock/rec/i___256_i_1/O
                         net (fo=7, unplaced)         0.336     7.223    compBlock/rec/divide/numer20[22]
                         LUT6 (Prop_lut6_I0_O)        0.097     7.320 r  compBlock/rec/i___4_i_35/O
                         net (fo=1, unplaced)         0.471     7.791    compBlock/rec/i___4_i_35_n_0
                         CARRY4 (Prop_carry4_DI[1]_CO[3])
                                                      0.386     8.177 r  compBlock/rec/i___4_i_23/CO[3]
                         net (fo=1, unplaced)         0.007     8.184    compBlock/rec/i___4_i_23_n_0
                         CARRY4 (Prop_carry4_CI_CO[3])
                                                      0.092     8.276 r  compBlock/rec/i___4_i_11/CO[3]
                         net (fo=1, unplaced)         0.000     8.276    compBlock/rec/i___4_i_11_n_0
                         CARRY4 (Prop_carry4_CI_CO[3])
                                                      0.092     8.368 r  compBlock/rec/i___4_i_3/CO[3]
                         net (fo=1, unplaced)         0.000     8.368    compBlock/rec/i___4_i_3_n_0
                         CARRY4 (Prop_carry4_CI_CO[1])
                                                      0.136     8.504 r  compBlock/rec/i___4_i_1/CO[1]
                         net (fo=173, unplaced)       0.517     9.021    compBlock/rec/div_man[20]
                         LUT5 (Prop_lut5_I1_O)        0.251     9.272 r  compBlock/rec/i___222_i_1/O
                         net (fo=8, unplaced)         0.339     9.611    compBlock/rec/divide/numer19[37]
                         LUT6 (Prop_lut6_I0_O)        0.097     9.708 r  compBlock/rec/i___5_i_15/O
                         net (fo=1, unplaced)         0.471    10.179    compBlock/rec/i___5_i_15_n_0
                         CARRY4 (Prop_carry4_DI[1]_CO[3])
                                                      0.386    10.565 r  compBlock/rec/i___5_i_4/CO[3]
                         net (fo=1, unplaced)         0.000    10.565    compBlock/rec/i___5_i_4_n_0
                         CARRY4 (Prop_carry4_CI_CO[1])
                                                      0.136    10.701 r  compBlock/rec/i___5_i_2/CO[1]
                         net (fo=160, unplaced)       0.317    11.018    compBlock/rec/div_man[19]
                         LUT4 (Prop_lut4_I1_O)        0.251    11.269 r  compBlock/rec/i___297_i_1/O
                         net (fo=7, unplaced)         0.336    11.605    compBlock/rec/divide/numer18[20]
                         LUT6 (Prop_lut6_I0_O)        0.097    11.702 r  compBlock/rec/i___6_i_40/O
                         net (fo=1, unplaced)         0.471    12.173    compBlock/rec/i___6_i_40_n_0
                         CARRY4 (Prop_carry4_DI[1]_CO[3])
                                                      0.386    12.559 r  compBlock/rec/i___6_i_24/CO[3]
                         net (fo=1, unplaced)         0.007    12.566    compBlock/rec/i___6_i_24_n_0
                         CARRY4 (Prop_carry4_CI_CO[3])
                                                      0.092    12.658 r  compBlock/rec/i___6_i_12/CO[3]
                         net (fo=1, unplaced)         0.000    12.658    compBlock/rec/i___6_i_12_n_0
                         CARRY4 (Prop_carry4_CI_CO[3])
                                                      0.092    12.750 r  compBlock/rec/i___6_i_3/CO[3]
                         net (fo=1, unplaced)         0.000    12.750    compBlock/rec/i___6_i_3_n_0
                         CARRY4 (Prop_carry4_CI_CO[2])
                                                      0.191    12.941 r  compBlock/rec/i___6_i_1/CO[2]
                         net (fo=181, unplaced)       0.416    13.357    compBlock/rec/div_man[18]
                         LUT4 (Prop_lut4_I1_O)        0.223    13.580 r  compBlock/rec/i___316_i_1/O
                         net (fo=7, unplaced)         0.336    13.916    compBlock/rec/divide/p_1_in[2]
                         LUT6 (Prop_lut6_I0_O)        0.097    14.013 r  compBlock/rec/i___7_i_45/O
                         net (fo=1, unplaced)         0.471    14.484    compBlock/rec/i___7_i_45_n_0
                         CARRY4 (Prop_carry4_DI[1]_CO[3])
                                                      0.386    14.870 r  compBlock/rec/i___7_i_27/CO[3]
                         net (fo=1, unplaced)         0.007    14.877    compBlock/rec/i___7_i_27_n_0
                         CARRY4 (Prop_carry4_CI_CO[3])
                                                      0.092    14.969 r  compBlock/rec/i___7_i_13/CO[3]
                         net (fo=1, unplaced)         0.000    14.969    compBlock/rec/i___7_i_13_n_0
                         CARRY4 (Prop_carry4_CI_CO[3])
                                                      0.092    15.061 r  compBlock/rec/i___7_i_4/CO[3]
                         net (fo=1, unplaced)         0.000    15.061    compBlock/rec/i___7_i_4_n_0
                         CARRY4 (Prop_carry4_CI_CO[2])
                                                      0.191    15.252 r  compBlock/rec/i___7_i_2/CO[2]
                         net (fo=180, unplaced)       0.416    15.668    compBlock/rec/div_man[17]
                         LUT4 (Prop_lut4_I1_O)        0.223    15.891 r  compBlock/rec/i___334_i_1/O
                         net (fo=7, unplaced)         0.336    16.227    compBlock/rec/divide/numer16[18]
                         LUT6 (Prop_lut6_I0_O)        0.097    16.324 r  compBlock/rec/i___8_i_48/O
                         net (fo=1, unplaced)         0.471    16.795    compBlock/rec/i___8_i_48_n_0
                         CARRY4 (Prop_carry4_DI[1]_CO[3])
                                                      0.386    17.181 r  compBlock/rec/i___8_i_28/CO[3]
                         net (fo=1, unplaced)         0.007    17.188    compBlock/rec/i___8_i_28_n_0
                         CARRY4 (Prop_carry4_CI_CO[3])
                                                      0.092    17.280 r  compBlock/rec/i___8_i_14/CO[3]
                         net (fo=1, unplaced)         0.000    17.280    compBlock/rec/i___8_i_14_n_0
                         CARRY4 (Prop_carry4_CI_CO[3])
                                                      0.092    17.372 r  compBlock/rec/i___8_i_3/CO[3]
                         net (fo=1, unplaced)         0.000    17.372    compBlock/rec/i___8_i_3_n_0
                         CARRY4 (Prop_carry4_CI_CO[3])
                                                      0.092    17.464 r  compBlock/rec/i___8_i_1/CO[3]
                         net (fo=200, unplaced)       0.801    18.265    compBlock/rec/div_man[16]
                         LUT4 (Prop_lut4_I1_O)        0.097    18.362 r  compBlock/rec/i___351_i_1/O
                         net (fo=7, unplaced)         0.336    18.698    compBlock/rec/divide/numer15[17]
                         LUT6 (Prop_lut6_I0_O)        0.097    18.795 r  compBlock/rec/i___9_i_53/O
                         net (fo=1, unplaced)         0.471    19.266    compBlock/rec/i___9_i_53_n_0
                         CARRY4 (Prop_carry4_DI[1]_CO[3])
                                                      0.386    19.652 r  compBlock/rec/i___9_i_31/CO[3]
                         net (fo=1, unplaced)         0.007    19.659    compBlock/rec/i___9_i_31_n_0
                         CARRY4 (Prop_carry4_CI_CO[3])
                                                      0.092    19.751 r  compBlock/rec/i___9_i_15/CO[3]
                         net (fo=1, unplaced)         0.000    19.751    compBlock/rec/i___9_i_15_n_0
                         CARRY4 (Prop_carry4_CI_CO[3])
                                                      0.092    19.843 r  compBlock/rec/i___9_i_4/CO[3]
                         net (fo=1, unplaced)         0.000    19.843    compBlock/rec/i___9_i_4_n_0
                         CARRY4 (Prop_carry4_CI_CO[3])
                                                      0.092    19.935 r  compBlock/rec/i___9_i_2/CO[3]
                         net (fo=188, unplaced)       0.799    20.734    compBlock/rec/div_man[15]
                         LUT4 (Prop_lut4_I1_O)        0.097    20.831 r  compBlock/rec/i___367_i_1/O
                         net (fo=7, unplaced)         0.336    21.167    compBlock/rec/divide/numer14[16]
                         LUT6 (Prop_lut6_I0_O)        0.097    21.264 r  compBlock/rec/i___10_i_58/O
                         net (fo=1, unplaced)         0.471    21.735    compBlock/rec/i___10_i_58_n_0
                         CARRY4 (Prop_carry4_DI[1]_CO[3])
                                                      0.386    22.121 r  compBlock/rec/i___10_i_38/CO[3]
                         net (fo=1, unplaced)         0.007    22.128    compBlock/rec/i___10_i_38_n_0
                         CARRY4 (Prop_carry4_CI_CO[3])
                                                      0.092    22.220 r  compBlock/rec/i___10_i_18/CO[3]
                         net (fo=1, unplaced)         0.000    22.220    compBlock/rec/i___10_i_18_n_0
                         CARRY4 (Prop_carry4_CI_CO[3])
                                                      0.092    22.312 r  compBlock/rec/i___10_i_8/CO[3]
                         net (fo=1, unplaced)         0.000    22.312    compBlock/rec/i___10_i_8_n_0
                         CARRY4 (Prop_carry4_CI_CO[3])
                                                      0.092    22.404 r  compBlock/rec/i___10_i_3/CO[3]
                         net (fo=1, unplaced)         0.000    22.404    compBlock/rec/i___10_i_3_n_0
                         CARRY4 (Prop_carry4_CI_CO[0])
                                                      0.218    22.622 r  compBlock/rec/i___10_i_1/CO[0]
                         net (fo=210, unplaced)       0.326    22.948    compBlock/rec/div_man[14]
                         LUT4 (Prop_lut4_I1_O)        0.262    23.210 r  compBlock/rec/i___382_i_1/O
                         net (fo=7, unplaced)         0.336    23.546    compBlock/rec/divide/numer13[15]
                         LUT6 (Prop_lut6_I0_O)        0.097    23.643 r  compBlock/rec/i___11_i_61/O
                         net (fo=1, unplaced)         0.471    24.114    compBlock/rec/i___11_i_61_n_0
                         CARRY4 (Prop_carry4_DI[1]_CO[3])
                                                      0.386    24.500 r  compBlock/rec/i___11_i_42/CO[3]
                         net (fo=1, unplaced)         0.007    24.507    compBlock/rec/i___11_i_42_n_0
                         CARRY4 (Prop_carry4_CI_CO[3])
                                                      0.092    24.599 r  compBlock/rec/i___11_i_21/CO[3]
                         net (fo=1, unplaced)         0.000    24.599    compBlock/rec/i___11_i_21_n_0
                         CARRY4 (Prop_carry4_CI_CO[3])
                                                      0.092    24.691 r  compBlock/rec/i___11_i_9/CO[3]
                         net (fo=1, unplaced)         0.000    24.691    compBlock/rec/i___11_i_9_n_0
                         CARRY4 (Prop_carry4_CI_CO[3])
                                                      0.092    24.783 r  compBlock/rec/i___11_i_4/CO[3]
                         net (fo=1, unplaced)         0.000    24.783    compBlock/rec/i___11_i_4_n_0
                         CARRY4 (Prop_carry4_CI_CO[0])
                                                      0.218    25.001 r  compBlock/rec/i___11_i_2/CO[0]
                         net (fo=209, unplaced)       0.326    25.327    compBlock/rec/div_man[13]
                         LUT4 (Prop_lut4_I1_O)        0.262    25.589 r  compBlock/rec/i___396_i_1/O
                         net (fo=7, unplaced)         0.336    25.925    compBlock/rec/divide/numer12[14]
                         LUT6 (Prop_lut6_I0_O)        0.097    26.022 r  compBlock/rec/i___12_i_68/O
                         net (fo=1, unplaced)         0.471    26.493    compBlock/rec/i___12_i_68_n_0
                         CARRY4 (Prop_carry4_DI[1]_CO[3])
                                                      0.386    26.879 r  compBlock/rec/i___12_i_48/CO[3]
                         net (fo=1, unplaced)         0.007    26.886    compBlock/rec/i___12_i_48_n_0
                         CARRY4 (Prop_carry4_CI_CO[3])
                                                      0.092    26.978 r  compBlock/rec/i___12_i_23/CO[3]
                         net (fo=1, unplaced)         0.000    26.978    compBlock/rec/i___12_i_23_n_0
                         CARRY4 (Prop_carry4_CI_CO[3])
                                                      0.092    27.070 r  compBlock/rec/i___12_i_10/CO[3]
                         net (fo=1, unplaced)         0.000    27.070    compBlock/rec/i___12_i_10_n_0
                         CARRY4 (Prop_carry4_CI_CO[3])
                                                      0.092    27.162 r  compBlock/rec/i___12_i_3/CO[3]
                         net (fo=1, unplaced)         0.000    27.162    compBlock/rec/i___12_i_3_n_0
                         CARRY4 (Prop_carry4_CI_CO[1])
                                                      0.136    27.298 r  compBlock/rec/i___12_i_1/CO[1]
                         net (fo=214, unplaced)       0.325    27.623    compBlock/rec/div_man[12]
                         LUT4 (Prop_lut4_I1_O)        0.251    27.874 r  compBlock/rec/i___409_i_1/O
                         net (fo=7, unplaced)         0.336    28.210    compBlock/rec/divide/numer11[13]
                         LUT6 (Prop_lut6_I0_O)        0.097    28.307 r  compBlock/rec/i___13_i_68/O
                         net (fo=1, unplaced)         0.471    28.778    compBlock/rec/i___13_i_68_n_0
                         CARRY4 (Prop_carry4_DI[1]_CO[3])
                                                      0.386    29.164 r  compBlock/rec/i___13_i_49/CO[3]
                         net (fo=1, unplaced)         0.007    29.171    compBlock/rec/i___13_i_49_n_0
                         CARRY4 (Prop_carry4_CI_CO[3])
                                                      0.092    29.263 r  compBlock/rec/i___13_i_25/CO[3]
                         net (fo=1, unplaced)         0.000    29.263    compBlock/rec/i___13_i_25_n_0
                         CARRY4 (Prop_carry4_CI_CO[3])
                                                      0.092    29.355 r  compBlock/rec/i___13_i_11/CO[3]
                         net (fo=1, unplaced)         0.000    29.355    compBlock/rec/i___13_i_11_n_0
                         CARRY4 (Prop_carry4_CI_CO[3])
                                                      0.092    29.447 r  compBlock/rec/i___13_i_4/CO[3]
                         net (fo=1, unplaced)         0.000    29.447    compBlock/rec/i___13_i_4_n_0
                         CARRY4 (Prop_carry4_CI_CO[1])
                                                      0.136    29.583 r  compBlock/rec/i___13_i_2/CO[1]
                         net (fo=221, unplaced)       0.325    29.908    compBlock/rec/div_man[11]
                         LUT4 (Prop_lut4_I1_O)        0.251    30.159 r  compBlock/rec/i___421_i_1/O
                         net (fo=7, unplaced)         0.336    30.495    compBlock/rec/divide/numer10[12]
                         LUT6 (Prop_lut6_I0_O)        0.097    30.592 r  compBlock/rec/i___14_i_76/O
                         net (fo=1, unplaced)         0.471    31.063    compBlock/rec/i___14_i_76_n_0
                         CARRY4 (Prop_carry4_DI[1]_CO[3])
                                                      0.386    31.449 r  compBlock/rec/i___14_i_56/CO[3]
                         net (fo=1, unplaced)         0.007    31.456    compBlock/rec/i___14_i_56_n_0
                         CARRY4 (Prop_carry4_CI_CO[3])
                                                      0.092    31.548 r  compBlock/rec/i___14_i_27/CO[3]
                         net (fo=1, unplaced)         0.000    31.548    compBlock/rec/i___14_i_27_n_0
                         CARRY4 (Prop_carry4_CI_CO[3])
                                                      0.092    31.640 r  compBlock/rec/i___14_i_12/CO[3]
                         net (fo=1, unplaced)         0.000    31.640    compBlock/rec/i___14_i_12_n_0
                         CARRY4 (Prop_carry4_CI_CO[3])
                                                      0.092    31.732 r  compBlock/rec/i___14_i_3/CO[3]
                         net (fo=1, unplaced)         0.000    31.732    compBlock/rec/i___14_i_3_n_0
                         CARRY4 (Prop_carry4_CI_CO[2])
                                                      0.191    31.923 r  compBlock/rec/i___14_i_1/CO[2]
                         net (fo=232, unplaced)       0.423    32.346    compBlock/rec/div_man[10]
                         LUT4 (Prop_lut4_I1_O)        0.223    32.569 r  compBlock/rec/i___432_i_1/O
                         net (fo=7, unplaced)         0.336    32.905    compBlock/rec/divide/numer9[11]
                         LUT6 (Prop_lut6_I0_O)        0.097    33.002 r  compBlock/rec/i___15_i_76/O
                         net (fo=1, unplaced)         0.471    33.473    compBlock/rec/i___15_i_76_n_0
                         CARRY4 (Prop_carry4_DI[1]_CO[3])
                                                      0.386    33.859 r  compBlock/rec/i___15_i_56/CO[3]
                         net (fo=1, unplaced)         0.007    33.866    compBlock/rec/i___15_i_56_n_0
                         CARRY4 (Prop_carry4_CI_CO[3])
                                                      0.092    33.958 r  compBlock/rec/i___15_i_27/CO[3]
                         net (fo=1, unplaced)         0.000    33.958    compBlock/rec/i___15_i_27_n_0
                         CARRY4 (Prop_carry4_CI_CO[3])
                                                      0.092    34.050 r  compBlock/rec/i___15_i_13/CO[3]
                         net (fo=1, unplaced)         0.000    34.050    compBlock/rec/i___15_i_13_n_0
                         CARRY4 (Prop_carry4_CI_CO[3])
                                                      0.092    34.142 r  compBlock/rec/i___15_i_4/CO[3]
                         net (fo=1, unplaced)         0.000    34.142    compBlock/rec/i___15_i_4_n_0
                         CARRY4 (Prop_carry4_CI_CO[2])
                                                      0.191    34.333 r  compBlock/rec/i___15_i_2/CO[2]
                         net (fo=219, unplaced)       0.421    34.754    compBlock/rec/div_man[9]
                         LUT4 (Prop_lut4_I1_O)        0.223    34.977 r  compBlock/rec/i___442_i_1/O
                         net (fo=7, unplaced)         0.336    35.313    compBlock/rec/divide/numer8[10]
                         LUT6 (Prop_lut6_I0_O)        0.097    35.410 r  compBlock/rec/i___16_i_84/O
                         net (fo=1, unplaced)         0.471    35.881    compBlock/rec/i___16_i_84_n_0
                         CARRY4 (Prop_carry4_DI[1]_CO[3])
                                                      0.386    36.267 r  compBlock/rec/i___16_i_56/CO[3]
                         net (fo=1, unplaced)         0.007    36.274    compBlock/rec/i___16_i_56_n_0
                         CARRY4 (Prop_carry4_CI_CO[3])
                                                      0.092    36.366 r  compBlock/rec/i___16_i_31/CO[3]
                         net (fo=1, unplaced)         0.000    36.366    compBlock/rec/i___16_i_31_n_0
                         CARRY4 (Prop_carry4_CI_CO[3])
                                                      0.092    36.458 r  compBlock/rec/i___16_i_14/CO[3]
                         net (fo=1, unplaced)         0.000    36.458    compBlock/rec/i___16_i_14_n_0
                         CARRY4 (Prop_carry4_CI_CO[3])
                                                      0.092    36.550 r  compBlock/rec/i___16_i_3/CO[3]
                         net (fo=1, unplaced)         0.000    36.550    compBlock/rec/i___16_i_3_n_0
                         CARRY4 (Prop_carry4_CI_CO[3])
                                                      0.092    36.642 r  compBlock/rec/i___16_i_1/CO[3]
                         net (fo=240, unplaced)       0.806    37.448    compBlock/rec/div_man[8]
                         LUT4 (Prop_lut4_I1_O)        0.097    37.545 r  compBlock/rec/i___451_i_1/O
                         net (fo=7, unplaced)         0.336    37.881    compBlock/rec/divide/numer7[9]
                         LUT6 (Prop_lut6_I0_O)        0.097    37.978 r  compBlock/rec/i___17_i_84/O
                         net (fo=1, unplaced)         0.471    38.449    compBlock/rec/i___17_i_84_n_0
                         CARRY4 (Prop_carry4_DI[1]_CO[3])
                                                      0.386    38.835 r  compBlock/rec/i___17_i_63/CO[3]
                         net (fo=1, unplaced)         0.007    38.842    compBlock/rec/i___17_i_63_n_0
                         CARRY4 (Prop_carry4_CI_CO[3])
                                                      0.092    38.934 r  compBlock/rec/i___17_i_30/CO[3]
                         net (fo=1, unplaced)         0.000    38.934    compBlock/rec/i___17_i_30_n_0
                         CARRY4 (Prop_carry4_CI_CO[3])
                                                      0.092    39.026 r  compBlock/rec/i___17_i_15/CO[3]
                         net (fo=1, unplaced)         0.000    39.026    compBlock/rec/i___17_i_15_n_0
                         CARRY4 (Prop_carry4_CI_CO[3])
                                                      0.092    39.118 r  compBlock/rec/i___17_i_4/CO[3]
                         net (fo=1, unplaced)         0.000    39.118    compBlock/rec/i___17_i_4_n_0
                         CARRY4 (Prop_carry4_CI_CO[3])
                                                      0.092    39.210 r  compBlock/rec/i___17_i_2/CO[3]
                         net (fo=223, unplaced)       0.804    40.014    compBlock/rec/div_man[7]
                         LUT4 (Prop_lut4_I1_O)        0.097    40.111 r  compBlock/rec/i___459_i_1/O
                         net (fo=7, unplaced)         0.336    40.447    compBlock/rec/divide/numer6[8]
                         LUT6 (Prop_lut6_I0_O)        0.097    40.544 r  compBlock/rec/i___18_i_91/O
                         net (fo=1, unplaced)         0.471    41.015    compBlock/rec/i___18_i_91_n_0
                         CARRY4 (Prop_carry4_DI[1]_CO[3])
                                                      0.386    41.401 r  compBlock/rec/i___18_i_71/CO[3]
                         net (fo=1, unplaced)         0.007    41.408    compBlock/rec/i___18_i_71_n_0
                         CARRY4 (Prop_carry4_CI_CO[3])
                                                      0.092    41.500 r  compBlock/rec/i___18_i_41/CO[3]
                         net (fo=1, unplaced)         0.000    41.500    compBlock/rec/i___18_i_41_n_0
                         CARRY4 (Prop_carry4_CI_CO[3])
                                                      0.092    41.592 r  compBlock/rec/i___18_i_18/CO[3]
                         net (fo=1, unplaced)         0.000    41.592    compBlock/rec/i___18_i_18_n_0
                         CARRY4 (Prop_carry4_CI_CO[3])
                                                      0.092    41.684 r  compBlock/rec/i___18_i_8/CO[3]
                         net (fo=1, unplaced)         0.000    41.684    compBlock/rec/i___18_i_8_n_0
                         CARRY4 (Prop_carry4_CI_CO[3])
                                                      0.092    41.776 r  compBlock/rec/i___18_i_3/CO[3]
                         net (fo=1, unplaced)         0.000    41.776    compBlock/rec/i___18_i_3_n_0
                         CARRY4 (Prop_carry4_CI_CO[0])
                                                      0.218    41.994 r  compBlock/rec/i___18_i_1/CO[0]
                         net (fo=246, unplaced)       0.330    42.324    compBlock/rec/div_man[6]
                         LUT4 (Prop_lut4_I1_O)        0.262    42.586 r  compBlock/rec/i___466_i_1/O
                         net (fo=7, unplaced)         0.336    42.922    compBlock/rec/divide/numer5[7]
                         LUT6 (Prop_lut6_I0_O)        0.097    43.019 r  compBlock/rec/i___19_i_92/O
                         net (fo=1, unplaced)         0.471    43.490    compBlock/rec/i___19_i_92_n_0
                         CARRY4 (Prop_carry4_DI[1]_CO[3])
                                                      0.386    43.876 r  compBlock/rec/i___19_i_72/CO[3]
                         net (fo=1, unplaced)         0.007    43.883    compBlock/rec/i___19_i_72_n_0
                         CARRY4 (Prop_carry4_CI_CO[3])
                                                      0.092    43.975 r  compBlock/rec/i___19_i_41/CO[3]
                         net (fo=1, unplaced)         0.000    43.975    compBlock/rec/i___19_i_41_n_0
                         CARRY4 (Prop_carry4_CI_CO[3])
                                                      0.092    44.067 r  compBlock/rec/i___19_i_21/CO[3]
                         net (fo=1, unplaced)         0.000    44.067    compBlock/rec/i___19_i_21_n_0
                         CARRY4 (Prop_carry4_CI_CO[3])
                                                      0.092    44.159 r  compBlock/rec/i___19_i_9/CO[3]
                         net (fo=1, unplaced)         0.000    44.159    compBlock/rec/i___19_i_9_n_0
                         CARRY4 (Prop_carry4_CI_CO[3])
                                                      0.092    44.251 r  compBlock/rec/i___19_i_4/CO[3]
                         net (fo=1, unplaced)         0.000    44.251    compBlock/rec/i___19_i_4_n_0
                         CARRY4 (Prop_carry4_CI_CO[0])
                                                      0.218    44.469 r  compBlock/rec/i___19_i_2/CO[0]
                         net (fo=227, unplaced)       0.328    44.797    compBlock/rec/div_man[5]
                         LUT4 (Prop_lut4_I1_O)        0.262    45.059 r  compBlock/rec/i___472_i_1/O
                         net (fo=7, unplaced)         0.336    45.395    compBlock/rec/divide/numer4[6]
                         LUT6 (Prop_lut6_I0_O)        0.097    45.492 r  compBlock/rec/i___20_i_101/O
                         net (fo=1, unplaced)         0.471    45.963    compBlock/rec/i___20_i_101_n_0
                         CARRY4 (Prop_carry4_DI[1]_CO[3])
                                                      0.386    46.349 r  compBlock/rec/i___20_i_73/CO[3]
                         net (fo=1, unplaced)         0.007    46.356    compBlock/rec/i___20_i_73_n_0
                         CARRY4 (Prop_carry4_CI_CO[3])
                                                      0.092    46.448 r  compBlock/rec/i___20_i_41/CO[3]
                         net (fo=1, unplaced)         0.000    46.448    compBlock/rec/i___20_i_41_n_0
                         CARRY4 (Prop_carry4_CI_CO[3])
                                                      0.092    46.540 r  compBlock/rec/i___20_i_22/CO[3]
                         net (fo=1, unplaced)         0.000    46.540    compBlock/rec/i___20_i_22_n_0
                         CARRY4 (Prop_carry4_CI_CO[3])
                                                      0.092    46.632 r  compBlock/rec/i___20_i_10/CO[3]
                         net (fo=1, unplaced)         0.000    46.632    compBlock/rec/i___20_i_10_n_0
                         CARRY4 (Prop_carry4_CI_CO[3])
                                                      0.092    46.724 r  compBlock/rec/i___20_i_3/CO[3]
                         net (fo=1, unplaced)         0.000    46.724    compBlock/rec/i___20_i_3_n_0
                         CARRY4 (Prop_carry4_CI_CO[1])
                                                      0.136    46.860 r  compBlock/rec/i___20_i_1/CO[1]
                         net (fo=254, unplaced)       0.329    47.189    compBlock/rec/div_man[4]
                         LUT4 (Prop_lut4_I1_O)        0.251    47.440 r  compBlock/rec/i___477_i_1/O
                         net (fo=7, unplaced)         0.336    47.776    compBlock/rec/divide/numer3[5]
                         LUT6 (Prop_lut6_I0_O)        0.097    47.873 r  compBlock/rec/i___21_i_100/O
                         net (fo=1, unplaced)         0.471    48.344    compBlock/rec/i___21_i_100_n_0
                         CARRY4 (Prop_carry4_DI[1]_CO[3])
                                                      0.386    48.730 r  compBlock/rec/i___21_i_80/CO[3]
                         net (fo=1, unplaced)         0.007    48.737    compBlock/rec/i___21_i_80_n_0
                         CARRY4 (Prop_carry4_CI_CO[3])
                                                      0.092    48.829 r  compBlock/rec/i___21_i_48/CO[3]
                         net (fo=1, unplaced)         0.000    48.829    compBlock/rec/i___21_i_48_n_0
                         CARRY4 (Prop_carry4_CI_CO[3])
                                                      0.092    48.921 r  compBlock/rec/i___21_i_24/CO[3]
                         net (fo=1, unplaced)         0.000    48.921    compBlock/rec/i___21_i_24_n_0
                         CARRY4 (Prop_carry4_CI_CO[3])
                                                      0.092    49.013 r  compBlock/rec/i___21_i_11/CO[3]
                         net (fo=1, unplaced)         0.000    49.013    compBlock/rec/i___21_i_11_n_0
                         CARRY4 (Prop_carry4_CI_CO[3])
                                                      0.092    49.105 r  compBlock/rec/i___21_i_4/CO[3]
                         net (fo=1, unplaced)         0.000    49.105    compBlock/rec/i___21_i_4_n_0
                         CARRY4 (Prop_carry4_CI_CO[1])
                                                      0.136    49.241 r  compBlock/rec/i___21_i_2/CO[1]
                         net (fo=222, unplaced)       0.326    49.567    compBlock/rec/div_man[3]
                         LUT4 (Prop_lut4_I1_O)        0.251    49.818 r  compBlock/rec/i___481_i_1/O
                         net (fo=6, unplaced)         0.333    50.151    compBlock/rec/divide/numer2[4]
                         LUT6 (Prop_lut6_I0_O)        0.097    50.248 r  compBlock/rec/i___22_i_113/O
                         net (fo=1, unplaced)         0.471    50.719    compBlock/rec/i___22_i_113_n_0
                         CARRY4 (Prop_carry4_DI[1]_CO[3])
                                                      0.386    51.105 r  compBlock/rec/i___22_i_85/CO[3]
                         net (fo=1, unplaced)         0.007    51.112    compBlock/rec/i___22_i_85_n_0
                         CARRY4 (Prop_carry4_CI_CO[3])
                                                      0.092    51.204 r  compBlock/rec/i___22_i_53/CO[3]
                         net (fo=1, unplaced)         0.000    51.204    compBlock/rec/i___22_i_53_n_0
                         CARRY4 (Prop_carry4_CI_CO[3])
                                                      0.092    51.296 r  compBlock/rec/i___22_i_30/CO[3]
                         net (fo=1, unplaced)         0.000    51.296    compBlock/rec/i___22_i_30_n_0
                         CARRY4 (Prop_carry4_CI_CO[3])
                                                      0.092    51.388 r  compBlock/rec/i___22_i_16/CO[3]
                         net (fo=1, unplaced)         0.000    51.388    compBlock/rec/i___22_i_16_n_0
                         CARRY4 (Prop_carry4_CI_CO[3])
                                                      0.092    51.480 r  compBlock/rec/i___22_i_3/CO[3]
                         net (fo=1, unplaced)         0.000    51.480    compBlock/rec/i___22_i_3_n_0
                         CARRY4 (Prop_carry4_CI_CO[2])
                                                      0.191    51.671 r  compBlock/rec/i___22_i_1/CO[2]
                         net (fo=198, unplaced)       0.419    52.090    compBlock/rec/div_man[2]
                         LUT4 (Prop_lut4_I1_O)        0.223    52.313 r  compBlock/rec/i___504_i_121/O
                         net (fo=4, unplaced)         0.325    52.638    compBlock/rec/divide/numer1[3]
                         LUT6 (Prop_lut6_I0_O)        0.097    52.735 r  compBlock/rec/i___504_i_107/O
                         net (fo=1, unplaced)         0.471    53.206    compBlock/rec/i___504_i_107_n_0
                         CARRY4 (Prop_carry4_DI[1]_CO[3])
                                                      0.386    53.592 r  compBlock/rec/i___504_i_82/CO[3]
                         net (fo=1, unplaced)         0.007    53.599    compBlock/rec/i___504_i_82_n_0
                         CARRY4 (Prop_carry4_CI_CO[3])
                                                      0.092    53.691 r  compBlock/rec/i___504_i_50/CO[3]
                         net (fo=1, unplaced)         0.000    53.691    compBlock/rec/i___504_i_50_n_0
                         CARRY4 (Prop_carry4_CI_CO[3])
                                                      0.092    53.783 r  compBlock/rec/i___504_i_22/CO[3]
                         net (fo=1, unplaced)         0.000    53.783    compBlock/rec/i___504_i_22_n_0
                         CARRY4 (Prop_carry4_CI_CO[3])
                                                      0.092    53.875 r  compBlock/rec/i___504_i_9/CO[3]
                         net (fo=1, unplaced)         0.000    53.875    compBlock/rec/i___504_i_9_n_0
                         CARRY4 (Prop_carry4_CI_CO[3])
                                                      0.092    53.967 r  compBlock/rec/i___504_i_2/CO[3]
                         net (fo=1, unplaced)         0.000    53.967    compBlock/rec/i___504_i_2_n_0
                         CARRY4 (Prop_carry4_CI_CO[2])
                                                      0.191    54.158 r  compBlock/rec/i___504_i_1/CO[2]
                         net (fo=89, unplaced)        0.399    54.557    compBlock/rec/div_man[1]
                         LUT4 (Prop_lut4_I1_O)        0.223    54.780 r  compBlock/rec/multOperand[1]_i_146/O
                         net (fo=1, unplaced)         0.301    55.081    compBlock/rec/divide/numer0__0[2]
                         LUT6 (Prop_lut6_I0_O)        0.097    55.178 r  compBlock/rec/multOperand[1]_i_127/O
                         net (fo=1, unplaced)         0.471    55.649    compBlock/rec/multOperand[1]_i_127_n_0
                         CARRY4 (Prop_carry4_DI[1]_CO[3])
                                                      0.386    56.035 r  compBlock/rec/multOperand_reg[1]_i_97/CO[3]
                         net (fo=1, unplaced)         0.007    56.042    compBlock/rec/multOperand_reg[1]_i_97_n_0
                         CARRY4 (Prop_carry4_CI_CO[3])
                                                      0.092    56.134 r  compBlock/rec/multOperand_reg[1]_i_66/CO[3]
                         net (fo=1, unplaced)         0.000    56.134    compBlock/rec/multOperand_reg[1]_i_66_n_0
                         CARRY4 (Prop_carry4_CI_CO[3])
                                                      0.092    56.226 r  compBlock/rec/multOperand_reg[1]_i_30/CO[3]
                         net (fo=1, unplaced)         0.000    56.226    compBlock/rec/multOperand_reg[1]_i_30_n_0
                         CARRY4 (Prop_carry4_CI_CO[3])
                                                      0.092    56.318 r  compBlock/rec/multOperand_reg[1]_i_12/CO[3]
                         net (fo=1, unplaced)         0.000    56.318    compBlock/rec/multOperand_reg[1]_i_12_n_0
                         CARRY4 (Prop_carry4_CI_CO[3])
                                                      0.092    56.410 r  compBlock/rec/multOperand_reg[1]_i_3/CO[3]
                         net (fo=1, unplaced)         0.000    56.410    compBlock/rec/multOperand_reg[1]_i_3_n_0
                         CARRY4 (Prop_carry4_CI_CO[3])
                                                      0.092    56.502 r  compBlock/rec/multOperand_reg[1]_i_2/CO[3]
                         net (fo=23, unplaced)        0.747    57.249    compBlock/rec/div_man[0]
                         LUT6 (Prop_lut6_I0_O)        0.097    57.346 r  compBlock/rec/multOperand[17]_i_8/O
                         net (fo=1, unplaced)         0.301    57.647    compBlock/rec/multOperand[17]_i_8_n_0
                         LUT6 (Prop_lut6_I5_O)        0.097    57.744 r  compBlock/rec/multOperand[17]_i_3/O
                         net (fo=1, unplaced)         0.301    58.045    compBlock/rec/multOperand[17]_i_3_n_0
                         LUT6 (Prop_lut6_I0_O)        0.097    58.142 r  compBlock/rec/multOperand[17]_i_2/O
                         net (fo=1, unplaced)         0.301    58.443    compBlock/rec/recResult[17]
                         LUT3 (Prop_lut3_I1_O)        0.102    58.545 r  compBlock/rec/multOperand[17]_i_1/O
                         net (fo=1, unplaced)         0.000    58.545    compBlock/rec_n_14
                         FDRE                                         r  compBlock/multOperand_reg[17]/D
  -------------------------------------------------------------------    -------------------

                         (clock clk rise edge)       10.000    10.000 r  
                                                      0.000    10.000 r  clk (IN)
                         net (fo=14942, unset)        0.669    10.669    compBlock/clk
                         FDRE                                         r  compBlock/multOperand_reg[17]/C
                         clock pessimism              0.000    10.669    
                         clock uncertainty           -0.035    10.633    
                         FDRE (Setup_fdre_C_D)        0.069    10.702    compBlock/multOperand_reg[17]
  -------------------------------------------------------------------
                         required time                         10.702    
                         arrival time                         -58.545    
  -------------------------------------------------------------------
                         slack                                -47.843    





Min Delay Paths
--------------------------------------------------------------------------------------
Slack (MET) :             0.160ns  (arrival time - required time)
  Source:                 compBlock/topWriteDataReg2_reg[0]__0/C
                            (rising edge-triggered cell FDRE clocked by clk  {rise@0.000ns fall@5.000ns period=10.000ns})
  Destination:            compBlock/topBlock/inst2/ram_reg_0_15_0_5/RAMA/I
                            (rising edge-triggered cell RAMD32 clocked by clk  {rise@0.000ns fall@5.000ns period=10.000ns})
  Path Group:             clk
  Path Type:              Hold (Min at Fast Process Corner)
  Requirement:            0.000ns  (clk rise@0.000ns - clk rise@0.000ns)
  Data Path Delay:        0.275ns  (logic 0.148ns (53.782%)  route 0.127ns (46.218%))
  Logic Levels:           0  
  Clock Path Skew:        0.022ns (DCD - SCD - CPR)
    Destination Clock Delay (DCD):    0.432ns
    Source Clock Delay      (SCD):    0.411ns
    Clock Pessimism Removal (CPR):    -0.000ns

    Location             Delay type                Incr(ns)  Path(ns)    Netlist Resource(s)
  -------------------------------------------------------------------    -------------------
                         (clock clk rise edge)        0.000     0.000 r  
                                                      0.000     0.000 r  clk (IN)
                         net (fo=14942, unset)        0.411     0.411    compBlock/clk
                         FDRE                                         r  compBlock/topWriteDataReg2_reg[0]__0/C
  -------------------------------------------------------------------    -------------------
                         FDRE (Prop_fdre_C_Q)         0.148     0.559 r  compBlock/topWriteDataReg2_reg[0]__0/Q
                         net (fo=1, unplaced)         0.127     0.686    compBlock/topBlock/inst2/ram_reg_0_15_0_5/DIA0
                         RAMD32                                       r  compBlock/topBlock/inst2/ram_reg_0_15_0_5/RAMA/I
  -------------------------------------------------------------------    -------------------

                         (clock clk rise edge)        0.000     0.000 r  
                                                      0.000     0.000 r  clk (IN)
                         net (fo=14942, unset)        0.432     0.432    compBlock/topBlock/inst2/ram_reg_0_15_0_5/WCLK
                         RAMD32                                       r  compBlock/topBlock/inst2/ram_reg_0_15_0_5/RAMA/CLK
                         clock pessimism              0.000     0.432    
                         RAMD32 (Hold_ramd32_CLK_I)
                                                      0.094     0.526    compBlock/topBlock/inst2/ram_reg_0_15_0_5/RAMA
  -------------------------------------------------------------------
                         required time                         -0.526    
                         arrival time                           0.686    
  -------------------------------------------------------------------
                         slack                                  0.160    





Pulse Width Checks
--------------------------------------------------------------------------------------
Clock Name:         clk
Waveform(ns):       { 0.000 5.000 }
Period(ns):         10.000
Sources:            { clk }

Check Type        Corner  Lib Pin             Reference Pin  Required(ns)  Actual(ns)  Slack(ns)  Location  Pin
Min Period        n/a     RAMB36E1/CLKARDCLK  n/a            2.234         10.000      7.766                compBlock/currentBlock0/inst1/ram_reg_0/CLKARDCLK
Low Pulse Width   Slow    RAMD32/CLK          n/a            1.050         5.000       3.950                compBlock/topBlock/inst2/ram_reg_0_15_0_5/RAMA/CLK
High Pulse Width  Slow    RAMD32/CLK          n/a            1.050         5.000       3.950                compBlock/topBlock/inst2/ram_reg_0_15_0_5/RAMA/CLK



