Copyright 1986-2018 Xilinx, Inc. All Rights Reserved.
---------------------------------------------------------------------------------------------------------------------------------------------------------------------------------------------------------------------------------------------------------
| Tool Version : Vivado v.2018.3 (lin64) Build 2405991 Thu Dec  6 23:36:41 MST 2018
| Date         : Wed Jan 12 11:49:40 2022
| Host         : koopa.ece.utexas.edu running 64-bit CentOS Linux release 7.9.2009 (Core)
| Command      : report_timing -sort_by group -max_paths 100 -path_type summary -file /misc/scratch/zwei1/reports_Jan12/raw_designs/vtr_designs/verilog/koios/tiny_darknet_like.small_submodules/td_fused_top_tdf11_l2_filters_ram/post_route_timing.rpt
| Design       : td_fused_top_tdf11_l2_filters_ram
| Device       : 7z020-clg484
| Speed File   : -3  PRODUCTION 1.11 2014-09-11
---------------------------------------------------------------------------------------------------------------------------------------------------------------------------------------------------------------------------------------------------------

Timing Report

Startpoint                     Endpoint                       Slack(ns)     
----------------------------------------------------------------------------
addr1_t1_reg[14]/C             ram_reg_0_0/ADDRARDADDR[14]    5.898         
addr1_t1_reg[9]/C              ram_reg_0_0/ADDRARDADDR[9]     5.969         
addr1_t1_reg[15]/C             ram_reg_0_4/ENARDEN            5.999         
addr1_t1_reg[3]/C              ram_reg_0_0/ADDRARDADDR[3]     6.023         
we1_t1_reg/C                   ram_reg_0_9/ENBWREN            6.053         
addr1_t1_reg[7]/C              ram_reg_0_0/ADDRARDADDR[7]     6.057         
addr1_t1_reg[10]/C             ram_reg_0_0/ADDRARDADDR[10]    6.072         
addr0_t1_reg[10]/C             ram_reg_0_1/ADDRBWRADDR[10]    6.094         
we1_t1_reg/C                   ram_reg_0_0/ENBWREN            6.118         
addr0_t1_reg[12]/C             ram_reg_0_0/ADDRBWRADDR[12]    6.128         
addr0_t1_reg[10]/C             ram_reg_0_0/ADDRBWRADDR[10]    6.131         
addr1_t1_reg[10]/C             ram_reg_0_1/ADDRARDADDR[10]    6.142         
addr1_t1_reg[14]/C             ram_reg_1_0/ADDRARDADDR[14]    6.178         
addr0_t1_reg[12]/C             ram_reg_0_1/ADDRBWRADDR[12]    6.195         
addr1_t1_reg[9]/C              ram_reg_1_0/ADDRARDADDR[9]     6.249         
addr1_t1_reg[3]/C              ram_reg_1_0/ADDRARDADDR[3]     6.303         
ram_reg_0_0_cooolgate_en_gate_45_cooolDelFlop/C
                               ram_reg_0_1/ENBWREN            6.320         
addr1_t1_reg[7]/C              ram_reg_1_0/ADDRARDADDR[7]     6.337         
addr0_t1_reg[4]/C              ram_reg_0_0/ADDRBWRADDR[4]     6.346         
addr0_t1_reg[15]/C             ram_reg_0_1/ADDRBWRADDR[15]    6.350         
addr1_t1_reg[10]/C             ram_reg_1_0/ADDRARDADDR[10]    6.352         
we1_t1_reg/C                   ram_reg_0_9/ENARDEN            6.356         
addr1_t1_reg[7]/C              ram_reg_0_1/ADDRARDADDR[7]     6.357         
addr1_t1_reg[12]/C             ram_reg_0_1/ADDRARDADDR[12]    6.359         
we1_t1_reg/C                   ram_reg_0_0/ENARDEN            6.365         
addr0_t1_reg[11]/C             ram_reg_0_0/ADDRBWRADDR[11]    6.368         
addr0_t1_reg[10]/C             ram_reg_1_1/ADDRBWRADDR[10]    6.374         
addr1_t1_reg[9]/C              ram_reg_0_1/ADDRARDADDR[9]     6.377         
addr0_t1_reg[1]/C              ram_reg_0_1/ADDRBWRADDR[1]     6.385         
addr1_t1_reg[8]/C              ram_reg_0_0/ADDRARDADDR[8]     6.385         
addr1_t1_reg[6]/C              ram_reg_0_0/ADDRARDADDR[6]     6.392         
addr0_t1_reg[5]/C              ram_reg_0_0/ADDRBWRADDR[5]     6.397         
addr0_t1_reg[1]/C              ram_reg_0_0/ADDRBWRADDR[1]     6.407         
addr0_t1_reg[12]/C             ram_reg_1_0/ADDRBWRADDR[12]    6.408         
addr0_t1_reg[10]/C             ram_reg_1_0/ADDRBWRADDR[10]    6.411         
addr1_t1_reg[12]/C             ram_reg_0_0/ADDRARDADDR[12]    6.414         
addr0_t1_reg[7]/C              ram_reg_0_0/ADDRBWRADDR[7]     6.416         
addr1_t1_reg[10]/C             ram_reg_1_1/ADDRARDADDR[10]    6.422         
addr0_t1_reg[9]/C              ram_reg_0_0/ADDRBWRADDR[9]     6.423         
addr1_t1_reg[14]/C             ram_reg_0_1/ADDRARDADDR[14]    6.431         
addr0_t1_reg[6]/C              ram_reg_0_0/ADDRBWRADDR[6]     6.433         
addr0_t1_reg[8]/C              ram_reg_0_0/ADDRBWRADDR[8]     6.439         
addr1_t1_reg[3]/C              ram_reg_0_1/ADDRARDADDR[3]     6.440         
addr1_t1_reg[14]/C             ram_reg_0_4/ADDRARDADDR[14]    6.458         
addr1_t1_reg[4]/C              ram_reg_0_1/ADDRARDADDR[4]     6.462         
addr1_t1_reg[6]/C              ram_reg_0_1/ADDRARDADDR[6]     6.466         
addr0_t1_reg[5]/C              ram_reg_0_1/ADDRBWRADDR[5]     6.467         
addr1_t1_reg[8]/C              ram_reg_0_1/ADDRARDADDR[8]     6.472         
addr0_t1_reg[3]/C              ram_reg_0_1/ADDRBWRADDR[3]     6.474         
addr0_t1_reg[7]/C              ram_reg_0_1/ADDRBWRADDR[7]     6.475         
addr0_t1_reg[12]/C             ram_reg_1_1/ADDRBWRADDR[12]    6.475         
we1_t1_reg/C                   ram_reg_0_1/ENARDEN            6.481         
addr1_t1_reg[4]/C              ram_reg_0_0/ADDRARDADDR[4]     6.482         
addr0_t1_reg[2]/C              ram_reg_0_0/ADDRBWRADDR[2]     6.490         
addr0_t1_reg[14]/C             ram_reg_0_0/ADDRBWRADDR[14]    6.491         
addr1_t1_reg[2]/C              ram_reg_0_1/ADDRARDADDR[2]     6.508         
addr0_t1_reg[9]/C              ram_reg_0_1/ADDRBWRADDR[9]     6.510         
addr0_t1_reg[6]/C              ram_reg_0_1/ADDRBWRADDR[6]     6.511         
addr0_t1_reg[4]/C              ram_reg_0_1/ADDRBWRADDR[4]     6.516         
addr1_t1_reg[5]/C              ram_reg_0_1/ADDRARDADDR[5]     6.522         
we1_t1_reg/C                   ram_reg_0_4/ENBWREN            6.529         
addr1_t1_reg[9]/C              ram_reg_0_4/ADDRARDADDR[9]     6.529         
addr1_t1_reg[2]/C              ram_reg_0_0/ADDRARDADDR[2]     6.533         
addr1_t1_reg[1]/C              ram_reg_0_0/ADDRARDADDR[1]     6.536         
we1_t1_reg/C                   ram_reg_1_0/ENARDEN            6.542         
addr0_t1_reg[3]/C              ram_reg_0_0/ADDRBWRADDR[3]     6.549         
addr0_t1_reg[14]/C             ram_reg_0_1/ADDRBWRADDR[14]    6.558         
addr0_t1_reg[2]/C              ram_reg_0_1/ADDRBWRADDR[2]     6.559         
addr1_t1_reg[3]/C              ram_reg_0_4/ADDRARDADDR[3]     6.583         
addr0_t1_reg[8]/C              ram_reg_0_1/ADDRBWRADDR[8]     6.601         
addr1_t1_reg[1]/C              ram_reg_0_1/ADDRARDADDR[1]     6.602         
addr1_t1_reg[7]/C              ram_reg_0_4/ADDRARDADDR[7]     6.617         
ram_reg_0_0_cooolgate_en_gate_45_cooolDelFlop/C
                               ram_reg_0_11/ENBWREN           6.620         
addr0_t1_reg[4]/C              ram_reg_1_0/ADDRBWRADDR[4]     6.626         
addr1_t1_reg[10]/C             ram_reg_0_4/ADDRARDADDR[10]    6.632         
addr1_t1_reg[7]/C              ram_reg_1_1/ADDRARDADDR[7]     6.637         
addr1_t1_reg[12]/C             ram_reg_1_1/ADDRARDADDR[12]    6.639         
addr1_t1_reg[15]/C             ram_reg_0_7/ENBWREN            6.648         
addr0_t1_reg[11]/C             ram_reg_1_0/ADDRBWRADDR[11]    6.648         
addr0_t1_reg[10]/C             ram_reg_0_7/ADDRBWRADDR[10]    6.654         
addr1_t1_reg[9]/C              ram_reg_1_1/ADDRARDADDR[9]     6.657         
addr0_t1_reg[1]/C              ram_reg_1_1/ADDRBWRADDR[1]     6.665         
addr1_t1_reg[8]/C              ram_reg_1_0/ADDRARDADDR[8]     6.665         
addr1_t1_reg[6]/C              ram_reg_1_0/ADDRARDADDR[6]     6.672         
addr0_t1_reg[5]/C              ram_reg_1_0/ADDRBWRADDR[5]     6.677         
addr1_t1_reg[15]/C             ram_reg_1_4/ENARDEN            6.681         
addr0_t1_reg[1]/C              ram_reg_1_0/ADDRBWRADDR[1]     6.687         
addr0_t1_reg[12]/C             ram_reg_0_4/ADDRBWRADDR[12]    6.688         
addr0_t1_reg[11]/C             ram_reg_0_1/ADDRBWRADDR[11]    6.690         
addr0_t1_reg[10]/C             ram_reg_0_4/ADDRBWRADDR[10]    6.691         
addr1_t1_reg[12]/C             ram_reg_1_0/ADDRARDADDR[12]    6.694         
addr0_t1_reg[13]/C             ram_reg_0_0/ADDRBWRADDR[13]    6.694         
addr0_t1_reg[7]/C              ram_reg_1_0/ADDRBWRADDR[7]     6.696         
addr1_t1_reg[10]/C             ram_reg_0_7/ADDRARDADDR[10]    6.702         
addr0_t1_reg[9]/C              ram_reg_1_0/ADDRBWRADDR[9]     6.703         
addr1_t1_reg[14]/C             ram_reg_1_1/ADDRARDADDR[14]    6.711         
addr0_t1_reg[6]/C              ram_reg_1_0/ADDRBWRADDR[6]     6.713         
addr0_t1_reg[8]/C              ram_reg_1_0/ADDRBWRADDR[8]     6.719         
addr0_t1_reg[0]/C              ram_reg_0_0/ADDRBWRADDR[0]     6.720         
addr1_t1_reg[3]/C              ram_reg_1_1/ADDRARDADDR[3]     6.720         



