Copyright 1986-2018 Xilinx, Inc. All Rights Reserved.
-----------------------------------------------------------------------------------------------------------------------------------------------------------------------
| Tool Version : Vivado v.2018.3 (lin64) Build 2405991 Thu Dec  6 23:36:41 MST 2018
| Date         : Wed Jan 12 20:52:08 2022
| Host         : koopa.ece.utexas.edu running 64-bit CentOS Linux release 7.9.2009 (Core)
| Command      : report_timing_summary -file /misc/scratch/zwei1/reports_Jan12/raw_designs/opencores/arithmetic/cr_div_submodules/cr_div/post_synth_timing_summary.rpt
| Design       : cr_div
| Device       : 7z020-clg484
| Speed File   : -3  PRODUCTION 1.11 2014-09-11
-----------------------------------------------------------------------------------------------------------------------------------------------------------------------

Timing Summary Report

------------------------------------------------------------------------------------------------
| Timer Settings
| --------------
------------------------------------------------------------------------------------------------

  Enable Multi Corner Analysis               :  Yes
  Enable Pessimism Removal                   :  Yes
  Pessimism Removal Resolution               :  Nearest Common Node
  Enable Input Delay Default Clock           :  No
  Enable Preset / Clear Arcs                 :  No
  Disable Flight Delays                      :  No
  Ignore I/O Paths                           :  No
  Timing Early Launch at Borrowing Latches   :  false

  Corner  Analyze    Analyze    
  Name    Max Paths  Min Paths  
  ------  ---------  ---------  
  Slow    Yes        Yes        
  Fast    Yes        Yes        



check_timing report

Table of Contents
-----------------
1. checking no_clock
2. checking constant_clock
3. checking pulse_width_clock
4. checking unconstrained_internal_endpoints
5. checking no_input_delay
6. checking no_output_delay
7. checking multiple_clock
8. checking generated_clocks
9. checking loops
10. checking partial_input_delay
11. checking partial_output_delay
12. checking latch_loops

1. checking no_clock
--------------------
 There are 0 register/latch pins with no clock.


2. checking constant_clock
--------------------------
 There are 0 register/latch pins with constant_clock.


3. checking pulse_width_clock
-----------------------------
 There are 0 register/latch pins which need pulse_width check


4. checking unconstrained_internal_endpoints
--------------------------------------------
 There are 0 pins that are not constrained for maximum delay.

 There are 0 pins that are not constrained for maximum delay due to constant clock.


5. checking no_input_delay
--------------------------
 There are 72 input ports with no input delay specified. (HIGH)

 There are 0 input ports with no input delay but user has a false path constraint.


6. checking no_output_delay
---------------------------
 There are 65 ports with no output delay specified. (HIGH)

 There are 0 ports with no output delay but user has a false path constraint

 There are 0 ports with no output delay but with a timing clock defined on it or propagating through it


7. checking multiple_clock
--------------------------
 There are 0 register/latch pins with multiple clocks.


8. checking generated_clocks
----------------------------
 There are 0 generated clocks that are not connected to a clock source.


9. checking loops
-----------------
 There are 0 combinational loops in the design.


10. checking partial_input_delay
--------------------------------
 There are 0 input ports with partial input delay specified.


11. checking partial_output_delay
---------------------------------
 There are 0 ports with partial output delay specified.


12. checking latch_loops
------------------------
 There are 0 combinational latch loops in the design through latch input



------------------------------------------------------------------------------------------------
| Design Timing Summary
| ---------------------
------------------------------------------------------------------------------------------------

    WNS(ns)      TNS(ns)  TNS Failing Endpoints  TNS Total Endpoints      WHS(ns)      THS(ns)  THS Failing Endpoints  THS Total Endpoints     WPWS(ns)     TPWS(ns)  TPWS Failing Endpoints  TPWS Total Endpoints  
    -------      -------  ---------------------  -------------------      -------      -------  ---------------------  -------------------     --------     --------  ----------------------  --------------------  
      0.425        0.000                      0                  298        0.200        0.000                      0                  298        3.950        0.000                       0                   139  


All user specified timing constraints are met.


------------------------------------------------------------------------------------------------
| Clock Summary
| -------------
------------------------------------------------------------------------------------------------

Clock  Waveform(ns)       Period(ns)      Frequency(MHz)
-----  ------------       ----------      --------------
clk    {0.000 5.000}      10.000          100.000         


------------------------------------------------------------------------------------------------
| Intra Clock Table
| -----------------
------------------------------------------------------------------------------------------------

Clock             WNS(ns)      TNS(ns)  TNS Failing Endpoints  TNS Total Endpoints      WHS(ns)      THS(ns)  THS Failing Endpoints  THS Total Endpoints     WPWS(ns)     TPWS(ns)  TPWS Failing Endpoints  TPWS Total Endpoints  
-----             -------      -------  ---------------------  -------------------      -------      -------  ---------------------  -------------------     --------     --------  ----------------------  --------------------  
clk                 0.425        0.000                      0                  298        0.200        0.000                      0                  298        3.950        0.000                       0                   139  


------------------------------------------------------------------------------------------------
| Inter Clock Table
| -----------------
------------------------------------------------------------------------------------------------

From Clock    To Clock          WNS(ns)      TNS(ns)  TNS Failing Endpoints  TNS Total Endpoints      WHS(ns)      THS(ns)  THS Failing Endpoints  THS Total Endpoints  
----------    --------          -------      -------  ---------------------  -------------------      -------      -------  ---------------------  -------------------  


------------------------------------------------------------------------------------------------
| Other Path Groups Table
| -----------------------
------------------------------------------------------------------------------------------------

Path Group    From Clock    To Clock          WNS(ns)      TNS(ns)  TNS Failing Endpoints  TNS Total Endpoints      WHS(ns)      THS(ns)  THS Failing Endpoints  THS Total Endpoints  
----------    ----------    --------          -------      -------  ---------------------  -------------------      -------      -------  ---------------------  -------------------  


------------------------------------------------------------------------------------------------
| Timing Details
| --------------
------------------------------------------------------------------------------------------------


---------------------------------------------------------------------------------------------------
From Clock:  clk
  To Clock:  clk

Setup :            0  Failing Endpoints,  Worst Slack        0.425ns,  Total Violation        0.000ns
Hold  :            0  Failing Endpoints,  Worst Slack        0.200ns,  Total Violation        0.000ns
PW    :            0  Failing Endpoints,  Worst Slack        3.950ns,  Total Violation        0.000ns
---------------------------------------------------------------------------------------------------


Max Delay Paths
--------------------------------------------------------------------------------------
Slack (MET) :             0.425ns  (required time - arrival time)
  Source:                 recip_cache_reg_0_63_16_16/SP/CLK
                            (rising edge-triggered cell RAMS64E clocked by clk  {rise@0.000ns fall@5.000ns period=10.000ns})
  Destination:            r1__1/B[14]
                            (rising edge-triggered cell DSP48E1 clocked by clk  {rise@0.000ns fall@5.000ns period=10.000ns})
  Path Group:             clk
  Path Type:              Setup (Max at Slow Process Corner)
  Requirement:            10.000ns  (clk rise@10.000ns - clk rise@0.000ns)
  Data Path Delay:        9.181ns  (logic 6.948ns (75.681%)  route 2.233ns (24.319%))
  Logic Levels:           16  (CARRY4=12 DSP48E1=2 LUT2=1 LUT6=1)
  Clock Path Skew:        -0.035ns (DCD - SCD + CPR)
    Destination Clock Delay (DCD):    0.669ns = ( 10.669 - 10.000 ) 
    Source Clock Delay      (SCD):    0.704ns
    Clock Pessimism Removal (CPR):    0.000ns
  Clock Uncertainty:      0.035ns  ((TSJ^2 + TIJ^2)^1/2 + DJ) / 2 + PE
    Total System Jitter     (TSJ):    0.071ns
    Total Input Jitter      (TIJ):    0.000ns
    Discrete Jitter          (DJ):    0.000ns
    Phase Error              (PE):    0.000ns

    Location             Delay type                Incr(ns)  Path(ns)    Netlist Resource(s)
  -------------------------------------------------------------------    -------------------
                         (clock clk rise edge)        0.000     0.000 r  
                                                      0.000     0.000 r  clk (IN)
                         net (fo=141, unset)          0.704     0.704    recip_cache_reg_0_63_16_16/WCLK
                         RAMS64E                                      r  recip_cache_reg_0_63_16_16/SP/CLK
  -------------------------------------------------------------------    -------------------
                         RAMS64E (Prop_rams64e_CLK_O)
                                                      0.980     1.684 r  recip_cache_reg_0_63_16_16/SP/O
                         net (fo=1, unplaced)         0.571     2.255    prod0[16]
                         DSP48E1 (Prop_dsp48e1_A[16]_PCOUT[47])
                                                      2.970     5.225 r  prod__1/PCOUT[47]
                         net (fo=1, unplaced)         0.055     5.280    prod__1_n_106
                         DSP48E1 (Prop_dsp48e1_PCIN[47]_P[0])
                                                      1.107     6.387 r  prod__2/P[0]
                         net (fo=2, unplaced)         0.571     6.958    prod__2_n_105
                         LUT2 (Prop_lut2_I0_O)        0.097     7.055 r  q[3]_i_25/O
                         net (fo=1, unplaced)         0.000     7.055    q[3]_i_25_n_0
                         CARRY4 (Prop_carry4_S[1]_CO[3])
                                                      0.402     7.457 r  q_reg[3]_i_18/CO[3]
                         net (fo=1, unplaced)         0.007     7.464    q_reg[3]_i_18_n_0
                         CARRY4 (Prop_carry4_CI_CO[3])
                                                      0.092     7.556 r  q_reg[3]_i_13/CO[3]
                         net (fo=1, unplaced)         0.000     7.556    q_reg[3]_i_13_n_0
                         CARRY4 (Prop_carry4_CI_CO[3])
                                                      0.092     7.648 r  q_reg[3]_i_8/CO[3]
                         net (fo=1, unplaced)         0.000     7.648    q_reg[3]_i_8_n_0
                         CARRY4 (Prop_carry4_CI_CO[3])
                                                      0.092     7.740 r  q_reg[3]_i_3/CO[3]
                         net (fo=1, unplaced)         0.000     7.740    q_reg[3]_i_3_n_0
                         CARRY4 (Prop_carry4_CI_CO[3])
                                                      0.092     7.832 r  q_reg[3]_i_2/CO[3]
                         net (fo=1, unplaced)         0.000     7.832    q_reg[3]_i_2_n_0
                         CARRY4 (Prop_carry4_CI_CO[3])
                                                      0.092     7.924 r  q_reg[7]_i_2/CO[3]
                         net (fo=1, unplaced)         0.000     7.924    q_reg[7]_i_2_n_0
                         CARRY4 (Prop_carry4_CI_CO[3])
                                                      0.092     8.016 r  q_reg[11]_i_2/CO[3]
                         net (fo=1, unplaced)         0.000     8.016    q_reg[11]_i_2_n_0
                         CARRY4 (Prop_carry4_CI_CO[3])
                                                      0.092     8.108 r  q_reg[15]_i_2/CO[3]
                         net (fo=1, unplaced)         0.000     8.108    q_reg[15]_i_2_n_0
                         CARRY4 (Prop_carry4_CI_CO[3])
                                                      0.092     8.200 r  q_reg[19]_i_2/CO[3]
                         net (fo=1, unplaced)         0.000     8.200    q_reg[19]_i_2_n_0
                         CARRY4 (Prop_carry4_CI_CO[3])
                                                      0.092     8.292 r  q_reg[23]_i_2/CO[3]
                         net (fo=1, unplaced)         0.000     8.292    q_reg[23]_i_2_n_0
                         CARRY4 (Prop_carry4_CI_CO[3])
                                                      0.092     8.384 r  q_reg[27]_i_2/CO[3]
                         net (fo=1, unplaced)         0.000     8.384    q_reg[27]_i_2_n_0
                         CARRY4 (Prop_carry4_CI_O[3])
                                                      0.250     8.634 r  q_reg[31]_i_5/O[3]
                         net (fo=1, unplaced)         0.457     9.091    in13[31]
                         LUT6 (Prop_lut6_I1_O)        0.222     9.313 r  q[31]_i_2/O
                         net (fo=2, unplaced)         0.571     9.885    q[31]_i_2_n_0
                         DSP48E1                                      r  r1__1/B[14]
  -------------------------------------------------------------------    -------------------

                         (clock clk rise edge)       10.000    10.000 r  
                                                      0.000    10.000 r  clk (IN)
                         net (fo=141, unset)          0.669    10.669    clk
                         DSP48E1                                      r  r1__1/CLK
                         clock pessimism              0.000    10.669    
                         clock uncertainty           -0.035    10.633    
                         DSP48E1 (Setup_dsp48e1_CLK_B[14])
                                                     -0.324    10.309    r1__1
  -------------------------------------------------------------------
                         required time                         10.309    
                         arrival time                          -9.885    
  -------------------------------------------------------------------
                         slack                                  0.425    





Min Delay Paths
--------------------------------------------------------------------------------------
Slack (MET) :             0.200ns  (arrival time - required time)
  Source:                 q_reg[0]/C
                            (rising edge-triggered cell FDRE clocked by clk  {rise@0.000ns fall@5.000ns period=10.000ns})
  Destination:            recip_cache_reg_0_63_0_0/SP/I
                            (rising edge-triggered cell RAMS64E clocked by clk  {rise@0.000ns fall@5.000ns period=10.000ns})
  Path Group:             clk
  Path Type:              Hold (Min at Fast Process Corner)
  Requirement:            0.000ns  (clk rise@0.000ns - clk rise@0.000ns)
  Data Path Delay:        0.312ns  (logic 0.164ns (52.532%)  route 0.148ns (47.468%))
  Logic Levels:           0  
  Clock Path Skew:        0.022ns (DCD - SCD - CPR)
    Destination Clock Delay (DCD):    0.432ns
    Source Clock Delay      (SCD):    0.411ns
    Clock Pessimism Removal (CPR):    -0.000ns

    Location             Delay type                Incr(ns)  Path(ns)    Netlist Resource(s)
  -------------------------------------------------------------------    -------------------
                         (clock clk rise edge)        0.000     0.000 r  
                                                      0.000     0.000 r  clk (IN)
                         net (fo=141, unset)          0.411     0.411    clk
                         FDRE                                         r  q_reg[0]/C
  -------------------------------------------------------------------    -------------------
                         FDRE (Prop_fdre_C_Q)         0.164     0.575 r  q_reg[0]/Q
                         net (fo=2, unplaced)         0.148     0.723    recip_cache_reg_0_63_0_0/D
                         RAMS64E                                      r  recip_cache_reg_0_63_0_0/SP/I
  -------------------------------------------------------------------    -------------------

                         (clock clk rise edge)        0.000     0.000 r  
                                                      0.000     0.000 r  clk (IN)
                         net (fo=141, unset)          0.432     0.432    recip_cache_reg_0_63_0_0/WCLK
                         RAMS64E                                      r  recip_cache_reg_0_63_0_0/SP/CLK
                         clock pessimism              0.000     0.432    
                         RAMS64E (Hold_rams64e_CLK_I)
                                                      0.091     0.523    recip_cache_reg_0_63_0_0/SP
  -------------------------------------------------------------------
                         required time                         -0.523    
                         arrival time                           0.723    
  -------------------------------------------------------------------
                         slack                                  0.200    





Pulse Width Checks
--------------------------------------------------------------------------------------
Clock Name:         clk
Waveform(ns):       { 0.000 5.000 }
Period(ns):         10.000
Sources:            { clk }

Check Type        Corner  Lib Pin      Reference Pin  Required(ns)  Actual(ns)  Slack(ns)  Location  Pin
Min Period        n/a     FDRE/C       n/a            1.000         10.000      9.000                cnt_reg[0]/C
Low Pulse Width   Slow    RAMS64E/CLK  n/a            1.050         5.000       3.950                bcache_reg_0_63_0_0/SP/CLK
High Pulse Width  Slow    RAMS64E/CLK  n/a            1.050         5.000       3.950                bcache_reg_0_63_0_0/SP/CLK



