Copyright 1986-2018 Xilinx, Inc. All Rights Reserved.
------------------------------------------------------------------------------------------------------------------------------------------------------------------------------------------------------------------
| Tool Version : Vivado v.2018.3 (lin64) Build 2405991 Thu Dec  6 23:36:41 MST 2018
| Date         : Tue Jan 11 21:16:01 2022
| Host         : koopa.ece.utexas.edu running 64-bit CentOS Linux release 7.9.2009 (Core)
| Command      : report_timing -sort_by group -max_paths 100 -path_type summary -file /misc/scratch/zwei1/reports_Jan12/raw_designs/opencores/arithmetic/cavlc_submodules/cavlc_read_levels/post_route_timing.rpt
| Design       : cavlc_read_levels
| Device       : 7z020-clg484
| Speed File   : -3  PRODUCTION 1.11 2014-09-11
------------------------------------------------------------------------------------------------------------------------------------------------------------------------------------------------------------------

Timing Report

Startpoint                     Endpoint                       Slack(ns)     
----------------------------------------------------------------------------
level_code_tmp_reg[1]/C        level_0_reg[5]/D               4.964         
level_code_tmp_reg[1]/C        level_4_reg[6]/D               5.064         
level_code_tmp_reg[1]/C        level_7_reg[4]/D               5.073         
level_code_tmp_reg[1]/C        level_12_reg[6]/D              5.089         
level_code_tmp_reg[1]/C        level_11_reg[5]/D              5.094         
level_code_tmp_reg[1]/C        level_4_reg[5]/D               5.094         
level_code_tmp_reg[1]/C        level_8_reg[5]/D               5.112         
level_code_tmp_reg[1]/C        level_1_reg[4]/D               5.117         
level_code_tmp_reg[1]/C        level_12_reg[5]/D              5.142         
suffixLength_reg[1]/C          level_code_tmp_reg[8]/D        5.146         
level_code_tmp_reg[1]/C        level_8_reg[4]/D               5.153         
level_code_tmp_reg[1]/C        level_3_reg[5]/D               5.183         
level_code_tmp_reg[1]/C        level_0_reg[6]/D               5.192         
level_code_tmp_reg[1]/C        level_4_reg[4]/D               5.229         
level_code_tmp_reg[1]/C        level_0_reg[4]/D               5.247         
suffixLength_reg[1]/C          level_code_tmp_reg[7]/D        5.248         
level_code_tmp_reg[1]/C        level_9_reg[4]/D               5.249         
level_code_tmp_reg[1]/C        level_12_reg[4]/D              5.252         
level_code_tmp_reg[1]/C        level_10_reg[4]/D              5.254         
level_code_tmp_reg[1]/C        level_13_reg[4]/D              5.274         
level_code_tmp_reg[1]/C        level_8_reg[6]/D               5.275         
level_code_tmp_reg[1]/C        level_5_reg[4]/D               5.293         
suffixLength_reg[1]/C          level_code_tmp_reg[6]/D        5.293         
level_code_tmp_reg[1]/C        level_7_reg[6]/D               5.325         
level_code_tmp_reg[1]/C        level_11_reg[4]/D              5.343         
suffixLength_reg[1]/C          level_code_tmp_reg[5]/D        5.397         
level_code_tmp_reg[1]/C        level_3_reg[6]/D               5.403         
level_code_tmp_reg[1]/C        level_11_reg[6]/D              5.409         
level_code_tmp_reg[1]/C        level_6_reg[5]/D               5.414         
level_code_tmp_reg[1]/C        level_6_reg[6]/D               5.426         
level_code_tmp_reg[1]/C        level_11_reg[2]/D              5.448         
level_code_tmp_reg[1]/C        level_3_reg[4]/D               5.469         
level_code_tmp_reg[1]/C        level_9_reg[6]/D               5.487         
level_code_tmp_reg[1]/C        level_0_reg[0]/D               5.502         
level_code_tmp_reg[1]/C        level_6_reg[4]/D               5.505         
suffixLength_reg[1]/C          level_code_tmp_reg[4]/D        5.513         
level_code_tmp_reg[1]/C        level_10_reg[5]/D              5.529         
level_code_tmp_reg[1]/C        level_13_reg[6]/D              5.532         
level_code_tmp_reg[1]/C        level_4_reg[0]/D               5.537         
level_code_tmp_reg[1]/C        level_2_reg[5]/D               5.537         
level_code_tmp_reg[1]/C        level_4_reg[7]/D               5.546         
level_code_tmp_reg[1]/C        level_4_reg[3]/D               5.591         
level_code_tmp_reg[1]/C        level_1_reg[5]/D               5.603         
level_code_tmp_reg[1]/C        level_1_reg[6]/D               5.619         
level_code_tmp_reg[1]/C        level_12_reg[3]/D              5.620         
level_code_tmp_reg[1]/C        level_5_reg[6]/D               5.627         
level_code_tmp_reg[1]/C        level_14_reg[5]/D              5.654         
level_code_tmp_reg[1]/C        level_9_reg[0]/D               5.663         
level_code_tmp_reg[1]/C        level_14_reg[4]/D              5.672         
level_code_tmp_reg[1]/C        level_2_reg[4]/D               5.685         
level_code_tmp_reg[1]/C        level_12_reg[7]/D              5.691         
level_code_tmp_reg[1]/C        level_0_reg[7]/D               5.692         
level_code_tmp_reg[1]/C        level_8_reg[7]/D               5.709         
level_code_tmp_reg[1]/C        level_1_reg[0]/D               5.717         
level_code_tmp_reg[1]/C        level_3_reg[2]/D               5.720         
level_code_tmp_reg[1]/C        level_7_reg[5]/D               5.764         
level_code_tmp_reg[1]/C        level_15_reg[6]/D              5.782         
level_code_tmp_reg[1]/C        level_5_reg[5]/D               5.789         
level_code_tmp_reg[1]/C        level_15_reg[4]/D              5.829         
level_code_tmp_reg[1]/C        level_0_reg[3]/D               5.834         
level_code_tmp_reg[1]/C        level_7_reg[3]/D               5.866         
level_code_tmp_reg[1]/C        level_9_reg[5]/D               5.877         
level_code_tmp_reg[1]/C        level_4_reg[2]/D               5.889         
level_code_tmp_reg[1]/C        level_4_reg[1]/D               5.894         
level_code_tmp_reg[1]/C        level_10_reg[0]/D              5.894         
level_prefix_reg[0]/C          level_code_tmp_reg[3]/D        5.897         
level_code_tmp_reg[1]/C        level_8_reg[2]/D               5.897         
level_code_tmp_reg[1]/C        level_13_reg[5]/D              5.897         
level_code_tmp_reg[1]/C        level_12_reg[2]/D              5.918         
level_code_tmp_reg[1]/C        level_10_reg[3]/D              5.919         
level_code_tmp_reg[1]/C        level_14_reg[0]/D              5.920         
level_code_tmp_reg[1]/C        level_12_reg[0]/D              5.921         
level_code_tmp_reg[1]/C        level_7_reg[2]/D               5.932         
level_code_tmp_reg[1]/C        level_11_reg[8]/D              5.947         
level_code_tmp_reg[1]/C        level_6_reg[7]/D               5.971         
level_code_tmp_reg[1]/C        level_8_reg[0]/D               5.972         
level_code_tmp_reg[1]/C        level_1_reg[2]/D               5.974         
level_code_tmp_reg[1]/C        level_5_reg[2]/D               5.984         
level_code_tmp_reg[1]/C        level_15_reg[5]/D              5.989         
level_code_tmp_reg[1]/C        level_7_reg[0]/D               5.991         
level_code_tmp_reg[1]/C        level_0_reg[2]/D               5.991         
level_code_tmp_reg[1]/C        level_13_reg[0]/D              6.009         
level_code_tmp_reg[1]/C        level_2_reg[3]/D               6.013         
level_code_tmp_reg[1]/C        level_3_reg[0]/D               6.020         
level_prefix_reg[0]/C          level_code_tmp_reg[2]/D        6.022         
level_code_tmp_reg[1]/C        level_11_reg[3]/D              6.035         
level_code_tmp_reg[1]/C        level_14_reg[6]/D              6.045         
level_code_tmp_reg[1]/C        level_3_reg[3]/D               6.064         
level_code_tmp_reg[1]/C        level_10_reg[6]/D              6.065         
level_code_tmp_reg[1]/C        level_1_reg[3]/D               6.092         
level_code_tmp_reg[1]/C        level_13_reg[2]/D              6.092         
level_code_tmp_reg[1]/C        level_15_reg[2]/D              6.099         
level_code_tmp_reg[1]/C        level_11_reg[0]/D              6.101         
level_code_tmp_reg[1]/C        level_2_reg[6]/D               6.121         
level_code_tmp_reg[1]/C        level_10_reg[2]/D              6.133         
level_code_tmp_reg[1]/C        level_10_reg[7]/D              6.146         
level_code_tmp_reg[1]/C        level_3_reg[8]/D               6.149         
level_code_tmp_reg[1]/C        level_9_reg[2]/D               6.155         
level_code_tmp_reg[1]/C        level_2_reg[7]/D               6.177         
level_code_tmp_reg[1]/C        level_2_reg[0]/D               6.183         



