Copyright 1986-2018 Xilinx, Inc. All Rights Reserved.
------------------------------------------------------------------------------------------------------------------------------------------------------------------------------------------------------------------------------------------------------
| Tool Version : Vivado v.2018.3 (lin64) Build 2405991 Thu Dec  6 23:36:41 MST 2018
| Date         : Thu Jan 13 07:53:57 2022
| Host         : koopa.ece.utexas.edu running 64-bit CentOS Linux release 7.9.2009 (Core)
| Command      : report_timing -sort_by group -max_paths 100 -path_type summary -file /misc/scratch/zwei1/reports_Jan12/raw_designs/vtr_designs/verilog/koios/tiny_darknet_like.small_submodules/td_fused_top_tdf8_readInputs57/post_route_timing.rpt
| Design       : td_fused_top_tdf8_readInputs57
| Device       : 7z020-clg484
| Speed File   : -3  PRODUCTION 1.11 2014-09-11
------------------------------------------------------------------------------------------------------------------------------------------------------------------------------------------------------------------------------------------------------

Timing Report

Startpoint                     Endpoint                       Slack(ns)     
----------------------------------------------------------------------------
ap_enable_reg_pp0_iter1_reg/C  or_ln23_5_reg_1021_reg[0]/D    3.787         
ii_reg_204_reg[1]/C            is_padding_reg_969_reg[0]/D    5.449         
ap_CS_fsm_reg[1]/C             or_ln23_3_reg_1008_reg[0]/D    5.790         
icmp_ln19_reg_976_pp0_iter1_reg_reg[0]/C
                               select_ln20_1_reg_1051_reg[0]/D
                                                              5.998         
icmp_ln19_reg_976_pp0_iter1_reg_reg[0]/C
                               select_ln20_1_reg_1051_reg[1]/D
                                                              6.032         
icmp_ln19_reg_976_pp0_iter1_reg_reg[0]/C
                               select_ln20_reg_1045_reg[2]/R  6.103         
icmp_ln19_reg_976_pp0_iter1_reg_reg[0]/C
                               select_ln20_reg_1045_reg[3]/R  6.103         
icmp_ln19_reg_976_pp0_iter1_reg_reg[0]/C
                               select_ln20_reg_1045_reg[5]/R  6.103         
icmp_ln19_reg_976_pp0_iter1_reg_reg[0]/C
                               select_ln20_reg_1045_reg[4]/R  6.143         
ap_CS_fsm_reg[1]/C             or_ln23_3_reg_1008_reg[0]/CE   6.272         
ap_CS_fsm_reg[1]/C             or_ln23_5_reg_1021_reg[0]/CE   6.272         
ap_CS_fsm_reg[1]/C             add_ln20_reg_1015_reg[0]/CE    6.273         
ap_CS_fsm_reg[1]/C             add_ln20_reg_1015_reg[1]/CE    6.273         
ap_CS_fsm_reg[1]/C             icmp_ln20_reg_985_reg[0]/CE    6.273         
ap_CS_fsm_reg[1]/C             p_cast5_i_mid1_reg_1002_reg[3]/CE
                                                              6.273         
ap_CS_fsm_reg[1]/C             select_ln19_reg_997_reg[0]/CE  6.273         
ap_CS_fsm_reg[1]/C             select_ln19_reg_997_reg[1]/CE  6.273         
ap_enable_reg_pp0_iter1_reg/C  select_ln19_reg_997_reg[1]/D   6.437         
ap_enable_reg_pp0_iter1_reg/C  add_ln20_reg_1015_reg[0]/D     6.438         
ap_CS_fsm_reg[1]/C             p_cast5_i_mid1_reg_1002_reg[0]/CE
                                                              6.502         
ap_CS_fsm_reg[1]/C             p_cast5_i_mid1_reg_1002_reg[1]/CE
                                                              6.502         
ap_CS_fsm_reg[1]/C             p_cast5_i_mid1_reg_1002_reg[2]/CE
                                                              6.502         
ap_CS_fsm_reg[1]/C             p_cast5_i_mid1_reg_1002_reg[4]/CE
                                                              6.502         
ap_CS_fsm_reg[1]/C             add_ln20_1_reg_1028_reg[0]/CE  6.509         
ap_CS_fsm_reg[1]/C             add_ln20_1_reg_1028_reg[1]/CE  6.509         
ap_CS_fsm_reg[1]/C             add_ln20_1_reg_1028_reg[5]/CE  6.509         
ap_enable_reg_pp0_iter1_reg/C  select_ln19_reg_997_reg[0]/D   6.516         
ap_CS_fsm_reg[1]/C             add_ln19_reg_980_reg[0]/CE     6.593         
ap_CS_fsm_reg[1]/C             add_ln19_reg_980_reg[1]/CE     6.593         
ap_CS_fsm_reg[1]/C             add_ln20_1_reg_1028_reg[2]/CE  6.644         
ap_enable_reg_pp0_iter1_reg/C  add_ln20_reg_1015_reg[1]/D     6.658         
ap_CS_fsm_reg[1]/C             add_ln20_1_reg_1028_reg[3]/CE  6.719         
ap_CS_fsm_reg[1]/C             add_ln20_1_reg_1028_reg[4]/CE  6.719         
ap_enable_reg_pp0_iter1_reg/C  icmp_ln20_reg_985_reg[0]/D     6.829         
ap_enable_reg_pp0_iter1_reg/C  add_ln20_1_reg_1028_reg[4]/D   6.850         
ap_CS_fsm_reg[1]/C             add_ln20_1_reg_1028_reg[5]/D   6.978         
icmp_ln19_reg_976_pp0_iter1_reg_reg[0]/C
                               select_ln20_2_reg_1057_reg[0]/D
                                                              7.012         
ap_CS_fsm_reg[1]/C             select_ln33_5_reg_1099_reg[2]/R
                                                              7.161         
ap_CS_fsm_reg[1]/C             icmp_ln19_reg_976_reg[0]/D     7.307         
ap_CS_fsm_reg[1]/C             select_ln33_6_reg_1104_reg[6]/R
                                                              7.375         
ap_CS_fsm_reg[1]/C             select_ln33_6_reg_1104_reg[7]/R
                                                              7.375         
ap_CS_fsm_reg[1]/C             select_ln33_6_reg_1104_reg[0]/R
                                                              7.407         
ap_CS_fsm_reg[1]/C             select_ln33_6_reg_1104_reg[11]/R
                                                              7.407         
ap_CS_fsm_reg[1]/C             select_ln33_6_reg_1104_reg[14]/R
                                                              7.407         
ap_CS_fsm_reg[1]/C             select_ln33_6_reg_1104_reg[4]/R
                                                              7.407         
ap_CS_fsm_reg[1]/C             select_ln33_6_reg_1104_reg[3]/R
                                                              7.416         
ap_CS_fsm_reg[1]/C             select_ln33_6_reg_1104_reg[5]/R
                                                              7.416         
ap_enable_reg_pp0_iter1_reg/C  p_cast5_i_reg_963_reg[4]/D     7.464         
icmp_ln19_reg_976_reg[0]/C     select_ln20_2_reg_1057_reg[0]/CE
                                                              7.477         
ap_CS_fsm_reg[1]/C             select_ln33_5_reg_1099_reg[12]/R
                                                              7.497         
ap_CS_fsm_reg[1]/C             select_ln33_5_reg_1099_reg[6]/R
                                                              7.497         
ap_CS_fsm_reg[1]/C             select_ln33_5_reg_1099_reg[7]/R
                                                              7.497         
ap_CS_fsm_reg[1]/C             select_ln33_5_reg_1099_reg[9]/R
                                                              7.497         
ap_CS_fsm_reg[1]/C             select_ln33_6_reg_1104_reg[12]/R
                                                              7.503         
ap_CS_fsm_reg[1]/C             select_ln33_6_reg_1104_reg[13]/R
                                                              7.503         
ap_CS_fsm_reg[1]/C             select_ln33_6_reg_1104_reg[2]/R
                                                              7.503         
ap_CS_fsm_reg[1]/C             add_ln20_1_reg_1028_reg[3]/D   7.544         
ap_enable_reg_pp0_iter1_reg/C  p_cast5_i_mid1_reg_1002_reg[3]/D
                                                              7.550         
ap_CS_fsm_reg[1]/C             indvar_flatten_reg_216_reg[5]/R
                                                              7.551         
ap_CS_fsm_reg[1]/C             select_ln33_5_reg_1099_reg[10]/R
                                                              7.554         
ap_CS_fsm_reg[1]/C             select_ln33_5_reg_1099_reg[11]/R
                                                              7.554         
ap_CS_fsm_reg[1]/C             select_ln33_6_reg_1104_reg[10]/R
                                                              7.554         
ap_CS_fsm_reg[1]/C             select_ln33_6_reg_1104_reg[15]/R
                                                              7.554         
ap_CS_fsm_reg[1]/C             select_ln33_5_reg_1099_reg[13]/R
                                                              7.556         
ap_CS_fsm_reg[1]/C             select_ln33_5_reg_1099_reg[4]/R
                                                              7.556         
ap_CS_fsm_reg[1]/C             select_ln33_5_reg_1099_reg[5]/R
                                                              7.556         
ap_CS_fsm_reg[1]/C             select_ln33_6_reg_1104_reg[1]/R
                                                              7.556         
ap_enable_reg_pp0_iter1_reg/C  p_cast5_i_reg_963_reg[1]/D     7.562         
ap_enable_reg_pp0_iter1_reg/C  p_cast5_i_reg_963_reg[3]/D     7.573         
ap_CS_fsm_reg[1]/C             select_ln33_5_reg_1099_reg[1]/R
                                                              7.616         
ap_CS_fsm_reg[1]/C             select_ln33_5_reg_1099_reg[3]/R
                                                              7.616         
ap_CS_fsm_reg[1]/C             select_ln33_5_reg_1099_reg[8]/R
                                                              7.616         
ap_CS_fsm_reg[1]/C             select_ln33_6_reg_1104_reg[8]/R
                                                              7.616         
ap_CS_fsm_reg[2]/C             kk_0_i_reg_239_reg[2]/R        7.626         
ap_CS_fsm_reg[2]/C             kk_0_i_reg_239_reg[5]/R        7.626         
ap_enable_reg_pp0_iter1_reg/C  add_ln20_1_reg_1028_reg[2]/D   7.631         
ap_CS_fsm_reg[1]/C             indvar_flatten_reg_216_reg[2]/R
                                                              7.649         
ap_CS_fsm_reg[1]/C             indvar_flatten_reg_216_reg[3]/R
                                                              7.649         
ap_CS_fsm_reg[1]/C             indvar_flatten_reg_216_reg[1]/R
                                                              7.652         
ap_CS_fsm_reg[1]/C             indvar_flatten_reg_216_reg[4]/R
                                                              7.652         
ap_CS_fsm_reg[1]/C             select_ln33_5_reg_1099_reg[0]/R
                                                              7.658         
ap_CS_fsm_reg[1]/C             select_ln33_5_reg_1099_reg[14]/R
                                                              7.658         
ap_CS_fsm_reg[1]/C             select_ln33_5_reg_1099_reg[15]/R
                                                              7.658         
ap_CS_fsm_reg[1]/C             select_ln33_6_reg_1104_reg[9]/R
                                                              7.658         
ap_CS_fsm_reg[1]/C             select_ln33_5_reg_1099_reg[10]/CE
                                                              7.660         
ap_CS_fsm_reg[1]/C             select_ln33_5_reg_1099_reg[11]/CE
                                                              7.660         
ap_CS_fsm_reg[1]/C             select_ln33_6_reg_1104_reg[10]/CE
                                                              7.660         
ap_CS_fsm_reg[1]/C             select_ln33_6_reg_1104_reg[15]/CE
                                                              7.660         
icmp_ln20_reg_985_reg[0]/C     select_ln20_5_reg_1077_reg[2]/R
                                                              7.685         
icmp_ln20_reg_985_reg[0]/C     select_ln20_5_reg_1077_reg[4]/R
                                                              7.685         
ap_enable_reg_pp0_iter1_reg/C  p_cast5_i_reg_963_reg[2]/D     7.686         
ap_CS_fsm_reg[1]/C             add_ln20_1_reg_1028_reg[1]/D   7.696         
icmp_ln20_reg_985_reg[0]/C     select_ln20_5_reg_1077_reg[0]/S
                                                              7.734         
icmp_ln20_reg_985_reg[0]/C     select_ln20_5_reg_1077_reg[1]/R
                                                              7.734         
icmp_ln20_reg_985_reg[0]/C     select_ln20_5_reg_1077_reg[5]/R
                                                              7.734         
icmp_ln20_reg_985_reg[0]/C     select_ln20_5_reg_1077_reg[3]/R
                                                              7.734         
ap_CS_fsm_reg[2]/C             kk_0_i_reg_239_reg[3]/R        7.738         
ap_CS_fsm_reg[2]/C             kk_0_i_reg_239_reg[4]/R        7.738         
icmp_ln19_reg_976_reg[0]/C     select_ln20_reg_1045_reg[2]/CE 7.752         
icmp_ln19_reg_976_reg[0]/C     select_ln20_reg_1045_reg[3]/CE 7.752         



