Copyright 1986-2018 Xilinx, Inc. All Rights Reserved.
---------------------------------------------------------------------------------------------------------------------------------------------------------------------------------------------
| Tool Version : Vivado v.2018.3 (lin64) Build 2405991 Thu Dec  6 23:36:41 MST 2018
| Date         : Wed Jan 12 22:28:02 2022
| Host         : koopa.ece.utexas.edu running 64-bit CentOS Linux release 7.9.2009 (Core)
| Command      : report_timing_summary -file /misc/scratch/zwei1/reports_Jan12/raw_designs/vtr_designs/verilog/koios/attention_layer_submodules/mode1_max_tree/post_place_timing_summary.rpt
| Design       : mode1_max_tree
| Device       : 7z020-clg484
| Speed File   : -3  PRODUCTION 1.11 2014-09-11
---------------------------------------------------------------------------------------------------------------------------------------------------------------------------------------------

Timing Summary Report

------------------------------------------------------------------------------------------------
| Timer Settings
| --------------
------------------------------------------------------------------------------------------------

  Enable Multi Corner Analysis               :  Yes
  Enable Pessimism Removal                   :  Yes
  Pessimism Removal Resolution               :  Nearest Common Node
  Enable Input Delay Default Clock           :  No
  Enable Preset / Clear Arcs                 :  No
  Disable Flight Delays                      :  No
  Ignore I/O Paths                           :  No
  Timing Early Launch at Borrowing Latches   :  false

  Corner  Analyze    Analyze    
  Name    Max Paths  Min Paths  
  ------  ---------  ---------  
  Slow    Yes        Yes        
  Fast    Yes        Yes        



check_timing report

Table of Contents
-----------------
1. checking no_clock
2. checking constant_clock
3. checking pulse_width_clock
4. checking unconstrained_internal_endpoints
5. checking no_input_delay
6. checking no_output_delay
7. checking multiple_clock
8. checking generated_clocks
9. checking loops
10. checking partial_input_delay
11. checking partial_output_delay
12. checking latch_loops

1. checking no_clock
--------------------
 There is 1 register/latch pin with no clock driven by root clock pin: inp0[15] (HIGH)

 There is 1 register/latch pin with no clock driven by root clock pin: inp1[15] (HIGH)

 There is 1 register/latch pin with no clock driven by root clock pin: inp2[15] (HIGH)

 There is 1 register/latch pin with no clock driven by root clock pin: inp3[15] (HIGH)

 There is 1 register/latch pin with no clock driven by root clock pin: cmp0_out_stage1_reg_reg[15]/Q (HIGH)

 There is 1 register/latch pin with no clock driven by root clock pin: cmp0_out_stage2_reg_reg[15]/Q (HIGH)

 There is 1 register/latch pin with no clock driven by root clock pin: cmp1_out_stage2_reg_reg[15]/Q (HIGH)

 There is 1 register/latch pin with no clock driven by root clock pin: outp_reg[15]/Q (HIGH)


2. checking constant_clock
--------------------------
 There are 0 register/latch pins with constant_clock.


3. checking pulse_width_clock
-----------------------------
 There are 0 register/latch pins which need pulse_width check


4. checking unconstrained_internal_endpoints
--------------------------------------------
 There are 8 pins that are not constrained for maximum delay. (HIGH)

 There are 0 pins that are not constrained for maximum delay due to constant clock.


5. checking no_input_delay
--------------------------
 There are 68 input ports with no input delay specified. (HIGH)

 There are 0 input ports with no input delay but user has a false path constraint.


6. checking no_output_delay
---------------------------
 There are 16 ports with no output delay specified. (HIGH)

 There are 0 ports with no output delay but user has a false path constraint

 There are 0 ports with no output delay but with a timing clock defined on it or propagating through it


7. checking multiple_clock
--------------------------
 There are 0 register/latch pins with multiple clocks.


8. checking generated_clocks
----------------------------
 There are 0 generated clocks that are not connected to a clock source.


9. checking loops
-----------------
 There are 0 combinational loops in the design.


10. checking partial_input_delay
--------------------------------
 There are 0 input ports with partial input delay specified.


11. checking partial_output_delay
---------------------------------
 There are 0 ports with partial output delay specified.


12. checking latch_loops
------------------------
 There are 0 combinational latch loops in the design through latch input



------------------------------------------------------------------------------------------------
| Design Timing Summary
| ---------------------
------------------------------------------------------------------------------------------------

    WNS(ns)      TNS(ns)  TNS Failing Endpoints  TNS Total Endpoints      WHS(ns)      THS(ns)  THS Failing Endpoints  THS Total Endpoints     WPWS(ns)     TPWS(ns)  TPWS Failing Endpoints  TPWS Total Endpoints  
    -------      -------  ---------------------  -------------------      -------      -------  ---------------------  -------------------     --------     --------  ----------------------  --------------------  
      4.869        0.000                      0                   48        0.299        0.000                      0                   48        4.500        0.000                       0                    64  


All user specified timing constraints are met.


------------------------------------------------------------------------------------------------
| Clock Summary
| -------------
------------------------------------------------------------------------------------------------

Clock  Waveform(ns)       Period(ns)      Frequency(MHz)
-----  ------------       ----------      --------------
clk    {0.000 5.000}      10.000          100.000         


------------------------------------------------------------------------------------------------
| Intra Clock Table
| -----------------
------------------------------------------------------------------------------------------------

Clock             WNS(ns)      TNS(ns)  TNS Failing Endpoints  TNS Total Endpoints      WHS(ns)      THS(ns)  THS Failing Endpoints  THS Total Endpoints     WPWS(ns)     TPWS(ns)  TPWS Failing Endpoints  TPWS Total Endpoints  
-----             -------      -------  ---------------------  -------------------      -------      -------  ---------------------  -------------------     --------     --------  ----------------------  --------------------  
clk                 4.869        0.000                      0                   48        0.299        0.000                      0                   48        4.500        0.000                       0                    64  


------------------------------------------------------------------------------------------------
| Inter Clock Table
| -----------------
------------------------------------------------------------------------------------------------

From Clock    To Clock          WNS(ns)      TNS(ns)  TNS Failing Endpoints  TNS Total Endpoints      WHS(ns)      THS(ns)  THS Failing Endpoints  THS Total Endpoints  
----------    --------          -------      -------  ---------------------  -------------------      -------      -------  ---------------------  -------------------  


------------------------------------------------------------------------------------------------
| Other Path Groups Table
| -----------------------
------------------------------------------------------------------------------------------------

Path Group    From Clock    To Clock          WNS(ns)      TNS(ns)  TNS Failing Endpoints  TNS Total Endpoints      WHS(ns)      THS(ns)  THS Failing Endpoints  THS Total Endpoints  
----------    ----------    --------          -------      -------  ---------------------  -------------------      -------      -------  ---------------------  -------------------  


------------------------------------------------------------------------------------------------
| Timing Details
| --------------
------------------------------------------------------------------------------------------------


---------------------------------------------------------------------------------------------------
From Clock:  clk
  To Clock:  clk

Setup :            0  Failing Endpoints,  Worst Slack        4.869ns,  Total Violation        0.000ns
Hold  :            0  Failing Endpoints,  Worst Slack        0.299ns,  Total Violation        0.000ns
PW    :            0  Failing Endpoints,  Worst Slack        4.500ns,  Total Violation        0.000ns
---------------------------------------------------------------------------------------------------


Max Delay Paths
--------------------------------------------------------------------------------------
Slack (MET) :             4.869ns  (required time - arrival time)
  Source:                 cmp0_out_stage2_reg_reg[1]/C
                            (rising edge-triggered cell FDRE clocked by clk  {rise@0.000ns fall@5.000ns period=10.000ns})
  Destination:            cmp0_out_stage1_reg_reg[15]/D
                            (rising edge-triggered cell FDRE clocked by clk  {rise@0.000ns fall@5.000ns period=10.000ns})
  Path Group:             clk
  Path Type:              Setup (Max at Slow Process Corner)
  Requirement:            10.000ns  (clk rise@10.000ns - clk rise@0.000ns)
  Data Path Delay:        4.838ns  (logic 2.027ns (41.897%)  route 2.811ns (58.103%))
  Logic Levels:           8  (CARRY4=4 LUT1=1 LUT4=2 LUT5=1)
  Clock Path Skew:        -0.035ns (DCD - SCD + CPR)
    Destination Clock Delay (DCD):    0.669ns = ( 10.669 - 10.000 ) 
    Source Clock Delay      (SCD):    0.704ns
    Clock Pessimism Removal (CPR):    0.000ns
  Clock Uncertainty:      0.035ns  ((TSJ^2 + TIJ^2)^1/2 + DJ) / 2 + PE
    Total System Jitter     (TSJ):    0.071ns
    Total Input Jitter      (TIJ):    0.000ns
    Discrete Jitter          (DJ):    0.000ns
    Phase Error              (PE):    0.000ns

    Location             Delay type                Incr(ns)  Path(ns)    Netlist Resource(s)
  -------------------------------------------------------------------    -------------------
                         (clock clk rise edge)        0.000     0.000 r  
                                                      0.000     0.000 r  clk (IN)
                         net (fo=63, unset)           0.704     0.704    clk
    SLICE_X30Y83         FDRE                                         r  cmp0_out_stage2_reg_reg[1]/C
  -------------------------------------------------------------------    -------------------
    SLICE_X30Y83         FDRE (Prop_fdre_C_Q)         0.393     1.097 f  cmp0_out_stage2_reg_reg[1]/Q
                         net (fo=7, estimated)        0.523     1.620    cmp0_stage1/Q[1]
    SLICE_X33Y80         LUT1 (Prop_lut1_I0_O)        0.097     1.717 r  cmp0_stage1/i__carry_i_23__1/O
                         net (fo=1, routed)           0.000     1.717    cmp0_stage1/i__carry_i_23__1_n_0
    SLICE_X33Y80         CARRY4 (Prop_carry4_S[1]_CO[3])
                                                      0.412     2.129 r  cmp0_stage1/i__carry_i_11__1/CO[3]
                         net (fo=1, estimated)        0.000     2.129    cmp0_stage1/i__carry_i_11__1_n_0
    SLICE_X33Y81         CARRY4 (Prop_carry4_CI_CO[3])
                                                      0.089     2.218 r  cmp0_stage1/i__carry_i_9__1/CO[3]
                         net (fo=1, estimated)        0.000     2.218    cmp0_stage1/i__carry_i_9__1_n_0
    SLICE_X33Y82         CARRY4 (Prop_carry4_CI_O[2])
                                                      0.181     2.399 r  cmp0_stage1/i__carry__0_i_11__1/O[2]
                         net (fo=4, estimated)        0.822     3.221    cmp0_stage1/i__carry__0_i_11__1_n_5
    SLICE_X35Y84         LUT4 (Prop_lut4_I0_O)        0.230     3.451 r  cmp0_stage1/i__carry__0_i_7__9/O
                         net (fo=1, routed)           0.000     3.451    cmp0_stage1/i__carry__0_i_7__9_n_0
    SLICE_X35Y84         CARRY4 (Prop_carry4_S[1]_CO[3])
                                                      0.412     3.863 r  cmp0_stage1/eq1_inferred__0/i__carry__0/CO[3]
                         net (fo=2, estimated)        0.398     4.261    cmp0_stage1/eq1
    SLICE_X34Y85         LUT4 (Prop_lut4_I0_O)        0.097     4.358 f  cmp0_stage1/cmp0_out_stage1_reg[15]_i_2/O
                         net (fo=16, estimated)       0.668     5.026    cmp0_stage1/cmp0_out_stage1_reg[15]_i_2_n_0
    SLICE_X32Y81         LUT5 (Prop_lut5_I1_O)        0.116     5.142 r  cmp0_stage1/cmp0_out_stage1_reg[15]_i_1/O
                         net (fo=1, estimated)        0.400     5.542    cmp0_out_stage1[15]
    SLICE_X33Y82         FDRE                                         r  cmp0_out_stage1_reg_reg[15]/D
  -------------------------------------------------------------------    -------------------

                         (clock clk rise edge)       10.000    10.000 r  
                                                      0.000    10.000 r  clk (IN)
                         net (fo=63, unset)           0.669    10.669    clk
    SLICE_X33Y82         FDRE                                         r  cmp0_out_stage1_reg_reg[15]/C
                         clock pessimism              0.000    10.669    
                         clock uncertainty           -0.035    10.633    
    SLICE_X33Y82         FDRE (Setup_fdre_C_D)       -0.222    10.411    cmp0_out_stage1_reg_reg[15]
  -------------------------------------------------------------------
                         required time                         10.411    
                         arrival time                          -5.542    
  -------------------------------------------------------------------
                         slack                                  4.869    





Min Delay Paths
--------------------------------------------------------------------------------------
Slack (MET) :             0.299ns  (arrival time - required time)
  Source:                 cmp0_out_stage1_reg_reg[0]/C
                            (rising edge-triggered cell FDRE clocked by clk  {rise@0.000ns fall@5.000ns period=10.000ns})
  Destination:            outp_reg[0]/D
                            (rising edge-triggered cell FDRE clocked by clk  {rise@0.000ns fall@5.000ns period=10.000ns})
  Path Group:             clk
  Path Type:              Hold (Min at Fast Process Corner)
  Requirement:            0.000ns  (clk rise@0.000ns - clk rise@0.000ns)
  Data Path Delay:        0.391ns  (logic 0.164ns (41.949%)  route 0.227ns (58.051%))
  Logic Levels:           0  
  Clock Path Skew:        0.022ns (DCD - SCD - CPR)
    Destination Clock Delay (DCD):    0.432ns
    Source Clock Delay      (SCD):    0.411ns
    Clock Pessimism Removal (CPR):    -0.000ns

    Location             Delay type                Incr(ns)  Path(ns)    Netlist Resource(s)
  -------------------------------------------------------------------    -------------------
                         (clock clk rise edge)        0.000     0.000 r  
                                                      0.000     0.000 r  clk (IN)
                         net (fo=63, unset)           0.411     0.411    clk
    SLICE_X32Y80         FDRE                                         r  cmp0_out_stage1_reg_reg[0]/C
  -------------------------------------------------------------------    -------------------
    SLICE_X32Y80         FDRE (Prop_fdre_C_Q)         0.164     0.575 r  cmp0_out_stage1_reg_reg[0]/Q
                         net (fo=7, estimated)        0.227     0.802    cmp0_out_stage1_reg__0[0]
    SLICE_X37Y81         FDRE                                         r  outp_reg[0]/D
  -------------------------------------------------------------------    -------------------

                         (clock clk rise edge)        0.000     0.000 r  
                                                      0.000     0.000 r  clk (IN)
                         net (fo=63, unset)           0.432     0.432    clk
    SLICE_X37Y81         FDRE                                         r  outp_reg[0]/C
                         clock pessimism              0.000     0.432    
    SLICE_X37Y81         FDRE (Hold_fdre_C_D)         0.070     0.502    outp_reg[0]
  -------------------------------------------------------------------
                         required time                         -0.502    
                         arrival time                           0.802    
  -------------------------------------------------------------------
                         slack                                  0.299    





Pulse Width Checks
--------------------------------------------------------------------------------------
Clock Name:         clk
Waveform(ns):       { 0.000 5.000 }
Period(ns):         10.000
Sources:            { clk }

Check Type        Corner  Lib Pin  Reference Pin  Required(ns)  Actual(ns)  Slack(ns)  Location      Pin
Min Period        n/a     FDRE/C   n/a            1.000         10.000      9.000      SLICE_X32Y80  cmp0_out_stage1_reg_reg[0]/C
Low Pulse Width   Slow    FDRE/C   n/a            0.500         5.000       4.500      SLICE_X32Y80  cmp0_out_stage1_reg_reg[0]/C
High Pulse Width  Slow    FDRE/C   n/a            0.500         5.000       4.500      SLICE_X32Y80  cmp0_out_stage1_reg_reg[0]/C



