Copyright 1986-2018 Xilinx, Inc. All Rights Reserved.
---------------------------------------------------------------------------------------------------------------------------------------------------------------------------------------------------------------------
| Tool Version : Vivado v.2018.3 (lin64) Build 2405991 Thu Dec  6 23:36:41 MST 2018
| Date         : Thu Jan 13 08:21:51 2022
| Host         : koopa.ece.utexas.edu running 64-bit CentOS Linux release 7.9.2009 (Core)
| Command      : report_timing -sort_by group -max_paths 100 -path_type summary -file /misc/scratch/zwei1/reports_Jan12/raw_designs/vtr_designs/verilog/koios/tpu_like.medium_submodules/qmult/post_route_timing.rpt
| Design       : qmult
| Device       : 7z020-clg484
| Speed File   : -3  PRODUCTION 1.11 2014-09-11
---------------------------------------------------------------------------------------------------------------------------------------------------------------------------------------------------------------------

Timing Report

Startpoint                     Endpoint                       Slack(ns)     
----------------------------------------------------------------------------
i_multiplicand[3]              o_result[15]                   inf           
i_multiplicand[3]              o_result[14]                   inf           
i_multiplicand[3]              o_result[12]                   inf           
i_multiplicand[3]              o_result[13]                   inf           
i_multiplicand[3]              o_result[11]                   inf           
i_multiplicand[3]              o_result[10]                   inf           
i_multiplicand[3]              o_result[9]                    inf           
i_multiplicand[3]              o_result[8]                    inf           
i_multiplier[3]                o_result[7]                    inf           
i_multiplicand[3]              o_result[6]                    inf           
i_multiplicand[3]              o_result[5]                    inf           
i_multiplicand[3]              o_result[4]                    inf           
i_multiplicand[3]              o_result[3]                    inf           
i_multiplicand[0]              o_result[2]                    inf           
i_multiplier[0]                o_result[1]                    inf           
i_multiplier[0]                o_result[0]                    inf           



