Copyright 1986-2018 Xilinx, Inc. All Rights Reserved.
------------------------------------------------------------------------------------------------------------------------------------------------------------------------------------------------------------
| Tool Version : Vivado v.2018.3 (lin64) Build 2405991 Thu Dec  6 23:36:41 MST 2018
| Date         : Wed Jan 12 21:13:17 2022
| Host         : koopa.ece.utexas.edu running 64-bit CentOS Linux release 7.9.2009 (Core)
| Command      : report_timing -sort_by group -max_paths 100 -path_type summary -file /misc/scratch/zwei1/reports_Jan12/raw_designs/opencores/arithmetic/pairing_submodules/f32m_add4/post_route_timing.rpt
| Design       : f32m_add4
| Device       : 7z020-clg484
| Speed File   : -3  PRODUCTION 1.11 2014-09-11
------------------------------------------------------------------------------------------------------------------------------------------------------------------------------------------------------------

Timing Report

Startpoint                     Endpoint                       Slack(ns)     
----------------------------------------------------------------------------
a3[284]                        c[285]                         inf           
a3[310]                        c[311]                         inf           
a2[271]                        c[271]                         inf           
a2[293]                        c[293]                         inf           
a2[41]                         c[41]                          inf           
a2[5]                          c[5]                           inf           
a2[93]                         c[93]                          inf           
a3[114]                        c[115]                         inf           
a3[130]                        c[131]                         inf           
a3[132]                        c[133]                         inf           
a3[226]                        c[227]                         inf           
a3[228]                        c[229]                         inf           
a3[242]                        c[243]                         inf           
a3[280]                        c[281]                         inf           
a3[306]                        c[307]                         inf           
a3[316]                        c[317]                         inf           
a3[328]                        c[329]                         inf           
a3[332]                        c[333]                         inf           
a3[340]                        c[341]                         inf           
a3[380]                        c[381]                         inf           
a3[50]                         c[51]                          inf           
a3[54]                         c[55]                          inf           
a3[62]                         c[63]                          inf           
a3[76]                         c[77]                          inf           
a3[96]                         c[97]                          inf           
a3[284]                        c[284]                         inf           
a3[310]                        c[310]                         inf           
a2[271]                        c[270]                         inf           
a2[293]                        c[292]                         inf           
a2[41]                         c[40]                          inf           
a2[5]                          c[4]                           inf           
a2[93]                         c[92]                          inf           
a3[114]                        c[114]                         inf           
a3[130]                        c[130]                         inf           
a3[132]                        c[132]                         inf           
a3[226]                        c[226]                         inf           
a3[228]                        c[228]                         inf           
a3[242]                        c[242]                         inf           
a3[280]                        c[280]                         inf           
a3[306]                        c[306]                         inf           
a3[316]                        c[316]                         inf           
a3[328]                        c[328]                         inf           
a3[332]                        c[332]                         inf           
a3[340]                        c[340]                         inf           
a3[380]                        c[380]                         inf           
a3[50]                         c[50]                          inf           
a3[54]                         c[54]                          inf           
a3[62]                         c[62]                          inf           
a3[76]                         c[76]                          inf           
a3[96]                         c[96]                          inf           
a2[304]                        c[305]                         inf           
a2[304]                        c[304]                         inf           
a2[212]                        c[213]                         inf           
a2[212]                        c[212]                         inf           
a2[200]                        c[200]                         inf           
a2[200]                        c[201]                         inf           
a2[103]                        c[103]                         inf           
a2[111]                        c[111]                         inf           
a2[117]                        c[117]                         inf           
a2[119]                        c[119]                         inf           
a2[125]                        c[125]                         inf           
a2[129]                        c[129]                         inf           
a2[13]                         c[13]                          inf           
a2[147]                        c[147]                         inf           
a2[149]                        c[149]                         inf           
a2[151]                        c[151]                         inf           
a2[161]                        c[161]                         inf           
a2[167]                        c[167]                         inf           
a2[169]                        c[169]                         inf           
a2[175]                        c[175]                         inf           
a2[179]                        c[179]                         inf           
a2[183]                        c[183]                         inf           
a2[189]                        c[189]                         inf           
a2[197]                        c[197]                         inf           
a2[205]                        c[205]                         inf           
a2[217]                        c[217]                         inf           
a2[219]                        c[219]                         inf           
a2[225]                        c[225]                         inf           
a2[241]                        c[241]                         inf           
a2[247]                        c[247]                         inf           
a2[253]                        c[253]                         inf           
a2[261]                        c[261]                         inf           
a2[275]                        c[275]                         inf           
a2[279]                        c[279]                         inf           
a2[299]                        c[299]                         inf           
a2[29]                         c[29]                          inf           
a2[303]                        c[303]                         inf           
a2[321]                        c[321]                         inf           
a2[325]                        c[325]                         inf           
a2[327]                        c[327]                         inf           
a2[335]                        c[335]                         inf           
a2[343]                        c[343]                         inf           
a2[347]                        c[347]                         inf           
a2[349]                        c[349]                         inf           
a2[357]                        c[357]                         inf           
a2[359]                        c[359]                         inf           
a2[363]                        c[363]                         inf           
a2[367]                        c[367]                         inf           
a2[369]                        c[369]                         inf           
a2[377]                        c[377]                         inf           



