Copyright 1986-2018 Xilinx, Inc. All Rights Reserved.
--------------------------------------------------------------------------------------------------------------------------------------------------------------------------------
| Tool Version : Vivado v.2018.3 (lin64) Build 2405991 Thu Dec  6 23:36:41 MST 2018
| Date         : Tue Jan 11 23:23:13 2022
| Host         : koopa.ece.utexas.edu running 64-bit CentOS Linux release 7.9.2009 (Core)
| Command      : report_drc -file /misc/scratch/zwei1/reports_Jan12/raw_designs/vtr_designs/verilog/koios/bnn_submodules/myproject_mul_16s_12ns_26_2_0_MulnS_0/post_imp_drc.rpt
| Design       : myproject_mul_16s_12ns_26_2_0_MulnS_0
| Device       : xc7z020clg484-3
| Speed File   : -3
| Design State : Fully Routed
--------------------------------------------------------------------------------------------------------------------------------------------------------------------------------

Report DRC

Table of Contents
-----------------
1. REPORT SUMMARY
2. REPORT DETAILS

1. REPORT SUMMARY
-----------------
            Netlist: myproject_mul_16s_12ns_26_2_0_MulnS_0
          Floorplan: design_1
      Design limits: <entire design considered>
           Ruledeck: default
             Max violations: <unlimited>
             Violations found: 4
+--------+----------+------------------------+------------+
| Rule   | Severity | Description            | Violations |
+--------+----------+------------------------+------------+
| DPIP-1 | Warning  | Input pipelining       | 2          |
| DPOP-2 | Warning  | MREG Output pipelining | 1          |
| ZPS7-1 | Warning  | PS7 block required     | 1          |
+--------+----------+------------------------+------------+

2. REPORT DETAILS
-----------------
DPIP-1#1 Warning
Input pipelining  
DSP p_reg input p_reg/A[29:0] is not pipelined. Pipelining DSP48 input will improve performance.
Related violations: <none>

DPIP-1#2 Warning
Input pipelining  
DSP p_reg input p_reg/B[17:0] is not pipelined. Pipelining DSP48 input will improve performance.
Related violations: <none>

DPOP-2#1 Warning
MREG Output pipelining  
DSP p_reg multiplier stage p_reg/P[47:0] is not pipelined (MREG=0). Pipelining the multiplier function will improve performance and will save significant power so it is suggested whenever possible to fully pipeline this function.  If this multiplier was inferred, it is suggested to describe an additional register stage after this function.  If there is no registered adder/accumulator following the multiply function, two pipeline stages are suggested to allow both the MREG and PREG registers to be used.  If the DSP48 was instantiated in the design, it is suggested to set both the MREG and PREG attributes to 1 when performing multiply functions.
Related violations: <none>

ZPS7-1#1 Warning
PS7 block required  
The PS7 cell must be used in this Zynq design in order to enable correct default configuration.
Related violations: <none>


