Copyright 1986-2018 Xilinx, Inc. All Rights Reserved.
----------------------------------------------------------------------------------------------------------------------------------------------------------------------------------------------------------------------------------------------------------------------------------
| Tool Version : Vivado v.2018.3 (lin64) Build 2405991 Thu Dec  6 23:36:41 MST 2018
| Date         : Wed Jan 12 05:45:46 2022
| Host         : koopa.ece.utexas.edu running 64-bit CentOS Linux release 7.9.2009 (Core)
| Command      : report_timing -sort_by group -max_paths 100 -path_type summary -file /misc/scratch/zwei1/reports_Jan12/raw_designs/vtr_designs/verilog/koios/tiny_darknet_like.medium_submodules/td_fused_top_dataflow_in_loop_TOP_LOOP48545_ifmap_vec_0_0/post_route_timing.rpt
| Design       : td_fused_top_dataflow_in_loop_TOP_LOOP48545_ifmap_vec_0_0
| Device       : 7z020-clg484
| Speed File   : -3  PRODUCTION 1.11 2014-09-11
----------------------------------------------------------------------------------------------------------------------------------------------------------------------------------------------------------------------------------------------------------------------------------

Timing Report

Startpoint                     Endpoint                       Slack(ns)     
----------------------------------------------------------------------------
empty_n_reg/C                  td_fused_top_dataflow_in_loop_TOP_LOOP48545_ifmap_vec_0_0_memcore_U_1/td_fused_top_dataflow_in_loop_TOP_LOOP48545_ifmap_vec_0_0_memcore_ram_U/ram_reg/ADDRARDADDR[10]
                                                              6.702         
empty_n_reg/C                  td_fused_top_dataflow_in_loop_TOP_LOOP48545_ifmap_vec_0_0_memcore_U_1/td_fused_top_dataflow_in_loop_TOP_LOOP48545_ifmap_vec_0_0_memcore_ram_U/ram_reg/ADDRBWRADDR[4]
                                                              6.774         
empty_n_reg/C                  td_fused_top_dataflow_in_loop_TOP_LOOP48545_ifmap_vec_0_0_memcore_U_1/td_fused_top_dataflow_in_loop_TOP_LOOP48545_ifmap_vec_0_0_memcore_ram_U/ram_reg/ADDRBWRADDR[5]
                                                              6.890         
empty_n_reg/C                  td_fused_top_dataflow_in_loop_TOP_LOOP48545_ifmap_vec_0_0_memcore_U_1/td_fused_top_dataflow_in_loop_TOP_LOOP48545_ifmap_vec_0_0_memcore_ram_U/ram_reg/ADDRARDADDR[5]
                                                              6.898         
empty_n_reg/C                  td_fused_top_dataflow_in_loop_TOP_LOOP48545_ifmap_vec_0_0_memcore_U_1/td_fused_top_dataflow_in_loop_TOP_LOOP48545_ifmap_vec_0_0_memcore_ram_U/ram_reg/ADDRARDADDR[7]
                                                              6.941         
empty_n_reg/C                  td_fused_top_dataflow_in_loop_TOP_LOOP48545_ifmap_vec_0_0_memcore_U_1/td_fused_top_dataflow_in_loop_TOP_LOOP48545_ifmap_vec_0_0_memcore_ram_U/ram_reg/ADDRARDADDR[4]
                                                              6.967         
empty_n_reg/C                  td_fused_top_dataflow_in_loop_TOP_LOOP48545_ifmap_vec_0_0_memcore_U_1/td_fused_top_dataflow_in_loop_TOP_LOOP48545_ifmap_vec_0_0_memcore_ram_U/ram_reg/ADDRARDADDR[8]
                                                              6.967         
empty_n_reg/C                  td_fused_top_dataflow_in_loop_TOP_LOOP48545_ifmap_vec_0_0_memcore_U_1/td_fused_top_dataflow_in_loop_TOP_LOOP48545_ifmap_vec_0_0_memcore_ram_U/ram_reg/ADDRBWRADDR[6]
                                                              6.968         
td_fused_top_dataflow_in_loop_TOP_LOOP48545_ifmap_vec_0_0_memcore_U_0/td_fused_top_dataflow_in_loop_TOP_LOOP48545_ifmap_vec_0_0_memcore_ram_U/ram_reg/CLKARDCLK
                               reg_q0_reg[5]/D                6.971         
tptr_reg[0]/C                  td_fused_top_dataflow_in_loop_TOP_LOOP48545_ifmap_vec_0_0_memcore_U_1/td_fused_top_dataflow_in_loop_TOP_LOOP48545_ifmap_vec_0_0_memcore_ram_U/ram_reg/ADDRARDADDR[6]
                                                              6.986         
td_fused_top_dataflow_in_loop_TOP_LOOP48545_ifmap_vec_0_0_memcore_U_1/td_fused_top_dataflow_in_loop_TOP_LOOP48545_ifmap_vec_0_0_memcore_ram_U/ram_reg/CLKARDCLK
                               reg_q0_reg[10]/D               7.025         
td_fused_top_dataflow_in_loop_TOP_LOOP48545_ifmap_vec_0_0_memcore_U_0/td_fused_top_dataflow_in_loop_TOP_LOOP48545_ifmap_vec_0_0_memcore_ram_U/ram_reg/CLKARDCLK
                               reg_q0_reg[9]/D                7.033         
tptr_reg[0]/C                  td_fused_top_dataflow_in_loop_TOP_LOOP48545_ifmap_vec_0_0_memcore_U_1/td_fused_top_dataflow_in_loop_TOP_LOOP48545_ifmap_vec_0_0_memcore_ram_U/ram_reg/ADDRBWRADDR[10]
                                                              7.049         
td_fused_top_dataflow_in_loop_TOP_LOOP48545_ifmap_vec_0_0_memcore_U_1/td_fused_top_dataflow_in_loop_TOP_LOOP48545_ifmap_vec_0_0_memcore_ram_U/ram_reg/CLKARDCLK
                               reg_q0_reg[6]/D                7.051         
td_fused_top_dataflow_in_loop_TOP_LOOP48545_ifmap_vec_0_0_memcore_U_1/td_fused_top_dataflow_in_loop_TOP_LOOP48545_ifmap_vec_0_0_memcore_ram_U/ram_reg/CLKARDCLK
                               reg_q0_reg[11]/D               7.061         
tptr_reg[0]/C                  td_fused_top_dataflow_in_loop_TOP_LOOP48545_ifmap_vec_0_0_memcore_U_1/td_fused_top_dataflow_in_loop_TOP_LOOP48545_ifmap_vec_0_0_memcore_ram_U/ram_reg/ADDRARDADDR[9]
                                                              7.078         
empty_n_reg/C                  td_fused_top_dataflow_in_loop_TOP_LOOP48545_ifmap_vec_0_0_memcore_U_1/td_fused_top_dataflow_in_loop_TOP_LOOP48545_ifmap_vec_0_0_memcore_ram_U/ram_reg/ENBWREN
                                                              7.112         
td_fused_top_dataflow_in_loop_TOP_LOOP48545_ifmap_vec_0_0_memcore_U_1/td_fused_top_dataflow_in_loop_TOP_LOOP48545_ifmap_vec_0_0_memcore_ram_U/ram_reg/CLKARDCLK
                               reg_q0_reg[8]/D                7.124         
td_fused_top_dataflow_in_loop_TOP_LOOP48545_ifmap_vec_0_0_memcore_U_0/td_fused_top_dataflow_in_loop_TOP_LOOP48545_ifmap_vec_0_0_memcore_ram_U/ram_reg/CLKARDCLK
                               reg_q0_reg[4]/D                7.135         
td_fused_top_dataflow_in_loop_TOP_LOOP48545_ifmap_vec_0_0_memcore_U_1/td_fused_top_dataflow_in_loop_TOP_LOOP48545_ifmap_vec_0_0_memcore_ram_U/ram_reg/CLKARDCLK
                               reg_q0_reg[7]/D                7.141         
tptr_reg[0]/C                  td_fused_top_dataflow_in_loop_TOP_LOOP48545_ifmap_vec_0_0_memcore_U_1/td_fused_top_dataflow_in_loop_TOP_LOOP48545_ifmap_vec_0_0_memcore_ram_U/ram_reg/ADDRBWRADDR[7]
                                                              7.151         
td_fused_top_dataflow_in_loop_TOP_LOOP48545_ifmap_vec_0_0_memcore_U_0/td_fused_top_dataflow_in_loop_TOP_LOOP48545_ifmap_vec_0_0_memcore_ram_U/ram_reg/CLKARDCLK
                               reg_q0_reg[12]/D               7.163         
td_fused_top_dataflow_in_loop_TOP_LOOP48545_ifmap_vec_0_0_memcore_U_0/td_fused_top_dataflow_in_loop_TOP_LOOP48545_ifmap_vec_0_0_memcore_ram_U/ram_reg/CLKARDCLK
                               reg_q0_reg[13]/D               7.167         
td_fused_top_dataflow_in_loop_TOP_LOOP48545_ifmap_vec_0_0_memcore_U_0/td_fused_top_dataflow_in_loop_TOP_LOOP48545_ifmap_vec_0_0_memcore_ram_U/ram_reg/CLKARDCLK
                               reg_q0_reg[3]/D                7.170         
td_fused_top_dataflow_in_loop_TOP_LOOP48545_ifmap_vec_0_0_memcore_U_0/td_fused_top_dataflow_in_loop_TOP_LOOP48545_ifmap_vec_0_0_memcore_ram_U/ram_reg/CLKARDCLK
                               reg_q0_reg[0]/D                7.186         
td_fused_top_dataflow_in_loop_TOP_LOOP48545_ifmap_vec_0_0_memcore_U_0/td_fused_top_dataflow_in_loop_TOP_LOOP48545_ifmap_vec_0_0_memcore_ram_U/ram_reg/CLKARDCLK
                               reg_q0_reg[1]/D                7.186         
empty_n_reg/C                  td_fused_top_dataflow_in_loop_TOP_LOOP48545_ifmap_vec_0_0_memcore_U_1/td_fused_top_dataflow_in_loop_TOP_LOOP48545_ifmap_vec_0_0_memcore_ram_U/ram_reg/DIBDI[1]
                                                              7.241         
tptr_reg[0]/C                  td_fused_top_dataflow_in_loop_TOP_LOOP48545_ifmap_vec_0_0_memcore_U_1/td_fused_top_dataflow_in_loop_TOP_LOOP48545_ifmap_vec_0_0_memcore_ram_U/ram_reg/ADDRBWRADDR[9]
                                                              7.259         
td_fused_top_dataflow_in_loop_TOP_LOOP48545_ifmap_vec_0_0_memcore_U_0/td_fused_top_dataflow_in_loop_TOP_LOOP48545_ifmap_vec_0_0_memcore_ram_U/ram_reg/CLKARDCLK
                               reg_q0_reg[2]/D                7.301         
td_fused_top_dataflow_in_loop_TOP_LOOP48545_ifmap_vec_0_0_memcore_U_1/td_fused_top_dataflow_in_loop_TOP_LOOP48545_ifmap_vec_0_0_memcore_ram_U/ram_reg/CLKARDCLK
                               reg_q0_reg[15]/D               7.307         
tptr_reg[0]/C                  td_fused_top_dataflow_in_loop_TOP_LOOP48545_ifmap_vec_0_0_memcore_U_1/td_fused_top_dataflow_in_loop_TOP_LOOP48545_ifmap_vec_0_0_memcore_ram_U/ram_reg/ADDRBWRADDR[8]
                                                              7.326         
empty_n_reg/C                  td_fused_top_dataflow_in_loop_TOP_LOOP48545_ifmap_vec_0_0_memcore_U_0/td_fused_top_dataflow_in_loop_TOP_LOOP48545_ifmap_vec_0_0_memcore_ram_U/ram_reg/ADDRBWRADDR[5]
                                                              7.333         
empty_n_reg/C                  td_fused_top_dataflow_in_loop_TOP_LOOP48545_ifmap_vec_0_0_memcore_U_1/td_fused_top_dataflow_in_loop_TOP_LOOP48545_ifmap_vec_0_0_memcore_ram_U/ram_reg/DIBDI[13]
                                                              7.374         
empty_n_reg/C                  td_fused_top_dataflow_in_loop_TOP_LOOP48545_ifmap_vec_0_0_memcore_U_1/td_fused_top_dataflow_in_loop_TOP_LOOP48545_ifmap_vec_0_0_memcore_ram_U/ram_reg/DIBDI[9]
                                                              7.380         
td_fused_top_dataflow_in_loop_TOP_LOOP48545_ifmap_vec_0_0_memcore_U_1/td_fused_top_dataflow_in_loop_TOP_LOOP48545_ifmap_vec_0_0_memcore_ram_U/ram_reg/CLKARDCLK
                               reg_q0_reg[14]/D               7.384         
empty_n_reg/C                  td_fused_top_dataflow_in_loop_TOP_LOOP48545_ifmap_vec_0_0_memcore_U_1/td_fused_top_dataflow_in_loop_TOP_LOOP48545_ifmap_vec_0_0_memcore_ram_U/ram_reg/DIBDI[2]
                                                              7.396         
empty_n_reg/C                  td_fused_top_dataflow_in_loop_TOP_LOOP48545_ifmap_vec_0_0_memcore_U_1/td_fused_top_dataflow_in_loop_TOP_LOOP48545_ifmap_vec_0_0_memcore_ram_U/ram_reg/DIBDI[8]
                                                              7.399         
empty_n_reg/C                  td_fused_top_dataflow_in_loop_TOP_LOOP48545_ifmap_vec_0_0_memcore_U_1/td_fused_top_dataflow_in_loop_TOP_LOOP48545_ifmap_vec_0_0_memcore_ram_U/ram_reg/DIBDI[3]
                                                              7.438         
empty_n_reg/C                  td_fused_top_dataflow_in_loop_TOP_LOOP48545_ifmap_vec_0_0_memcore_U_1/td_fused_top_dataflow_in_loop_TOP_LOOP48545_ifmap_vec_0_0_memcore_ram_U/ram_reg/DIBDI[0]
                                                              7.449         
tptr_reg[0]/C                  td_fused_top_dataflow_in_loop_TOP_LOOP48545_ifmap_vec_0_0_memcore_U_1/td_fused_top_dataflow_in_loop_TOP_LOOP48545_ifmap_vec_0_0_memcore_ram_U/ram_reg/DIADI[3]
                                                              7.466         
empty_n_reg/C                  td_fused_top_dataflow_in_loop_TOP_LOOP48545_ifmap_vec_0_0_memcore_U_1/td_fused_top_dataflow_in_loop_TOP_LOOP48545_ifmap_vec_0_0_memcore_ram_U/ram_reg/WEA[0]
                                                              7.474         
empty_n_reg/C                  td_fused_top_dataflow_in_loop_TOP_LOOP48545_ifmap_vec_0_0_memcore_U_1/td_fused_top_dataflow_in_loop_TOP_LOOP48545_ifmap_vec_0_0_memcore_ram_U/ram_reg/WEA[1]
                                                              7.474         
tptr_reg[0]/C                  td_fused_top_dataflow_in_loop_TOP_LOOP48545_ifmap_vec_0_0_memcore_U_1/td_fused_top_dataflow_in_loop_TOP_LOOP48545_ifmap_vec_0_0_memcore_ram_U/ram_reg/DIADI[2]
                                                              7.475         
empty_n_reg/C                  td_fused_top_dataflow_in_loop_TOP_LOOP48545_ifmap_vec_0_0_memcore_U_1/td_fused_top_dataflow_in_loop_TOP_LOOP48545_ifmap_vec_0_0_memcore_ram_U/ram_reg/DIBDI[7]
                                                              7.477         
tptr_reg[0]/C                  td_fused_top_dataflow_in_loop_TOP_LOOP48545_ifmap_vec_0_0_memcore_U_1/td_fused_top_dataflow_in_loop_TOP_LOOP48545_ifmap_vec_0_0_memcore_ram_U/ram_reg/DIADI[11]
                                                              7.484         
tptr_reg[0]/C                  td_fused_top_dataflow_in_loop_TOP_LOOP48545_ifmap_vec_0_0_memcore_U_1/td_fused_top_dataflow_in_loop_TOP_LOOP48545_ifmap_vec_0_0_memcore_ram_U/ram_reg/DIADI[10]
                                                              7.485         
tptr_reg[0]/C                  td_fused_top_dataflow_in_loop_TOP_LOOP48545_ifmap_vec_0_0_memcore_U_1/td_fused_top_dataflow_in_loop_TOP_LOOP48545_ifmap_vec_0_0_memcore_ram_U/ram_reg/DIBDI[11]
                                                              7.499         
empty_n_reg/C                  td_fused_top_dataflow_in_loop_TOP_LOOP48545_ifmap_vec_0_0_memcore_U_1/td_fused_top_dataflow_in_loop_TOP_LOOP48545_ifmap_vec_0_0_memcore_ram_U/ram_reg/WEBWE[1]
                                                              7.504         
empty_n_reg/C                  td_fused_top_dataflow_in_loop_TOP_LOOP48545_ifmap_vec_0_0_memcore_U_1/td_fused_top_dataflow_in_loop_TOP_LOOP48545_ifmap_vec_0_0_memcore_ram_U/ram_reg/DIBDI[10]
                                                              7.541         
empty_n_reg/C                  td_fused_top_dataflow_in_loop_TOP_LOOP48545_ifmap_vec_0_0_memcore_U_0/td_fused_top_dataflow_in_loop_TOP_LOOP48545_ifmap_vec_0_0_memcore_ram_U/ram_reg/ADDRARDADDR[7]
                                                              7.558         
tptr_reg[0]/C                  td_fused_top_dataflow_in_loop_TOP_LOOP48545_ifmap_vec_0_0_memcore_U_0/td_fused_top_dataflow_in_loop_TOP_LOOP48545_ifmap_vec_0_0_memcore_ram_U/ram_reg/ENBWREN
                                                              7.566         
empty_n_reg/C                  td_fused_top_dataflow_in_loop_TOP_LOOP48545_ifmap_vec_0_0_memcore_U_0/td_fused_top_dataflow_in_loop_TOP_LOOP48545_ifmap_vec_0_0_memcore_ram_U/ram_reg/ADDRBWRADDR[10]
                                                              7.575         
empty_n_reg/C                  td_fused_top_dataflow_in_loop_TOP_LOOP48545_ifmap_vec_0_0_memcore_U_1/td_fused_top_dataflow_in_loop_TOP_LOOP48545_ifmap_vec_0_0_memcore_ram_U/ram_reg/WEBWE[0]
                                                              7.575         
empty_n_reg/C                  td_fused_top_dataflow_in_loop_TOP_LOOP48545_ifmap_vec_0_0_memcore_U_1/td_fused_top_dataflow_in_loop_TOP_LOOP48545_ifmap_vec_0_0_memcore_ram_U/ram_reg/DIBDI[15]
                                                              7.579         
empty_n_reg/C                  td_fused_top_dataflow_in_loop_TOP_LOOP48545_ifmap_vec_0_0_memcore_U_1/td_fused_top_dataflow_in_loop_TOP_LOOP48545_ifmap_vec_0_0_memcore_ram_U/ram_reg/DIBDI[4]
                                                              7.604         
tptr_reg[0]/C                  td_fused_top_dataflow_in_loop_TOP_LOOP48545_ifmap_vec_0_0_memcore_U_1/td_fused_top_dataflow_in_loop_TOP_LOOP48545_ifmap_vec_0_0_memcore_ram_U/ram_reg/DIBDI[5]
                                                              7.607         
tptr_reg[0]/C                  td_fused_top_dataflow_in_loop_TOP_LOOP48545_ifmap_vec_0_0_memcore_U_1/td_fused_top_dataflow_in_loop_TOP_LOOP48545_ifmap_vec_0_0_memcore_ram_U/ram_reg/DIADI[9]
                                                              7.609         
tptr_reg[0]/C                  td_fused_top_dataflow_in_loop_TOP_LOOP48545_ifmap_vec_0_0_memcore_U_0/td_fused_top_dataflow_in_loop_TOP_LOOP48545_ifmap_vec_0_0_memcore_ram_U/ram_reg/ADDRARDADDR[9]
                                                              7.639         
tptr_reg[0]/C                  td_fused_top_dataflow_in_loop_TOP_LOOP48545_ifmap_vec_0_0_memcore_U_1/td_fused_top_dataflow_in_loop_TOP_LOOP48545_ifmap_vec_0_0_memcore_ram_U/ram_reg/DIBDI[14]
                                                              7.643         
tptr_reg[0]/C                  td_fused_top_dataflow_in_loop_TOP_LOOP48545_ifmap_vec_0_0_memcore_U_1/td_fused_top_dataflow_in_loop_TOP_LOOP48545_ifmap_vec_0_0_memcore_ram_U/ram_reg/DIADI[1]
                                                              7.645         
empty_n_reg/C                  td_fused_top_dataflow_in_loop_TOP_LOOP48545_ifmap_vec_0_0_memcore_U_0/td_fused_top_dataflow_in_loop_TOP_LOOP48545_ifmap_vec_0_0_memcore_ram_U/ram_reg/ADDRBWRADDR[9]
                                                              7.650         
tptr_reg[0]/C                  td_fused_top_dataflow_in_loop_TOP_LOOP48545_ifmap_vec_0_0_memcore_U_1/td_fused_top_dataflow_in_loop_TOP_LOOP48545_ifmap_vec_0_0_memcore_ram_U/ram_reg/DIADI[15]
                                                              7.666         
empty_n_reg/C                  td_fused_top_dataflow_in_loop_TOP_LOOP48545_ifmap_vec_0_0_memcore_U_1/td_fused_top_dataflow_in_loop_TOP_LOOP48545_ifmap_vec_0_0_memcore_ram_U/ram_reg/DIBDI[6]
                                                              7.692         
empty_n_reg/C                  td_fused_top_dataflow_in_loop_TOP_LOOP48545_ifmap_vec_0_0_memcore_U_1/td_fused_top_dataflow_in_loop_TOP_LOOP48545_ifmap_vec_0_0_memcore_ram_U/ram_reg/DIBDI[12]
                                                              7.705         
empty_n_reg/C                  td_fused_top_dataflow_in_loop_TOP_LOOP48545_ifmap_vec_0_0_memcore_U_1/td_fused_top_dataflow_in_loop_TOP_LOOP48545_ifmap_vec_0_0_memcore_ram_U/ram_reg/DIADI[6]
                                                              7.707         
empty_n_reg/C                  td_fused_top_dataflow_in_loop_TOP_LOOP48545_ifmap_vec_0_0_memcore_U_0/td_fused_top_dataflow_in_loop_TOP_LOOP48545_ifmap_vec_0_0_memcore_ram_U/ram_reg/ADDRARDADDR[8]
                                                              7.725         
empty_n_reg/C                  td_fused_top_dataflow_in_loop_TOP_LOOP48545_ifmap_vec_0_0_memcore_U_0/td_fused_top_dataflow_in_loop_TOP_LOOP48545_ifmap_vec_0_0_memcore_ram_U/ram_reg/ADDRARDADDR[4]
                                                              7.726         
tptr_reg[0]/C                  td_fused_top_dataflow_in_loop_TOP_LOOP48545_ifmap_vec_0_0_memcore_U_0/td_fused_top_dataflow_in_loop_TOP_LOOP48545_ifmap_vec_0_0_memcore_ram_U/ram_reg/WEA[0]
                                                              7.729         
empty_n_reg/C                  td_fused_top_dataflow_in_loop_TOP_LOOP48545_ifmap_vec_0_0_memcore_U_0/td_fused_top_dataflow_in_loop_TOP_LOOP48545_ifmap_vec_0_0_memcore_ram_U/ram_reg/ADDRBWRADDR[6]
                                                              7.734         
tptr_reg[0]/C                  td_fused_top_dataflow_in_loop_TOP_LOOP48545_ifmap_vec_0_0_memcore_U_1/td_fused_top_dataflow_in_loop_TOP_LOOP48545_ifmap_vec_0_0_memcore_ram_U/ram_reg/DIADI[0]
                                                              7.735         
tptr_reg[0]/C                  td_fused_top_dataflow_in_loop_TOP_LOOP48545_ifmap_vec_0_0_memcore_U_1/td_fused_top_dataflow_in_loop_TOP_LOOP48545_ifmap_vec_0_0_memcore_ram_U/ram_reg/DIADI[8]
                                                              7.747         
empty_n_reg/C                  td_fused_top_dataflow_in_loop_TOP_LOOP48545_ifmap_vec_0_0_memcore_U_0/td_fused_top_dataflow_in_loop_TOP_LOOP48545_ifmap_vec_0_0_memcore_ram_U/ram_reg/DIADI[8]
                                                              7.772         
tptr_reg[0]/C                  td_fused_top_dataflow_in_loop_TOP_LOOP48545_ifmap_vec_0_0_memcore_U_1/td_fused_top_dataflow_in_loop_TOP_LOOP48545_ifmap_vec_0_0_memcore_ram_U/ram_reg/DIADI[7]
                                                              7.773         
tptr_reg[0]/C                  td_fused_top_dataflow_in_loop_TOP_LOOP48545_ifmap_vec_0_0_memcore_U_1/td_fused_top_dataflow_in_loop_TOP_LOOP48545_ifmap_vec_0_0_memcore_ram_U/ram_reg/DIADI[13]
                                                              7.778         
empty_n_reg/C                  td_fused_top_dataflow_in_loop_TOP_LOOP48545_ifmap_vec_0_0_memcore_U_0/td_fused_top_dataflow_in_loop_TOP_LOOP48545_ifmap_vec_0_0_memcore_ram_U/ram_reg/ADDRARDADDR[10]
                                                              7.782         
tptr_reg[0]/C                  td_fused_top_dataflow_in_loop_TOP_LOOP48545_ifmap_vec_0_0_memcore_U_1/td_fused_top_dataflow_in_loop_TOP_LOOP48545_ifmap_vec_0_0_memcore_ram_U/ram_reg/DIADI[5]
                                                              7.795         
empty_n_reg/C                  td_fused_top_dataflow_in_loop_TOP_LOOP48545_ifmap_vec_0_0_memcore_U_0/td_fused_top_dataflow_in_loop_TOP_LOOP48545_ifmap_vec_0_0_memcore_ram_U/ram_reg/DIADI[3]
                                                              7.806         
tptr_reg[0]/C                  td_fused_top_dataflow_in_loop_TOP_LOOP48545_ifmap_vec_0_0_memcore_U_1/td_fused_top_dataflow_in_loop_TOP_LOOP48545_ifmap_vec_0_0_memcore_ram_U/ram_reg/DIADI[12]
                                                              7.807         
tptr_reg[0]/C                  td_fused_top_dataflow_in_loop_TOP_LOOP48545_ifmap_vec_0_0_memcore_U_1/td_fused_top_dataflow_in_loop_TOP_LOOP48545_ifmap_vec_0_0_memcore_ram_U/ram_reg/DIADI[4]
                                                              7.811         
tptr_reg[0]/C                  td_fused_top_dataflow_in_loop_TOP_LOOP48545_ifmap_vec_0_0_memcore_U_1/td_fused_top_dataflow_in_loop_TOP_LOOP48545_ifmap_vec_0_0_memcore_ram_U/ram_reg/DIADI[14]
                                                              7.814         
tptr_reg[0]/C                  td_fused_top_dataflow_in_loop_TOP_LOOP48545_ifmap_vec_0_0_memcore_U_0/td_fused_top_dataflow_in_loop_TOP_LOOP48545_ifmap_vec_0_0_memcore_ram_U/ram_reg/ADDRARDADDR[6]
                                                              7.816         
empty_n_reg/C                  td_fused_top_dataflow_in_loop_TOP_LOOP48545_ifmap_vec_0_0_memcore_U_0/td_fused_top_dataflow_in_loop_TOP_LOOP48545_ifmap_vec_0_0_memcore_ram_U/ram_reg/ADDRARDADDR[5]
                                                              7.828         
tptr_reg[0]/C                  td_fused_top_dataflow_in_loop_TOP_LOOP48545_ifmap_vec_0_0_memcore_U_0/td_fused_top_dataflow_in_loop_TOP_LOOP48545_ifmap_vec_0_0_memcore_ram_U/ram_reg/ADDRBWRADDR[8]
                                                              7.841         
tptr_reg[0]/C                  td_fused_top_dataflow_in_loop_TOP_LOOP48545_ifmap_vec_0_0_memcore_U_0/td_fused_top_dataflow_in_loop_TOP_LOOP48545_ifmap_vec_0_0_memcore_ram_U/ram_reg/WEA[1]
                                                              7.857         
tptr_reg[0]/C                  td_fused_top_dataflow_in_loop_TOP_LOOP48545_ifmap_vec_0_0_memcore_U_0/td_fused_top_dataflow_in_loop_TOP_LOOP48545_ifmap_vec_0_0_memcore_ram_U/ram_reg/DIBDI[0]
                                                              7.858         
tptr_reg[0]/C                  td_fused_top_dataflow_in_loop_TOP_LOOP48545_ifmap_vec_0_0_memcore_U_0/td_fused_top_dataflow_in_loop_TOP_LOOP48545_ifmap_vec_0_0_memcore_ram_U/ram_reg/ADDRBWRADDR[7]
                                                              7.888         
empty_n_reg/C                  td_fused_top_dataflow_in_loop_TOP_LOOP48545_ifmap_vec_0_0_memcore_U_0/td_fused_top_dataflow_in_loop_TOP_LOOP48545_ifmap_vec_0_0_memcore_ram_U/ram_reg/DIADI[14]
                                                              7.904         
tptr_reg[0]/C                  td_fused_top_dataflow_in_loop_TOP_LOOP48545_ifmap_vec_0_0_memcore_U_0/td_fused_top_dataflow_in_loop_TOP_LOOP48545_ifmap_vec_0_0_memcore_ram_U/ram_reg/ADDRBWRADDR[4]
                                                              7.917         
empty_n_reg/C                  td_fused_top_dataflow_in_loop_TOP_LOOP48545_ifmap_vec_0_0_memcore_U_0/td_fused_top_dataflow_in_loop_TOP_LOOP48545_ifmap_vec_0_0_memcore_ram_U/ram_reg/DIADI[10]
                                                              7.923         
tptr_reg[0]/C                  td_fused_top_dataflow_in_loop_TOP_LOOP48545_ifmap_vec_0_0_memcore_U_0/td_fused_top_dataflow_in_loop_TOP_LOOP48545_ifmap_vec_0_0_memcore_ram_U/ram_reg/DIADI[9]
                                                              7.939         
tptr_reg[0]/C                  td_fused_top_dataflow_in_loop_TOP_LOOP48545_ifmap_vec_0_0_memcore_U_0/td_fused_top_dataflow_in_loop_TOP_LOOP48545_ifmap_vec_0_0_memcore_ram_U/ram_reg/DIBDI[8]
                                                              7.945         
tptr_reg[0]/C                  td_fused_top_dataflow_in_loop_TOP_LOOP48545_ifmap_vec_0_0_memcore_U_0/td_fused_top_dataflow_in_loop_TOP_LOOP48545_ifmap_vec_0_0_memcore_ram_U/ram_reg/WEBWE[1]
                                                              7.947         
empty_n_reg/C                  td_fused_top_dataflow_in_loop_TOP_LOOP48545_ifmap_vec_0_0_memcore_U_1/td_fused_top_dataflow_in_loop_TOP_LOOP48545_ifmap_vec_0_0_memcore_ram_U/ram_reg/ENARDEN
                                                              8.000         
empty_n_reg/C                  td_fused_top_dataflow_in_loop_TOP_LOOP48545_ifmap_vec_0_0_memcore_U_0/td_fused_top_dataflow_in_loop_TOP_LOOP48545_ifmap_vec_0_0_memcore_ram_U/ram_reg/DIBDI[9]
                                                              8.010         
tptr_reg[0]/C                  td_fused_top_dataflow_in_loop_TOP_LOOP48545_ifmap_vec_0_0_memcore_U_0/td_fused_top_dataflow_in_loop_TOP_LOOP48545_ifmap_vec_0_0_memcore_ram_U/ram_reg/WEBWE[0]
                                                              8.018         
empty_n_reg/C                  count_reg[0]/D                 8.021         
tptr_reg[0]/C                  td_fused_top_dataflow_in_loop_TOP_LOOP48545_ifmap_vec_0_0_memcore_U_0/td_fused_top_dataflow_in_loop_TOP_LOOP48545_ifmap_vec_0_0_memcore_ram_U/ram_reg/DIBDI[12]
                                                              8.027         
tptr_reg[0]/C                  td_fused_top_dataflow_in_loop_TOP_LOOP48545_ifmap_vec_0_0_memcore_U_0/td_fused_top_dataflow_in_loop_TOP_LOOP48545_ifmap_vec_0_0_memcore_ram_U/ram_reg/DIBDI[2]
                                                              8.092         
empty_n_reg/C                  empty_n_reg/D                  8.117         
tptr_reg[0]/C                  td_fused_top_dataflow_in_loop_TOP_LOOP48545_ifmap_vec_0_0_memcore_U_0/td_fused_top_dataflow_in_loop_TOP_LOOP48545_ifmap_vec_0_0_memcore_ram_U/ram_reg/DIBDI[13]
                                                              8.118         



