Copyright 1986-2018 Xilinx, Inc. All Rights Reserved.
----------------------------------------------------------------------------------------------------------------------------------------------------------------------------------------------------------------------------------------------------------------------------
| Tool Version : Vivado v.2018.3 (lin64) Build 2405991 Thu Dec  6 23:36:41 MST 2018
| Date         : Wed Jan 12 00:57:25 2022
| Host         : koopa.ece.utexas.edu running 64-bit CentOS Linux release 7.9.2009 (Core)
| Command      : report_timing -sort_by group -max_paths 100 -path_type summary -file /misc/scratch/zwei1/reports_Jan12/raw_designs/vtr_designs/verilog/koios/conv_layer_hls_submodules/td_fused_top_dataflow_in_loop_TOP_LOOP49028_weight_vecs_0_0_0/post_route_timing.rpt
| Design       : td_fused_top_dataflow_in_loop_TOP_LOOP49028_weight_vecs_0_0_0
| Device       : 7z020-clg484
| Speed File   : -3  PRODUCTION 1.11 2014-09-11
----------------------------------------------------------------------------------------------------------------------------------------------------------------------------------------------------------------------------------------------------------------------------

Timing Report

Startpoint                     Endpoint                       Slack(ns)     
----------------------------------------------------------------------------
empty_n_reg/C                  count_reg[0]/D                 7.332         
empty_n_reg/C                  empty_n_reg/D                  7.989         
empty_n_reg/C                  full_n_reg/D                   8.105         
empty_n_reg/C                  count_reg[1]/D                 8.173         
tptr_reg[0]/C                  tptr_reg[0]/D                  8.425         
iptr_reg[0]/C                  td_fused_top_dataflow_in_loop_TOP_LOOP49028_weight_vecs_0_0_0_memcore_U/td_fused_top_dataflow_in_loop_TOP_LOOP49028_weight_vecs_0_0_0_memcore_ram_U/ram_reg/ADDRARDADDR[4]
                                                              8.719         
tptr_reg[0]/C                  td_fused_top_dataflow_in_loop_TOP_LOOP49028_weight_vecs_0_0_0_memcore_U/td_fused_top_dataflow_in_loop_TOP_LOOP49028_weight_vecs_0_0_0_memcore_ram_U/ram_reg/ADDRBWRADDR[4]
                                                              8.742         
full_n_reg/C                   iptr_reg[0]/D                  9.016         



