Copyright 1986-2018 Xilinx, Inc. All Rights Reserved.
--------------------------------------------------------------------------------------------------------------------------------------------------------------------------------------------------------------------------------------------------------
| Tool Version : Vivado v.2018.3 (lin64) Build 2405991 Thu Dec  6 23:36:41 MST 2018
| Date         : Thu Jan 13 05:39:53 2022
| Host         : koopa.ece.utexas.edu running 64-bit CentOS Linux release 7.9.2009 (Core)
| Command      : report_timing -sort_by group -max_paths 100 -path_type summary -file /misc/scratch/zwei1/reports_Jan12/raw_designs/vtr_designs/verilog/koios/tiny_darknet_like.medium_submodules/td_fused_top_tdf3_readFilters30/post_route_timing.rpt
| Design       : td_fused_top_tdf3_readFilters30
| Device       : 7z020-clg484
| Speed File   : -3  PRODUCTION 1.11 2014-09-11
--------------------------------------------------------------------------------------------------------------------------------------------------------------------------------------------------------------------------------------------------------

Timing Report

Startpoint                     Endpoint                       Slack(ns)     
----------------------------------------------------------------------------
ap_enable_reg_pp0_iter1_reg/C  kk_0_0_i_i_reg_93_reg[0]/R     7.443         
ap_enable_reg_pp0_iter1_reg/C  kk_0_0_i_i_reg_93_reg[1]/R     7.443         
ap_enable_reg_pp0_iter1_reg/C  kk_0_0_i_i_reg_93_reg[2]/R     7.443         
ap_enable_reg_pp0_iter1_reg/C  kk_0_0_i_i_reg_93_reg[3]/R     7.443         
ap_enable_reg_pp0_iter1_reg/C  kk_0_0_i_i_reg_93_reg[4]/R     7.443         
ap_enable_reg_pp0_iter1_reg/C  kk_0_0_i_i_reg_93_reg[5]/R     7.443         
ap_CS_fsm_reg[1]/C             add_ln49_reg_149_reg[4]/D      7.759         
ap_enable_reg_pp0_iter1_reg/C  add_ln49_reg_149_reg[5]/D      7.834         
ap_enable_reg_pp0_iter1_reg/C  add_ln49_reg_149_reg[3]/D      7.887         
add_ln49_reg_149_reg[0]/C      ap_enable_reg_pp0_iter1_reg/D  7.985         
ap_CS_fsm_reg[1]/C             add_ln49_reg_149_reg[0]/CE     8.055         
ap_CS_fsm_reg[1]/C             add_ln49_reg_149_reg[3]/CE     8.055         
ap_CS_fsm_reg[1]/C             add_ln49_reg_149_reg[1]/CE     8.086         
ap_CS_fsm_reg[1]/C             add_ln49_reg_149_reg[2]/CE     8.086         
ap_enable_reg_pp0_iter1_reg/C  add_ln49_reg_149_reg[1]/D      8.091         
add_ln49_reg_149_reg[0]/C      icmp_ln49_reg_154_reg[0]/D     8.094         
ap_enable_reg_pp0_iter1_reg/C  add_ln49_reg_149_reg[2]/D      8.103         
ap_done_reg_reg/C              ap_CS_fsm_reg[1]/D             8.150         
ap_CS_fsm_reg[1]/C             add_ln49_reg_149_reg[4]/CE     8.173         
ap_CS_fsm_reg[1]/C             add_ln49_reg_149_reg[5]/CE     8.173         
add_ln49_reg_149_reg[0]/C      ap_enable_reg_pp0_iter0_reg/D  8.279         
add_ln49_reg_149_reg[0]/C      ap_CS_fsm_reg[2]/D             8.295         
ap_CS_fsm_reg[1]/C             kk_0_0_i_i_reg_93_reg[0]/CE    8.390         
ap_CS_fsm_reg[1]/C             kk_0_0_i_i_reg_93_reg[1]/CE    8.390         
ap_CS_fsm_reg[1]/C             kk_0_0_i_i_reg_93_reg[2]/CE    8.390         
ap_CS_fsm_reg[1]/C             kk_0_0_i_i_reg_93_reg[3]/CE    8.390         
ap_CS_fsm_reg[1]/C             kk_0_0_i_i_reg_93_reg[4]/CE    8.390         
ap_CS_fsm_reg[1]/C             kk_0_0_i_i_reg_93_reg[5]/CE    8.390         
ap_CS_fsm_reg[1]/C             icmp_ln49_reg_154_reg[0]/CE    8.615         
add_ln49_reg_149_reg[0]/C      add_ln49_reg_149_reg[0]/D      8.778         
ap_done_reg_reg/C              ap_done_reg_reg/D              8.796         
ap_CS_fsm_reg[1]/C             ap_CS_fsm_reg[0]/D             8.894         
ap_CS_fsm_reg[0]/C             tmp_reg_144_reg[5]/CE          9.007         
ap_CS_fsm_reg[0]/C             tmp_reg_144_reg[6]/CE          9.007         
ap_CS_fsm_reg[0]/C             tmp_reg_144_reg[7]/CE          9.007         
ap_CS_fsm_reg[0]/C             tmp_reg_144_reg[8]/CE          9.007         
add_ln49_reg_149_reg[0]/C      kk_0_0_i_i_reg_93_reg[0]/D     9.050         
add_ln49_reg_149_reg[5]/C      kk_0_0_i_i_reg_93_reg[5]/D     9.092         
add_ln49_reg_149_reg[2]/C      kk_0_0_i_i_reg_93_reg[2]/D     9.134         
add_ln49_reg_149_reg[1]/C      kk_0_0_i_i_reg_93_reg[1]/D     9.142         
add_ln49_reg_149_reg[3]/C      kk_0_0_i_i_reg_93_reg[3]/D     9.216         
add_ln49_reg_149_reg[4]/C      kk_0_0_i_i_reg_93_reg[4]/D     9.290         



