Copyright 1986-2018 Xilinx, Inc. All Rights Reserved.
-------------------------------------------------------------------------------------------------------------------------------------------------------------------------------------------------------------------------
| Tool Version : Vivado v.2018.3 (lin64) Build 2405991 Thu Dec  6 23:36:41 MST 2018
| Date         : Thu Jan 13 10:31:08 2022
| Host         : koopa.ece.utexas.edu running 64-bit CentOS Linux release 7.9.2009 (Core)
| Command      : report_timing -sort_by group -max_paths 100 -path_type summary -file /misc/scratch/zwei1/reports_Jan12/raw_designs/vtr_designs/verilog/koios/tpu_like.small_submodules/activation/post_route_timing.rpt
| Design       : activation
| Device       : 7z020-clg484
| Speed File   : -3  PRODUCTION 1.11 2014-09-11
-------------------------------------------------------------------------------------------------------------------------------------------------------------------------------------------------------------------------

Timing Report

Startpoint                     Endpoint                       Slack(ns)     
----------------------------------------------------------------------------
activation_in_progress_reg/C   data_intercept_delayed_reg[69]/R
                                                              5.991         
activation_in_progress_reg/C   slope_applied_data_internal_reg[64]/R
                                                              5.991         
activation_in_progress_reg/C   slope_applied_data_internal_reg[65]/R
                                                              5.991         
activation_in_progress_reg/C   slope_applied_data_internal_reg[66]/R
                                                              5.991         
activation_in_progress_reg/C   slope_applied_data_internal_reg[67]/R
                                                              5.991         
activation_in_progress_reg/C   intercept_applied_data_internal_reg[68]/R
                                                              6.040         
activation_in_progress_reg/C   intercept_applied_data_internal_reg[69]/R
                                                              6.040         
activation_in_progress_reg/C   intercept_applied_data_internal_reg[70]/R
                                                              6.040         
activation_in_progress_reg/C   intercept_applied_data_internal_reg[71]/R
                                                              6.040         
activation_in_progress_reg/C   data_intercept_delayed_reg[68]/R
                                                              6.043         
activation_in_progress_reg/C   data_intercept_flopped_reg[69]/R
                                                              6.052         
activation_in_progress_reg/C   slope_applied_data_internal_reg[68]/R
                                                              6.107         
activation_in_progress_reg/C   slope_applied_data_internal_reg[69]/R
                                                              6.107         
activation_in_progress_reg/C   slope_applied_data_internal_reg[70]/R
                                                              6.107         
activation_in_progress_reg/C   slope_applied_data_internal_reg[71]/R
                                                              6.107         
activation_in_progress_reg/C   data_intercept_delayed_reg[70]/R
                                                              6.175         
activation_in_progress_reg/C   data_intercept_flopped_reg[67]/R
                                                              6.175         
activation_in_progress_reg/C   data_intercept_flopped_reg[68]/R
                                                              6.175         
activation_in_progress_reg/C   data_intercept_flopped_reg[70]/R
                                                              6.175         
activation_in_progress_reg/C   relu_applied_data_internal_reg[25]/R
                                                              6.239         
activation_in_progress_reg/C   relu_applied_data_internal_reg[82]/R
                                                              6.251         
activation_in_progress_reg/C   relu_applied_data_internal_reg[84]/R
                                                              6.251         
activation_in_progress_reg/C   relu_applied_data_internal_reg[86]/R
                                                              6.251         
activation_in_progress_reg/C   intercept_applied_data_internal_reg[64]/R
                                                              6.253         
activation_in_progress_reg/C   intercept_applied_data_internal_reg[65]/R
                                                              6.253         
activation_in_progress_reg/C   intercept_applied_data_internal_reg[66]/R
                                                              6.253         
activation_in_progress_reg/C   intercept_applied_data_internal_reg[67]/R
                                                              6.253         
activation_in_progress_reg/C   data_intercept_delayed_reg[38]/R
                                                              6.256         
activation_in_progress_reg/C   data_intercept_flopped_reg[38]/R
                                                              6.256         
activation_in_progress_reg/C   intercept_applied_data_internal_reg[36]/R
                                                              6.256         
activation_in_progress_reg/C   intercept_applied_data_internal_reg[37]/R
                                                              6.256         
activation_in_progress_reg/C   intercept_applied_data_internal_reg[38]/R
                                                              6.256         
activation_in_progress_reg/C   intercept_applied_data_internal_reg[39]/R
                                                              6.256         
activation_in_progress_reg/C   data_intercept_delayed_reg[67]/R
                                                              6.257         
activation_in_progress_reg/C   relu_applied_data_internal_reg[28]/R
                                                              6.261         
activation_in_progress_reg/C   relu_applied_data_internal_reg[29]/R
                                                              6.261         
activation_in_progress_reg/C   relu_applied_data_internal_reg[30]/R
                                                              6.261         
activation_in_progress_reg/C   relu_applied_data_internal_reg[31]/R
                                                              6.261         
cycle_count_reg[0]/C           done_activation_internal_reg/D 6.263         
activation_in_progress_reg/C   data_intercept_delayed_reg[116]/R
                                                              6.309         
activation_in_progress_reg/C   data_intercept_delayed_reg[36]/R
                                                              6.315         
activation_in_progress_reg/C   data_intercept_delayed_reg[37]/R
                                                              6.315         
activation_in_progress_reg/C   data_intercept_flopped_reg[36]/R
                                                              6.315         
activation_in_progress_reg/C   data_intercept_flopped_reg[37]/R
                                                              6.315         
activation_in_progress_reg/C   intercept_applied_data_internal_reg[12]/R
                                                              6.332         
activation_in_progress_reg/C   intercept_applied_data_internal_reg[13]/R
                                                              6.332         
activation_in_progress_reg/C   intercept_applied_data_internal_reg[14]/R
                                                              6.332         
activation_in_progress_reg/C   intercept_applied_data_internal_reg[15]/R
                                                              6.332         
activation_in_progress_reg/C   relu_applied_data_internal_reg[24]/R
                                                              6.338         
activation_in_progress_reg/C   relu_applied_data_internal_reg[26]/R
                                                              6.338         
activation_in_progress_reg/C   relu_applied_data_internal_reg[27]/R
                                                              6.338         
activation_in_progress_reg/C   data_intercept_delayed_reg[33]/R
                                                              6.369         
activation_in_progress_reg/C   data_intercept_delayed_reg[35]/R
                                                              6.369         
activation_in_progress_reg/C   data_intercept_flopped_reg[33]/R
                                                              6.369         
activation_in_progress_reg/C   data_intercept_flopped_reg[35]/R
                                                              6.369         
activation_in_progress_reg/C   intercept_applied_data_internal_reg[32]/R
                                                              6.369         
activation_in_progress_reg/C   intercept_applied_data_internal_reg[33]/R
                                                              6.369         
activation_in_progress_reg/C   intercept_applied_data_internal_reg[34]/R
                                                              6.369         
activation_in_progress_reg/C   intercept_applied_data_internal_reg[35]/R
                                                              6.369         
activation_in_progress_reg/C   relu_applied_data_internal_reg[56]/R
                                                              6.369         
activation_in_progress_reg/C   relu_applied_data_internal_reg[57]/R
                                                              6.369         
activation_in_progress_reg/C   relu_applied_data_internal_reg[60]/R
                                                              6.369         
activation_in_progress_reg/C   relu_applied_data_internal_reg[61]/R
                                                              6.369         
activation_in_progress_reg/C   relu_applied_data_internal_reg[68]/R
                                                              6.394         
activation_in_progress_reg/C   relu_applied_data_internal_reg[69]/R
                                                              6.394         
activation_in_progress_reg/C   relu_applied_data_internal_reg[70]/R
                                                              6.394         
activation_in_progress_reg/C   relu_applied_data_internal_reg[71]/R
                                                              6.394         
activation_in_progress_reg/C   relu_applied_data_internal_reg[41]/R
                                                              6.426         
activation_in_progress_reg/C   relu_applied_data_internal_reg[42]/R
                                                              6.426         
activation_in_progress_reg/C   relu_applied_data_internal_reg[43]/R
                                                              6.426         
activation_in_progress_reg/C   relu_applied_data_internal_reg[46]/R
                                                              6.426         
activation_in_progress_reg/C   data_intercept_delayed_reg[89]/R
                                                              6.429         
activation_in_progress_reg/C   data_intercept_delayed_reg[9]/R
                                                              6.429         
activation_in_progress_reg/C   data_intercept_flopped_reg[89]/R
                                                              6.429         
activation_in_progress_reg/C   intercept_applied_data_internal_reg[10]/R
                                                              6.429         
activation_in_progress_reg/C   intercept_applied_data_internal_reg[11]/R
                                                              6.429         
activation_in_progress_reg/C   intercept_applied_data_internal_reg[8]/R
                                                              6.429         
activation_in_progress_reg/C   intercept_applied_data_internal_reg[9]/R
                                                              6.429         
activation_in_progress_reg/C   data_intercept_delayed_reg[107]/R
                                                              6.433         
activation_in_progress_reg/C   data_intercept_flopped_reg[107]/R
                                                              6.433         
activation_in_progress_reg/C   data_intercept_flopped_reg[108]/R
                                                              6.433         
activation_in_progress_reg/C   data_intercept_flopped_reg[110]/R
                                                              6.433         
activation_in_progress_reg/C   slope_applied_data_internal_reg[32]/R
                                                              6.435         
activation_in_progress_reg/C   slope_applied_data_internal_reg[33]/R
                                                              6.435         
activation_in_progress_reg/C   slope_applied_data_internal_reg[34]/R
                                                              6.435         
activation_in_progress_reg/C   slope_applied_data_internal_reg[35]/R
                                                              6.435         
activation_in_progress_reg/C   relu_applied_data_internal_reg[58]/R
                                                              6.446         
activation_in_progress_reg/C   relu_applied_data_internal_reg[59]/R
                                                              6.446         
activation_in_progress_reg/C   relu_applied_data_internal_reg[62]/R
                                                              6.446         
activation_in_progress_reg/C   relu_applied_data_internal_reg[63]/R
                                                              6.446         
cycle_count_reg[0]/C           activation_in_progress_reg/D   6.448         
cycle_count_reg[0]/C           out_data_available_internal_reg/D
                                                              6.454         
activation_in_progress_reg/C   relu_applied_data_internal_reg[90]/R
                                                              6.473         
activation_in_progress_reg/C   relu_applied_data_internal_reg[91]/R
                                                              6.473         
activation_in_progress_reg/C   relu_applied_data_internal_reg[93]/R
                                                              6.473         
activation_in_progress_reg/C   relu_applied_data_internal_reg[95]/R
                                                              6.473         
activation_in_progress_reg/C   slope_applied_data_internal_reg[108]/R
                                                              6.489         
activation_in_progress_reg/C   slope_applied_data_internal_reg[109]/R
                                                              6.489         
activation_in_progress_reg/C   slope_applied_data_internal_reg[110]/R
                                                              6.489         
activation_in_progress_reg/C   slope_applied_data_internal_reg[111]/R
                                                              6.489         



