Copyright 1986-2018 Xilinx, Inc. All Rights Reserved.
----------------------------------------------------------------------------------------------------------------------------------------------------------------------------------------
| Tool Version : Vivado v.2018.3 (lin64) Build 2405991 Thu Dec  6 23:36:41 MST 2018
| Date         : Thu Jan 13 10:30:43 2022
| Host         : koopa.ece.utexas.edu running 64-bit CentOS Linux release 7.9.2009 (Core)
| Command      : report_timing_summary -file /misc/scratch/zwei1/reports_Jan12/raw_designs/vtr_designs/verilog/koios/tpu_like.small_submodules/activation/post_place_timing_summary.rpt
| Design       : activation
| Device       : 7z020-clg484
| Speed File   : -3  PRODUCTION 1.11 2014-09-11
----------------------------------------------------------------------------------------------------------------------------------------------------------------------------------------

Timing Summary Report

------------------------------------------------------------------------------------------------
| Timer Settings
| --------------
------------------------------------------------------------------------------------------------

  Enable Multi Corner Analysis               :  Yes
  Enable Pessimism Removal                   :  Yes
  Pessimism Removal Resolution               :  Nearest Common Node
  Enable Input Delay Default Clock           :  No
  Enable Preset / Clear Arcs                 :  No
  Disable Flight Delays                      :  No
  Ignore I/O Paths                           :  No
  Timing Early Launch at Borrowing Latches   :  false

  Corner  Analyze    Analyze    
  Name    Max Paths  Min Paths  
  ------  ---------  ---------  
  Slow    Yes        Yes        
  Fast    Yes        Yes        



check_timing report

Table of Contents
-----------------
1. checking no_clock
2. checking constant_clock
3. checking pulse_width_clock
4. checking unconstrained_internal_endpoints
5. checking no_input_delay
6. checking no_output_delay
7. checking multiple_clock
8. checking generated_clocks
9. checking loops
10. checking partial_input_delay
11. checking partial_output_delay
12. checking latch_loops

1. checking no_clock
--------------------
 There are 0 register/latch pins with no clock.


2. checking constant_clock
--------------------------
 There are 0 register/latch pins with constant_clock.


3. checking pulse_width_clock
-----------------------------
 There are 0 register/latch pins which need pulse_width check


4. checking unconstrained_internal_endpoints
--------------------------------------------
 There are 0 pins that are not constrained for maximum delay.

 There are 0 pins that are not constrained for maximum delay due to constant clock.


5. checking no_input_delay
--------------------------
 There are 132 input ports with no input delay specified. (HIGH)

 There are 0 input ports with no input delay but user has a false path constraint.


6. checking no_output_delay
---------------------------
 There are 130 ports with no output delay specified. (HIGH)

 There are 0 ports with no output delay but user has a false path constraint

 There are 0 ports with no output delay but with a timing clock defined on it or propagating through it


7. checking multiple_clock
--------------------------
 There are 0 register/latch pins with multiple clocks.


8. checking generated_clocks
----------------------------
 There are 0 generated clocks that are not connected to a clock source.


9. checking loops
-----------------
 There are 0 combinational loops in the design.


10. checking partial_input_delay
--------------------------------
 There are 0 input ports with partial input delay specified.


11. checking partial_output_delay
---------------------------------
 There are 0 ports with partial output delay specified.


12. checking latch_loops
------------------------
 There are 0 combinational latch loops in the design through latch input



------------------------------------------------------------------------------------------------
| Design Timing Summary
| ---------------------
------------------------------------------------------------------------------------------------

    WNS(ns)      TNS(ns)  TNS Failing Endpoints  TNS Total Endpoints      WHS(ns)      THS(ns)  THS Failing Endpoints  THS Total Endpoints     WPWS(ns)     TPWS(ns)  TPWS Failing Endpoints  TPWS Total Endpoints  
    -------      -------  ---------------------  -------------------      -------      -------  ---------------------  -------------------     --------     --------  ----------------------  --------------------  
      6.114        0.000                      0                  996        0.117        0.000                      0                  996        4.500        0.000                       0                   756  


All user specified timing constraints are met.


------------------------------------------------------------------------------------------------
| Clock Summary
| -------------
------------------------------------------------------------------------------------------------

Clock  Waveform(ns)       Period(ns)      Frequency(MHz)
-----  ------------       ----------      --------------
clk    {0.000 5.000}      10.000          100.000         


------------------------------------------------------------------------------------------------
| Intra Clock Table
| -----------------
------------------------------------------------------------------------------------------------

Clock             WNS(ns)      TNS(ns)  TNS Failing Endpoints  TNS Total Endpoints      WHS(ns)      THS(ns)  THS Failing Endpoints  THS Total Endpoints     WPWS(ns)     TPWS(ns)  TPWS Failing Endpoints  TPWS Total Endpoints  
-----             -------      -------  ---------------------  -------------------      -------      -------  ---------------------  -------------------     --------     --------  ----------------------  --------------------  
clk                 6.114        0.000                      0                  996        0.117        0.000                      0                  996        4.500        0.000                       0                   756  


------------------------------------------------------------------------------------------------
| Inter Clock Table
| -----------------
------------------------------------------------------------------------------------------------

From Clock    To Clock          WNS(ns)      TNS(ns)  TNS Failing Endpoints  TNS Total Endpoints      WHS(ns)      THS(ns)  THS Failing Endpoints  THS Total Endpoints  
----------    --------          -------      -------  ---------------------  -------------------      -------      -------  ---------------------  -------------------  


------------------------------------------------------------------------------------------------
| Other Path Groups Table
| -----------------------
------------------------------------------------------------------------------------------------

Path Group    From Clock    To Clock          WNS(ns)      TNS(ns)  TNS Failing Endpoints  TNS Total Endpoints      WHS(ns)      THS(ns)  THS Failing Endpoints  THS Total Endpoints  
----------    ----------    --------          -------      -------  ---------------------  -------------------      -------      -------  ---------------------  -------------------  


------------------------------------------------------------------------------------------------
| Timing Details
| --------------
------------------------------------------------------------------------------------------------


---------------------------------------------------------------------------------------------------
From Clock:  clk
  To Clock:  clk

Setup :            0  Failing Endpoints,  Worst Slack        6.114ns,  Total Violation        0.000ns
Hold  :            0  Failing Endpoints,  Worst Slack        0.117ns,  Total Violation        0.000ns
PW    :            0  Failing Endpoints,  Worst Slack        4.500ns,  Total Violation        0.000ns
---------------------------------------------------------------------------------------------------


Max Delay Paths
--------------------------------------------------------------------------------------
Slack (MET) :             6.114ns  (required time - arrival time)
  Source:                 cycle_count_reg[1]/C
                            (rising edge-triggered cell FDRE clocked by clk  {rise@0.000ns fall@5.000ns period=10.000ns})
  Destination:            done_activation_internal_reg/D
                            (rising edge-triggered cell FDRE clocked by clk  {rise@0.000ns fall@5.000ns period=10.000ns})
  Path Group:             clk
  Path Type:              Setup (Max at Slow Process Corner)
  Requirement:            10.000ns  (clk rise@10.000ns - clk rise@0.000ns)
  Data Path Delay:        3.887ns  (logic 1.838ns (47.286%)  route 2.049ns (52.714%))
  Logic Levels:           9  (CARRY4=6 LUT4=2 LUT6=1)
  Clock Path Skew:        -0.035ns (DCD - SCD + CPR)
    Destination Clock Delay (DCD):    0.669ns = ( 10.669 - 10.000 ) 
    Source Clock Delay      (SCD):    0.704ns
    Clock Pessimism Removal (CPR):    0.000ns
  Clock Uncertainty:      0.035ns  ((TSJ^2 + TIJ^2)^1/2 + DJ) / 2 + PE
    Total System Jitter     (TSJ):    0.071ns
    Total Input Jitter      (TIJ):    0.000ns
    Discrete Jitter          (DJ):    0.000ns
    Phase Error              (PE):    0.000ns

    Location             Delay type                Incr(ns)  Path(ns)    Netlist Resource(s)
  -------------------------------------------------------------------    -------------------
                         (clock clk rise edge)        0.000     0.000 r  
                                                      0.000     0.000 r  clk (IN)
                         net (fo=755, unset)          0.704     0.704    clk
    SLICE_X37Y80         FDRE                                         r  cycle_count_reg[1]/C
  -------------------------------------------------------------------    -------------------
    SLICE_X37Y80         FDRE (Prop_fdre_C_Q)         0.341     1.045 r  cycle_count_reg[1]/Q
                         net (fo=2, estimated)        0.419     1.464    cycle_count_reg[1]
    SLICE_X36Y80         CARRY4 (Prop_carry4_S[0]_CO[3])
                                                      0.476     1.940 r  activation_in_progress_reg_i_16/CO[3]
                         net (fo=1, estimated)        0.000     1.940    activation_in_progress_reg_i_16_n_0
    SLICE_X36Y81         CARRY4 (Prop_carry4_CI_CO[3])
                                                      0.092     2.032 r  activation_in_progress_reg_i_15/CO[3]
                         net (fo=1, estimated)        0.000     2.032    activation_in_progress_reg_i_15_n_0
    SLICE_X36Y82         CARRY4 (Prop_carry4_CI_CO[3])
                                                      0.092     2.124 r  activation_in_progress_reg_i_12/CO[3]
                         net (fo=1, estimated)        0.000     2.124    activation_in_progress_reg_i_12_n_0
    SLICE_X36Y83         CARRY4 (Prop_carry4_CI_CO[3])
                                                      0.092     2.216 r  activation_in_progress_reg_i_13/CO[3]
                         net (fo=1, estimated)        0.000     2.216    activation_in_progress_reg_i_13_n_0
    SLICE_X36Y84         CARRY4 (Prop_carry4_CI_CO[3])
                                                      0.092     2.308 r  activation_in_progress_reg_i_18/CO[3]
                         net (fo=1, estimated)        0.000     2.308    activation_in_progress_reg_i_18_n_0
    SLICE_X36Y85         CARRY4 (Prop_carry4_CI_O[3])
                                                      0.237     2.545 f  activation_in_progress_reg_i_19/O[3]
                         net (fo=1, estimated)        0.515     3.060    activation_in_progress_reg_i_19_n_4
    SLICE_X38Y85         LUT4 (Prop_lut4_I0_O)        0.222     3.282 f  activation_in_progress_i_11/O
                         net (fo=1, estimated)        0.582     3.864    activation_in_progress_i_11_n_0
    SLICE_X38Y85         LUT4 (Prop_lut4_I3_O)        0.097     3.961 r  activation_in_progress_i_3/O
                         net (fo=3, estimated)        0.533     4.494    activation_in_progress_i_3_n_0
    SLICE_X38Y82         LUT6 (Prop_lut6_I1_O)        0.097     4.591 r  done_activation_internal_i_1/O
                         net (fo=1, routed)           0.000     4.591    done_activation_internal_i_1_n_0
    SLICE_X38Y82         FDRE                                         r  done_activation_internal_reg/D
  -------------------------------------------------------------------    -------------------

                         (clock clk rise edge)       10.000    10.000 r  
                                                      0.000    10.000 r  clk (IN)
                         net (fo=755, unset)          0.669    10.669    clk
    SLICE_X38Y82         FDRE                                         r  done_activation_internal_reg/C
                         clock pessimism              0.000    10.669    
                         clock uncertainty           -0.035    10.633    
    SLICE_X38Y82         FDRE (Setup_fdre_C_D)        0.072    10.705    done_activation_internal_reg
  -------------------------------------------------------------------
                         required time                         10.705    
                         arrival time                          -4.591    
  -------------------------------------------------------------------
                         slack                                  6.114    





Min Delay Paths
--------------------------------------------------------------------------------------
Slack (MET) :             0.117ns  (arrival time - required time)
  Source:                 data_intercept_flopped_reg[12]/C
                            (rising edge-triggered cell FDRE clocked by clk  {rise@0.000ns fall@5.000ns period=10.000ns})
  Destination:            data_intercept_delayed_reg[12]/D
                            (rising edge-triggered cell FDRE clocked by clk  {rise@0.000ns fall@5.000ns period=10.000ns})
  Path Group:             clk
  Path Type:              Hold (Min at Fast Process Corner)
  Requirement:            0.000ns  (clk rise@0.000ns - clk rise@0.000ns)
  Data Path Delay:        0.213ns  (logic 0.141ns (66.090%)  route 0.072ns (33.910%))
  Logic Levels:           0  
  Clock Path Skew:        0.022ns (DCD - SCD - CPR)
    Destination Clock Delay (DCD):    0.432ns
    Source Clock Delay      (SCD):    0.411ns
    Clock Pessimism Removal (CPR):    -0.000ns

    Location             Delay type                Incr(ns)  Path(ns)    Netlist Resource(s)
  -------------------------------------------------------------------    -------------------
                         (clock clk rise edge)        0.000     0.000 r  
                                                      0.000     0.000 r  clk (IN)
                         net (fo=755, unset)          0.411     0.411    clk
    SLICE_X45Y90         FDRE                                         r  data_intercept_flopped_reg[12]/C
  -------------------------------------------------------------------    -------------------
    SLICE_X45Y90         FDRE (Prop_fdre_C_Q)         0.141     0.552 r  data_intercept_flopped_reg[12]/Q
                         net (fo=1, estimated)        0.072     0.624    data_intercept_flopped[12]
    SLICE_X45Y90         FDRE                                         r  data_intercept_delayed_reg[12]/D
  -------------------------------------------------------------------    -------------------

                         (clock clk rise edge)        0.000     0.000 r  
                                                      0.000     0.000 r  clk (IN)
                         net (fo=755, unset)          0.432     0.432    clk
    SLICE_X45Y90         FDRE                                         r  data_intercept_delayed_reg[12]/C
                         clock pessimism              0.000     0.432    
    SLICE_X45Y90         FDRE (Hold_fdre_C_D)         0.075     0.507    data_intercept_delayed_reg[12]
  -------------------------------------------------------------------
                         required time                         -0.507    
                         arrival time                           0.624    
  -------------------------------------------------------------------
                         slack                                  0.117    





Pulse Width Checks
--------------------------------------------------------------------------------------
Clock Name:         clk
Waveform(ns):       { 0.000 5.000 }
Period(ns):         10.000
Sources:            { clk }

Check Type        Corner  Lib Pin  Reference Pin  Required(ns)  Actual(ns)  Slack(ns)  Location      Pin
Min Period        n/a     FDRE/C   n/a            1.000         10.000      9.000      SLICE_X44Y90  A[0]/C
Low Pulse Width   Slow    FDRE/C   n/a            0.500         5.000       4.500      SLICE_X44Y90  A[0]/C
High Pulse Width  Slow    FDRE/C   n/a            0.500         5.000       4.500      SLICE_X44Y90  A[0]/C



