Copyright 1986-2018 Xilinx, Inc. All Rights Reserved.
-----------------------------------------------------------------------------------------------------------------------------------------------------------------------------------------------------------------------------------------------------
| Tool Version : Vivado v.2018.3 (lin64) Build 2405991 Thu Dec  6 23:36:41 MST 2018
| Date         : Thu Jan 13 07:43:50 2022
| Host         : koopa.ece.utexas.edu running 64-bit CentOS Linux release 7.9.2009 (Core)
| Command      : report_timing -sort_by group -max_paths 100 -path_type summary -file /misc/scratch/zwei1/reports_Jan12/raw_designs/vtr_designs/verilog/koios/tiny_darknet_like.small_submodules/td_fused_top_tdf6_filters_ram/post_route_timing.rpt
| Design       : td_fused_top_tdf6_filters_ram
| Device       : 7z020-clg484
| Speed File   : -3  PRODUCTION 1.11 2014-09-11
-----------------------------------------------------------------------------------------------------------------------------------------------------------------------------------------------------------------------------------------------------

Timing Report

Startpoint                     Endpoint                       Slack(ns)     
----------------------------------------------------------------------------
addr1_t1_reg[0]/C              ram_reg_0/ADDRARDADDR[3]       8.111         
addr0_t1_reg[10]/C             ram_reg_1/ADDRBWRADDR[13]      8.146         
addr0_t1_reg[2]/C              ram_reg_0/ADDRBWRADDR[5]       8.150         
addr0_t1_reg[6]/C              ram_reg_0/ADDRBWRADDR[9]       8.159         
addr0_t1_reg[11]/C             ram_reg_0/ADDRBWRADDR[14]      8.231         
addr1_t1_reg[11]/C             ram_reg_0/ADDRARDADDR[14]      8.250         
addr0_t1_reg[8]/C              ram_reg_0/ADDRBWRADDR[11]      8.293         
addr0_t1_reg[5]/C              ram_reg_1/ADDRBWRADDR[8]       8.307         
addr1_t1_reg[10]/C             ram_reg_1/ADDRARDADDR[13]      8.316         
addr1_t1_reg[1]/C              ram_reg_0/ADDRARDADDR[4]       8.328         
we1_t1_reg/C                   ram_reg_1/ENARDEN              8.332         
addr1_t1_reg[8]/C              ram_reg_1/ADDRARDADDR[11]      8.340         
addr1_t1_reg[2]/C              ram_reg_0/ADDRARDADDR[5]       8.354         
addr0_t1_reg[3]/C              ram_reg_1/ADDRBWRADDR[6]       8.366         
addr1_t1_reg[0]/C              ram_reg_1/ADDRARDADDR[3]       8.391         
addr0_t1_reg[9]/C              ram_reg_1/ADDRBWRADDR[12]      8.392         
addr1_t1_reg[6]/C              ram_reg_1/ADDRARDADDR[9]       8.393         
addr1_t1_reg[9]/C              ram_reg_1/ADDRARDADDR[12]      8.402         
addr1_t1_reg[4]/C              ram_reg_1/ADDRARDADDR[7]       8.404         
addr1_t1_reg[7]/C              ram_reg_1/ADDRARDADDR[10]      8.404         
addr1_t1_reg[5]/C              ram_reg_1/ADDRARDADDR[8]       8.409         
addr0_t1_reg[4]/C              ram_reg_1/ADDRBWRADDR[7]       8.411         
addr0_t1_reg[10]/C             ram_reg_0/ADDRBWRADDR[13]      8.426         
we1_t1_reg/C                   ram_reg_0/ENARDEN              8.426         
addr0_t1_reg[2]/C              ram_reg_1/ADDRBWRADDR[5]       8.430         
addr0_t1_reg[1]/C              ram_reg_1/ADDRBWRADDR[4]       8.436         
addr0_t1_reg[6]/C              ram_reg_1/ADDRBWRADDR[9]       8.439         
addr0_t1_reg[7]/C              ram_reg_1/ADDRBWRADDR[10]      8.456         
addr1_t1_reg[3]/C              ram_reg_1/ADDRARDADDR[6]       8.461         
addr0_t1_reg[0]/C              ram_reg_1/ADDRBWRADDR[3]       8.511         
addr0_t1_reg[11]/C             ram_reg_1/ADDRBWRADDR[14]      8.511         
addr1_t1_reg[11]/C             ram_reg_1/ADDRARDADDR[14]      8.530         
addr0_t1_reg[8]/C              ram_reg_1/ADDRBWRADDR[11]      8.573         
addr0_t1_reg[5]/C              ram_reg_0/ADDRBWRADDR[8]       8.587         
addr1_t1_reg[10]/C             ram_reg_0/ADDRARDADDR[13]      8.596         
addr1_t1_reg[1]/C              ram_reg_1/ADDRARDADDR[4]       8.608         
addr1_t1_reg[8]/C              ram_reg_0/ADDRARDADDR[11]      8.620         
addr1_t1_reg[2]/C              ram_reg_1/ADDRARDADDR[5]       8.634         
addr0_t1_reg[3]/C              ram_reg_0/ADDRBWRADDR[6]       8.646         
addr0_t1_reg[9]/C              ram_reg_0/ADDRBWRADDR[12]      8.672         
addr1_t1_reg[6]/C              ram_reg_0/ADDRARDADDR[9]       8.673         
addr1_t1_reg[9]/C              ram_reg_0/ADDRARDADDR[12]      8.682         
addr1_t1_reg[4]/C              ram_reg_0/ADDRARDADDR[7]       8.684         
addr1_t1_reg[7]/C              ram_reg_0/ADDRARDADDR[10]      8.684         
addr1_t1_reg[5]/C              ram_reg_0/ADDRARDADDR[8]       8.689         
addr0_t1_reg[4]/C              ram_reg_0/ADDRBWRADDR[7]       8.691         
addr0_t1_reg[1]/C              ram_reg_0/ADDRBWRADDR[4]       8.716         
addr0_t1_reg[7]/C              ram_reg_0/ADDRBWRADDR[10]      8.736         
addr1_t1_reg[3]/C              ram_reg_0/ADDRARDADDR[6]       8.741         
addr0_t1_reg[0]/C              ram_reg_0/ADDRBWRADDR[3]       8.791         
d1_t1_reg[3]/C                 ram_reg_0/DIADI[3]             8.828         
d1_t1_reg[4]/C                 ram_reg_0/DIADI[4]             8.868         
d1_t1_reg[6]/C                 ram_reg_0/DIADI[6]             8.946         
d1_t1_reg[2]/C                 ram_reg_0/DIADI[2]             8.964         
d1_t1_reg[0]/C                 ram_reg_0/DIADI[0]             8.992         
d1_t1_reg[9]/C                 ram_reg_1/DIADI[0]             8.992         
d1_t1_reg[12]/C                ram_reg_1/DIADI[3]             9.037         
d1_t1_reg[14]/C                ram_reg_1/DIADI[5]             9.037         
d1_t1_reg[5]/C                 ram_reg_0/DIADI[5]             9.102         
d1_t1_reg[1]/C                 ram_reg_0/DIADI[1]             9.103         
d1_t1_reg[7]/C                 ram_reg_0/DIADI[7]             9.106         
d1_t1_reg[8]/C                 ram_reg_0/DIPADIP[0]           9.107         
d1_t1_reg[10]/C                ram_reg_1/DIADI[1]             9.112         
d1_t1_reg[11]/C                ram_reg_1/DIADI[2]             9.139         
d1_t1_reg[13]/C                ram_reg_1/DIADI[4]             9.139         
d1_t1_reg[15]/C                ram_reg_1/DIADI[6]             9.139         



