Copyright 1986-2018 Xilinx, Inc. All Rights Reserved.
----------------------------------------------------------------------------------------------------------------------------------------------------------------------------------------------------------------------
| Tool Version : Vivado v.2018.3 (lin64) Build 2405991 Thu Dec  6 23:36:41 MST 2018
| Date         : Thu Jan 13 17:09:45 2022
| Host         : koopa.ece.utexas.edu running 64-bit CentOS Linux release 7.9.2009 (Core)
| Command      : report_timing -sort_by group -max_paths 100 -path_type summary -file /misc/scratch/zwei1/reports_Jan12/raw_designs/vtr_designs/verilog/mkDelayWorker32B_submodules/arSRLFIFO_d/post_route_timing.rpt
| Design       : arSRLFIFO_d
| Device       : 7z020-clg484
| Speed File   : -3  PRODUCTION 1.11 2014-09-11
----------------------------------------------------------------------------------------------------------------------------------------------------------------------------------------------------------------------

Timing Report

Startpoint                     Endpoint                       Slack(ns)     
----------------------------------------------------------------------------
fifo_1/rp_reg[0]/C             fifo_1/empty_r_reg/D           7.493         
fifo_1/rp_reg[3]/C             fifo_1/full_r_reg/D            7.782         
fifo_1/wp_reg[1]/C             fifo_1/ram1/ram_reg_0/ADDRBWRADDR[6]
                                                              8.015         
fifo_1/wp_reg[0]/C             fifo_1/ram1/ram_reg_0/ADDRBWRADDR[5]
                                                              8.068         
fifo_1/wp_reg[1]/C             fifo_1/ram1/ram_reg_2/ADDRBWRADDR[6]
                                                              8.086         
fifo_1/rp_reg[1]/C             fifo_1/ram1/ram_reg_0/ADDRARDADDR[6]
                                                              8.109         
fifo_1/wp_reg[0]/C             fifo_1/ram1/ram_reg_2/ADDRBWRADDR[5]
                                                              8.184         
fifo_1/rp_reg[0]/C             fifo_1/ram1/ram_reg_0/ADDRARDADDR[5]
                                                              8.201         
fifo_1/wp_reg[1]/C             fifo_1/gb2_reg/D               8.225         
fifo_1/rp_reg[0]/C             fifo_1/ram1/ram_reg_2/ADDRARDADDR[5]
                                                              8.260         
fifo_1/rp_reg[1]/C             fifo_1/ram1/ram_reg_2/ADDRARDADDR[6]
                                                              8.273         
fifo_1/wp_reg[1]/C             fifo_1/ram1/ram_reg_1/ADDRBWRADDR[6]
                                                              8.295         
fifo_1/wp_reg[0]/C             fifo_1/ram1/ram_reg_1/ADDRBWRADDR[5]
                                                              8.348         
fifo_1/wp_reg[1]/C             fifo_1/ram1/ram_reg_3/ADDRBWRADDR[6]
                                                              8.366         
fifo_1/rp_reg[1]/C             fifo_1/ram1/ram_reg_1/ADDRARDADDR[6]
                                                              8.389         
fifo_1/wp_reg[0]/C             fifo_1/ram1/ram_reg_3/ADDRBWRADDR[5]
                                                              8.464         
fifo_1/rp_reg[0]/C             fifo_1/ram1/ram_reg_1/ADDRARDADDR[5]
                                                              8.481         
fifo_1/rp_reg[0]/C             fifo_1/ram1/ram_reg_3/ADDRARDADDR[5]
                                                              8.540         
fifo_1/rp_reg[1]/C             fifo_1/ram1/ram_reg_3/ADDRARDADDR[6]
                                                              8.553         
fifo_1/wp_reg[1]/C             fifo_1/wp_reg[1]/D             8.693         
fifo_1/wp_reg[1]/C             fifo_1/wp_reg[2]/D             8.719         
fifo_1/wp_reg[1]/C             fifo_1/wp_reg[3]/D             8.735         
fifo_1/rp_reg[0]/C             fifo_1/rp_reg[1]/D             8.839         
fifo_1/rp_reg[0]/C             fifo_1/rp_reg[2]/D             8.903         
fifo_1/rp_reg[0]/C             fifo_1/rp_reg[3]/D             8.919         
fifo_1/rp_reg[0]/C             fifo_1/rp_reg[0]/D             8.972         
fifo_1/wp_reg[0]/C             fifo_1/wp_reg[0]/D             9.131         



