Copyright 1986-2018 Xilinx, Inc. All Rights Reserved.
--------------------------------------------------------------------------------------------------------------------------------------------------------------------------------------
| Tool Version : Vivado v.2018.3 (lin64) Build 2405991 Thu Dec  6 23:36:41 MST 2018
| Date         : Thu Jan 13 17:37:08 2022
| Host         : koopa.ece.utexas.edu running 64-bit CentOS Linux release 7.9.2009 (Core)
| Command      : report_timing_summary -file /misc/scratch/zwei1/reports_Jan12/raw_designs/vtr_designs/verilog/stereovision1_submodules/wrapper_corr_20/post_route_timing_summary.rpt
| Design       : wrapper_corr_20
| Device       : 7z020-clg484
| Speed File   : -3  PRODUCTION 1.11 2014-09-11
--------------------------------------------------------------------------------------------------------------------------------------------------------------------------------------

Timing Summary Report

------------------------------------------------------------------------------------------------
| Timer Settings
| --------------
------------------------------------------------------------------------------------------------

  Enable Multi Corner Analysis               :  Yes
  Enable Pessimism Removal                   :  Yes
  Pessimism Removal Resolution               :  Nearest Common Node
  Enable Input Delay Default Clock           :  No
  Enable Preset / Clear Arcs                 :  No
  Disable Flight Delays                      :  No
  Ignore I/O Paths                           :  No
  Timing Early Launch at Borrowing Latches   :  false

  Corner  Analyze    Analyze    
  Name    Max Paths  Min Paths  
  ------  ---------  ---------  
  Slow    Yes        Yes        
  Fast    Yes        Yes        



check_timing report

Table of Contents
-----------------
1. checking no_clock
2. checking constant_clock
3. checking pulse_width_clock
4. checking unconstrained_internal_endpoints
5. checking no_input_delay
6. checking no_output_delay
7. checking multiple_clock
8. checking generated_clocks
9. checking loops
10. checking partial_input_delay
11. checking partial_output_delay
12. checking latch_loops

1. checking no_clock
--------------------
 There are 0 register/latch pins with no clock.


2. checking constant_clock
--------------------------
 There are 0 register/latch pins with constant_clock.


3. checking pulse_width_clock
-----------------------------
 There are 0 register/latch pins which need pulse_width check


4. checking unconstrained_internal_endpoints
--------------------------------------------
 There are 0 pins that are not constrained for maximum delay.

 There are 0 pins that are not constrained for maximum delay due to constant clock.


5. checking no_input_delay
--------------------------
 There are 33 input ports with no input delay specified. (HIGH)

 There are 0 input ports with no input delay but user has a false path constraint.


6. checking no_output_delay
---------------------------
 There are 336 ports with no output delay specified. (HIGH)

 There are 0 ports with no output delay but user has a false path constraint

 There are 0 ports with no output delay but with a timing clock defined on it or propagating through it


7. checking multiple_clock
--------------------------
 There are 0 register/latch pins with multiple clocks.


8. checking generated_clocks
----------------------------
 There are 0 generated clocks that are not connected to a clock source.


9. checking loops
-----------------
 There are 0 combinational loops in the design.


10. checking partial_input_delay
--------------------------------
 There are 0 input ports with partial input delay specified.


11. checking partial_output_delay
---------------------------------
 There are 0 ports with partial output delay specified.


12. checking latch_loops
------------------------
 There are 0 combinational latch loops in the design through latch input



------------------------------------------------------------------------------------------------
| Design Timing Summary
| ---------------------
------------------------------------------------------------------------------------------------

    WNS(ns)      TNS(ns)  TNS Failing Endpoints  TNS Total Endpoints      WHS(ns)      THS(ns)  THS Failing Endpoints  THS Total Endpoints     WPWS(ns)     TPWS(ns)  TPWS Failing Endpoints  TPWS Total Endpoints  
    -------      -------  ---------------------  -------------------      -------      -------  ---------------------  -------------------     --------     --------  ----------------------  --------------------  
      3.176        0.000                      0                 2000        0.112        0.000                      0                 2000        4.500        0.000                       0                  2064  


All user specified timing constraints are met.


------------------------------------------------------------------------------------------------
| Clock Summary
| -------------
------------------------------------------------------------------------------------------------

Clock  Waveform(ns)       Period(ns)      Frequency(MHz)
-----  ------------       ----------      --------------
clk    {0.000 5.000}      10.000          100.000         


------------------------------------------------------------------------------------------------
| Intra Clock Table
| -----------------
------------------------------------------------------------------------------------------------

Clock             WNS(ns)      TNS(ns)  TNS Failing Endpoints  TNS Total Endpoints      WHS(ns)      THS(ns)  THS Failing Endpoints  THS Total Endpoints     WPWS(ns)     TPWS(ns)  TPWS Failing Endpoints  TPWS Total Endpoints  
-----             -------      -------  ---------------------  -------------------      -------      -------  ---------------------  -------------------     --------     --------  ----------------------  --------------------  
clk                 3.176        0.000                      0                 2000        0.112        0.000                      0                 2000        4.500        0.000                       0                  2064  


------------------------------------------------------------------------------------------------
| Inter Clock Table
| -----------------
------------------------------------------------------------------------------------------------

From Clock    To Clock          WNS(ns)      TNS(ns)  TNS Failing Endpoints  TNS Total Endpoints      WHS(ns)      THS(ns)  THS Failing Endpoints  THS Total Endpoints  
----------    --------          -------      -------  ---------------------  -------------------      -------      -------  ---------------------  -------------------  


------------------------------------------------------------------------------------------------
| Other Path Groups Table
| -----------------------
------------------------------------------------------------------------------------------------

Path Group    From Clock    To Clock          WNS(ns)      TNS(ns)  TNS Failing Endpoints  TNS Total Endpoints      WHS(ns)      THS(ns)  THS Failing Endpoints  THS Total Endpoints  
----------    ----------    --------          -------      -------  ---------------------  -------------------      -------      -------  ---------------------  -------------------  


------------------------------------------------------------------------------------------------
| Timing Details
| --------------
------------------------------------------------------------------------------------------------


---------------------------------------------------------------------------------------------------
From Clock:  clk
  To Clock:  clk

Setup :            0  Failing Endpoints,  Worst Slack        3.176ns,  Total Violation        0.000ns
Hold  :            0  Failing Endpoints,  Worst Slack        0.112ns,  Total Violation        0.000ns
PW    :            0  Failing Endpoints,  Worst Slack        4.500ns,  Total Violation        0.000ns
---------------------------------------------------------------------------------------------------


Max Delay Paths
--------------------------------------------------------------------------------------
Slack (MET) :             3.176ns  (required time - arrival time)
  Source:                 inst_sh_reg_r_1/dout_1_reg[1]_rep/C
                            (rising edge-triggered cell FDRE clocked by clk  {rise@0.000ns fall@5.000ns period=10.000ns})
  Destination:            inst_corr_10/lrexrre_reg_reg[15]/D
                            (rising edge-triggered cell FDRE clocked by clk  {rise@0.000ns fall@5.000ns period=10.000ns})
  Path Group:             clk
  Path Type:              Setup (Max at Slow Process Corner)
  Requirement:            10.000ns  (clk rise@10.000ns - clk rise@0.000ns)
  Data Path Delay:        6.810ns  (logic 2.223ns (32.644%)  route 4.587ns (67.356%))
  Logic Levels:           9  (CARRY4=5 LUT4=2 LUT6=2)
  Clock Path Skew:        -0.035ns (DCD - SCD + CPR)
    Destination Clock Delay (DCD):    0.669ns = ( 10.669 - 10.000 ) 
    Source Clock Delay      (SCD):    0.704ns
    Clock Pessimism Removal (CPR):    0.000ns
  Clock Uncertainty:      0.035ns  ((TSJ^2 + TIJ^2)^1/2 + DJ) / 2 + PE
    Total System Jitter     (TSJ):    0.071ns
    Total Input Jitter      (TIJ):    0.000ns
    Discrete Jitter          (DJ):    0.000ns
    Phase Error              (PE):    0.000ns

    Location             Delay type                Incr(ns)  Path(ns)    Netlist Resource(s)
  -------------------------------------------------------------------    -------------------
                         (clock clk rise edge)        0.000     0.000 r  
                                                      0.000     0.000 r  clk (IN)
                         net (fo=2063, unset)         0.704     0.704    inst_sh_reg_r_1/clk
    SLICE_X30Y47         FDRE                                         r  inst_sh_reg_r_1/dout_1_reg[1]_rep/C
  -------------------------------------------------------------------    -------------------
    SLICE_X30Y47         FDRE (Prop_fdre_C_Q)         0.393     1.097 r  inst_sh_reg_r_1/dout_1_reg[1]_rep/Q
                         net (fo=136, routed)         2.908     4.005    inst_sh_reg_r_1/dout_1_reg[1]_rep_1
    SLICE_X28Y67         LUT6 (Prop_lut6_I2_O)        0.097     4.102 r  inst_sh_reg_r_1/lrexrre_reg0__0_carry__0_i_4__9/O
                         net (fo=2, routed)           0.417     4.519    inst_sh_reg_r_1/dout_1_reg[2]_rep_11[0]
    SLICE_X29Y67         LUT6 (Prop_lut6_I0_O)        0.097     4.616 r  inst_sh_reg_r_1/lrexrre_reg0__0_carry__0_i_8__9/O
                         net (fo=1, routed)           0.000     4.616    inst_corr_10/lrexrre_reg_reg[6]_1[0]
    SLICE_X29Y67         CARRY4 (Prop_carry4_S[0]_CO[3])
                                                      0.395     5.011 r  inst_corr_10/lrexrre_reg0__0_carry__0/CO[3]
                         net (fo=1, routed)           0.000     5.011    inst_corr_10/lrexrre_reg0__0_carry__0_n_0
    SLICE_X29Y68         CARRY4 (Prop_carry4_CI_O[1])
                                                      0.230     5.241 r  inst_corr_10/lrexrre_reg0__0_carry__1/O[1]
                         net (fo=2, routed)           0.707     5.948    inst_corr_10/lrexrre_reg0__0_carry__1_n_6
    SLICE_X30Y71         LUT4 (Prop_lut4_I3_O)        0.228     6.176 f  inst_corr_10/lrexrre_reg0__60_carry__0_i_9__9/O
                         net (fo=3, routed)           0.236     6.412    inst_corr_10/lrexrre_reg0__60_carry__0_i_9__9_n_0
    SLICE_X30Y71         LUT4 (Prop_lut4_I2_O)        0.250     6.662 r  inst_corr_10/lrexrre_reg0__60_carry__0_i_1__9/O
                         net (fo=1, routed)           0.319     6.981    inst_corr_10/lrexrre_reg0__60_carry__0_i_1__9_n_0
    SLICE_X29Y70         CARRY4 (Prop_carry4_DI[3]_CO[3])
                                                      0.285     7.266 r  inst_corr_10/lrexrre_reg0__60_carry__0/CO[3]
                         net (fo=1, routed)           0.000     7.266    inst_corr_10/lrexrre_reg0__60_carry__0_n_0
    SLICE_X29Y71         CARRY4 (Prop_carry4_CI_CO[3])
                                                      0.089     7.355 r  inst_corr_10/lrexrre_reg0__60_carry__1/CO[3]
                         net (fo=1, routed)           0.000     7.355    inst_corr_10/lrexrre_reg0__60_carry__1_n_0
    SLICE_X29Y72         CARRY4 (Prop_carry4_CI_O[0])
                                                      0.159     7.514 r  inst_corr_10/lrexrre_reg0__60_carry__2/O[0]
                         net (fo=1, routed)           0.000     7.514    inst_corr_10/lrexrre_reg0__60_carry__2_n_7
    SLICE_X29Y72         FDRE                                         r  inst_corr_10/lrexrre_reg_reg[15]/D
  -------------------------------------------------------------------    -------------------

                         (clock clk rise edge)       10.000    10.000 r  
                                                      0.000    10.000 r  clk (IN)
                         net (fo=2063, unset)         0.669    10.669    inst_corr_10/clk
    SLICE_X29Y72         FDRE                                         r  inst_corr_10/lrexrre_reg_reg[15]/C
                         clock pessimism              0.000    10.669    
                         clock uncertainty           -0.035    10.633    
    SLICE_X29Y72         FDRE (Setup_fdre_C_D)        0.056    10.689    inst_corr_10/lrexrre_reg_reg[15]
  -------------------------------------------------------------------
                         required time                         10.689    
                         arrival time                          -7.514    
  -------------------------------------------------------------------
                         slack                                  3.176    





Min Delay Paths
--------------------------------------------------------------------------------------
Slack (MET) :             0.112ns  (arrival time - required time)
  Source:                 inst_sh_reg_17/dout_1_reg[6]/C
                            (rising edge-triggered cell FDRE clocked by clk  {rise@0.000ns fall@5.000ns period=10.000ns})
  Destination:            inst_sh_reg_18/dout_1_reg[6]/D
                            (rising edge-triggered cell FDRE clocked by clk  {rise@0.000ns fall@5.000ns period=10.000ns})
  Path Group:             clk
  Path Type:              Hold (Min at Fast Process Corner)
  Requirement:            0.000ns  (clk rise@0.000ns - clk rise@0.000ns)
  Data Path Delay:        0.209ns  (logic 0.141ns (67.418%)  route 0.068ns (32.582%))
  Logic Levels:           0  
  Clock Path Skew:        0.022ns (DCD - SCD - CPR)
    Destination Clock Delay (DCD):    0.432ns
    Source Clock Delay      (SCD):    0.411ns
    Clock Pessimism Removal (CPR):    -0.000ns

    Location             Delay type                Incr(ns)  Path(ns)    Netlist Resource(s)
  -------------------------------------------------------------------    -------------------
                         (clock clk rise edge)        0.000     0.000 r  
                                                      0.000     0.000 r  clk (IN)
                         net (fo=2063, unset)         0.411     0.411    inst_sh_reg_17/clk
    SLICE_X53Y78         FDRE                                         r  inst_sh_reg_17/dout_1_reg[6]/C
  -------------------------------------------------------------------    -------------------
    SLICE_X53Y78         FDRE (Prop_fdre_C_Q)         0.141     0.552 r  inst_sh_reg_17/dout_1_reg[6]/Q
                         net (fo=21, routed)          0.068     0.620    inst_sh_reg_18/dout_1_reg[7]_3[6]
    SLICE_X53Y78         FDRE                                         r  inst_sh_reg_18/dout_1_reg[6]/D
  -------------------------------------------------------------------    -------------------

                         (clock clk rise edge)        0.000     0.000 r  
                                                      0.000     0.000 r  clk (IN)
                         net (fo=2063, unset)         0.432     0.432    inst_sh_reg_18/clk
    SLICE_X53Y78         FDRE                                         r  inst_sh_reg_18/dout_1_reg[6]/C
                         clock pessimism              0.000     0.432    
    SLICE_X53Y78         FDRE (Hold_fdre_C_D)         0.076     0.508    inst_sh_reg_18/dout_1_reg[6]
  -------------------------------------------------------------------
                         required time                         -0.508    
                         arrival time                           0.620    
  -------------------------------------------------------------------
                         slack                                  0.112    





Pulse Width Checks
--------------------------------------------------------------------------------------
Clock Name:         clk
Waveform(ns):       { 0.000 5.000 }
Period(ns):         10.000
Sources:            { clk }

Check Type        Corner  Lib Pin  Reference Pin  Required(ns)  Actual(ns)  Slack(ns)  Location      Pin
Min Period        n/a     FDRE/C   n/a            1.000         10.000      9.000      SLICE_X66Y56  corr_out_0_reg[0]/C
Low Pulse Width   Slow    FDRE/C   n/a            0.500         5.000       4.500      SLICE_X66Y56  corr_out_0_reg[0]/C
High Pulse Width  Slow    FDRE/C   n/a            0.500         5.000       4.500      SLICE_X66Y56  corr_out_0_reg[0]/C



