Copyright 1986-2018 Xilinx, Inc. All Rights Reserved.
-----------------------------------------------------------------------------------------------------------------------------------------------------------------------------------------------------------------------
| Tool Version : Vivado v.2018.3 (lin64) Build 2405991 Thu Dec  6 23:36:41 MST 2018
| Date         : Thu Jan 13 17:37:09 2022
| Host         : koopa.ece.utexas.edu running 64-bit CentOS Linux release 7.9.2009 (Core)
| Command      : report_timing -sort_by group -max_paths 100 -path_type summary -file /misc/scratch/zwei1/reports_Jan12/raw_designs/vtr_designs/verilog/stereovision1_submodules/wrapper_corr_20/post_route_timing.rpt
| Design       : wrapper_corr_20
| Device       : 7z020-clg484
| Speed File   : -3  PRODUCTION 1.11 2014-09-11
-----------------------------------------------------------------------------------------------------------------------------------------------------------------------------------------------------------------------

Timing Report

Startpoint                     Endpoint                       Slack(ns)     
----------------------------------------------------------------------------
inst_sh_reg_r_1/dout_1_reg[1]_rep/C
                               inst_corr_10/lrexrre_reg_reg[15]/D
                                                              3.176         
inst_sh_reg_r_1/dout_1_reg[1]_rep/C
                               inst_corr_10/lrexrre_reg_reg[14]/D
                                                              3.190         
inst_sh_reg_r_1/dout_1_reg[1]_rep/C
                               inst_corr_10/lrexrre_reg_reg[12]/D
                                                              3.194         
inst_sh_reg_r_1/dout_1_reg[1]_rep/C
                               inst_corr_10/lrexrre_reg_reg[13]/D
                                                              3.243         
inst_sh_reg_r_1/dout_1_reg[1]_rep/C
                               inst_corr_10/lrexrre_reg_reg[11]/D
                                                              3.265         
inst_sh_reg_r_1/dout_2_reg[3]_rep/C
                               inst_corr_11/limxrim_reg_reg[15]/D
                                                              3.267         
inst_sh_reg_r_1/dout_2_reg[3]_rep/C
                               inst_corr_11/limxrim_reg_reg[14]/D
                                                              3.281         
inst_sh_reg_r_1/dout_2_reg[3]_rep/C
                               inst_corr_11/limxrim_reg_reg[12]/D
                                                              3.285         
inst_sh_reg_r_1/dout_1_reg[2]_rep/C
                               inst_corr_9/lrexrre_reg_reg[15]/D
                                                              3.295         
inst_sh_reg_r_1/dout_1_reg[2]_rep/C
                               inst_corr_12/lrexrre_reg_reg[15]/D
                                                              3.299         
inst_sh_reg_r_1/dout_1_reg[2]_rep/C
                               inst_corr_9/lrexrre_reg_reg[14]/D
                                                              3.307         
inst_sh_reg_r_1/dout_2_reg[2]_rep/C
                               inst_corr_5/limxrim_reg_reg[15]/D
                                                              3.310         
inst_sh_reg_r_1/dout_1_reg[2]_rep/C
                               inst_corr_12/lrexrre_reg_reg[14]/D
                                                              3.313         
inst_sh_reg_r_1/dout_1_reg[2]_rep/C
                               inst_corr_12/lrexrre_reg_reg[12]/D
                                                              3.317         
inst_sh_reg_r_1/dout_1_reg[2]_rep/C
                               inst_corr_9/lrexrre_reg_reg[12]/D
                                                              3.321         
inst_sh_reg_r_1/dout_2_reg[2]_rep/C
                               inst_corr_5/limxrim_reg_reg[14]/D
                                                              3.322         
inst_sh_reg_r_1/dout_2_reg[3]_rep/C
                               inst_corr_11/limxrim_reg_reg[13]/D
                                                              3.334         
inst_sh_reg_r_1/dout_2_reg[2]_rep/C
                               inst_corr_5/limxrim_reg_reg[12]/D
                                                              3.336         
inst_sh_reg_r_1/dout_2_reg[3]_rep/C
                               inst_corr_12/limxrim_reg_reg[15]/D
                                                              3.344         
inst_sh_reg_r_1/dout_2_reg[3]_rep/C
                               inst_corr_11/limxrim_reg_reg[11]/D
                                                              3.356         
inst_sh_reg_r_1/dout_2_reg[3]_rep/C
                               inst_corr_12/limxrim_reg_reg[14]/D
                                                              3.356         
inst_sh_reg_r_1/dout_1_reg[2]_rep/C
                               inst_corr_9/lrexrre_reg_reg[13]/D
                                                              3.364         
inst_sh_reg_r_1/dout_1_reg[2]_rep/C
                               inst_corr_12/lrexrre_reg_reg[13]/D
                                                              3.366         
inst_sh_reg_r_1/dout_2_reg[3]_rep/C
                               inst_corr_12/limxrim_reg_reg[12]/D
                                                              3.370         
inst_sh_reg_r_1/dout_2_reg[2]_rep/C
                               inst_corr_5/limxrim_reg_reg[13]/D
                                                              3.379         
inst_sh_reg_r_1/dout_1_reg[2]_rep/C
                               inst_corr_9/lrexrre_reg_reg[11]/D
                                                              3.387         
inst_sh_reg_r_1/dout_1_reg[2]_rep/C
                               inst_corr_12/lrexrre_reg_reg[11]/D
                                                              3.388         
inst_sh_reg_r_1/dout_2_reg[2]_rep/C
                               inst_corr_5/limxrim_reg_reg[11]/D
                                                              3.402         
inst_sh_reg_r_1/dout_2_reg[3]_rep/C
                               inst_corr_12/limxrim_reg_reg[13]/D
                                                              3.413         
inst_sh_reg_r_1/dout_1_reg[2]/C
                               inst_corr_19/lrexrre_reg_reg[15]/D
                                                              3.435         
inst_sh_reg_r_1/dout_2_reg[3]_rep/C
                               inst_corr_12/limxrim_reg_reg[11]/D
                                                              3.436         
inst_sh_reg_r_1/dout_2_reg[3]_rep/C
                               inst_corr_11/limxrim_reg_reg[10]/D
                                                              3.448         
inst_sh_reg_r_1/dout_1_reg[2]/C
                               inst_corr_19/lrexrre_reg_reg[14]/D
                                                              3.449         
inst_sh_reg_r_1/dout_1_reg[2]/C
                               inst_corr_19/lrexrre_reg_reg[12]/D
                                                              3.453         
inst_sh_reg_r_1/dout_2_reg[3]_rep/C
                               inst_corr_11/limxrim_reg_reg[9]/D
                                                              3.494         
inst_sh_reg_r_1/dout_1_reg[2]/C
                               inst_corr_19/lrexrre_reg_reg[13]/D
                                                              3.502         
inst_sh_reg_r_1/dout_1_reg[2]_rep/C
                               inst_corr_12/lrexrre_reg_reg[10]/D
                                                              3.516         
inst_sh_reg_r_1/dout_1_reg[2]/C
                               inst_corr_19/lrexrre_reg_reg[11]/D
                                                              3.524         
inst_sh_reg_r_1/dout_2_reg[3]_rep/C
                               inst_corr_12/limxrim_reg_reg[10]/D
                                                              3.528         
inst_sh_reg_r_1/dout_2_reg[2]_rep/C
                               inst_corr_10/limxrim_reg_reg[15]/D
                                                              3.538         
inst_sh_reg_r_1/dout_1_reg[4]/C
                               inst_corr_13/lrexrre_reg_reg[15]/D
                                                              3.540         
inst_sh_reg_r_1/dout_2_reg[2]_rep/C
                               inst_corr_10/limxrim_reg_reg[14]/D
                                                              3.550         
inst_sh_reg_r_1/dout_1_reg[4]/C
                               inst_corr_13/lrexrre_reg_reg[14]/D
                                                              3.554         
inst_sh_reg_r_1/dout_1_reg[4]/C
                               inst_corr_13/lrexrre_reg_reg[12]/D
                                                              3.558         
inst_sh_reg_r_1/dout_2_reg[2]_rep/C
                               inst_corr_10/limxrim_reg_reg[12]/D
                                                              3.564         
inst_sh_reg_r_1/dout_2_reg[2]/C
                               inst_corr_17/limxrim_reg_reg[15]/D
                                                              3.567         
inst_sh_reg_r_1/dout_2_reg[3]_rep/C
                               inst_corr_12/limxrim_reg_reg[9]/D
                                                              3.573         
inst_sh_reg_r_1/dout_2_reg[2]/C
                               inst_corr_17/limxrim_reg_reg[14]/D
                                                              3.588         
inst_sh_reg_r_1/dout_1_reg[2]_rep/C
                               inst_corr_12/lrexrre_reg_reg[9]/D
                                                              3.589         
inst_sh_reg_r_1/dout_2_reg[2]/C
                               inst_corr_17/limxrim_reg_reg[12]/D
                                                              3.592         
inst_sh_reg_r_1/dout_1_reg[1]_rep/C
                               inst_corr_10/lrexrre_reg_reg[10]/D
                                                              3.604         
inst_sh_reg_r_1/dout_2_reg[2]_rep/C
                               inst_corr_10/limxrim_reg_reg[13]/D
                                                              3.607         
inst_sh_reg_r_1/dout_1_reg[4]/C
                               inst_corr_13/lrexrre_reg_reg[13]/D
                                                              3.607         
inst_sh_reg_r_1/dout_1_reg[4]/C
                               inst_corr_13/lrexrre_reg_reg[11]/D
                                                              3.629         
inst_sh_reg_r_1/dout_2_reg[2]_rep/C
                               inst_corr_10/limxrim_reg_reg[11]/D
                                                              3.630         
inst_sh_reg_r_1/dout_2_reg[2]/C
                               inst_corr_17/limxrim_reg_reg[13]/D
                                                              3.641         
inst_sh_reg_r_1/dout_2_reg[2]/C
                               inst_corr_17/limxrim_reg_reg[11]/D
                                                              3.663         
inst_sh_reg_r_1/dout_2_reg[4]_rep/C
                               inst_corr_6/limxrim_reg_reg[15]/D
                                                              3.699         
inst_sh_reg_r_1/dout_2_reg[4]_rep/C
                               inst_corr_6/limxrim_reg_reg[14]/D
                                                              3.713         
inst_sh_reg_r_1/dout_1_reg[4]_rep/C
                               inst_corr_6/lrexrre_reg_reg[15]/D
                                                              3.713         
inst_sh_reg_r_1/dout_2_reg[4]_rep/C
                               inst_corr_6/limxrim_reg_reg[12]/D
                                                              3.717         
inst_sh_reg_r_1/dout_1_reg[4]/C
                               inst_corr_13/lrexrre_reg_reg[10]/D
                                                              3.721         
inst_sh_reg_r_1/dout_1_reg[4]_rep/C
                               inst_corr_6/lrexrre_reg_reg[14]/D
                                                              3.727         
inst_sh_reg_r_1/dout_1_reg[4]_rep/C
                               inst_corr_6/lrexrre_reg_reg[12]/D
                                                              3.731         
inst_sh_reg_r_1/dout_2_reg[5]/C
                               inst_corr_13/limxrim_reg_reg[15]/D
                                                              3.733         
inst_sh_reg_r_1/dout_2_reg[5]/C
                               inst_corr_13/limxrim_reg_reg[14]/D
                                                              3.747         
inst_sh_reg_r_1/dout_2_reg[5]/C
                               inst_corr_13/limxrim_reg_reg[12]/D
                                                              3.751         
inst_sh_reg_r_1/dout_2_reg[2]_rep/C
                               inst_corr_10/limxrim_reg_reg[10]/D
                                                              3.754         
inst_sh_reg_r_1/dout_2_reg[2]/C
                               inst_corr_17/limxrim_reg_reg[10]/D
                                                              3.755         
inst_sh_reg_r_1/dout_1_reg[5]/C
                               inst_corr_14/lrexrre_reg_reg[15]/D
                                                              3.756         
inst_sh_reg_r_1/dout_1_reg[4]/C
                               inst_corr_17/lrexrre_reg_reg[15]/D
                                                              3.766         
inst_sh_reg_r_1/dout_2_reg[4]_rep/C
                               inst_corr_6/limxrim_reg_reg[13]/D
                                                              3.766         
inst_sh_reg_r_1/dout_1_reg[4]/C
                               inst_corr_13/lrexrre_reg_reg[9]/D
                                                              3.767         
inst_sh_reg_r_1/dout_1_reg[5]/C
                               inst_corr_14/lrexrre_reg_reg[14]/D
                                                              3.768         
inst_sh_reg_r_1/dout_1_reg[5]/C
                               inst_corr_16/lrexrre_reg_reg[15]/D
                                                              3.772         
inst_sh_reg_r_1/dout_1_reg[1]_rep/C
                               inst_corr_10/lrexrre_reg_reg[9]/D
                                                              3.775         
inst_sh_reg_r_1/dout_1_reg[2]_rep/C
                               inst_corr_9/lrexrre_reg_reg[10]/D
                                                              3.776         
inst_sh_reg_r_1/dout_1_reg[4]_rep/C
                               inst_corr_6/lrexrre_reg_reg[13]/D
                                                              3.780         
inst_sh_reg_r_1/dout_1_reg[5]/C
                               inst_corr_14/lrexrre_reg_reg[12]/D
                                                              3.782         
inst_sh_reg_r_1/dout_1_reg[4]/C
                               inst_corr_17/lrexrre_reg_reg[14]/D
                                                              3.785         
inst_sh_reg_r_1/dout_2_reg[4]_rep/C
                               inst_corr_6/limxrim_reg_reg[11]/D
                                                              3.788         
inst_sh_reg_r_1/dout_2_reg[2]_rep/C
                               inst_corr_10/limxrim_reg_reg[9]/D
                                                              3.799         
inst_sh_reg_r_1/dout_1_reg[4]/C
                               inst_corr_17/lrexrre_reg_reg[12]/D
                                                              3.799         
inst_sh_reg_r_1/dout_2_reg[5]/C
                               inst_corr_13/limxrim_reg_reg[13]/D
                                                              3.800         
inst_sh_reg_r_1/dout_2_reg[2]/C
                               inst_corr_17/limxrim_reg_reg[9]/D
                                                              3.801         
inst_sh_reg_r_1/dout_1_reg[4]_rep/C
                               inst_corr_6/lrexrre_reg_reg[11]/D
                                                              3.802         
inst_sh_reg_r_1/dout_1_reg[0]_rep/C
                               inst_corr_5/lrexrre_reg_reg[15]/D
                                                              3.807         
inst_sh_reg_r_1/dout_1_reg[0]_rep/C
                               inst_corr_5/lrexrre_reg_reg[14]/D
                                                              3.821         
inst_sh_reg_r_1/dout_1_reg[2]_rep/C
                               inst_corr_9/lrexrre_reg_reg[9]/D
                                                              3.821         
inst_sh_reg_r_1/dout_2_reg[5]/C
                               inst_corr_13/limxrim_reg_reg[11]/D
                                                              3.822         
inst_sh_reg_r_1/dout_1_reg[5]/C
                               inst_corr_14/lrexrre_reg_reg[13]/D
                                                              3.825         
inst_sh_reg_r_1/dout_1_reg[0]_rep/C
                               inst_corr_5/lrexrre_reg_reg[12]/D
                                                              3.825         
inst_sh_reg_r_1/dout_1_reg[4]/C
                               inst_corr_17/lrexrre_reg_reg[13]/D
                                                              3.842         
inst_sh_reg_r_1/dout_1_reg[5]/C
                               inst_corr_14/lrexrre_reg_reg[11]/D
                                                              3.848         
inst_sh_reg_r_1/dout_2_reg[2]_rep/C
                               inst_corr_5/limxrim_reg_reg[10]/D
                                                              3.860         
inst_sh_reg_r_1/dout_1_reg[2]/C
                               inst_corr_15/lrexrre_reg_reg[15]/D
                                                              3.861         
inst_sh_reg_r_1/dout_1_reg[4]/C
                               inst_corr_17/lrexrre_reg_reg[11]/D
                                                              3.865         
inst_sh_reg_r_1/dout_1_reg[5]_rep/C
                               inst_corr_7/lrexrre_reg_reg[15]/D
                                                              3.874         
inst_sh_reg_r_1/dout_1_reg[0]_rep/C
                               inst_corr_5/lrexrre_reg_reg[13]/D
                                                              3.874         
inst_sh_reg_r_1/dout_1_reg[2]/C
                               inst_corr_15/lrexrre_reg_reg[14]/D
                                                              3.875         



