Copyright 1986-2018 Xilinx, Inc. All Rights Reserved.
--------------------------------------------------------------------------------------------------------------------------------------------------------------------------------
| Tool Version     : Vivado v.2018.3 (lin64) Build 2405991 Thu Dec  6 23:36:41 MST 2018
| Date             : Thu Jan 13 17:35:40 2022
| Host             : koopa.ece.utexas.edu running 64-bit CentOS Linux release 7.9.2009 (Core)
| Command          : report_power -file /misc/scratch/zwei1/reports_Jan12/raw_designs/vtr_designs/verilog/stereovision1_submodules/wrapper_corr_10/post_synth_power.rpt
| Design           : wrapper_corr_10
| Device           : xc7z020clg484-3
| Design State     : synthesized
| Grade            : extended
| Process          : typical
| Characterization : Production
--------------------------------------------------------------------------------------------------------------------------------------------------------------------------------

Power Report

Table of Contents
-----------------
1. Summary
1.1 On-Chip Components
1.2 Power Supply Summary
1.3 Confidence Level
2. Settings
2.1 Environment
2.2 Clock Constraints
3. Detailed Reports
3.1 By Hierarchy

1. Summary
----------

+--------------------------+--------------+
| Total On-Chip Power (mW) | 137.887      |
| Design Power Budget (mW) | Unspecified* |
| Power Budget Margin (mW) | NA           |
| Dynamic (mW)             | 34.818       |
| Device Static (mW)       | 103.069      |
| Effective TJA (C/W)      | 11.5         |
| Max Ambient (C)          | 98.4         |
| Junction Temperature (C) | 26.6         |
| Confidence Level         | Medium       |
| Setting File             | ---          |
| Simulation Activity File | ---          |
| Design Nets Matched      | NA           |
+--------------------------+--------------+
* Specify Design Power Budget using, set_operating_conditions -design_power_budget <value in Watts>


1.1 On-Chip Components
----------------------

+----------------+------------+----------+-----------+-----------------+
| On-Chip        | Power (mW) | Used     | Available | Utilization (%) |
+----------------+------------+----------+-----------+-----------------+
| Clocks         |     9.175  |        3 |       --- |             --- |
| Slice Logic    |    13.528  |     3529 |       --- |             --- |
|   LUT as Logic |    10.709  |     1772 |     53200 |            3.33 |
|   CARRY4       |     1.893  |      264 |     13300 |            1.98 |
|   Register     |     0.926  |     1074 |    106400 |            1.01 |
|   Others       |     0.000  |       35 |       --- |             --- |
| Signals        |    12.116  |     2493 |       --- |             --- |
| Static Power   |   103.069  |          |           |                 |
| Total          |   137.887  |          |           |                 |
+----------------+------------+----------+-----------+-----------------+


1.2 Power Supply Summary
------------------------

+-----------+-------------+-----------+-------------+------------+
| Source    | Voltage (V) | Total (A) | Dynamic (A) | Static (A) |
+-----------+-------------+-----------+-------------+------------+
| Vccint    |       1.000 |     0.042 |       0.035 |      0.008 |
| Vccaux    |       1.800 |     0.010 |       0.000 |      0.010 |
| Vcco33    |       3.300 |     0.000 |       0.000 |      0.000 |
| Vcco25    |       2.500 |     0.000 |       0.000 |      0.000 |
| Vcco18    |       1.800 |     0.000 |       0.000 |      0.000 |
| Vcco15    |       1.500 |     0.000 |       0.000 |      0.000 |
| Vcco135   |       1.350 |     0.000 |       0.000 |      0.000 |
| Vcco12    |       1.200 |     0.000 |       0.000 |      0.000 |
| Vccaux_io |       1.800 |     0.000 |       0.000 |      0.000 |
| Vccbram   |       1.000 |     0.000 |       0.000 |      0.000 |
| MGTAVcc   |       1.000 |     0.000 |       0.000 |      0.000 |
| MGTAVtt   |       1.200 |     0.000 |       0.000 |      0.000 |
| MGTVccaux |       1.800 |     0.000 |       0.000 |      0.000 |
| Vccpint   |       1.000 |     0.017 |       0.000 |      0.017 |
| Vccpaux   |       1.800 |     0.010 |       0.000 |      0.010 |
| Vccpll    |       1.800 |     0.003 |       0.000 |      0.003 |
| Vcco_ddr  |       1.500 |     0.000 |       0.000 |      0.000 |
| Vcco_mio0 |       1.800 |     0.000 |       0.000 |      0.000 |
| Vcco_mio1 |       1.800 |     0.000 |       0.000 |      0.000 |
| Vccadc    |       1.800 |     0.020 |       0.000 |      0.020 |
+-----------+-------------+-----------+-------------+------------+


1.3 Confidence Level
--------------------

+-----------------------------+------------+------------------------------------------------+------------------------------------------------------------------------------------------------------------+
| User Input Data             | Confidence | Details                                        | Action                                                                                                     |
+-----------------------------+------------+------------------------------------------------+------------------------------------------------------------------------------------------------------------+
| Design implementation state | Low        | Design is synthesized                          | Accuracy of the tool is not optimal until design is fully placed and routed                                |
| Clock nodes activity        | High       | User specified more than 95% of clocks         |                                                                                                            |
| I/O nodes activity          | High       | User specified more than 95% of inputs         |                                                                                                            |
| Internal nodes activity     | Medium     | User specified less than 25% of internal nodes | Provide missing internal nodes activity with simulation results or by editing the "By Resource Type" views |
| Device models               | High       | Device models are Production                   |                                                                                                            |
|                             |            |                                                |                                                                                                            |
| Overall confidence level    | Medium     |                                                |                                                                                                            |
+-----------------------------+------------+------------------------------------------------+------------------------------------------------------------------------------------------------------------+


2. Settings
-----------

2.1 Environment
---------------

+-----------------------+------------------------+
| Ambient Temp (C)      | 25.0                   |
| ThetaJA (C/W)         | 11.5                   |
| Airflow (LFM)         | 250                    |
| Heat Sink             | none                   |
| ThetaSA (C/W)         | 0.0                    |
| Board Selection       | medium (10"x10")       |
| # of Board Layers     | 8to11 (8 to 11 Layers) |
| Board Temperature (C) | 25.0                   |
+-----------------------+------------------------+


2.2 Clock Constraints
---------------------

+-------+--------+-----------------+
| Clock | Domain | Constraint (ns) |
+-------+--------+-----------------+
| clk   | clk    |            10.0 |
+-------+--------+-----------------+


3. Detailed Reports
-------------------

3.1 By Hierarchy
----------------

+-------------------+------------+
| Name              | Power (mW) |
+-------------------+------------+
| wrapper_corr_10   |    34.818  |
|   inst_corr_0     |     1.963  |
|   inst_corr_1     |     1.963  |
|   inst_corr_10    |     1.963  |
|   inst_corr_2     |     1.963  |
|   inst_corr_3     |     1.963  |
|   inst_corr_4     |     1.963  |
|   inst_corr_5     |     1.963  |
|   inst_corr_6     |     1.963  |
|   inst_corr_7     |     1.963  |
|   inst_corr_8     |     1.963  |
|   inst_corr_9     |     1.963  |
|   inst_sh_reg_0   |     0.553  |
|   inst_sh_reg_1   |     0.553  |
|   inst_sh_reg_10  |     0.544  |
|   inst_sh_reg_2   |     0.553  |
|   inst_sh_reg_3   |     0.553  |
|   inst_sh_reg_4   |     0.553  |
|   inst_sh_reg_5   |     0.553  |
|   inst_sh_reg_6   |     0.553  |
|   inst_sh_reg_7   |     0.553  |
|   inst_sh_reg_8   |     0.553  |
|   inst_sh_reg_9   |     0.553  |
|   inst_sh_reg_r_1 |     5.463  |
+-------------------+------------+


