Copyright 1986-2018 Xilinx, Inc. All Rights Reserved.
------------------------------------------------------------------------------------------------------------------------------------------------------------------------------------------------------------------------
| Tool Version : Vivado v.2018.3 (lin64) Build 2405991 Thu Dec  6 23:36:41 MST 2018
| Date         : Thu Jan 13 02:59:30 2022
| Host         : koopa.ece.utexas.edu running 64-bit CentOS Linux release 7.9.2009 (Core)
| Command      : report_timing -sort_by group -max_paths 100 -path_type summary -file /misc/scratch/zwei1/reports_Jan12/raw_designs/vtr_designs/verilog/koios/softmax_submodules/mode4_adder_tree/post_route_timing.rpt
| Design       : mode4_adder_tree
| Device       : 7z020-clg484
| Speed File   : -3  PRODUCTION 1.11 2014-09-11
------------------------------------------------------------------------------------------------------------------------------------------------------------------------------------------------------------------------

Timing Report

Startpoint                     Endpoint                       Slack(ns)     
----------------------------------------------------------------------------
add1_stage3/u_FPAddSub/pipe_1_reg[20]/C
                               add1_stage3/u_FPAddSub/pipe_3_reg[5]/D
                                                              5.546         
add1_stage3/u_FPAddSub/pipe_1_reg[20]/C
                               add1_stage3/u_FPAddSub/pipe_3_reg[3]/D
                                                              5.610         
add1_stage3/u_FPAddSub/pipe_1_reg[20]/C
                               add1_stage3/u_FPAddSub/pipe_3_reg[1]/D
                                                              5.645         
add0_stage3/u_FPAddSub/pipe_1_reg[17]/C
                               add0_stage3/u_FPAddSub/pipe_3_reg[4]/D
                                                              5.669         
add0_stage3/u_FPAddSub/pipe_1_reg[17]/C
                               add0_stage3/u_FPAddSub/pipe_3_reg[3]/D
                                                              5.685         
add0_stage2/u_FPAddSub/pipe_1_reg[40]/C
                               add0_stage2/u_FPAddSub/pipe_3_reg[3]/D
                                                              5.794         
add0_stage3/u_FPAddSub/pipe_1_reg[17]/C
                               add0_stage3/u_FPAddSub/pipe_3_reg[0]/D
                                                              5.803         
add2_stage3/u_FPAddSub/pipe_1_reg[17]/C
                               add2_stage3/u_FPAddSub/pipe_3_reg[2]/D
                                                              5.818         
add2_stage3/u_FPAddSub/pipe_1_reg[17]/C
                               add2_stage3/u_FPAddSub/pipe_3_reg[4]/D
                                                              5.834         
add0_stage3/u_FPAddSub/pipe_5_reg[16]/C
                               add0_stage3/u_FPAddSub/pipe_8_reg[8]/D
                                                              5.845         
add0_stage1/u_FPAddSub/pipe_1_reg[36]/C
                               add0_stage1/u_FPAddSub/pipe_3_reg[2]/D
                                                              5.900         
add0_stage0/u_FPAddSub/pipe_1_reg[24]/C
                               add0_stage0/u_FPAddSub/pipe_3_reg[1]/D
                                                              5.915         
add1_stage3/u_FPAddSub/pipe_1_reg[20]/C
                               add1_stage3/u_FPAddSub/pipe_3_reg[0]/D
                                                              5.926         
add1_stage3/u_FPAddSub/pipe_1_reg[20]/C
                               add1_stage3/u_FPAddSub/pipe_3_reg[4]/D
                                                              5.930         
add2_stage3/u_FPAddSub/pipe_1_reg[17]/C
                               add2_stage3/u_FPAddSub/pipe_3_reg[0]/D
                                                              5.939         
add1_stage3/u_FPAddSub/pipe_1_reg[20]/C
                               add1_stage3/u_FPAddSub/pipe_3_reg[2]/D
                                                              5.962         
add1_stage2/u_FPAddSub/pipe_5_reg[14]/C
                               add1_stage2/u_FPAddSub/pipe_8_reg[8]/D
                                                              5.964         
add0_stage0/u_FPAddSub/pipe_1_reg[24]/C
                               add0_stage0/u_FPAddSub/pipe_3_reg[5]/D
                                                              5.965         
add1_stage2/u_FPAddSub/pipe_1_reg[18]/C
                               add1_stage2/u_FPAddSub/pipe_3_reg[5]/D
                                                              5.971         
add1_stage2/u_FPAddSub/pipe_1_reg[18]/C
                               add1_stage2/u_FPAddSub/pipe_3_reg[4]/D
                                                              5.972         
add0_stage0/u_FPAddSub/pipe_5_reg[12]/C
                               add0_stage0/u_FPAddSub/pipe_8_reg[8]/D
                                                              5.976         
add2_stage3/u_FPAddSub/pipe_1_reg[17]/C
                               add2_stage3/u_FPAddSub/pipe_3_reg[1]/D
                                                              5.976         
add0_stage3/u_FPAddSub/pipe_1_reg[17]/C
                               add0_stage3/u_FPAddSub/pipe_3_reg[5]/D
                                                              6.003         
add0_stage2/u_FPAddSub/pipe_1_reg[40]/C
                               add0_stage2/u_FPAddSub/pipe_3_reg[10]/D
                                                              6.005         
add3_stage3/u_FPAddSub/pipe_5_reg[10]/C
                               add3_stage3/u_FPAddSub/pipe_8_reg[3]/D
                                                              6.007         
add0_stage2/u_FPAddSub/pipe_1_reg[40]/C
                               add0_stage2/u_FPAddSub/pipe_3_reg[0]/D
                                                              6.023         
add0_stage2/u_FPAddSub/pipe_1_reg[40]/C
                               add0_stage2/u_FPAddSub/pipe_3_reg[1]/D
                                                              6.037         
add1_stage2/u_FPAddSub/pipe_1_reg[18]/C
                               add1_stage2/u_FPAddSub/pipe_3_reg[1]/D
                                                              6.040         
add3_stage3/u_FPAddSub/pipe_5_reg[10]/C
                               add3_stage3/u_FPAddSub/pipe_8_reg[8]/D
                                                              6.045         
add0_stage0/u_FPAddSub/pipe_1_reg[24]/C
                               add0_stage0/u_FPAddSub/pipe_3_reg[0]/D
                                                              6.049         
add0_stage1/u_FPAddSub/pipe_1_reg[36]/C
                               add0_stage1/u_FPAddSub/pipe_3_reg[3]/D
                                                              6.060         
add2_stage3/u_FPAddSub/pipe_5_reg[11]/C
                               add2_stage3/u_FPAddSub/pipe_8_reg[8]/D
                                                              6.067         
add1_stage2/u_FPAddSub/pipe_1_reg[18]/C
                               add1_stage2/u_FPAddSub/pipe_3_reg[0]/D
                                                              6.072         
add2_stage3/u_FPAddSub/pipe_1_reg[17]/C
                               add2_stage3/u_FPAddSub/pipe_3_reg[5]/D
                                                              6.073         
add0_stage2/u_FPAddSub/pipe_1_reg[40]/C
                               add0_stage2/u_FPAddSub/pipe_3_reg[4]/D
                                                              6.097         
add1_stage3/u_FPAddSub/pipe_1_reg[20]/C
                               add1_stage3/u_FPAddSub/pipe_3_reg[10]/D
                                                              6.111         
add1_stage2/u_FPAddSub/pipe_1_reg[18]/C
                               add1_stage2/u_FPAddSub/pipe_3_reg[3]/D
                                                              6.120         
add1_stage2/u_FPAddSub/pipe_5_reg[11]/C
                               add1_stage2/u_FPAddSub/pipe_8_reg[7]/D
                                                              6.123         
add1_stage2/u_FPAddSub/pipe_1_reg[18]/C
                               add1_stage2/u_FPAddSub/pipe_3_reg[20]/D
                                                              6.124         
add2_stage3/u_FPAddSub/pipe_5_reg[5]/C
                               add2_stage3/u_FPAddSub/pipe_8_reg[3]/D
                                                              6.128         
add0_stage3/u_FPAddSub/pipe_5_reg[16]/C
                               add0_stage3/u_FPAddSub/pipe_8_reg[3]/D
                                                              6.135         
add0_stage0/u_FPAddSub/pipe_1_reg[24]/C
                               add0_stage0/u_FPAddSub/pipe_3_reg[3]/D
                                                              6.141         
add2_stage3/u_FPAddSub/pipe_1_reg[17]/C
                               add2_stage3/u_FPAddSub/pipe_3_reg[3]/D
                                                              6.143         
add0_stage3/u_FPAddSub/pipe_1_reg[17]/C
                               add0_stage3/u_FPAddSub/pipe_3_reg[2]/D
                                                              6.146         
add0_stage0/u_FPAddSub/pipe_1_reg[24]/C
                               add0_stage0/u_FPAddSub/pipe_3_reg[2]/D
                                                              6.162         
add0_stage1/u_FPAddSub/pipe_1_reg[36]/C
                               add0_stage1/u_FPAddSub/pipe_3_reg[0]/D
                                                              6.217         
add1_stage3/u_FPAddSub/pipe_5_reg[11]/C
                               add1_stage3/u_FPAddSub/pipe_8_reg[8]/D
                                                              6.223         
add0_stage3/u_FPAddSub/pipe_1_reg[17]/C
                               add0_stage3/u_FPAddSub/pipe_3_reg[1]/D
                                                              6.239         
add0_stage1/u_FPAddSub/pipe_1_reg[36]/C
                               add0_stage1/u_FPAddSub/pipe_3_reg[5]/D
                                                              6.239         
add1_stage2/u_FPAddSub/pipe_1_reg[18]/C
                               add1_stage2/u_FPAddSub/pipe_3_reg[21]/D
                                                              6.250         
add0_stage3/u_FPAddSub/pipe_1_reg[17]/C
                               add0_stage3/u_FPAddSub/pipe_3_reg[10]/D
                                                              6.262         
add1_stage2/u_FPAddSub/pipe_1_reg[18]/C
                               add1_stage2/u_FPAddSub/pipe_3_reg[2]/D
                                                              6.266         
add0_stage2/u_FPAddSub/pipe_1_reg[40]/C
                               add0_stage2/u_FPAddSub/pipe_3_reg[2]/D
                                                              6.271         
add0_stage2/u_FPAddSub/pipe_1_reg[40]/C
                               add0_stage2/u_FPAddSub/pipe_3_reg[5]/D
                                                              6.283         
add0_stage2/u_FPAddSub/pipe_1_reg[40]/C
                               add0_stage2/u_FPAddSub/pipe_3_reg[8]/D
                                                              6.286         
add0_stage0/u_FPAddSub/pipe_1_reg[24]/C
                               add0_stage0/u_FPAddSub/pipe_3_reg[4]/D
                                                              6.312         
add1_stage3/u_FPAddSub/pipe_5_reg[7]/C
                               add1_stage3/u_FPAddSub/pipe_8_reg[4]/D
                                                              6.315         
add1_stage3/u_FPAddSub/pipe_5_reg[7]/C
                               add1_stage3/u_FPAddSub/pipe_8_reg[5]/D
                                                              6.335         
add1_stage2/u_FPAddSub/pipe_5_reg[6]/C
                               add1_stage2/u_FPAddSub/pipe_8_reg[3]/D
                                                              6.337         
add0_stage1/u_FPAddSub/pipe_1_reg[36]/C
                               add0_stage1/u_FPAddSub/pipe_3_reg[1]/D
                                                              6.346         
add3_stage3/u_FPAddSub/pipe_1_reg[34]/C
                               add3_stage3/u_FPAddSub/pipe_3_reg[0]/D
                                                              6.390         
add3_stage3/u_FPAddSub/pipe_1_reg[34]/C
                               add3_stage3/u_FPAddSub/pipe_3_reg[3]/D
                                                              6.390         
add2_stage3/u_FPAddSub/pipe_1_reg[17]/C
                               add2_stage3/u_FPAddSub/pipe_3_reg[10]/D
                                                              6.402         
add0_stage1/u_FPAddSub/pipe_1_reg[36]/C
                               add0_stage1/u_FPAddSub/pipe_3_reg[4]/D
                                                              6.407         
add0_stage1/u_FPAddSub/pipe_5_reg[12]/C
                               add0_stage1/u_FPAddSub/pipe_8_reg[8]/D
                                                              6.407         
add0_stage2/u_FPAddSub/pipe_1_reg[40]/C
                               add0_stage2/u_FPAddSub/pipe_3_reg[7]/D
                                                              6.411         
add3_stage3/u_FPAddSub/pipe_5_reg[10]/C
                               add3_stage3/u_FPAddSub/pipe_8_reg[7]/D
                                                              6.447         
add0_stage0/u_FPAddSub/pipe_5_reg[9]/C
                               add0_stage0/u_FPAddSub/pipe_8_reg[3]/D
                                                              6.465         
add0_stage2/u_FPAddSub/pipe_5_reg[11]/C
                               add0_stage2/u_FPAddSub/pipe_8_reg[3]/D
                                                              6.467         
add1_stage2/u_FPAddSub/pipe_1_reg[18]/C
                               add1_stage2/u_FPAddSub/pipe_3_reg[10]/D
                                                              6.469         
add0_stage1/u_FPAddSub/pipe_3_reg[26]/C
                               add0_stage1/u_FPAddSub/pipe_5_reg[16]/D
                                                              6.475         
add1_stage3/u_FPAddSub/pipe_1_reg[20]/C
                               add1_stage3/u_FPAddSub/pipe_3_reg[20]/D
                                                              6.478         
add3_stage3/u_FPAddSub/pipe_1_reg[34]/C
                               add3_stage3/u_FPAddSub/pipe_3_reg[4]/D
                                                              6.485         
add1_stage3/u_FPAddSub/pipe_5_reg[7]/C
                               add1_stage3/u_FPAddSub/pipe_8_reg[3]/D
                                                              6.489         
add0_stage3/u_FPAddSub/pipe_1_reg[17]/C
                               add0_stage3/u_FPAddSub/pipe_3_reg[6]/D
                                                              6.491         
add1_stage3/u_FPAddSub/pipe_1_reg[20]/C
                               add1_stage3/u_FPAddSub/pipe_3_reg[21]/D
                                                              6.493         
add1_stage2/u_FPAddSub/pipe_1_reg[18]/C
                               add1_stage2/u_FPAddSub/pipe_3_reg[22]/D
                                                              6.494         
add0_stage2/u_FPAddSub/pipe_1_reg[40]/C
                               add0_stage2/u_FPAddSub/pipe_3_reg[22]/D
                                                              6.503         
add3_stage3/u_FPAddSub/pipe_1_reg[34]/C
                               add3_stage3/u_FPAddSub/pipe_3_reg[5]/D
                                                              6.518         
add3_stage3/u_FPAddSub/pipe_1_reg[34]/C
                               add3_stage3/u_FPAddSub/pipe_3_reg[1]/D
                                                              6.523         
add2_stage3/u_FPAddSub/pipe_5_reg[11]/C
                               add2_stage3/u_FPAddSub/pipe_8_reg[7]/D
                                                              6.527         
add0_stage3/u_FPAddSub/pipe_5_reg[16]/C
                               add0_stage3/u_FPAddSub/pipe_8_reg[17]/D
                                                              6.528         
add1_stage3/u_FPAddSub/pipe_1_reg[20]/C
                               add1_stage3/u_FPAddSub/pipe_3_reg[6]/D
                                                              6.531         
add0_stage2/u_FPAddSub/pipe_5_reg[15]/C
                               add0_stage2/u_FPAddSub/pipe_8_reg[8]/D
                                                              6.539         
add0_stage1/u_FPAddSub/pipe_3_reg[26]/C
                               add0_stage1/u_FPAddSub/pipe_5_reg[15]/D
                                                              6.546         
add1_stage3/u_FPAddSub/pipe_1_reg[20]/C
                               add1_stage3/u_FPAddSub/pipe_3_reg[7]/D
                                                              6.546         
add3_stage3/u_FPAddSub/pipe_1_reg[34]/C
                               add3_stage3/u_FPAddSub/pipe_3_reg[2]/D
                                                              6.550         
add2_stage3/u_FPAddSub/pipe_1_reg[17]/C
                               add2_stage3/u_FPAddSub/pipe_3_reg[21]/D
                                                              6.553         
add0_stage1/u_FPAddSub/pipe_5_reg[16]/C
                               add0_stage1/u_FPAddSub/pipe_8_reg[3]/D
                                                              6.556         
add0_stage3/u_FPAddSub/pipe_1_reg[17]/C
                               add0_stage3/u_FPAddSub/pipe_3_reg[7]/D
                                                              6.559         
add0_stage1/u_FPAddSub/pipe_3_reg[26]/C
                               add0_stage1/u_FPAddSub/pipe_5_reg[14]/D
                                                              6.560         
add0_stage3/u_FPAddSub/pipe_1_reg[17]/C
                               add0_stage3/u_FPAddSub/pipe_3_reg[9]/D
                                                              6.562         
add0_stage1/u_FPAddSub/pipe_3_reg[26]/C
                               add0_stage1/u_FPAddSub/pipe_5_reg[12]/D
                                                              6.564         
add1_stage2/u_FPAddSub/pipe_1_reg[18]/C
                               add1_stage2/u_FPAddSub/pipe_3_reg[9]/D
                                                              6.569         
add1_stage2/u_FPAddSub/pipe_1_reg[18]/C
                               add1_stage2/u_FPAddSub/pipe_3_reg[6]/D
                                                              6.571         
add1_stage3/u_FPAddSub/pipe_5_reg[7]/C
                               add1_stage3/u_FPAddSub/pipe_8_reg[6]/D
                                                              6.582         
add1_stage3/u_FPAddSub/pipe_5_reg[7]/C
                               add1_stage3/u_FPAddSub/pipe_8_reg[7]/D
                                                              6.582         
add0_stage0/u_FPAddSub/pipe_5_reg[12]/C
                               add0_stage0/u_FPAddSub/pipe_8_reg[7]/D
                                                              6.589         
add0_stage1/u_FPAddSub/pipe_1_reg[36]/C
                               add0_stage1/u_FPAddSub/pipe_3_reg[21]/D
                                                              6.599         
add0_stage1/u_FPAddSub/pipe_3_reg[26]/C
                               add0_stage1/u_FPAddSub/pipe_5_reg[13]/D
                                                              6.613         



