Copyright 1986-2018 Xilinx, Inc. All Rights Reserved.
----------------------------------------------------------------------------------------------------------------------------------------------------------------------------------------------------------------------------------------------------------------------
| Tool Version : Vivado v.2018.3 (lin64) Build 2405991 Thu Dec  6 23:36:41 MST 2018
| Date         : Thu Jan 13 04:41:59 2022
| Host         : koopa.ece.utexas.edu running 64-bit CentOS Linux release 7.9.2009 (Core)
| Command      : report_timing -sort_by group -max_paths 100 -path_type summary -file /misc/scratch/zwei1/reports_Jan12/raw_designs/vtr_designs/verilog/koios/tiny_darknet_like.medium_submodules/td_fused_top_td_fused_final_fmaps_memcore_ram/post_route_timing.rpt
| Design       : td_fused_top_td_fused_final_fmaps_memcore_ram
| Device       : 7z020-clg484
| Speed File   : -3  PRODUCTION 1.11 2014-09-11
----------------------------------------------------------------------------------------------------------------------------------------------------------------------------------------------------------------------------------------------------------------------

Timing Report

Startpoint                     Endpoint                       Slack(ns)     
----------------------------------------------------------------------------
ram_reg_0_0_cooolgate_en_gate_257_cooolDelFlop/C
                               ram_reg_0_15/ENBWREN           1.909         
ram_reg_0_0_cooolgate_en_gate_257_cooolDelFlop/C
                               ram_reg_0_39/ENBWREN           2.153         
ram_reg_0_0_cooolgate_en_gate_257_cooolDelFlop/C
                               ram_reg_0_3/ENBWREN            2.414         
ram_reg_0_0_cooolgate_en_gate_257_cooolDelFlop/C
                               ram_reg_0_18/ENBWREN           2.521         
ram_reg_0_0_cooolgate_en_gate_257_cooolDelFlop/C
                               ram_reg_0_39_cooolgate_en_gate_356_cooolDelFlop/D
                                                              2.681         
ram_reg_0_0_cooolgate_en_gate_257_cooolDelFlop/C
                               ram_reg_0_15_cooolgate_en_gate_278_cooolDelFlop/D
                                                              2.847         
ram_reg_0_0_cooolgate_en_gate_257_cooolDelFlop/C
                               ram_reg_0_32/ENBWREN           2.877         
ram_reg_0_0_cooolgate_en_gate_257_cooolDelFlop/C
                               ram_reg_0_2/ENBWREN            2.924         
ram_reg_0_0_cooolgate_en_gate_257_cooolDelFlop/C
                               ram_reg_0_1/ENBWREN            2.990         
ram_reg_0_0_cooolgate_en_gate_257_cooolDelFlop/C
                               ram_reg_0_14/ENBWREN           3.023         
ram_reg_0_0_cooolgate_en_gate_257_cooolDelFlop/C
                               ram_reg_0_18_cooolgate_en_gate_287_cooolDelFlop/D
                                                              3.050         
ram_reg_0_0_cooolgate_en_gate_257_cooolDelFlop/C
                               ram_reg_0_28/ENBWREN           3.056         
ram_reg_0_0_cooolgate_en_gate_257_cooolDelFlop/C
                               ram_reg_0_30/ENBWREN           3.128         
ram_reg_0_0_cooolgate_en_gate_257_cooolDelFlop/C
                               ram_reg_0_12/ENBWREN           3.148         
ram_reg_0_0_cooolgate_en_gate_257_cooolDelFlop/C
                               ram_reg_0_11/ENBWREN           3.189         
ram_reg_0_0_cooolgate_en_gate_257_cooolDelFlop/C
                               ram_reg_0_22/ENBWREN           3.224         
ram_reg_0_0_cooolgate_en_gate_257_cooolDelFlop/C
                               ram_reg_0_10/ENBWREN           3.295         
ram_reg_0_0_cooolgate_en_gate_257_cooolDelFlop/C
                               ram_reg_0_27/ENBWREN           3.301         
ram_reg_0_0_cooolgate_en_gate_257_cooolDelFlop/C
                               ram_reg_0_24/ENBWREN           3.428         
ram_reg_0_0_cooolgate_en_gate_257_cooolDelFlop/C
                               ram_reg_0_2_cooolgate_en_gate_293_cooolDelFlop/D
                                                              3.452         
ram_reg_0_0_cooolgate_en_gate_257_cooolDelFlop/C
                               ram_reg_0_26/ENBWREN           3.528         
ram_reg_0_0_cooolgate_en_gate_257_cooolDelFlop/C
                               ram_reg_0_14_cooolgate_en_gate_275_cooolDelFlop/D
                                                              3.552         
ram_reg_0_0_cooolgate_en_gate_257_cooolDelFlop/C
                               ram_reg_0_13/ENBWREN           3.605         
ram_reg_0_0_cooolgate_en_gate_257_cooolDelFlop/C
                               ram_reg_0_3_cooolgate_en_gate_326_cooolDelFlop/D
                                                              3.610         
ram_reg_0_0_cooolgate_en_gate_257_cooolDelFlop/C
                               ram_reg_0_30_cooolgate_en_gate_329_cooolDelFlop/D
                                                              3.657         
ram_reg_0_0_cooolgate_en_gate_257_cooolDelFlop/C
                               ram_reg_0_23/ENBWREN           3.710         
ram_reg_0_0_cooolgate_en_gate_257_cooolDelFlop/C
                               ram_reg_0_20/ENBWREN           3.722         
ram_reg_0_0_cooolgate_en_gate_257_cooolDelFlop/C
                               ram_reg_0_22_cooolgate_en_gate_302_cooolDelFlop/D
                                                              3.753         
ram_reg_0_0_cooolgate_en_gate_257_cooolDelFlop/C
                               ram_reg_0_27_cooolgate_en_gate_317_cooolDelFlop/D
                                                              3.829         
ram_reg_0_0_cooolgate_en_gate_257_cooolDelFlop/C
                               ram_reg_0_40/ENBWREN           3.927         
ram_reg_0_0_cooolgate_en_gate_257_cooolDelFlop/C
                               ram_reg_0_35/ENBWREN           3.998         
ram_reg_0_0_cooolgate_en_gate_257_cooolDelFlop/C
                               ram_reg_0_19/ENBWREN           4.003         
ram_reg_0_0_cooolgate_en_gate_257_cooolDelFlop/C
                               ram_reg_0_29/ENBWREN           4.093         
ram_reg_0_0_cooolgate_en_gate_257_cooolDelFlop/C
                               ram_reg_0_13_cooolgate_en_gate_272_cooolDelFlop/D
                                                              4.134         
ram_reg_0_0_cooolgate_en_gate_257_cooolDelFlop/C
                               ram_reg_0_1_cooolgate_en_gate_260_cooolDelFlop/D
                                                              4.135         
ram_reg_0_0_cooolgate_en_gate_257_cooolDelFlop/C
                               ram_reg_0_28_cooolgate_en_gate_320_cooolDelFlop/D
                                                              4.144         
ram_reg_0_0_cooolgate_en_gate_257_cooolDelFlop/C
                               ram_reg_0_32_cooolgate_en_gate_335_cooolDelFlop/D
                                                              4.189         
ram_reg_0_0_cooolgate_en_gate_257_cooolDelFlop/C
                               ram_reg_0_52/ENBWREN           4.211         
ram_reg_0_0_cooolgate_en_gate_257_cooolDelFlop/C
                               ram_reg_0_23_cooolgate_en_gate_305_cooolDelFlop/D
                                                              4.238         
ram_reg_0_0_cooolgate_en_gate_257_cooolDelFlop/C
                               ram_reg_0_20_cooolgate_en_gate_296_cooolDelFlop/D
                                                              4.251         
ram_reg_0_0_cooolgate_en_gate_257_cooolDelFlop/C
                               ram_reg_0_12_cooolgate_en_gate_269_cooolDelFlop/D
                                                              4.293         
ram_reg_0_0_cooolgate_en_gate_257_cooolDelFlop/C
                               ram_reg_0_25/ENBWREN           4.301         
ram_reg_0_0_cooolgate_en_gate_257_cooolDelFlop/C
                               ram_reg_0_37/ENBWREN           4.341         
ram_reg_0_0_cooolgate_en_gate_257_cooolDelFlop/C
                               ram_reg_0_16/ENBWREN           4.346         
ram_reg_0_0_cooolgate_en_gate_257_cooolDelFlop/C
                               ram_reg_0_21/ENBWREN           4.454         
ram_reg_0_0_cooolgate_en_gate_257_cooolDelFlop/C
                               ram_reg_0_9/ENBWREN            4.513         
ram_reg_0_0_cooolgate_en_gate_257_cooolDelFlop/C
                               ram_reg_0_24_cooolgate_en_gate_308_cooolDelFlop/D
                                                              4.515         
ram_reg_0_0_cooolgate_en_gate_257_cooolDelFlop/C
                               ram_reg_0_26_cooolgate_en_gate_314_cooolDelFlop/D
                                                              4.674         
ram_reg_0_0_cooolgate_en_gate_257_cooolDelFlop/C
                               ram_reg_0_56/ENBWREN           4.681         
ram_reg_0_0_cooolgate_en_gate_257_cooolDelFlop/C
                               ram_reg_0_38/ENBWREN           4.730         
ram_reg_0_0_cooolgate_en_gate_257_cooolDelFlop/C
                               ram_reg_0_35_cooolgate_en_gate_344_cooolDelFlop/D
                                                              4.912         
ram_reg_0_0_cooolgate_en_gate_257_cooolDelFlop/C
                               ram_reg_0_21_cooolgate_en_gate_299_cooolDelFlop/D
                                                              4.982         
ram_reg_0_0_cooolgate_en_gate_257_cooolDelFlop/C
                               ram_reg_0_31/ENBWREN           5.026         
ram_reg_0_0_cooolgate_en_gate_257_cooolDelFlop/C
                               ram_reg_0_10_cooolgate_en_gate_263_cooolDelFlop/D
                                                              5.039         
ram_reg_0_0_cooolgate_en_gate_257_cooolDelFlop/C
                               ram_reg_0_57/ENBWREN           5.067         
ram_reg_0_0_cooolgate_en_gate_257_cooolDelFlop/C
                               ram_reg_0_40_cooolgate_en_gate_362_cooolDelFlop/D
                                                              5.073         
ram_reg_0_0_cooolgate_en_gate_257_cooolDelFlop/C
                               ram_reg_0_19_cooolgate_en_gate_290_cooolDelFlop/D
                                                              5.143         
ram_reg_0_0_cooolgate_en_gate_257_cooolDelFlop/C
                               ram_reg_0_7/ENBWREN            5.152         
ram_reg_0_0_cooolgate_en_gate_257_cooolDelFlop/C
                               ram_reg_0_29_cooolgate_en_gate_323_cooolDelFlop/D
                                                              5.224         
ram_reg_0_0_cooolgate_en_gate_257_cooolDelFlop/C
                               ram_reg_0_17/ENBWREN           5.260         
ram_reg_0_0_cooolgate_en_gate_257_cooolDelFlop/C
                               ram_reg_0_11_cooolgate_en_gate_266_cooolDelFlop/D
                                                              5.293         
ram_reg_0_0_cooolgate_en_gate_257_cooolDelFlop/C
                               ram_reg_0_47/ENBWREN           5.325         
ram_reg_0_0_cooolgate_en_gate_257_cooolDelFlop/C
                               ram_reg_0_25_cooolgate_en_gate_311_cooolDelFlop/D
                                                              5.388         
ram_reg_0_0_cooolgate_en_gate_257_cooolDelFlop/C
                               ram_reg_0_5/ENBWREN            5.400         
ram_reg_0_0_cooolgate_en_gate_257_cooolDelFlop/C
                               ram_reg_0_59/ENBWREN           5.411         
ram_reg_0_0_cooolgate_en_gate_257_cooolDelFlop/C
                               ram_reg_0_37_cooolgate_en_gate_350_cooolDelFlop/D
                                                              5.487         
ram_reg_0_0_cooolgate_en_gate_257_cooolDelFlop/C
                               ram_reg_0_0/ENBWREN            5.507         
ram_reg_0_0_cooolgate_en_gate_257_cooolDelFlop/C
                               ram_reg_0_63/ENBWREN           5.576         
ram_reg_0_0_cooolgate_en_gate_257_cooolDelFlop/C
                               ram_reg_0_9_cooolgate_en_gate_446_cooolDelFlop/D
                                                              5.663         
ram_reg_0_0_cooolgate_en_gate_257_cooolDelFlop/C
                               ram_reg_0_52_cooolgate_en_gate_401_cooolDelFlop/D
                                                              5.670         
ram_reg_0_0_cooolgate_en_gate_257_cooolDelFlop/C
                               ram_reg_0_62/ENBWREN           5.714         
ram_reg_0_0_cooolgate_en_gate_257_cooolDelFlop/C
                               ram_reg_0_51/ENBWREN           5.750         
ram_reg_0_0_cooolgate_en_gate_257_cooolDelFlop/C
                               ram_reg_0_56_cooolgate_en_gate_413_cooolDelFlop/D
                                                              5.770         
ram_reg_0_0_cooolgate_en_gate_257_cooolDelFlop/C
                               ram_reg_0_50/ENBWREN           5.784         
ram_reg_0_0_cooolgate_en_gate_257_cooolDelFlop/C
                               ram_reg_0_60/ENBWREN           5.809         
ram_reg_0_0_cooolgate_en_gate_257_cooolDelFlop/C
                               ram_reg_0_4/ENBWREN            5.873         
ram_reg_0_0_cooolgate_en_gate_257_cooolDelFlop/C
                               ram_reg_0_38_cooolgate_en_gate_353_cooolDelFlop/D
                                                              5.876         
ram_reg_0_0_cooolgate_en_gate_257_cooolDelFlop/C
                               ram_reg_0_8/ENBWREN            5.907         
ram_reg_0_0_cooolgate_en_gate_257_cooolDelFlop/C
                               ram_reg_0_44/ENBWREN           5.918         
ram_reg_0_0_cooolgate_en_gate_257_cooolDelFlop/C
                               ram_reg_0_61/ENBWREN           5.999         
ram_reg_0_0_cooolgate_en_gate_257_cooolDelFlop/C
                               ram_reg_0_31_cooolgate_en_gate_332_cooolDelFlop/D
                                                              6.081         
ram_reg_0_0_cooolgate_en_gate_257_cooolDelFlop/C
                               ram_reg_0_62_cooolgate_en_gate_434_cooolDelFlop/D
                                                              6.243         
ram_reg_0_0_cooolgate_en_gate_257_cooolDelFlop/C
                               ram_reg_0_7_cooolgate_en_gate_440_cooolDelFlop/D
                                                              6.298         
ram_reg_0_0_cooolgate_en_gate_257_cooolDelFlop/C
                               ram_reg_0_57_cooolgate_en_gate_416_cooolDelFlop/D
                                                              6.320         
ram_reg_0_0_cooolgate_en_gate_257_cooolDelFlop/C
                               ram_reg_0_16_cooolgate_en_gate_281_cooolDelFlop/D
                                                              6.350         
ram_reg_0_0_cooolgate_en_gate_257_cooolDelFlop/C
                               ram_reg_0_54/ENBWREN           6.379         
ram_reg_0_0_cooolgate_en_gate_257_cooolDelFlop/C
                               ram_reg_0_5_cooolgate_en_gate_392_cooolDelFlop/D
                                                              6.392         
ram_reg_0_0_cooolgate_en_gate_257_cooolDelFlop/C
                               ram_reg_0_45/ENBWREN           6.420         
ram_reg_0_0_cooolgate_en_gate_257_cooolDelFlop/C
                               ram_reg_0_42/ENBWREN           6.431         
ram_reg_0_0_cooolgate_en_gate_257_cooolDelFlop/C
                               ram_reg_0_49/ENBWREN           6.491         
ram_reg_0_0_cooolgate_en_gate_257_cooolDelFlop/C
                               ram_reg_0_48/ENBWREN           6.505         
ram_reg_0_0_cooolgate_en_gate_257_cooolDelFlop/C
                               ram_reg_0_63_cooolgate_en_gate_437_cooolDelFlop/D
                                                              6.535         
ram_reg_0_0_cooolgate_en_gate_257_cooolDelFlop/C
                               ram_reg_0_55/ENBWREN           6.576         
ram_reg_0_0_cooolgate_en_gate_257_cooolDelFlop/C
                               ram_reg_0_43/ENBWREN           6.600         
ram_reg_0_0_cooolgate_en_gate_257_cooolDelFlop/C
                               ram_reg_0_0_cooolgate_en_gate_257_cooolDelFlop_1/D
                                                              6.630         
ram_reg_0_0_cooolgate_en_gate_257_cooolDelFlop/C
                               ram_reg_0_58/ENBWREN           6.711         
ram_reg_0_0_cooolgate_en_gate_257_cooolDelFlop/C
                               ram_reg_0_59_cooolgate_en_gate_422_cooolDelFlop/D
                                                              6.721         
ram_reg_0_0_cooolgate_en_gate_257_cooolDelFlop/C
                               ram_reg_0_46/ENBWREN           6.744         
ram_reg_0_0_cooolgate_en_gate_257_cooolDelFlop/C
                               ram_reg_0_17_cooolgate_en_gate_284_cooolDelFlop/D
                                                              6.801         
ram_reg_0_0_cooolgate_en_gate_257_cooolDelFlop/C
                               ram_reg_0_60_cooolgate_en_gate_428_cooolDelFlop/D
                                                              6.972         



