Copyright 1986-2018 Xilinx, Inc. All Rights Reserved.
---------------------------------------------------------------------------------------------------------------------------------------------------------------------------------------------------------------
| Tool Version : Vivado v.2018.3 (lin64) Build 2405991 Thu Dec  6 23:36:41 MST 2018
| Date         : Tue Jan 11 22:17:20 2022
| Host         : koopa.ece.utexas.edu running 64-bit CentOS Linux release 7.9.2009 (Core)
| Command      : report_timing -sort_by group -max_paths 100 -path_type summary -file /misc/scratch/zwei1/reports_Jan12/raw_designs/vtr_designs/verilog/LU32PEEng_submodules/memcmd_fifo/post_route_timing.rpt
| Design       : memcmd_fifo
| Device       : 7z020-clg484
| Speed File   : -3  PRODUCTION 1.11 2014-09-11
---------------------------------------------------------------------------------------------------------------------------------------------------------------------------------------------------------------

Timing Report

Startpoint                     Endpoint                       Slack(ns)     
----------------------------------------------------------------------------
status_cnt_reg[1]/C            status_cnt_reg[1]/CE           7.907         
status_cnt_reg[1]/C            status_cnt_reg[2]/CE           7.907         
status_cnt_reg[1]/C            status_cnt_reg[3]/CE           7.907         
status_cnt_reg[1]/C            status_cnt_reg[4]/CE           7.907         
status_cnt_reg[1]/C            status_cnt_reg[0]/CE           7.974         
wr_pointer_reg[1]/C            ram_addr/ram_reg/ADDRARDADDR[6]
                                                              8.473         
rd_pointer_reg[1]/C            ram_addr/ram_reg/ADDRBWRADDR[6]
                                                              8.580         
rd_pointer_reg[0]/C            ram_addr/ram_reg/ADDRBWRADDR[5]
                                                              8.589         
wr_pointer_reg[0]/C            ram_addr/ram_reg/ADDRARDADDR[5]
                                                              8.704         
rd_pointer_reg[1]/C            rd_pointer_reg[1]/D            8.843         
wr_pointer_reg[1]/C            wr_pointer_reg[1]/D            8.847         
status_cnt_reg[4]/C            status_cnt_reg[2]/D            8.856         
status_cnt_reg[4]/C            status_cnt_reg[3]/D            8.859         
status_cnt_reg[0]/C            status_cnt_reg[1]/D            8.917         
status_cnt_reg[0]/C            status_cnt_reg[4]/D            8.919         
status_cnt_reg[0]/C            status_cnt_reg[0]/D            9.083         
rd_pointer_reg[0]/C            rd_pointer_reg[0]/D            9.135         
wr_pointer_reg[0]/C            wr_pointer_reg[0]/D            9.164         



