Copyright 1986-2018 Xilinx, Inc. All Rights Reserved.
----------------------------------------------------------------------------------------------------------------------------------------------------------------------------------------------------------------------------------------
| Tool Version : Vivado v.2018.3 (lin64) Build 2405991 Thu Dec  6 23:36:41 MST 2018
| Date         : Thu Jan 13 00:00:54 2022
| Host         : koopa.ece.utexas.edu running 64-bit CentOS Linux release 7.9.2009 (Core)
| Command      : report_timing -sort_by group -max_paths 100 -path_type summary -file /misc/scratch/zwei1/reports_Jan12/raw_designs/vtr_designs/verilog/koios/conv_layer_hls_submodules/td_fused_top_tdf3_accum_1/post_route_timing.rpt
| Design       : td_fused_top_tdf3_accum_1
| Device       : 7z020-clg484
| Speed File   : -3  PRODUCTION 1.11 2014-09-11
----------------------------------------------------------------------------------------------------------------------------------------------------------------------------------------------------------------------------------------

Timing Report

Startpoint                     Endpoint                       Slack(ns)     
----------------------------------------------------------------------------
hadd_16ns_16ns_16_2_full_dsp_1_U254/din0_buf1_reg[3]/C
                               psum_2_reg_563_reg[12]/D       0.105         
hadd_16ns_16ns_16_2_full_dsp_1_U254/din0_buf1_reg[3]/C
                               psum_4_reg_583_reg[12]/D       0.105         
hadd_16ns_16ns_16_2_full_dsp_1_U254/din0_buf1_reg[3]/C
                               psum_6_07_reg_192_reg[14]/D    0.243         
hadd_16ns_16ns_16_2_full_dsp_1_U254/din0_buf1_reg[3]/C
                               psum_4_reg_583_reg[11]/D       0.254         
hadd_16ns_16ns_16_2_full_dsp_1_U254/din0_buf1_reg[3]/C
                               psum_2_reg_563_reg[14]/D       0.259         
hadd_16ns_16ns_16_2_full_dsp_1_U254/din0_buf1_reg[3]/C
                               psum_6_07_reg_192_reg[7]/D     0.285         
hadd_16ns_16ns_16_2_full_dsp_1_U254/din0_buf1_reg[3]/C
                               psum_0_reg_538_reg[12]/D       0.296         
hadd_16ns_16ns_16_2_full_dsp_1_U255/din0_buf1_reg[3]/C
                               psum_7_08_reg_180_reg[14]/D    0.298         
hadd_16ns_16ns_16_2_full_dsp_1_U254/din0_buf1_reg[3]/C
                               psum_4_reg_583_reg[7]/D        0.309         
hadd_16ns_16ns_16_2_full_dsp_1_U254/din0_buf1_reg[3]/C
                               psum_6_07_reg_192_reg[12]/D    0.335         
hadd_16ns_16ns_16_2_full_dsp_1_U254/din0_buf1_reg[3]/C
                               psum_0_reg_538_reg[14]/D       0.357         
hadd_16ns_16ns_16_2_full_dsp_1_U254/din0_buf1_reg[3]/C
                               psum_4_reg_583_reg[3]/D        0.368         
hadd_16ns_16ns_16_2_full_dsp_1_U254/din0_buf1_reg[3]/C
                               psum_4_reg_583_reg[4]/D        0.374         
hadd_16ns_16ns_16_2_full_dsp_1_U255/din0_buf1_reg[3]/C
                               psum_7_08_reg_180_reg[10]/R    0.374         
hadd_16ns_16ns_16_2_full_dsp_1_U255/din0_buf1_reg[3]/C
                               psum_7_08_reg_180_reg[12]/R    0.374         
hadd_16ns_16ns_16_2_full_dsp_1_U255/din0_buf1_reg[3]/C
                               psum_7_08_reg_180_reg[13]/R    0.374         
hadd_16ns_16ns_16_2_full_dsp_1_U255/din0_buf1_reg[3]/C
                               psum_7_08_reg_180_reg[14]/R    0.374         
hadd_16ns_16ns_16_2_full_dsp_1_U255/din0_buf1_reg[3]/C
                               psum_5_reg_588_reg[14]/D       0.388         
hadd_16ns_16ns_16_2_full_dsp_1_U254/din0_buf1_reg[3]/C
                               psum_6_07_reg_192_reg[3]/D     0.388         
hadd_16ns_16ns_16_2_full_dsp_1_U254/din0_buf1_reg[3]/C
                               psum_2_reg_563_reg[4]/D        0.389         
hadd_16ns_16ns_16_2_full_dsp_1_U254/din0_buf1_reg[3]/C
                               psum_6_07_reg_192_reg[4]/D     0.400         
hadd_16ns_16ns_16_2_full_dsp_1_U255/din0_buf1_reg[3]/C
                               psum_1_reg_543_reg[14]/D       0.404         
hadd_16ns_16ns_16_2_full_dsp_1_U254/din0_buf1_reg[3]/C
                               psum_2_reg_563_reg[11]/D       0.406         
hadd_16ns_16ns_16_2_full_dsp_1_U254/din0_buf1_reg[3]/C
                               psum_0_reg_538_reg[4]/D        0.407         
hadd_16ns_16ns_16_2_full_dsp_1_U254/din0_buf1_reg[3]/C
                               psum_0_reg_538_reg[7]/D        0.412         
hadd_16ns_16ns_16_2_full_dsp_1_U255/din0_buf1_reg[3]/C
                               psum_3_reg_568_reg[10]/R       0.447         
hadd_16ns_16ns_16_2_full_dsp_1_U255/din0_buf1_reg[3]/C
                               psum_3_reg_568_reg[12]/R       0.447         
hadd_16ns_16ns_16_2_full_dsp_1_U255/din0_buf1_reg[3]/C
                               psum_3_reg_568_reg[13]/R       0.447         
hadd_16ns_16ns_16_2_full_dsp_1_U255/din0_buf1_reg[3]/C
                               psum_3_reg_568_reg[14]/R       0.447         
hadd_16ns_16ns_16_2_full_dsp_1_U254/din0_buf1_reg[3]/C
                               psum_0_reg_538_reg[5]/D        0.450         
hadd_16ns_16ns_16_2_full_dsp_1_U254/din0_buf1_reg[3]/C
                               psum_0_reg_538_reg[11]/D       0.454         
hadd_16ns_16ns_16_2_full_dsp_1_U254/din0_buf1_reg[3]/C
                               psum_0_reg_538_reg[3]/D        0.458         
hadd_16ns_16ns_16_2_full_dsp_1_U254/din0_buf1_reg[3]/C
                               psum_4_reg_583_reg[14]/D       0.459         
hadd_16ns_16ns_16_2_full_dsp_1_U254/din0_buf1_reg[3]/C
                               psum_4_reg_583_reg[5]/D        0.464         
hadd_16ns_16ns_16_2_full_dsp_1_U254/din0_buf1_reg[3]/C
                               psum_0_reg_538_reg[13]/D       0.468         
hadd_16ns_16ns_16_2_full_dsp_1_U254/din0_buf1_reg[3]/C
                               psum_6_07_reg_192_reg[11]/D    0.488         
hadd_16ns_16ns_16_2_full_dsp_1_U255/din0_buf1_reg[3]/C
                               psum_3_reg_568_reg[14]/D       0.494         
hadd_16ns_16ns_16_2_full_dsp_1_U254/din0_buf1_reg[3]/C
                               psum_2_reg_563_reg[7]/D        0.505         
hadd_16ns_16ns_16_2_full_dsp_1_U255/din0_buf1_reg[3]/C
                               psum_3_reg_568_reg[8]/D        0.516         
hadd_16ns_16ns_16_2_full_dsp_1_U255/din0_buf1_reg[3]/C
                               psum_5_reg_588_reg[10]/R       0.521         
hadd_16ns_16ns_16_2_full_dsp_1_U255/din0_buf1_reg[3]/C
                               psum_5_reg_588_reg[8]/D        0.535         
hadd_16ns_16ns_16_2_full_dsp_1_U254/din0_buf1_reg[3]/C
                               psum_6_07_reg_192_reg[5]/D     0.536         
hadd_16ns_16ns_16_2_full_dsp_1_U255/din0_buf1_reg[3]/C
                               psum_5_reg_588_reg[12]/R       0.546         
hadd_16ns_16ns_16_2_full_dsp_1_U255/din0_buf1_reg[3]/C
                               psum_5_reg_588_reg[13]/R       0.546         
hadd_16ns_16ns_16_2_full_dsp_1_U255/din0_buf1_reg[3]/C
                               psum_5_reg_588_reg[14]/R       0.546         
hadd_16ns_16ns_16_2_full_dsp_1_U254/din0_buf1_reg[3]/C
                               psum_6_07_reg_192_reg[8]/D     0.551         
hadd_16ns_16ns_16_2_full_dsp_1_U254/din0_buf1_reg[3]/C
                               psum_4_reg_583_reg[10]/R       0.564         
hadd_16ns_16ns_16_2_full_dsp_1_U254/din0_buf1_reg[3]/C
                               psum_4_reg_583_reg[12]/R       0.564         
hadd_16ns_16ns_16_2_full_dsp_1_U254/din0_buf1_reg[3]/C
                               psum_4_reg_583_reg[13]/R       0.564         
hadd_16ns_16ns_16_2_full_dsp_1_U254/din0_buf1_reg[3]/C
                               psum_4_reg_583_reg[14]/R       0.564         
hadd_16ns_16ns_16_2_full_dsp_1_U254/din0_buf1_reg[3]/C
                               psum_2_reg_563_reg[10]/R       0.572         
hadd_16ns_16ns_16_2_full_dsp_1_U254/din0_buf1_reg[3]/C
                               psum_2_reg_563_reg[12]/R       0.572         
hadd_16ns_16ns_16_2_full_dsp_1_U254/din0_buf1_reg[3]/C
                               psum_2_reg_563_reg[13]/R       0.572         
hadd_16ns_16ns_16_2_full_dsp_1_U254/din0_buf1_reg[3]/C
                               psum_2_reg_563_reg[14]/R       0.572         
hadd_16ns_16ns_16_2_full_dsp_1_U254/din0_buf1_reg[3]/C
                               psum_2_reg_563_reg[13]/D       0.572         
hadd_16ns_16ns_16_2_full_dsp_1_U254/din0_buf1_reg[3]/C
                               psum_4_reg_583_reg[13]/D       0.572         
hadd_16ns_16ns_16_2_full_dsp_1_U255/din0_buf1_reg[3]/C
                               psum_3_reg_568_reg[3]/D        0.575         
hadd_16ns_16ns_16_2_full_dsp_1_U254/din0_buf1_reg[3]/C
                               psum_4_reg_583_reg[9]/D        0.579         
hadd_16ns_16ns_16_2_full_dsp_1_U254/din0_buf1_reg[3]/C
                               psum_6_07_reg_192_reg[10]/R    0.600         
hadd_16ns_16ns_16_2_full_dsp_1_U254/din0_buf1_reg[3]/C
                               psum_6_07_reg_192_reg[12]/R    0.600         
hadd_16ns_16ns_16_2_full_dsp_1_U254/din0_buf1_reg[3]/C
                               psum_6_07_reg_192_reg[13]/R    0.600         
hadd_16ns_16ns_16_2_full_dsp_1_U254/din0_buf1_reg[3]/C
                               psum_6_07_reg_192_reg[14]/R    0.600         
hadd_16ns_16ns_16_2_full_dsp_1_U255/din0_buf1_reg[3]/C
                               psum_1_reg_543_reg[10]/R       0.607         
hadd_16ns_16ns_16_2_full_dsp_1_U255/din0_buf1_reg[3]/C
                               psum_7_08_reg_180_reg[5]/D     0.610         
hadd_16ns_16ns_16_2_full_dsp_1_U255/din0_buf1_reg[3]/C
                               psum_7_08_reg_180_reg[13]/D    0.610         
hadd_16ns_16ns_16_2_full_dsp_1_U254/din0_buf1_reg[3]/C
                               psum_2_reg_563_reg[6]/D        0.613         
hadd_16ns_16ns_16_2_full_dsp_1_U254/din0_buf1_reg[3]/C
                               psum_0_reg_538_reg[9]/D        0.618         
hadd_16ns_16ns_16_2_full_dsp_1_U255/din0_buf1_reg[3]/C
                               psum_1_reg_543_reg[12]/R       0.620         
hadd_16ns_16ns_16_2_full_dsp_1_U255/din0_buf1_reg[3]/C
                               psum_1_reg_543_reg[13]/R       0.620         
hadd_16ns_16ns_16_2_full_dsp_1_U255/din0_buf1_reg[3]/C
                               psum_1_reg_543_reg[14]/R       0.620         
hadd_16ns_16ns_16_2_full_dsp_1_U255/din0_buf1_reg[3]/C
                               psum_1_reg_543_reg[3]/D        0.637         
hadd_16ns_16ns_16_2_full_dsp_1_U255/din0_buf1_reg[3]/C
                               psum_5_reg_588_reg[3]/D        0.642         
hadd_16ns_16ns_16_2_full_dsp_1_U254/din0_buf1_reg[3]/C
                               psum_2_reg_563_reg[8]/D        0.646         
hadd_16ns_16ns_16_2_full_dsp_1_U255/din0_buf1_reg[3]/C
                               psum_1_reg_543_reg[8]/D        0.651         
hadd_16ns_16ns_16_2_full_dsp_1_U255/din0_buf1_reg[3]/C
                               psum_7_08_reg_180_reg[3]/D     0.652         
hadd_16ns_16ns_16_2_full_dsp_1_U254/din0_buf1_reg[3]/C
                               psum_6_07_reg_192_reg[9]/D     0.652         
hadd_16ns_16ns_16_2_full_dsp_1_U254/din0_buf1_reg[3]/C
                               psum_0_reg_538_reg[10]/D       0.656         
hadd_16ns_16ns_16_2_full_dsp_1_U255/din0_buf1_reg[3]/C
                               psum_3_reg_568_reg[5]/D        0.660         
hadd_16ns_16ns_16_2_full_dsp_1_U255/din0_buf1_reg[3]/C
                               psum_7_08_reg_180_reg[8]/D     0.661         
hadd_16ns_16ns_16_2_full_dsp_1_U255/din0_buf1_reg[3]/C
                               psum_5_reg_588_reg[13]/D       0.661         
hadd_16ns_16ns_16_2_full_dsp_1_U254/din0_buf1_reg[3]/C
                               psum_0_reg_538_reg[8]/D        0.669         
hadd_16ns_16ns_16_2_full_dsp_1_U255/din0_buf1_reg[3]/C
                               psum_5_reg_588_reg[10]/D       0.675         
hadd_16ns_16ns_16_2_full_dsp_1_U255/din0_buf1_reg[3]/C
                               psum_3_reg_568_reg[11]/D       0.680         
hadd_16ns_16ns_16_2_full_dsp_1_U254/din0_buf1_reg[3]/C
                               psum_6_07_reg_192_reg[13]/D    0.691         
hadd_16ns_16ns_16_2_full_dsp_1_U254/din0_buf1_reg[3]/C
                               psum_4_reg_583_reg[8]/D        0.694         
hadd_16ns_16ns_16_2_full_dsp_1_U255/din0_buf1_reg[3]/C
                               psum_1_reg_543_reg[11]/D       0.699         
hadd_16ns_16ns_16_2_full_dsp_1_U254/din0_buf1_reg[3]/C
                               psum_0_reg_538_reg[10]/R       0.707         
hadd_16ns_16ns_16_2_full_dsp_1_U254/din0_buf1_reg[3]/C
                               psum_0_reg_538_reg[12]/R       0.707         
hadd_16ns_16ns_16_2_full_dsp_1_U254/din0_buf1_reg[3]/C
                               psum_0_reg_538_reg[13]/R       0.707         
hadd_16ns_16ns_16_2_full_dsp_1_U254/din0_buf1_reg[3]/C
                               psum_0_reg_538_reg[14]/R       0.707         
hadd_16ns_16ns_16_2_full_dsp_1_U255/din0_buf1_reg[3]/C
                               psum_5_reg_588_reg[6]/D        0.709         
hadd_16ns_16ns_16_2_full_dsp_1_U255/din0_buf1_reg[3]/C
                               psum_7_08_reg_180_reg[7]/D     0.710         
hadd_16ns_16ns_16_2_full_dsp_1_U255/din0_buf1_reg[3]/C
                               psum_3_reg_568_reg[6]/D        0.735         
hadd_16ns_16ns_16_2_full_dsp_1_U255/din0_buf1_reg[3]/C
                               psum_1_reg_543_reg[5]/D        0.736         
hadd_16ns_16ns_16_2_full_dsp_1_U255/din0_buf1_reg[3]/C
                               psum_1_reg_543_reg[12]/D       0.739         
hadd_16ns_16ns_16_2_full_dsp_1_U254/din0_buf1_reg[3]/C
                               psum_2_reg_563_reg[10]/D       0.740         
hadd_16ns_16ns_16_2_full_dsp_1_U255/din0_buf1_reg[3]/C
                               psum_3_reg_568_reg[10]/D       0.742         
hadd_16ns_16ns_16_2_full_dsp_1_U255/din0_buf1_reg[3]/C
                               psum_5_reg_588_reg[9]/D        0.749         
hadd_16ns_16ns_16_2_full_dsp_1_U255/din0_buf1_reg[3]/C
                               psum_5_reg_588_reg[5]/D        0.755         
hadd_16ns_16ns_16_2_full_dsp_1_U254/din0_buf1_reg[3]/C
                               psum_6_07_reg_192_reg[10]/D    0.760         



