Copyright 1986-2018 Xilinx, Inc. All Rights Reserved.
-----------------------------------------------------------------------------------------------------------------------------------------------------------------------
| Tool Version : Vivado v.2018.3 (lin64) Build 2405991 Thu Dec  6 23:36:41 MST 2018
| Date         : Thu Jan 13 03:12:27 2022
| Host         : koopa.ece.utexas.edu running 64-bit CentOS Linux release 7.9.2009 (Core)
| Command      : report_timing_summary -file /misc/scratch/zwei1/reports_Jan12/raw_designs/vtr_designs/verilog/koios/spmv_submodules/bvb/post_place_timing_summary.rpt
| Design       : bvb
| Device       : 7z020-clg484
| Speed File   : -3  PRODUCTION 1.11 2014-09-11
-----------------------------------------------------------------------------------------------------------------------------------------------------------------------

Timing Summary Report

------------------------------------------------------------------------------------------------
| Timer Settings
| --------------
------------------------------------------------------------------------------------------------

  Enable Multi Corner Analysis               :  Yes
  Enable Pessimism Removal                   :  Yes
  Pessimism Removal Resolution               :  Nearest Common Node
  Enable Input Delay Default Clock           :  No
  Enable Preset / Clear Arcs                 :  No
  Disable Flight Delays                      :  No
  Ignore I/O Paths                           :  No
  Timing Early Launch at Borrowing Latches   :  false

  Corner  Analyze    Analyze    
  Name    Max Paths  Min Paths  
  ------  ---------  ---------  
  Slow    Yes        Yes        
  Fast    Yes        Yes        



check_timing report

Table of Contents
-----------------
1. checking no_clock
2. checking constant_clock
3. checking pulse_width_clock
4. checking unconstrained_internal_endpoints
5. checking no_input_delay
6. checking no_output_delay
7. checking multiple_clock
8. checking generated_clocks
9. checking loops
10. checking partial_input_delay
11. checking partial_output_delay
12. checking latch_loops

1. checking no_clock
--------------------
 There are 0 register/latch pins with no clock.


2. checking constant_clock
--------------------------
 There are 0 register/latch pins with constant_clock.


3. checking pulse_width_clock
-----------------------------
 There are 0 register/latch pins which need pulse_width check


4. checking unconstrained_internal_endpoints
--------------------------------------------
 There are 0 pins that are not constrained for maximum delay.

 There are 0 pins that are not constrained for maximum delay due to constant clock.


5. checking no_input_delay
--------------------------
 There are 66 input ports with no input delay specified. (HIGH)

 There are 0 input ports with no input delay but user has a false path constraint.


6. checking no_output_delay
---------------------------
 There are 320 ports with no output delay specified. (HIGH)

 There are 0 ports with no output delay but user has a false path constraint

 There are 0 ports with no output delay but with a timing clock defined on it or propagating through it


7. checking multiple_clock
--------------------------
 There are 0 register/latch pins with multiple clocks.


8. checking generated_clocks
----------------------------
 There are 0 generated clocks that are not connected to a clock source.


9. checking loops
-----------------
 There are 0 combinational loops in the design.


10. checking partial_input_delay
--------------------------------
 There are 0 input ports with partial input delay specified.


11. checking partial_output_delay
---------------------------------
 There are 0 ports with partial output delay specified.


12. checking latch_loops
------------------------
 There are 0 combinational latch loops in the design through latch input



------------------------------------------------------------------------------------------------
| Design Timing Summary
| ---------------------
------------------------------------------------------------------------------------------------

    WNS(ns)      TNS(ns)  TNS Failing Endpoints  TNS Total Endpoints      WHS(ns)      THS(ns)  THS Failing Endpoints  THS Total Endpoints     WPWS(ns)     TPWS(ns)  TPWS Failing Endpoints  TPWS Total Endpoints  
    -------      -------  ---------------------  -------------------      -------      -------  ---------------------  -------------------     --------     --------  ----------------------  --------------------  
      6.014        0.000                      0                 1675        0.137        0.000                      0                 1675        3.950        0.000                       0                   715  


All user specified timing constraints are met.


------------------------------------------------------------------------------------------------
| Clock Summary
| -------------
------------------------------------------------------------------------------------------------

Clock  Waveform(ns)       Period(ns)      Frequency(MHz)
-----  ------------       ----------      --------------
clk    {0.000 5.000}      10.000          100.000         


------------------------------------------------------------------------------------------------
| Intra Clock Table
| -----------------
------------------------------------------------------------------------------------------------

Clock             WNS(ns)      TNS(ns)  TNS Failing Endpoints  TNS Total Endpoints      WHS(ns)      THS(ns)  THS Failing Endpoints  THS Total Endpoints     WPWS(ns)     TPWS(ns)  TPWS Failing Endpoints  TPWS Total Endpoints  
-----             -------      -------  ---------------------  -------------------      -------      -------  ---------------------  -------------------     --------     --------  ----------------------  --------------------  
clk                 6.014        0.000                      0                 1675        0.137        0.000                      0                 1675        3.950        0.000                       0                   715  


------------------------------------------------------------------------------------------------
| Inter Clock Table
| -----------------
------------------------------------------------------------------------------------------------

From Clock    To Clock          WNS(ns)      TNS(ns)  TNS Failing Endpoints  TNS Total Endpoints      WHS(ns)      THS(ns)  THS Failing Endpoints  THS Total Endpoints  
----------    --------          -------      -------  ---------------------  -------------------      -------      -------  ---------------------  -------------------  


------------------------------------------------------------------------------------------------
| Other Path Groups Table
| -----------------------
------------------------------------------------------------------------------------------------

Path Group    From Clock    To Clock          WNS(ns)      TNS(ns)  TNS Failing Endpoints  TNS Total Endpoints      WHS(ns)      THS(ns)  THS Failing Endpoints  THS Total Endpoints  
----------    ----------    --------          -------      -------  ---------------------  -------------------      -------      -------  ---------------------  -------------------  


------------------------------------------------------------------------------------------------
| Timing Details
| --------------
------------------------------------------------------------------------------------------------


---------------------------------------------------------------------------------------------------
From Clock:  clk
  To Clock:  clk

Setup :            0  Failing Endpoints,  Worst Slack        6.014ns,  Total Violation        0.000ns
Hold  :            0  Failing Endpoints,  Worst Slack        0.137ns,  Total Violation        0.000ns
PW    :            0  Failing Endpoints,  Worst Slack        3.950ns,  Total Violation        0.000ns
---------------------------------------------------------------------------------------------------


Max Delay Paths
--------------------------------------------------------------------------------------
Slack (MET) :             6.014ns  (required time - arrival time)
  Source:                 fifo_bvb_10/rp_reg[1]/C
                            (rising edge-triggered cell FDCE clocked by clk  {rise@0.000ns fall@5.000ns period=10.000ns})
  Destination:            id_rd_en_local_reg_reg/D
                            (rising edge-triggered cell FDRE clocked by clk  {rise@0.000ns fall@5.000ns period=10.000ns})
  Path Group:             clk
  Path Type:              Setup (Max at Slow Process Corner)
  Requirement:            10.000ns  (clk rise@10.000ns - clk rise@0.000ns)
  Data Path Delay:        3.984ns  (logic 0.878ns (22.038%)  route 3.106ns (77.962%))
  Logic Levels:           5  (LUT4=1 LUT6=4)
  Clock Path Skew:        -0.035ns (DCD - SCD + CPR)
    Destination Clock Delay (DCD):    0.669ns = ( 10.669 - 10.000 ) 
    Source Clock Delay      (SCD):    0.704ns
    Clock Pessimism Removal (CPR):    0.000ns
  Clock Uncertainty:      0.035ns  ((TSJ^2 + TIJ^2)^1/2 + DJ) / 2 + PE
    Total System Jitter     (TSJ):    0.071ns
    Total Input Jitter      (TIJ):    0.000ns
    Discrete Jitter          (DJ):    0.000ns
    Phase Error              (PE):    0.000ns

    Location             Delay type                Incr(ns)  Path(ns)    Netlist Resource(s)
  -------------------------------------------------------------------    -------------------
                         (clock clk rise edge)        0.000     0.000 r  
                                                      0.000     0.000 r  clk (IN)
                         net (fo=714, unset)          0.704     0.704    fifo_bvb_10/clk
    SLICE_X8Y21          FDCE                                         r  fifo_bvb_10/rp_reg[1]/C
  -------------------------------------------------------------------    -------------------
    SLICE_X8Y21          FDCE (Prop_fdce_C_Q)         0.393     1.097 r  fifo_bvb_10/rp_reg[1]/Q
                         net (fo=10, estimated)       0.754     1.851    fifo_bvb_10/rp[1]
    SLICE_X10Y22         LUT6 (Prop_lut6_I0_O)        0.097     1.948 f  fifo_bvb_10/val_empty[10]_INST_0_i_1/O
                         net (fo=2, estimated)        0.755     2.703    fifo_bvb_10/full0__4_0
    SLICE_X13Y36         LUT6 (Prop_lut6_I0_O)        0.097     2.800 f  fifo_bvb_10/id_rd_en[31]_INST_0_i_10/O
                         net (fo=1, estimated)        0.494     3.294    fifo_bvb_26/id_rd_en[31]_INST_0_i_1_0
    SLICE_X13Y37         LUT6 (Prop_lut6_I1_O)        0.097     3.391 f  fifo_bvb_26/id_rd_en[31]_INST_0_i_3/O
                         net (fo=1, estimated)        0.703     4.094    fifo_bvb_26/id_rd_en[31]_INST_0_i_3_n_0
    SLICE_X20Y40         LUT6 (Prop_lut6_I1_O)        0.097     4.191 r  fifo_bvb_26/id_rd_en[31]_INST_0_i_1/O
                         net (fo=33, estimated)       0.400     4.591    fifo_bvb_26/id_rd_en_local
    SLICE_X16Y40         LUT4 (Prop_lut4_I0_O)        0.097     4.688 r  fifo_bvb_26/id_rd_en_local_reg_i_1/O
                         net (fo=1, routed)           0.000     4.688    fifo_bvb_26_n_33
    SLICE_X16Y40         FDRE                                         r  id_rd_en_local_reg_reg/D
  -------------------------------------------------------------------    -------------------

                         (clock clk rise edge)       10.000    10.000 r  
                                                      0.000    10.000 r  clk (IN)
                         net (fo=714, unset)          0.669    10.669    clk
    SLICE_X16Y40         FDRE                                         r  id_rd_en_local_reg_reg/C
                         clock pessimism              0.000    10.669    
                         clock uncertainty           -0.035    10.633    
    SLICE_X16Y40         FDRE (Setup_fdre_C_D)        0.069    10.702    id_rd_en_local_reg_reg
  -------------------------------------------------------------------
                         required time                         10.702    
                         arrival time                          -4.688    
  -------------------------------------------------------------------
                         slack                                  6.014    





Min Delay Paths
--------------------------------------------------------------------------------------
Slack (MET) :             0.137ns  (arrival time - required time)
  Source:                 fifo_bvb_11/wp_reg[0]/C
                            (rising edge-triggered cell FDCE clocked by clk  {rise@0.000ns fall@5.000ns period=10.000ns})
  Destination:            fifo_bvb_11/u0/ram_reg_0_7_6_7/RAMA/WADR0
                            (rising edge-triggered cell RAMD32 clocked by clk  {rise@0.000ns fall@5.000ns period=10.000ns})
  Path Group:             clk
  Path Type:              Hold (Min at Fast Process Corner)
  Requirement:            0.000ns  (clk rise@0.000ns - clk rise@0.000ns)
  Data Path Delay:        0.469ns  (logic 0.141ns (30.072%)  route 0.328ns (69.928%))
  Logic Levels:           0  
  Clock Path Skew:        0.022ns (DCD - SCD - CPR)
    Destination Clock Delay (DCD):    0.432ns
    Source Clock Delay      (SCD):    0.411ns
    Clock Pessimism Removal (CPR):    -0.000ns

    Location             Delay type                Incr(ns)  Path(ns)    Netlist Resource(s)
  -------------------------------------------------------------------    -------------------
                         (clock clk rise edge)        0.000     0.000 r  
                                                      0.000     0.000 r  clk (IN)
                         net (fo=714, unset)          0.411     0.411    fifo_bvb_11/clk
    SLICE_X11Y43         FDCE                                         r  fifo_bvb_11/wp_reg[0]/C
  -------------------------------------------------------------------    -------------------
    SLICE_X11Y43         FDCE (Prop_fdce_C_Q)         0.141     0.552 r  fifo_bvb_11/wp_reg[0]/Q
                         net (fo=14, estimated)       0.328     0.880    fifo_bvb_11/u0/ram_reg_0_7_6_7/ADDRD0
    SLICE_X10Y43         RAMD32                                       r  fifo_bvb_11/u0/ram_reg_0_7_6_7/RAMA/WADR0
  -------------------------------------------------------------------    -------------------

                         (clock clk rise edge)        0.000     0.000 r  
                                                      0.000     0.000 r  clk (IN)
                         net (fo=714, unset)          0.432     0.432    fifo_bvb_11/u0/ram_reg_0_7_6_7/WCLK
    SLICE_X10Y43         RAMD32                                       r  fifo_bvb_11/u0/ram_reg_0_7_6_7/RAMA/CLK
                         clock pessimism              0.000     0.432    
    SLICE_X10Y43         RAMD32 (Hold_ramd32_CLK_WADR0)
                                                      0.310     0.742    fifo_bvb_11/u0/ram_reg_0_7_6_7/RAMA
  -------------------------------------------------------------------
                         required time                         -0.742    
                         arrival time                           0.880    
  -------------------------------------------------------------------
                         slack                                  0.137    





Pulse Width Checks
--------------------------------------------------------------------------------------
Clock Name:         clk
Waveform(ns):       { 0.000 5.000 }
Period(ns):         10.000
Sources:            { clk }

Check Type        Corner  Lib Pin     Reference Pin  Required(ns)  Actual(ns)  Slack(ns)  Location      Pin
Min Period        n/a     FDCE/C      n/a            1.000         10.000      9.000      SLICE_X19Y39  counter_delay_reg[0]/C
Low Pulse Width   Slow    RAMD32/CLK  n/a            1.050         5.000       3.950      SLICE_X20Y34  fifo_bvb_12/u0/ram_reg_0_7_6_7/RAMA/CLK
High Pulse Width  Slow    RAMD32/CLK  n/a            1.050         5.000       3.950      SLICE_X20Y34  fifo_bvb_12/u0/ram_reg_0_7_6_7/RAMA/CLK



