Copyright 1986-2018 Xilinx, Inc. All Rights Reserved.
-------------------------------------------------------------------------------------------------------------------------------------------------------------------------------------------------------------------------
| Tool Version : Vivado v.2018.3 (lin64) Build 2405991 Thu Dec  6 23:36:41 MST 2018
| Date         : Wed Jan 12 21:22:21 2022
| Host         : koopa.ece.utexas.edu running 64-bit CentOS Linux release 7.9.2009 (Core)
| Command      : report_timing -sort_by group -max_paths 100 -path_type summary -file /misc/scratch/zwei1/reports_Jan12/raw_designs/opencores/arithmetic/tiny_tate_bilinear_pairing_submodules/FSM/post_route_timing.rpt
| Design       : FSM
| Device       : 7z020-clg484
| Speed File   : -3  PRODUCTION 1.11 2014-09-11
-------------------------------------------------------------------------------------------------------------------------------------------------------------------------------------------------------------------------

Timing Report

Startpoint                     Endpoint                       Slack(ns)     
----------------------------------------------------------------------------
rom_addr_reg[5]/C              loop2_reg[279]/CE              6.460         
rom_addr_reg[5]/C              loop2_reg[280]/CE              6.460         
rom_addr_reg[5]/C              loop2_reg[281]/CE              6.460         
rom_addr_reg[5]/C              loop2_reg[282]/CE              6.460         
rom_addr_reg[5]/C              loop2_reg[283]/CE              6.460         
rom_addr_reg[5]/C              loop2_reg[284]/CE              6.460         
rom_addr_reg[5]/C              loop2_reg[285]/CE              6.460         
rom_addr_reg[5]/C              loop2_reg[286]/CE              6.460         
rom_addr_reg[5]/C              loop2_reg[275]/CE              6.540         
rom_addr_reg[5]/C              loop2_reg[276]/CE              6.540         
rom_addr_reg[5]/C              loop2_reg[277]/CE              6.540         
rom_addr_reg[5]/C              loop2_reg[278]/CE              6.540         
rom_addr_reg[5]/C              loop2_reg[214]/CE              6.625         
rom_addr_reg[5]/C              loop2_reg[247]/CE              6.671         
rom_addr_reg[5]/C              loop2_reg[248]/CE              6.671         
rom_addr_reg[5]/C              loop2_reg[249]/CE              6.671         
rom_addr_reg[5]/C              loop2_reg[250]/CE              6.671         
rom_addr_reg[5]/C              loop2_reg[251]/CE              6.671         
rom_addr_reg[5]/C              loop2_reg[252]/CE              6.671         
rom_addr_reg[5]/C              loop2_reg[253]/CE              6.671         
rom_addr_reg[5]/C              loop2_reg[254]/CE              6.671         
rom_addr_reg[5]/C              loop2_reg[198]/CE              6.675         
rom_addr_reg[5]/C              loop2_reg[199]/CE              6.675         
rom_addr_reg[5]/C              loop2_reg[200]/CE              6.675         
rom_addr_reg[5]/C              loop2_reg[201]/CE              6.675         
rom_addr_reg[5]/C              loop2_reg[287]/CE              6.735         
rom_addr_reg[5]/C              loop2_reg[288]/CE              6.735         
rom_addr_reg[5]/C              loop2_reg[289]/CE              6.735         
rom_addr_reg[5]/C              loop2_reg[290]/CE              6.735         
rom_addr_reg[5]/C              loop2_reg[291]/CE              6.735         
rom_addr_reg[5]/C              loop2_reg[292]/CE              6.735         
rom_addr_reg[5]/C              loop2_reg[293]/CE              6.735         
rom_addr_reg[5]/C              loop2_reg[294]/CE              6.735         
rom_addr_reg[5]/C              loop2_reg[76]/CE               6.760         
rom_addr_reg[5]/C              loop2_reg[77]/CE               6.760         
rom_addr_reg[5]/C              loop2_reg[78]/CE               6.760         
rom_addr_reg[5]/C              loop2_reg[79]/CE               6.760         
rom_addr_reg[5]/C              loop2_reg[80]/CE               6.760         
rom_addr_reg[5]/C              loop2_reg[81]/CE               6.760         
rom_addr_reg[5]/C              loop2_reg[82]/CE               6.760         
rom_addr_reg[5]/C              loop2_reg[83]/CE               6.760         
rom_addr_reg[5]/C              loop2_reg[206]/CE              6.770         
rom_addr_reg[5]/C              loop2_reg[207]/CE              6.770         
rom_addr_reg[5]/C              loop2_reg[208]/CE              6.770         
rom_addr_reg[5]/C              loop2_reg[209]/CE              6.770         
rom_addr_reg[5]/C              loop2_reg[239]/CE              6.790         
rom_addr_reg[5]/C              loop2_reg[240]/CE              6.790         
rom_addr_reg[5]/C              loop2_reg[241]/CE              6.790         
rom_addr_reg[5]/C              loop2_reg[242]/CE              6.790         
rom_addr_reg[5]/C              loop2_reg[243]/CE              6.790         
rom_addr_reg[5]/C              loop2_reg[244]/CE              6.790         
rom_addr_reg[5]/C              loop2_reg[245]/CE              6.790         
rom_addr_reg[5]/C              loop2_reg[246]/CE              6.790         
rom_addr_reg[5]/C              loop2_reg[120]/CE              6.833         
rom_addr_reg[5]/C              loop2_reg[121]/CE              6.833         
rom_addr_reg[5]/C              loop2_reg[122]/CE              6.833         
rom_addr_reg[5]/C              loop2_reg[123]/CE              6.833         
rom_addr_reg[5]/C              loop2_reg[271]/CE              6.854         
rom_addr_reg[5]/C              loop2_reg[272]/CE              6.854         
rom_addr_reg[5]/C              loop2_reg[273]/CE              6.854         
rom_addr_reg[5]/C              loop2_reg[274]/CE              6.854         
rom_addr_reg[5]/C              loop2_reg[112]/CE              6.855         
rom_addr_reg[5]/C              loop2_reg[113]/CE              6.855         
rom_addr_reg[5]/C              loop2_reg[114]/CE              6.855         
rom_addr_reg[5]/C              loop2_reg[115]/CE              6.855         
rom_addr_reg[5]/C              loop2_reg[231]/CE              6.865         
rom_addr_reg[5]/C              loop2_reg[232]/CE              6.865         
rom_addr_reg[5]/C              loop2_reg[233]/CE              6.865         
rom_addr_reg[5]/C              loop2_reg[234]/CE              6.865         
rom_addr_reg[5]/C              loop2_reg[235]/CE              6.865         
rom_addr_reg[5]/C              loop2_reg[236]/CE              6.865         
rom_addr_reg[5]/C              loop2_reg[237]/CE              6.865         
rom_addr_reg[5]/C              loop2_reg[238]/CE              6.865         
rom_addr_reg[5]/C              loop2_reg[92]/CE               6.876         
rom_addr_reg[5]/C              loop2_reg[93]/CE               6.876         
rom_addr_reg[5]/C              loop2_reg[94]/CE               6.876         
rom_addr_reg[5]/C              loop2_reg[95]/CE               6.876         
rom_addr_reg[5]/C              loop2_reg[96]/CE               6.876         
rom_addr_reg[5]/C              loop2_reg[97]/CE               6.876         
rom_addr_reg[5]/C              loop2_reg[98]/CE               6.876         
rom_addr_reg[5]/C              loop2_reg[99]/CE               6.876         
rom_addr_reg[5]/C              loop1_reg[246]/CE              6.876         
rom_addr_reg[5]/C              loop1_reg[247]/CE              6.876         
rom_addr_reg[5]/C              loop1_reg[248]/CE              6.876         
rom_addr_reg[5]/C              loop1_reg[254]/CE              6.876         
rom_addr_reg[5]/C              loop2_reg[263]/CE              6.885         
rom_addr_reg[5]/C              loop2_reg[264]/CE              6.885         
rom_addr_reg[5]/C              loop2_reg[265]/CE              6.885         
rom_addr_reg[5]/C              loop2_reg[266]/CE              6.885         
rom_addr_reg[5]/C              loop2_reg[267]/CE              6.885         
rom_addr_reg[5]/C              loop2_reg[268]/CE              6.885         
rom_addr_reg[5]/C              loop2_reg[269]/CE              6.885         
rom_addr_reg[5]/C              loop2_reg[270]/CE              6.885         
rom_addr_reg[5]/C              loop2_reg[202]/CE              6.896         
rom_addr_reg[5]/C              loop2_reg[203]/CE              6.896         
rom_addr_reg[5]/C              loop2_reg[204]/CE              6.896         
rom_addr_reg[5]/C              loop2_reg[205]/CE              6.896         
rom_addr_reg[5]/C              loop2_reg[215]/CE              6.898         
rom_addr_reg[5]/C              loop2_reg[216]/CE              6.898         
rom_addr_reg[5]/C              loop2_reg[217]/CE              6.898         



