Copyright 1986-2018 Xilinx, Inc. All Rights Reserved.
-----------------------------------------------------------------------------------------------------------------------------------------------------------------------------------------------------------------------------------
| Tool Version : Vivado v.2018.3 (lin64) Build 2405991 Thu Dec  6 23:36:41 MST 2018
| Date         : Thu Jan 13 00:08:50 2022
| Host         : koopa.ece.utexas.edu running 64-bit CentOS Linux release 7.9.2009 (Core)
| Command      : report_timing -sort_by group -max_paths 100 -path_type summary -file /misc/scratch/zwei1/reports_Jan12/raw_designs/vtr_designs/verilog/koios/dla_like.medium_submodules/accumulator_24_30_4/post_route_timing.rpt
| Design       : accumulator_24_30_4
| Device       : 7z020-clg484
| Speed File   : -3  PRODUCTION 1.11 2014-09-11
-----------------------------------------------------------------------------------------------------------------------------------------------------------------------------------------------------------------------------------

Timing Report

Startpoint                     Endpoint                       Slack(ns)     
----------------------------------------------------------------------------
cir_shift_reg_0_reg[1]/C       out_reg_reg[28]/D              7.271         
cir_shift_reg_0_reg[1]/C       out_reg_reg[26]/D              7.277         
cir_shift_reg_0_reg[1]/C       out_reg_reg[29]/D              7.307         
cir_shift_reg_0_reg[1]/C       out_reg_reg[25]/D              7.324         
cir_shift_reg_0_reg[1]/C       out_reg_reg[27]/D              7.328         
cir_shift_reg_0_reg[1]/C       out_reg_reg[21]/D              7.351         
cir_shift_reg_0_reg[1]/C       out_reg_reg[19]/D              7.359         
cir_shift_reg_0_reg[1]/C       out_reg_reg[23]/D              7.378         
cir_shift_reg_0_reg[1]/C       out_reg_reg[22]/D              7.406         
cir_shift_reg_0_reg[1]/C       out_reg_reg[20]/D              7.432         
cir_shift_reg_0_reg[1]/C       out_reg_reg[14]/D              7.440         
cir_shift_reg_0_reg[1]/C       out_reg_reg[24]/D              7.507         
cir_shift_reg_0_reg[1]/C       out_reg_reg[17]/D              7.582         
cir_shift_reg_0_reg[1]/C       out_reg_reg[15]/D              7.628         
cir_shift_reg_0_reg[1]/C       out_reg_reg[16]/D              7.642         
cir_shift_reg_0_reg[1]/C       out_reg_reg[18]/D              7.644         
cir_shift_reg_0_reg[1]/C       out_reg_reg[13]/D              7.651         
cir_shift_reg_0_reg[1]/C       out_reg_reg[10]/D              7.675         
cir_shift_reg_0_reg[1]/C       out_reg_reg[5]/D               7.715         
cir_shift_reg_0_reg[1]/C       out_reg_reg[12]/D              7.717         
cir_shift_reg_0_reg[1]/C       out_reg_reg[8]/D               7.723         
cir_shift_reg_0_reg[1]/C       out_reg_reg[11]/D              7.726         
cir_shift_reg_0_reg[1]/C       out_reg_reg[7]/D               7.741         
cir_shift_reg_0_reg[1]/C       cir_shift_reg_3_reg[29]/D      7.754         
cir_shift_reg_0_reg[1]/C       out_reg_reg[9]/D               7.762         
cir_shift_reg_0_reg[1]/C       out_reg_reg[6]/D               7.769         
cir_shift_reg_0_reg[1]/C       out_reg_reg[4]/D               7.796         
cir_shift_reg_0_reg[1]/C       cir_shift_reg_3_reg[28]/D      7.824         
cir_shift_reg_0_reg[1]/C       cir_shift_reg_3_reg[27]/D      7.835         
cir_shift_reg_0_reg[1]/C       cir_shift_reg_3_reg[25]/D      7.843         
cir_shift_reg_0_reg[1]/C       cir_shift_reg_3_reg[26]/D      7.890         
cir_shift_reg_0_reg[1]/C       out_reg_reg[2]/D               7.902         
cir_shift_reg_0_reg[1]/C       cir_shift_reg_3_reg[24]/D      7.913         
cir_shift_reg_0_reg[1]/C       cir_shift_reg_3_reg[23]/D      7.924         
cir_shift_reg_0_reg[1]/C       cir_shift_reg_3_reg[21]/D      7.932         
cir_shift_reg_0_reg[1]/C       out_reg_reg[3]/D               7.964         
cir_shift_reg_0_reg[1]/C       cir_shift_reg_3_reg[22]/D      7.979         
cir_shift_reg_0_reg[1]/C       cir_shift_reg_3_reg[20]/D      8.002         
cir_shift_reg_0_reg[1]/C       cir_shift_reg_3_reg[19]/D      8.013         
cir_shift_reg_0_reg[1]/C       cir_shift_reg_3_reg[17]/D      8.021         
cir_shift_reg_0_reg[1]/C       cir_shift_reg_3_reg[18]/D      8.068         
cir_shift_reg_0_reg[1]/C       cir_shift_reg_3_reg[16]/D      8.091         
cir_shift_reg_0_reg[1]/C       cir_shift_reg_3_reg[15]/D      8.109         
cir_shift_reg_0_reg[1]/C       cir_shift_reg_3_reg[13]/D      8.117         
cir_shift_reg_0_reg[1]/C       cir_shift_reg_3_reg[14]/D      8.164         
cir_shift_reg_0_reg[1]/C       cir_shift_reg_3_reg[12]/D      8.187         
cir_shift_reg_0_reg[1]/C       cir_shift_reg_3_reg[11]/D      8.198         
cir_shift_reg_0_reg[1]/C       cir_shift_reg_3_reg[9]/D       8.206         
in_reg_reg[0]/C                out_reg_reg[1]/D               8.226         
cir_shift_reg_0_reg[1]/C       cir_shift_reg_3_reg[10]/D      8.253         
cir_shift_reg_0_reg[1]/C       cir_shift_reg_3_reg[8]/D       8.276         
cir_shift_reg_0_reg[1]/C       cir_shift_reg_3_reg[7]/D       8.287         
cir_shift_reg_0_reg[1]/C       cir_shift_reg_3_reg[5]/D       8.295         
cir_shift_reg_0_reg[1]/C       cir_shift_reg_3_reg[6]/D       8.342         
cir_shift_reg_0_reg[1]/C       cir_shift_reg_3_reg[4]/D       8.365         
in_reg_reg[0]/C                out_reg_reg[0]/D               8.455         
cir_shift_reg_0_reg[1]/C       cir_shift_reg_3_reg[3]/D       8.470         
cir_shift_reg_0_reg[1]/C       cir_shift_reg_3_reg[2]/D       8.515         
in_reg_reg[0]/C                cir_shift_reg_3_reg[1]/D       8.745         
in_reg_reg[0]/C                cir_shift_reg_3_reg[0]/D       8.861         
cir_shift_reg_2_reg[18]/C      cir_shift_reg_1_reg[18]/D      8.978         
cir_shift_reg_2_reg[16]/C      cir_shift_reg_1_reg[16]/D      8.981         
cir_shift_reg_2_reg[25]/C      cir_shift_reg_1_reg[25]/D      9.036         
cir_shift_reg_2_reg[29]/C      cir_shift_reg_1_reg[29]/D      9.038         
cir_shift_reg_2_reg[28]/C      cir_shift_reg_1_reg[28]/D      9.041         
cir_shift_reg_1_reg[22]/C      cir_shift_reg_0_reg[22]/D      9.052         
cir_shift_reg_1_reg[5]/C       cir_shift_reg_0_reg[5]/D       9.052         
cir_shift_reg_1_reg[8]/C       cir_shift_reg_0_reg[8]/D       9.052         
cir_shift_reg_1_reg[28]/C      cir_shift_reg_0_reg[28]/D      9.055         
cir_shift_reg_1_reg[14]/C      cir_shift_reg_0_reg[14]/D      9.067         
cir_shift_reg_2_reg[15]/C      cir_shift_reg_1_reg[15]/D      9.079         
cir_shift_reg_2_reg[19]/C      cir_shift_reg_1_reg[19]/D      9.092         
cir_shift_reg_3_reg[2]/C       cir_shift_reg_2_reg[2]/D       9.092         
cir_shift_reg_1_reg[25]/C      cir_shift_reg_0_reg[25]/D      9.098         
cir_shift_reg_2_reg[10]/C      cir_shift_reg_1_reg[10]/D      9.100         
cir_shift_reg_2_reg[21]/C      cir_shift_reg_1_reg[21]/D      9.100         
cir_shift_reg_2_reg[2]/C       cir_shift_reg_1_reg[2]/D       9.100         
cir_shift_reg_2_reg[6]/C       cir_shift_reg_1_reg[6]/D       9.100         
cir_shift_reg_1_reg[17]/C      cir_shift_reg_0_reg[17]/D      9.102         
cir_shift_reg_3_reg[12]/C      cir_shift_reg_2_reg[12]/D      9.102         
cir_shift_reg_1_reg[0]/C       cir_shift_reg_0_reg[0]/D       9.104         
cir_shift_reg_2_reg[26]/C      cir_shift_reg_1_reg[26]/D      9.105         
cir_shift_reg_3_reg[29]/C      cir_shift_reg_2_reg[29]/D      9.109         
cir_shift_reg_3_reg[24]/C      cir_shift_reg_2_reg[24]/D      9.118         
cir_shift_reg_1_reg[13]/C      cir_shift_reg_0_reg[13]/D      9.119         
cir_shift_reg_1_reg[27]/C      cir_shift_reg_0_reg[27]/D      9.119         
cir_shift_reg_1_reg[4]/C       cir_shift_reg_0_reg[4]/D       9.119         
cir_shift_reg_3_reg[10]/C      cir_shift_reg_2_reg[10]/D      9.128         
cir_shift_reg_3_reg[6]/C       cir_shift_reg_2_reg[6]/D       9.128         
cir_shift_reg_3_reg[9]/C       cir_shift_reg_2_reg[9]/D       9.131         
cir_shift_reg_1_reg[16]/C      cir_shift_reg_0_reg[16]/D      9.131         
cir_shift_reg_3_reg[28]/C      cir_shift_reg_2_reg[28]/D      9.136         
cir_shift_reg_1_reg[23]/C      cir_shift_reg_0_reg[23]/D      9.151         
cir_shift_reg_1_reg[7]/C       cir_shift_reg_0_reg[7]/D       9.151         
cir_shift_reg_1_reg[9]/C       cir_shift_reg_0_reg[9]/D       9.151         
cir_shift_reg_2_reg[11]/C      cir_shift_reg_1_reg[11]/D      9.164         
cir_shift_reg_3_reg[13]/C      cir_shift_reg_2_reg[13]/D      9.181         
cir_shift_reg_1_reg[1]/C       cir_shift_reg_0_reg[1]/D       9.201         
cir_shift_reg_1_reg[19]/C      cir_shift_reg_0_reg[19]/D      9.209         
cir_shift_reg_3_reg[0]/C       cir_shift_reg_2_reg[0]/D       9.213         



