Copyright 1986-2018 Xilinx, Inc. All Rights Reserved.
-------------------------------------------------------------------------------------------------------------------------------------------------------------------------------
| Tool Version : Vivado v.2018.3 (lin64) Build 2405991 Thu Dec  6 23:36:41 MST 2018
| Date         : Thu Jan 13 17:21:01 2022
| Host         : koopa.ece.utexas.edu running 64-bit CentOS Linux release 7.9.2009 (Core)
| Command      : report_timing_summary -file /misc/scratch/zwei1/reports_Jan12/raw_designs/vtr_designs/verilog/raygentop_submodules/resultwriter/post_synth_timing_summary.rpt
| Design       : resultwriter
| Device       : 7z020-clg484
| Speed File   : -3  PRODUCTION 1.11 2014-09-11
-------------------------------------------------------------------------------------------------------------------------------------------------------------------------------

Timing Summary Report

------------------------------------------------------------------------------------------------
| Timer Settings
| --------------
------------------------------------------------------------------------------------------------

  Enable Multi Corner Analysis               :  Yes
  Enable Pessimism Removal                   :  Yes
  Pessimism Removal Resolution               :  Nearest Common Node
  Enable Input Delay Default Clock           :  No
  Enable Preset / Clear Arcs                 :  No
  Disable Flight Delays                      :  No
  Ignore I/O Paths                           :  No
  Timing Early Launch at Borrowing Latches   :  false

  Corner  Analyze    Analyze    
  Name    Max Paths  Min Paths  
  ------  ---------  ---------  
  Slow    Yes        Yes        
  Fast    Yes        Yes        



check_timing report

Table of Contents
-----------------
1. checking no_clock
2. checking constant_clock
3. checking pulse_width_clock
4. checking unconstrained_internal_endpoints
5. checking no_input_delay
6. checking no_output_delay
7. checking multiple_clock
8. checking generated_clocks
9. checking loops
10. checking partial_input_delay
11. checking partial_output_delay
12. checking latch_loops

1. checking no_clock
--------------------
 There are 3 register/latch pins with no clock driven by root clock pin: ack (HIGH)

 There is 1 register/latch pin with no clock driven by root clock pin: hit01a (HIGH)

 There is 1 register/latch pin with no clock driven by root clock pin: hit01b (HIGH)

 There is 1 register/latch pin with no clock driven by root clock pin: hit01c (HIGH)

 There is 1 register/latch pin with no clock driven by root clock pin: hit10a (HIGH)

 There is 1 register/latch pin with no clock driven by root clock pin: hit10b (HIGH)

 There is 1 register/latch pin with no clock driven by root clock pin: hit10c (HIGH)

 There is 1 register/latch pin with no clock driven by root clock pin: valid01 (HIGH)

 There is 1 register/latch pin with no clock driven by root clock pin: valid10 (HIGH)

 There are 90 register/latch pins with no clock driven by root clock pin: FSM_sequential_state_reg[0]/Q (HIGH)

 There are 116 register/latch pins with no clock driven by root clock pin: FSM_sequential_state_reg[1]/Q (HIGH)

 There are 116 register/latch pins with no clock driven by root clock pin: FSM_sequential_state_reg[2]/Q (HIGH)

 There are 116 register/latch pins with no clock driven by root clock pin: FSM_sequential_state_reg[3]/Q (HIGH)

 There are 4 register/latch pins with no clock driven by root clock pin: process01_reg/Q (HIGH)


2. checking constant_clock
--------------------------
 There are 0 register/latch pins with constant_clock.


3. checking pulse_width_clock
-----------------------------
 There are 0 register/latch pins which need pulse_width check


4. checking unconstrained_internal_endpoints
--------------------------------------------
 There are 116 pins that are not constrained for maximum delay. (HIGH)

 There are 0 pins that are not constrained for maximum delay due to constant clock.


5. checking no_input_delay
--------------------------
 There are 382 input ports with no input delay specified. (HIGH)

 There are 0 input ports with no input delay but user has a false path constraint.


6. checking no_output_delay
---------------------------
 There are 118 ports with no output delay specified. (HIGH)

 There are 0 ports with no output delay but user has a false path constraint

 There are 0 ports with no output delay but with a timing clock defined on it or propagating through it


7. checking multiple_clock
--------------------------
 There are 0 register/latch pins with multiple clocks.


8. checking generated_clocks
----------------------------
 There are 0 generated clocks that are not connected to a clock source.


9. checking loops
-----------------
 There are 0 combinational loops in the design.


10. checking partial_input_delay
--------------------------------
 There are 0 input ports with partial input delay specified.


11. checking partial_output_delay
---------------------------------
 There are 0 ports with partial output delay specified.


12. checking latch_loops
------------------------
 There are 0 combinational latch loops in the design through latch input



------------------------------------------------------------------------------------------------
| Design Timing Summary
| ---------------------
------------------------------------------------------------------------------------------------

    WNS(ns)      TNS(ns)  TNS Failing Endpoints  TNS Total Endpoints      WHS(ns)      THS(ns)  THS Failing Endpoints  THS Total Endpoints     WPWS(ns)     TPWS(ns)  TPWS Failing Endpoints  TPWS Total Endpoints  
    -------      -------  ---------------------  -------------------      -------      -------  ---------------------  -------------------     --------     --------  ----------------------  --------------------  
      6.841        0.000                      0                  378        0.258        0.000                      0                  378        4.500        0.000                       0                   446  


All user specified timing constraints are met.


------------------------------------------------------------------------------------------------
| Clock Summary
| -------------
------------------------------------------------------------------------------------------------

Clock  Waveform(ns)       Period(ns)      Frequency(MHz)
-----  ------------       ----------      --------------
clk    {0.000 5.000}      10.000          100.000         


------------------------------------------------------------------------------------------------
| Intra Clock Table
| -----------------
------------------------------------------------------------------------------------------------

Clock             WNS(ns)      TNS(ns)  TNS Failing Endpoints  TNS Total Endpoints      WHS(ns)      THS(ns)  THS Failing Endpoints  THS Total Endpoints     WPWS(ns)     TPWS(ns)  TPWS Failing Endpoints  TPWS Total Endpoints  
-----             -------      -------  ---------------------  -------------------      -------      -------  ---------------------  -------------------     --------     --------  ----------------------  --------------------  
clk                 6.841        0.000                      0                  378        0.258        0.000                      0                  378        4.500        0.000                       0                   446  


------------------------------------------------------------------------------------------------
| Inter Clock Table
| -----------------
------------------------------------------------------------------------------------------------

From Clock    To Clock          WNS(ns)      TNS(ns)  TNS Failing Endpoints  TNS Total Endpoints      WHS(ns)      THS(ns)  THS Failing Endpoints  THS Total Endpoints  
----------    --------          -------      -------  ---------------------  -------------------      -------      -------  ---------------------  -------------------  


------------------------------------------------------------------------------------------------
| Other Path Groups Table
| -----------------------
------------------------------------------------------------------------------------------------

Path Group    From Clock    To Clock          WNS(ns)      TNS(ns)  TNS Failing Endpoints  TNS Total Endpoints      WHS(ns)      THS(ns)  THS Failing Endpoints  THS Total Endpoints  
----------    ----------    --------          -------      -------  ---------------------  -------------------      -------      -------  ---------------------  -------------------  


------------------------------------------------------------------------------------------------
| Timing Details
| --------------
------------------------------------------------------------------------------------------------


---------------------------------------------------------------------------------------------------
From Clock:  clk
  To Clock:  clk

Setup :            0  Failing Endpoints,  Worst Slack        6.841ns,  Total Violation        0.000ns
Hold  :            0  Failing Endpoints,  Worst Slack        0.258ns,  Total Violation        0.000ns
PW    :            0  Failing Endpoints,  Worst Slack        4.500ns,  Total Violation        0.000ns
---------------------------------------------------------------------------------------------------


Max Delay Paths
--------------------------------------------------------------------------------------
Slack (MET) :             6.841ns  (required time - arrival time)
  Source:                 linearmapinst/vl_reg[2]/C
                            (rising edge-triggered cell FDRE clocked by clk  {rise@0.000ns fall@5.000ns period=10.000ns})
  Destination:            linearmapinst/addr_reg[17]/D
                            (rising edge-triggered cell FDRE clocked by clk  {rise@0.000ns fall@5.000ns period=10.000ns})
  Path Group:             clk
  Path Type:              Setup (Max at Slow Process Corner)
  Requirement:            10.000ns  (clk rise@10.000ns - clk rise@0.000ns)
  Data Path Delay:        3.182ns  (logic 1.502ns (47.203%)  route 1.680ns (52.797%))
  Logic Levels:           7  (CARRY4=4 LUT2=1 LUT6=2)
  Clock Path Skew:        -0.035ns (DCD - SCD + CPR)
    Destination Clock Delay (DCD):    0.669ns = ( 10.669 - 10.000 ) 
    Source Clock Delay      (SCD):    0.704ns
    Clock Pessimism Removal (CPR):    0.000ns
  Clock Uncertainty:      0.035ns  ((TSJ^2 + TIJ^2)^1/2 + DJ) / 2 + PE
    Total System Jitter     (TSJ):    0.071ns
    Total Input Jitter      (TIJ):    0.000ns
    Discrete Jitter          (DJ):    0.000ns
    Phase Error              (PE):    0.000ns

    Location             Delay type                Incr(ns)  Path(ns)    Netlist Resource(s)
  -------------------------------------------------------------------    -------------------
                         (clock clk rise edge)        0.000     0.000 r  
                                                      0.000     0.000 r  clk (IN)
                         net (fo=445, unset)          0.704     0.704    linearmapinst/clk
                         FDRE                                         r  linearmapinst/vl_reg[2]/C
  -------------------------------------------------------------------    -------------------
                         FDRE (Prop_fdre_C_Q)         0.393     1.097 r  linearmapinst/vl_reg[2]/Q
                         net (fo=5, unplaced)         0.723     1.820    linearmapinst/data3[5]
                         LUT6 (Prop_lut6_I0_O)        0.199     2.019 r  linearmapinst/__0_carry_i_9/O
                         net (fo=3, unplaced)         0.319     2.338    linearmapinst/__0_carry_i_9_n_0
                         LUT6 (Prop_lut6_I5_O)        0.097     2.435 r  linearmapinst/__0_carry_i_11/O
                         net (fo=3, unplaced)         0.319     2.754    linearmapinst/p_0_out[5]
                         LUT2 (Prop_lut2_I1_O)        0.097     2.851 r  linearmapinst/__0_carry_i_2/O
                         net (fo=1, unplaced)         0.319     3.170    linearmapinst/__0_carry_i_2_n_0
                         CARRY4 (Prop_carry4_DI[2]_CO[3])
                                                      0.298     3.468 r  linearmapinst/__0_carry__0/CO[3]
                         net (fo=1, unplaced)         0.000     3.468    linearmapinst/__0_carry__0_n_0
                         CARRY4 (Prop_carry4_CI_CO[3])
                                                      0.092     3.560 r  linearmapinst/__0_carry__1/CO[3]
                         net (fo=1, unplaced)         0.000     3.560    linearmapinst/__0_carry__1_n_0
                         CARRY4 (Prop_carry4_CI_CO[3])
                                                      0.092     3.652 r  linearmapinst/__0_carry__2/CO[3]
                         net (fo=1, unplaced)         0.000     3.652    linearmapinst/__0_carry__2_n_0
                         CARRY4 (Prop_carry4_CI_O[1])
                                                      0.234     3.886 r  linearmapinst/__0_carry__3/O[1]
                         net (fo=1, unplaced)         0.000     3.886    linearmapinst/__0_carry__3_n_6
                         FDRE                                         r  linearmapinst/addr_reg[17]/D
  -------------------------------------------------------------------    -------------------

                         (clock clk rise edge)       10.000    10.000 r  
                                                      0.000    10.000 r  clk (IN)
                         net (fo=445, unset)          0.669    10.669    linearmapinst/clk
                         FDRE                                         r  linearmapinst/addr_reg[17]/C
                         clock pessimism              0.000    10.669    
                         clock uncertainty           -0.035    10.633    
                         FDRE (Setup_fdre_C_D)        0.094    10.727    linearmapinst/addr_reg[17]
  -------------------------------------------------------------------
                         required time                         10.727    
                         arrival time                          -3.886    
  -------------------------------------------------------------------
                         slack                                  6.841    





Min Delay Paths
--------------------------------------------------------------------------------------
Slack (MET) :             0.258ns  (arrival time - required time)
  Source:                 shadedatac_reg[0]/C
                            (rising edge-triggered cell FDRE clocked by clk  {rise@0.000ns fall@5.000ns period=10.000ns})
  Destination:            dataout_reg[0]/D
                            (rising edge-triggered cell FDRE clocked by clk  {rise@0.000ns fall@5.000ns period=10.000ns})
  Path Group:             clk
  Path Type:              Hold (Min at Fast Process Corner)
  Requirement:            0.000ns  (clk rise@0.000ns - clk rise@0.000ns)
  Data Path Delay:        0.291ns  (logic 0.164ns (56.322%)  route 0.127ns (43.678%))
  Logic Levels:           0  
  Clock Path Skew:        0.022ns (DCD - SCD - CPR)
    Destination Clock Delay (DCD):    0.432ns
    Source Clock Delay      (SCD):    0.411ns
    Clock Pessimism Removal (CPR):    -0.000ns

    Location             Delay type                Incr(ns)  Path(ns)    Netlist Resource(s)
  -------------------------------------------------------------------    -------------------
                         (clock clk rise edge)        0.000     0.000 r  
                                                      0.000     0.000 r  clk (IN)
                         net (fo=445, unset)          0.411     0.411    clk
                         FDRE                                         r  shadedatac_reg[0]/C
  -------------------------------------------------------------------    -------------------
                         FDRE (Prop_fdre_C_Q)         0.164     0.575 r  shadedatac_reg[0]/Q
                         net (fo=1, unplaced)         0.127     0.702    p_2_in[0]
                         FDRE                                         r  dataout_reg[0]/D
  -------------------------------------------------------------------    -------------------

                         (clock clk rise edge)        0.000     0.000 r  
                                                      0.000     0.000 r  clk (IN)
                         net (fo=445, unset)          0.432     0.432    clk
                         FDRE                                         r  dataout_reg[0]/C
                         clock pessimism              0.000     0.432    
                         FDRE (Hold_fdre_C_D)         0.012     0.444    dataout_reg[0]
  -------------------------------------------------------------------
                         required time                         -0.444    
                         arrival time                           0.702    
  -------------------------------------------------------------------
                         slack                                  0.258    





Pulse Width Checks
--------------------------------------------------------------------------------------
Clock Name:         clk
Waveform(ns):       { 0.000 5.000 }
Period(ns):         10.000
Sources:            { clk }

Check Type        Corner  Lib Pin  Reference Pin  Required(ns)  Actual(ns)  Slack(ns)  Location  Pin
Min Period        n/a     FDRE/C   n/a            1.000         10.000      9.000                bilinearimp/gul_reg[0]/C
Low Pulse Width   Slow    FDRE/C   n/a            0.500         5.000       4.500                bilinearimp/gul_reg[0]/C
High Pulse Width  Slow    FDRE/C   n/a            0.500         5.000       4.500                bilinearimp/gul_reg[0]/C



