Copyright 1986-2018 Xilinx, Inc. All Rights Reserved.
---------------------------------------------------------------------------------------------------------------------------------------------------------------------------------------------------------------------------------------------------------------------------------
| Tool Version : Vivado v.2018.3 (lin64) Build 2405991 Thu Dec  6 23:36:41 MST 2018
| Date         : Wed Jan 12 04:44:42 2022
| Host         : koopa.ece.utexas.edu running 64-bit CentOS Linux release 7.9.2009 (Core)
| Command      : report_timing -sort_by group -max_paths 100 -path_type summary -file /misc/scratch/zwei1/reports_Jan12/raw_designs/vtr_designs/verilog/koios/tiny_darknet_like.medium_submodules/td_fused_top_dataflow_in_loop_TOP_LOOP47773_accum1_out_0/post_route_timing.rpt
| Design       : td_fused_top_dataflow_in_loop_TOP_LOOP47773_accum1_out_0
| Device       : 7z020-clg484
| Speed File   : -3  PRODUCTION 1.11 2014-09-11
---------------------------------------------------------------------------------------------------------------------------------------------------------------------------------------------------------------------------------------------------------------------------------

Timing Report

Startpoint                     Endpoint                       Slack(ns)     
----------------------------------------------------------------------------
tptr_reg[0]/C                  td_fused_top_dataflow_in_loop_TOP_LOOP47773_accum1_out_0_memcore_U_0/td_fused_top_dataflow_in_loop_TOP_LOOP47773_accum1_out_0_memcore_ram_U/ram_reg/WEA[0]
                                                              6.110         
tptr_reg[0]/C                  td_fused_top_dataflow_in_loop_TOP_LOOP47773_accum1_out_0_memcore_U_0/td_fused_top_dataflow_in_loop_TOP_LOOP47773_accum1_out_0_memcore_ram_U/ram_reg/WEBWE[1]
                                                              6.191         
tptr_reg[0]/C                  td_fused_top_dataflow_in_loop_TOP_LOOP47773_accum1_out_0_memcore_U_0/td_fused_top_dataflow_in_loop_TOP_LOOP47773_accum1_out_0_memcore_ram_U/ram_reg/ADDRARDADDR[8]
                                                              6.226         
tptr_reg[0]/C                  td_fused_top_dataflow_in_loop_TOP_LOOP47773_accum1_out_0_memcore_U_0/td_fused_top_dataflow_in_loop_TOP_LOOP47773_accum1_out_0_memcore_ram_U/ram_reg/WEA[1]
                                                              6.238         
tptr_reg[0]/C                  td_fused_top_dataflow_in_loop_TOP_LOOP47773_accum1_out_0_memcore_U_0/td_fused_top_dataflow_in_loop_TOP_LOOP47773_accum1_out_0_memcore_ram_U/ram_reg/WEBWE[0]
                                                              6.262         
tptr_reg[0]/C                  td_fused_top_dataflow_in_loop_TOP_LOOP47773_accum1_out_0_memcore_U_0/td_fused_top_dataflow_in_loop_TOP_LOOP47773_accum1_out_0_memcore_ram_U/ram_reg/ADDRBWRADDR[6]
                                                              6.292         
tptr_reg[0]/C                  td_fused_top_dataflow_in_loop_TOP_LOOP47773_accum1_out_0_memcore_U_0/td_fused_top_dataflow_in_loop_TOP_LOOP47773_accum1_out_0_memcore_ram_U/ram_reg/DIADI[7]
                                                              6.457         
tptr_reg[0]/C                  td_fused_top_dataflow_in_loop_TOP_LOOP47773_accum1_out_0_memcore_U_0/td_fused_top_dataflow_in_loop_TOP_LOOP47773_accum1_out_0_memcore_ram_U/ram_reg/DIADI[5]
                                                              6.457         
tptr_reg[0]/C                  td_fused_top_dataflow_in_loop_TOP_LOOP47773_accum1_out_0_memcore_U_0/td_fused_top_dataflow_in_loop_TOP_LOOP47773_accum1_out_0_memcore_ram_U/ram_reg/DIBDI[4]
                                                              6.465         
tptr_reg[0]/C                  td_fused_top_dataflow_in_loop_TOP_LOOP47773_accum1_out_0_memcore_U_0/td_fused_top_dataflow_in_loop_TOP_LOOP47773_accum1_out_0_memcore_ram_U/ram_reg/DIBDI[6]
                                                              6.489         
tptr_reg[0]/C                  td_fused_top_dataflow_in_loop_TOP_LOOP47773_accum1_out_0_memcore_U_0/td_fused_top_dataflow_in_loop_TOP_LOOP47773_accum1_out_0_memcore_ram_U/ram_reg/DIBDI[0]
                                                              6.508         
empty_n_reg/C                  td_fused_top_dataflow_in_loop_TOP_LOOP47773_accum1_out_0_memcore_U_0/td_fused_top_dataflow_in_loop_TOP_LOOP47773_accum1_out_0_memcore_ram_U/ram_reg/ADDRBWRADDR[7]
                                                              6.519         
tptr_reg[0]/C                  td_fused_top_dataflow_in_loop_TOP_LOOP47773_accum1_out_0_memcore_U_0/td_fused_top_dataflow_in_loop_TOP_LOOP47773_accum1_out_0_memcore_ram_U/ram_reg/DIADI[4]
                                                              6.567         
tptr_reg[0]/C                  td_fused_top_dataflow_in_loop_TOP_LOOP47773_accum1_out_0_memcore_U_0/td_fused_top_dataflow_in_loop_TOP_LOOP47773_accum1_out_0_memcore_ram_U/ram_reg/DIBDI[15]
                                                              6.580         
tptr_reg[0]/C                  td_fused_top_dataflow_in_loop_TOP_LOOP47773_accum1_out_0_memcore_U_0/td_fused_top_dataflow_in_loop_TOP_LOOP47773_accum1_out_0_memcore_ram_U/ram_reg/DIBDI[13]
                                                              6.586         
tptr_reg[0]/C                  td_fused_top_dataflow_in_loop_TOP_LOOP47773_accum1_out_0_memcore_U_0/td_fused_top_dataflow_in_loop_TOP_LOOP47773_accum1_out_0_memcore_ram_U/ram_reg/ADDRBWRADDR[8]
                                                              6.590         
tptr_reg[0]/C                  td_fused_top_dataflow_in_loop_TOP_LOOP47773_accum1_out_0_memcore_U_0/td_fused_top_dataflow_in_loop_TOP_LOOP47773_accum1_out_0_memcore_ram_U/ram_reg/DIBDI[8]
                                                              6.601         
tptr_reg[0]/C                  td_fused_top_dataflow_in_loop_TOP_LOOP47773_accum1_out_0_memcore_U_0/td_fused_top_dataflow_in_loop_TOP_LOOP47773_accum1_out_0_memcore_ram_U/ram_reg/ENARDEN
                                                              6.664         
empty_n_reg/C                  td_fused_top_dataflow_in_loop_TOP_LOOP47773_accum1_out_0_memcore_U_0/td_fused_top_dataflow_in_loop_TOP_LOOP47773_accum1_out_0_memcore_ram_U/ram_reg/ADDRARDADDR[7]
                                                              6.665         
tptr_reg[0]/C                  td_fused_top_dataflow_in_loop_TOP_LOOP47773_accum1_out_0_memcore_U_0/td_fused_top_dataflow_in_loop_TOP_LOOP47773_accum1_out_0_memcore_ram_U/ram_reg/ENBWREN
                                                              6.666         
tptr_reg[0]/C                  td_fused_top_dataflow_in_loop_TOP_LOOP47773_accum1_out_0_memcore_U_0/td_fused_top_dataflow_in_loop_TOP_LOOP47773_accum1_out_0_memcore_ram_U/ram_reg/ADDRARDADDR[6]
                                                              6.708         
tptr_reg[0]/C                  td_fused_top_dataflow_in_loop_TOP_LOOP47773_accum1_out_0_memcore_U_0/td_fused_top_dataflow_in_loop_TOP_LOOP47773_accum1_out_0_memcore_ram_U/ram_reg/DIBDI[3]
                                                              6.728         
tptr_reg[0]/C                  td_fused_top_dataflow_in_loop_TOP_LOOP47773_accum1_out_0_memcore_U_0/td_fused_top_dataflow_in_loop_TOP_LOOP47773_accum1_out_0_memcore_ram_U/ram_reg/DIADI[6]
                                                              6.728         
tptr_reg[0]/C                  td_fused_top_dataflow_in_loop_TOP_LOOP47773_accum1_out_0_memcore_U_0/td_fused_top_dataflow_in_loop_TOP_LOOP47773_accum1_out_0_memcore_ram_U/ram_reg/DIBDI[5]
                                                              6.740         
tptr_reg[0]/C                  td_fused_top_dataflow_in_loop_TOP_LOOP47773_accum1_out_0_memcore_U_0/td_fused_top_dataflow_in_loop_TOP_LOOP47773_accum1_out_0_memcore_ram_U/ram_reg/DIBDI[7]
                                                              6.741         
tptr_reg[0]/C                  td_fused_top_dataflow_in_loop_TOP_LOOP47773_accum1_out_0_memcore_U_0/td_fused_top_dataflow_in_loop_TOP_LOOP47773_accum1_out_0_memcore_ram_U/ram_reg/DIBDI[11]
                                                              6.748         
td_fused_top_dataflow_in_loop_TOP_LOOP47773_accum1_out_0_memcore_U_0/td_fused_top_dataflow_in_loop_TOP_LOOP47773_accum1_out_0_memcore_ram_U/ram_reg/CLKBWRCLK
                               reg_q1_reg[3]/D                6.751         
td_fused_top_dataflow_in_loop_TOP_LOOP47773_accum1_out_0_memcore_U_0/td_fused_top_dataflow_in_loop_TOP_LOOP47773_accum1_out_0_memcore_ram_U/ram_reg/CLKBWRCLK
                               reg_q1_reg[10]/D               6.756         
empty_n_reg/C                  td_fused_top_dataflow_in_loop_TOP_LOOP47773_accum1_out_0_memcore_U_0/td_fused_top_dataflow_in_loop_TOP_LOOP47773_accum1_out_0_memcore_ram_U/ram_reg/DIBDI[10]
                                                              6.762         
tptr_reg[0]/C                  td_fused_top_dataflow_in_loop_TOP_LOOP47773_accum1_out_0_memcore_U_0/td_fused_top_dataflow_in_loop_TOP_LOOP47773_accum1_out_0_memcore_ram_U/ram_reg/DIADI[14]
                                                              6.787         
td_fused_top_dataflow_in_loop_TOP_LOOP47773_accum1_out_0_memcore_U_0/td_fused_top_dataflow_in_loop_TOP_LOOP47773_accum1_out_0_memcore_ram_U/ram_reg/CLKARDCLK
                               reg_q0_reg[13]/D               6.804         
td_fused_top_dataflow_in_loop_TOP_LOOP47773_accum1_out_0_memcore_U_0/td_fused_top_dataflow_in_loop_TOP_LOOP47773_accum1_out_0_memcore_ram_U/ram_reg/CLKBWRCLK
                               reg_q1_reg[7]/D                6.806         
td_fused_top_dataflow_in_loop_TOP_LOOP47773_accum1_out_0_memcore_U_0/td_fused_top_dataflow_in_loop_TOP_LOOP47773_accum1_out_0_memcore_ram_U/ram_reg/CLKARDCLK
                               reg_q0_reg[4]/D                6.813         
empty_n_reg/C                  td_fused_top_dataflow_in_loop_TOP_LOOP47773_accum1_out_0_memcore_U_0/td_fused_top_dataflow_in_loop_TOP_LOOP47773_accum1_out_0_memcore_ram_U/ram_reg/DIADI[2]
                                                              6.819         
td_fused_top_dataflow_in_loop_TOP_LOOP47773_accum1_out_0_memcore_U_0/td_fused_top_dataflow_in_loop_TOP_LOOP47773_accum1_out_0_memcore_ram_U/ram_reg/CLKARDCLK
                               reg_q0_reg[10]/D               6.824         
td_fused_top_dataflow_in_loop_TOP_LOOP47773_accum1_out_0_memcore_U_1/td_fused_top_dataflow_in_loop_TOP_LOOP47773_accum1_out_0_memcore_ram_U/ram_reg/CLKBWRCLK
                               reg_q1_reg[4]/D                6.829         
tptr_reg[0]/C                  td_fused_top_dataflow_in_loop_TOP_LOOP47773_accum1_out_0_memcore_U_0/td_fused_top_dataflow_in_loop_TOP_LOOP47773_accum1_out_0_memcore_ram_U/ram_reg/DIBDI[12]
                                                              6.832         
empty_n_reg/C                  td_fused_top_dataflow_in_loop_TOP_LOOP47773_accum1_out_0_memcore_U_0/td_fused_top_dataflow_in_loop_TOP_LOOP47773_accum1_out_0_memcore_ram_U/ram_reg/ADDRARDADDR[4]
                                                              6.844         
td_fused_top_dataflow_in_loop_TOP_LOOP47773_accum1_out_0_memcore_U_0/td_fused_top_dataflow_in_loop_TOP_LOOP47773_accum1_out_0_memcore_ram_U/ram_reg/CLKBWRCLK
                               reg_q1_reg[8]/D                6.844         
empty_n_reg/C                  td_fused_top_dataflow_in_loop_TOP_LOOP47773_accum1_out_0_memcore_U_0/td_fused_top_dataflow_in_loop_TOP_LOOP47773_accum1_out_0_memcore_ram_U/ram_reg/ADDRBWRADDR[5]
                                                              6.850         
empty_n_reg/C                  td_fused_top_dataflow_in_loop_TOP_LOOP47773_accum1_out_0_memcore_U_0/td_fused_top_dataflow_in_loop_TOP_LOOP47773_accum1_out_0_memcore_ram_U/ram_reg/ADDRARDADDR[5]
                                                              6.853         
td_fused_top_dataflow_in_loop_TOP_LOOP47773_accum1_out_0_memcore_U_1/td_fused_top_dataflow_in_loop_TOP_LOOP47773_accum1_out_0_memcore_ram_U/ram_reg/CLKBWRCLK
                               reg_q1_reg[6]/D                6.853         
td_fused_top_dataflow_in_loop_TOP_LOOP47773_accum1_out_0_memcore_U_1/td_fused_top_dataflow_in_loop_TOP_LOOP47773_accum1_out_0_memcore_ram_U/ram_reg/CLKARDCLK
                               reg_q0_reg[6]/D                6.856         
tptr_reg[0]/C                  td_fused_top_dataflow_in_loop_TOP_LOOP47773_accum1_out_0_memcore_U_0/td_fused_top_dataflow_in_loop_TOP_LOOP47773_accum1_out_0_memcore_ram_U/ram_reg/DIBDI[9]
                                                              6.858         
td_fused_top_dataflow_in_loop_TOP_LOOP47773_accum1_out_0_memcore_U_0/td_fused_top_dataflow_in_loop_TOP_LOOP47773_accum1_out_0_memcore_ram_U/ram_reg/CLKBWRCLK
                               reg_q1_reg[1]/D                6.870         
td_fused_top_dataflow_in_loop_TOP_LOOP47773_accum1_out_0_memcore_U_0/td_fused_top_dataflow_in_loop_TOP_LOOP47773_accum1_out_0_memcore_ram_U/ram_reg/CLKARDCLK
                               reg_q0_reg[0]/D                6.873         
tptr_reg[0]/C                  td_fused_top_dataflow_in_loop_TOP_LOOP47773_accum1_out_0_memcore_U_0/td_fused_top_dataflow_in_loop_TOP_LOOP47773_accum1_out_0_memcore_ram_U/ram_reg/DIADI[13]
                                                              6.874         
td_fused_top_dataflow_in_loop_TOP_LOOP47773_accum1_out_0_memcore_U_0/td_fused_top_dataflow_in_loop_TOP_LOOP47773_accum1_out_0_memcore_ram_U/ram_reg/CLKBWRCLK
                               reg_q1_reg[9]/D                6.875         
td_fused_top_dataflow_in_loop_TOP_LOOP47773_accum1_out_0_memcore_U_1/td_fused_top_dataflow_in_loop_TOP_LOOP47773_accum1_out_0_memcore_ram_U/ram_reg/CLKBWRCLK
                               reg_q1_reg[14]/D               6.883         
tptr_reg[0]/C                  td_fused_top_dataflow_in_loop_TOP_LOOP47773_accum1_out_0_memcore_U_0/td_fused_top_dataflow_in_loop_TOP_LOOP47773_accum1_out_0_memcore_ram_U/ram_reg/DIADI[15]
                                                              6.892         
td_fused_top_dataflow_in_loop_TOP_LOOP47773_accum1_out_0_memcore_U_0/td_fused_top_dataflow_in_loop_TOP_LOOP47773_accum1_out_0_memcore_ram_U/ram_reg/CLKBWRCLK
                               reg_q1_reg[5]/D                6.912         
empty_n_reg/C                  td_fused_top_dataflow_in_loop_TOP_LOOP47773_accum1_out_0_memcore_U_0/td_fused_top_dataflow_in_loop_TOP_LOOP47773_accum1_out_0_memcore_ram_U/ram_reg/DIADI[11]
                                                              6.915         
td_fused_top_dataflow_in_loop_TOP_LOOP47773_accum1_out_0_memcore_U_0/td_fused_top_dataflow_in_loop_TOP_LOOP47773_accum1_out_0_memcore_ram_U/ram_reg/CLKARDCLK
                               reg_q0_reg[1]/D                6.916         
empty_n_reg/C                  td_fused_top_dataflow_in_loop_TOP_LOOP47773_accum1_out_0_memcore_U_0/td_fused_top_dataflow_in_loop_TOP_LOOP47773_accum1_out_0_memcore_ram_U/ram_reg/ADDRBWRADDR[4]
                                                              6.928         
td_fused_top_dataflow_in_loop_TOP_LOOP47773_accum1_out_0_memcore_U_1/td_fused_top_dataflow_in_loop_TOP_LOOP47773_accum1_out_0_memcore_ram_U/ram_reg/CLKARDCLK
                               reg_q0_reg[9]/D                6.939         
td_fused_top_dataflow_in_loop_TOP_LOOP47773_accum1_out_0_memcore_U_0/td_fused_top_dataflow_in_loop_TOP_LOOP47773_accum1_out_0_memcore_ram_U/ram_reg/CLKBWRCLK
                               reg_q1_reg[2]/D                6.948         
td_fused_top_dataflow_in_loop_TOP_LOOP47773_accum1_out_0_memcore_U_0/td_fused_top_dataflow_in_loop_TOP_LOOP47773_accum1_out_0_memcore_ram_U/ram_reg/CLKBWRCLK
                               reg_q1_reg[13]/D               6.952         
td_fused_top_dataflow_in_loop_TOP_LOOP47773_accum1_out_0_memcore_U_0/td_fused_top_dataflow_in_loop_TOP_LOOP47773_accum1_out_0_memcore_ram_U/ram_reg/CLKBWRCLK
                               reg_q1_reg[12]/D               6.952         
tptr_reg[0]/C                  td_fused_top_dataflow_in_loop_TOP_LOOP47773_accum1_out_0_memcore_U_0/td_fused_top_dataflow_in_loop_TOP_LOOP47773_accum1_out_0_memcore_ram_U/ram_reg/DIADI[0]
                                                              6.954         
td_fused_top_dataflow_in_loop_TOP_LOOP47773_accum1_out_0_memcore_U_1/td_fused_top_dataflow_in_loop_TOP_LOOP47773_accum1_out_0_memcore_ram_U/ram_reg/CLKARDCLK
                               reg_q0_reg[2]/D                6.961         
td_fused_top_dataflow_in_loop_TOP_LOOP47773_accum1_out_0_memcore_U_0/td_fused_top_dataflow_in_loop_TOP_LOOP47773_accum1_out_0_memcore_ram_U/ram_reg/CLKARDCLK
                               reg_q0_reg[8]/D                6.978         
td_fused_top_dataflow_in_loop_TOP_LOOP47773_accum1_out_0_memcore_U_1/td_fused_top_dataflow_in_loop_TOP_LOOP47773_accum1_out_0_memcore_ram_U/ram_reg/CLKARDCLK
                               reg_q0_reg[12]/D               6.992         
td_fused_top_dataflow_in_loop_TOP_LOOP47773_accum1_out_0_memcore_U_0/td_fused_top_dataflow_in_loop_TOP_LOOP47773_accum1_out_0_memcore_ram_U/ram_reg/CLKARDCLK
                               reg_q0_reg[15]/D               7.002         
tptr_reg[0]/C                  td_fused_top_dataflow_in_loop_TOP_LOOP47773_accum1_out_0_memcore_U_0/td_fused_top_dataflow_in_loop_TOP_LOOP47773_accum1_out_0_memcore_ram_U/ram_reg/DIADI[12]
                                                              7.002         
empty_n_reg/C                  td_fused_top_dataflow_in_loop_TOP_LOOP47773_accum1_out_0_memcore_U_0/td_fused_top_dataflow_in_loop_TOP_LOOP47773_accum1_out_0_memcore_ram_U/ram_reg/DIBDI[2]
                                                              7.007         
empty_n_reg/C                  td_fused_top_dataflow_in_loop_TOP_LOOP47773_accum1_out_0_memcore_U_0/td_fused_top_dataflow_in_loop_TOP_LOOP47773_accum1_out_0_memcore_ram_U/ram_reg/DIADI[9]
                                                              7.010         
td_fused_top_dataflow_in_loop_TOP_LOOP47773_accum1_out_0_memcore_U_1/td_fused_top_dataflow_in_loop_TOP_LOOP47773_accum1_out_0_memcore_ram_U/ram_reg/CLKARDCLK
                               reg_q0_reg[14]/D               7.015         
td_fused_top_dataflow_in_loop_TOP_LOOP47773_accum1_out_0_memcore_U_0/td_fused_top_dataflow_in_loop_TOP_LOOP47773_accum1_out_0_memcore_ram_U/ram_reg/CLKARDCLK
                               reg_q0_reg[11]/D               7.017         
td_fused_top_dataflow_in_loop_TOP_LOOP47773_accum1_out_0_memcore_U_0/td_fused_top_dataflow_in_loop_TOP_LOOP47773_accum1_out_0_memcore_ram_U/ram_reg/CLKARDCLK
                               reg_q0_reg[5]/D                7.017         
tptr_reg[0]/C                  td_fused_top_dataflow_in_loop_TOP_LOOP47773_accum1_out_0_memcore_U_0/td_fused_top_dataflow_in_loop_TOP_LOOP47773_accum1_out_0_memcore_ram_U/ram_reg/DIADI[3]
                                                              7.030         
td_fused_top_dataflow_in_loop_TOP_LOOP47773_accum1_out_0_memcore_U_0/td_fused_top_dataflow_in_loop_TOP_LOOP47773_accum1_out_0_memcore_ram_U/ram_reg/CLKARDCLK
                               reg_q0_reg[3]/D                7.084         
td_fused_top_dataflow_in_loop_TOP_LOOP47773_accum1_out_0_memcore_U_1/td_fused_top_dataflow_in_loop_TOP_LOOP47773_accum1_out_0_memcore_ram_U/ram_reg/CLKBWRCLK
                               reg_q1_reg[0]/D                7.092         
tptr_reg[0]/C                  td_fused_top_dataflow_in_loop_TOP_LOOP47773_accum1_out_0_memcore_U_0/td_fused_top_dataflow_in_loop_TOP_LOOP47773_accum1_out_0_memcore_ram_U/ram_reg/DIBDI[14]
                                                              7.093         
td_fused_top_dataflow_in_loop_TOP_LOOP47773_accum1_out_0_memcore_U_1/td_fused_top_dataflow_in_loop_TOP_LOOP47773_accum1_out_0_memcore_ram_U/ram_reg/CLKBWRCLK
                               reg_q1_reg[11]/D               7.102         
td_fused_top_dataflow_in_loop_TOP_LOOP47773_accum1_out_0_memcore_U_0/td_fused_top_dataflow_in_loop_TOP_LOOP47773_accum1_out_0_memcore_ram_U/ram_reg/CLKBWRCLK
                               reg_q1_reg[15]/D               7.125         
td_fused_top_dataflow_in_loop_TOP_LOOP47773_accum1_out_0_memcore_U_0/td_fused_top_dataflow_in_loop_TOP_LOOP47773_accum1_out_0_memcore_ram_U/ram_reg/CLKARDCLK
                               reg_q0_reg[7]/D                7.144         
tptr_reg[0]/C                  td_fused_top_dataflow_in_loop_TOP_LOOP47773_accum1_out_0_memcore_U_0/td_fused_top_dataflow_in_loop_TOP_LOOP47773_accum1_out_0_memcore_ram_U/ram_reg/DIADI[10]
                                                              7.146         
tptr_reg[0]/C                  td_fused_top_dataflow_in_loop_TOP_LOOP47773_accum1_out_0_memcore_U_0/td_fused_top_dataflow_in_loop_TOP_LOOP47773_accum1_out_0_memcore_ram_U/ram_reg/DIADI[8]
                                                              7.146         
tptr_reg[0]/C                  td_fused_top_dataflow_in_loop_TOP_LOOP47773_accum1_out_0_memcore_U_0/td_fused_top_dataflow_in_loop_TOP_LOOP47773_accum1_out_0_memcore_ram_U/ram_reg/DIBDI[1]
                                                              7.156         
tptr_reg[0]/C                  td_fused_top_dataflow_in_loop_TOP_LOOP47773_accum1_out_0_memcore_U_0/td_fused_top_dataflow_in_loop_TOP_LOOP47773_accum1_out_0_memcore_ram_U/ram_reg/DIADI[1]
                                                              7.293         
empty_n_reg/C                  td_fused_top_dataflow_in_loop_TOP_LOOP47773_accum1_out_0_memcore_U_1/td_fused_top_dataflow_in_loop_TOP_LOOP47773_accum1_out_0_memcore_ram_U/ram_reg/ADDRARDADDR[5]
                                                              7.355         
tptr_reg[0]/C                  td_fused_top_dataflow_in_loop_TOP_LOOP47773_accum1_out_0_memcore_U_1/td_fused_top_dataflow_in_loop_TOP_LOOP47773_accum1_out_0_memcore_ram_U/ram_reg/ADDRARDADDR[8]
                                                              7.423         
empty_n_reg/C                  td_fused_top_dataflow_in_loop_TOP_LOOP47773_accum1_out_0_memcore_U_1/td_fused_top_dataflow_in_loop_TOP_LOOP47773_accum1_out_0_memcore_ram_U/ram_reg/ADDRBWRADDR[8]
                                                              7.468         
empty_n_reg/C                  count_reg[0]/D                 7.555         
tptr_reg[0]/C                  td_fused_top_dataflow_in_loop_TOP_LOOP47773_accum1_out_0_memcore_U_1/td_fused_top_dataflow_in_loop_TOP_LOOP47773_accum1_out_0_memcore_ram_U/ram_reg/ADDRARDADDR[6]
                                                              7.572         
tptr_reg[0]/C                  td_fused_top_dataflow_in_loop_TOP_LOOP47773_accum1_out_0_memcore_U_1/td_fused_top_dataflow_in_loop_TOP_LOOP47773_accum1_out_0_memcore_ram_U/ram_reg/ADDRBWRADDR[6]
                                                              7.638         
tptr_reg[0]/C                  td_fused_top_dataflow_in_loop_TOP_LOOP47773_accum1_out_0_memcore_U_1/td_fused_top_dataflow_in_loop_TOP_LOOP47773_accum1_out_0_memcore_ram_U/ram_reg/ADDRBWRADDR[4]
                                                              7.645         
tptr_reg[0]/C                  td_fused_top_dataflow_in_loop_TOP_LOOP47773_accum1_out_0_memcore_U_1/td_fused_top_dataflow_in_loop_TOP_LOOP47773_accum1_out_0_memcore_ram_U/ram_reg/ADDRARDADDR[7]
                                                              7.680         
tptr_reg[0]/C                  td_fused_top_dataflow_in_loop_TOP_LOOP47773_accum1_out_0_memcore_U_1/td_fused_top_dataflow_in_loop_TOP_LOOP47773_accum1_out_0_memcore_ram_U/ram_reg/ADDRBWRADDR[7]
                                                              7.683         
empty_n_reg/C                  td_fused_top_dataflow_in_loop_TOP_LOOP47773_accum1_out_0_memcore_U_1/td_fused_top_dataflow_in_loop_TOP_LOOP47773_accum1_out_0_memcore_ram_U/ram_reg/DIADI[15]
                                                              7.763         
empty_n_reg/C                  td_fused_top_dataflow_in_loop_TOP_LOOP47773_accum1_out_0_memcore_U_1/td_fused_top_dataflow_in_loop_TOP_LOOP47773_accum1_out_0_memcore_ram_U/ram_reg/ADDRBWRADDR[5]
                                                              7.778         
tptr_reg[0]/C                  td_fused_top_dataflow_in_loop_TOP_LOOP47773_accum1_out_0_memcore_U_1/td_fused_top_dataflow_in_loop_TOP_LOOP47773_accum1_out_0_memcore_ram_U/ram_reg/ADDRARDADDR[4]
                                                              7.877         
empty_n_reg/C                  td_fused_top_dataflow_in_loop_TOP_LOOP47773_accum1_out_0_memcore_U_1/td_fused_top_dataflow_in_loop_TOP_LOOP47773_accum1_out_0_memcore_ram_U/ram_reg/DIBDI[7]
                                                              7.893         
empty_n_reg/C                  td_fused_top_dataflow_in_loop_TOP_LOOP47773_accum1_out_0_memcore_U_1/td_fused_top_dataflow_in_loop_TOP_LOOP47773_accum1_out_0_memcore_ram_U/ram_reg/DIBDI[12]
                                                              7.918         
tptr_reg[0]/C                  td_fused_top_dataflow_in_loop_TOP_LOOP47773_accum1_out_0_memcore_U_1/td_fused_top_dataflow_in_loop_TOP_LOOP47773_accum1_out_0_memcore_ram_U/ram_reg/DIBDI[10]
                                                              7.926         
empty_n_reg/C                  td_fused_top_dataflow_in_loop_TOP_LOOP47773_accum1_out_0_memcore_U_1/td_fused_top_dataflow_in_loop_TOP_LOOP47773_accum1_out_0_memcore_ram_U/ram_reg/WEA[0]
                                                              7.928         
tptr_reg[0]/C                  td_fused_top_dataflow_in_loop_TOP_LOOP47773_accum1_out_0_memcore_U_1/td_fused_top_dataflow_in_loop_TOP_LOOP47773_accum1_out_0_memcore_ram_U/ram_reg/DIBDI[5]
                                                              7.942         
empty_n_reg/C                  td_fused_top_dataflow_in_loop_TOP_LOOP47773_accum1_out_0_memcore_U_1/td_fused_top_dataflow_in_loop_TOP_LOOP47773_accum1_out_0_memcore_ram_U/ram_reg/DIADI[10]
                                                              7.950         
tptr_reg[0]/C                  td_fused_top_dataflow_in_loop_TOP_LOOP47773_accum1_out_0_memcore_U_1/td_fused_top_dataflow_in_loop_TOP_LOOP47773_accum1_out_0_memcore_ram_U/ram_reg/DIBDI[2]
                                                              7.973         
tptr_reg[0]/C                  td_fused_top_dataflow_in_loop_TOP_LOOP47773_accum1_out_0_memcore_U_1/td_fused_top_dataflow_in_loop_TOP_LOOP47773_accum1_out_0_memcore_ram_U/ram_reg/DIBDI[4]
                                                              7.998         



