Copyright 1986-2018 Xilinx, Inc. All Rights Reserved.
---------------------------------------------------------------------------------------------------------------------------------------------------------------------------------------------------------------------
| Tool Version : Vivado v.2018.3 (lin64) Build 2405991 Thu Dec  6 23:36:41 MST 2018
| Date         : Thu Jan 13 17:35:13 2022
| Host         : koopa.ece.utexas.edu running 64-bit CentOS Linux release 7.9.2009 (Core)
| Command      : report_timing -sort_by group -max_paths 100 -path_type summary -file /misc/scratch/zwei1/reports_Jan12/raw_designs/vtr_designs/verilog/stereovision1_submodules/port_bus_1to0/post_route_timing.rpt
| Design       : port_bus_1to0
| Device       : 7z020-clg484
| Speed File   : -3  PRODUCTION 1.11 2014-09-11
---------------------------------------------------------------------------------------------------------------------------------------------------------------------------------------------------------------------

Timing Report

Startpoint                     Endpoint                       Slack(ns)     
----------------------------------------------------------------------------
counter_reg[0]/C               bus_word_2_tmp_reg[4]/D        7.720         
counter_reg[0]/C               bus_word_3_tmp_reg[2]/D        7.721         
counter_reg[0]/C               bus_word_5_tmp_reg[7]/D        7.735         
counter_reg[0]/C               bus_word_3_tmp_reg[0]/D        7.778         
counter_reg[0]/C               bus_word_6_tmp_reg[0]/D        7.780         
counter_reg[1]/C               bus_word_6_tmp_reg[2]/D        7.852         
counter_reg[1]/C               bus_word_3_tmp_reg[1]/D        7.860         
counter_reg[0]/C               bus_word_6_tmp_reg[3]/D        7.875         
counter_reg[0]/C               bus_word_3_tmp_reg[3]/D        7.970         
counter_reg[1]/C               bus_word_1_tmp_reg[0]/D        7.996         
counter_reg[2]/C               bus_word_6_tmp_reg[5]/D        8.018         
counter_reg[0]/C               bus_word_2_tmp_reg[0]/D        8.093         
counter_reg[1]/C               bus_word_6_tmp_reg[6]/D        8.109         
counter_reg[1]/C               bus_word_3_tmp_reg[6]/D        8.149         
counter_reg[2]/C               bus_word_4_tmp_reg[4]/D        8.164         
counter_reg[0]/C               bus_word_1_tmp_reg[7]/D        8.164         
counter_reg[0]/C               bus_word_3_tmp_reg[7]/D        8.169         
counter_reg[0]/C               bus_word_3_tmp_reg[4]/D        8.218         
counter_reg[0]/C               bus_word_4_tmp_reg[0]/D        8.219         
counter_reg[1]/C               bus_word_2_tmp_reg[1]/D        8.225         
counter_reg[0]/C               bus_word_6_tmp_reg[1]/D        8.232         
counter_reg[0]/C               bus_word_4_tmp_reg[2]/D        8.239         
counter_reg[0]/C               bus_word_6_tmp_reg[7]/D        8.258         
counter_reg[2]/C               bus_word_6_tmp_reg[4]/D        8.272         
counter_reg[1]/C               bus_word_5_tmp_reg[0]/D        8.272         
counter_reg[1]/C               bus_word_1_tmp_reg[5]/D        8.299         
counter_reg[1]/C               bus_word_4_tmp_reg[3]/D        8.313         
counter_reg[1]/C               bus_word_1_tmp_reg[1]/D        8.316         
counter_reg[0]/C               counter_reg[1]/D               8.353         
counter_reg[0]/C               bus_word_2_tmp_reg[7]/D        8.358         
counter_reg[2]/C               counter_out_tmp_reg[2]/D       8.374         
counter_reg[1]/C               counter_reg[0]/D               8.381         
counter_reg[2]/C               counter_reg[2]/D               8.417         
counter_reg[0]/C               bus_word_5_tmp_reg[3]/D        8.419         
counter_reg[0]/C               bus_word_4_tmp_reg[6]/D        8.432         
counter_reg[1]/C               bus_word_4_tmp_reg[5]/D        8.440         
counter_reg[1]/C               bus_word_1_tmp_reg[3]/D        8.464         
counter_reg[0]/C               bus_word_1_tmp_reg[4]/D        8.469         
counter_reg[0]/C               bus_word_5_tmp_reg[6]/D        8.469         
counter_reg[0]/C               bus_word_1_tmp_reg[6]/D        8.481         
v_corr_10_07_tmp_reg[1]/C      bus_word_5_tmp_reg[1]/D        8.493         
counter_reg[1]/C               bus_word_5_tmp_reg[2]/D        8.512         
counter_reg[0]/C               bus_word_4_tmp_reg[7]/D        8.519         
counter_reg[1]/C               bus_word_5_tmp_reg[4]/D        8.523         
counter_reg[1]/C               bus_word_3_tmp_reg[5]/D        8.555         
counter_reg[1]/C               bus_word_5_tmp_reg[5]/D        8.567         
counter_reg[0]/C               bus_word_2_tmp_reg[6]/D        8.571         
counter_reg[1]/C               bus_word_1_tmp_reg[2]/D        8.590         
counter_reg[0]/C               bus_word_4_tmp_reg[1]/D        8.602         
counter_reg[0]/C               bus_word_2_tmp_reg[3]/D        8.655         
vidin_addr_reg_tmp_reg[10]/C   bus_word_2_tmp_reg[2]/D        8.689         
v_corr_20_05_tmp_reg[5]/C      bus_word_2_tmp_reg[5]/D        8.692         
counter_reg[1]/C               counter_reg[3]/D               8.860         
bus_word_2_tmp_reg[0]/C        bus_word_2_reg[0]/D            8.925         
bus_word_4_tmp_reg[1]/C        bus_word_4_reg[1]/D            8.925         
bus_word_3_tmp_reg[4]/C        bus_word_3_reg[4]/D            8.939         
counter_reg[0]/C               counter_out_tmp_reg[0]/D       8.955         
counter_reg[1]/C               counter_out_tmp_reg[1]/D       8.974         
bus_word_5_tmp_reg[1]/C        bus_word_5_reg[1]/D            8.974         
bus_word_5_tmp_reg[5]/C        bus_word_5_reg[5]/D            8.981         
bus_word_4_tmp_reg[0]/C        bus_word_4_reg[0]/D            9.023         
bus_word_2_tmp_reg[1]/C        bus_word_2_reg[1]/D            9.058         
bus_word_3_tmp_reg[6]/C        bus_word_3_reg[6]/D            9.058         
bus_word_2_tmp_reg[2]/C        bus_word_2_reg[2]/D            9.070         
bus_word_6_tmp_reg[0]/C        bus_word_6_reg[0]/D            9.070         
bus_word_6_tmp_reg[6]/C        bus_word_6_reg[6]/D            9.072         
bus_word_1_tmp_reg[0]/C        bus_word_1_reg[0]/D            9.093         
bus_word_1_tmp_reg[1]/C        bus_word_1_reg[1]/D            9.093         
bus_word_2_tmp_reg[5]/C        bus_word_2_reg[5]/D            9.093         
bus_word_3_tmp_reg[0]/C        bus_word_3_reg[0]/D            9.093         
counter_out_tmp_reg[2]/C       counter_out_reg[2]/D           9.102         
bus_word_1_tmp_reg[4]/C        bus_word_1_reg[4]/D            9.169         
bus_word_1_tmp_reg[5]/C        bus_word_1_reg[5]/D            9.169         
bus_word_2_tmp_reg[6]/C        bus_word_2_reg[6]/D            9.169         
bus_word_3_tmp_reg[2]/C        bus_word_3_reg[2]/D            9.169         
bus_word_4_tmp_reg[3]/C        bus_word_4_reg[3]/D            9.169         
bus_word_4_tmp_reg[6]/C        bus_word_4_reg[6]/D            9.169         
bus_word_5_tmp_reg[2]/C        bus_word_5_reg[2]/D            9.169         
bus_word_6_tmp_reg[3]/C        bus_word_6_reg[3]/D            9.169         
bus_word_6_tmp_reg[5]/C        bus_word_6_reg[5]/D            9.169         
bus_word_1_tmp_reg[2]/C        bus_word_1_reg[2]/D            9.177         
bus_word_1_tmp_reg[3]/C        bus_word_1_reg[3]/D            9.177         
bus_word_1_tmp_reg[6]/C        bus_word_1_reg[6]/D            9.177         
bus_word_1_tmp_reg[7]/C        bus_word_1_reg[7]/D            9.177         
bus_word_2_tmp_reg[3]/C        bus_word_2_reg[3]/D            9.177         
bus_word_2_tmp_reg[4]/C        bus_word_2_reg[4]/D            9.177         
bus_word_3_tmp_reg[1]/C        bus_word_3_reg[1]/D            9.177         
bus_word_3_tmp_reg[3]/C        bus_word_3_reg[3]/D            9.177         
bus_word_4_tmp_reg[2]/C        bus_word_4_reg[2]/D            9.177         
bus_word_4_tmp_reg[4]/C        bus_word_4_reg[4]/D            9.177         
bus_word_4_tmp_reg[7]/C        bus_word_4_reg[7]/D            9.177         
bus_word_5_tmp_reg[4]/C        bus_word_5_reg[4]/D            9.177         
bus_word_5_tmp_reg[6]/C        bus_word_5_reg[6]/D            9.177         
bus_word_5_tmp_reg[7]/C        bus_word_5_reg[7]/D            9.177         
bus_word_6_tmp_reg[1]/C        bus_word_6_reg[1]/D            9.177         
bus_word_6_tmp_reg[2]/C        bus_word_6_reg[2]/D            9.177         
bus_word_6_tmp_reg[4]/C        bus_word_6_reg[4]/D            9.177         
bus_word_6_tmp_reg[7]/C        bus_word_6_reg[7]/D            9.177         
counter_out_tmp_reg[1]/C       counter_out_reg[1]/D           9.189         
bus_word_2_tmp_reg[7]/C        bus_word_2_reg[7]/D            9.201         



