Copyright 1986-2018 Xilinx, Inc. All Rights Reserved.
----------------------------------------------------------------------------------------------------------------------------------------------------------------------------------------------------------------
| Tool Version : Vivado v.2018.3 (lin64) Build 2405991 Thu Dec  6 23:36:41 MST 2018
| Date         : Wed Jan 12 03:58:47 2022
| Host         : koopa.ece.utexas.edu running 64-bit CentOS Linux release 7.9.2009 (Core)
| Command      : report_timing -sort_by group -max_paths 100 -path_type summary -file /misc/scratch/zwei1/reports_Jan12/raw_designs/vtr_designs/verilog/koios/softmax_submodules/FPAddSub/post_route_timing.rpt
| Design       : FPAddSub
| Device       : 7z020-clg484
| Speed File   : -3  PRODUCTION 1.11 2014-09-11
----------------------------------------------------------------------------------------------------------------------------------------------------------------------------------------------------------------

Timing Report

Startpoint                     Endpoint                       Slack(ns)     
----------------------------------------------------------------------------
u_FPAddSub/pipe_1_reg[18]/C    u_FPAddSub/pipe_3_reg[10]/D    5.851         
u_FPAddSub/pipe_5_reg[15]/C    u_FPAddSub/pipe_8_reg[3]/D     5.995         
u_FPAddSub/pipe_5_reg[11]/C    u_FPAddSub/pipe_8_reg[8]/D     6.010         
u_FPAddSub/pipe_1_reg[18]/C    u_FPAddSub/pipe_3_reg[0]/D     6.109         
u_FPAddSub/pipe_1_reg[18]/C    u_FPAddSub/pipe_3_reg[4]/D     6.109         
u_FPAddSub/pipe_1_reg[18]/C    u_FPAddSub/pipe_3_reg[2]/D     6.176         
u_FPAddSub/pipe_1_reg[18]/C    u_FPAddSub/pipe_3_reg[3]/D     6.258         
u_FPAddSub/pipe_1_reg[18]/C    u_FPAddSub/pipe_3_reg[1]/D     6.291         
u_FPAddSub/pipe_1_reg[18]/C    u_FPAddSub/pipe_3_reg[5]/D     6.291         
u_FPAddSub/pipe_5_reg[15]/C    u_FPAddSub/pipe_8_reg[15]/D    6.520         
u_FPAddSub/pipe_5_reg[11]/C    u_FPAddSub/pipe_8_reg[7]/D     6.532         
u_FPAddSub/pipe_5_reg[15]/C    u_FPAddSub/pipe_8_reg[12]/D    6.573         
u_FPAddSub/pipe_5_reg[15]/C    u_FPAddSub/pipe_8_reg[16]/D    6.605         
u_FPAddSub/pipe_5_reg[15]/C    u_FPAddSub/pipe_8_reg[6]/D     6.621         
u_FPAddSub/pipe_1_reg[18]/C    u_FPAddSub/pipe_3_reg[9]/D     6.636         
u_FPAddSub/pipe_5_reg[15]/C    u_FPAddSub/pipe_8_reg[17]/D    6.773         
u_FPAddSub/pipe_1_reg[18]/C    u_FPAddSub/pipe_3_reg[21]/D    6.781         
u_FPAddSub/pipe_5_reg[15]/C    u_FPAddSub/pipe_8_reg[18]/D    6.807         
u_FPAddSub/pipe_1_reg[18]/C    u_FPAddSub/pipe_3_reg[22]/D    6.840         
u_FPAddSub/pipe_1_reg[18]/C    u_FPAddSub/pipe_3_reg[8]/D     6.859         
u_FPAddSub/pipe_1_reg[18]/C    u_FPAddSub/pipe_3_reg[7]/D     6.885         
u_FPAddSub/pipe_5_reg[15]/C    u_FPAddSub/pipe_8_reg[13]/D    6.908         
u_FPAddSub/pipe_5_reg[15]/C    u_FPAddSub/pipe_8_reg[4]/D     6.909         
u_FPAddSub/pipe_1_reg[18]/C    u_FPAddSub/pipe_3_reg[23]/D    6.911         
u_FPAddSub/pipe_3_reg[9]/C     u_FPAddSub/pipe_5_reg[16]/D    6.923         
u_FPAddSub/pipe_5_reg[15]/C    u_FPAddSub/pipe_8_reg[19]/D    6.932         
u_FPAddSub/pipe_1_reg[18]/C    u_FPAddSub/pipe_3_reg[32]/D    6.932         
u_FPAddSub/pipe_5_reg[15]/C    u_FPAddSub/pipe_8_reg[5]/D     6.939         
u_FPAddSub/pipe_1_reg[18]/C    u_FPAddSub/pipe_3_reg[20]/D    6.957         
u_FPAddSub/pipe_1_reg[18]/C    u_FPAddSub/pipe_3_reg[35]/D    6.962         
u_FPAddSub/pipe_1_reg[18]/C    u_FPAddSub/pipe_3_reg[6]/D     6.979         
u_FPAddSub/pipe_5_reg[15]/C    u_FPAddSub/pipe_8_reg[14]/D    6.983         
u_FPAddSub/pipe_3_reg[9]/C     u_FPAddSub/pipe_5_reg[15]/D    6.994         
u_FPAddSub/pipe_5_reg[15]/C    u_FPAddSub/pipe_8_reg[11]/D    7.009         
u_FPAddSub/pipe_5_reg[15]/C    u_FPAddSub/pipe_8_reg[10]/D    7.029         
u_FPAddSub/pipe_3_reg[9]/C     u_FPAddSub/pipe_5_reg[14]/D    7.086         
u_FPAddSub/pipe_1_reg[18]/C    u_FPAddSub/pipe_3_reg[18]/D    7.127         
u_FPAddSub/pipe_3_reg[9]/C     u_FPAddSub/pipe_5_reg[13]/D    7.132         
u_FPAddSub/pipe_1_reg[18]/C    u_FPAddSub/pipe_3_reg[19]/D    7.137         
u_FPAddSub/pipe_1_reg[18]/C    u_FPAddSub/pipe_3_reg[33]/D    7.145         
u_FPAddSub/pipe_1_reg[18]/C    u_FPAddSub/pipe_3_reg[26]/D    7.165         
u_FPAddSub/pipe_1_reg[18]/C    u_FPAddSub/pipe_3_reg[24]/D    7.218         
u_FPAddSub/pipe_1_reg[18]/C    u_FPAddSub/pipe_3_reg[25]/D    7.233         
u_FPAddSub/pipe_1_reg[18]/C    u_FPAddSub/pipe_3_reg[27]/D    7.244         
u_FPAddSub/pipe_1_reg[18]/C    u_FPAddSub/pipe_3_reg[17]/D    7.293         
u_FPAddSub/pipe_1_reg[18]/C    u_FPAddSub/pipe_3_reg[34]/D    7.319         
u_FPAddSub/pipe_5_reg[15]/C    u_FPAddSub/pipe_8_reg[35]/D    7.369         
u_FPAddSub/pipe_1_reg[18]/C    u_FPAddSub/pipe_3_reg[16]/D    7.418         
u_FPAddSub/pipe_3_reg[26]/C    u_FPAddSub/pipe_5_reg[12]/D    7.423         
u_FPAddSub/pipe_1_reg[18]/C    u_FPAddSub/pipe_3_reg[31]/D    7.444         
u_FPAddSub/pipe_3_reg[26]/C    u_FPAddSub/pipe_5_reg[11]/D    7.494         
u_FPAddSub/pipe_3_reg[27]/C    u_FPAddSub/pipe_5_reg[10]/D    7.553         
u_FPAddSub/pipe_3_reg[27]/C    u_FPAddSub/pipe_5_reg[8]/D     7.557         
u_FPAddSub/pipe_3_reg[27]/C    u_FPAddSub/pipe_5_reg[9]/D     7.606         
u_FPAddSub/pipe_3_reg[27]/C    u_FPAddSub/pipe_5_reg[7]/D     7.628         
u_FPAddSub/pipe_3_reg[27]/C    u_FPAddSub/pipe_5_reg[6]/D     7.780         
u_FPAddSub/pipe_3_reg[27]/C    u_FPAddSub/pipe_5_reg[5]/D     7.899         
u_FPAddSub/pipe_1_reg[18]/C    u_FPAddSub/pipe_3_reg[36]/D    8.348         
u_FPAddSub/pipe_3_reg[33]/C    u_FPAddSub/pipe_5_reg[24]/D    9.024         
u_FPAddSub/pipe_3_reg[31]/C    u_FPAddSub/pipe_5_reg[22]/D    9.045         
u_FPAddSub/pipe_3_reg[36]/C    u_FPAddSub/pipe_5_reg[27]/D    9.050         
u_FPAddSub/pipe_3_reg[35]/C    u_FPAddSub/pipe_5_reg[26]/D    9.137         
u_FPAddSub/pipe_3_reg[34]/C    u_FPAddSub/pipe_5_reg[25]/D    9.142         
u_FPAddSub/pipe_5_reg[29]/C    u_FPAddSub/pipe_8_reg[32]/D    9.201         
u_FPAddSub/pipe_3_reg[37]/C    u_FPAddSub/pipe_5_reg[28]/D    9.224         
u_FPAddSub/pipe_1_reg[16]/C    u_FPAddSub/pipe_3_reg[38]/D    9.256         
u_FPAddSub/pipe_3_reg[38]/C    u_FPAddSub/pipe_5_reg[29]/D    9.297         
u_FPAddSub/pipe_3_reg[32]/C    u_FPAddSub/pipe_5_reg[23]/D    9.303         
u_FPAddSub/pipe_1_reg[15]/C    u_FPAddSub/pipe_3_reg[37]/D    9.310         
u_FPAddSub/pipe_5_reg[27]/C    u_FPAddSub/pipe_8_reg[30]/D    9.334         
u_FPAddSub/pipe_5_reg[28]/C    u_FPAddSub/pipe_8_reg[31]/D    9.341         



