Copyright 1986-2018 Xilinx, Inc. All Rights Reserved.
-----------------------------------------------------------------------------------------------------------------------------------------------------------------------------------------------------------
| Tool Version : Vivado v.2018.3 (lin64) Build 2405991 Thu Dec  6 23:36:41 MST 2018
| Date         : Tue Jan 11 22:17:28 2022
| Host         : koopa.ece.utexas.edu running 64-bit CentOS Linux release 7.9.2009 (Core)
| Command      : report_timing -sort_by group -max_paths 100 -path_type summary -file /misc/scratch/zwei1/reports_Jan12/raw_designs/vtr_designs/verilog/LU32PEEng_submodules/fpu_div/post_route_timing.rpt
| Design       : fpu_div
| Device       : 7z020-clg484
| Speed File   : -3  PRODUCTION 1.11 2014-09-11
-----------------------------------------------------------------------------------------------------------------------------------------------------------------------------------------------------------

Timing Report

Startpoint                     Endpoint                       Slack(ns)     
----------------------------------------------------------------------------
d[23]                          d_exp_reg[0]/D                 inf           
d[24]                          d_exp_reg[1]/D                 inf           
d[25]                          d_exp_reg[2]/D                 inf           
d[26]                          d_exp_reg[3]/D                 inf           
d[27]                          d_exp_reg[4]/D                 inf           
d[28]                          d_exp_reg[5]/D                 inf           
d[29]                          d_exp_reg[6]/D                 inf           
d[30]                          d_exp_reg[7]/D                 inf           
d[0]                           d_man_reg[0]/D                 inf           
d[10]                          d_man_reg[10]/D                inf           
d[11]                          d_man_reg[11]/D                inf           
d[12]                          d_man_reg[12]/D                inf           
d[13]                          d_man_reg[13]/D                inf           
d[14]                          d_man_reg[14]/D                inf           
d[15]                          d_man_reg[15]/D                inf           
d[16]                          d_man_reg[16]/D                inf           
d[17]                          d_man_reg[17]/D                inf           
d[18]                          d_man_reg[18]/D                inf           
d[19]                          d_man_reg[19]/D                inf           
d[1]                           d_man_reg[1]/D                 inf           
d[20]                          d_man_reg[20]/D                inf           
d[21]                          d_man_reg[21]/D                inf           
d[22]                          d_man_reg[22]/D                inf           
d[2]                           d_man_reg[2]/D                 inf           
d[3]                           d_man_reg[3]/D                 inf           
d[4]                           d_man_reg[4]/D                 inf           
d[5]                           d_man_reg[5]/D                 inf           
d[6]                           d_man_reg[6]/D                 inf           
d[7]                           d_man_reg[7]/D                 inf           
d[8]                           d_man_reg[8]/D                 inf           
d[9]                           d_man_reg[9]/D                 inf           
d[31]                          d_sign_reg/D                   inf           
n[23]                          n_exp_reg[0]/D                 inf           
n[24]                          n_exp_reg[1]/D                 inf           
n[25]                          n_exp_reg[2]/D                 inf           
n[26]                          n_exp_reg[3]/D                 inf           
n[27]                          n_exp_reg[4]/D                 inf           
n[28]                          n_exp_reg[5]/D                 inf           
n[29]                          n_exp_reg[6]/D                 inf           
n[30]                          n_exp_reg[7]/D                 inf           
n[0]                           n_man_reg[0]/D                 inf           
n[10]                          n_man_reg[10]/D                inf           
n[11]                          n_man_reg[11]/D                inf           
n[12]                          n_man_reg[12]/D                inf           
n[13]                          n_man_reg[13]/D                inf           
n[14]                          n_man_reg[14]/D                inf           
n[15]                          n_man_reg[15]/D                inf           
n[16]                          n_man_reg[16]/D                inf           
n[17]                          n_man_reg[17]/D                inf           
n[18]                          n_man_reg[18]/D                inf           
n[19]                          n_man_reg[19]/D                inf           
n[1]                           n_man_reg[1]/D                 inf           
n[20]                          n_man_reg[20]/D                inf           
n[21]                          n_man_reg[21]/D                inf           
n[22]                          n_man_reg[22]/D                inf           
n[2]                           n_man_reg[2]/D                 inf           
n[3]                           n_man_reg[3]/D                 inf           
n[4]                           n_man_reg[4]/D                 inf           
n[5]                           n_man_reg[5]/D                 inf           
n[6]                           n_man_reg[6]/D                 inf           
n[7]                           n_man_reg[7]/D                 inf           
n[8]                           n_man_reg[8]/D                 inf           
n[9]                           n_man_reg[9]/D                 inf           
n[31]                          n_sign_reg/D                   inf           
d_man_reg[3]/C                 div[13]                        inf           
d_man_reg[3]/C                 div[20]                        inf           
d_man_reg[3]/C                 div[17]                        inf           
d_man_reg[3]/C                 div[22]                        inf           
d_man_reg[3]/C                 div[19]                        inf           
d_man_reg[3]/C                 div[2]                         inf           
d_man_reg[3]/C                 div[18]                        inf           
d_man_reg[3]/C                 div[4]                         inf           
d_man_reg[3]/C                 div[7]                         inf           
d_man_reg[3]/C                 div[16]                        inf           
d_man_reg[3]/C                 div[14]                        inf           
d_man_reg[3]/C                 div[11]                        inf           
d_man_reg[3]/C                 div[12]                        inf           
d_man_reg[3]/C                 div[15]                        inf           
d_man_reg[3]/C                 div[21]                        inf           
d_man_reg[3]/C                 div[6]                         inf           
d_man_reg[3]/C                 div[3]                         inf           
d_man_reg[3]/C                 div[5]                         inf           
d_man_reg[3]/C                 div[9]                         inf           
d_man_reg[3]/C                 div[8]                         inf           
d_man_reg[3]/C                 div[0]                         inf           
d_man_reg[3]/C                 div[10]                        inf           
d_man_reg[3]/C                 div[1]                         inf           
d_man_reg[3]/C                 div[23]                        inf           
d_man_reg[3]/C                 div[30]                        inf           
d_man_reg[3]/C                 div[29]                        inf           
d_man_reg[3]/C                 div[28]                        inf           
d_man_reg[3]/C                 div[25]                        inf           
d_man_reg[3]/C                 div[27]                        inf           
d_man_reg[3]/C                 div[26]                        inf           
d_man_reg[3]/C                 div[24]                        inf           
n_sign_reg/C                   div[31]                        inf           



