Copyright 1986-2018 Xilinx, Inc. All Rights Reserved.
-------------------------------------------------------------------------------------------------------------------------------------------------------------------------------------------------------------------------
| Tool Version : Vivado v.2018.3 (lin64) Build 2405991 Thu Dec  6 23:36:41 MST 2018
| Date         : Tue Jan 11 23:51:29 2022
| Host         : koopa.ece.utexas.edu running 64-bit CentOS Linux release 7.9.2009 (Core)
| Command      : report_timing_summary -file /misc/scratch/zwei1/reports_Jan12/raw_designs/vtr_designs/verilog/koios/clstm_like.large_submodules/matrix_times_two_vectors_18_10_3_672_16_1/post_route_timing_summary.rpt
| Design       : matrix_times_two_vectors_18_10_3_672_16_1
| Device       : 7z020-clg484
| Speed File   : -3  PRODUCTION 1.11 2014-09-11
-------------------------------------------------------------------------------------------------------------------------------------------------------------------------------------------------------------------------

Timing Summary Report

------------------------------------------------------------------------------------------------
| Timer Settings
| --------------
------------------------------------------------------------------------------------------------

  Enable Multi Corner Analysis               :  Yes
  Enable Pessimism Removal                   :  Yes
  Pessimism Removal Resolution               :  Nearest Common Node
  Enable Input Delay Default Clock           :  No
  Enable Preset / Clear Arcs                 :  No
  Disable Flight Delays                      :  No
  Ignore I/O Paths                           :  No
  Timing Early Launch at Borrowing Latches   :  false

  Corner  Analyze    Analyze    
  Name    Max Paths  Min Paths  
  ------  ---------  ---------  
  Slow    Yes        Yes        
  Fast    Yes        Yes        



check_timing report

Table of Contents
-----------------
1. checking no_clock
2. checking constant_clock
3. checking pulse_width_clock
4. checking unconstrained_internal_endpoints
5. checking no_input_delay
6. checking no_output_delay
7. checking multiple_clock
8. checking generated_clocks
9. checking loops
10. checking partial_input_delay
11. checking partial_output_delay
12. checking latch_loops

1. checking no_clock
--------------------
 There are 0 register/latch pins with no clock.


2. checking constant_clock
--------------------------
 There are 0 register/latch pins with constant_clock.


3. checking pulse_width_clock
-----------------------------
 There are 0 register/latch pins which need pulse_width check


4. checking unconstrained_internal_endpoints
--------------------------------------------
 There are 0 pins that are not constrained for maximum delay.

 There are 0 pins that are not constrained for maximum delay due to constant clock.


5. checking no_input_delay
--------------------------
 There are 1257 input ports with no input delay specified. (HIGH)

 There are 0 input ports with no input delay but user has a false path constraint.


6. checking no_output_delay
---------------------------
 There are 674 ports with no output delay specified. (HIGH)

 There are 0 ports with no output delay but user has a false path constraint

 There are 0 ports with no output delay but with a timing clock defined on it or propagating through it


7. checking multiple_clock
--------------------------
 There are 0 register/latch pins with multiple clocks.


8. checking generated_clocks
----------------------------
 There are 0 generated clocks that are not connected to a clock source.


9. checking loops
-----------------
 There are 0 combinational loops in the design.


10. checking partial_input_delay
--------------------------------
 There are 0 input ports with partial input delay specified.


11. checking partial_output_delay
---------------------------------
 There are 0 ports with partial output delay specified.


12. checking latch_loops
------------------------
 There are 0 combinational latch loops in the design through latch input



------------------------------------------------------------------------------------------------
| Design Timing Summary
| ---------------------
------------------------------------------------------------------------------------------------

    WNS(ns)      TNS(ns)  TNS Failing Endpoints  TNS Total Endpoints      WHS(ns)      THS(ns)  THS Failing Endpoints  THS Total Endpoints     WPWS(ns)     TPWS(ns)  TPWS Failing Endpoints  TPWS Total Endpoints  
    -------      -------  ---------------------  -------------------      -------      -------  ---------------------  -------------------     --------     --------  ----------------------  --------------------  
      3.416        0.000                      0                31430        0.057        0.000                      0                31430        4.230        0.000                       0                 24774  


All user specified timing constraints are met.


------------------------------------------------------------------------------------------------
| Clock Summary
| -------------
------------------------------------------------------------------------------------------------

Clock  Waveform(ns)       Period(ns)      Frequency(MHz)
-----  ------------       ----------      --------------
clk    {0.000 5.000}      10.000          100.000         


------------------------------------------------------------------------------------------------
| Intra Clock Table
| -----------------
------------------------------------------------------------------------------------------------

Clock             WNS(ns)      TNS(ns)  TNS Failing Endpoints  TNS Total Endpoints      WHS(ns)      THS(ns)  THS Failing Endpoints  THS Total Endpoints     WPWS(ns)     TPWS(ns)  TPWS Failing Endpoints  TPWS Total Endpoints  
-----             -------      -------  ---------------------  -------------------      -------      -------  ---------------------  -------------------     --------     --------  ----------------------  --------------------  
clk                 3.416        0.000                      0                31430        0.057        0.000                      0                31430        4.230        0.000                       0                 24774  


------------------------------------------------------------------------------------------------
| Inter Clock Table
| -----------------
------------------------------------------------------------------------------------------------

From Clock    To Clock          WNS(ns)      TNS(ns)  TNS Failing Endpoints  TNS Total Endpoints      WHS(ns)      THS(ns)  THS Failing Endpoints  THS Total Endpoints  
----------    --------          -------      -------  ---------------------  -------------------      -------      -------  ---------------------  -------------------  


------------------------------------------------------------------------------------------------
| Other Path Groups Table
| -----------------------
------------------------------------------------------------------------------------------------

Path Group    From Clock    To Clock          WNS(ns)      TNS(ns)  TNS Failing Endpoints  TNS Total Endpoints      WHS(ns)      THS(ns)  THS Failing Endpoints  THS Total Endpoints  
----------    ----------    --------          -------      -------  ---------------------  -------------------      -------      -------  ---------------------  -------------------  


------------------------------------------------------------------------------------------------
| Timing Details
| --------------
------------------------------------------------------------------------------------------------


---------------------------------------------------------------------------------------------------
From Clock:  clk
  To Clock:  clk

Setup :            0  Failing Endpoints,  Worst Slack        3.416ns,  Total Violation        0.000ns
Hold  :            0  Failing Endpoints,  Worst Slack        0.057ns,  Total Violation        0.000ns
PW    :            0  Failing Endpoints,  Worst Slack        4.230ns,  Total Violation        0.000ns
---------------------------------------------------------------------------------------------------


Max Delay Paths
--------------------------------------------------------------------------------------
Slack (MET) :             3.416ns  (required time - arrival time)
  Source:                 multiple_c_matrix_vec_mult_and_sum_18_10_16_1_3_42_inst/c_matrix_vec_mult_core_18_10_16_3_1_inst/shift_register_group_18_910_inst_0_imag/shift_register_unit_18_10_inst_0/shift_registers_8_reg_r_rep__1/C
                            (rising edge-triggered cell FDRE clocked by clk  {rise@0.000ns fall@5.000ns period=10.000ns})
  Destination:            multiple_c_matrix_vec_mult_and_sum_18_10_16_1_3_42_inst/c_matrix_vec_mult_core_18_10_16_3_1_inst/elementwise_mult_core_18_1810_9_1_inst_1_imag_imag/dsp_signed_mult_18x18_unit_18_18_1_inst6/reg_resb_reg/B[9]
                            (rising edge-triggered cell DSP48E1 clocked by clk  {rise@0.000ns fall@5.000ns period=10.000ns})
  Path Group:             clk
  Path Type:              Setup (Max at Slow Process Corner)
  Requirement:            10.000ns  (clk rise@10.000ns - clk rise@0.000ns)
  Data Path Delay:        6.189ns  (logic 0.438ns (7.077%)  route 5.751ns (92.923%))
  Logic Levels:           1  (LUT2=1)
  Clock Path Skew:        -0.035ns (DCD - SCD + CPR)
    Destination Clock Delay (DCD):    0.669ns = ( 10.669 - 10.000 ) 
    Source Clock Delay      (SCD):    0.704ns
    Clock Pessimism Removal (CPR):    0.000ns
  Clock Uncertainty:      0.035ns  ((TSJ^2 + TIJ^2)^1/2 + DJ) / 2 + PE
    Total System Jitter     (TSJ):    0.071ns
    Total Input Jitter      (TIJ):    0.000ns
    Discrete Jitter          (DJ):    0.000ns
    Phase Error              (PE):    0.000ns

    Location             Delay type                Incr(ns)  Path(ns)    Netlist Resource(s)
  -------------------------------------------------------------------    -------------------
                         (clock clk rise edge)        0.000     0.000 r  
                                                      0.000     0.000 r  clk (IN)
                         net (fo=24773, unset)        0.704     0.704    multiple_c_matrix_vec_mult_and_sum_18_10_16_1_3_42_inst/c_matrix_vec_mult_core_18_10_16_3_1_inst/shift_register_group_18_910_inst_0_imag/shift_register_unit_18_10_inst_0/clk
    SLICE_X72Y8          FDRE                                         r  multiple_c_matrix_vec_mult_and_sum_18_10_16_1_3_42_inst/c_matrix_vec_mult_core_18_10_16_3_1_inst/shift_register_group_18_910_inst_0_imag/shift_register_unit_18_10_inst_0/shift_registers_8_reg_r_rep__1/C
  -------------------------------------------------------------------    -------------------
    SLICE_X72Y8          FDRE (Prop_fdre_C_Q)         0.341     1.045 r  multiple_c_matrix_vec_mult_and_sum_18_10_16_1_3_42_inst/c_matrix_vec_mult_core_18_10_16_3_1_inst/shift_register_group_18_910_inst_0_imag/shift_register_unit_18_10_inst_0/shift_registers_8_reg_r_rep__1/Q
                         net (fo=143, routed)         5.184     6.229    multiple_c_matrix_vec_mult_and_sum_18_10_16_1_3_42_inst/c_matrix_vec_mult_core_18_10_16_3_1_inst/shift_register_group_18_910_inst_1_imag/shift_register_unit_18_10_inst_7/shift_registers_9_reg[0]_0
    SLICE_X36Y96         LUT2 (Prop_lut2_I1_O)        0.097     6.326 r  multiple_c_matrix_vec_mult_and_sum_18_10_16_1_3_42_inst/c_matrix_vec_mult_core_18_10_16_3_1_inst/shift_register_group_18_910_inst_1_imag/shift_register_unit_18_10_inst_7/shift_registers_8_reg_gate__7/O
                         net (fo=3, routed)           0.568     6.893    multiple_c_matrix_vec_mult_and_sum_18_10_16_1_3_42_inst/c_matrix_vec_mult_core_18_10_16_3_1_inst/elementwise_mult_core_18_1810_9_1_inst_1_imag_imag/dsp_signed_mult_18x18_unit_18_18_1_inst6/reg_resb_reg_1[9]
    DSP48_X2Y37          DSP48E1                                      r  multiple_c_matrix_vec_mult_and_sum_18_10_16_1_3_42_inst/c_matrix_vec_mult_core_18_10_16_3_1_inst/elementwise_mult_core_18_1810_9_1_inst_1_imag_imag/dsp_signed_mult_18x18_unit_18_18_1_inst6/reg_resb_reg/B[9]
  -------------------------------------------------------------------    -------------------

                         (clock clk rise edge)       10.000    10.000 r  
                                                      0.000    10.000 r  clk (IN)
                         net (fo=24773, unset)        0.669    10.669    multiple_c_matrix_vec_mult_and_sum_18_10_16_1_3_42_inst/c_matrix_vec_mult_core_18_10_16_3_1_inst/elementwise_mult_core_18_1810_9_1_inst_1_imag_imag/dsp_signed_mult_18x18_unit_18_18_1_inst6/clk
    DSP48_X2Y37          DSP48E1                                      r  multiple_c_matrix_vec_mult_and_sum_18_10_16_1_3_42_inst/c_matrix_vec_mult_core_18_10_16_3_1_inst/elementwise_mult_core_18_1810_9_1_inst_1_imag_imag/dsp_signed_mult_18x18_unit_18_18_1_inst6/reg_resb_reg/CLK
                         clock pessimism              0.000    10.669    
                         clock uncertainty           -0.035    10.633    
    DSP48_X2Y37          DSP48E1 (Setup_dsp48e1_CLK_B[9])
                                                     -0.324    10.309    multiple_c_matrix_vec_mult_and_sum_18_10_16_1_3_42_inst/c_matrix_vec_mult_core_18_10_16_3_1_inst/elementwise_mult_core_18_1810_9_1_inst_1_imag_imag/dsp_signed_mult_18x18_unit_18_18_1_inst6/reg_resb_reg
  -------------------------------------------------------------------
                         required time                         10.309    
                         arrival time                          -6.893    
  -------------------------------------------------------------------
                         slack                                  3.416    





Min Delay Paths
--------------------------------------------------------------------------------------
Slack (MET) :             0.057ns  (arrival time - required time)
  Source:                 multiple_c_matrix_vec_mult_and_sum_18_10_16_1_3_42_inst/c_matrix_vec_mult_core_18_10_16_3_1_inst/reg_i_valid_reg/C
                            (rising edge-triggered cell FDRE clocked by clk  {rise@0.000ns fall@5.000ns period=10.000ns})
  Destination:            multiple_c_matrix_vec_mult_and_sum_18_10_16_1_3_42_inst/c_matrix_vec_mult_core_18_10_16_3_1_inst/dft_16_top_18_inst/codeBlock89324_18_inst/next_reg_srl7___multiple_c_matrix_vec_mult_and_sum_18_10_16_1_3_42_inst_c_matrix_vec_mult_core_18_10_16_3_1_inst_dft_16_top_18_inst_codeBlock89324_18_inst_next_reg_r/D
                            (rising edge-triggered cell SRL16E clocked by clk  {rise@0.000ns fall@5.000ns period=10.000ns})
  Path Group:             clk
  Path Type:              Hold (Min at Fast Process Corner)
  Requirement:            0.000ns  (clk rise@0.000ns - clk rise@0.000ns)
  Data Path Delay:        0.196ns  (logic 0.141ns (71.991%)  route 0.055ns (28.009%))
  Logic Levels:           0  
  Clock Path Skew:        0.022ns (DCD - SCD - CPR)
    Destination Clock Delay (DCD):    0.432ns
    Source Clock Delay      (SCD):    0.411ns
    Clock Pessimism Removal (CPR):    -0.000ns

    Location             Delay type                Incr(ns)  Path(ns)    Netlist Resource(s)
  -------------------------------------------------------------------    -------------------
                         (clock clk rise edge)        0.000     0.000 r  
                                                      0.000     0.000 r  clk (IN)
                         net (fo=24773, unset)        0.411     0.411    multiple_c_matrix_vec_mult_and_sum_18_10_16_1_3_42_inst/c_matrix_vec_mult_core_18_10_16_3_1_inst/clk
    SLICE_X27Y39         FDRE                                         r  multiple_c_matrix_vec_mult_and_sum_18_10_16_1_3_42_inst/c_matrix_vec_mult_core_18_10_16_3_1_inst/reg_i_valid_reg/C
  -------------------------------------------------------------------    -------------------
    SLICE_X27Y39         FDRE (Prop_fdre_C_Q)         0.141     0.552 r  multiple_c_matrix_vec_mult_and_sum_18_10_16_1_3_42_inst/c_matrix_vec_mult_core_18_10_16_3_1_inst/reg_i_valid_reg/Q
                         net (fo=1, routed)           0.055     0.607    multiple_c_matrix_vec_mult_and_sum_18_10_16_1_3_42_inst/c_matrix_vec_mult_core_18_10_16_3_1_inst/dft_16_top_18_inst/codeBlock89324_18_inst/reg_i_valid
    SLICE_X26Y39         SRL16E                                       r  multiple_c_matrix_vec_mult_and_sum_18_10_16_1_3_42_inst/c_matrix_vec_mult_core_18_10_16_3_1_inst/dft_16_top_18_inst/codeBlock89324_18_inst/next_reg_srl7___multiple_c_matrix_vec_mult_and_sum_18_10_16_1_3_42_inst_c_matrix_vec_mult_core_18_10_16_3_1_inst_dft_16_top_18_inst_codeBlock89324_18_inst_next_reg_r/D
  -------------------------------------------------------------------    -------------------

                         (clock clk rise edge)        0.000     0.000 r  
                                                      0.000     0.000 r  clk (IN)
                         net (fo=24773, unset)        0.432     0.432    multiple_c_matrix_vec_mult_and_sum_18_10_16_1_3_42_inst/c_matrix_vec_mult_core_18_10_16_3_1_inst/dft_16_top_18_inst/codeBlock89324_18_inst/clk
    SLICE_X26Y39         SRL16E                                       r  multiple_c_matrix_vec_mult_and_sum_18_10_16_1_3_42_inst/c_matrix_vec_mult_core_18_10_16_3_1_inst/dft_16_top_18_inst/codeBlock89324_18_inst/next_reg_srl7___multiple_c_matrix_vec_mult_and_sum_18_10_16_1_3_42_inst_c_matrix_vec_mult_core_18_10_16_3_1_inst_dft_16_top_18_inst_codeBlock89324_18_inst_next_reg_r/CLK
                         clock pessimism              0.000     0.432    
    SLICE_X26Y39         SRL16E (Hold_srl16e_CLK_D)
                                                      0.117     0.549    multiple_c_matrix_vec_mult_and_sum_18_10_16_1_3_42_inst/c_matrix_vec_mult_core_18_10_16_3_1_inst/dft_16_top_18_inst/codeBlock89324_18_inst/next_reg_srl7___multiple_c_matrix_vec_mult_and_sum_18_10_16_1_3_42_inst_c_matrix_vec_mult_core_18_10_16_3_1_inst_dft_16_top_18_inst_codeBlock89324_18_inst_next_reg_r
  -------------------------------------------------------------------
                         required time                         -0.549    
                         arrival time                           0.607    
  -------------------------------------------------------------------
                         slack                                  0.057    





Pulse Width Checks
--------------------------------------------------------------------------------------
Clock Name:         clk
Waveform(ns):       { 0.000 5.000 }
Period(ns):         10.000
Sources:            { clk }

Check Type        Corner  Lib Pin      Reference Pin  Required(ns)  Actual(ns)  Slack(ns)  Location      Pin
Min Period        n/a     DSP48E1/CLK  n/a            2.863         10.000      7.137      DSP48_X1Y13   multiple_c_matrix_vec_mult_and_sum_18_10_16_1_3_42_inst/c_matrix_vec_mult_core_18_10_16_3_1_inst/dft_16_top_18_inst/codeBlock88206_18_inst/m88584/dsp_signed_mult_18x18_unit_18_36_0_inst/reg_resa_reg/CLK
Low Pulse Width   Slow    SRL16E/CLK   n/a            0.770         5.000       4.230      SLICE_X50Y35  multiple_c_matrix_vec_mult_and_sum_18_10_16_1_3_42_inst/c_matrix_vec_mult_core_18_10_16_3_1_inst/dft_16_top_18_inst/codeBlock88206_18_inst/tm26_reg[0]_srl3/CLK
High Pulse Width  Slow    SRL16E/CLK   n/a            0.770         5.000       4.230      SLICE_X50Y35  multiple_c_matrix_vec_mult_and_sum_18_10_16_1_3_42_inst/c_matrix_vec_mult_core_18_10_16_3_1_inst/dft_16_top_18_inst/codeBlock88206_18_inst/tm26_reg[0]_srl3/CLK



