Copyright 1986-2018 Xilinx, Inc. All Rights Reserved.
-----------------------------------------------------------------------------------------------------------------------------------------------------------------------------------------
| Tool Version     : Vivado v.2018.3 (lin64) Build 2405991 Thu Dec  6 23:36:41 MST 2018
| Date             : Wed Jan 12 02:53:34 2022
| Host             : koopa.ece.utexas.edu running 64-bit CentOS Linux release 7.9.2009 (Core)
| Command          : report_power -file /misc/scratch/zwei1/reports_Jan12/raw_designs/vtr_designs/verilog/koios/gemm_layer_submodules/matmul_20x20_systolic/post_synth_power.rpt
| Design           : matmul_20x20_systolic
| Device           : xc7z020clg484-3
| Design State     : synthesized
| Grade            : extended
| Process          : typical
| Characterization : Production
-----------------------------------------------------------------------------------------------------------------------------------------------------------------------------------------

Power Report

Table of Contents
-----------------
1. Summary
1.1 On-Chip Components
1.2 Power Supply Summary
1.3 Confidence Level
2. Settings
2.1 Environment
2.2 Clock Constraints
3. Detailed Reports
3.1 By Hierarchy

1. Summary
----------

+--------------------------+--------------+
| Total On-Chip Power (mW) | 3407.081     |
| Design Power Budget (mW) | Unspecified* |
| Power Budget Margin (mW) | NA           |
| Dynamic (mW)             | 3209.666     |
| Device Static (mW)       | 197.415      |
| Effective TJA (C/W)      | 11.5         |
| Max Ambient (C)          | 60.7         |
| Junction Temperature (C) | 64.3         |
| Confidence Level         | Medium       |
| Setting File             | ---          |
| Simulation Activity File | ---          |
| Design Nets Matched      | NA           |
+--------------------------+--------------+
* Specify Design Power Budget using, set_operating_conditions -design_power_budget <value in Watts>


1.1 On-Chip Components
----------------------

+-------------------------+------------+----------+-----------+-----------------+
| On-Chip                 | Power (mW) | Used     | Available | Utilization (%) |
+-------------------------+------------+----------+-----------+-----------------+
| Clocks                  |   530.296  |        3 |       --- |             --- |
| Slice Logic             |  1258.930  |   374806 |       --- |             --- |
|   LUT as Logic          |  1161.628  |   194064 |     53200 |          364.78 |
|   CARRY4                |    62.910  |    13310 |     13300 |          100.08 |
|   Register              |    32.473  |   116048 |    106400 |          109.07 |
|   LUT as Shift Register |     1.110  |      912 |     17400 |            5.24 |
|   F7/F8 Muxes           |     0.809  |      414 |     53200 |            0.78 |
|   Others                |     0.000  |     4546 |       --- |             --- |
| Signals                 |  1359.492  |   342024 |       --- |             --- |
| DSPs                    |    60.948  |      180 |       220 |           81.82 |
| Static Power            |   197.415  |          |           |                 |
| Total                   |  3407.085  |          |           |                 |
+-------------------------+------------+----------+-----------+-----------------+


1.2 Power Supply Summary
------------------------

+-----------+-------------+-----------+-------------+------------+
| Source    | Voltage (V) | Total (A) | Dynamic (A) | Static (A) |
+-----------+-------------+-----------+-------------+------------+
| Vccint    |       1.000 |     3.243 |       3.210 |      0.033 |
| Vccaux    |       1.800 |     0.024 |       0.000 |      0.024 |
| Vcco33    |       3.300 |     0.000 |       0.000 |      0.000 |
| Vcco25    |       2.500 |     0.000 |       0.000 |      0.000 |
| Vcco18    |       1.800 |     0.000 |       0.000 |      0.000 |
| Vcco15    |       1.500 |     0.000 |       0.000 |      0.000 |
| Vcco135   |       1.350 |     0.000 |       0.000 |      0.000 |
| Vcco12    |       1.200 |     0.000 |       0.000 |      0.000 |
| Vccaux_io |       1.800 |     0.000 |       0.000 |      0.000 |
| Vccbram   |       1.000 |     0.002 |       0.000 |      0.002 |
| MGTAVcc   |       1.000 |     0.000 |       0.000 |      0.000 |
| MGTAVtt   |       1.200 |     0.000 |       0.000 |      0.000 |
| MGTVccaux |       1.800 |     0.000 |       0.000 |      0.000 |
| Vccpint   |       1.000 |     0.059 |       0.000 |      0.059 |
| Vccpaux   |       1.800 |     0.010 |       0.000 |      0.010 |
| Vccpll    |       1.800 |     0.003 |       0.000 |      0.003 |
| Vcco_ddr  |       1.500 |     0.000 |       0.000 |      0.000 |
| Vcco_mio0 |       1.800 |     0.000 |       0.000 |      0.000 |
| Vcco_mio1 |       1.800 |     0.000 |       0.000 |      0.000 |
| Vccadc    |       1.800 |     0.020 |       0.000 |      0.020 |
+-----------+-------------+-----------+-------------+------------+


1.3 Confidence Level
--------------------

+-----------------------------+------------+------------------------------------------------+------------------------------------------------------------------------------------------------------------+
| User Input Data             | Confidence | Details                                        | Action                                                                                                     |
+-----------------------------+------------+------------------------------------------------+------------------------------------------------------------------------------------------------------------+
| Design implementation state | Low        | Design is synthesized                          | Accuracy of the tool is not optimal until design is fully placed and routed                                |
| Clock nodes activity        | High       | User specified more than 95% of clocks         |                                                                                                            |
| I/O nodes activity          | High       | User specified more than 95% of inputs         |                                                                                                            |
| Internal nodes activity     | Medium     | User specified less than 25% of internal nodes | Provide missing internal nodes activity with simulation results or by editing the "By Resource Type" views |
| Device models               | High       | Device models are Production                   |                                                                                                            |
|                             |            |                                                |                                                                                                            |
| Overall confidence level    | Medium     |                                                |                                                                                                            |
+-----------------------------+------------+------------------------------------------------+------------------------------------------------------------------------------------------------------------+


2. Settings
-----------

2.1 Environment
---------------

+-----------------------+------------------------+
| Ambient Temp (C)      | 25.0                   |
| ThetaJA (C/W)         | 11.5                   |
| Airflow (LFM)         | 250                    |
| Heat Sink             | none                   |
| ThetaSA (C/W)         | 0.0                    |
| Board Selection       | medium (10"x10")       |
| # of Board Layers     | 8to11 (8 to 11 Layers) |
| Board Temperature (C) | 25.0                   |
+-----------------------+------------------------+


2.2 Clock Constraints
---------------------

+-------+--------+-----------------+
| Clock | Domain | Constraint (ns) |
+-------+--------+-----------------+
| clk   | clk    |            10.0 |
+-------+--------+-----------------+


3. Detailed Reports
-------------------

3.1 By Hierarchy
----------------

+-------------------------+------------+
| Name                    | Power (mW) |
+-------------------------+------------+
| matmul_20x20_systolic   |  3209.670  |
|   u_output_logic        |    42.792  |
|   u_systolic_data_setup |    13.204  |
|   u_systolic_pe_matrix  |  3151.861  |
|     pe0_0               |     7.635  |
|       u_mac             |     6.342  |
|     pe0_1               |     7.547  |
|       u_mac             |     6.254  |
|     pe0_10              |     7.547  |
|       u_mac             |     6.254  |
|     pe0_11              |     7.547  |
|       u_mac             |     6.254  |
|     pe0_12              |     7.547  |
|       u_mac             |     6.254  |
|     pe0_13              |     7.547  |
|       u_mac             |     6.254  |
|     pe0_14              |     7.547  |
|       u_mac             |     6.254  |
|     pe0_15              |     7.547  |
|       u_mac             |     6.254  |
|     pe0_16              |     7.554  |
|       u_mac             |     6.261  |
|     pe0_17              |     7.559  |
|       u_mac             |     6.266  |
|     pe0_18              |     7.559  |
|       u_mac             |     6.266  |
|     pe0_19              |    87.930  |
|       u_mac             |    86.637  |
|     pe0_2               |     7.548  |
|       u_mac             |     6.254  |
|     pe0_3               |     7.548  |
|       u_mac             |     6.254  |
|     pe0_4               |     7.548  |
|       u_mac             |     6.254  |
|     pe0_5               |     7.548  |
|       u_mac             |     6.254  |
|     pe0_6               |     7.548  |
|       u_mac             |     6.254  |
|     pe0_7               |     7.547  |
|       u_mac             |     6.254  |
|     pe0_8               |     7.547  |
|       u_mac             |     6.254  |
|     pe0_9               |     7.547  |
|       u_mac             |     6.254  |
|     pe10_0              |     7.605  |
|       u_mac             |     6.312  |
|     pe10_1              |     7.734  |
|       u_mac             |     6.441  |
|     pe10_10             |     7.740  |
|       u_mac             |     6.447  |
|     pe10_11             |     7.894  |
|       u_mac             |     6.593  |
|     pe10_12             |     7.756  |
|       u_mac             |     6.455  |
|     pe10_13             |     7.756  |
|       u_mac             |     6.455  |
|     pe10_14             |     7.756  |
|       u_mac             |     6.455  |
|     pe10_15             |     7.756  |
|       u_mac             |     6.455  |
|     pe10_16             |     7.756  |
|       u_mac             |     6.455  |
|     pe10_17             |     7.756  |
|       u_mac             |     6.455  |
|     pe10_18             |     7.756  |
|       u_mac             |     6.455  |
|     pe10_19             |     7.888  |
|       u_mac             |     6.587  |
|     pe10_2              |     7.740  |
|       u_mac             |     6.447  |
|     pe10_3              |     7.740  |
|       u_mac             |     6.447  |
|     pe10_4              |     7.740  |
|       u_mac             |     6.447  |
|     pe10_5              |     7.740  |
|       u_mac             |     6.447  |
|     pe10_6              |     7.740  |
|       u_mac             |     6.447  |
|     pe10_7              |     7.740  |
|       u_mac             |     6.447  |
|     pe10_8              |     7.740  |
|       u_mac             |     6.447  |
|     pe10_9              |     7.740  |
|       u_mac             |     6.447  |
|     pe11_0              |     7.605  |
|       u_mac             |     6.312  |
|     pe11_1              |     7.888  |
|       u_mac             |     6.586  |
|     pe11_10             |     7.756  |
|       u_mac             |     6.455  |
|     pe11_11             |     7.576  |
|       u_mac             |     6.274  |
|     pe11_12             |     7.576  |
|       u_mac             |     6.274  |
|     pe11_13             |     7.576  |
|       u_mac             |     6.274  |
|     pe11_14             |     7.576  |
|       u_mac             |     6.274  |
|     pe11_15             |     7.576  |
|       u_mac             |     6.274  |
|     pe11_16             |     7.576  |
|       u_mac             |     6.274  |
|     pe11_17             |     7.576  |
|       u_mac             |     6.274  |
|     pe11_18             |     7.576  |
|       u_mac             |     6.274  |
|     pe11_19             |     7.708  |
|       u_mac             |     6.406  |
|     pe11_2              |     7.756  |
|       u_mac             |     6.455  |
|     pe11_3              |     7.756  |
|       u_mac             |     6.455  |
|     pe11_4              |     7.756  |
|       u_mac             |     6.455  |
|     pe11_5              |     7.756  |
|       u_mac             |     6.455  |
|     pe11_6              |     7.756  |
|       u_mac             |     6.455  |
|     pe11_7              |     7.756  |
|       u_mac             |     6.455  |
|     pe11_8              |     7.756  |
|       u_mac             |     6.455  |
|     pe11_9              |     7.756  |
|       u_mac             |     6.455  |
|     pe12_0              |     7.605  |
|       u_mac             |     6.312  |
|     pe12_1              |     7.707  |
|       u_mac             |     6.406  |
|     pe12_10             |     7.576  |
|       u_mac             |     6.274  |
|     pe12_11             |     7.576  |
|       u_mac             |     6.274  |
|     pe12_12             |     7.576  |
|       u_mac             |     6.274  |
|     pe12_13             |     7.576  |
|       u_mac             |     6.274  |
|     pe12_14             |     7.576  |
|       u_mac             |     6.274  |
|     pe12_15             |     7.576  |
|       u_mac             |     6.274  |
|     pe12_16             |     7.576  |
|       u_mac             |     6.274  |
|     pe12_17             |     7.576  |
|       u_mac             |     6.274  |
|     pe12_18             |     7.576  |
|       u_mac             |     6.274  |
|     pe12_19             |     7.708  |
|       u_mac             |     6.406  |
|     pe12_2              |     7.576  |
|       u_mac             |     6.274  |
|     pe12_3              |     7.576  |
|       u_mac             |     6.274  |
|     pe12_4              |     7.576  |
|       u_mac             |     6.274  |
|     pe12_5              |     7.576  |
|       u_mac             |     6.274  |
|     pe12_6              |     7.576  |
|       u_mac             |     6.274  |
|     pe12_7              |     7.576  |
|       u_mac             |     6.274  |
|     pe12_8              |     7.576  |
|       u_mac             |     6.274  |
|     pe12_9              |     7.576  |
|       u_mac             |     6.274  |
|     pe13_0              |     7.605  |
|       u_mac             |     6.312  |
|     pe13_1              |     7.707  |
|       u_mac             |     6.406  |
|     pe13_10             |     7.576  |
|       u_mac             |     6.274  |
|     pe13_11             |     7.576  |
|       u_mac             |     6.274  |
|     pe13_12             |     7.576  |
|       u_mac             |     6.274  |
|     pe13_13             |     7.576  |
|       u_mac             |     6.274  |
|     pe13_14             |     7.576  |
|       u_mac             |     6.274  |
|     pe13_15             |     7.576  |
|       u_mac             |     6.274  |
|     pe13_16             |     7.576  |
|       u_mac             |     6.274  |
|     pe13_17             |     7.576  |
|       u_mac             |     6.274  |
|     pe13_18             |     7.576  |
|       u_mac             |     6.274  |
|     pe13_19             |     7.708  |
|       u_mac             |     6.406  |
|     pe13_2              |     7.576  |
|       u_mac             |     6.274  |
|     pe13_3              |     7.576  |
|       u_mac             |     6.274  |
|     pe13_4              |     7.576  |
|       u_mac             |     6.274  |
|     pe13_5              |     7.576  |
|       u_mac             |     6.274  |
|     pe13_6              |     7.576  |
|       u_mac             |     6.274  |
|     pe13_7              |     7.576  |
|       u_mac             |     6.274  |
|     pe13_8              |     7.576  |
|       u_mac             |     6.274  |
|     pe13_9              |     7.576  |
|       u_mac             |     6.274  |
|     pe14_0              |     7.605  |
|       u_mac             |     6.312  |
|     pe14_1              |     7.707  |
|       u_mac             |     6.406  |
|     pe14_10             |     7.576  |
|       u_mac             |     6.274  |
|     pe14_11             |     7.576  |
|       u_mac             |     6.274  |
|     pe14_12             |     7.576  |
|       u_mac             |     6.274  |
|     pe14_13             |     7.576  |
|       u_mac             |     6.274  |
|     pe14_14             |     7.576  |
|       u_mac             |     6.274  |
|     pe14_15             |     7.576  |
|       u_mac             |     6.274  |
|     pe14_16             |     7.576  |
|       u_mac             |     6.274  |
|     pe14_17             |     7.576  |
|       u_mac             |     6.274  |
|     pe14_18             |     7.576  |
|       u_mac             |     6.274  |
|     pe14_19             |     7.708  |
|       u_mac             |     6.406  |
|     pe14_2              |     7.576  |
|       u_mac             |     6.274  |
|     pe14_3              |     7.576  |
|       u_mac             |     6.274  |
|     pe14_4              |     7.576  |
|       u_mac             |     6.274  |
|     pe14_5              |     7.576  |
|       u_mac             |     6.274  |
|     pe14_6              |     7.576  |
|       u_mac             |     6.274  |
|     pe14_7              |     7.576  |
|       u_mac             |     6.274  |
|     pe14_8              |     7.576  |
|       u_mac             |     6.274  |
|     pe14_9              |     7.576  |
|       u_mac             |     6.274  |
|     pe15_0              |     7.605  |
|       u_mac             |     6.312  |
|     pe15_1              |     7.707  |
|       u_mac             |     6.406  |
|     pe15_10             |     7.576  |
|       u_mac             |     6.274  |
|     pe15_11             |     7.576  |
|       u_mac             |     6.274  |
|     pe15_12             |     7.576  |
|       u_mac             |     6.274  |
|     pe15_13             |     7.576  |
|       u_mac             |     6.274  |
|     pe15_14             |     7.576  |
|       u_mac             |     6.274  |
|     pe15_15             |     7.576  |
|       u_mac             |     6.274  |
|     pe15_16             |     7.576  |
|       u_mac             |     6.274  |
|     pe15_17             |     7.576  |
|       u_mac             |     6.274  |
|     pe15_18             |     7.576  |
|       u_mac             |     6.274  |
|     pe15_19             |     7.708  |
|       u_mac             |     6.406  |
|     pe15_2              |     7.576  |
|       u_mac             |     6.274  |
|     pe15_3              |     7.576  |
|       u_mac             |     6.274  |
|     pe15_4              |     7.576  |
|       u_mac             |     6.274  |
|     pe15_5              |     7.576  |
|       u_mac             |     6.274  |
|     pe15_6              |     7.576  |
|       u_mac             |     6.274  |
|     pe15_7              |     7.576  |
|       u_mac             |     6.274  |
|     pe15_8              |     7.576  |
|       u_mac             |     6.274  |
|     pe15_9              |     7.576  |
|       u_mac             |     6.274  |
|     pe16_0              |     7.611  |
|       u_mac             |     6.318  |
|     pe16_1              |     7.707  |
|       u_mac             |     6.406  |
|     pe16_10             |     7.576  |
|       u_mac             |     6.274  |
|     pe16_11             |     7.576  |
|       u_mac             |     6.274  |
|     pe16_12             |     7.576  |
|       u_mac             |     6.274  |
|     pe16_13             |     7.576  |
|       u_mac             |     6.274  |
|     pe16_14             |     7.576  |
|       u_mac             |     6.274  |
|     pe16_15             |     7.576  |
|       u_mac             |     6.274  |
|     pe16_16             |     7.576  |
|       u_mac             |     6.274  |
|     pe16_17             |     7.576  |
|       u_mac             |     6.274  |
|     pe16_18             |     7.576  |
|       u_mac             |     6.274  |
|     pe16_19             |     7.708  |
|       u_mac             |     6.406  |
|     pe16_2              |     7.576  |
|       u_mac             |     6.274  |
|     pe16_3              |     7.576  |
|       u_mac             |     6.274  |
|     pe16_4              |     7.576  |
|       u_mac             |     6.274  |
|     pe16_5              |     7.576  |
|       u_mac             |     6.274  |
|     pe16_6              |     7.576  |
|       u_mac             |     6.274  |
|     pe16_7              |     7.576  |
|       u_mac             |     6.274  |
|     pe16_8              |     7.576  |
|       u_mac             |     6.274  |
|     pe16_9              |     7.576  |
|       u_mac             |     6.274  |
|     pe17_0              |     7.605  |
|       u_mac             |     6.312  |
|     pe17_1              |     7.707  |
|       u_mac             |     6.406  |
|     pe17_10             |     7.576  |
|       u_mac             |     6.274  |
|     pe17_11             |     7.576  |
|       u_mac             |     6.274  |
|     pe17_12             |     7.576  |
|       u_mac             |     6.274  |
|     pe17_13             |     7.576  |
|       u_mac             |     6.274  |
|     pe17_14             |     7.576  |
|       u_mac             |     6.274  |
|     pe17_15             |     7.576  |
|       u_mac             |     6.274  |
|     pe17_16             |     7.576  |
|       u_mac             |     6.274  |
|     pe17_17             |     7.576  |
|       u_mac             |     6.274  |
|     pe17_18             |     7.576  |
|       u_mac             |     6.274  |
|     pe17_19             |     7.708  |
|       u_mac             |     6.406  |
|     pe17_2              |     7.576  |
|       u_mac             |     6.274  |
|     pe17_3              |     7.576  |
|       u_mac             |     6.274  |
|     pe17_4              |     7.576  |
|       u_mac             |     6.274  |
|     pe17_5              |     7.576  |
|       u_mac             |     6.274  |
|     pe17_6              |     7.576  |
|       u_mac             |     6.274  |
|     pe17_7              |     7.576  |
|       u_mac             |     6.274  |
|     pe17_8              |     7.576  |
|       u_mac             |     6.274  |
|     pe17_9              |     7.576  |
|       u_mac             |     6.274  |
|     pe18_0              |     7.645  |
|       u_mac             |     6.352  |
|     pe18_1              |     7.747  |
|       u_mac             |     6.445  |
|     pe18_10             |     7.615  |
|       u_mac             |     6.314  |
|     pe18_11             |     7.615  |
|       u_mac             |     6.314  |
|     pe18_12             |     7.615  |
|       u_mac             |     6.314  |
|     pe18_13             |     7.615  |
|       u_mac             |     6.314  |
|     pe18_14             |     7.615  |
|       u_mac             |     6.314  |
|     pe18_15             |     7.615  |
|       u_mac             |     6.314  |
|     pe18_16             |     7.615  |
|       u_mac             |     6.314  |
|     pe18_17             |     7.609  |
|       u_mac             |     6.308  |
|     pe18_18             |     7.615  |
|       u_mac             |     6.314  |
|     pe18_19             |     7.714  |
|       u_mac             |     6.412  |
|     pe18_2              |     7.615  |
|       u_mac             |     6.314  |
|     pe18_3              |     7.615  |
|       u_mac             |     6.314  |
|     pe18_4              |     7.615  |
|       u_mac             |     6.314  |
|     pe18_5              |     7.615  |
|       u_mac             |     6.314  |
|     pe18_6              |     7.615  |
|       u_mac             |     6.314  |
|     pe18_7              |     7.615  |
|       u_mac             |     6.314  |
|     pe18_8              |     7.615  |
|       u_mac             |     6.314  |
|     pe18_9              |     7.615  |
|       u_mac             |     6.314  |
|     pe19_0              |     7.913  |
|       u_mac             |     6.620  |
|     pe19_1              |     7.795  |
|       u_mac             |     6.494  |
|     pe19_10             |     7.663  |
|       u_mac             |     6.362  |
|     pe19_11             |     7.663  |
|       u_mac             |     6.362  |
|     pe19_12             |     7.663  |
|       u_mac             |     6.362  |
|     pe19_13             |     7.663  |
|       u_mac             |     6.362  |
|     pe19_14             |     7.663  |
|       u_mac             |     6.362  |
|     pe19_15             |     7.663  |
|       u_mac             |     6.362  |
|     pe19_16             |     7.663  |
|       u_mac             |     6.362  |
|     pe19_17             |     7.669  |
|       u_mac             |     6.368  |
|     pe19_18             |     7.663  |
|       u_mac             |     6.362  |
|     pe19_19             |     7.829  |
|       u_mac             |     6.528  |
|     pe19_2              |     7.663  |
|       u_mac             |     6.362  |
|     pe19_3              |     7.663  |
|       u_mac             |     6.362  |
|     pe19_4              |     7.663  |
|       u_mac             |     6.362  |
|     pe19_5              |     7.663  |
|       u_mac             |     6.362  |
|     pe19_6              |     7.663  |
|       u_mac             |     6.362  |
|     pe19_7              |     7.663  |
|       u_mac             |     6.362  |
|     pe19_8              |     7.663  |
|       u_mac             |     6.362  |
|     pe19_9              |     7.663  |
|       u_mac             |     6.362  |
|     pe1_0               |     7.605  |
|       u_mac             |     6.312  |
|     pe1_1               |     7.728  |
|       u_mac             |     6.435  |
|     pe1_10              |     7.734  |
|       u_mac             |     6.441  |
|     pe1_11              |     7.734  |
|       u_mac             |     6.441  |
|     pe1_12              |     7.734  |
|       u_mac             |     6.441  |
|     pe1_13              |     7.734  |
|       u_mac             |     6.441  |
|     pe1_14              |     7.734  |
|       u_mac             |     6.441  |
|     pe1_15              |     7.734  |
|       u_mac             |     6.441  |
|     pe1_16              |     7.734  |
|       u_mac             |     6.441  |
|     pe1_17              |     7.728  |
|       u_mac             |     6.435  |
|     pe1_18              |     7.735  |
|       u_mac             |     6.441  |
|     pe1_19              |     8.043  |
|       u_mac             |     6.750  |
|     pe1_2               |     7.734  |
|       u_mac             |     6.441  |
|     pe1_3               |     7.734  |
|       u_mac             |     6.441  |
|     pe1_4               |     7.734  |
|       u_mac             |     6.441  |
|     pe1_5               |     7.734  |
|       u_mac             |     6.441  |
|     pe1_6               |     7.734  |
|       u_mac             |     6.441  |
|     pe1_7               |     7.734  |
|       u_mac             |     6.441  |
|     pe1_8               |     7.734  |
|       u_mac             |     6.441  |
|     pe1_9               |     7.734  |
|       u_mac             |     6.441  |
|     pe2_0               |     7.605  |
|       u_mac             |     6.312  |
|     pe2_1               |     7.734  |
|       u_mac             |     6.441  |
|     pe2_10              |     7.740  |
|       u_mac             |     6.447  |
|     pe2_11              |     7.740  |
|       u_mac             |     6.447  |
|     pe2_12              |     7.740  |
|       u_mac             |     6.447  |
|     pe2_13              |     7.740  |
|       u_mac             |     6.447  |
|     pe2_14              |     7.740  |
|       u_mac             |     6.447  |
|     pe2_15              |     7.740  |
|       u_mac             |     6.447  |
|     pe2_16              |     7.740  |
|       u_mac             |     6.447  |
|     pe2_17              |     7.734  |
|       u_mac             |     6.441  |
|     pe2_18              |     7.740  |
|       u_mac             |     6.447  |
|     pe2_19              |     8.009  |
|       u_mac             |     6.716  |
|     pe2_2               |     7.740  |
|       u_mac             |     6.447  |
|     pe2_3               |     7.740  |
|       u_mac             |     6.447  |
|     pe2_4               |     7.740  |
|       u_mac             |     6.447  |
|     pe2_5               |     7.740  |
|       u_mac             |     6.447  |
|     pe2_6               |     7.740  |
|       u_mac             |     6.447  |
|     pe2_7               |     7.740  |
|       u_mac             |     6.447  |
|     pe2_8               |     7.740  |
|       u_mac             |     6.447  |
|     pe2_9               |     7.740  |
|       u_mac             |     6.447  |
|     pe3_0               |     7.605  |
|       u_mac             |     6.312  |
|     pe3_1               |     7.734  |
|       u_mac             |     6.441  |
|     pe3_10              |     7.740  |
|       u_mac             |     6.447  |
|     pe3_11              |     7.740  |
|       u_mac             |     6.447  |
|     pe3_12              |     7.740  |
|       u_mac             |     6.447  |
|     pe3_13              |     7.740  |
|       u_mac             |     6.447  |
|     pe3_14              |     7.740  |
|       u_mac             |     6.447  |
|     pe3_15              |     7.740  |
|       u_mac             |     6.447  |
|     pe3_16              |     7.740  |
|       u_mac             |     6.447  |
|     pe3_17              |     7.740  |
|       u_mac             |     6.447  |
|     pe3_18              |     7.734  |
|       u_mac             |     6.441  |
|     pe3_19              |     8.009  |
|       u_mac             |     6.716  |
|     pe3_2               |     7.740  |
|       u_mac             |     6.447  |
|     pe3_3               |     7.740  |
|       u_mac             |     6.447  |
|     pe3_4               |     7.740  |
|       u_mac             |     6.447  |
|     pe3_5               |     7.740  |
|       u_mac             |     6.447  |
|     pe3_6               |     7.740  |
|       u_mac             |     6.447  |
|     pe3_7               |     7.740  |
|       u_mac             |     6.447  |
|     pe3_8               |     7.740  |
|       u_mac             |     6.447  |
|     pe3_9               |     7.740  |
|       u_mac             |     6.447  |
|     pe4_0               |     7.605  |
|       u_mac             |     6.312  |
|     pe4_1               |     7.734  |
|       u_mac             |     6.441  |
|     pe4_10              |     7.740  |
|       u_mac             |     6.447  |
|     pe4_11              |     7.740  |
|       u_mac             |     6.447  |
|     pe4_12              |     7.740  |
|       u_mac             |     6.447  |
|     pe4_13              |     7.740  |
|       u_mac             |     6.447  |
|     pe4_14              |     7.740  |
|       u_mac             |     6.447  |
|     pe4_15              |     7.740  |
|       u_mac             |     6.447  |
|     pe4_16              |     7.740  |
|       u_mac             |     6.447  |
|     pe4_17              |     7.740  |
|       u_mac             |     6.447  |
|     pe4_18              |     7.734  |
|       u_mac             |     6.441  |
|     pe4_19              |     8.043  |
|       u_mac             |     6.750  |
|     pe4_2               |     7.740  |
|       u_mac             |     6.447  |
|     pe4_3               |     7.740  |
|       u_mac             |     6.447  |
|     pe4_4               |     7.740  |
|       u_mac             |     6.447  |
|     pe4_5               |     7.740  |
|       u_mac             |     6.447  |
|     pe4_6               |     7.740  |
|       u_mac             |     6.447  |
|     pe4_7               |     7.740  |
|       u_mac             |     6.447  |
|     pe4_8               |     7.740  |
|       u_mac             |     6.447  |
|     pe4_9               |     7.740  |
|       u_mac             |     6.447  |
|     pe5_0               |     7.605  |
|       u_mac             |     6.312  |
|     pe5_1               |     7.734  |
|       u_mac             |     6.441  |
|     pe5_10              |     7.740  |
|       u_mac             |     6.447  |
|     pe5_11              |     7.740  |
|       u_mac             |     6.447  |
|     pe5_12              |     7.740  |
|       u_mac             |     6.447  |
|     pe5_13              |     7.740  |
|       u_mac             |     6.447  |
|     pe5_14              |     7.740  |
|       u_mac             |     6.447  |
|     pe5_15              |     7.740  |
|       u_mac             |     6.447  |
|     pe5_16              |     7.740  |
|       u_mac             |     6.447  |
|     pe5_17              |     7.740  |
|       u_mac             |     6.447  |
|     pe5_18              |     7.740  |
|       u_mac             |     6.447  |
|     pe5_19              |     8.037  |
|       u_mac             |     6.744  |
|     pe5_2               |     7.740  |
|       u_mac             |     6.447  |
|     pe5_3               |     7.740  |
|       u_mac             |     6.447  |
|     pe5_4               |     7.740  |
|       u_mac             |     6.447  |
|     pe5_5               |     7.740  |
|       u_mac             |     6.447  |
|     pe5_6               |     7.740  |
|       u_mac             |     6.447  |
|     pe5_7               |     7.740  |
|       u_mac             |     6.447  |
|     pe5_8               |     7.740  |
|       u_mac             |     6.447  |
|     pe5_9               |     7.740  |
|       u_mac             |     6.447  |
|     pe6_0               |     7.605  |
|       u_mac             |     6.312  |
|     pe6_1               |     7.734  |
|       u_mac             |     6.441  |
|     pe6_10              |     7.740  |
|       u_mac             |     6.447  |
|     pe6_11              |     7.740  |
|       u_mac             |     6.447  |
|     pe6_12              |     7.740  |
|       u_mac             |     6.447  |
|     pe6_13              |     7.740  |
|       u_mac             |     6.447  |
|     pe6_14              |     7.740  |
|       u_mac             |     6.447  |
|     pe6_15              |     7.740  |
|       u_mac             |     6.447  |
|     pe6_16              |     7.740  |
|       u_mac             |     6.447  |
|     pe6_17              |     7.740  |
|       u_mac             |     6.447  |
|     pe6_18              |     7.740  |
|       u_mac             |     6.447  |
|     pe6_19              |     8.037  |
|       u_mac             |     6.744  |
|     pe6_2               |     7.740  |
|       u_mac             |     6.447  |
|     pe6_3               |     7.740  |
|       u_mac             |     6.447  |
|     pe6_4               |     7.740  |
|       u_mac             |     6.447  |
|     pe6_5               |     7.740  |
|       u_mac             |     6.447  |
|     pe6_6               |     7.740  |
|       u_mac             |     6.447  |
|     pe6_7               |     7.740  |
|       u_mac             |     6.447  |
|     pe6_8               |     7.740  |
|       u_mac             |     6.447  |
|     pe6_9               |     7.740  |
|       u_mac             |     6.447  |
|     pe7_0               |     7.605  |
|       u_mac             |     6.312  |
|     pe7_1               |     7.734  |
|       u_mac             |     6.441  |
|     pe7_10              |     7.740  |
|       u_mac             |     6.447  |
|     pe7_11              |     7.740  |
|       u_mac             |     6.447  |
|     pe7_12              |     7.740  |
|       u_mac             |     6.447  |
|     pe7_13              |     7.740  |
|       u_mac             |     6.447  |
|     pe7_14              |     7.740  |
|       u_mac             |     6.447  |
|     pe7_15              |     7.740  |
|       u_mac             |     6.447  |
|     pe7_16              |     7.740  |
|       u_mac             |     6.447  |
|     pe7_17              |     7.740  |
|       u_mac             |     6.447  |
|     pe7_18              |     7.740  |
|       u_mac             |     6.447  |
|     pe7_19              |     8.043  |
|       u_mac             |     6.750  |
|     pe7_2               |     7.740  |
|       u_mac             |     6.447  |
|     pe7_3               |     7.740  |
|       u_mac             |     6.447  |
|     pe7_4               |     7.740  |
|       u_mac             |     6.447  |
|     pe7_5               |     7.740  |
|       u_mac             |     6.447  |
|     pe7_6               |     7.740  |
|       u_mac             |     6.447  |
|     pe7_7               |     7.740  |
|       u_mac             |     6.447  |
|     pe7_8               |     7.740  |
|       u_mac             |     6.447  |
|     pe7_9               |     7.740  |
|       u_mac             |     6.447  |
|     pe8_0               |     7.605  |
|       u_mac             |     6.312  |
|     pe8_1               |     7.734  |
|       u_mac             |     6.441  |
|     pe8_10              |     7.740  |
|       u_mac             |     6.447  |
|     pe8_11              |     7.740  |
|       u_mac             |     6.447  |
|     pe8_12              |     7.740  |
|       u_mac             |     6.447  |
|     pe8_13              |     7.740  |
|       u_mac             |     6.447  |
|     pe8_14              |     7.740  |
|       u_mac             |     6.447  |
|     pe8_15              |     7.740  |
|       u_mac             |     6.447  |
|     pe8_16              |     7.740  |
|       u_mac             |     6.447  |
|     pe8_17              |     7.740  |
|       u_mac             |     6.447  |
|     pe8_18              |     7.740  |
|       u_mac             |     6.447  |
|     pe8_19              |     8.043  |
|       u_mac             |     6.750  |
|     pe8_2               |     7.740  |
|       u_mac             |     6.447  |
|     pe8_3               |     7.740  |
|       u_mac             |     6.447  |
|     pe8_4               |     7.740  |
|       u_mac             |     6.447  |
|     pe8_5               |     7.740  |
|       u_mac             |     6.447  |
|     pe8_6               |     7.740  |
|       u_mac             |     6.447  |
|     pe8_7               |     7.740  |
|       u_mac             |     6.447  |
|     pe8_8               |     7.740  |
|       u_mac             |     6.447  |
|     pe8_9               |     7.740  |
|       u_mac             |     6.447  |
|     pe9_0               |     7.605  |
|       u_mac             |     6.312  |
|     pe9_1               |     7.734  |
|       u_mac             |     6.441  |
|     pe9_10              |     7.740  |
|       u_mac             |     6.447  |
|     pe9_11              |     7.740  |
|       u_mac             |     6.447  |
|     pe9_12              |     7.740  |
|       u_mac             |     6.447  |
|     pe9_13              |     7.740  |
|       u_mac             |     6.447  |
|     pe9_14              |     7.740  |
|       u_mac             |     6.447  |
|     pe9_15              |     7.740  |
|       u_mac             |     6.447  |
|     pe9_16              |     7.740  |
|       u_mac             |     6.447  |
|     pe9_17              |     7.740  |
|       u_mac             |     6.447  |
|     pe9_18              |     7.740  |
|       u_mac             |     6.447  |
|     pe9_19              |     8.043  |
|       u_mac             |     6.750  |
|     pe9_2               |     7.740  |
|       u_mac             |     6.447  |
|     pe9_3               |     7.740  |
|       u_mac             |     6.447  |
|     pe9_4               |     7.740  |
|       u_mac             |     6.447  |
|     pe9_5               |     7.740  |
|       u_mac             |     6.447  |
|     pe9_6               |     7.740  |
|       u_mac             |     6.447  |
|     pe9_7               |     7.740  |
|       u_mac             |     6.447  |
|     pe9_8               |     7.740  |
|       u_mac             |     6.447  |
|     pe9_9               |     7.740  |
|       u_mac             |     6.447  |
+-------------------------+------------+


