Copyright 1986-2018 Xilinx, Inc. All Rights Reserved.
---------------------------------------------------------------------------------------------------------------------------------------------------------------------------------------------------------------------------------------------
| Tool Version : Vivado v.2018.3 (lin64) Build 2405991 Thu Dec  6 23:36:41 MST 2018
| Date         : Wed Jan 12 23:41:35 2022
| Host         : koopa.ece.utexas.edu running 64-bit CentOS Linux release 7.9.2009 (Core)
| Command      : report_timing -sort_by group -max_paths 100 -path_type summary -file /misc/scratch/zwei1/reports_Jan12/raw_designs/vtr_designs/verilog/koios/clstm_like.small_submodules/shift_register_group_18_16_6/post_route_timing.rpt
| Design       : shift_register_group_18_16_6
| Device       : 7z020-clg484
| Speed File   : -3  PRODUCTION 1.11 2014-09-11
---------------------------------------------------------------------------------------------------------------------------------------------------------------------------------------------------------------------------------------------

Timing Report

Startpoint                     Endpoint                       Slack(ns)     
----------------------------------------------------------------------------
shift_register_unit_18_6_inst_0/shift_registers_4_reg_r/C
                               shift_register_unit_18_6_inst_4/shift_registers_5_reg[8]/D
                                                              7.945         
shift_register_unit_18_6_inst_0/shift_registers_4_reg_r/C
                               shift_register_unit_18_6_inst_4/shift_registers_5_reg[10]/D
                                                              7.958         
shift_register_unit_18_6_inst_0/shift_registers_4_reg_r/C
                               shift_register_unit_18_6_inst_4/shift_registers_5_reg[9]/D
                                                              7.966         
shift_register_unit_18_6_inst_0/shift_registers_4_reg_r/C
                               shift_register_unit_18_6_inst_4/shift_registers_5_reg[11]/D
                                                              7.982         
shift_register_unit_18_6_inst_0/shift_registers_4_reg_r/C
                               shift_register_unit_18_6_inst_8/shift_registers_5_reg[12]/D
                                                              7.983         
shift_register_unit_18_6_inst_0/shift_registers_4_reg_r/C
                               shift_register_unit_18_6_inst_8/shift_registers_5_reg[13]/D
                                                              8.001         
shift_register_unit_18_6_inst_0/shift_registers_4_reg_r/C
                               shift_register_unit_18_6_inst_8/shift_registers_5_reg[2]/D
                                                              8.009         
shift_register_unit_18_6_inst_0/shift_registers_4_reg_r/C
                               shift_register_unit_18_6_inst_3/shift_registers_5_reg[2]/D
                                                              8.021         
shift_register_unit_18_6_inst_0/shift_registers_4_reg_r/C
                               shift_register_unit_18_6_inst_8/shift_registers_5_reg[3]/D
                                                              8.035         
shift_register_unit_18_6_inst_0/shift_registers_4_reg_r/C
                               shift_register_unit_18_6_inst_3/shift_registers_5_reg[3]/D
                                                              8.047         
shift_register_unit_18_6_inst_0/shift_registers_4_reg_r/C
                               shift_register_unit_18_6_inst_4/shift_registers_5_reg[2]/D
                                                              8.131         
shift_register_unit_18_6_inst_0/shift_registers_4_reg_r/C
                               shift_register_unit_18_6_inst_6/shift_registers_5_reg[10]/D
                                                              8.141         
shift_register_unit_18_6_inst_0/shift_registers_4_reg_r/C
                               shift_register_unit_18_6_inst_4/shift_registers_5_reg[3]/D
                                                              8.157         
shift_register_unit_18_6_inst_0/shift_registers_4_reg_r/C
                               shift_register_unit_18_6_inst_8/shift_registers_5_reg[14]/D
                                                              8.158         
shift_register_unit_18_6_inst_0/shift_registers_4_reg_r/C
                               shift_register_unit_18_6_inst_6/shift_registers_5_reg[11]/D
                                                              8.167         
shift_register_unit_18_6_inst_0/shift_registers_4_reg_r/C
                               shift_register_unit_18_6_inst_8/shift_registers_5_reg[15]/D
                                                              8.184         
shift_register_unit_18_6_inst_0/shift_registers_4_reg_r/C
                               shift_register_unit_18_6_inst_9/shift_registers_5_reg[2]/D
                                                              8.197         
shift_register_unit_18_6_inst_0/shift_registers_4_reg_r/C
                               shift_register_unit_18_6_inst_3/shift_registers_5_reg[0]/D
                                                              8.207         
shift_register_unit_18_6_inst_0/shift_registers_4_reg_r/C
                               shift_register_unit_18_6_inst_9/shift_registers_5_reg[3]/D
                                                              8.212         
shift_register_unit_18_6_inst_0/shift_registers_4_reg_r/C
                               shift_register_unit_18_6_inst_4/shift_registers_5_reg[0]/D
                                                              8.217         
shift_register_unit_18_6_inst_0/shift_registers_4_reg_r/C
                               shift_register_unit_18_6_inst_3/shift_registers_5_reg[1]/D
                                                              8.231         
shift_register_unit_18_6_inst_0/shift_registers_4_reg_r/C
                               shift_register_unit_18_6_inst_4/shift_registers_5_reg[1]/D
                                                              8.241         
shift_register_unit_18_6_inst_0/shift_registers_4_reg_r/C
                               shift_register_unit_18_6_inst_12/shift_registers_5_reg[10]/D
                                                              8.259         
shift_register_unit_18_6_inst_0/shift_registers_4_reg_r/C
                               shift_register_unit_18_6_inst_4/shift_registers_5_reg[12]/D
                                                              8.264         
shift_register_unit_18_6_inst_0/shift_registers_4_reg_r/C
                               shift_register_unit_18_6_inst_4/shift_registers_5_reg[14]/D
                                                              8.268         
shift_register_unit_18_6_inst_0/shift_registers_4_reg_r/C
                               shift_register_unit_18_6_inst_5/shift_registers_5_reg[0]/D
                                                              8.278         
shift_register_unit_18_6_inst_0/shift_registers_4_reg_r/C
                               shift_register_unit_18_6_inst_5/shift_registers_5_reg[2]/D
                                                              8.280         
shift_register_unit_18_6_inst_0/shift_registers_4_reg_r/C
                               shift_register_unit_18_6_inst_14/shift_registers_5_reg[12]/D
                                                              8.282         
shift_register_unit_18_6_inst_0/shift_registers_4_reg_r/C
                               shift_register_unit_18_6_inst_9/shift_registers_5_reg[4]/D
                                                              8.284         
shift_register_unit_18_6_inst_0/shift_registers_4_reg_r/C
                               shift_register_unit_18_6_inst_4/shift_registers_5_reg[13]/D
                                                              8.285         
shift_register_unit_18_6_inst_0/shift_registers_4_reg_r/C
                               shift_register_unit_18_6_inst_12/shift_registers_5_reg[11]/D
                                                              8.285         
shift_register_unit_18_6_inst_0/shift_registers_4_reg_r/C
                               shift_register_unit_18_6_inst_8/shift_registers_5_reg[10]/D
                                                              8.286         
shift_register_unit_18_6_inst_0/shift_registers_4_reg_r/C
                               shift_register_unit_18_6_inst_4/shift_registers_5_reg[15]/D
                                                              8.292         
shift_register_unit_18_6_inst_0/shift_registers_4_reg_r/C
                               shift_register_unit_18_6_inst_14/shift_registers_5_reg[13]/D
                                                              8.300         
shift_register_unit_18_6_inst_0/shift_registers_4_reg_r/C
                               shift_register_unit_18_6_inst_8/shift_registers_5_reg[11]/D
                                                              8.301         
shift_register_unit_18_6_inst_0/shift_registers_4_reg_r/C
                               shift_register_unit_18_6_inst_9/shift_registers_5_reg[5]/D
                                                              8.302         
shift_register_unit_18_6_inst_0/shift_registers_4_reg_r/C
                               shift_register_unit_18_6_inst_5/shift_registers_5_reg[1]/D
                                                              8.304         
shift_register_unit_18_6_inst_0/shift_registers_4_reg_r/C
                               shift_register_unit_18_6_inst_5/shift_registers_5_reg[3]/D
                                                              8.306         
shift_register_unit_18_6_inst_0/shift_registers_4_reg_r/C
                               shift_register_unit_18_6_inst_8/shift_registers_5_reg[0]/D
                                                              8.312         
shift_register_unit_18_6_inst_0/shift_registers_4_reg_r/C
                               shift_register_unit_18_6_inst_14/shift_registers_5_reg[2]/D
                                                              8.318         
shift_register_unit_18_6_inst_0/shift_registers_4_reg_r/C
                               shift_register_unit_18_6_inst_8/shift_registers_5_reg[6]/D
                                                              8.324         
shift_register_unit_18_6_inst_0/shift_registers_4_reg_r/C
                               shift_register_unit_18_6_inst_8/shift_registers_5_reg[4]/D
                                                              8.324         
shift_register_unit_18_6_inst_0/shift_registers_4_reg_r/C
                               shift_register_unit_18_6_inst_13/shift_registers_5_reg[16]/D
                                                              8.327         
shift_register_unit_18_6_inst_0/shift_registers_4_reg_r/C
                               shift_register_unit_18_6_inst_9/shift_registers_5_reg[10]/D
                                                              8.331         
shift_register_unit_18_6_inst_0/shift_registers_4_reg_r/C
                               shift_register_unit_18_6_inst_14/shift_registers_5_reg[3]/D
                                                              8.333         
shift_register_unit_18_6_inst_0/shift_registers_4_reg_r/C
                               shift_register_unit_18_6_inst_8/shift_registers_5_reg[1]/D
                                                              8.336         
shift_register_unit_18_6_inst_0/shift_registers_4_reg_r/C
                               shift_register_unit_18_6_inst_3/shift_registers_5_reg[4]/D
                                                              8.336         
shift_register_unit_18_6_inst_0/shift_registers_4_reg_r/C
                               shift_register_unit_18_6_inst_3/shift_registers_5_reg[6]/D
                                                              8.336         
shift_register_unit_18_6_inst_0/shift_registers_4_reg_r/C
                               shift_register_unit_18_6_inst_3/shift_registers_5_reg[16]/D
                                                              8.336         
shift_register_unit_18_6_inst_0/shift_registers_4_reg_r/C
                               shift_register_unit_18_6_inst_5/shift_registers_5_reg[16]/D
                                                              8.344         
shift_register_unit_18_6_inst_0/shift_registers_4_reg_r/C
                               shift_register_unit_18_6_inst_9/shift_registers_5_reg[11]/D
                                                              8.346         
shift_register_unit_18_6_inst_0/shift_registers_4_reg_r/C
                               shift_register_unit_18_6_inst_13/shift_registers_5_reg[17]/D
                                                              8.347         
shift_register_unit_18_6_inst_0/shift_registers_4_reg_r/C
                               shift_register_unit_18_6_inst_8/shift_registers_5_reg[5]/D
                                                              8.348         
shift_register_unit_18_6_inst_0/shift_registers_4_reg_r/C
                               shift_register_unit_18_6_inst_8/shift_registers_5_reg[7]/D
                                                              8.350         
shift_register_unit_18_6_inst_0/shift_registers_4_reg_r/C
                               shift_register_unit_18_6_inst_3/shift_registers_5_reg[17]/D
                                                              8.356         
shift_register_unit_18_6_inst_0/shift_registers_4_reg_r/C
                               shift_register_unit_18_6_inst_3/shift_registers_5_reg[5]/D
                                                              8.360         
shift_register_unit_18_6_inst_0/shift_registers_4_reg_r/C
                               shift_register_unit_18_6_inst_3/shift_registers_5_reg[7]/D
                                                              8.362         
shift_register_unit_18_6_inst_0/shift_registers_4_reg_r/C
                               shift_register_unit_18_6_inst_5/shift_registers_5_reg[17]/D
                                                              8.364         
shift_register_unit_18_6_inst_0/shift_registers_4_reg_r/C
                               shift_register_unit_18_6_inst_9/shift_registers_5_reg[0]/D
                                                              8.365         
shift_register_unit_18_6_inst_0/shift_registers_4_reg_r/C
                               shift_register_unit_18_6_inst_7/shift_registers_5_reg[10]/D
                                                              8.378         
shift_register_unit_18_6_inst_0/shift_registers_4_reg_r/C
                               shift_register_unit_18_6_inst_1/shift_registers_5_reg[16]/D
                                                              8.379         
shift_register_unit_18_6_inst_0/shift_registers_4_reg_r/C
                               shift_register_unit_18_6_inst_9/shift_registers_5_reg[1]/D
                                                              8.389         
shift_register_unit_18_6_inst_0/shift_registers_4_reg_r/C
                               shift_register_unit_18_6_inst_14/shift_registers_5_reg[8]/D
                                                              8.391         
shift_register_unit_18_6_inst_0/shift_registers_4_reg_r/C
                               shift_register_unit_18_6_inst_14/shift_registers_5_reg[10]/D
                                                              8.392         
shift_register_unit_18_6_inst_0/shift_registers_4_reg_r/C
                               shift_register_unit_18_6_inst_1/shift_registers_5_reg[10]/D
                                                              8.399         
shift_register_unit_18_6_inst_0/shift_registers_4_reg_r/C
                               shift_register_unit_18_6_inst_2/shift_registers_5_reg[10]/D
                                                              8.400         
shift_register_unit_18_6_inst_0/shift_registers_4_reg_r/C
                               shift_register_unit_18_6_inst_7/shift_registers_5_reg[11]/D
                                                              8.404         
shift_register_unit_18_6_inst_0/shift_registers_4_reg_r/C
                               shift_register_unit_18_6_inst_6/shift_registers_5_reg[12]/D
                                                              8.407         
shift_register_unit_18_6_inst_0/shift_registers_4_reg_r/C
                               shift_register_unit_18_6_inst_2/shift_registers_5_reg[2]/D
                                                              8.410         
shift_register_unit_18_6_inst_0/shift_registers_4_reg_r/C
                               shift_register_unit_18_6_inst_1/shift_registers_5_reg[17]/D
                                                              8.413         
shift_register_unit_18_6_inst_0/shift_registers_4_reg_r/C
                               shift_register_unit_18_6_inst_14/shift_registers_5_reg[11]/D
                                                              8.422         
shift_register_unit_18_6_inst_0/shift_registers_4_reg_r/C
                               shift_register_unit_18_6_inst_14/shift_registers_5_reg[9]/D
                                                              8.424         
shift_register_unit_18_6_inst_0/shift_registers_4_reg_r/C
                               shift_register_unit_18_6_inst_6/shift_registers_5_reg[13]/D
                                                              8.425         
shift_register_unit_18_6_inst_0/shift_registers_4_reg_r/C
                               shift_register_unit_18_6_inst_1/shift_registers_5_reg[11]/D
                                                              8.425         
shift_register_unit_18_6_inst_0/shift_registers_4_reg_r/C
                               shift_register_unit_18_6_inst_3/shift_registers_5_reg[10]/D
                                                              8.425         
shift_register_unit_18_6_inst_0/shift_registers_4_reg_r/C
                               shift_register_unit_18_6_inst_2/shift_registers_5_reg[3]/D
                                                              8.425         
shift_register_unit_18_6_inst_0/shift_registers_4_reg_r/C
                               shift_register_unit_18_6_inst_2/shift_registers_5_reg[11]/D
                                                              8.426         
shift_register_unit_18_6_inst_0/shift_registers_4_reg_r/C
                               shift_register_unit_18_6_inst_10/shift_registers_5_reg[2]/D
                                                              8.432         
shift_register_unit_18_6_inst_0/shift_registers_4_reg_r/C
                               shift_register_unit_18_6_inst_13/shift_registers_5_reg[10]/D
                                                              8.436         
shift_register_unit_18_6_inst_0/shift_registers_4_reg_r/C
                               shift_register_unit_18_6_inst_1/shift_registers_5_reg[2]/D
                                                              8.439         
shift_register_unit_18_6_inst_0/shift_registers_4_reg_r/C
                               shift_register_unit_18_6_inst_11/shift_registers_5_reg[16]/D
                                                              8.443         
shift_register_unit_18_6_inst_0/shift_registers_4_reg_r/C
                               shift_register_unit_18_6_inst_4/shift_registers_5_reg[4]/D
                                                              8.446         
shift_register_unit_18_6_inst_0/shift_registers_4_reg_r/C
                               shift_register_unit_18_6_inst_4/shift_registers_5_reg[6]/D
                                                              8.446         
shift_register_unit_18_6_inst_0/shift_registers_4_reg_r/C
                               shift_register_unit_18_6_inst_13/shift_registers_5_reg[8]/D
                                                              8.449         
shift_register_unit_18_6_inst_0/shift_registers_4_reg_r/C
                               shift_register_unit_18_6_inst_3/shift_registers_5_reg[11]/D
                                                              8.451         
shift_register_unit_18_6_inst_0/shift_registers_4_reg_r/C
                               shift_register_unit_18_6_inst_14/shift_registers_5_reg[14]/D
                                                              8.457         
shift_register_unit_18_6_inst_0/shift_registers_4_reg_r/C
                               shift_register_unit_18_6_inst_10/shift_registers_5_reg[3]/D
                                                              8.458         
shift_register_unit_18_6_inst_0/shift_registers_4_reg_r/C
                               shift_register_unit_18_6_inst_9/shift_registers_5_reg[6]/D
                                                              8.459         
shift_register_unit_18_6_inst_0/shift_registers_4_reg_r/C
                               shift_register_unit_18_6_inst_13/shift_registers_5_reg[11]/D
                                                              8.462         
shift_register_unit_18_6_inst_0/shift_registers_4_reg_r/C
                               shift_register_unit_18_6_inst_8/shift_registers_5_reg[8]/D
                                                              8.462         
shift_register_unit_18_6_inst_0/shift_registers_4_reg_r/C
                               shift_register_unit_18_6_inst_5/shift_registers_5_reg[14]/D
                                                              8.462         
shift_register_unit_18_6_inst_0/shift_registers_4_reg_r/C
                               shift_register_unit_18_6_inst_11/shift_registers_5_reg[17]/D
                                                              8.463         
shift_register_unit_18_6_inst_0/shift_registers_4_reg_r/C
                               shift_register_unit_18_6_inst_12/shift_registers_5_reg[8]/D
                                                              8.464         
shift_register_unit_18_6_inst_0/shift_registers_4_reg_r/C
                               shift_register_unit_18_6_inst_1/shift_registers_5_reg[3]/D
                                                              8.465         
shift_register_unit_18_6_inst_0/shift_registers_4_reg_r/C
                               shift_register_unit_18_6_inst_4/shift_registers_5_reg[5]/D
                                                              8.470         
shift_register_unit_18_6_inst_0/shift_registers_4_reg_r/C
                               shift_register_unit_18_6_inst_4/shift_registers_5_reg[7]/D
                                                              8.472         
shift_register_unit_18_6_inst_0/shift_registers_4_reg_r/C
                               shift_register_unit_18_6_inst_6/shift_registers_5_reg[8]/D
                                                              8.479         
shift_register_unit_18_6_inst_0/shift_registers_4_reg_r/C
                               shift_register_unit_18_6_inst_0/shift_registers_5_reg[16]/D
                                                              8.479         
shift_register_unit_18_6_inst_0/shift_registers_4_reg_r/C
                               shift_register_unit_18_6_inst_15/shift_registers_5_reg[16]/D
                                                              8.480         
shift_register_unit_18_6_inst_0/shift_registers_4_reg_r/C
                               shift_register_unit_18_6_inst_12/shift_registers_5_reg[9]/D
                                                              8.481         



