Copyright 1986-2018 Xilinx, Inc. All Rights Reserved.
----------------------------------------------------------------------------------------------------------------------------------------------------------------------------------------------------------
| Tool Version : Vivado v.2018.3 (lin64) Build 2405991 Thu Dec  6 23:36:41 MST 2018
| Date         : Thu Jan 13 17:16:21 2022
| Host         : koopa.ece.utexas.edu running 64-bit CentOS Linux release 7.9.2009 (Core)
| Command      : report_timing -sort_by group -max_paths 100 -path_type summary -file /misc/scratch/zwei1/reports_Jan12/raw_designs/vtr_designs/verilog/or1200_submodules/or1200_if/post_route_timing.rpt
| Design       : or1200_if
| Device       : 7z020-clg484
| Speed File   : -3  PRODUCTION 1.11 2014-09-11
----------------------------------------------------------------------------------------------------------------------------------------------------------------------------------------------------------

Timing Report

Startpoint                     Endpoint                       Slack(ns)     
----------------------------------------------------------------------------
saved_reg/C                    insn_saved_reg[24]/CE          7.704         
saved_reg/C                    insn_saved_reg[25]/CE          7.704         
saved_reg/C                    addr_saved_reg[13]/CE          7.781         
saved_reg/C                    addr_saved_reg[20]/CE          7.781         
saved_reg/C                    insn_saved_reg[14]/CE          7.797         
saved_reg/C                    insn_saved_reg[15]/CE          7.797         
saved_reg/C                    addr_saved_reg[24]/CE          7.846         
saved_reg/C                    insn_saved_reg[17]/CE          7.846         
saved_reg/C                    insn_saved_reg[18]/CE          7.846         
saved_reg/C                    insn_saved_reg[16]/CE          7.900         
saved_reg/C                    insn_saved_reg[22]/CE          7.900         
saved_reg/C                    insn_saved_reg[27]/CE          7.919         
saved_reg/C                    insn_saved_reg[29]/CE          7.919         
saved_reg/C                    insn_saved_reg[10]/CE          7.955         
saved_reg/C                    insn_saved_reg[11]/CE          7.955         
saved_reg/C                    insn_saved_reg[21]/CE          7.955         
saved_reg/C                    insn_saved_reg[23]/CE          7.955         
saved_reg/C                    insn_saved_reg[12]/CE          7.986         
saved_reg/C                    insn_saved_reg[13]/CE          7.986         
saved_reg/C                    insn_saved_reg[26]/CE          8.012         
saved_reg/C                    insn_saved_reg[28]/CE          8.012         
saved_reg/C                    addr_saved_reg[8]/CE           8.077         
saved_reg/C                    insn_saved_reg[30]/CE          8.077         
saved_reg/C                    insn_saved_reg[31]/CE          8.077         
saved_reg/C                    addr_saved_reg[18]/CE          8.104         
saved_reg/C                    insn_saved_reg[6]/CE           8.104         
saved_reg/C                    insn_saved_reg[7]/CE           8.104         
saved_reg/C                    insn_saved_reg[2]/CE           8.108         
saved_reg/C                    insn_saved_reg[3]/CE           8.108         
saved_reg/C                    addr_saved_reg[28]/CE          8.152         
saved_reg/C                    addr_saved_reg[5]/CE           8.152         
saved_reg/C                    addr_saved_reg[22]/CE          8.194         
saved_reg/C                    insn_saved_reg[8]/CE           8.194         
saved_reg/C                    insn_saved_reg[9]/CE           8.194         
saved_reg/C                    addr_saved_reg[0]/CE           8.211         
saved_reg/C                    insn_saved_reg[19]/CE          8.225         
saved_reg/C                    insn_saved_reg[20]/CE          8.225         
saved_reg/C                    addr_saved_reg[10]/CE          8.247         
saved_reg/C                    insn_saved_reg[4]/CE           8.247         
saved_reg/C                    insn_saved_reg[5]/CE           8.247         
saved_reg/C                    addr_saved_reg[1]/CE           8.255         
saved_reg/C                    addr_saved_reg[26]/CE          8.255         
saved_reg/C                    insn_saved_reg[0]/CE           8.255         
saved_reg/C                    insn_saved_reg[1]/CE           8.255         
saved_reg/C                    addr_saved_reg[11]/CE          8.259         
saved_reg/C                    addr_saved_reg[15]/CE          8.259         
saved_reg/C                    addr_saved_reg[23]/CE          8.259         
saved_reg/C                    addr_saved_reg[9]/CE           8.259         
saved_reg/C                    addr_saved_reg[12]/CE          8.322         
saved_reg/C                    addr_saved_reg[14]/CE          8.322         
saved_reg/C                    addr_saved_reg[21]/CE          8.322         
saved_reg/C                    addr_saved_reg[3]/CE           8.322         
saved_reg/C                    insn_saved_reg[24]/D           8.336         
saved_reg/C                    insn_saved_reg[25]/D           8.349         
saved_reg/C                    addr_saved_reg[17]/CE          8.361         
saved_reg/C                    addr_saved_reg[19]/CE          8.361         
saved_reg/C                    addr_saved_reg[4]/CE           8.361         
saved_reg/C                    saved_reg/CE                   8.361         
saved_reg/C                    insn_saved_reg[21]/D           8.409         
saved_reg/C                    insn_saved_reg[10]/D           8.412         
saved_reg/C                    insn_saved_reg[14]/D           8.426         
saved_reg/C                    insn_saved_reg[23]/D           8.427         
saved_reg/C                    insn_saved_reg[11]/D           8.432         
saved_reg/C                    insn_saved_reg[15]/D           8.439         
saved_reg/C                    insn_saved_reg[27]/D           8.447         
saved_reg/C                    insn_saved_reg[29]/D           8.460         
saved_reg/C                    addr_saved_reg[25]/CE          8.473         
saved_reg/C                    addr_saved_reg[27]/CE          8.473         
saved_reg/C                    addr_saved_reg[29]/CE          8.473         
saved_reg/C                    addr_saved_reg[6]/CE           8.473         
saved_reg/C                    addr_saved_reg[2]/CE           8.479         
saved_reg/C                    addr_saved_reg[30]/CE          8.479         
saved_reg/C                    addr_saved_reg[7]/CE           8.479         
saved_reg/C                    addr_saved_reg[16]/CE          8.502         
saved_reg/C                    addr_saved_reg[31]/CE          8.502         
saved_reg/C                    insn_saved_reg[12]/D           8.576         
saved_reg/C                    insn_saved_reg[16]/D           8.583         
saved_reg/C                    insn_saved_reg[13]/D           8.589         
saved_reg/C                    insn_saved_reg[22]/D           8.597         
saved_reg/C                    insn_saved_reg[26]/D           8.606         
saved_reg/C                    insn_saved_reg[28]/D           8.620         
saved_reg/C                    insn_saved_reg[30]/D           8.636         
saved_reg/C                    insn_saved_reg[6]/D            8.648         
saved_reg/C                    insn_saved_reg[31]/D           8.656         
saved_reg/C                    insn_saved_reg[2]/D            8.659         
saved_reg/C                    insn_saved_reg[17]/D           8.664         
saved_reg/C                    insn_saved_reg[7]/D            8.668         
saved_reg/C                    insn_saved_reg[3]/D            8.672         
saved_reg/C                    insn_saved_reg[4]/D            8.675         
saved_reg/C                    insn_saved_reg[18]/D           8.684         
saved_reg/C                    insn_saved_reg[5]/D            8.688         
saved_reg/C                    insn_saved_reg[8]/D            8.752         
saved_reg/C                    insn_saved_reg[9]/D            8.772         
saved_reg/C                    insn_saved_reg[19]/D           8.777         
saved_reg/C                    insn_saved_reg[20]/D           8.790         
saved_reg/C                    insn_saved_reg[0]/D            8.791         
saved_reg/C                    insn_saved_reg[1]/D            8.804         



