Copyright 1986-2018 Xilinx, Inc. All Rights Reserved.
-------------------------------------------------------------------------------------------------------------------------------------------------------------------------------------------------------------------
| Tool Version : Vivado v.2018.3 (lin64) Build 2405991 Thu Dec  6 23:36:41 MST 2018
| Date         : Thu Jan 13 10:43:13 2022
| Host         : koopa.ece.utexas.edu running 64-bit CentOS Linux release 7.9.2009 (Core)
| Command      : report_timing -sort_by group -max_paths 100 -path_type summary -file /misc/scratch/zwei1/reports_Jan12/raw_designs/vtr_designs/verilog/koios/tpu_like.small_submodules/pool/post_route_timing.rpt
| Design       : pool
| Device       : 7z020-clg484
| Speed File   : -3  PRODUCTION 1.11 2014-09-11
-------------------------------------------------------------------------------------------------------------------------------------------------------------------------------------------------------------------

Timing Report

Startpoint                     Endpoint                       Slack(ns)     
----------------------------------------------------------------------------
cycle_count_reg[4]/C           done_pool_temp_reg/D           6.041         
cycle_count_reg[2]/C           cycle_count_reg[31]/D          7.980         
cycle_count_reg[2]/C           cycle_count_reg[29]/D          7.984         
cycle_count_reg[2]/C           cycle_count_reg[30]/D          8.033         
cycle_count_reg[2]/C           cycle_count_reg[28]/D          8.055         
cycle_count_reg[2]/C           cycle_count_reg[27]/D          8.069         
cycle_count_reg[2]/C           cycle_count_reg[25]/D          8.073         
cycle_count_reg[2]/C           cycle_count_reg[26]/D          8.122         
cycle_count_reg[2]/C           cycle_count_reg[24]/D          8.144         
cycle_count_reg[2]/C           cycle_count_reg[23]/D          8.158         
cycle_count_reg[2]/C           cycle_count_reg[21]/D          8.162         
cycle_count_reg[2]/C           cycle_count_reg[22]/D          8.211         
cycle_count_reg[2]/C           cycle_count_reg[20]/D          8.233         
cycle_count_reg[2]/C           cycle_count_reg[19]/D          8.254         
cycle_count_reg[2]/C           cycle_count_reg[17]/D          8.258         
cycle_count_reg[2]/C           cycle_count_reg[18]/D          8.307         
cycle_count_reg[2]/C           cycle_count_reg[16]/D          8.329         
cycle_count_reg[2]/C           cycle_count_reg[15]/D          8.343         
cycle_count_reg[2]/C           cycle_count_reg[13]/D          8.347         
cycle_count_reg[2]/C           cycle_count_reg[14]/D          8.396         
cycle_count_reg[2]/C           cycle_count_reg[12]/D          8.418         
cycle_count_reg[2]/C           cycle_count_reg[11]/D          8.432         
cycle_count_reg[2]/C           cycle_count_reg[9]/D           8.436         
cycle_count_reg[2]/C           cycle_count_reg[10]/D          8.485         
cycle_count_reg[2]/C           cycle_count_reg[8]/D           8.507         
cycle_count_reg[2]/C           cycle_count_reg[7]/D           8.521         
cycle_count_reg[2]/C           cycle_count_reg[5]/D           8.525         
cycle_count_reg[2]/C           cycle_count_reg[6]/D           8.574         
cycle_count_reg[2]/C           cycle_count_reg[4]/D           8.596         
cycle_count_reg[0]/C           cycle_count_reg[3]/D           8.725         
cycle_count_reg[0]/C           cycle_count_reg[2]/D           8.770         
cycle_count_reg[0]/C           cycle_count_reg[1]/D           8.874         
cycle_count_reg[0]/C           cycle_count_reg[0]/D           8.990         



