Copyright 1986-2018 Xilinx, Inc. All Rights Reserved.
-----------------------------------------------------------------------------------------------------------------------------------------------------------------------------------------------------------------
| Tool Version : Vivado v.2018.3 (lin64) Build 2405991 Thu Dec  6 23:36:41 MST 2018
| Date         : Thu Jan 13 02:58:00 2022
| Host         : koopa.ece.utexas.edu running 64-bit CentOS Linux release 7.9.2009 (Core)
| Command      : report_timing -sort_by group -max_paths 100 -path_type summary -file /misc/scratch/zwei1/reports_Jan12/raw_designs/vtr_designs/verilog/koios/softmax_submodules/mode3_exp/post_route_timing.rpt
| Design       : mode3_exp
| Device       : 7z020-clg484
| Speed File   : -3  PRODUCTION 1.11 2014-09-11
-----------------------------------------------------------------------------------------------------------------------------------------------------------------------------------------------------------------

Timing Report

Startpoint                     Endpoint                       Slack(ns)     
----------------------------------------------------------------------------
exp3/fpsub/u_FPAddSub/pipe_1_reg[39]/C
                               exp3/fpsub/u_FPAddSub/pipe_3_reg[5]/D
                                                              5.804         
exp2/fpsub/u_FPAddSub/pipe_1_reg[20]/C
                               exp2/fpsub/u_FPAddSub/pipe_3_reg[1]/D
                                                              5.806         
exp2/fpsub/u_FPAddSub/pipe_1_reg[20]/C
                               exp2/fpsub/u_FPAddSub/pipe_3_reg[0]/D
                                                              5.858         
exp2/fpsub/u_FPAddSub/pipe_1_reg[20]/C
                               exp2/fpsub/u_FPAddSub/pipe_3_reg[4]/D
                                                              5.874         
exp1/fpsub/u_FPAddSub/pipe_1_reg[35]/C
                               exp1/fpsub/u_FPAddSub/pipe_3_reg[5]/D
                                                              5.876         
exp3/fpsub/u_FPAddSub/pipe_1_reg[39]/C
                               exp3/fpsub/u_FPAddSub/pipe_3_reg[1]/D
                                                              5.883         
exp2/fpsub/u_FPAddSub/pipe_1_reg[20]/C
                               exp2/fpsub/u_FPAddSub/pipe_3_reg[2]/D
                                                              5.896         
exp1/fpsub/u_FPAddSub/pipe_5_reg[6]/C
                               exp1/fpsub/u_FPAddSub/pipe_8_reg[3]/D
                                                              5.931         
exp7/fpsub/u_FPAddSub/pipe_1_reg[19]/C
                               exp7/fpsub/u_FPAddSub/pipe_3_reg[1]/D
                                                              5.932         
exp5/fpsub/u_FPAddSub/pipe_1_reg[25]/C
                               exp5/fpsub/u_FPAddSub/pipe_3_reg[2]/D
                                                              5.934         
exp7/fpsub/u_FPAddSub/pipe_1_reg[19]/C
                               exp7/fpsub/u_FPAddSub/pipe_3_reg[4]/D
                                                              5.950         
exp2/LUTout_reg2_reg/CLKBWRCLK exp2/fpmult/u_FPMult/PrepModule/Mp/B[9]
                                                              5.962         
exp5/LUTout_reg2_reg/CLKBWRCLK exp5/fpmult/u_FPMult/PrepModule/Mp/B[9]
                                                              5.962         
exp7/fpsub/u_FPAddSub/pipe_1_reg[19]/C
                               exp7/fpsub/u_FPAddSub/pipe_3_reg[0]/D
                                                              5.977         
exp6/fpsub/u_FPAddSub/pipe_5_reg[12]/C
                               exp6/fpsub/u_FPAddSub/pipe_8_reg[8]/D
                                                              5.984         
exp4/fpsub/u_FPAddSub/pipe_1_reg[25]/C
                               exp4/fpsub/u_FPAddSub/pipe_3_reg[1]/D
                                                              5.987         
exp1/fpsub/u_FPAddSub/pipe_1_reg[35]/C
                               exp1/fpsub/u_FPAddSub/pipe_3_reg[4]/D
                                                              5.999         
exp5/LUTout_reg2_reg/CLKBWRCLK exp5/fpmult/u_FPMult/PrepModule/Mp/B[6]
                                                              6.003         
exp5/fpsub/u_FPAddSub/pipe_5_reg[7]/C
                               exp5/fpsub/u_FPAddSub/pipe_8_reg[8]/D
                                                              6.012         
exp0/LUTout_reg2_reg/CLKBWRCLK exp0/fpmult/u_FPMult/PrepModule/Mp/B[2]
                                                              6.012         
exp3/LUTout_reg2_reg/CLKBWRCLK exp3/fpmult/u_FPMult/PrepModule/Mp/B[2]
                                                              6.012         
exp1/fpsub/u_FPAddSub/pipe_1_reg[35]/C
                               exp1/fpsub/u_FPAddSub/pipe_3_reg[10]/D
                                                              6.019         
exp2/LUTout_reg2_reg/CLKBWRCLK exp2/fpmult/u_FPMult/PrepModule/Mp/B[6]
                                                              6.023         
exp2/LUTout_reg2_reg/CLKBWRCLK exp2/fpmult/u_FPMult/PrepModule/Mp/B[7]
                                                              6.027         
exp5/LUTout_reg2_reg/CLKBWRCLK exp5/fpmult/u_FPMult/PrepModule/Mp/B[7]
                                                              6.027         
exp5/fpsub/u_FPAddSub/pipe_1_reg[25]/C
                               exp5/fpsub/u_FPAddSub/pipe_3_reg[3]/D
                                                              6.038         
exp3/fpsub/u_FPAddSub/pipe_1_reg[39]/C
                               exp3/fpsub/u_FPAddSub/pipe_3_reg[4]/D
                                                              6.038         
exp2/fpsub/u_FPAddSub/pipe_1_reg[20]/C
                               exp2/fpsub/u_FPAddSub/pipe_3_reg[5]/D
                                                              6.045         
exp7/LUTout_reg2_reg/CLKBWRCLK exp7/fpmult/u_FPMult/PrepModule/Mp/B[5]
                                                              6.047         
exp2/LUTout_reg2_reg/CLKBWRCLK exp2/fpmult/u_FPMult/PrepModule/Mp/B[8]
                                                              6.048         
exp5/LUTout_reg2_reg/CLKBWRCLK exp5/fpmult/u_FPMult/PrepModule/Mp/B[8]
                                                              6.048         
exp2/LUTout_reg2_reg/CLKBWRCLK exp2/fpmult/u_FPMult/PrepModule/Mp/B[5]
                                                              6.052         
exp5/LUTout_reg2_reg/CLKBWRCLK exp5/fpmult/u_FPMult/PrepModule/Mp/B[5]
                                                              6.052         
exp6/fpsub/u_FPAddSub/pipe_1_reg[38]/C
                               exp6/fpsub/u_FPAddSub/pipe_3_reg[1]/D
                                                              6.052         
exp0/LUTout_reg2_reg/CLKBWRCLK exp0/fpmult/u_FPMult/PrepModule/Mp/B[7]
                                                              6.054         
exp1/LUTout_reg2_reg/CLKBWRCLK exp1/fpmult/u_FPMult/PrepModule/Mp/B[7]
                                                              6.054         
exp3/LUTout_reg2_reg/CLKBWRCLK exp3/fpmult/u_FPMult/PrepModule/Mp/B[7]
                                                              6.054         
exp4/LUTout_reg2_reg/CLKBWRCLK exp4/fpmult/u_FPMult/PrepModule/Mp/B[7]
                                                              6.054         
exp6/LUTout_reg2_reg/CLKBWRCLK exp6/fpmult/u_FPMult/PrepModule/Mp/B[7]
                                                              6.054         
exp7/LUTout_reg2_reg/CLKBWRCLK exp7/fpmult/u_FPMult/PrepModule/Mp/B[7]
                                                              6.054         
exp5/fpsub/u_FPAddSub/pipe_5_reg[11]/C
                               exp5/fpsub/u_FPAddSub/pipe_8_reg[3]/D
                                                              6.059         
exp3/fpsub/u_FPAddSub/pipe_1_reg[39]/C
                               exp3/fpsub/u_FPAddSub/pipe_3_reg[0]/D
                                                              6.059         
exp3/fpsub/u_FPAddSub/pipe_5_reg[11]/C
                               exp3/fpsub/u_FPAddSub/pipe_8_reg[3]/D
                                                              6.060         
exp2/LUTout_reg2_reg/CLKBWRCLK exp2/fpmult/u_FPMult/PrepModule/Mp/B[2]
                                                              6.060         
exp5/LUTout_reg2_reg/CLKBWRCLK exp5/fpmult/u_FPMult/PrepModule/Mp/B[2]
                                                              6.060         
exp2/LUTout_reg2_reg/CLKBWRCLK exp2/fpmult/u_FPMult/PrepModule/Mp/B[4]
                                                              6.060         
exp5/LUTout_reg2_reg/CLKBWRCLK exp5/fpmult/u_FPMult/PrepModule/Mp/B[4]
                                                              6.060         
exp1/LUTout_reg2_reg/CLKBWRCLK exp1/fpmult/u_FPMult/PrepModule/Mp/B[2]
                                                              6.061         
exp4/LUTout_reg2_reg/CLKBWRCLK exp4/fpmult/u_FPMult/PrepModule/Mp/B[2]
                                                              6.061         
exp6/LUTout_reg2_reg/CLKBWRCLK exp6/fpmult/u_FPMult/PrepModule/Mp/B[2]
                                                              6.061         
exp7/LUTout_reg2_reg/CLKBWRCLK exp7/fpmult/u_FPMult/PrepModule/Mp/B[2]
                                                              6.061         
exp0/LUTout_reg2_reg/CLKBWRCLK exp0/fpmult/u_FPMult/PrepModule/Mp/B[4]
                                                              6.065         
exp1/LUTout_reg2_reg/CLKBWRCLK exp1/fpmult/u_FPMult/PrepModule/Mp/B[4]
                                                              6.065         
exp3/LUTout_reg2_reg/CLKBWRCLK exp3/fpmult/u_FPMult/PrepModule/Mp/B[4]
                                                              6.065         
exp4/LUTout_reg2_reg/CLKBWRCLK exp4/fpmult/u_FPMult/PrepModule/Mp/B[4]
                                                              6.065         
exp7/LUTout_reg2_reg/CLKBWRCLK exp7/fpmult/u_FPMult/PrepModule/Mp/B[4]
                                                              6.065         
exp6/LUTout_reg2_reg/CLKBWRCLK exp6/fpmult/u_FPMult/PrepModule/Mp/B[4]
                                                              6.065         
exp0/LUTout_reg2_reg/CLKBWRCLK exp0/fpmult/u_FPMult/PrepModule/Mp/B[5]
                                                              6.067         
exp1/fpsub/u_FPAddSub/pipe_1_reg[35]/C
                               exp1/fpsub/u_FPAddSub/pipe_3_reg[1]/D
                                                              6.075         
exp2/fpsub/u_FPAddSub/pipe_1_reg[20]/C
                               exp2/fpsub/u_FPAddSub/pipe_3_reg[3]/D
                                                              6.085         
exp1/fpsub/u_FPAddSub/pipe_1_reg[35]/C
                               exp1/fpsub/u_FPAddSub/pipe_3_reg[0]/D
                                                              6.098         
exp7/fpsub/u_FPAddSub/pipe_1_reg[19]/C
                               exp7/fpsub/u_FPAddSub/pipe_3_reg[5]/D
                                                              6.114         
exp6/LUTout_reg2_reg/CLKBWRCLK exp6/fpmult/u_FPMult/PrepModule/Mp/B[9]
                                                              6.114         
exp7/LUTout_reg2_reg/CLKBWRCLK exp7/fpmult/u_FPMult/PrepModule/Mp/B[6]
                                                              6.114         
exp2/LUTout_reg2_reg/CLKBWRCLK exp2/fpmult/u_FPMult/PrepModule/Mp/B[3]
                                                              6.120         
exp3/fpsub/u_FPAddSub/pipe_1_reg[39]/C
                               exp3/fpsub/u_FPAddSub/pipe_3_reg[2]/D
                                                              6.122         
exp5/LUTout_reg2_reg/CLKBWRCLK exp5/fpmult/u_FPMult/PrepModule/Mp/B[3]
                                                              6.122         
exp6/fpsub/u_FPAddSub/pipe_1_reg[38]/C
                               exp6/fpsub/u_FPAddSub/pipe_3_reg[2]/D
                                                              6.131         
exp3/fpsub/u_FPAddSub/pipe_1_reg[39]/C
                               exp3/fpsub/u_FPAddSub/pipe_3_reg[3]/D
                                                              6.135         
exp0/LUTout_reg2_reg/CLKBWRCLK exp0/fpmult/u_FPMult/PrepModule/Mp/B[3]
                                                              6.143         
exp3/LUTout_reg2_reg/CLKBWRCLK exp3/fpmult/u_FPMult/PrepModule/Mp/B[3]
                                                              6.143         
exp4/fpsub/u_FPAddSub/pipe_5_reg[15]/C
                               exp4/fpsub/u_FPAddSub/pipe_8_reg[3]/D
                                                              6.157         
exp0/LUTout_reg2_reg/CLKBWRCLK exp0/fpmult/u_FPMult/PrepModule/Mp/B[8]
                                                              6.157         
exp1/LUTout_reg2_reg/CLKBWRCLK exp1/fpmult/u_FPMult/PrepModule/Mp/B[8]
                                                              6.157         
exp3/LUTout_reg2_reg/CLKBWRCLK exp3/fpmult/u_FPMult/PrepModule/Mp/B[8]
                                                              6.157         
exp4/LUTout_reg2_reg/CLKBWRCLK exp4/fpmult/u_FPMult/PrepModule/Mp/B[8]
                                                              6.157         
exp6/LUTout_reg2_reg/CLKBWRCLK exp6/fpmult/u_FPMult/PrepModule/Mp/B[8]
                                                              6.157         
exp7/LUTout_reg2_reg/CLKBWRCLK exp7/fpmult/u_FPMult/PrepModule/Mp/B[8]
                                                              6.157         
exp4/fpsub/u_FPAddSub/pipe_1_reg[25]/C
                               exp4/fpsub/u_FPAddSub/pipe_3_reg[2]/D
                                                              6.158         
exp5/fpsub/u_FPAddSub/pipe_1_reg[25]/C
                               exp5/fpsub/u_FPAddSub/pipe_3_reg[0]/D
                                                              6.159         
exp0/fpsub/u_FPAddSub/pipe_1_reg[18]/C
                               exp0/fpsub/u_FPAddSub/pipe_3_reg[4]/D
                                                              6.160         
exp0/LUTout_reg2_reg/CLKBWRCLK exp0/fpmult/u_FPMult/PrepModule/Mp/B[6]
                                                              6.163         
exp1/LUTout_reg2_reg/CLKBWRCLK exp1/fpmult/u_FPMult/PrepModule/Mp/B[6]
                                                              6.163         
exp3/LUTout_reg2_reg/CLKBWRCLK exp3/fpmult/u_FPMult/PrepModule/Mp/B[6]
                                                              6.163         
exp6/LUTout_reg2_reg/CLKBWRCLK exp6/fpmult/u_FPMult/PrepModule/Mp/B[6]
                                                              6.163         
exp0/LUTout_reg2_reg/CLKBWRCLK exp0/fpmult/u_FPMult/PrepModule/Mp/B[9]
                                                              6.163         
exp1/LUTout_reg2_reg/CLKBWRCLK exp1/fpmult/u_FPMult/PrepModule/Mp/B[9]
                                                              6.163         
exp3/LUTout_reg2_reg/CLKBWRCLK exp3/fpmult/u_FPMult/PrepModule/Mp/B[9]
                                                              6.163         
exp4/LUTout_reg2_reg/CLKBWRCLK exp4/fpmult/u_FPMult/PrepModule/Mp/B[9]
                                                              6.163         
exp7/LUTout_reg2_reg/CLKBWRCLK exp7/fpmult/u_FPMult/PrepModule/Mp/B[9]
                                                              6.163         
exp1/LUTout_reg2_reg/CLKBWRCLK exp1/fpmult/u_FPMult/PrepModule/Mp/B[3]
                                                              6.164         
exp4/LUTout_reg2_reg/CLKBWRCLK exp4/fpmult/u_FPMult/PrepModule/Mp/B[3]
                                                              6.164         
exp6/LUTout_reg2_reg/CLKBWRCLK exp6/fpmult/u_FPMult/PrepModule/Mp/B[3]
                                                              6.164         
exp7/LUTout_reg2_reg/CLKBWRCLK exp7/fpmult/u_FPMult/PrepModule/Mp/B[3]
                                                              6.164         
exp2/fpsub/u_FPAddSub/pipe_5_reg[14]/C
                               exp2/fpsub/u_FPAddSub/pipe_8_reg[3]/D
                                                              6.164         
exp1/LUTout_reg2_reg/CLKBWRCLK exp1/fpmult/u_FPMult/PrepModule/Mp/B[5]
                                                              6.165         
exp3/LUTout_reg2_reg/CLKBWRCLK exp3/fpmult/u_FPMult/PrepModule/Mp/B[5]
                                                              6.165         
exp4/LUTout_reg2_reg/CLKBWRCLK exp4/fpmult/u_FPMult/PrepModule/Mp/B[5]
                                                              6.165         
exp6/LUTout_reg2_reg/CLKBWRCLK exp6/fpmult/u_FPMult/PrepModule/Mp/B[5]
                                                              6.165         
exp4/LUTout_reg2_reg/CLKBWRCLK exp4/fpmult/u_FPMult/PrepModule/Mp/B[6]
                                                              6.165         



