Copyright 1986-2018 Xilinx, Inc. All Rights Reserved.
---------------------------------------------------------------------------------------------------------------------------------------------------------------------------------------------------------------------------------------------------------
| Tool Version : Vivado v.2018.3 (lin64) Build 2405991 Thu Dec  6 23:36:41 MST 2018
| Date         : Thu Jan 13 05:10:38 2022
| Host         : koopa.ece.utexas.edu running 64-bit CentOS Linux release 7.9.2009 (Core)
| Command      : report_timing -sort_by group -max_paths 100 -path_type summary -file /misc/scratch/zwei1/reports_Jan12/raw_designs/vtr_designs/verilog/koios/tiny_darknet_like.medium_submodules/td_fused_top_tdf10_readFilters70/post_route_timing.rpt
| Design       : td_fused_top_tdf10_readFilters70
| Device       : 7z020-clg484
| Speed File   : -3  PRODUCTION 1.11 2014-09-11
---------------------------------------------------------------------------------------------------------------------------------------------------------------------------------------------------------------------------------------------------------

Timing Report

Startpoint                     Endpoint                       Slack(ns)     
----------------------------------------------------------------------------
ap_CS_fsm_reg[1]/C             add_ln55_reg_1010_reg[9]/D     6.740         
ap_CS_fsm_reg[1]/C             add_ln55_reg_1010_reg[10]/D    6.785         
ap_CS_fsm_reg[1]/C             add_ln55_reg_1010_reg[8]/D     6.811         
indvar_flatten13_reg_412_reg[3]/C
                               select_ln47_15_reg_1003_reg[0]/CE
                                                              6.823         
indvar_flatten13_reg_412_reg[3]/C
                               select_ln47_15_reg_1003_reg[1]/CE
                                                              6.823         
ap_CS_fsm_reg[1]/C             add_ln55_reg_1010_reg[7]/D     6.825         
ap_CS_fsm_reg[1]/C             add_ln55_reg_1010_reg[5]/D     6.829         
indvar_flatten13_reg_412_reg[3]/C
                               select_ln48_15_reg_1016_reg[1]/CE
                                                              6.860         
ap_CS_fsm_reg[1]/C             add_ln55_reg_1010_reg[6]/D     6.878         
ap_CS_fsm_reg[1]/C             add_ln55_reg_1010_reg[4]/D     6.900         
indvar_flatten13_reg_412_reg[3]/C
                               select_ln48_15_reg_1016_reg[0]/CE
                                                              6.940         
ap_done_reg_reg/C              indvar_flatten_reg_434_reg[0]/R
                                                              6.941         
ap_done_reg_reg/C              indvar_flatten_reg_434_reg[1]/R
                                                              6.941         
ap_done_reg_reg/C              indvar_flatten_reg_434_reg[6]/R
                                                              6.941         
indvar_flatten13_reg_412_reg[3]/C
                               indvar_flatten_reg_434_reg[3]/CE
                                                              6.988         
indvar_flatten13_reg_412_reg[3]/C
                               indvar_flatten_reg_434_reg[4]/CE
                                                              6.988         
ap_CS_fsm_reg[1]/C             add_ln55_reg_1010_reg[3]/D     6.994         
ap_CS_fsm_reg[1]/C             add_ln55_reg_1010_reg[2]/D     7.039         
ap_done_reg_reg/C              indvar_flatten_reg_434_reg[3]/R
                                                              7.042         
ap_done_reg_reg/C              indvar_flatten_reg_434_reg[4]/R
                                                              7.042         
ap_done_reg_reg/C              indvar_flatten_reg_434_reg[2]/R
                                                              7.080         
ap_done_reg_reg/C              indvar_flatten_reg_434_reg[5]/R
                                                              7.080         
indvar_flatten13_reg_412_reg[3]/C
                               indvar_flatten_reg_434_reg[0]/CE
                                                              7.088         
indvar_flatten13_reg_412_reg[3]/C
                               indvar_flatten_reg_434_reg[1]/CE
                                                              7.088         
indvar_flatten13_reg_412_reg[3]/C
                               indvar_flatten_reg_434_reg[6]/CE
                                                              7.088         
indvar_flatten13_reg_412_reg[3]/C
                               kk_reg_456_reg[2]/CE           7.096         
indvar_flatten13_reg_412_reg[3]/C
                               kk_reg_456_reg[3]/CE           7.096         
indvar_flatten13_reg_412_reg[3]/C
                               kk_reg_456_reg[4]/CE           7.096         
indvar_flatten13_reg_412_reg[3]/C
                               kk_reg_456_reg[5]/CE           7.096         
indvar_flatten13_reg_412_reg[3]/C
                               kk_reg_456_reg[6]/CE           7.096         
icmp_ln47_reg_999_reg[0]/C     ii_reg_423_reg[0]/R            7.099         
icmp_ln47_reg_999_reg[0]/C     ii_reg_423_reg[1]/R            7.099         
icmp_ln47_reg_999_reg[0]/C     jj_reg_445_reg[0]/R            7.099         
icmp_ln47_reg_999_reg[0]/C     jj_reg_445_reg[1]/R            7.099         
ap_done_reg_reg/C              indvar_flatten13_reg_412_reg[0]/R
                                                              7.117         
ap_done_reg_reg/C              indvar_flatten13_reg_412_reg[1]/R
                                                              7.117         
ap_done_reg_reg/C              indvar_flatten13_reg_412_reg[2]/R
                                                              7.117         
ap_done_reg_reg/C              kk_reg_456_reg[3]/R            7.148         
ap_done_reg_reg/C              kk_reg_456_reg[2]/R            7.152         
ap_done_reg_reg/C              kk_reg_456_reg[4]/R            7.152         
ap_done_reg_reg/C              kk_reg_456_reg[5]/R            7.152         
ap_done_reg_reg/C              kk_reg_456_reg[6]/R            7.152         
ap_done_reg_reg/C              indvar_flatten13_reg_412_reg[3]/R
                                                              7.183         
ap_done_reg_reg/C              indvar_flatten13_reg_412_reg[4]/R
                                                              7.183         
ap_done_reg_reg/C              indvar_flatten13_reg_412_reg[5]/R
                                                              7.183         
ap_done_reg_reg/C              indvar_flatten13_reg_412_reg[6]/R
                                                              7.183         
ap_done_reg_reg/C              indvar_flatten13_reg_412_reg[7]/R
                                                              7.183         
indvar_flatten13_reg_412_reg[3]/C
                               indvar_flatten_reg_434_reg[2]/CE
                                                              7.202         
indvar_flatten13_reg_412_reg[3]/C
                               indvar_flatten_reg_434_reg[5]/CE
                                                              7.202         
indvar_flatten13_reg_412_reg[3]/C
                               indvar_flatten13_reg_412_reg[0]/CE
                                                              7.228         
indvar_flatten13_reg_412_reg[3]/C
                               indvar_flatten13_reg_412_reg[1]/CE
                                                              7.228         
indvar_flatten13_reg_412_reg[3]/C
                               indvar_flatten13_reg_412_reg[2]/CE
                                                              7.228         
indvar_flatten13_reg_412_reg[3]/C
                               indvar_flatten13_reg_412_reg[3]/CE
                                                              7.296         
indvar_flatten13_reg_412_reg[3]/C
                               indvar_flatten13_reg_412_reg[4]/CE
                                                              7.296         
indvar_flatten13_reg_412_reg[3]/C
                               indvar_flatten13_reg_412_reg[5]/CE
                                                              7.296         
indvar_flatten13_reg_412_reg[3]/C
                               indvar_flatten13_reg_412_reg[6]/CE
                                                              7.296         
indvar_flatten13_reg_412_reg[3]/C
                               indvar_flatten13_reg_412_reg[7]/CE
                                                              7.296         
ap_CS_fsm_reg[1]/C             add_ln55_reg_1010_reg[1]/D     7.302         
icmp_ln47_reg_999_pp0_iter1_reg_reg[0]/C
                               filter_data_0_load_reg_1064_reg[36]/CE
                                                              7.309         
indvar_flatten13_reg_412_reg[3]/C
                               ap_enable_reg_pp0_iter1_reg/D  7.358         
icmp_ln47_reg_999_pp0_iter1_reg_reg[0]/C
                               filter_data_0_load_reg_1064_reg[12]/CE
                                                              7.420         
icmp_ln47_reg_999_pp0_iter1_reg_reg[0]/C
                               filter_data_1_load_reg_1069_reg[13]/CE
                                                              7.420         
ap_CS_fsm_reg[1]/C             select_ln47_15_reg_1003_reg[1]/D
                                                              7.496         
icmp_ln47_reg_999_pp0_iter1_reg_reg[0]/C
                               filter_data_0_load_reg_1064_reg[28]/CE
                                                              7.526         
icmp_ln47_reg_999_pp0_iter1_reg_reg[0]/C
                               filter_data_0_load_reg_1064_reg[35]/CE
                                                              7.526         
icmp_ln47_reg_999_pp0_iter1_reg_reg[0]/C
                               filter_data_0_load_reg_1064_reg[41]/CE
                                                              7.526         
icmp_ln47_reg_999_pp0_iter1_reg_reg[0]/C
                               filter_data_0_load_reg_1064_reg[4]/CE
                                                              7.526         
icmp_ln47_reg_999_pp0_iter1_reg_reg[0]/C
                               filter_data_0_load_reg_1064_reg[30]/CE
                                                              7.535         
icmp_ln47_reg_999_pp0_iter1_reg_reg[0]/C
                               filter_data_0_load_reg_1064_reg[43]/CE
                                                              7.535         
icmp_ln47_reg_999_pp0_iter1_reg_reg[0]/C
                               filter_data_1_load_reg_1069_reg[0]/CE
                                                              7.535         
icmp_ln47_reg_999_pp0_iter1_reg_reg[0]/C
                               filter_data_1_load_reg_1069_reg[11]/CE
                                                              7.535         
indvar_flatten_reg_434_reg[5]/C
                               select_ln47_15_reg_1003_reg[0]/D
                                                              7.537         
icmp_ln47_reg_999_pp0_iter1_reg_reg[0]/C
                               filter_data_0_load_reg_1064_reg[50]/CE
                                                              7.557         
icmp_ln47_reg_999_pp0_iter1_reg_reg[0]/C
                               filter_data_0_load_reg_1064_reg[60]/CE
                                                              7.557         
icmp_ln47_reg_999_pp0_iter1_reg_reg[0]/C
                               filter_data_1_load_reg_1069_reg[10]/CE
                                                              7.557         
icmp_ln47_reg_999_pp0_iter1_reg_reg[0]/C
                               filter_data_2_load_reg_1074_reg[20]/CE
                                                              7.557         
indvar_flatten_reg_434_reg[5]/C
                               select_ln48_15_reg_1016_reg[1]/D
                                                              7.588         
indvar_flatten13_reg_412_reg[0]/C
                               add_ln55_reg_1010_reg[0]/CE    7.608         
indvar_flatten13_reg_412_reg[0]/C
                               add_ln55_reg_1010_reg[1]/CE    7.608         
indvar_flatten13_reg_412_reg[0]/C
                               add_ln55_reg_1010_reg[2]/CE    7.608         
indvar_flatten13_reg_412_reg[0]/C
                               add_ln55_reg_1010_reg[3]/CE    7.608         
indvar_flatten_reg_434_reg[5]/C
                               select_ln48_15_reg_1016_reg[0]/D
                                                              7.610         
indvar_flatten13_reg_412_reg[0]/C
                               lshr_ln_reg_1023_reg[0]/CE     7.613         
indvar_flatten13_reg_412_reg[0]/C
                               lshr_ln_reg_1023_reg[1]/CE     7.613         
indvar_flatten13_reg_412_reg[0]/C
                               lshr_ln_reg_1023_reg[2]/CE     7.613         
indvar_flatten13_reg_412_reg[0]/C
                               lshr_ln_reg_1023_reg[3]/CE     7.613         
indvar_flatten_reg_434_reg[2]/C
                               kk_reg_456_reg[6]/D            7.617         
icmp_ln47_reg_999_pp0_iter1_reg_reg[0]/C
                               filter_data_0_load_reg_1064_reg[44]/CE
                                                              7.619         
icmp_ln47_reg_999_pp0_iter1_reg_reg[0]/C
                               filter_data_0_load_reg_1064_reg[45]/CE
                                                              7.619         
icmp_ln47_reg_999_pp0_iter1_reg_reg[0]/C
                               filter_data_0_load_reg_1064_reg[8]/CE
                                                              7.619         
icmp_ln47_reg_999_pp0_iter1_reg_reg[0]/C
                               filter_data_0_load_reg_1064_reg[9]/CE
                                                              7.619         
indvar_flatten_reg_434_reg[2]/C
                               kk_reg_456_reg[5]/D            7.619         
indvar_flatten_reg_434_reg[2]/C
                               kk_reg_456_reg[4]/D            7.624         
icmp_ln47_reg_999_pp0_iter1_reg_reg[0]/C
                               filter_data_1_load_reg_1069_reg[33]/CE
                                                              7.630         
icmp_ln47_reg_999_pp0_iter1_reg_reg[0]/C
                               filter_data_1_load_reg_1069_reg[36]/CE
                                                              7.630         
ap_CS_fsm_reg[1]/C             ii_reg_423_reg[0]/CE           7.647         
ap_CS_fsm_reg[1]/C             ii_reg_423_reg[1]/CE           7.647         
ap_CS_fsm_reg[1]/C             jj_reg_445_reg[0]/CE           7.647         
ap_CS_fsm_reg[1]/C             jj_reg_445_reg[1]/CE           7.647         
icmp_ln47_reg_999_pp0_iter1_reg_reg[0]/C
                               filter_data_1_load_reg_1069_reg[14]/CE
                                                              7.650         



