Copyright 1986-2018 Xilinx, Inc. All Rights Reserved.
--------------------------------------------------------------------------------------------------------------------------------------------------------------------------------------------------------------
| Tool Version : Vivado v.2018.3 (lin64) Build 2405991 Thu Dec  6 23:36:41 MST 2018
| Date         : Tue Jan 11 21:19:40 2022
| Host         : koopa.ece.utexas.edu running 64-bit CentOS Linux release 7.9.2009 (Core)
| Command      : report_timing -sort_by group -max_paths 100 -path_type summary -file /misc/scratch/zwei1/reports_Jan12/raw_designs/opencores/arithmetic/crcahb_submodules/crc_parallel/post_route_timing.rpt
| Design       : crc_parallel
| Device       : 7z020-clg484
| Speed File   : -3  PRODUCTION 1.11 2014-09-11
--------------------------------------------------------------------------------------------------------------------------------------------------------------------------------------------------------------

Timing Report

Startpoint                     Endpoint                       Slack(ns)     
----------------------------------------------------------------------------
crc_poly_size[1]               crc_out[0]                     inf           
crc_poly_size[1]               crc_out[1]                     inf           
crc_poly_size[1]               crc_out[2]                     inf           
crc_poly_size[1]               crc_out[3]                     inf           
crc_poly_size[1]               crc_out[4]                     inf           
crc_poly_size[1]               crc_out[6]                     inf           
crc_poly_size[1]               crc_out[5]                     inf           
crc_poly_size[1]               crc_out[7]                     inf           



