Copyright 1986-2018 Xilinx, Inc. All Rights Reserved.
-----------------------------------------------------------------------------------------------------------------------------------------------------------------------------------------------------------------------------
| Tool Version : Vivado v.2018.3 (lin64) Build 2405991 Thu Dec  6 23:36:41 MST 2018
| Date         : Thu Jan 13 17:33:04 2022
| Host         : koopa.ece.utexas.edu running 64-bit CentOS Linux release 7.9.2009 (Core)
| Command      : report_timing -sort_by group -max_paths 100 -path_type summary -file /misc/scratch/zwei1/reports_Jan12/raw_designs/vtr_designs/verilog/stereovision0_submodules/wrapper_qs_intr_10_20/post_route_timing.rpt
| Design       : wrapper_qs_intr_10_20
| Device       : 7z020-clg484
| Speed File   : -3  PRODUCTION 1.11 2014-09-11
-----------------------------------------------------------------------------------------------------------------------------------------------------------------------------------------------------------------------------

Timing Report

Startpoint                     Endpoint                       Slack(ns)     
----------------------------------------------------------------------------
my_inst_quadintr/dinr9_reg[3]/C
                               my_inst_quadintr/tmp_217_reg[7]/D
                                                              7.820         
my_inst_quadintr/dinr9_reg[3]/C
                               my_inst_quadintr/tmp_217_reg[5]/D
                                                              7.824         
my_inst_quadintr/doutr14_reg[4]/C
                               my_inst_quadintr/doutr11_reg[8]/D
                                                              7.837         
my_inst_quadintr/doutr14_reg[4]/C
                               my_inst_quadintr/doutr11_reg[7]/D
                                                              7.851         
my_inst_quadintr/doutr14_reg[4]/C
                               my_inst_quadintr/doutr11_reg[5]/D
                                                              7.855         
my_inst_quadintr/dinr9_reg[3]/C
                               my_inst_quadintr/tmp_217_reg[6]/D
                                                              7.873         
my_inst_quadintr/dinr3_reg[3]/C
                               my_inst_quadintr/tmp_17_reg[7]/D
                                                              7.879         
my_inst_quadintr/dinr3_reg[3]/C
                               my_inst_quadintr/tmp_17_reg[5]/D
                                                              7.883         
my_inst_quadintr/dinr9_reg[3]/C
                               my_inst_quadintr/tmp_217_reg[4]/D
                                                              7.895         
my_inst_quadintr/doutr14_reg[4]/C
                               my_inst_quadintr/doutr11_reg[6]/D
                                                              7.904         
my_inst_quadintr/doutr14_reg[4]/C
                               my_inst_quadintr/doutr11_reg[4]/D
                                                              7.926         
my_inst_quadintr/dinr3_reg[3]/C
                               my_inst_quadintr/tmp_17_reg[6]/D
                                                              7.932         
my_inst_quadintr/dinr3_reg[3]/C
                               my_inst_quadintr/tmp_17_reg[4]/D
                                                              7.954         
my_inst_quadintr/dinr8_reg[3]/C
                               my_inst_quadintr/tmp_117_reg[7]/D
                                                              7.984         
my_inst_quadintr/dinr8_reg[3]/C
                               my_inst_quadintr/tmp_117_reg[5]/D
                                                              7.988         
my_inst_quadintr/dinr9_reg[3]/C
                               my_inst_quadintr/tmp_217_reg[3]/D
                                                              7.989         
my_inst_quadintr/dinr3_reg[3]/C
                               my_inst_quadintr/tmp_25_reg[7]/D
                                                              8.007         
my_inst_quadintr/dinr3_reg[3]/C
                               my_inst_quadintr/tmp_25_reg[5]/D
                                                              8.011         
my_inst_quadintr/doutr14_reg[4]/C
                               my_inst_quadintr/doutr11_reg[3]/D
                                                              8.020         
my_inst_quadintr/dinr9_reg[3]/C
                               my_inst_quadintr/tmp_217_reg[2]/D
                                                              8.034         
my_inst_quadintr/doutr16_reg[5]/C
                               my_inst_quadintr/doutr13_reg[8]/D
                                                              8.036         
my_inst_quadintr/dinr8_reg[3]/C
                               my_inst_quadintr/tmp_117_reg[6]/D
                                                              8.037         
my_inst_quadintr/dinr3_reg[3]/C
                               my_inst_quadintr/tmp_17_reg[3]/D
                                                              8.048         
my_inst_quadintr/doutr16_reg[5]/C
                               my_inst_quadintr/doutr13_reg[7]/D
                                                              8.056         
my_inst_quadintr/dinr8_reg[3]/C
                               my_inst_quadintr/tmp_117_reg[4]/D
                                                              8.059         
my_inst_quadintr/dinr3_reg[3]/C
                               my_inst_quadintr/tmp_25_reg[6]/D
                                                              8.060         
my_inst_quadintr/doutr14_reg[4]/C
                               my_inst_quadintr/doutr11_reg[2]/D
                                                              8.065         
my_inst_quadintr/dinr2_reg[2]/C
                               my_inst_quadintr/tmp_15_reg[7]/D
                                                              8.066         
my_inst_quadintr/doutr16_reg[5]/C
                               my_inst_quadintr/doutr13_reg[5]/D
                                                              8.070         
my_inst_quadintr/dinr2_reg[2]/C
                               my_inst_quadintr/tmp_15_reg[5]/D
                                                              8.070         
my_inst_quadintr/doutr16_reg[7]/C
                               my_inst_quadintr/doutr19_reg[8]/D
                                                              8.074         
my_inst_quadintr/dinr5_reg[6]/C
                               my_inst_quadintr/tmp_111_reg[7]/D
                                                              8.081         
my_inst_quadintr/dinr3_reg[3]/C
                               my_inst_quadintr/tmp_25_reg[4]/D
                                                              8.082         
my_inst_quadintr/dinr6_reg[3]/C
                               my_inst_quadintr/tmp_211_reg[7]/D
                                                              8.090         
my_inst_quadintr/dinr3_reg[3]/C
                               my_inst_quadintr/tmp_17_reg[2]/D
                                                              8.093         
my_inst_quadintr/dinr5_reg[6]/C
                               my_inst_quadintr/tmp_111_reg[5]/D
                                                              8.095         
my_inst_quadintr/dinr6_reg[3]/C
                               my_inst_quadintr/tmp_211_reg[5]/D
                                                              8.104         
my_inst_quadintr/doutr16_reg[5]/C
                               my_inst_quadintr/doutr13_reg[6]/D
                                                              8.113         
my_inst_quadintr/dinr1_reg[4]/C
                               my_inst_quadintr/tmp_13_reg[7]/D
                                                              8.116         
my_inst_quadintr/dinr2_reg[2]/C
                               my_inst_quadintr/tmp_15_reg[6]/D
                                                              8.119         
my_inst_quadintr/dinr1_reg[4]/C
                               my_inst_quadintr/tmp_13_reg[5]/D
                                                              8.130         
my_inst_quadintr/doutr16_reg[5]/C
                               my_inst_quadintr/doutr13_reg[4]/D
                                                              8.136         
my_inst_quadintr/add_tmp3_reg[4]/C
                               my_inst_quadintr/doutr3_reg[8]/D
                                                              8.138         
my_inst_quadintr/dinr5_reg[6]/C
                               my_inst_quadintr/tmp_111_reg[6]/D
                                                              8.138         
my_inst_quadintr/dinr6_reg[2]/C
                               my_inst_quadintr/tmp_113_reg[7]/D
                                                              8.140         
my_inst_quadintr/dinr2_reg[2]/C
                               my_inst_quadintr/tmp_15_reg[4]/D
                                                              8.141         
my_inst_quadintr/dinr6_reg[2]/C
                               my_inst_quadintr/tmp_113_reg[5]/D
                                                              8.144         
my_inst_quadintr/dinr7_reg[3]/C
                               my_inst_quadintr/tmp_115_reg[7]/D
                                                              8.147         
my_inst_quadintr/dinr6_reg[3]/C
                               my_inst_quadintr/tmp_211_reg[6]/D
                                                              8.147         
my_inst_quadintr/dinr7_reg[3]/C
                               my_inst_quadintr/tmp_115_reg[5]/D
                                                              8.151         
my_inst_quadintr/tmp_13_reg[1]/C
                               my_inst_quadintr/add_tmp3_reg[8]/D
                                                              8.153         
my_inst_quadintr/tmp_113_reg[1]/C
                               my_inst_quadintr/add_tmp13_reg[8]/D
                                                              8.157         
my_inst_quadintr/dinr5_reg[6]/C
                               my_inst_quadintr/tmp_111_reg[4]/D
                                                              8.161         
my_inst_quadintr/tmp_13_reg[1]/C
                               my_inst_quadintr/add_tmp3_reg[7]/D
                                                              8.165         
my_inst_quadintr/doutr12_reg[5]/C
                               my_inst_quadintr/doutr9_reg[8]/D
                                                              8.166         
my_inst_quadintr/dinr6_reg[3]/C
                               my_inst_quadintr/tmp_211_reg[4]/D
                                                              8.170         
my_inst_quadintr/doutr6_reg[3]/C
                               my_inst_quadintr/doutr3_reg[7]/D
                                                              8.172         
my_inst_quadintr/dinr1_reg[4]/C
                               my_inst_quadintr/tmp_13_reg[6]/D
                                                              8.173         
my_inst_quadintr/doutr6_reg[3]/C
                               my_inst_quadintr/doutr3_reg[5]/D
                                                              8.176         
my_inst_quadintr/dinr3_reg[3]/C
                               my_inst_quadintr/tmp_25_reg[3]/D
                                                              8.176         
my_inst_quadintr/dinr10_reg[3]/C
                               my_inst_quadintr/tmp_319_reg[7]/D
                                                              8.178         
my_inst_quadintr/tmp_13_reg[1]/C
                               my_inst_quadintr/add_tmp3_reg[5]/D
                                                              8.179         
my_inst_quadintr/tmp_113_reg[1]/C
                               my_inst_quadintr/add_tmp13_reg[7]/D
                                                              8.179         
my_inst_quadintr/dinr4_reg[3]/C
                               my_inst_quadintr/tmp_19_reg[7]/D
                                                              8.179         
my_inst_quadintr/doutr12_reg[5]/C
                               my_inst_quadintr/doutr9_reg[7]/D
                                                              8.180         
my_inst_quadintr/dinr10_reg[3]/C
                               my_inst_quadintr/tmp_319_reg[5]/D
                                                              8.182         
my_inst_quadintr/tmp_113_reg[1]/C
                               my_inst_quadintr/add_tmp13_reg[5]/D
                                                              8.183         
my_inst_quadintr/dinr4_reg[3]/C
                               my_inst_quadintr/tmp_19_reg[5]/D
                                                              8.183         
my_inst_quadintr/doutr16_reg[7]/C
                               my_inst_quadintr/doutr19_reg[7]/D
                                                              8.184         
my_inst_quadintr/doutr12_reg[5]/C
                               my_inst_quadintr/doutr9_reg[5]/D
                                                              8.184         
my_inst_quadintr/doutr10_reg[4]/C
                               my_inst_quadintr/doutr7_reg[8]/D
                                                              8.188         
my_inst_quadintr/tmp_319_reg[1]/C
                               my_inst_quadintr/add_tmp19_reg[8]/D
                                                              8.190         
my_inst_quadintr/dinr6_reg[2]/C
                               my_inst_quadintr/tmp_113_reg[6]/D
                                                              8.193         
my_inst_quadintr/doutr4_reg[6]/C
                               my_inst_quadintr/doutr1_reg[8]/D
                                                              8.194         
my_inst_quadintr/dinr1_reg[4]/C
                               my_inst_quadintr/tmp_13_reg[4]/D
                                                              8.196         
my_inst_quadintr/tmp_17_reg[0]/C
                               my_inst_quadintr/add_tmp7_reg[8]/D
                                                              8.198         
my_inst_quadintr/dinr7_reg[3]/C
                               my_inst_quadintr/tmp_115_reg[6]/D
                                                              8.200         
my_inst_quadintr/dinr8_reg[3]/C
                               my_inst_quadintr/tmp_117_reg[3]/D
                                                              8.200         
my_inst_quadintr/dinr8_reg[2]/C
                               my_inst_quadintr/tmp_215_reg[7]/D
                                                              8.201         
my_inst_quadintr/doutr16_reg[5]/C
                               my_inst_quadintr/doutr19_reg[5]/D
                                                              8.202         
my_inst_quadintr/doutr10_reg[4]/C
                               my_inst_quadintr/doutr7_reg[7]/D
                                                              8.202         
my_inst_quadintr/dinr0_reg[4]/C
                               my_inst_quadintr/tmp_11_reg[7]/D
                                                              8.203         
my_inst_quadintr/tmp_319_reg[1]/C
                               my_inst_quadintr/add_tmp19_reg[7]/D
                                                              8.204         
my_inst_quadintr/dinr8_reg[2]/C
                               my_inst_quadintr/tmp_215_reg[5]/D
                                                              8.205         
my_inst_quadintr/doutr10_reg[4]/C
                               my_inst_quadintr/doutr7_reg[5]/D
                                                              8.206         
my_inst_quadintr/doutr4_reg[6]/C
                               my_inst_quadintr/doutr1_reg[7]/D
                                                              8.208         
my_inst_quadintr/tmp_319_reg[1]/C
                               my_inst_quadintr/add_tmp19_reg[5]/D
                                                              8.208         
my_inst_quadintr/dinr5_reg[2]/C
                               my_inst_quadintr/tmp_29_reg[7]/D
                                                              8.208         
my_inst_quadintr/tmp_17_reg[0]/C
                               my_inst_quadintr/add_tmp7_reg[7]/D
                                                              8.210         
my_inst_quadintr/add_tmp17_reg[0]/C
                               my_inst_quadintr/doutr17_reg[8]/D
                                                              8.210         
my_inst_quadintr/tmp_215_reg[5]/C
                               my_inst_quadintr/add_tmp15_reg[8]/D
                                                              8.211         
my_inst_quadintr/doutr4_reg[6]/C
                               my_inst_quadintr/doutr1_reg[5]/D
                                                              8.212         
my_inst_quadintr/dinr3_reg[3]/C
                               my_inst_quadintr/tmp_17_reg[1]/D
                                                              8.214         
my_inst_quadintr/dinr6_reg[2]/C
                               my_inst_quadintr/tmp_113_reg[4]/D
                                                              8.215         
my_inst_quadintr/tmp_111_reg[1]/C
                               my_inst_quadintr/add_tmp11_reg[8]/D
                                                              8.216         
my_inst_quadintr/dinr0_reg[4]/C
                               my_inst_quadintr/tmp_11_reg[5]/D
                                                              8.217         
my_inst_quadintr/dinr3_reg[3]/C
                               my_inst_quadintr/tmp_25_reg[2]/D
                                                              8.221         
my_inst_quadintr/dinr7_reg[3]/C
                               my_inst_quadintr/tmp_115_reg[4]/D
                                                              8.222         
my_inst_quadintr/tmp_13_reg[1]/C
                               my_inst_quadintr/add_tmp3_reg[6]/D
                                                              8.222         
my_inst_quadintr/dinr5_reg[2]/C
                               my_inst_quadintr/tmp_29_reg[5]/D
                                                              8.222         



