Copyright 1986-2018 Xilinx, Inc. All Rights Reserved.
----------------------------------------------------------------------------------------------------------------------------------------------------------------------------------------------------------------
| Tool Version : Vivado v.2018.3 (lin64) Build 2405991 Thu Dec  6 23:36:41 MST 2018
| Date         : Tue Jan 11 21:19:31 2022
| Host         : koopa.ece.utexas.edu running 64-bit CentOS Linux release 7.9.2009 (Core)
| Command      : report_timing -sort_by group -max_paths 100 -path_type summary -file /misc/scratch/zwei1/reports_Jan12/raw_designs/opencores/arithmetic/crcahb_submodules/host_interface/post_route_timing.rpt
| Design       : host_interface
| Device       : 7z020-clg484
| Speed File   : -3  PRODUCTION 1.11 2014-09-11
----------------------------------------------------------------------------------------------------------------------------------------------------------------------------------------------------------------

Timing Report

Startpoint                     Endpoint                       Slack(ns)     
----------------------------------------------------------------------------
hselx_pp_reg/C                 haddr_pp_reg[1]/CE             7.152         
hselx_pp_reg/C                 htrans_pp_reg[0]/CE            7.152         
hselx_pp_reg/C                 htrans_pp_reg[1]/CE            7.152         
hselx_pp_reg/C                 hwrite_pp_reg/CE               7.152         
hselx_pp_reg/C                 haddr_pp_reg[0]/CE             7.241         
hselx_pp_reg/C                 haddr_pp_reg[2]/CE             7.241         
hselx_pp_reg/C                 hsize_pp_reg[0]/CE             7.241         
hselx_pp_reg/C                 hsize_pp_reg[1]/CE             7.241         
hselx_pp_reg/C                 hselx_pp_reg/D                 7.455         
haddr_pp_reg[1]/C              crc_cr_ff_reg[0]/CE            7.553         
haddr_pp_reg[1]/C              crc_cr_ff_reg[1]/CE            7.553         
haddr_pp_reg[1]/C              crc_cr_ff_reg[2]/CE            7.553         
haddr_pp_reg[1]/C              crc_cr_ff_reg[3]/CE            7.657         
haddr_pp_reg[1]/C              crc_cr_ff_reg[4]/CE            7.657         



