Copyright 1986-2018 Xilinx, Inc. All Rights Reserved.
------------------------------------------------------------------------------------------------------------------------------------------------------------------------------------------------------------------------------------------------------------------------
| Tool Version : Vivado v.2018.3 (lin64) Build 2405991 Thu Dec  6 23:36:41 MST 2018
| Date         : Wed Jan 12 23:54:47 2022
| Host         : koopa.ece.utexas.edu running 64-bit CentOS Linux release 7.9.2009 (Core)
| Command      : report_timing -sort_by group -max_paths 100 -path_type summary -file /misc/scratch/zwei1/reports_Jan12/raw_designs/vtr_designs/verilog/koios/conv_layer_hls_submodules/td_fused_top_dataflow_in_loop_TOP_LOOP49028_ifmap_vec_0_0/post_route_timing.rpt
| Design       : td_fused_top_dataflow_in_loop_TOP_LOOP49028_ifmap_vec_0_0
| Device       : 7z020-clg484
| Speed File   : -3  PRODUCTION 1.11 2014-09-11
------------------------------------------------------------------------------------------------------------------------------------------------------------------------------------------------------------------------------------------------------------------------

Timing Report

Startpoint                     Endpoint                       Slack(ns)     
----------------------------------------------------------------------------
empty_n_reg/C                  td_fused_top_dataflow_in_loop_TOP_LOOP49028_ifmap_vec_0_0_memcore_U_0/td_fused_top_dataflow_in_loop_TOP_LOOP49028_ifmap_vec_0_0_memcore_ram_U/ram_reg/ADDRBWRADDR[5]
                                                              6.284         
empty_n_reg/C                  td_fused_top_dataflow_in_loop_TOP_LOOP49028_ifmap_vec_0_0_memcore_U_0/td_fused_top_dataflow_in_loop_TOP_LOOP49028_ifmap_vec_0_0_memcore_ram_U/ram_reg/DIBDI[13]
                                                              6.417         
empty_n_reg/C                  td_fused_top_dataflow_in_loop_TOP_LOOP49028_ifmap_vec_0_0_memcore_U_0/td_fused_top_dataflow_in_loop_TOP_LOOP49028_ifmap_vec_0_0_memcore_ram_U/ram_reg/DIBDI[10]
                                                              6.473         
tptr_reg[0]/C                  td_fused_top_dataflow_in_loop_TOP_LOOP49028_ifmap_vec_0_0_memcore_U_0/td_fused_top_dataflow_in_loop_TOP_LOOP49028_ifmap_vec_0_0_memcore_ram_U/ram_reg/WEA[0]
                                                              6.511         
empty_n_reg/C                  td_fused_top_dataflow_in_loop_TOP_LOOP49028_ifmap_vec_0_0_memcore_U_0/td_fused_top_dataflow_in_loop_TOP_LOOP49028_ifmap_vec_0_0_memcore_ram_U/ram_reg/DIBDI[12]
                                                              6.522         
empty_n_reg/C                  td_fused_top_dataflow_in_loop_TOP_LOOP49028_ifmap_vec_0_0_memcore_U_0/td_fused_top_dataflow_in_loop_TOP_LOOP49028_ifmap_vec_0_0_memcore_ram_U/ram_reg/DIADI[15]
                                                              6.565         
empty_n_reg/C                  td_fused_top_dataflow_in_loop_TOP_LOOP49028_ifmap_vec_0_0_memcore_U_0/td_fused_top_dataflow_in_loop_TOP_LOOP49028_ifmap_vec_0_0_memcore_ram_U/ram_reg/DIBDI[9]
                                                              6.573         
td_fused_top_dataflow_in_loop_TOP_LOOP49028_ifmap_vec_0_0_memcore_U_0/td_fused_top_dataflow_in_loop_TOP_LOOP49028_ifmap_vec_0_0_memcore_ram_U/ram_reg/CLKARDCLK
                               reg_q0_reg[9]/D                6.616         
tptr_reg[0]/C                  td_fused_top_dataflow_in_loop_TOP_LOOP49028_ifmap_vec_0_0_memcore_U_0/td_fused_top_dataflow_in_loop_TOP_LOOP49028_ifmap_vec_0_0_memcore_ram_U/ram_reg/WEA[1]
                                                              6.640         
empty_n_reg/C                  td_fused_top_dataflow_in_loop_TOP_LOOP49028_ifmap_vec_0_0_memcore_U_0/td_fused_top_dataflow_in_loop_TOP_LOOP49028_ifmap_vec_0_0_memcore_ram_U/ram_reg/DIBDI[11]
                                                              6.644         
empty_n_reg/C                  td_fused_top_dataflow_in_loop_TOP_LOOP49028_ifmap_vec_0_0_memcore_U_0/td_fused_top_dataflow_in_loop_TOP_LOOP49028_ifmap_vec_0_0_memcore_ram_U/ram_reg/DIADI[2]
                                                              6.653         
empty_n_reg/C                  td_fused_top_dataflow_in_loop_TOP_LOOP49028_ifmap_vec_0_0_memcore_U_0/td_fused_top_dataflow_in_loop_TOP_LOOP49028_ifmap_vec_0_0_memcore_ram_U/ram_reg/DIBDI[3]
                                                              6.690         
empty_n_reg/C                  td_fused_top_dataflow_in_loop_TOP_LOOP49028_ifmap_vec_0_0_memcore_U_0/td_fused_top_dataflow_in_loop_TOP_LOOP49028_ifmap_vec_0_0_memcore_ram_U/ram_reg/DIADI[8]
                                                              6.723         
empty_n_reg/C                  td_fused_top_dataflow_in_loop_TOP_LOOP49028_ifmap_vec_0_0_memcore_U_0/td_fused_top_dataflow_in_loop_TOP_LOOP49028_ifmap_vec_0_0_memcore_ram_U/ram_reg/DIBDI[4]
                                                              6.728         
empty_n_reg/C                  td_fused_top_dataflow_in_loop_TOP_LOOP49028_ifmap_vec_0_0_memcore_U_0/td_fused_top_dataflow_in_loop_TOP_LOOP49028_ifmap_vec_0_0_memcore_ram_U/ram_reg/ADDRBWRADDR[8]
                                                              6.755         
empty_n_reg/C                  td_fused_top_dataflow_in_loop_TOP_LOOP49028_ifmap_vec_0_0_memcore_U_0/td_fused_top_dataflow_in_loop_TOP_LOOP49028_ifmap_vec_0_0_memcore_ram_U/ram_reg/ADDRARDADDR[7]
                                                              6.763         
tptr_reg[0]/C                  td_fused_top_dataflow_in_loop_TOP_LOOP49028_ifmap_vec_0_0_memcore_U_0/td_fused_top_dataflow_in_loop_TOP_LOOP49028_ifmap_vec_0_0_memcore_ram_U/ram_reg/DIADI[5]
                                                              6.774         
empty_n_reg/C                  td_fused_top_dataflow_in_loop_TOP_LOOP49028_ifmap_vec_0_0_memcore_U_0/td_fused_top_dataflow_in_loop_TOP_LOOP49028_ifmap_vec_0_0_memcore_ram_U/ram_reg/ADDRARDADDR[4]
                                                              6.822         
empty_n_reg/C                  td_fused_top_dataflow_in_loop_TOP_LOOP49028_ifmap_vec_0_0_memcore_U_0/td_fused_top_dataflow_in_loop_TOP_LOOP49028_ifmap_vec_0_0_memcore_ram_U/ram_reg/DIBDI[6]
                                                              6.823         
empty_n_reg/C                  td_fused_top_dataflow_in_loop_TOP_LOOP49028_ifmap_vec_0_0_memcore_U_0/td_fused_top_dataflow_in_loop_TOP_LOOP49028_ifmap_vec_0_0_memcore_ram_U/ram_reg/DIADI[3]
                                                              6.829         
tptr_reg[0]/C                  td_fused_top_dataflow_in_loop_TOP_LOOP49028_ifmap_vec_0_0_memcore_U_0/td_fused_top_dataflow_in_loop_TOP_LOOP49028_ifmap_vec_0_0_memcore_ram_U/ram_reg/DIBDI[15]
                                                              6.841         
tptr_reg[0]/C                  td_fused_top_dataflow_in_loop_TOP_LOOP49028_ifmap_vec_0_0_memcore_U_0/td_fused_top_dataflow_in_loop_TOP_LOOP49028_ifmap_vec_0_0_memcore_ram_U/ram_reg/ENBWREN
                                                              6.845         
tptr_reg[0]/C                  td_fused_top_dataflow_in_loop_TOP_LOOP49028_ifmap_vec_0_0_memcore_U_0/td_fused_top_dataflow_in_loop_TOP_LOOP49028_ifmap_vec_0_0_memcore_ram_U/ram_reg/DIADI[14]
                                                              6.847         
tptr_reg[0]/C                  td_fused_top_dataflow_in_loop_TOP_LOOP49028_ifmap_vec_0_0_memcore_U_0/td_fused_top_dataflow_in_loop_TOP_LOOP49028_ifmap_vec_0_0_memcore_ram_U/ram_reg/DIBDI[7]
                                                              6.849         
empty_n_reg/C                  td_fused_top_dataflow_in_loop_TOP_LOOP49028_ifmap_vec_0_0_memcore_U_0/td_fused_top_dataflow_in_loop_TOP_LOOP49028_ifmap_vec_0_0_memcore_ram_U/ram_reg/DIBDI[8]
                                                              6.851         
empty_n_reg/C                  td_fused_top_dataflow_in_loop_TOP_LOOP49028_ifmap_vec_0_0_memcore_U_0/td_fused_top_dataflow_in_loop_TOP_LOOP49028_ifmap_vec_0_0_memcore_ram_U/ram_reg/ADDRARDADDR[6]
                                                              6.881         
empty_n_reg/C                  td_fused_top_dataflow_in_loop_TOP_LOOP49028_ifmap_vec_0_0_memcore_U_0/td_fused_top_dataflow_in_loop_TOP_LOOP49028_ifmap_vec_0_0_memcore_ram_U/ram_reg/DIADI[0]
                                                              6.881         
td_fused_top_dataflow_in_loop_TOP_LOOP49028_ifmap_vec_0_0_memcore_U_0/td_fused_top_dataflow_in_loop_TOP_LOOP49028_ifmap_vec_0_0_memcore_ram_U/ram_reg/CLKARDCLK
                               reg_q0_reg[2]/D                6.885         
empty_n_reg/C                  td_fused_top_dataflow_in_loop_TOP_LOOP49028_ifmap_vec_0_0_memcore_U_0/td_fused_top_dataflow_in_loop_TOP_LOOP49028_ifmap_vec_0_0_memcore_ram_U/ram_reg/ADDRBWRADDR[6]
                                                              6.909         
empty_n_reg/C                  td_fused_top_dataflow_in_loop_TOP_LOOP49028_ifmap_vec_0_0_memcore_U_0/td_fused_top_dataflow_in_loop_TOP_LOOP49028_ifmap_vec_0_0_memcore_ram_U/ram_reg/DIBDI[14]
                                                              6.911         
empty_n_reg/C                  td_fused_top_dataflow_in_loop_TOP_LOOP49028_ifmap_vec_0_0_memcore_U_0/td_fused_top_dataflow_in_loop_TOP_LOOP49028_ifmap_vec_0_0_memcore_ram_U/ram_reg/DIBDI[5]
                                                              6.914         
empty_n_reg/C                  td_fused_top_dataflow_in_loop_TOP_LOOP49028_ifmap_vec_0_0_memcore_U_0/td_fused_top_dataflow_in_loop_TOP_LOOP49028_ifmap_vec_0_0_memcore_ram_U/ram_reg/ADDRARDADDR[5]
                                                              6.916         
empty_n_reg/C                  td_fused_top_dataflow_in_loop_TOP_LOOP49028_ifmap_vec_0_0_memcore_U_0/td_fused_top_dataflow_in_loop_TOP_LOOP49028_ifmap_vec_0_0_memcore_ram_U/ram_reg/DIBDI[1]
                                                              6.943         
tptr_reg[0]/C                  td_fused_top_dataflow_in_loop_TOP_LOOP49028_ifmap_vec_0_0_memcore_U_0/td_fused_top_dataflow_in_loop_TOP_LOOP49028_ifmap_vec_0_0_memcore_ram_U/ram_reg/DIADI[12]
                                                              6.943         
td_fused_top_dataflow_in_loop_TOP_LOOP49028_ifmap_vec_0_0_memcore_U_0/td_fused_top_dataflow_in_loop_TOP_LOOP49028_ifmap_vec_0_0_memcore_ram_U/ram_reg/CLKARDCLK
                               reg_q0_reg[0]/D                6.946         
empty_n_reg/C                  td_fused_top_dataflow_in_loop_TOP_LOOP49028_ifmap_vec_0_0_memcore_U_0/td_fused_top_dataflow_in_loop_TOP_LOOP49028_ifmap_vec_0_0_memcore_ram_U/ram_reg/ADDRBWRADDR[4]
                                                              6.982         
empty_n_reg/C                  td_fused_top_dataflow_in_loop_TOP_LOOP49028_ifmap_vec_0_0_memcore_U_0/td_fused_top_dataflow_in_loop_TOP_LOOP49028_ifmap_vec_0_0_memcore_ram_U/ram_reg/ADDRARDADDR[8]
                                                              7.004         
td_fused_top_dataflow_in_loop_TOP_LOOP49028_ifmap_vec_0_0_memcore_U_0/td_fused_top_dataflow_in_loop_TOP_LOOP49028_ifmap_vec_0_0_memcore_ram_U/ram_reg/CLKARDCLK
                               reg_q0_reg[3]/D                7.012         
td_fused_top_dataflow_in_loop_TOP_LOOP49028_ifmap_vec_0_0_memcore_U_0/td_fused_top_dataflow_in_loop_TOP_LOOP49028_ifmap_vec_0_0_memcore_ram_U/ram_reg/CLKARDCLK
                               reg_q0_reg[7]/D                7.023         
empty_n_reg/C                  count_reg[0]/D                 7.032         
empty_n_reg/C                  td_fused_top_dataflow_in_loop_TOP_LOOP49028_ifmap_vec_0_0_memcore_U_0/td_fused_top_dataflow_in_loop_TOP_LOOP49028_ifmap_vec_0_0_memcore_ram_U/ram_reg/DIADI[6]
                                                              7.033         
td_fused_top_dataflow_in_loop_TOP_LOOP49028_ifmap_vec_0_0_memcore_U_1/td_fused_top_dataflow_in_loop_TOP_LOOP49028_ifmap_vec_0_0_memcore_ram_U/ram_reg/CLKARDCLK
                               reg_q0_reg[13]/D               7.045         
tptr_reg[0]/C                  td_fused_top_dataflow_in_loop_TOP_LOOP49028_ifmap_vec_0_0_memcore_U_0/td_fused_top_dataflow_in_loop_TOP_LOOP49028_ifmap_vec_0_0_memcore_ram_U/ram_reg/DIADI[4]
                                                              7.045         
empty_n_reg/C                  td_fused_top_dataflow_in_loop_TOP_LOOP49028_ifmap_vec_0_0_memcore_U_0/td_fused_top_dataflow_in_loop_TOP_LOOP49028_ifmap_vec_0_0_memcore_ram_U/ram_reg/DIADI[11]
                                                              7.060         
td_fused_top_dataflow_in_loop_TOP_LOOP49028_ifmap_vec_0_0_memcore_U_0/td_fused_top_dataflow_in_loop_TOP_LOOP49028_ifmap_vec_0_0_memcore_ram_U/ram_reg/CLKARDCLK
                               reg_q0_reg[12]/D               7.070         
empty_n_reg/C                  td_fused_top_dataflow_in_loop_TOP_LOOP49028_ifmap_vec_0_0_memcore_U_0/td_fused_top_dataflow_in_loop_TOP_LOOP49028_ifmap_vec_0_0_memcore_ram_U/ram_reg/DIBDI[0]
                                                              7.074         
tptr_reg[0]/C                  td_fused_top_dataflow_in_loop_TOP_LOOP49028_ifmap_vec_0_0_memcore_U_0/td_fused_top_dataflow_in_loop_TOP_LOOP49028_ifmap_vec_0_0_memcore_ram_U/ram_reg/DIBDI[2]
                                                              7.083         
tptr_reg[0]/C                  td_fused_top_dataflow_in_loop_TOP_LOOP49028_ifmap_vec_0_0_memcore_U_0/td_fused_top_dataflow_in_loop_TOP_LOOP49028_ifmap_vec_0_0_memcore_ram_U/ram_reg/DIADI[9]
                                                              7.084         
empty_n_reg/C                  td_fused_top_dataflow_in_loop_TOP_LOOP49028_ifmap_vec_0_0_memcore_U_0/td_fused_top_dataflow_in_loop_TOP_LOOP49028_ifmap_vec_0_0_memcore_ram_U/ram_reg/ADDRBWRADDR[7]
                                                              7.086         
empty_n_reg/C                  td_fused_top_dataflow_in_loop_TOP_LOOP49028_ifmap_vec_0_0_memcore_U_0/td_fused_top_dataflow_in_loop_TOP_LOOP49028_ifmap_vec_0_0_memcore_ram_U/ram_reg/DIADI[1]
                                                              7.086         
td_fused_top_dataflow_in_loop_TOP_LOOP49028_ifmap_vec_0_0_memcore_U_1/td_fused_top_dataflow_in_loop_TOP_LOOP49028_ifmap_vec_0_0_memcore_ram_U/ram_reg/CLKARDCLK
                               reg_q0_reg[1]/D                7.110         
td_fused_top_dataflow_in_loop_TOP_LOOP49028_ifmap_vec_0_0_memcore_U_1/td_fused_top_dataflow_in_loop_TOP_LOOP49028_ifmap_vec_0_0_memcore_ram_U/ram_reg/CLKARDCLK
                               reg_q0_reg[4]/D                7.150         
td_fused_top_dataflow_in_loop_TOP_LOOP49028_ifmap_vec_0_0_memcore_U_1/td_fused_top_dataflow_in_loop_TOP_LOOP49028_ifmap_vec_0_0_memcore_ram_U/ram_reg/CLKARDCLK
                               reg_q0_reg[8]/D                7.150         
td_fused_top_dataflow_in_loop_TOP_LOOP49028_ifmap_vec_0_0_memcore_U_0/td_fused_top_dataflow_in_loop_TOP_LOOP49028_ifmap_vec_0_0_memcore_ram_U/ram_reg/CLKARDCLK
                               reg_q0_reg[5]/D                7.162         
empty_n_reg/C                  td_fused_top_dataflow_in_loop_TOP_LOOP49028_ifmap_vec_0_0_memcore_U_0/td_fused_top_dataflow_in_loop_TOP_LOOP49028_ifmap_vec_0_0_memcore_ram_U/ram_reg/DIADI[10]
                                                              7.180         
td_fused_top_dataflow_in_loop_TOP_LOOP49028_ifmap_vec_0_0_memcore_U_1/td_fused_top_dataflow_in_loop_TOP_LOOP49028_ifmap_vec_0_0_memcore_ram_U/ram_reg/CLKARDCLK
                               reg_q0_reg[15]/D               7.184         
td_fused_top_dataflow_in_loop_TOP_LOOP49028_ifmap_vec_0_0_memcore_U_1/td_fused_top_dataflow_in_loop_TOP_LOOP49028_ifmap_vec_0_0_memcore_ram_U/ram_reg/CLKARDCLK
                               reg_q0_reg[14]/D               7.196         
td_fused_top_dataflow_in_loop_TOP_LOOP49028_ifmap_vec_0_0_memcore_U_0/td_fused_top_dataflow_in_loop_TOP_LOOP49028_ifmap_vec_0_0_memcore_ram_U/ram_reg/CLKARDCLK
                               reg_q0_reg[6]/D                7.235         
tptr_reg[0]/C                  td_fused_top_dataflow_in_loop_TOP_LOOP49028_ifmap_vec_0_0_memcore_U_0/td_fused_top_dataflow_in_loop_TOP_LOOP49028_ifmap_vec_0_0_memcore_ram_U/ram_reg/DIADI[13]
                                                              7.237         
tptr_reg[0]/C                  td_fused_top_dataflow_in_loop_TOP_LOOP49028_ifmap_vec_0_0_memcore_U_1/td_fused_top_dataflow_in_loop_TOP_LOOP49028_ifmap_vec_0_0_memcore_ram_U/ram_reg/ADDRBWRADDR[7]
                                                              7.259         
tptr_reg[0]/C                  td_fused_top_dataflow_in_loop_TOP_LOOP49028_ifmap_vec_0_0_memcore_U_1/td_fused_top_dataflow_in_loop_TOP_LOOP49028_ifmap_vec_0_0_memcore_ram_U/ram_reg/ADDRARDADDR[7]
                                                              7.260         
td_fused_top_dataflow_in_loop_TOP_LOOP49028_ifmap_vec_0_0_memcore_U_0/td_fused_top_dataflow_in_loop_TOP_LOOP49028_ifmap_vec_0_0_memcore_ram_U/ram_reg/CLKARDCLK
                               reg_q0_reg[10]/D               7.270         
td_fused_top_dataflow_in_loop_TOP_LOOP49028_ifmap_vec_0_0_memcore_U_0/td_fused_top_dataflow_in_loop_TOP_LOOP49028_ifmap_vec_0_0_memcore_ram_U/ram_reg/CLKARDCLK
                               reg_q0_reg[11]/D               7.282         
tptr_reg[0]/C                  td_fused_top_dataflow_in_loop_TOP_LOOP49028_ifmap_vec_0_0_memcore_U_0/td_fused_top_dataflow_in_loop_TOP_LOOP49028_ifmap_vec_0_0_memcore_ram_U/ram_reg/DIADI[7]
                                                              7.375         
empty_n_reg/C                  td_fused_top_dataflow_in_loop_TOP_LOOP49028_ifmap_vec_0_0_memcore_U_1/td_fused_top_dataflow_in_loop_TOP_LOOP49028_ifmap_vec_0_0_memcore_ram_U/ram_reg/DIADI[15]
                                                              7.397         
tptr_reg[0]/C                  td_fused_top_dataflow_in_loop_TOP_LOOP49028_ifmap_vec_0_0_memcore_U_1/td_fused_top_dataflow_in_loop_TOP_LOOP49028_ifmap_vec_0_0_memcore_ram_U/ram_reg/DIADI[6]
                                                              7.403         
tptr_reg[0]/C                  td_fused_top_dataflow_in_loop_TOP_LOOP49028_ifmap_vec_0_0_memcore_U_1/td_fused_top_dataflow_in_loop_TOP_LOOP49028_ifmap_vec_0_0_memcore_ram_U/ram_reg/DIADI[11]
                                                              7.411         
tptr_reg[0]/C                  td_fused_top_dataflow_in_loop_TOP_LOOP49028_ifmap_vec_0_0_memcore_U_1/td_fused_top_dataflow_in_loop_TOP_LOOP49028_ifmap_vec_0_0_memcore_ram_U/ram_reg/DIBDI[3]
                                                              7.425         
empty_n_reg/C                  td_fused_top_dataflow_in_loop_TOP_LOOP49028_ifmap_vec_0_0_memcore_U_1/td_fused_top_dataflow_in_loop_TOP_LOOP49028_ifmap_vec_0_0_memcore_ram_U/ram_reg/ADDRARDADDR[4]
                                                              7.453         
tptr_reg[0]/C                  td_fused_top_dataflow_in_loop_TOP_LOOP49028_ifmap_vec_0_0_memcore_U_1/td_fused_top_dataflow_in_loop_TOP_LOOP49028_ifmap_vec_0_0_memcore_ram_U/ram_reg/ADDRBWRADDR[5]
                                                              7.459         
empty_n_reg/C                  td_fused_top_dataflow_in_loop_TOP_LOOP49028_ifmap_vec_0_0_memcore_U_1/td_fused_top_dataflow_in_loop_TOP_LOOP49028_ifmap_vec_0_0_memcore_ram_U/ram_reg/DIBDI[9]
                                                              7.463         
tptr_reg[0]/C                  td_fused_top_dataflow_in_loop_TOP_LOOP49028_ifmap_vec_0_0_memcore_U_1/td_fused_top_dataflow_in_loop_TOP_LOOP49028_ifmap_vec_0_0_memcore_ram_U/ram_reg/WEA[0]
                                                              7.472         
tptr_reg[0]/C                  td_fused_top_dataflow_in_loop_TOP_LOOP49028_ifmap_vec_0_0_memcore_U_1/td_fused_top_dataflow_in_loop_TOP_LOOP49028_ifmap_vec_0_0_memcore_ram_U/ram_reg/DIBDI[6]
                                                              7.472         
empty_n_reg/C                  td_fused_top_dataflow_in_loop_TOP_LOOP49028_ifmap_vec_0_0_memcore_U_1/td_fused_top_dataflow_in_loop_TOP_LOOP49028_ifmap_vec_0_0_memcore_ram_U/ram_reg/DIBDI[13]
                                                              7.474         
empty_n_reg/C                  td_fused_top_dataflow_in_loop_TOP_LOOP49028_ifmap_vec_0_0_memcore_U_1/td_fused_top_dataflow_in_loop_TOP_LOOP49028_ifmap_vec_0_0_memcore_ram_U/ram_reg/DIBDI[2]
                                                              7.498         
empty_n_reg/C                  td_fused_top_dataflow_in_loop_TOP_LOOP49028_ifmap_vec_0_0_memcore_U_1/td_fused_top_dataflow_in_loop_TOP_LOOP49028_ifmap_vec_0_0_memcore_ram_U/ram_reg/DIBDI[4]
                                                              7.511         
tptr_reg[0]/C                  td_fused_top_dataflow_in_loop_TOP_LOOP49028_ifmap_vec_0_0_memcore_U_1/td_fused_top_dataflow_in_loop_TOP_LOOP49028_ifmap_vec_0_0_memcore_ram_U/ram_reg/DIBDI[1]
                                                              7.532         
tptr_reg[0]/C                  td_fused_top_dataflow_in_loop_TOP_LOOP49028_ifmap_vec_0_0_memcore_U_1/td_fused_top_dataflow_in_loop_TOP_LOOP49028_ifmap_vec_0_0_memcore_ram_U/ram_reg/DIBDI[8]
                                                              7.533         
tptr_reg[0]/C                  td_fused_top_dataflow_in_loop_TOP_LOOP49028_ifmap_vec_0_0_memcore_U_1/td_fused_top_dataflow_in_loop_TOP_LOOP49028_ifmap_vec_0_0_memcore_ram_U/ram_reg/DIBDI[5]
                                                              7.565         
tptr_reg[0]/C                  td_fused_top_dataflow_in_loop_TOP_LOOP49028_ifmap_vec_0_0_memcore_U_1/td_fused_top_dataflow_in_loop_TOP_LOOP49028_ifmap_vec_0_0_memcore_ram_U/ram_reg/ADDRBWRADDR[4]
                                                              7.575         
tptr_reg[0]/C                  td_fused_top_dataflow_in_loop_TOP_LOOP49028_ifmap_vec_0_0_memcore_U_1/td_fused_top_dataflow_in_loop_TOP_LOOP49028_ifmap_vec_0_0_memcore_ram_U/ram_reg/ADDRBWRADDR[6]
                                                              7.588         
tptr_reg[0]/C                  td_fused_top_dataflow_in_loop_TOP_LOOP49028_ifmap_vec_0_0_memcore_U_1/td_fused_top_dataflow_in_loop_TOP_LOOP49028_ifmap_vec_0_0_memcore_ram_U/ram_reg/WEA[1]
                                                              7.591         
tptr_reg[0]/C                  td_fused_top_dataflow_in_loop_TOP_LOOP49028_ifmap_vec_0_0_memcore_U_1/td_fused_top_dataflow_in_loop_TOP_LOOP49028_ifmap_vec_0_0_memcore_ram_U/ram_reg/DIADI[0]
                                                              7.594         
empty_n_reg/C                  td_fused_top_dataflow_in_loop_TOP_LOOP49028_ifmap_vec_0_0_memcore_U_1/td_fused_top_dataflow_in_loop_TOP_LOOP49028_ifmap_vec_0_0_memcore_ram_U/ram_reg/DIADI[14]
                                                              7.596         
empty_n_reg/C                  td_fused_top_dataflow_in_loop_TOP_LOOP49028_ifmap_vec_0_0_memcore_U_1/td_fused_top_dataflow_in_loop_TOP_LOOP49028_ifmap_vec_0_0_memcore_ram_U/ram_reg/DIADI[4]
                                                              7.604         
tptr_reg[0]/C                  td_fused_top_dataflow_in_loop_TOP_LOOP49028_ifmap_vec_0_0_memcore_U_1/td_fused_top_dataflow_in_loop_TOP_LOOP49028_ifmap_vec_0_0_memcore_ram_U/ram_reg/ADDRARDADDR[5]
                                                              7.605         
empty_n_reg/C                  count_reg[1]/D                 7.606         
tptr_reg[0]/C                  td_fused_top_dataflow_in_loop_TOP_LOOP49028_ifmap_vec_0_0_memcore_U_1/td_fused_top_dataflow_in_loop_TOP_LOOP49028_ifmap_vec_0_0_memcore_ram_U/ram_reg/DIADI[2]
                                                              7.609         
tptr_reg[0]/C                  td_fused_top_dataflow_in_loop_TOP_LOOP49028_ifmap_vec_0_0_memcore_U_1/td_fused_top_dataflow_in_loop_TOP_LOOP49028_ifmap_vec_0_0_memcore_ram_U/ram_reg/DIBDI[11]
                                                              7.617         
empty_n_reg/C                  td_fused_top_dataflow_in_loop_TOP_LOOP49028_ifmap_vec_0_0_memcore_U_1/td_fused_top_dataflow_in_loop_TOP_LOOP49028_ifmap_vec_0_0_memcore_ram_U/ram_reg/DIADI[9]
                                                              7.639         
empty_n_reg/C                  td_fused_top_dataflow_in_loop_TOP_LOOP49028_ifmap_vec_0_0_memcore_U_1/td_fused_top_dataflow_in_loop_TOP_LOOP49028_ifmap_vec_0_0_memcore_ram_U/ram_reg/DIBDI[0]
                                                              7.641         
tptr_reg[0]/C                  td_fused_top_dataflow_in_loop_TOP_LOOP49028_ifmap_vec_0_0_memcore_U_1/td_fused_top_dataflow_in_loop_TOP_LOOP49028_ifmap_vec_0_0_memcore_ram_U/ram_reg/DIADI[3]
                                                              7.655         
empty_n_reg/C                  td_fused_top_dataflow_in_loop_TOP_LOOP49028_ifmap_vec_0_0_memcore_U_1/td_fused_top_dataflow_in_loop_TOP_LOOP49028_ifmap_vec_0_0_memcore_ram_U/ram_reg/DIADI[13]
                                                              7.657         
tptr_reg[0]/C                  td_fused_top_dataflow_in_loop_TOP_LOOP49028_ifmap_vec_0_0_memcore_U_1/td_fused_top_dataflow_in_loop_TOP_LOOP49028_ifmap_vec_0_0_memcore_ram_U/ram_reg/ENBWREN
                                                              7.699         
empty_n_reg/C                  td_fused_top_dataflow_in_loop_TOP_LOOP49028_ifmap_vec_0_0_memcore_U_1/td_fused_top_dataflow_in_loop_TOP_LOOP49028_ifmap_vec_0_0_memcore_ram_U/ram_reg/DIADI[5]
                                                              7.747         
tptr_reg[0]/C                  td_fused_top_dataflow_in_loop_TOP_LOOP49028_ifmap_vec_0_0_memcore_U_1/td_fused_top_dataflow_in_loop_TOP_LOOP49028_ifmap_vec_0_0_memcore_ram_U/ram_reg/ADDRARDADDR[6]
                                                              7.767         
tptr_reg[0]/C                  td_fused_top_dataflow_in_loop_TOP_LOOP49028_ifmap_vec_0_0_memcore_U_1/td_fused_top_dataflow_in_loop_TOP_LOOP49028_ifmap_vec_0_0_memcore_ram_U/ram_reg/ADDRBWRADDR[8]
                                                              7.767         
empty_n_reg/C                  td_fused_top_dataflow_in_loop_TOP_LOOP49028_ifmap_vec_0_0_memcore_U_1/td_fused_top_dataflow_in_loop_TOP_LOOP49028_ifmap_vec_0_0_memcore_ram_U/ram_reg/DIBDI[12]
                                                              7.779         
empty_n_reg/C                  td_fused_top_dataflow_in_loop_TOP_LOOP49028_ifmap_vec_0_0_memcore_U_1/td_fused_top_dataflow_in_loop_TOP_LOOP49028_ifmap_vec_0_0_memcore_ram_U/ram_reg/DIADI[12]
                                                              7.786         
empty_n_reg/C                  td_fused_top_dataflow_in_loop_TOP_LOOP49028_ifmap_vec_0_0_memcore_U_1/td_fused_top_dataflow_in_loop_TOP_LOOP49028_ifmap_vec_0_0_memcore_ram_U/ram_reg/DIADI[8]
                                                              7.789         



