Copyright 1986-2018 Xilinx, Inc. All Rights Reserved.
-----------------------------------------------------------------------------------------------------------------------------------------------------
| Tool Version : Vivado v.2018.3 (lin64) Build 2405991 Thu Dec  6 23:36:41 MST 2018
| Date         : Tue Jan 11 21:17:34 2022
| Host         : koopa.ece.utexas.edu running 64-bit CentOS Linux release 7.9.2009 (Core)
| Command      : report_timing_summary -file /misc/scratch/zwei1/reports_Jan12/raw_designs/opencores/arithmetic/crcahb/post_synth_timing_summary.rpt
| Design       : crc_ip
| Device       : 7z020-clg484
| Speed File   : -3  PRODUCTION 1.11 2014-09-11
-----------------------------------------------------------------------------------------------------------------------------------------------------

Timing Summary Report

------------------------------------------------------------------------------------------------
| Timer Settings
| --------------
------------------------------------------------------------------------------------------------

  Enable Multi Corner Analysis               :  Yes
  Enable Pessimism Removal                   :  Yes
  Pessimism Removal Resolution               :  Nearest Common Node
  Enable Input Delay Default Clock           :  No
  Enable Preset / Clear Arcs                 :  No
  Disable Flight Delays                      :  No
  Ignore I/O Paths                           :  No
  Timing Early Launch at Borrowing Latches   :  false

  Corner  Analyze    Analyze    
  Name    Max Paths  Min Paths  
  ------  ---------  ---------  
  Slow    Yes        Yes        
  Fast    Yes        Yes        



check_timing report

Table of Contents
-----------------
1. checking no_clock
2. checking constant_clock
3. checking pulse_width_clock
4. checking unconstrained_internal_endpoints
5. checking no_input_delay
6. checking no_output_delay
7. checking multiple_clock
8. checking generated_clocks
9. checking loops
10. checking partial_input_delay
11. checking partial_output_delay
12. checking latch_loops

1. checking no_clock
--------------------
 There are 0 register/latch pins with no clock.


2. checking constant_clock
--------------------------
 There are 0 register/latch pins with constant_clock.


3. checking pulse_width_clock
-----------------------------
 There are 0 register/latch pins which need pulse_width check


4. checking unconstrained_internal_endpoints
--------------------------------------------
 There are 0 pins that are not constrained for maximum delay.

 There are 0 pins that are not constrained for maximum delay due to constant clock.


5. checking no_input_delay
--------------------------
 There are 43 input ports with no input delay specified. (HIGH)

 There are 0 input ports with no input delay but user has a false path constraint.


6. checking no_output_delay
---------------------------
 There are 33 ports with no output delay specified. (HIGH)

 There are 0 ports with no output delay but user has a false path constraint

 There are 0 ports with no output delay but with a timing clock defined on it or propagating through it


7. checking multiple_clock
--------------------------
 There are 0 register/latch pins with multiple clocks.


8. checking generated_clocks
----------------------------
 There are 0 generated clocks that are not connected to a clock source.


9. checking loops
-----------------
 There are 0 combinational loops in the design.


10. checking partial_input_delay
--------------------------------
 There are 0 input ports with partial input delay specified.


11. checking partial_output_delay
---------------------------------
 There are 0 ports with partial output delay specified.


12. checking latch_loops
------------------------
 There are 0 combinational latch loops in the design through latch input



------------------------------------------------------------------------------------------------
| Design Timing Summary
| ---------------------
------------------------------------------------------------------------------------------------

    WNS(ns)      TNS(ns)  TNS Failing Endpoints  TNS Total Endpoints      WHS(ns)      THS(ns)  THS Failing Endpoints  THS Total Endpoints     WPWS(ns)     TPWS(ns)  TPWS Failing Endpoints  TPWS Total Endpoints  
    -------      -------  ---------------------  -------------------      -------      -------  ---------------------  -------------------     --------     --------  ----------------------  --------------------  
      4.342        0.000                      0                  341        0.258        0.000                      0                  341        4.500        0.000                       0                   200  


All user specified timing constraints are met.


------------------------------------------------------------------------------------------------
| Clock Summary
| -------------
------------------------------------------------------------------------------------------------

Clock  Waveform(ns)       Period(ns)      Frequency(MHz)
-----  ------------       ----------      --------------
clk    {0.000 5.000}      10.000          100.000         


------------------------------------------------------------------------------------------------
| Intra Clock Table
| -----------------
------------------------------------------------------------------------------------------------

Clock             WNS(ns)      TNS(ns)  TNS Failing Endpoints  TNS Total Endpoints      WHS(ns)      THS(ns)  THS Failing Endpoints  THS Total Endpoints     WPWS(ns)     TPWS(ns)  TPWS Failing Endpoints  TPWS Total Endpoints  
-----             -------      -------  ---------------------  -------------------      -------      -------  ---------------------  -------------------     --------     --------  ----------------------  --------------------  
clk                 4.342        0.000                      0                  341        0.258        0.000                      0                  341        4.500        0.000                       0                   200  


------------------------------------------------------------------------------------------------
| Inter Clock Table
| -----------------
------------------------------------------------------------------------------------------------

From Clock    To Clock          WNS(ns)      TNS(ns)  TNS Failing Endpoints  TNS Total Endpoints      WHS(ns)      THS(ns)  THS Failing Endpoints  THS Total Endpoints  
----------    --------          -------      -------  ---------------------  -------------------      -------      -------  ---------------------  -------------------  


------------------------------------------------------------------------------------------------
| Other Path Groups Table
| -----------------------
------------------------------------------------------------------------------------------------

Path Group    From Clock    To Clock          WNS(ns)      TNS(ns)  TNS Failing Endpoints  TNS Total Endpoints      WHS(ns)      THS(ns)  THS Failing Endpoints  THS Total Endpoints  
----------    ----------    --------          -------      -------  ---------------------  -------------------      -------      -------  ---------------------  -------------------  


------------------------------------------------------------------------------------------------
| Timing Details
| --------------
------------------------------------------------------------------------------------------------


---------------------------------------------------------------------------------------------------
From Clock:  clk
  To Clock:  clk

Setup :            0  Failing Endpoints,  Worst Slack        4.342ns,  Total Violation        0.000ns
Hold  :            0  Failing Endpoints,  Worst Slack        0.258ns,  Total Violation        0.000ns
PW    :            0  Failing Endpoints,  Worst Slack        4.500ns,  Total Violation        0.000ns
---------------------------------------------------------------------------------------------------


Max Delay Paths
--------------------------------------------------------------------------------------
Slack (MET) :             4.342ns  (required time - arrival time)
  Source:                 CRC_UNIT/DATAPATH/crc_out_ff_reg[6]/C
                            (rising edge-triggered cell FDRE clocked by clk  {rise@0.000ns fall@5.000ns period=10.000ns})
  Destination:            CRC_UNIT/DATAPATH/crc_out_ff_reg[3]/D
                            (rising edge-triggered cell FDRE clocked by clk  {rise@0.000ns fall@5.000ns period=10.000ns})
  Path Group:             clk
  Path Type:              Setup (Max at Slow Process Corner)
  Requirement:            10.000ns  (clk rise@10.000ns - clk rise@0.000ns)
  Data Path Delay:        5.656ns  (logic 1.287ns (22.755%)  route 4.369ns (77.245%))
  Logic Levels:           8  (LUT3=1 LUT5=2 LUT6=5)
  Clock Path Skew:        -0.035ns (DCD - SCD + CPR)
    Destination Clock Delay (DCD):    0.669ns = ( 10.669 - 10.000 ) 
    Source Clock Delay      (SCD):    0.704ns
    Clock Pessimism Removal (CPR):    0.000ns
  Clock Uncertainty:      0.035ns  ((TSJ^2 + TIJ^2)^1/2 + DJ) / 2 + PE
    Total System Jitter     (TSJ):    0.071ns
    Total Input Jitter      (TIJ):    0.000ns
    Discrete Jitter          (DJ):    0.000ns
    Phase Error              (PE):    0.000ns

    Location             Delay type                Incr(ns)  Path(ns)    Netlist Resource(s)
  -------------------------------------------------------------------    -------------------
                         (clock clk rise edge)        0.000     0.000 r  
                                                      0.000     0.000 r  HCLK (IN)
                         net (fo=199, unset)          0.704     0.704    CRC_UNIT/DATAPATH/HCLK
                         FDRE                                         r  CRC_UNIT/DATAPATH/crc_out_ff_reg[6]/C
  -------------------------------------------------------------------    -------------------
                         FDRE (Prop_fdre_C_Q)         0.393     1.097 f  CRC_UNIT/DATAPATH/crc_out_ff_reg[6]/Q
                         net (fo=4, unplaced)         0.543     1.640    CRC_UNIT/DATAPATH/Q[6]
                         LUT3 (Prop_lut3_I0_O)        0.215     1.855 f  CRC_UNIT/DATAPATH/crc_out_ff[30]_i_8/O
                         net (fo=3, unplaced)         0.529     2.384    CRC_UNIT/DATAPATH/crc_out_ff[30]_i_8_n_0
                         LUT6 (Prop_lut6_I1_O)        0.097     2.481 r  CRC_UNIT/DATAPATH/crc_out_ff[24]_i_50/O
                         net (fo=8, unplaced)         0.501     2.982    CRC_UNIT/DATAPATH/crc_out_ff[24]_i_50_n_0
                         LUT6 (Prop_lut6_I0_O)        0.097     3.079 r  CRC_UNIT/DATAPATH/crc_out_ff[24]_i_33/O
                         net (fo=35, unplaced)        0.584     3.663    CRC_UNIT/DATAPATH/crc_out_ff[24]_i_33_n_0
                         LUT5 (Prop_lut5_I0_O)        0.097     3.760 r  CRC_UNIT/DATAPATH/crc_out_ff[24]_i_22/O
                         net (fo=33, unplaced)        0.583     4.343    CRC_UNIT/DATAPATH/crc_out_ff[24]_i_22_n_0
                         LUT6 (Prop_lut6_I1_O)        0.097     4.440 r  CRC_UNIT/DATAPATH/crc_out_ff[24]_i_9/O
                         net (fo=1, unplaced)         0.511     4.951    CRC_UNIT/DATAPATH/crc_out_ff[24]_i_9_n_0
                         LUT6 (Prop_lut6_I2_O)        0.097     5.048 r  CRC_UNIT/DATAPATH/crc_out_ff[24]_i_2/O
                         net (fo=33, unplaced)        0.583     5.631    CRC_UNIT/DATAPATH/crc_out_ff[24]_i_2_n_0
                         LUT5 (Prop_lut5_I1_O)        0.097     5.728 f  CRC_UNIT/DATAPATH/crc_out_ff[27]_i_2/O
                         net (fo=4, unplaced)         0.535     6.263    CRC_UNIT/DATAPATH/crc_poly_ff_reg[2]_0
                         LUT6 (Prop_lut6_I1_O)        0.097     6.360 r  CRC_UNIT/DATAPATH/crc_out_ff[3]_i_1/O
                         net (fo=1, unplaced)         0.000     6.360    CRC_UNIT/DATAPATH/crc_unit_out[3]
                         FDRE                                         r  CRC_UNIT/DATAPATH/crc_out_ff_reg[3]/D
  -------------------------------------------------------------------    -------------------

                         (clock clk rise edge)       10.000    10.000 r  
                                                      0.000    10.000 r  HCLK (IN)
                         net (fo=199, unset)          0.669    10.669    CRC_UNIT/DATAPATH/HCLK
                         FDRE                                         r  CRC_UNIT/DATAPATH/crc_out_ff_reg[3]/C
                         clock pessimism              0.000    10.669    
                         clock uncertainty           -0.035    10.633    
                         FDRE (Setup_fdre_C_D)        0.069    10.702    CRC_UNIT/DATAPATH/crc_out_ff_reg[3]
  -------------------------------------------------------------------
                         required time                         10.702    
                         arrival time                          -6.360    
  -------------------------------------------------------------------
                         slack                                  4.342    





Min Delay Paths
--------------------------------------------------------------------------------------
Slack (MET) :             0.258ns  (arrival time - required time)
  Source:                 CRC_UNIT/DATAPATH/buffer_ff_reg[10]/C
                            (rising edge-triggered cell FDSE clocked by clk  {rise@0.000ns fall@5.000ns period=10.000ns})
  Destination:            CRC_UNIT/DATAPATH/byte_ff_reg[10]/D
                            (rising edge-triggered cell FDSE clocked by clk  {rise@0.000ns fall@5.000ns period=10.000ns})
  Path Group:             clk
  Path Type:              Hold (Min at Fast Process Corner)
  Requirement:            0.000ns  (clk rise@0.000ns - clk rise@0.000ns)
  Data Path Delay:        0.291ns  (logic 0.164ns (56.322%)  route 0.127ns (43.678%))
  Logic Levels:           0  
  Clock Path Skew:        0.022ns (DCD - SCD - CPR)
    Destination Clock Delay (DCD):    0.432ns
    Source Clock Delay      (SCD):    0.411ns
    Clock Pessimism Removal (CPR):    -0.000ns

    Location             Delay type                Incr(ns)  Path(ns)    Netlist Resource(s)
  -------------------------------------------------------------------    -------------------
                         (clock clk rise edge)        0.000     0.000 r  
                                                      0.000     0.000 r  HCLK (IN)
                         net (fo=199, unset)          0.411     0.411    CRC_UNIT/DATAPATH/HCLK
                         FDSE                                         r  CRC_UNIT/DATAPATH/buffer_ff_reg[10]/C
  -------------------------------------------------------------------    -------------------
                         FDSE (Prop_fdse_C_Q)         0.164     0.575 r  CRC_UNIT/DATAPATH/buffer_ff_reg[10]/Q
                         net (fo=1, unplaced)         0.127     0.702    CRC_UNIT/DATAPATH/buffer_ff_reg_n_0_[10]
                         FDSE                                         r  CRC_UNIT/DATAPATH/byte_ff_reg[10]/D
  -------------------------------------------------------------------    -------------------

                         (clock clk rise edge)        0.000     0.000 r  
                                                      0.000     0.000 r  HCLK (IN)
                         net (fo=199, unset)          0.432     0.432    CRC_UNIT/DATAPATH/HCLK
                         FDSE                                         r  CRC_UNIT/DATAPATH/byte_ff_reg[10]/C
                         clock pessimism              0.000     0.432    
                         FDSE (Hold_fdse_C_D)         0.012     0.444    CRC_UNIT/DATAPATH/byte_ff_reg[10]
  -------------------------------------------------------------------
                         required time                         -0.444    
                         arrival time                           0.702    
  -------------------------------------------------------------------
                         slack                                  0.258    





Pulse Width Checks
--------------------------------------------------------------------------------------
Clock Name:         clk
Waveform(ns):       { 0.000 5.000 }
Period(ns):         10.000
Sources:            { HCLK }

Check Type        Corner  Lib Pin  Reference Pin  Required(ns)  Actual(ns)  Slack(ns)  Location  Pin
Min Period        n/a     FDRE/C   n/a            1.000         10.000      9.000                CRC_UNIT/CONTROL_UNIT/FSM_onehot_state_byte_reg[0]/C
Low Pulse Width   Slow    FDRE/C   n/a            0.500         5.000       4.500                CRC_UNIT/CONTROL_UNIT/FSM_onehot_state_byte_reg[0]/C
High Pulse Width  Slow    FDRE/C   n/a            0.500         5.000       4.500                CRC_UNIT/CONTROL_UNIT/FSM_onehot_state_byte_reg[0]/C



