Copyright 1986-2018 Xilinx, Inc. All Rights Reserved.
--------------------------------------------------------------------------------------------------------------------------------------------------------------------------------------
| Tool Version : Vivado v.2018.3 (lin64) Build 2405991 Thu Dec  6 23:36:41 MST 2018
| Date         : Tue Jan 11 21:18:14 2022
| Host         : koopa.ece.utexas.edu running 64-bit CentOS Linux release 7.9.2009 (Core)
| Command      : report_timing -sort_by group -max_paths 100 -path_type summary -file /misc/scratch/zwei1/reports_Jan12/raw_designs/opencores/arithmetic/crcahb/post_route_timing.rpt
| Design       : crc_ip
| Device       : 7z020-clg484
| Speed File   : -3  PRODUCTION 1.11 2014-09-11
--------------------------------------------------------------------------------------------------------------------------------------------------------------------------------------

Timing Report

Startpoint                     Endpoint                       Slack(ns)     
----------------------------------------------------------------------------
CRC_UNIT/DATAPATH/crc_init_ff_reg[5]/C
                               CRC_UNIT/DATAPATH/crc_out_ff_reg[28]/D
                                                              3.173         
CRC_UNIT/DATAPATH/crc_init_ff_reg[5]/C
                               CRC_UNIT/DATAPATH/crc_out_ff_reg[26]/D
                                                              3.467         
CRC_UNIT/CONTROL_UNIT/FSM_sequential_state_full_reg[1]/C
                               CRC_UNIT/DATAPATH/crc_out_ff_reg[1]/D
                                                              3.519         
CRC_UNIT/CONTROL_UNIT/FSM_sequential_state_full_reg[1]/C
                               CRC_UNIT/DATAPATH/crc_out_ff_reg[4]/D
                                                              3.520         
CRC_UNIT/CONTROL_UNIT/FSM_sequential_state_full_reg[1]/C
                               CRC_UNIT/DATAPATH/crc_out_ff_reg[27]/D
                                                              3.539         
CRC_UNIT/DATAPATH/crc_init_ff_reg[5]/C
                               CRC_UNIT/DATAPATH/crc_out_ff_reg[5]/D
                                                              3.574         
CRC_UNIT/CONTROL_UNIT/FSM_sequential_state_full_reg[1]/C
                               CRC_UNIT/DATAPATH/crc_out_ff_reg[7]/D
                                                              3.640         
CRC_UNIT/DATAPATH/crc_init_ff_reg[5]/C
                               CRC_UNIT/DATAPATH/crc_out_ff_reg[6]/D
                                                              3.645         
CRC_UNIT/CONTROL_UNIT/FSM_sequential_state_full_reg[1]/C
                               CRC_UNIT/DATAPATH/crc_out_ff_reg[23]/D
                                                              3.652         
CRC_UNIT/DATAPATH/crc_init_ff_reg[5]/C
                               CRC_UNIT/DATAPATH/crc_out_ff_reg[12]/D
                                                              3.679         
CRC_UNIT/DATAPATH/crc_init_ff_reg[5]/C
                               CRC_UNIT/DATAPATH/crc_out_ff_reg[15]/D
                                                              3.704         
CRC_UNIT/DATAPATH/crc_init_ff_reg[5]/C
                               CRC_UNIT/DATAPATH/crc_out_ff_reg[2]/D
                                                              3.711         
CRC_UNIT/DATAPATH/crc_init_ff_reg[5]/C
                               CRC_UNIT/DATAPATH/crc_out_ff_reg[3]/D
                                                              3.714         
CRC_UNIT/CONTROL_UNIT/FSM_sequential_state_full_reg[1]/C
                               CRC_UNIT/DATAPATH/crc_out_ff_reg[18]/D
                                                              3.716         
CRC_UNIT/CONTROL_UNIT/FSM_sequential_state_full_reg[1]/C
                               CRC_UNIT/DATAPATH/crc_out_ff_reg[21]/D
                                                              3.728         
CRC_UNIT/DATAPATH/crc_init_ff_reg[5]/C
                               CRC_UNIT/DATAPATH/crc_out_ff_reg[31]/D
                                                              3.735         
CRC_UNIT/CONTROL_UNIT/FSM_sequential_state_full_reg[1]/C
                               CRC_UNIT/DATAPATH/crc_out_ff_reg[14]/D
                                                              3.737         
CRC_UNIT/CONTROL_UNIT/FSM_sequential_state_full_reg[1]/C
                               CRC_UNIT/DATAPATH/crc_out_ff_reg[25]/D
                                                              3.770         
CRC_UNIT/CONTROL_UNIT/FSM_sequential_state_full_reg[1]/C
                               CRC_UNIT/DATAPATH/crc_out_ff_reg[17]/D
                                                              3.770         
CRC_UNIT/DATAPATH/crc_init_ff_reg[5]/C
                               CRC_UNIT/DATAPATH/crc_out_ff_reg[30]/D
                                                              3.772         
CRC_UNIT/CONTROL_UNIT/FSM_sequential_state_full_reg[1]/C
                               CRC_UNIT/DATAPATH/crc_out_ff_reg[8]/D
                                                              3.818         
CRC_UNIT/DATAPATH/crc_init_ff_reg[5]/C
                               CRC_UNIT/DATAPATH/crc_out_ff_reg[0]/D
                                                              3.821         
CRC_UNIT/CONTROL_UNIT/FSM_sequential_state_full_reg[1]/C
                               CRC_UNIT/DATAPATH/crc_out_ff_reg[13]/D
                                                              3.851         
CRC_UNIT/DATAPATH/crc_init_ff_reg[5]/C
                               CRC_UNIT/DATAPATH/crc_out_ff_reg[10]/D
                                                              3.857         
CRC_UNIT/CONTROL_UNIT/FSM_sequential_state_full_reg[1]/C
                               CRC_UNIT/DATAPATH/crc_out_ff_reg[9]/D
                                                              3.868         
CRC_UNIT/CONTROL_UNIT/FSM_sequential_state_full_reg[1]/C
                               CRC_UNIT/DATAPATH/crc_out_ff_reg[22]/D
                                                              3.877         
CRC_UNIT/CONTROL_UNIT/FSM_sequential_state_full_reg[1]/C
                               CRC_UNIT/DATAPATH/crc_out_ff_reg[11]/D
                                                              3.906         
CRC_UNIT/DATAPATH/crc_init_ff_reg[5]/C
                               CRC_UNIT/DATAPATH/crc_out_ff_reg[29]/D
                                                              3.952         
CRC_UNIT/CONTROL_UNIT/FSM_sequential_state_full_reg[1]/C
                               CRC_UNIT/DATAPATH/crc_out_ff_reg[19]/D
                                                              3.954         
CRC_UNIT/CONTROL_UNIT/FSM_sequential_state_full_reg[1]/C
                               CRC_UNIT/DATAPATH/crc_out_ff_reg[20]/D
                                                              3.955         
CRC_UNIT/DATAPATH/crc_init_ff_reg[5]/C
                               CRC_UNIT/DATAPATH/crc_out_ff_reg[24]/D
                                                              4.170         
CRC_UNIT/CONTROL_UNIT/FSM_sequential_state_full_reg[1]/C
                               CRC_UNIT/DATAPATH/crc_out_ff_reg[16]/D
                                                              4.247         
HOST_INTERFACE/haddr_pp_reg[2]/C
                               CRC_UNIT/DATAPATH/crc_init_ff_reg[15]/CE
                                                              4.919         
HOST_INTERFACE/haddr_pp_reg[2]/C
                               CRC_UNIT/DATAPATH/crc_init_ff_reg[16]/CE
                                                              4.919         
HOST_INTERFACE/haddr_pp_reg[2]/C
                               CRC_UNIT/DATAPATH/crc_init_ff_reg[19]/CE
                                                              4.919         
HOST_INTERFACE/haddr_pp_reg[2]/C
                               CRC_UNIT/DATAPATH/crc_init_ff_reg[20]/CE
                                                              4.919         
HOST_INTERFACE/haddr_pp_reg[2]/C
                               CRC_UNIT/DATAPATH/crc_init_ff_reg[13]/CE
                                                              5.047         
HOST_INTERFACE/haddr_pp_reg[2]/C
                               CRC_UNIT/DATAPATH/crc_init_ff_reg[22]/CE
                                                              5.047         
HOST_INTERFACE/haddr_pp_reg[2]/C
                               CRC_UNIT/DATAPATH/crc_init_ff_reg[11]/CE
                                                              5.072         
HOST_INTERFACE/haddr_pp_reg[2]/C
                               CRC_UNIT/DATAPATH/crc_init_ff_reg[24]/CE
                                                              5.072         
HOST_INTERFACE/haddr_pp_reg[2]/C
                               CRC_UNIT/DATAPATH/crc_init_ff_reg[17]/CE
                                                              5.115         
HOST_INTERFACE/haddr_pp_reg[2]/C
                               CRC_UNIT/DATAPATH/crc_init_ff_reg[18]/CE
                                                              5.115         
HOST_INTERFACE/haddr_pp_reg[2]/C
                               CRC_UNIT/DATAPATH/crc_init_ff_reg[2]/CE
                                                              5.142         
HOST_INTERFACE/haddr_pp_reg[2]/C
                               CRC_UNIT/DATAPATH/crc_init_ff_reg[30]/CE
                                                              5.142         
HOST_INTERFACE/haddr_pp_reg[2]/C
                               CRC_UNIT/DATAPATH/crc_init_ff_reg[4]/CE
                                                              5.142         
HOST_INTERFACE/haddr_pp_reg[2]/C
                               CRC_UNIT/DATAPATH/crc_init_ff_reg[9]/CE
                                                              5.142         
HOST_INTERFACE/haddr_pp_reg[2]/C
                               CRC_UNIT/DATAPATH/crc_init_ff_reg[12]/CE
                                                              5.145         
HOST_INTERFACE/haddr_pp_reg[2]/C
                               CRC_UNIT/DATAPATH/crc_init_ff_reg[23]/CE
                                                              5.145         
HOST_INTERFACE/haddr_pp_reg[2]/C
                               CRC_UNIT/DATAPATH/crc_init_ff_reg[10]/CE
                                                              5.198         
HOST_INTERFACE/haddr_pp_reg[2]/C
                               CRC_UNIT/DATAPATH/crc_init_ff_reg[25]/CE
                                                              5.198         
HOST_INTERFACE/haddr_pp_reg[2]/C
                               CRC_UNIT/DATAPATH/crc_init_ff_reg[26]/CE
                                                              5.232         
HOST_INTERFACE/haddr_pp_reg[2]/C
                               CRC_UNIT/DATAPATH/crc_init_ff_reg[8]/CE
                                                              5.232         
HOST_INTERFACE/haddr_pp_reg[2]/C
                               CRC_UNIT/DATAPATH/crc_init_ff_reg[27]/CE
                                                              5.244         
HOST_INTERFACE/haddr_pp_reg[2]/C
                               CRC_UNIT/DATAPATH/crc_init_ff_reg[7]/CE
                                                              5.244         
HOST_INTERFACE/haddr_pp_reg[2]/C
                               CRC_UNIT/DATAPATH/crc_init_ff_reg[0]/CE
                                                              5.256         
HOST_INTERFACE/haddr_pp_reg[2]/C
                               CRC_UNIT/DATAPATH/crc_init_ff_reg[1]/CE
                                                              5.256         
HOST_INTERFACE/haddr_pp_reg[2]/C
                               CRC_UNIT/DATAPATH/crc_init_ff_reg[14]/CE
                                                              5.287         
HOST_INTERFACE/haddr_pp_reg[2]/C
                               CRC_UNIT/DATAPATH/crc_init_ff_reg[21]/CE
                                                              5.287         
HOST_INTERFACE/haddr_pp_reg[2]/C
                               CRC_UNIT/DATAPATH/crc_init_ff_reg[28]/CE
                                                              5.306         
HOST_INTERFACE/haddr_pp_reg[2]/C
                               CRC_UNIT/DATAPATH/crc_init_ff_reg[31]/CE
                                                              5.306         
HOST_INTERFACE/haddr_pp_reg[2]/C
                               CRC_UNIT/DATAPATH/crc_init_ff_reg[3]/CE
                                                              5.306         
HOST_INTERFACE/haddr_pp_reg[2]/C
                               CRC_UNIT/DATAPATH/crc_init_ff_reg[6]/CE
                                                              5.306         
HOST_INTERFACE/haddr_pp_reg[2]/C
                               CRC_UNIT/DATAPATH/buffer_ff_reg[21]/CE
                                                              5.385         
HOST_INTERFACE/haddr_pp_reg[2]/C
                               CRC_UNIT/DATAPATH/crc_init_ff_reg[29]/CE
                                                              5.394         
HOST_INTERFACE/haddr_pp_reg[2]/C
                               CRC_UNIT/DATAPATH/crc_init_ff_reg[5]/CE
                                                              5.394         
HOST_INTERFACE/haddr_pp_reg[2]/C
                               CRC_UNIT/DATAPATH/buffer_ff_reg[19]/CE
                                                              5.398         
HOST_INTERFACE/haddr_pp_reg[0]/C
                               HOST_INTERFACE/hsize_pp_reg[0]/CE
                                                              5.418         
HOST_INTERFACE/haddr_pp_reg[0]/C
                               HOST_INTERFACE/hsize_pp_reg[1]/CE
                                                              5.418         
HOST_INTERFACE/haddr_pp_reg[2]/C
                               CRC_UNIT/DATAPATH/buffer_ff_reg[7]/CE
                                                              5.432         
HOST_INTERFACE/haddr_pp_reg[2]/C
                               CRC_UNIT/DATAPATH/buffer_ff_reg[27]/CE
                                                              5.490         
HOST_INTERFACE/haddr_pp_reg[2]/C
                               CRC_UNIT/DATAPATH/buffer_ff_reg[23]/CE
                                                              5.521         
HOST_INTERFACE/haddr_pp_reg[2]/C
                               CRC_UNIT/DATAPATH/buffer_ff_reg[29]/CE
                                                              5.521         
HOST_INTERFACE/haddr_pp_reg[2]/C
                               CRC_UNIT/DATAPATH/buffer_ff_reg[31]/CE
                                                              5.521         
HOST_INTERFACE/haddr_pp_reg[2]/C
                               CRC_UNIT/DATAPATH/buffer_ff_reg[10]/CE
                                                              5.577         
HOST_INTERFACE/haddr_pp_reg[2]/C
                               CRC_UNIT/DATAPATH/buffer_ff_reg[15]/CE
                                                              5.577         
HOST_INTERFACE/haddr_pp_reg[2]/C
                               CRC_UNIT/DATAPATH/buffer_ff_reg[25]/CE
                                                              5.577         
HOST_INTERFACE/haddr_pp_reg[2]/C
                               CRC_UNIT/DATAPATH/buffer_ff_reg[28]/CE
                                                              5.577         
HOST_INTERFACE/haddr_pp_reg[2]/C
                               CRC_UNIT/DATAPATH/buffer_ff_reg[17]/CE
                                                              5.631         
HOST_INTERFACE/haddr_pp_reg[2]/C
                               CRC_UNIT/DATAPATH/buffer_ff_reg[2]/CE
                                                              5.631         
HOST_INTERFACE/haddr_pp_reg[1]/C
                               CRC_UNIT/DATAPATH/crc_poly_ff_reg[1]/CE
                                                              5.642         
HOST_INTERFACE/haddr_pp_reg[1]/C
                               CRC_UNIT/DATAPATH/crc_poly_ff_reg[4]/CE
                                                              5.642         
HOST_INTERFACE/haddr_pp_reg[2]/C
                               CRC_UNIT/DATAPATH/buffer_ff_reg[13]/CE
                                                              5.642         
HOST_INTERFACE/haddr_pp_reg[2]/C
                               CRC_UNIT/DATAPATH/buffer_ff_reg[1]/CE
                                                              5.642         
HOST_INTERFACE/haddr_pp_reg[2]/C
                               CRC_UNIT/DATAPATH/buffer_ff_reg[9]/CE
                                                              5.642         
HOST_INTERFACE/haddr_pp_reg[2]/C
                               CRC_UNIT/DATAPATH/buffer_ff_reg[12]/CE
                                                              5.655         
HOST_INTERFACE/haddr_pp_reg[2]/C
                               CRC_UNIT/DATAPATH/buffer_ff_reg[16]/CE
                                                              5.655         
HOST_INTERFACE/haddr_pp_reg[2]/C
                               CRC_UNIT/DATAPATH/buffer_ff_reg[4]/CE
                                                              5.655         
HOST_INTERFACE/haddr_pp_reg[2]/C
                               CRC_UNIT/DATAPATH/buffer_ff_reg[20]/CE
                                                              5.687         
HOST_INTERFACE/haddr_pp_reg[2]/C
                               CRC_UNIT/DATAPATH/buffer_ff_reg[22]/CE
                                                              5.687         
HOST_INTERFACE/haddr_pp_reg[2]/C
                               CRC_UNIT/DATAPATH/buffer_ff_reg[30]/CE
                                                              5.687         
HOST_INTERFACE/haddr_pp_reg[2]/C
                               CRC_UNIT/DATAPATH/buffer_ff_reg[11]/CE
                                                              5.746         
HOST_INTERFACE/haddr_pp_reg[2]/C
                               CRC_UNIT/DATAPATH/buffer_ff_reg[18]/CE
                                                              5.746         
HOST_INTERFACE/haddr_pp_reg[2]/C
                               CRC_UNIT/DATAPATH/buffer_ff_reg[26]/CE
                                                              5.746         
HOST_INTERFACE/haddr_pp_reg[2]/C
                               CRC_UNIT/DATAPATH/buffer_ff_reg[5]/CE
                                                              5.746         
HOST_INTERFACE/haddr_pp_reg[2]/C
                               CRC_UNIT/DATAPATH/buffer_ff_reg[0]/CE
                                                              5.840         
HOST_INTERFACE/haddr_pp_reg[2]/C
                               CRC_UNIT/DATAPATH/buffer_ff_reg[14]/CE
                                                              5.840         
HOST_INTERFACE/haddr_pp_reg[2]/C
                               CRC_UNIT/DATAPATH/buffer_ff_reg[6]/CE
                                                              5.840         
HOST_INTERFACE/haddr_pp_reg[2]/C
                               CRC_UNIT/DATAPATH/buffer_ff_reg[8]/CE
                                                              5.840         
HOST_INTERFACE/haddr_pp_reg[1]/C
                               CRC_UNIT/DATAPATH/crc_poly_ff_reg[11]/CE
                                                              5.885         
HOST_INTERFACE/haddr_pp_reg[0]/C
                               HOST_INTERFACE/haddr_pp_reg[0]/CE
                                                              5.909         



