Copyright 1986-2018 Xilinx, Inc. All Rights Reserved.
----------------------------------------------------------------------------------------------------------------------------------------------------------------------------------------
| Tool Version : Vivado v.2018.3 (lin64) Build 2405991 Thu Dec  6 23:36:41 MST 2018
| Date         : Tue Jan 11 22:58:18 2022
| Host         : koopa.ece.utexas.edu running 64-bit CentOS Linux release 7.9.2009 (Core)
| Command      : report_timing_summary -file /misc/scratch/zwei1/reports_Jan12/raw_designs/vtr_designs/verilog/ch_intrinsics_submodules/memory_controller/post_place_timing_summary.rpt
| Design       : memory_controller
| Device       : 7z020-clg484
| Speed File   : -3  PRODUCTION 1.11 2014-09-11
----------------------------------------------------------------------------------------------------------------------------------------------------------------------------------------

Timing Summary Report

------------------------------------------------------------------------------------------------
| Timer Settings
| --------------
------------------------------------------------------------------------------------------------

  Enable Multi Corner Analysis               :  Yes
  Enable Pessimism Removal                   :  Yes
  Pessimism Removal Resolution               :  Nearest Common Node
  Enable Input Delay Default Clock           :  No
  Enable Preset / Clear Arcs                 :  No
  Disable Flight Delays                      :  No
  Ignore I/O Paths                           :  No
  Timing Early Launch at Borrowing Latches   :  false

  Corner  Analyze    Analyze    
  Name    Max Paths  Min Paths  
  ------  ---------  ---------  
  Slow    Yes        Yes        
  Fast    Yes        Yes        



check_timing report

Table of Contents
-----------------
1. checking no_clock
2. checking constant_clock
3. checking pulse_width_clock
4. checking unconstrained_internal_endpoints
5. checking no_input_delay
6. checking no_output_delay
7. checking multiple_clock
8. checking generated_clocks
9. checking loops
10. checking partial_input_delay
11. checking partial_output_delay
12. checking latch_loops

1. checking no_clock
--------------------
 There are 12 register/latch pins with no clock driven by root clock pin: memory_controller_address[0] (HIGH)

 There are 12 register/latch pins with no clock driven by root clock pin: memory_controller_address[10] (HIGH)

 There are 12 register/latch pins with no clock driven by root clock pin: memory_controller_address[11] (HIGH)

 There are 12 register/latch pins with no clock driven by root clock pin: memory_controller_address[12] (HIGH)

 There are 12 register/latch pins with no clock driven by root clock pin: memory_controller_address[13] (HIGH)

 There are 12 register/latch pins with no clock driven by root clock pin: memory_controller_address[14] (HIGH)

 There are 12 register/latch pins with no clock driven by root clock pin: memory_controller_address[15] (HIGH)

 There are 12 register/latch pins with no clock driven by root clock pin: memory_controller_address[16] (HIGH)

 There are 12 register/latch pins with no clock driven by root clock pin: memory_controller_address[17] (HIGH)

 There are 12 register/latch pins with no clock driven by root clock pin: memory_controller_address[18] (HIGH)

 There are 12 register/latch pins with no clock driven by root clock pin: memory_controller_address[19] (HIGH)

 There are 12 register/latch pins with no clock driven by root clock pin: memory_controller_address[1] (HIGH)

 There are 12 register/latch pins with no clock driven by root clock pin: memory_controller_address[20] (HIGH)

 There are 12 register/latch pins with no clock driven by root clock pin: memory_controller_address[21] (HIGH)

 There are 12 register/latch pins with no clock driven by root clock pin: memory_controller_address[22] (HIGH)

 There are 12 register/latch pins with no clock driven by root clock pin: memory_controller_address[23] (HIGH)

 There are 12 register/latch pins with no clock driven by root clock pin: memory_controller_address[24] (HIGH)

 There are 12 register/latch pins with no clock driven by root clock pin: memory_controller_address[25] (HIGH)

 There are 12 register/latch pins with no clock driven by root clock pin: memory_controller_address[26] (HIGH)

 There are 12 register/latch pins with no clock driven by root clock pin: memory_controller_address[27] (HIGH)

 There are 12 register/latch pins with no clock driven by root clock pin: memory_controller_address[28] (HIGH)

 There are 12 register/latch pins with no clock driven by root clock pin: memory_controller_address[29] (HIGH)

 There are 12 register/latch pins with no clock driven by root clock pin: memory_controller_address[2] (HIGH)

 There are 12 register/latch pins with no clock driven by root clock pin: memory_controller_address[30] (HIGH)

 There are 12 register/latch pins with no clock driven by root clock pin: memory_controller_address[31] (HIGH)

 There are 12 register/latch pins with no clock driven by root clock pin: memory_controller_address[3] (HIGH)

 There are 12 register/latch pins with no clock driven by root clock pin: memory_controller_address[4] (HIGH)

 There are 12 register/latch pins with no clock driven by root clock pin: memory_controller_address[5] (HIGH)

 There are 12 register/latch pins with no clock driven by root clock pin: memory_controller_address[6] (HIGH)

 There are 12 register/latch pins with no clock driven by root clock pin: memory_controller_address[7] (HIGH)

 There are 12 register/latch pins with no clock driven by root clock pin: memory_controller_address[8] (HIGH)

 There are 12 register/latch pins with no clock driven by root clock pin: memory_controller_address[9] (HIGH)

 There are 12 register/latch pins with no clock driven by root clock pin: memory_controller_in[0] (HIGH)

 There are 12 register/latch pins with no clock driven by root clock pin: memory_controller_in[10] (HIGH)

 There are 12 register/latch pins with no clock driven by root clock pin: memory_controller_in[11] (HIGH)

 There are 12 register/latch pins with no clock driven by root clock pin: memory_controller_in[12] (HIGH)

 There are 12 register/latch pins with no clock driven by root clock pin: memory_controller_in[13] (HIGH)

 There are 12 register/latch pins with no clock driven by root clock pin: memory_controller_in[14] (HIGH)

 There are 12 register/latch pins with no clock driven by root clock pin: memory_controller_in[15] (HIGH)

 There are 12 register/latch pins with no clock driven by root clock pin: memory_controller_in[16] (HIGH)

 There are 12 register/latch pins with no clock driven by root clock pin: memory_controller_in[17] (HIGH)

 There are 12 register/latch pins with no clock driven by root clock pin: memory_controller_in[18] (HIGH)

 There are 12 register/latch pins with no clock driven by root clock pin: memory_controller_in[19] (HIGH)

 There are 12 register/latch pins with no clock driven by root clock pin: memory_controller_in[1] (HIGH)

 There are 12 register/latch pins with no clock driven by root clock pin: memory_controller_in[20] (HIGH)

 There are 12 register/latch pins with no clock driven by root clock pin: memory_controller_in[21] (HIGH)

 There are 12 register/latch pins with no clock driven by root clock pin: memory_controller_in[22] (HIGH)

 There are 12 register/latch pins with no clock driven by root clock pin: memory_controller_in[23] (HIGH)

 There are 12 register/latch pins with no clock driven by root clock pin: memory_controller_in[24] (HIGH)

 There are 12 register/latch pins with no clock driven by root clock pin: memory_controller_in[25] (HIGH)

 There are 12 register/latch pins with no clock driven by root clock pin: memory_controller_in[26] (HIGH)

 There are 12 register/latch pins with no clock driven by root clock pin: memory_controller_in[27] (HIGH)

 There are 12 register/latch pins with no clock driven by root clock pin: memory_controller_in[28] (HIGH)

 There are 12 register/latch pins with no clock driven by root clock pin: memory_controller_in[29] (HIGH)

 There are 12 register/latch pins with no clock driven by root clock pin: memory_controller_in[2] (HIGH)

 There are 12 register/latch pins with no clock driven by root clock pin: memory_controller_in[30] (HIGH)

 There are 12 register/latch pins with no clock driven by root clock pin: memory_controller_in[31] (HIGH)

 There are 12 register/latch pins with no clock driven by root clock pin: memory_controller_in[3] (HIGH)

 There are 12 register/latch pins with no clock driven by root clock pin: memory_controller_in[4] (HIGH)

 There are 12 register/latch pins with no clock driven by root clock pin: memory_controller_in[5] (HIGH)

 There are 12 register/latch pins with no clock driven by root clock pin: memory_controller_in[6] (HIGH)

 There are 12 register/latch pins with no clock driven by root clock pin: memory_controller_in[7] (HIGH)

 There are 12 register/latch pins with no clock driven by root clock pin: memory_controller_in[8] (HIGH)

 There are 12 register/latch pins with no clock driven by root clock pin: memory_controller_in[9] (HIGH)

 There are 8 register/latch pins with no clock driven by root clock pin: prevTag_reg[0]/Q (HIGH)


2. checking constant_clock
--------------------------
 There are 0 register/latch pins with constant_clock.


3. checking pulse_width_clock
-----------------------------
 There are 0 register/latch pins which need pulse_width check


4. checking unconstrained_internal_endpoints
--------------------------------------------
 There are 20 pins that are not constrained for maximum delay. (HIGH)

 There are 0 pins that are not constrained for maximum delay due to constant clock.


5. checking no_input_delay
--------------------------
 There are 65 input ports with no input delay specified. (HIGH)

 There are 0 input ports with no input delay but user has a false path constraint.


6. checking no_output_delay
---------------------------
 There are 8 ports with no output delay specified. (HIGH)

 There are 0 ports with no output delay but user has a false path constraint

 There are 0 ports with no output delay but with a timing clock defined on it or propagating through it


7. checking multiple_clock
--------------------------
 There are 0 register/latch pins with multiple clocks.


8. checking generated_clocks
----------------------------
 There are 0 generated clocks that are not connected to a clock source.


9. checking loops
-----------------
 There are 0 combinational loops in the design.


10. checking partial_input_delay
--------------------------------
 There are 0 input ports with partial input delay specified.


11. checking partial_output_delay
---------------------------------
 There are 0 ports with partial output delay specified.


12. checking latch_loops
------------------------
 There are 0 combinational latch loops in the design through latch input



------------------------------------------------------------------------------------------------
| Design Timing Summary
| ---------------------
------------------------------------------------------------------------------------------------

    WNS(ns)      TNS(ns)  TNS Failing Endpoints  TNS Total Endpoints      WHS(ns)      THS(ns)  THS Failing Endpoints  THS Total Endpoints     WPWS(ns)     TPWS(ns)  TPWS Failing Endpoints  TPWS Total Endpoints  
    -------      -------  ---------------------  -------------------      -------      -------  ---------------------  -------------------     --------     --------  ----------------------  --------------------  
      9.019        0.000                      0                    8        0.243        0.000                      0                    8        3.950        0.000                       0                    17  


All user specified timing constraints are met.


------------------------------------------------------------------------------------------------
| Clock Summary
| -------------
------------------------------------------------------------------------------------------------

Clock  Waveform(ns)       Period(ns)      Frequency(MHz)
-----  ------------       ----------      --------------
clk    {0.000 5.000}      10.000          100.000         


------------------------------------------------------------------------------------------------
| Intra Clock Table
| -----------------
------------------------------------------------------------------------------------------------

Clock             WNS(ns)      TNS(ns)  TNS Failing Endpoints  TNS Total Endpoints      WHS(ns)      THS(ns)  THS Failing Endpoints  THS Total Endpoints     WPWS(ns)     TPWS(ns)  TPWS Failing Endpoints  TPWS Total Endpoints  
-----             -------      -------  ---------------------  -------------------      -------      -------  ---------------------  -------------------     --------     --------  ----------------------  --------------------  
clk                 9.019        0.000                      0                    8        0.243        0.000                      0                    8        3.950        0.000                       0                    17  


------------------------------------------------------------------------------------------------
| Inter Clock Table
| -----------------
------------------------------------------------------------------------------------------------

From Clock    To Clock          WNS(ns)      TNS(ns)  TNS Failing Endpoints  TNS Total Endpoints      WHS(ns)      THS(ns)  THS Failing Endpoints  THS Total Endpoints  
----------    --------          -------      -------  ---------------------  -------------------      -------      -------  ---------------------  -------------------  


------------------------------------------------------------------------------------------------
| Other Path Groups Table
| -----------------------
------------------------------------------------------------------------------------------------

Path Group    From Clock    To Clock          WNS(ns)      TNS(ns)  TNS Failing Endpoints  TNS Total Endpoints      WHS(ns)      THS(ns)  THS Failing Endpoints  THS Total Endpoints  
----------    ----------    --------          -------      -------  ---------------------  -------------------      -------      -------  ---------------------  -------------------  


------------------------------------------------------------------------------------------------
| Timing Details
| --------------
------------------------------------------------------------------------------------------------


---------------------------------------------------------------------------------------------------
From Clock:  clk
  To Clock:  clk

Setup :            0  Failing Endpoints,  Worst Slack        9.019ns,  Total Violation        0.000ns
Hold  :            0  Failing Endpoints,  Worst Slack        0.243ns,  Total Violation        0.000ns
PW    :            0  Failing Endpoints,  Worst Slack        3.950ns,  Total Violation        0.000ns
---------------------------------------------------------------------------------------------------


Max Delay Paths
--------------------------------------------------------------------------------------
Slack (MET) :             9.019ns  (required time - arrival time)
  Source:                 _str/ram_reg_0_7_0_0/SP/CLK
                            (rising edge-triggered cell RAMS32 clocked by clk  {rise@0.000ns fall@5.000ns period=10.000ns})
  Destination:            _str/out_reg[0]/D
                            (rising edge-triggered cell FDRE clocked by clk  {rise@0.000ns fall@5.000ns period=10.000ns})
  Path Group:             clk
  Path Type:              Setup (Max at Slow Process Corner)
  Requirement:            10.000ns  (clk rise@10.000ns - clk rise@0.000ns)
  Data Path Delay:        0.980ns  (logic 0.980ns (100.000%)  route 0.000ns (0.000%))
  Logic Levels:           0  
  Clock Path Skew:        -0.035ns (DCD - SCD + CPR)
    Destination Clock Delay (DCD):    0.669ns = ( 10.669 - 10.000 ) 
    Source Clock Delay      (SCD):    0.704ns
    Clock Pessimism Removal (CPR):    0.000ns
  Clock Uncertainty:      0.035ns  ((TSJ^2 + TIJ^2)^1/2 + DJ) / 2 + PE
    Total System Jitter     (TSJ):    0.071ns
    Total Input Jitter      (TIJ):    0.000ns
    Discrete Jitter          (DJ):    0.000ns
    Phase Error              (PE):    0.000ns

    Location             Delay type                Incr(ns)  Path(ns)    Netlist Resource(s)
  -------------------------------------------------------------------    -------------------
                         (clock clk rise edge)        0.000     0.000 r  
                                                      0.000     0.000 r  clk (IN)
                         net (fo=16, unset)           0.704     0.704    _str/ram_reg_0_7_0_0/WCLK
    SLICE_X4Y4           RAMS32                                       r  _str/ram_reg_0_7_0_0/SP/CLK
  -------------------------------------------------------------------    -------------------
    SLICE_X4Y4           RAMS32 (Prop_rams32_CLK_O)
                                                      0.980     1.684 r  _str/ram_reg_0_7_0_0/SP/O
                         net (fo=1, routed)           0.000     1.684    _str/out0[0]
    SLICE_X4Y4           FDRE                                         r  _str/out_reg[0]/D
  -------------------------------------------------------------------    -------------------

                         (clock clk rise edge)       10.000    10.000 r  
                                                      0.000    10.000 r  clk (IN)
                         net (fo=16, unset)           0.669    10.669    _str/clk
    SLICE_X4Y4           FDRE                                         r  _str/out_reg[0]/C
                         clock pessimism              0.000    10.669    
                         clock uncertainty           -0.035    10.633    
    SLICE_X4Y4           FDRE (Setup_fdre_C_D)        0.070    10.703    _str/out_reg[0]
  -------------------------------------------------------------------
                         required time                         10.703    
                         arrival time                          -1.684    
  -------------------------------------------------------------------
                         slack                                  9.019    





Min Delay Paths
--------------------------------------------------------------------------------------
Slack (MET) :             0.243ns  (arrival time - required time)
  Source:                 _str/ram_reg_0_7_3_3/SP/CLK
                            (rising edge-triggered cell RAMS32 clocked by clk  {rise@0.000ns fall@5.000ns period=10.000ns})
  Destination:            _str/out_reg[3]/D
                            (rising edge-triggered cell FDRE clocked by clk  {rise@0.000ns fall@5.000ns period=10.000ns})
  Path Group:             clk
  Path Type:              Hold (Min at Fast Process Corner)
  Requirement:            0.000ns  (clk rise@0.000ns - clk rise@0.000ns)
  Data Path Delay:        0.386ns  (logic 0.386ns (100.000%)  route 0.000ns (0.000%))
  Logic Levels:           0  
  Clock Path Skew:        0.022ns (DCD - SCD - CPR)
    Destination Clock Delay (DCD):    0.432ns
    Source Clock Delay      (SCD):    0.411ns
    Clock Pessimism Removal (CPR):    -0.000ns

    Location             Delay type                Incr(ns)  Path(ns)    Netlist Resource(s)
  -------------------------------------------------------------------    -------------------
                         (clock clk rise edge)        0.000     0.000 r  
                                                      0.000     0.000 r  clk (IN)
                         net (fo=16, unset)           0.411     0.411    _str/ram_reg_0_7_3_3/WCLK
    SLICE_X4Y4           RAMS32                                       r  _str/ram_reg_0_7_3_3/SP/CLK
  -------------------------------------------------------------------    -------------------
    SLICE_X4Y4           RAMS32 (Prop_rams32_CLK_O)
                                                      0.386     0.797 r  _str/ram_reg_0_7_3_3/SP/O
                         net (fo=1, routed)           0.000     0.797    _str/out0[3]
    SLICE_X4Y4           FDRE                                         r  _str/out_reg[3]/D
  -------------------------------------------------------------------    -------------------

                         (clock clk rise edge)        0.000     0.000 r  
                                                      0.000     0.000 r  clk (IN)
                         net (fo=16, unset)           0.432     0.432    _str/clk
    SLICE_X4Y4           FDRE                                         r  _str/out_reg[3]/C
                         clock pessimism              0.000     0.432    
    SLICE_X4Y4           FDRE (Hold_fdre_C_D)         0.121     0.553    _str/out_reg[3]
  -------------------------------------------------------------------
                         required time                         -0.553    
                         arrival time                           0.797    
  -------------------------------------------------------------------
                         slack                                  0.243    





Pulse Width Checks
--------------------------------------------------------------------------------------
Clock Name:         clk
Waveform(ns):       { 0.000 5.000 }
Period(ns):         10.000
Sources:            { clk }

Check Type        Corner  Lib Pin     Reference Pin  Required(ns)  Actual(ns)  Slack(ns)  Location    Pin
Min Period        n/a     FDRE/C      n/a            1.000         10.000      9.000      SLICE_X4Y4  _str/out_reg[0]/C
Low Pulse Width   Slow    RAMS32/CLK  n/a            1.050         5.000       3.950      SLICE_X4Y4  _str/ram_reg_0_7_0_0/SP/CLK
High Pulse Width  Slow    RAMS32/CLK  n/a            1.050         5.000       3.950      SLICE_X4Y4  _str/ram_reg_0_7_0_0/SP/CLK



