Copyright 1986-2018 Xilinx, Inc. All Rights Reserved.
------------------------------------------------------------------------------------------------------------------------------------------------------------------------------------------------------------
| Tool Version : Vivado v.2018.3 (lin64) Build 2405991 Thu Dec  6 23:36:41 MST 2018
| Date         : Thu Jan 13 02:27:24 2022
| Host         : koopa.ece.utexas.edu running 64-bit CentOS Linux release 7.9.2009 (Core)
| Command      : report_timing -sort_by group -max_paths 100 -path_type summary -file /misc/scratch/zwei1/reports_Jan12/raw_designs/vtr_designs/verilog/koios/lstm_submodules/sigmoid/post_route_timing.rpt
| Design       : sigmoid
| Device       : 7z020-clg484
| Speed File   : -3  PRODUCTION 1.11 2014-09-11
------------------------------------------------------------------------------------------------------------------------------------------------------------------------------------------------------------

Timing Report

Startpoint                     Endpoint                       Slack(ns)     
----------------------------------------------------------------------------
x[5]                           sig_out[10]                    inf           
x[5]                           sig_out[11]                    inf           
x[5]                           sig_out[9]                     inf           
x[5]                           sig_out[8]                     inf           
x[5]                           sig_out[0]                     inf           
x[5]                           sig_out[1]                     inf           
x[5]                           sig_out[3]                     inf           
x[5]                           sig_out[4]                     inf           
x[5]                           sig_out[7]                     inf           
x[5]                           sig_out[12]                    inf           
x[5]                           sig_out[2]                     inf           
x[5]                           sig_out[5]                     inf           
x[8]                           sig_out[6]                     inf           



