Copyright 1986-2018 Xilinx, Inc. All Rights Reserved.
--------------------------------------------------------------------------------------------------------------------------------------------------------------
| Tool Version : Vivado v.2018.3 (lin64) Build 2405991 Thu Dec  6 23:36:41 MST 2018
| Date         : Wed Jan 12 02:18:41 2022
| Host         : koopa.ece.utexas.edu running 64-bit CentOS Linux release 7.9.2009 (Core)
| Command      : report_timing_summary -file /misc/scratch/zwei1/reports_Jan12/raw_designs/vtr_designs/verilog/koios/gemm_layer/post_synth_timing_summary.rpt
| Design       : gemm_layer
| Device       : 7z020-clg484
| Speed File   : -3  PRODUCTION 1.11 2014-09-11
--------------------------------------------------------------------------------------------------------------------------------------------------------------

Timing Summary Report

------------------------------------------------------------------------------------------------
| Timer Settings
| --------------
------------------------------------------------------------------------------------------------

  Enable Multi Corner Analysis               :  Yes
  Enable Pessimism Removal                   :  Yes
  Pessimism Removal Resolution               :  Nearest Common Node
  Enable Input Delay Default Clock           :  No
  Enable Preset / Clear Arcs                 :  No
  Disable Flight Delays                      :  No
  Ignore I/O Paths                           :  No
  Timing Early Launch at Borrowing Latches   :  false

  Corner  Analyze    Analyze    
  Name    Max Paths  Min Paths  
  ------  ---------  ---------  
  Slow    Yes        Yes        
  Fast    Yes        Yes        



check_timing report

Table of Contents
-----------------
1. checking no_clock
2. checking constant_clock
3. checking pulse_width_clock
4. checking unconstrained_internal_endpoints
5. checking no_input_delay
6. checking no_output_delay
7. checking multiple_clock
8. checking generated_clocks
9. checking loops
10. checking partial_input_delay
11. checking partial_output_delay
12. checking latch_loops

1. checking no_clock
--------------------
 There are 0 register/latch pins with no clock.


2. checking constant_clock
--------------------------
 There are 0 register/latch pins with constant_clock.


3. checking pulse_width_clock
-----------------------------
 There are 0 register/latch pins which need pulse_width check


4. checking unconstrained_internal_endpoints
--------------------------------------------
 There are 0 pins that are not constrained for maximum delay.

 There are 0 pins that are not constrained for maximum delay due to constant clock.


5. checking no_input_delay
--------------------------
 There are 690 input ports with no input delay specified. (HIGH)

 There are 0 input ports with no input delay but user has a false path constraint.


6. checking no_output_delay
---------------------------
 There are 385 ports with no output delay specified. (HIGH)

 There are 0 ports with no output delay but user has a false path constraint

 There are 0 ports with no output delay but with a timing clock defined on it or propagating through it


7. checking multiple_clock
--------------------------
 There are 0 register/latch pins with multiple clocks.


8. checking generated_clocks
----------------------------
 There are 0 generated clocks that are not connected to a clock source.


9. checking loops
-----------------
 There are 0 combinational loops in the design.


10. checking partial_input_delay
--------------------------------
 There are 0 input ports with partial input delay specified.


11. checking partial_output_delay
---------------------------------
 There are 0 ports with partial output delay specified.


12. checking latch_loops
------------------------
 There are 0 combinational latch loops in the design through latch input



------------------------------------------------------------------------------------------------
| Design Timing Summary
| ---------------------
------------------------------------------------------------------------------------------------

    WNS(ns)      TNS(ns)  TNS Failing Endpoints  TNS Total Endpoints      WHS(ns)      THS(ns)  THS Failing Endpoints  THS Total Endpoints     WPWS(ns)     TPWS(ns)  TPWS Failing Endpoints  TPWS Total Endpoints  
    -------      -------  ---------------------  -------------------      -------      -------  ---------------------  -------------------     --------     --------  ----------------------  --------------------  
      5.092        0.000                      0               131990        0.242        0.000                      0               131990        4.230        0.000                       0                118318  


All user specified timing constraints are met.


------------------------------------------------------------------------------------------------
| Clock Summary
| -------------
------------------------------------------------------------------------------------------------

Clock  Waveform(ns)       Period(ns)      Frequency(MHz)
-----  ------------       ----------      --------------
clk    {0.000 5.000}      10.000          100.000         


------------------------------------------------------------------------------------------------
| Intra Clock Table
| -----------------
------------------------------------------------------------------------------------------------

Clock             WNS(ns)      TNS(ns)  TNS Failing Endpoints  TNS Total Endpoints      WHS(ns)      THS(ns)  THS Failing Endpoints  THS Total Endpoints     WPWS(ns)     TPWS(ns)  TPWS Failing Endpoints  TPWS Total Endpoints  
-----             -------      -------  ---------------------  -------------------      -------      -------  ---------------------  -------------------     --------     --------  ----------------------  --------------------  
clk                 5.092        0.000                      0               131990        0.242        0.000                      0               131990        4.230        0.000                       0                118318  


------------------------------------------------------------------------------------------------
| Inter Clock Table
| -----------------
------------------------------------------------------------------------------------------------

From Clock    To Clock          WNS(ns)      TNS(ns)  TNS Failing Endpoints  TNS Total Endpoints      WHS(ns)      THS(ns)  THS Failing Endpoints  THS Total Endpoints  
----------    --------          -------      -------  ---------------------  -------------------      -------      -------  ---------------------  -------------------  


------------------------------------------------------------------------------------------------
| Other Path Groups Table
| -----------------------
------------------------------------------------------------------------------------------------

Path Group    From Clock    To Clock          WNS(ns)      TNS(ns)  TNS Failing Endpoints  TNS Total Endpoints      WHS(ns)      THS(ns)  THS Failing Endpoints  THS Total Endpoints  
----------    ----------    --------          -------      -------  ---------------------  -------------------      -------      -------  ---------------------  -------------------  


------------------------------------------------------------------------------------------------
| Timing Details
| --------------
------------------------------------------------------------------------------------------------


---------------------------------------------------------------------------------------------------
From Clock:  clk
  To Clock:  clk

Setup :            0  Failing Endpoints,  Worst Slack        5.092ns,  Total Violation        0.000ns
Hold  :            0  Failing Endpoints,  Worst Slack        0.242ns,  Total Violation        0.000ns
PW    :            0  Failing Endpoints,  Worst Slack        4.230ns,  Total Violation        0.000ns
---------------------------------------------------------------------------------------------------


Max Delay Paths
--------------------------------------------------------------------------------------
Slack (MET) :             5.092ns  (required time - arrival time)
  Source:                 gemm_0_S00_AXI_inst/u_matmul/u_systolic_pe_matrix/pe0_0/u_mac/add_u1/u_fpaddsub_32/pipe_1_reg[66]/C
                            (rising edge-triggered cell FDRE clocked by clk  {rise@0.000ns fall@5.000ns period=10.000ns})
  Destination:            gemm_0_S00_AXI_inst/u_matmul/u_systolic_pe_matrix/pe0_0/u_mac/add_u1/u_fpaddsub_32/pipe_2_reg[17]/D
                            (rising edge-triggered cell FDRE clocked by clk  {rise@0.000ns fall@5.000ns period=10.000ns})
  Path Group:             clk
  Path Type:              Setup (Max at Slow Process Corner)
  Requirement:            10.000ns  (clk rise@10.000ns - clk rise@0.000ns)
  Data Path Delay:        4.906ns  (logic 1.420ns (28.944%)  route 3.486ns (71.056%))
  Logic Levels:           5  (CARRY4=1 LUT4=1 LUT5=1 LUT6=2)
  Clock Path Skew:        -0.035ns (DCD - SCD + CPR)
    Destination Clock Delay (DCD):    0.669ns = ( 10.669 - 10.000 ) 
    Source Clock Delay      (SCD):    0.704ns
    Clock Pessimism Removal (CPR):    0.000ns
  Clock Uncertainty:      0.035ns  ((TSJ^2 + TIJ^2)^1/2 + DJ) / 2 + PE
    Total System Jitter     (TSJ):    0.071ns
    Total Input Jitter      (TIJ):    0.000ns
    Discrete Jitter          (DJ):    0.000ns
    Phase Error              (PE):    0.000ns

    Location             Delay type                Incr(ns)  Path(ns)    Netlist Resource(s)
  -------------------------------------------------------------------    -------------------
                         (clock clk rise edge)        0.000     0.000 r  
                                                      0.000     0.000 r  s00_axi_aclk (IN)
                         net (fo=118317, unset)       0.704     0.704    gemm_0_S00_AXI_inst/u_matmul/u_systolic_pe_matrix/pe0_0/u_mac/add_u1/u_fpaddsub_32/s00_axi_aclk
                         FDRE                                         r  gemm_0_S00_AXI_inst/u_matmul/u_systolic_pe_matrix/pe0_0/u_mac/add_u1/u_fpaddsub_32/pipe_1_reg[66]/C
  -------------------------------------------------------------------    -------------------
                         FDRE (Prop_fdre_C_Q)         0.393     1.097 r  gemm_0_S00_AXI_inst/u_matmul/u_systolic_pe_matrix/pe0_0/u_mac/add_u1/u_fpaddsub_32/pipe_1_reg[66]/Q
                         net (fo=49, unplaced)        0.601     1.698    gemm_0_S00_AXI_inst/u_matmul/u_systolic_pe_matrix/pe0_0/u_mac/add_u1/u_fpaddsub_32/pipe_1_reg[66]_0
                         LUT4 (Prop_lut4_I1_O)        0.199     1.897 r  gemm_0_S00_AXI_inst/u_matmul/u_systolic_pe_matrix/pe0_0/u_mac/add_u1/u_fpaddsub_32/pipe_2[52]_i_14/O
                         net (fo=1, unplaced)         0.471     2.368    gemm_0_S00_AXI_inst/u_matmul/u_systolic_pe_matrix/pe0_0/u_mac_n_208
                         CARRY4 (Prop_carry4_DI[1]_O[2])
                                                      0.417     2.785 r  gemm_0_S00_AXI_inst/u_matmul/u_systolic_pe_matrix/pe0_0/pipe_2_reg[52]_i_3/O[2]
                         net (fo=6, unplaced)         0.873     3.658    gemm_0_S00_AXI_inst/u_matmul/u_systolic_pe_matrix/pe0_0/u_mac/add_u1/u_fpaddsub_32/pipe_2_reg[52]_0[2]
                         LUT5 (Prop_lut5_I0_O)        0.217     3.875 f  gemm_0_S00_AXI_inst/u_matmul/u_systolic_pe_matrix/pe0_0/u_mac/add_u1/u_fpaddsub_32/pipe_2[17]_i_5/O
                         net (fo=1, unplaced)         0.840     4.715    gemm_0_S00_AXI_inst/u_matmul/u_systolic_pe_matrix/pe0_0/u_mac/add_u1/u_fpaddsub_32/pipe_2[17]_i_5_n_0
                         LUT6 (Prop_lut6_I0_O)        0.097     4.812 f  gemm_0_S00_AXI_inst/u_matmul/u_systolic_pe_matrix/pe0_0/u_mac/add_u1/u_fpaddsub_32/pipe_2[17]_i_2/O
                         net (fo=1, unplaced)         0.701     5.513    gemm_0_S00_AXI_inst/u_matmul/u_systolic_pe_matrix/pe0_0/u_mac/add_u1/u_fpaddsub_32/pipe_2[17]_i_2_n_0
                         LUT6 (Prop_lut6_I0_O)        0.097     5.610 r  gemm_0_S00_AXI_inst/u_matmul/u_systolic_pe_matrix/pe0_0/u_mac/add_u1/u_fpaddsub_32/pipe_2[17]_i_1/O
                         net (fo=1, unplaced)         0.000     5.610    gemm_0_S00_AXI_inst/u_matmul/u_systolic_pe_matrix/pe0_0/u_mac/add_u1/u_fpaddsub_32/Shift_1[0]
                         FDRE                                         r  gemm_0_S00_AXI_inst/u_matmul/u_systolic_pe_matrix/pe0_0/u_mac/add_u1/u_fpaddsub_32/pipe_2_reg[17]/D
  -------------------------------------------------------------------    -------------------

                         (clock clk rise edge)       10.000    10.000 r  
                                                      0.000    10.000 r  s00_axi_aclk (IN)
                         net (fo=118317, unset)       0.669    10.669    gemm_0_S00_AXI_inst/u_matmul/u_systolic_pe_matrix/pe0_0/u_mac/add_u1/u_fpaddsub_32/s00_axi_aclk
                         FDRE                                         r  gemm_0_S00_AXI_inst/u_matmul/u_systolic_pe_matrix/pe0_0/u_mac/add_u1/u_fpaddsub_32/pipe_2_reg[17]/C
                         clock pessimism              0.000    10.669    
                         clock uncertainty           -0.035    10.633    
                         FDRE (Setup_fdre_C_D)        0.069    10.702    gemm_0_S00_AXI_inst/u_matmul/u_systolic_pe_matrix/pe0_0/u_mac/add_u1/u_fpaddsub_32/pipe_2_reg[17]
  -------------------------------------------------------------------
                         required time                         10.702    
                         arrival time                          -5.610    
  -------------------------------------------------------------------
                         slack                                  5.092    





Min Delay Paths
--------------------------------------------------------------------------------------
Slack (MET) :             0.242ns  (arrival time - required time)
  Source:                 gemm_0_S00_AXI_inst/u_matmul/u_systolic_pe_matrix/pe0_0/u_mac/mult_u1/u_fpmult_16/pipe_1_reg[12]/C
                            (rising edge-triggered cell FDRE clocked by clk  {rise@0.000ns fall@5.000ns period=10.000ns})
  Destination:            gemm_0_S00_AXI_inst/u_matmul/u_systolic_pe_matrix/pe0_0/u_mac/mult_u1/u_fpmult_16/pipe_2_reg[0]/D
                            (rising edge-triggered cell FDRE clocked by clk  {rise@0.000ns fall@5.000ns period=10.000ns})
  Path Group:             clk
  Path Type:              Hold (Min at Fast Process Corner)
  Requirement:            0.000ns  (clk rise@0.000ns - clk rise@0.000ns)
  Data Path Delay:        0.383ns  (logic 0.262ns (68.345%)  route 0.121ns (31.655%))
  Logic Levels:           1  (LUT3=1)
  Clock Path Skew:        0.022ns (DCD - SCD - CPR)
    Destination Clock Delay (DCD):    0.432ns
    Source Clock Delay      (SCD):    0.411ns
    Clock Pessimism Removal (CPR):    -0.000ns

    Location             Delay type                Incr(ns)  Path(ns)    Netlist Resource(s)
  -------------------------------------------------------------------    -------------------
                         (clock clk rise edge)        0.000     0.000 r  
                                                      0.000     0.000 r  s00_axi_aclk (IN)
                         net (fo=118317, unset)       0.411     0.411    gemm_0_S00_AXI_inst/u_matmul/u_systolic_pe_matrix/pe0_0/u_mac/mult_u1/u_fpmult_16/s00_axi_aclk
                         FDRE                                         r  gemm_0_S00_AXI_inst/u_matmul/u_systolic_pe_matrix/pe0_0/u_mac/mult_u1/u_fpmult_16/pipe_1_reg[12]/C
  -------------------------------------------------------------------    -------------------
                         FDRE (Prop_fdre_C_Q)         0.164     0.575 r  gemm_0_S00_AXI_inst/u_matmul/u_systolic_pe_matrix/pe0_0/u_mac/mult_u1/u_fpmult_16/pipe_1_reg[12]/Q
                         net (fo=1, unplaced)         0.121     0.696    gemm_0_S00_AXI_inst/u_matmul/u_systolic_pe_matrix/pe0_0/u_mac/mult_u1/u_fpmult_16/ExecuteModule/Q[0]
                         LUT3 (Prop_lut3_I2_O)        0.098     0.794 r  gemm_0_S00_AXI_inst/u_matmul/u_systolic_pe_matrix/pe0_0/u_mac/mult_u1/u_fpmult_16/ExecuteModule/pipe_2[0]_i_1/O
                         net (fo=1, unplaced)         0.000     0.794    gemm_0_S00_AXI_inst/u_matmul/u_systolic_pe_matrix/pe0_0/u_mac/mult_u1/u_fpmult_16/NormM[0]
                         FDRE                                         r  gemm_0_S00_AXI_inst/u_matmul/u_systolic_pe_matrix/pe0_0/u_mac/mult_u1/u_fpmult_16/pipe_2_reg[0]/D
  -------------------------------------------------------------------    -------------------

                         (clock clk rise edge)        0.000     0.000 r  
                                                      0.000     0.000 r  s00_axi_aclk (IN)
                         net (fo=118317, unset)       0.432     0.432    gemm_0_S00_AXI_inst/u_matmul/u_systolic_pe_matrix/pe0_0/u_mac/mult_u1/u_fpmult_16/s00_axi_aclk
                         FDRE                                         r  gemm_0_S00_AXI_inst/u_matmul/u_systolic_pe_matrix/pe0_0/u_mac/mult_u1/u_fpmult_16/pipe_2_reg[0]/C
                         clock pessimism              0.000     0.432    
                         FDRE (Hold_fdre_C_D)         0.120     0.552    gemm_0_S00_AXI_inst/u_matmul/u_systolic_pe_matrix/pe0_0/u_mac/mult_u1/u_fpmult_16/pipe_2_reg[0]
  -------------------------------------------------------------------
                         required time                         -0.552    
                         arrival time                           0.794    
  -------------------------------------------------------------------
                         slack                                  0.242    





Pulse Width Checks
--------------------------------------------------------------------------------------
Clock Name:         clk
Waveform(ns):       { 0.000 5.000 }
Period(ns):         10.000
Sources:            { s00_axi_aclk }

Check Type        Corner  Lib Pin     Reference Pin  Required(ns)  Actual(ns)  Slack(ns)  Location  Pin
Min Period        n/a     FDSE/C      n/a            1.000         10.000      9.000                gemm_0_S00_AXI_inst/aw_en_reg/C
Low Pulse Width   Slow    SRL16E/CLK  n/a            0.770         5.000       4.230                gemm_0_S00_AXI_inst/u_matmul/u_systolic_pe_matrix/pe19_9/u_mac/mult_u1/u_fpmult_16/pipe_4_reg[20]_srl3___gemm_0_S00_AXI_inst_u_matmul_u_systolic_pe_matrix_pe0_0_u_mac_mult_u1_u_fpmult_16_pipe_4_reg_r/CLK
High Pulse Width  Slow    SRL16E/CLK  n/a            0.770         5.000       4.230                gemm_0_S00_AXI_inst/u_matmul/u_systolic_pe_matrix/pe19_9/u_mac/mult_u1/u_fpmult_16/pipe_4_reg[20]_srl3___gemm_0_S00_AXI_inst_u_matmul_u_systolic_pe_matrix_pe0_0_u_mac_mult_u1_u_fpmult_16_pipe_4_reg_r/CLK



