Copyright 1986-2018 Xilinx, Inc. All Rights Reserved.
----------------------------------------------------------------------------------------------------------------------------------------------------------------------------------------------------
| Tool Version : Vivado v.2018.3 (lin64) Build 2405991 Thu Dec  6 23:36:41 MST 2018
| Date         : Tue Jan 11 21:31:24 2022
| Host         : koopa.ece.utexas.edu running 64-bit CentOS Linux release 7.9.2009 (Core)
| Command      : report_timing -sort_by group -max_paths 100 -path_type summary -file /misc/scratch/zwei1/reports_Jan12/raw_designs/opencores/arithmetic/ecg_submodules/func1/post_route_timing.rpt
| Design       : func1
| Device       : 7z020-clg484
| Speed File   : -3  PRODUCTION 1.11 2014-09-11
----------------------------------------------------------------------------------------------------------------------------------------------------------------------------------------------------

Timing Report

Startpoint                     Endpoint                       Slack(ns)     
----------------------------------------------------------------------------
q[1]                           out[171]                       inf           
q[1]                           out[180]                       inf           
q[1]                           out[162]                       inf           
q[1]                           out[124]                       inf           
q[1]                           out[63]                        inf           
q[1]                           out[14]                        inf           
q[0]                           out[131]                       inf           
q[0]                           out[128]                       inf           
q[1]                           out[41]                        inf           
q[0]                           out[132]                       inf           
q[1]                           out[108]                       inf           
q[0]                           out[134]                       inf           
q[1]                           out[42]                        inf           
q[1]                           out[118]                       inf           
q[1]                           out[173]                       inf           
q[0]                           out[165]                       inf           
q[1]                           out[123]                       inf           
q[1]                           out[172]                       inf           
q[1]                           out[155]                       inf           
q[1]                           out[152]                       inf           
q[1]                           out[157]                       inf           
q[0]                           out[160]                       inf           
q[0]                           out[116]                       inf           
q[0]                           out[150]                       inf           
q[0]                           out[129]                       inf           
q[1]                           out[174]                       inf           
q[1]                           out[167]                       inf           
q[0]                           out[120]                       inf           
q[0]                           out[110]                       inf           
q[0]                           out[136]                       inf           
q[1]                           out[83]                        inf           
q[0]                           out[127]                       inf           
q[1]                           out[87]                        inf           
q[0]                           out[11]                        inf           
q[0]                           out[135]                       inf           
q[0]                           out[138]                       inf           
q[0]                           out[61]                        inf           
q[1]                           out[122]                       inf           
q[1]                           out[153]                       inf           
q[1]                           out[179]                       inf           
q[1]                           out[177]                       inf           
q[1]                           out[156]                       inf           
q[0]                           out[111]                       inf           
q[0]                           out[126]                       inf           
q[0]                           out[144]                       inf           
q[0]                           out[130]                       inf           
q[0]                           out[12]                        inf           
q[1]                           out[33]                        inf           
q[1]                           out[34]                        inf           
q[1]                           out[65]                        inf           
q[1]                           out[76]                        inf           
q[1]                           out[35]                        inf           
q[1]                           out[16]                        inf           
q[1]                           out[95]                        inf           
q[1]                           out[6]                         inf           
q[1]                           out[170]                       inf           
q[0]                           out[107]                       inf           
q[0]                           out[15]                        inf           
q[0]                           out[117]                       inf           
q[0]                           out[149]                       inf           
q[1]                           out[69]                        inf           
q[0]                           out[164]                       inf           
q[0]                           out[176]                       inf           
q[0]                           out[143]                       inf           
q[0]                           out[80]                        inf           
q[0]                           out[67]                        inf           
q[0]                           out[151]                       inf           
q[0]                           out[142]                       inf           
q[1]                           out[158]                       inf           
q[0]                           out[133]                       inf           
q[0]                           out[139]                       inf           
q[1]                           out[154]                       inf           
q[1]                           out[8]                         inf           
q[1]                           out[30]                        inf           
q[1]                           out[60]                        inf           
q[1]                           out[31]                        inf           
q[1]                           out[4]                         inf           
q[0]                           out[169]                       inf           
q[0]                           out[178]                       inf           
q[1]                           out[97]                        inf           
q[1]                           out[52]                        inf           
q[1]                           out[32]                        inf           
q[0]                           out[125]                       inf           
q[1]                           out[163]                       inf           
q[0]                           out[106]                       inf           
q[1]                           out[161]                       inf           
q[0]                           out[109]                       inf           
q[0]                           out[115]                       inf           
q[0]                           out[168]                       inf           
q[0]                           out[75]                        inf           
q[1]                           out[85]                        inf           
q[1]                           out[100]                       inf           
q[0]                           out[166]                       inf           
q[1]                           out[64]                        inf           
q[1]                           out[7]                         inf           
q[1]                           out[137]                       inf           
q[1]                           out[181]                       inf           
q[1]                           out[183]                       inf           
q[1]                           out[159]                       inf           
q[1]                           out[119]                       inf           



