Copyright 1986-2018 Xilinx, Inc. All Rights Reserved.
--------------------------------------------------------------------------------------------------------------------------------------------------------------------------------------------------------------------------------------------------------
| Tool Version : Vivado v.2018.3 (lin64) Build 2405991 Thu Dec  6 23:36:41 MST 2018
| Date         : Wed Jan 12 07:29:20 2022
| Host         : koopa.ece.utexas.edu running 64-bit CentOS Linux release 7.9.2009 (Core)
| Command      : report_timing -sort_by group -max_paths 100 -path_type summary -file /misc/scratch/zwei1/reports_Jan12/raw_designs/vtr_designs/verilog/koios/tiny_darknet_like.medium_submodules/td_fused_top_tdf10_get_next_ijk/post_route_timing.rpt
| Design       : td_fused_top_tdf10_get_next_ijk
| Device       : 7z020-clg484
| Speed File   : -3  PRODUCTION 1.11 2014-09-11
--------------------------------------------------------------------------------------------------------------------------------------------------------------------------------------------------------------------------------------------------------

Timing Report

Startpoint                     Endpoint                       Slack(ns)     
----------------------------------------------------------------------------
j_10_reg[1]/C                  i_10_reg[12]/R                 4.892         
j_10_reg[1]/C                  i_10_reg[13]/R                 4.892         
j_10_reg[1]/C                  i_10_reg[14]/R                 4.892         
j_10_reg[1]/C                  i_10_reg[15]/R                 4.892         
j_10_reg[1]/C                  i_10_reg[10]/R                 4.990         
j_10_reg[1]/C                  i_10_reg[11]/R                 4.990         
j_10_reg[1]/C                  i_10_reg[8]/R                  4.990         
j_10_reg[1]/C                  i_10_reg[9]/R                  4.990         
j_10_reg[1]/C                  i_10_reg[0]/R                  5.008         
j_10_reg[1]/C                  i_10_reg[1]/R                  5.008         
j_10_reg[1]/C                  i_10_reg[2]/R                  5.008         
j_10_reg[1]/C                  i_10_reg[3]/R                  5.008         
j_10_reg[1]/C                  j_10_reg[10]/R                 5.038         
j_10_reg[1]/C                  j_10_reg[11]/R                 5.038         
j_10_reg[1]/C                  j_10_reg[8]/R                  5.038         
j_10_reg[1]/C                  j_10_reg[9]/R                  5.038         
j_10_reg[1]/C                  i_10_reg[0]/CE                 5.093         
j_10_reg[1]/C                  i_10_reg[1]/CE                 5.093         
j_10_reg[1]/C                  i_10_reg[2]/CE                 5.093         
j_10_reg[1]/C                  i_10_reg[3]/CE                 5.093         
j_10_reg[1]/C                  i_10_reg[4]/R                  5.095         
j_10_reg[1]/C                  i_10_reg[5]/R                  5.095         
j_10_reg[1]/C                  i_10_reg[6]/R                  5.095         
j_10_reg[1]/C                  i_10_reg[7]/R                  5.095         
j_10_reg[1]/C                  j_10_reg[0]/R                  5.124         
j_10_reg[1]/C                  j_10_reg[1]/R                  5.124         
j_10_reg[1]/C                  j_10_reg[2]/R                  5.124         
j_10_reg[1]/C                  j_10_reg[3]/R                  5.124         
j_10_reg[1]/C                  j_10_reg[4]/R                  5.136         
j_10_reg[1]/C                  j_10_reg[5]/R                  5.136         
j_10_reg[1]/C                  j_10_reg[6]/R                  5.136         
j_10_reg[1]/C                  j_10_reg[7]/R                  5.136         
j_10_reg[1]/C                  i_10_reg[4]/CE                 5.188         
j_10_reg[1]/C                  i_10_reg[5]/CE                 5.188         
j_10_reg[1]/C                  i_10_reg[6]/CE                 5.188         
j_10_reg[1]/C                  i_10_reg[7]/CE                 5.188         
j_10_reg[1]/C                  j_10_reg[12]/R                 5.234         
j_10_reg[1]/C                  j_10_reg[13]/R                 5.234         
j_10_reg[1]/C                  j_10_reg[14]/R                 5.234         
j_10_reg[1]/C                  j_10_reg[15]/R                 5.234         
k_10_reg[0]/C                  k_10_reg[0]/R                  5.242         
k_10_reg[0]/C                  k_10_reg[1]/R                  5.242         
k_10_reg[0]/C                  k_10_reg[2]/R                  5.242         
k_10_reg[0]/C                  k_10_reg[3]/R                  5.242         
j_10_reg[1]/C                  i_10_reg[10]/CE                5.291         
j_10_reg[1]/C                  i_10_reg[11]/CE                5.291         
j_10_reg[1]/C                  i_10_reg[8]/CE                 5.291         
j_10_reg[1]/C                  i_10_reg[9]/CE                 5.291         
j_10_reg[1]/C                  i_10_reg[12]/CE                5.395         
j_10_reg[1]/C                  i_10_reg[13]/CE                5.395         
j_10_reg[1]/C                  i_10_reg[14]/CE                5.395         
j_10_reg[1]/C                  i_10_reg[15]/CE                5.395         
k_10_reg[0]/C                  k_10_reg[10]/R                 5.503         
k_10_reg[0]/C                  k_10_reg[11]/R                 5.503         
k_10_reg[0]/C                  k_10_reg[8]/R                  5.503         
k_10_reg[0]/C                  k_10_reg[9]/R                  5.503         
k_10_reg[0]/C                  k_10_reg[4]/R                  5.601         
k_10_reg[0]/C                  k_10_reg[5]/R                  5.601         
k_10_reg[0]/C                  k_10_reg[6]/R                  5.601         
k_10_reg[0]/C                  k_10_reg[7]/R                  5.601         
k_10_reg[0]/C                  j_10_reg[4]/CE                 5.606         
k_10_reg[0]/C                  j_10_reg[5]/CE                 5.606         
k_10_reg[0]/C                  j_10_reg[6]/CE                 5.606         
k_10_reg[0]/C                  j_10_reg[7]/CE                 5.606         
k_10_reg[0]/C                  k_10_reg[12]/R                 5.732         
k_10_reg[0]/C                  k_10_reg[13]/R                 5.732         
k_10_reg[0]/C                  k_10_reg[14]/R                 5.732         
k_10_reg[0]/C                  k_10_reg[15]/R                 5.732         
k_10_reg[0]/C                  j_10_reg[10]/CE                5.794         
k_10_reg[0]/C                  j_10_reg[11]/CE                5.794         
k_10_reg[0]/C                  j_10_reg[8]/CE                 5.794         
k_10_reg[0]/C                  j_10_reg[9]/CE                 5.794         
k_10_reg[0]/C                  j_10_reg[12]/CE                5.827         
k_10_reg[0]/C                  j_10_reg[13]/CE                5.827         
k_10_reg[0]/C                  j_10_reg[14]/CE                5.827         
k_10_reg[0]/C                  j_10_reg[15]/CE                5.827         
k_10_reg[0]/C                  j_10_reg[0]/CE                 5.934         
k_10_reg[0]/C                  j_10_reg[1]/CE                 5.934         
k_10_reg[0]/C                  j_10_reg[2]/CE                 5.934         
k_10_reg[0]/C                  j_10_reg[3]/CE                 5.934         
ap_done_reg_reg/C              start_once_reg_reg/D           7.426         
ap_done_reg_reg/C              k_10_reg[0]/CE                 7.453         
ap_done_reg_reg/C              k_10_reg[1]/CE                 7.453         
ap_done_reg_reg/C              k_10_reg[2]/CE                 7.453         
ap_done_reg_reg/C              k_10_reg[3]/CE                 7.453         
ap_done_reg_reg/C              k_10_reg[4]/CE                 7.562         
ap_done_reg_reg/C              k_10_reg[5]/CE                 7.562         
ap_done_reg_reg/C              k_10_reg[6]/CE                 7.562         
ap_done_reg_reg/C              k_10_reg[7]/CE                 7.562         
ap_done_reg_reg/C              k_10_reg[10]/CE                7.568         
ap_done_reg_reg/C              k_10_reg[11]/CE                7.568         
ap_done_reg_reg/C              k_10_reg[8]/CE                 7.568         
ap_done_reg_reg/C              k_10_reg[9]/CE                 7.568         
ap_done_reg_reg/C              ap_done_reg_reg/D              7.657         
ap_done_reg_reg/C              k_10_reg[12]/CE                7.668         
ap_done_reg_reg/C              k_10_reg[13]/CE                7.668         
ap_done_reg_reg/C              k_10_reg[14]/CE                7.668         
ap_done_reg_reg/C              k_10_reg[15]/CE                7.668         
k_10_reg[3]/C                  k_10_reg[15]/D                 8.142         
k_10_reg[3]/C                  k_10_reg[13]/D                 8.156         



