Copyright 1986-2018 Xilinx, Inc. All Rights Reserved.
-----------------------------------------------------------------------------------------------------------------------------------------------------------------------------------------------------------------------
| Tool Version : Vivado v.2018.3 (lin64) Build 2405991 Thu Dec  6 23:36:41 MST 2018
| Date         : Thu Jan 13 00:04:52 2022
| Host         : koopa.ece.utexas.edu running 64-bit CentOS Linux release 7.9.2009 (Core)
| Command      : report_timing -sort_by group -max_paths 100 -path_type summary -file /misc/scratch/zwei1/reports_Jan12/raw_designs/vtr_designs/verilog/koios/conv_layer_submodules/output_logic/post_route_timing.rpt
| Design       : output_logic
| Device       : 7z020-clg484
| Speed File   : -3  PRODUCTION 1.11 2014-09-11
-----------------------------------------------------------------------------------------------------------------------------------------------------------------------------------------------------------------------

Timing Report

Startpoint                     Endpoint                       Slack(ns)     
----------------------------------------------------------------------------
clk_cnt[3]                     c_data_out_1_reg[50]/CE        inf           
clk_cnt[3]                     c_data_out_2_reg[50]/CE        inf           
clk_cnt[3]                     c_data_out_3_reg[50]/CE        inf           
clk_cnt[3]                     c_data_out_reg[50]/CE          inf           
clk_cnt[3]                     c_data_out_1_reg[43]/CE        inf           
clk_cnt[3]                     c_data_out_2_reg[43]/CE        inf           
clk_cnt[3]                     c_data_out_3_reg[43]/CE        inf           
clk_cnt[3]                     c_data_out_reg[43]/CE          inf           
clk_cnt[3]                     c_data_out_1_reg[42]/CE        inf           
clk_cnt[3]                     c_data_out_2_reg[42]/CE        inf           
clk_cnt[3]                     c_data_out_3_reg[42]/CE        inf           
clk_cnt[3]                     c_data_out_reg[42]/CE          inf           
clk_cnt[3]                     c_data_out_1_reg[63]/CE        inf           
clk_cnt[3]                     c_data_out_2_reg[63]/CE        inf           
clk_cnt[3]                     c_data_out_3_reg[63]/CE        inf           
clk_cnt[3]                     c_data_out_reg[63]/CE          inf           
clk_cnt[3]                     c_data_out_1_reg[29]/CE        inf           
clk_cnt[3]                     c_data_out_2_reg[29]/CE        inf           
clk_cnt[3]                     c_data_out_3_reg[29]/CE        inf           
clk_cnt[3]                     c_data_out_reg[29]/CE          inf           
clk_cnt[3]                     c_data_out_1_reg[25]/CE        inf           
clk_cnt[3]                     c_data_out_2_reg[25]/CE        inf           
clk_cnt[3]                     c_data_out_3_reg[25]/CE        inf           
clk_cnt[3]                     c_data_out_reg[25]/CE          inf           
clk_cnt[3]                     c_data_out_1_reg[49]/CE        inf           
clk_cnt[3]                     c_data_out_2_reg[49]/CE        inf           
clk_cnt[3]                     c_data_out_3_reg[49]/CE        inf           
clk_cnt[3]                     c_data_out_reg[49]/CE          inf           
clk_cnt[3]                     c_data_out_1_reg[10]/CE        inf           
clk_cnt[3]                     c_data_out_2_reg[10]/CE        inf           
clk_cnt[3]                     c_data_out_3_reg[10]/CE        inf           
clk_cnt[3]                     c_data_out_reg[10]/CE          inf           
clk_cnt[3]                     c_data_out_1_reg[54]/CE        inf           
clk_cnt[3]                     c_data_out_2_reg[54]/CE        inf           
clk_cnt[3]                     c_data_out_3_reg[54]/CE        inf           
clk_cnt[3]                     c_data_out_reg[54]/CE          inf           
clk_cnt[3]                     c_data_out_1_reg[44]/CE        inf           
clk_cnt[3]                     c_data_out_2_reg[44]/CE        inf           
clk_cnt[3]                     c_data_out_3_reg[44]/CE        inf           
clk_cnt[3]                     c_data_out_reg[44]/CE          inf           
clk_cnt[3]                     c_data_out_1_reg[27]/CE        inf           
clk_cnt[3]                     c_data_out_2_reg[27]/CE        inf           
clk_cnt[3]                     c_data_out_3_reg[27]/CE        inf           
clk_cnt[3]                     c_data_out_reg[27]/CE          inf           
clk_cnt[3]                     c_data_out_1_reg[26]/CE        inf           
clk_cnt[3]                     c_data_out_2_reg[26]/CE        inf           
clk_cnt[3]                     c_data_out_3_reg[26]/CE        inf           
clk_cnt[3]                     c_data_out_reg[26]/CE          inf           
clk_cnt[3]                     c_data_out_1_reg[38]/CE        inf           
clk_cnt[3]                     c_data_out_2_reg[38]/CE        inf           
clk_cnt[3]                     c_data_out_3_reg[38]/CE        inf           
clk_cnt[3]                     c_data_out_reg[38]/CE          inf           
clk_cnt[3]                     c_data_out_1_reg[45]/CE        inf           
clk_cnt[3]                     c_data_out_2_reg[45]/CE        inf           
clk_cnt[3]                     c_data_out_3_reg[45]/CE        inf           
clk_cnt[3]                     c_data_out_reg[45]/CE          inf           
clk_cnt[3]                     c_data_out_1_reg[9]/CE         inf           
clk_cnt[3]                     c_data_out_2_reg[9]/CE         inf           
clk_cnt[3]                     c_data_out_3_reg[9]/CE         inf           
clk_cnt[3]                     c_data_out_reg[9]/CE           inf           
clk_cnt[3]                     c_data_out_1_reg[14]/CE        inf           
clk_cnt[3]                     c_data_out_2_reg[14]/CE        inf           
clk_cnt[3]                     c_data_out_3_reg[14]/CE        inf           
clk_cnt[3]                     c_data_out_reg[14]/CE          inf           
clk_cnt[3]                     c_data_out_1_reg[15]/CE        inf           
clk_cnt[3]                     c_data_out_2_reg[15]/CE        inf           
clk_cnt[3]                     c_data_out_3_reg[15]/CE        inf           
clk_cnt[3]                     c_data_out_reg[15]/CE          inf           
clk_cnt[3]                     c_data_out_1_reg[41]/CE        inf           
clk_cnt[3]                     c_data_out_2_reg[41]/CE        inf           
clk_cnt[3]                     c_data_out_3_reg[41]/CE        inf           
clk_cnt[3]                     c_data_out_reg[41]/CE          inf           
clk_cnt[3]                     c_data_out_1_reg[51]/CE        inf           
clk_cnt[3]                     c_data_out_2_reg[51]/CE        inf           
clk_cnt[3]                     c_data_out_3_reg[51]/CE        inf           
clk_cnt[3]                     c_data_out_reg[51]/CE          inf           
clk_cnt[3]                     c_data_out_1_reg[17]/CE        inf           
clk_cnt[3]                     c_data_out_2_reg[17]/CE        inf           
clk_cnt[3]                     c_data_out_3_reg[17]/CE        inf           
clk_cnt[3]                     c_data_out_reg[17]/CE          inf           
clk_cnt[3]                     c_data_out_1_reg[52]/CE        inf           
clk_cnt[3]                     c_data_out_2_reg[52]/CE        inf           
clk_cnt[3]                     c_data_out_3_reg[52]/CE        inf           
clk_cnt[3]                     c_data_out_reg[52]/CE          inf           
clk_cnt[3]                     c_data_out_1_reg[20]/CE        inf           
clk_cnt[3]                     c_data_out_2_reg[20]/CE        inf           
clk_cnt[3]                     c_data_out_3_reg[20]/CE        inf           
clk_cnt[3]                     c_data_out_reg[20]/CE          inf           
clk_cnt[3]                     c_data_out_1_reg[7]/CE         inf           
clk_cnt[3]                     c_data_out_2_reg[7]/CE         inf           
clk_cnt[3]                     c_data_out_3_reg[7]/CE         inf           
clk_cnt[3]                     c_data_out_reg[7]/CE           inf           
clk_cnt[3]                     c_data_out_1_reg[53]/CE        inf           
clk_cnt[3]                     c_data_out_1_reg[61]/CE        inf           
clk_cnt[3]                     c_data_out_2_reg[53]/CE        inf           
clk_cnt[3]                     c_data_out_2_reg[61]/CE        inf           
clk_cnt[3]                     c_data_out_3_reg[53]/CE        inf           
clk_cnt[3]                     c_data_out_3_reg[61]/CE        inf           
clk_cnt[3]                     c_data_out_reg[53]/CE          inf           
clk_cnt[3]                     c_data_out_reg[61]/CE          inf           



