Copyright 1986-2018 Xilinx, Inc. All Rights Reserved.
-------------------------------------------------------------------------------------------------------------------------------------------------------------------------------------------------------------------------------------------------------
| Tool Version : Vivado v.2018.3 (lin64) Build 2405991 Thu Dec  6 23:36:41 MST 2018
| Date         : Wed Jan 12 09:39:19 2022
| Host         : koopa.ece.utexas.edu running 64-bit CentOS Linux release 7.9.2009 (Core)
| Command      : report_timing -sort_by group -max_paths 100 -path_type summary -file /misc/scratch/zwei1/reports_Jan12/raw_designs/vtr_designs/verilog/koios/tiny_darknet_like.medium_submodules/td_fused_top_tdf7_readInputs54/post_route_timing.rpt
| Design       : td_fused_top_tdf7_readInputs54
| Device       : 7z020-clg484
| Speed File   : -3  PRODUCTION 1.11 2014-09-11
-------------------------------------------------------------------------------------------------------------------------------------------------------------------------------------------------------------------------------------------------------

Timing Report

Startpoint                     Endpoint                       Slack(ns)     
----------------------------------------------------------------------------
ap_enable_reg_pp0_iter1_reg/C  is_padding_reg_965_reg[0]/D    5.157         
ap_enable_reg_pp0_iter1_reg/C  empty_83_reg_960_reg[0]/D      5.337         
icmp_ln19_reg_972_reg[0]/C     p_mid113_reg_997_reg[0]/D      5.705         
indvar_flatten47_reg_231_reg[3]/C
                               select_ln19_9_reg_990_reg[0]/CE
                                                              6.091         
indvar_flatten47_reg_231_reg[3]/C
                               select_ln19_9_reg_990_reg[1]/CE
                                                              6.091         
empty_reg_920_reg[4]/C         or_ln23_6_reg_945_reg[0]/D     6.145         
is_padding_reg_965_reg[0]/C    sub_ln32_reg_1071_reg[7]/D     6.199         
indvar_flatten47_reg_231_reg[3]/C
                               select_ln20_6_reg_1015_reg[1]/CE
                                                              6.221         
is_padding_reg_965_reg[0]/C    sub_ln32_reg_1071_reg[9]/D     6.223         
icmp_ln19_reg_972_reg[0]/C     add_ln22_3_reg_1021_reg[16]/D  6.229         
icmp_ln19_reg_972_reg[0]/C     add_ln22_3_reg_1021_reg[15]/D  6.243         
icmp_ln19_reg_972_reg[0]/C     add_ln22_3_reg_1021_reg[13]/D  6.247         
indvar_flatten47_reg_231_reg[3]/C
                               select_ln20_6_reg_1015_reg[0]/CE
                                                              6.252         
icmp_ln19_reg_972_reg[0]/C     add_ln22_3_reg_1021_reg[17]/D  6.256         
icmp_ln19_reg_972_reg[0]/C     add_ln22_3_reg_1021_reg[14]/D  6.296         
indvar_flatten47_reg_231_reg[3]/C
                               indvar_flatten_reg_254_reg[0]/R
                                                              6.296         
indvar_flatten47_reg_231_reg[3]/C
                               indvar_flatten_reg_254_reg[1]/R
                                                              6.296         
indvar_flatten47_reg_231_reg[3]/C
                               indvar_flatten_reg_254_reg[2]/R
                                                              6.296         
icmp_ln19_reg_972_reg[0]/C     add_ln22_3_reg_1021_reg[12]/D  6.318         
is_padding_reg_965_reg[0]/C    sub_ln32_reg_1071_reg[6]/D     6.332         
icmp_ln19_reg_972_reg[0]/C     add_ln22_3_reg_1021_reg[11]/D  6.332         
icmp_ln19_reg_972_reg[0]/C     add_ln22_3_reg_1021_reg[9]/D   6.336         
is_padding_reg_965_reg[0]/C    sub_ln32_reg_1071_reg[8]/D     6.342         
icmp_ln19_reg_972_reg[0]/C     add_ln22_3_reg_1021_reg[10]/D  6.385         
ap_CS_fsm_reg[2]/C             select_ln19_14_reg_1043_reg[8]/R
                                                              6.386         
ap_CS_fsm_reg[2]/C             select_ln19_14_reg_1043_reg[9]/R
                                                              6.386         
indvar_flatten47_reg_231_reg[3]/C
                               indvar_flatten47_reg_231_reg[0]/R
                                                              6.398         
indvar_flatten47_reg_231_reg[3]/C
                               indvar_flatten47_reg_231_reg[4]/R
                                                              6.398         
indvar_flatten47_reg_231_reg[3]/C
                               indvar_flatten47_reg_231_reg[6]/R
                                                              6.398         
icmp_ln19_reg_972_reg[0]/C     add_ln22_3_reg_1021_reg[8]/D   6.407         
icmp_ln19_reg_972_reg[0]/C     add_ln22_3_reg_1021_reg[7]/D   6.421         
icmp_ln19_reg_972_reg[0]/C     add_ln22_3_reg_1021_reg[5]/D   6.425         
indvar_flatten47_reg_231_reg[3]/C
                               indvar_flatten47_reg_231_reg[1]/R
                                                              6.457         
indvar_flatten47_reg_231_reg[3]/C
                               indvar_flatten47_reg_231_reg[2]/R
                                                              6.457         
indvar_flatten47_reg_231_reg[3]/C
                               indvar_flatten47_reg_231_reg[3]/R
                                                              6.457         
indvar_flatten47_reg_231_reg[3]/C
                               indvar_flatten47_reg_231_reg[5]/R
                                                              6.457         
is_padding_reg_965_reg[0]/C    sub_ln32_reg_1071_reg[3]/D     6.464         
icmp_ln19_reg_972_reg[0]/C     add_ln22_3_reg_1021_reg[6]/D   6.474         
indvar_flatten47_reg_231_reg[3]/C
                               kk_reg_277_reg[2]/R            6.476         
indvar_flatten47_reg_231_reg[3]/C
                               kk_reg_277_reg[3]/R            6.476         
indvar_flatten47_reg_231_reg[3]/C
                               kk_reg_277_reg[4]/R            6.476         
indvar_flatten47_reg_231_reg[3]/C
                               kk_reg_277_reg[5]/R            6.476         
ap_CS_fsm_reg[2]/C             select_ln19_14_reg_1043_reg[4]/R
                                                              6.483         
ap_CS_fsm_reg[2]/C             select_ln19_14_reg_1043_reg[5]/R
                                                              6.483         
ap_CS_fsm_reg[2]/C             select_ln19_14_reg_1043_reg[6]/R
                                                              6.483         
ap_CS_fsm_reg[2]/C             select_ln19_14_reg_1043_reg[7]/R
                                                              6.483         
icmp_ln19_reg_972_reg[0]/C     add_ln22_3_reg_1021_reg[4]/D   6.496         
is_padding_reg_965_reg[0]/C    sub_ln32_reg_1071_reg[4]/D     6.509         
is_padding_reg_965_reg[0]/C    sub_ln32_reg_1071_reg[5]/D     6.533         
indvar_flatten47_reg_231_reg[3]/C
                               indvar_flatten_reg_254_reg[3]/R
                                                              6.551         
indvar_flatten47_reg_231_reg[3]/C
                               indvar_flatten_reg_254_reg[4]/R
                                                              6.551         
indvar_flatten47_reg_231_reg[3]/C
                               indvar_flatten_reg_254_reg[5]/R
                                                              6.551         
indvar_flatten47_reg_231_reg[3]/C
                               indvar_flatten_reg_254_reg[0]/CE
                                                              6.557         
indvar_flatten47_reg_231_reg[3]/C
                               indvar_flatten_reg_254_reg[1]/CE
                                                              6.557         
indvar_flatten47_reg_231_reg[3]/C
                               indvar_flatten_reg_254_reg[2]/CE
                                                              6.557         
is_padding_reg_965_reg[0]/C    sub_ln32_reg_1071_reg[2]/D     6.560         
indvar_flatten47_reg_231_reg[3]/C
                               add_ln22_3_reg_1021_reg[16]/CE 6.584         
indvar_flatten47_reg_231_reg[3]/C
                               add_ln22_3_reg_1021_reg[17]/CE 6.584         
ap_CS_fsm_reg[2]/C             select_ln19_14_reg_1043_reg[0]/R
                                                              6.589         
ap_CS_fsm_reg[2]/C             select_ln19_14_reg_1043_reg[1]/R
                                                              6.589         
ap_CS_fsm_reg[2]/C             select_ln19_14_reg_1043_reg[2]/R
                                                              6.589         
ap_CS_fsm_reg[2]/C             select_ln19_14_reg_1043_reg[3]/R
                                                              6.589         
icmp_ln19_reg_972_reg[0]/C     add_ln22_3_reg_1021_reg[3]/D   6.590         
indvar_flatten47_reg_231_reg[3]/C
                               add_ln22_3_reg_1021_reg[12]/CE 6.592         
indvar_flatten47_reg_231_reg[3]/C
                               add_ln22_3_reg_1021_reg[13]/CE 6.592         
indvar_flatten47_reg_231_reg[3]/C
                               add_ln22_3_reg_1021_reg[14]/CE 6.592         
indvar_flatten47_reg_231_reg[3]/C
                               add_ln22_3_reg_1021_reg[15]/CE 6.592         
indvar_flatten47_reg_231_reg[3]/C
                               indvar_flatten47_reg_231_reg[1]/CE
                                                              6.626         
indvar_flatten47_reg_231_reg[3]/C
                               indvar_flatten47_reg_231_reg[2]/CE
                                                              6.626         
indvar_flatten47_reg_231_reg[3]/C
                               indvar_flatten47_reg_231_reg[3]/CE
                                                              6.626         
indvar_flatten47_reg_231_reg[3]/C
                               indvar_flatten47_reg_231_reg[5]/CE
                                                              6.626         
indvar_flatten47_reg_231_reg[3]/C
                               add_ln20_reg_1010_reg[0]/CE    6.631         
indvar_flatten47_reg_231_reg[3]/C
                               add_ln20_reg_1010_reg[1]/CE    6.631         
indvar_flatten47_reg_231_reg[3]/C
                               icmp_ln20_reg_981_reg[0]/CE    6.631         
icmp_ln19_reg_972_reg[0]/C     add_ln22_3_reg_1021_reg[2]/D   6.635         
indvar_flatten47_reg_231_reg[3]/C
                               kk_reg_277_reg[2]/CE           6.639         
indvar_flatten47_reg_231_reg[3]/C
                               kk_reg_277_reg[3]/CE           6.639         
indvar_flatten47_reg_231_reg[3]/C
                               kk_reg_277_reg[4]/CE           6.639         
indvar_flatten47_reg_231_reg[3]/C
                               kk_reg_277_reg[5]/CE           6.639         
indvar_flatten47_reg_231_reg[3]/C
                               indvar_flatten47_reg_231_reg[0]/CE
                                                              6.657         
indvar_flatten47_reg_231_reg[3]/C
                               indvar_flatten47_reg_231_reg[4]/CE
                                                              6.657         
indvar_flatten47_reg_231_reg[3]/C
                               indvar_flatten47_reg_231_reg[6]/CE
                                                              6.657         
indvar_flatten47_reg_231_reg[3]/C
                               indvar_flatten_reg_254_reg[3]/CE
                                                              6.673         
indvar_flatten47_reg_231_reg[3]/C
                               indvar_flatten_reg_254_reg[4]/CE
                                                              6.673         
indvar_flatten47_reg_231_reg[3]/C
                               indvar_flatten_reg_254_reg[5]/CE
                                                              6.673         
indvar_flatten47_reg_231_reg[3]/C
                               add_ln22_3_reg_1021_reg[10]/CE 6.691         
indvar_flatten47_reg_231_reg[3]/C
                               add_ln22_3_reg_1021_reg[11]/CE 6.691         
indvar_flatten47_reg_231_reg[3]/C
                               add_ln22_3_reg_1021_reg[8]/CE  6.691         
indvar_flatten47_reg_231_reg[3]/C
                               add_ln22_3_reg_1021_reg[9]/CE  6.691         
indvar_flatten47_reg_231_reg[3]/C
                               add_ln22_3_reg_1021_reg[2]/CE  6.711         
indvar_flatten47_reg_231_reg[3]/C
                               add_ln22_3_reg_1021_reg[3]/CE  6.711         
ap_CS_fsm_reg[1]/C             p_cast_i_i_reg_927_reg[1]/CE   6.774         
ap_CS_fsm_reg[1]/C             p_cast_i_i_reg_927_reg[2]/CE   6.774         
ap_CS_fsm_reg[1]/C             p_cast_i_i_reg_927_reg[3]/CE   6.774         
ap_CS_fsm_reg[1]/C             p_cast_i_i_reg_927_reg[4]/CE   6.774         
indvar_flatten47_reg_231_reg[3]/C
                               add_ln22_3_reg_1021_reg[4]/CE  6.806         
indvar_flatten47_reg_231_reg[3]/C
                               add_ln22_3_reg_1021_reg[5]/CE  6.806         
indvar_flatten47_reg_231_reg[3]/C
                               add_ln22_3_reg_1021_reg[6]/CE  6.806         
indvar_flatten47_reg_231_reg[3]/C
                               add_ln22_3_reg_1021_reg[7]/CE  6.806         
indvar_flatten47_reg_231_reg[3]/C
                               add_ln19_reg_976_reg[0]/CE     6.849         



