Copyright 1986-2018 Xilinx, Inc. All Rights Reserved.
-----------------------------------------------------------------------------------------------------------------------------------------------------------------------------------------------------------
| Tool Version : Vivado v.2018.3 (lin64) Build 2405991 Thu Dec  6 23:36:41 MST 2018
| Date         : Tue Jan 11 21:52:09 2022
| Host         : koopa.ece.utexas.edu running 64-bit CentOS Linux release 7.9.2009 (Core)
| Command      : report_timing -sort_by group -max_paths 100 -path_type summary -file /misc/scratch/zwei1/reports_Jan12/raw_designs/opencores/arithmetic/pairing_submodules/f3m_add4/post_route_timing.rpt
| Design       : f3m_add4
| Device       : 7z020-clg484
| Speed File   : -3  PRODUCTION 1.11 2014-09-11
-----------------------------------------------------------------------------------------------------------------------------------------------------------------------------------------------------------

Timing Report

Startpoint                     Endpoint                       Slack(ns)     
----------------------------------------------------------------------------
a3[34]                         c[35]                          inf           
a2[43]                         c[43]                          inf           
a3[100]                        c[101]                         inf           
a3[152]                        c[153]                         inf           
a3[0]                          c[1]                           inf           
a3[22]                         c[23]                          inf           
a3[38]                         c[39]                          inf           
a3[48]                         c[49]                          inf           
a3[62]                         c[63]                          inf           
a3[66]                         c[67]                          inf           
a3[6]                          c[7]                           inf           
a3[34]                         c[34]                          inf           
a3[0]                          c[0]                           inf           
a3[100]                        c[100]                         inf           
a3[152]                        c[152]                         inf           
a3[22]                         c[22]                          inf           
a3[38]                         c[38]                          inf           
a3[48]                         c[48]                          inf           
a3[62]                         c[62]                          inf           
a3[66]                         c[66]                          inf           
a3[6]                          c[6]                           inf           
a2[70]                         c[71]                          inf           
a2[70]                         c[70]                          inf           
a2[107]                        c[107]                         inf           
a2[109]                        c[109]                         inf           
a2[111]                        c[111]                         inf           
a2[119]                        c[119]                         inf           
a2[129]                        c[129]                         inf           
a2[131]                        c[131]                         inf           
a2[143]                        c[143]                         inf           
a2[145]                        c[145]                         inf           
a2[171]                        c[171]                         inf           
a2[175]                        c[175]                         inf           
a2[181]                        c[181]                         inf           
a2[27]                         c[27]                          inf           
a2[31]                         c[31]                          inf           
a2[33]                         c[33]                          inf           
a2[41]                         c[41]                          inf           
a2[47]                         c[47]                          inf           
a2[57]                         c[57]                          inf           
a2[5]                          c[5]                           inf           
a2[61]                         c[61]                          inf           
a2[75]                         c[75]                          inf           
a2[79]                         c[79]                          inf           
a2[87]                         c[87]                          inf           
a2[89]                         c[89]                          inf           
a2[97]                         c[97]                          inf           
a2[99]                         c[99]                          inf           
a2[107]                        c[106]                         inf           
a2[109]                        c[108]                         inf           
a2[111]                        c[110]                         inf           
a2[119]                        c[118]                         inf           
a2[129]                        c[128]                         inf           
a2[131]                        c[130]                         inf           
a2[143]                        c[142]                         inf           
a2[145]                        c[144]                         inf           
a2[171]                        c[170]                         inf           
a2[175]                        c[174]                         inf           
a2[181]                        c[180]                         inf           
a2[27]                         c[26]                          inf           
a2[31]                         c[30]                          inf           
a2[33]                         c[32]                          inf           
a2[41]                         c[40]                          inf           
a2[47]                         c[46]                          inf           
a2[5]                          c[4]                           inf           
a2[57]                         c[56]                          inf           
a2[61]                         c[60]                          inf           
a2[75]                         c[74]                          inf           
a2[79]                         c[78]                          inf           
a2[87]                         c[86]                          inf           
a2[89]                         c[88]                          inf           
a2[97]                         c[96]                          inf           
a2[99]                         c[98]                          inf           
a2[43]                         c[42]                          inf           
a2[105]                        c[105]                         inf           
a2[113]                        c[113]                         inf           
a2[117]                        c[117]                         inf           
a2[11]                         c[11]                          inf           
a2[127]                        c[127]                         inf           
a2[133]                        c[133]                         inf           
a2[137]                        c[137]                         inf           
a2[139]                        c[139]                         inf           
a2[147]                        c[147]                         inf           
a2[151]                        c[151]                         inf           
a2[155]                        c[155]                         inf           
a2[161]                        c[161]                         inf           
a2[165]                        c[165]                         inf           
a2[169]                        c[169]                         inf           
a2[173]                        c[173]                         inf           
a2[177]                        c[177]                         inf           
a2[17]                         c[17]                          inf           
a2[183]                        c[183]                         inf           
a2[187]                        c[187]                         inf           
a2[191]                        c[191]                         inf           
a2[19]                         c[19]                          inf           
a2[21]                         c[21]                          inf           
a2[25]                         c[25]                          inf           
a2[29]                         c[29]                          inf           
a2[37]                         c[37]                          inf           
a2[3]                          c[3]                           inf           



