Copyright 1986-2018 Xilinx, Inc. All Rights Reserved.
--------------------------------------------------------------------------------------------------------------------------------------------------------------------------------------------------------------------------------------------
| Tool Version : Vivado v.2018.3 (lin64) Build 2405991 Thu Dec  6 23:36:41 MST 2018
| Date         : Wed Jan 12 00:03:14 2022
| Host         : koopa.ece.utexas.edu running 64-bit CentOS Linux release 7.9.2009 (Core)
| Command      : report_timing -sort_by group -max_paths 100 -path_type summary -file /misc/scratch/zwei1/reports_Jan12/raw_designs/vtr_designs/verilog/koios/clstm_like.large_submodules/stage2_Ct_buffer_18_3_16_64/post_route_timing.rpt
| Design       : stage2_Ct_buffer_18_3_16_64
| Device       : 7z020-clg484
| Speed File   : -3  PRODUCTION 1.11 2014-09-11
--------------------------------------------------------------------------------------------------------------------------------------------------------------------------------------------------------------------------------------------

Timing Report

Startpoint                     Endpoint                       Slack(ns)     
----------------------------------------------------------------------------
counter_63_1_inst_in/count_reg[1]/C
                               raddrs_2_reg[0]/R              5.915         
counter_63_1_inst_in/count_reg[1]/C
                               raddrs_2_reg[1]/R              5.915         
counter_63_1_inst_in/count_reg[1]/C
                               raddrs_2_reg[2]/R              6.011         
counter_63_1_inst_in/count_reg[5]/C
                               counter_63_1_inst_in/count_reg[0]/R
                                                              6.113         
counter_63_1_inst_in/count_reg[5]/C
                               counter_63_1_inst_in/count_reg[1]/R
                                                              6.113         
counter_63_1_inst_in/count_reg[5]/C
                               counter_63_1_inst_in/count_reg[2]/R
                                                              6.113         
counter_63_1_inst_in/count_reg[5]/C
                               counter_63_1_inst_in/count_reg[3]/R
                                                              6.113         
counter_63_1_inst_in/count_reg[5]/C
                               counter_63_1_inst_in/count_reg[4]/R
                                                              6.124         
counter_63_1_inst_in/count_reg[5]/C
                               counter_63_1_inst_in/count_reg[5]/R
                                                              6.124         
counter_63_1_inst_in/count_reg[5]/C
                               counter_63_1_inst_in/count_reg[6]/R
                                                              6.124         
counter_63_1_inst_in/count_reg[5]/C
                               counter_63_1_inst_in/count_reg[7]/R
                                                              6.124         
counter_63_1_inst_in/count_reg[5]/C
                               counter_63_1_inst_in/count_reg[10]/R
                                                              6.220         
counter_63_1_inst_in/count_reg[5]/C
                               counter_63_1_inst_in/count_reg[11]/R
                                                              6.220         
counter_63_1_inst_in/count_reg[5]/C
                               counter_63_1_inst_in/count_reg[8]/R
                                                              6.220         
counter_63_1_inst_in/count_reg[5]/C
                               counter_63_1_inst_in/count_reg[9]/R
                                                              6.220         
counter_63_1_inst_in/count_reg[5]/C
                               counter_63_1_inst_in/count_reg[12]/R
                                                              6.297         
counter_63_1_inst_in/count_reg[5]/C
                               counter_63_1_inst_in/count_reg[13]/R
                                                              6.297         
counter_63_1_inst_in/count_reg[5]/C
                               raddrs_1_reg[0]/R              6.299         
counter_63_1_inst_in/count_reg[5]/C
                               raddrs_1_reg[1]/R              6.299         
counter_63_1_inst_in/count_reg[5]/C
                               raddrs_1_reg[2]/R              6.299         
counter_63_1_inst_in/count_reg[1]/C
                               ram_288_0_64_inst_1/u_dual_port_ram/ram_reg_1/ADDRBWRADDR[7]
                                                              6.828         
counter_63_1_inst_in/count_reg[2]/C
                               ram_288_0_64_inst_1/u_dual_port_ram/ram_reg_1/ADDRBWRADDR[8]
                                                              6.912         
counter_63_1_inst_in/count_reg[0]/C
                               ram_288_0_64_inst_1/u_dual_port_ram/ram_reg_1/ADDRBWRADDR[6]
                                                              6.929         
counter_63_1_inst_in/count_reg[1]/C
                               ram_288_0_64_inst_0/u_dual_port_ram/ram_reg_3/ADDRBWRADDR[7]
                                                              7.093         
counter_63_1_inst_in/count_reg[1]/C
                               ram_288_0_64_inst_1/u_dual_port_ram/ram_reg_3/ADDRBWRADDR[7]
                                                              7.108         
counter_63_1_inst_in/count_reg[2]/C
                               ram_288_0_64_inst_1/u_dual_port_ram/ram_reg_3/ADDRBWRADDR[8]
                                                              7.192         
counter_63_1_inst_in/count_reg[2]/C
                               ram_288_0_64_inst_0/u_dual_port_ram/ram_reg_3/ADDRBWRADDR[8]
                                                              7.195         
counter_63_1_inst_in/count_reg[0]/C
                               ram_288_0_64_inst_1/u_dual_port_ram/ram_reg_3/ADDRBWRADDR[6]
                                                              7.209         
counter_63_1_inst_in/count_reg[1]/C
                               ram_288_0_64_inst_0/u_dual_port_ram/ram_reg_0/ADDRBWRADDR[7]
                                                              7.373         
counter_63_1_inst_in/count_reg[1]/C
                               ram_288_0_64_inst_1/u_dual_port_ram/ram_reg_2/ADDRBWRADDR[7]
                                                              7.388         
counter_63_1_inst_in/count_reg[0]/C
                               ram_288_0_64_inst_0/u_dual_port_ram/ram_reg_3/ADDRBWRADDR[6]
                                                              7.461         
counter_63_1_inst_in/count_reg[2]/C
                               ram_288_0_64_inst_1/u_dual_port_ram/ram_reg_2/ADDRBWRADDR[8]
                                                              7.472         
counter_63_1_inst_in/count_reg[2]/C
                               ram_288_0_64_inst_0/u_dual_port_ram/ram_reg_0/ADDRBWRADDR[8]
                                                              7.475         
counter_63_1_inst_in/count_reg[0]/C
                               ram_288_0_64_inst_1/u_dual_port_ram/ram_reg_2/ADDRBWRADDR[6]
                                                              7.489         
raddrs_0_reg[0]/C              ram_288_0_64_inst_0/u_dual_port_ram/ram_reg_0/ADDRARDADDR[6]
                                                              7.656         
counter_63_1_inst_in/count_reg[1]/C
                               ram_288_0_64_inst_1/u_dual_port_ram/ram_reg_0/ADDRBWRADDR[7]
                                                              7.668         
raddrs_0_reg[1]/C              ram_288_0_64_inst_0/u_dual_port_ram/ram_reg_3/ADDRARDADDR[7]
                                                              7.733         
raddrs_2_reg[0]/C              ram_288_0_64_inst_2/u_dual_port_ram/ram_reg_0/ADDRARDADDR[6]
                                                              7.734         
counter_63_1_inst_in/count_reg[0]/C
                               ram_288_0_64_inst_0/u_dual_port_ram/ram_reg_0/ADDRBWRADDR[6]
                                                              7.741         
raddrs_1_reg[0]/C              ram_288_0_64_inst_1/u_dual_port_ram/ram_reg_1/ADDRARDADDR[6]
                                                              7.749         
counter_63_1_inst_in/count_reg[2]/C
                               ram_288_0_64_inst_1/u_dual_port_ram/ram_reg_0/ADDRBWRADDR[8]
                                                              7.752         
counter_63_1_inst_in/count_reg[1]/C
                               raddrs_2_reg[2]/D              7.756         
counter_63_1_inst_in/count_reg[0]/C
                               ram_288_0_64_inst_1/u_dual_port_ram/ram_reg_0/ADDRBWRADDR[6]
                                                              7.769         
raddrs_0_reg[2]/C              ram_288_0_64_inst_0/u_dual_port_ram/ram_reg_0/ADDRARDADDR[8]
                                                              7.772         
raddrs_1_reg[1]/C              ram_288_0_64_inst_1/u_dual_port_ram/ram_reg_1/ADDRARDADDR[7]
                                                              7.836         
counter_63_1_inst_in/count_reg[7]/C
                               raddrs_0_reg[1]/D              7.843         
raddrs_1_reg[2]/C              ram_288_0_64_inst_1/u_dual_port_ram/ram_reg_1/ADDRARDADDR[8]
                                                              7.869         
raddrs_2_reg[1]/C              ram_288_0_64_inst_2/u_dual_port_ram/ram_reg_0/ADDRARDADDR[7]
                                                              7.902         
raddrs_0_reg[0]/C              ram_288_0_64_inst_0/u_dual_port_ram/ram_reg_3/ADDRARDADDR[6]
                                                              7.936         
counter_63_1_inst_in/count_reg[0]/C
                               ram_288_0_64_inst_2/u_dual_port_ram/ram_reg_0/ADDRBWRADDR[6]
                                                              7.942         
counter_63_1_inst_in/count_reg[1]/C
                               ram_288_0_64_inst_0/u_dual_port_ram/ram_reg_2/ADDRBWRADDR[7]
                                                              7.948         
raddrs_0_reg[1]/C              ram_288_0_64_inst_0/u_dual_port_ram/ram_reg_0/ADDRARDADDR[7]
                                                              8.013         
raddrs_2_reg[0]/C              ram_288_0_64_inst_2/u_dual_port_ram/ram_reg_2/ADDRARDADDR[6]
                                                              8.014         
raddrs_1_reg[0]/C              ram_288_0_64_inst_1/u_dual_port_ram/ram_reg_3/ADDRARDADDR[6]
                                                              8.029         
counter_63_1_inst_in/count_reg[2]/C
                               ram_288_0_64_inst_0/u_dual_port_ram/ram_reg_2/ADDRBWRADDR[8]
                                                              8.032         
counter_63_1_inst_in/count_reg[0]/C
                               ram_288_0_64_inst_0/u_dual_port_ram/ram_reg_2/ADDRBWRADDR[6]
                                                              8.049         
raddrs_0_reg[2]/C              ram_288_0_64_inst_0/u_dual_port_ram/ram_reg_3/ADDRARDADDR[8]
                                                              8.052         
raddrs_2_reg[2]/C              ram_288_0_64_inst_2/u_dual_port_ram/ram_reg_0/ADDRARDADDR[8]
                                                              8.090         
raddrs_1_reg[1]/C              ram_288_0_64_inst_1/u_dual_port_ram/ram_reg_3/ADDRARDADDR[7]
                                                              8.116         
counter_63_1_inst_in/count_reg[1]/C
                               ram_288_0_64_inst_2/u_dual_port_ram/ram_reg_0/ADDRBWRADDR[7]
                                                              8.141         
raddrs_1_reg[2]/C              ram_288_0_64_inst_1/u_dual_port_ram/ram_reg_3/ADDRARDADDR[8]
                                                              8.149         
raddrs_2_reg[1]/C              ram_288_0_64_inst_2/u_dual_port_ram/ram_reg_2/ADDRARDADDR[7]
                                                              8.182         
counter_63_1_inst_in/count_reg[0]/C
                               raddrs_1_reg[1]/D              8.201         
counter_63_1_inst_in/count_reg[0]/C
                               raddrs_1_reg[0]/D              8.213         
counter_63_1_inst_in/count_reg[0]/C
                               ram_288_0_64_inst_2/u_dual_port_ram/ram_reg_2/ADDRBWRADDR[6]
                                                              8.222         
raddrs_0_reg[0]/C              ram_288_0_64_inst_0/u_dual_port_ram/ram_reg_2/ADDRARDADDR[6]
                                                              8.223         
raddrs_2_reg[2]/C              ram_288_0_64_inst_2/u_dual_port_ram/ram_reg_1/ADDRARDADDR[8]
                                                              8.225         
counter_63_1_inst_in/count_reg[7]/C
                               raddrs_0_reg[0]/D              8.226         
counter_63_1_inst_in/count_reg[0]/C
                               raddrs_1_reg[2]/D              8.227         
counter_63_1_inst_in/count_reg[1]/C
                               ram_288_0_64_inst_0/u_dual_port_ram/ram_reg_1/ADDRBWRADDR[7]
                                                              8.228         
counter_63_1_inst_in/count_reg[1]/C
                               ram_288_0_64_inst_2/u_dual_port_ram/ram_reg_1/ADDRBWRADDR[7]
                                                              8.228         
counter_63_1_inst_in/count_reg[2]/C
                               ram_288_0_64_inst_2/u_dual_port_ram/ram_reg_0/ADDRBWRADDR[8]
                                                              8.234         
raddrs_2_reg[0]/C              ram_288_0_64_inst_2/u_dual_port_ram/ram_reg_1/ADDRARDADDR[6]
                                                              8.234         
counter_63_1_inst_in/count_reg[7]/C
                               raddrs_0_reg[2]/D              8.244         
raddrs_1_reg[0]/C              ram_288_0_64_inst_1/u_dual_port_ram/ram_reg_2/ADDRARDADDR[6]
                                                              8.309         
counter_63_1_inst_in/count_reg[2]/C
                               ram_288_0_64_inst_0/u_dual_port_ram/ram_reg_1/ADDRBWRADDR[8]
                                                              8.312         
counter_63_1_inst_in/count_reg[2]/C
                               ram_288_0_64_inst_2/u_dual_port_ram/ram_reg_1/ADDRBWRADDR[8]
                                                              8.312         
counter_63_1_inst_in/count_reg[0]/C
                               ram_288_0_64_inst_0/u_dual_port_ram/ram_reg_1/ADDRBWRADDR[6]
                                                              8.329         
counter_63_1_inst_in/count_reg[0]/C
                               ram_288_0_64_inst_2/u_dual_port_ram/ram_reg_1/ADDRBWRADDR[6]
                                                              8.329         
raddrs_0_reg[1]/C              ram_288_0_64_inst_0/u_dual_port_ram/ram_reg_2/ADDRARDADDR[7]
                                                              8.336         
raddrs_0_reg[2]/C              ram_288_0_64_inst_0/u_dual_port_ram/ram_reg_2/ADDRARDADDR[8]
                                                              8.343         
raddrs_2_reg[2]/C              ram_288_0_64_inst_2/u_dual_port_ram/ram_reg_2/ADDRARDADDR[8]
                                                              8.370         
counter_63_1_inst_in/count_reg[0]/C
                               counter_63_1_inst_in/count_reg[13]/D
                                                              8.376         
raddrs_2_reg[1]/C              ram_288_0_64_inst_2/u_dual_port_ram/ram_reg_1/ADDRARDADDR[7]
                                                              8.387         
raddrs_1_reg[1]/C              ram_288_0_64_inst_1/u_dual_port_ram/ram_reg_2/ADDRARDADDR[7]
                                                              8.396         
counter_63_1_inst_in/count_reg[1]/C
                               ram_288_0_64_inst_2/u_dual_port_ram/ram_reg_2/ADDRBWRADDR[7]
                                                              8.421         
raddrs_1_reg[2]/C              ram_288_0_64_inst_1/u_dual_port_ram/ram_reg_2/ADDRARDADDR[8]
                                                              8.429         
counter_63_1_inst_in/count_reg[0]/C
                               counter_63_1_inst_in/count_reg[12]/D
                                                              8.447         
counter_63_1_inst_in/count_reg[0]/C
                               counter_63_1_inst_in/count_reg[11]/D
                                                              8.461         
counter_63_1_inst_in/count_reg[0]/C
                               counter_63_1_inst_in/count_reg[9]/D
                                                              8.465         
raddrs_0_reg[0]/C              ram_288_0_64_inst_0/u_dual_port_ram/ram_reg_1/ADDRARDADDR[6]
                                                              8.503         
raddrs_2_reg[2]/C              ram_288_0_64_inst_2/u_dual_port_ram/ram_reg_3/ADDRARDADDR[8]
                                                              8.505         
counter_63_1_inst_in/count_reg[1]/C
                               ram_288_0_64_inst_2/u_dual_port_ram/ram_reg_3/ADDRBWRADDR[7]
                                                              8.508         
counter_63_1_inst_in/count_reg[2]/C
                               ram_288_0_64_inst_2/u_dual_port_ram/ram_reg_2/ADDRBWRADDR[8]
                                                              8.514         
counter_63_1_inst_in/count_reg[0]/C
                               counter_63_1_inst_in/count_reg[10]/D
                                                              8.514         
raddrs_2_reg[0]/C              ram_288_0_64_inst_2/u_dual_port_ram/ram_reg_3/ADDRARDADDR[6]
                                                              8.514         
counter_63_1_inst_in/count_reg[0]/C
                               counter_63_1_inst_in/count_reg[8]/D
                                                              8.536         
counter_63_1_inst_in/count_reg[0]/C
                               counter_63_1_inst_in/count_reg[7]/D
                                                              8.550         
counter_63_1_inst_in/count_reg[0]/C
                               counter_63_1_inst_in/count_reg[5]/D
                                                              8.554         
raddrs_1_reg[0]/C              ram_288_0_64_inst_1/u_dual_port_ram/ram_reg_0/ADDRARDADDR[6]
                                                              8.589         



