Copyright 1986-2018 Xilinx, Inc. All Rights Reserved.
-----------------------------------------------------------------------------------------------------------------------------------------------------------------------------------------------------------
| Tool Version : Vivado v.2018.3 (lin64) Build 2405991 Thu Dec  6 23:36:41 MST 2018
| Date         : Wed Jan 12 23:13:04 2022
| Host         : koopa.ece.utexas.edu running 64-bit CentOS Linux release 7.9.2009 (Core)
| Command      : report_timing_summary -file /misc/scratch/zwei1/reports_Jan12/raw_designs/vtr_designs/verilog/koios/clstm_like.large_submodules/stage2_Ct_buffer_18_3_16_64/post_synth_timing_summary.rpt
| Design       : stage2_Ct_buffer_18_3_16_64
| Device       : 7z020-clg484
| Speed File   : -3  PRODUCTION 1.11 2014-09-11
-----------------------------------------------------------------------------------------------------------------------------------------------------------------------------------------------------------

Timing Summary Report

------------------------------------------------------------------------------------------------
| Timer Settings
| --------------
------------------------------------------------------------------------------------------------

  Enable Multi Corner Analysis               :  Yes
  Enable Pessimism Removal                   :  Yes
  Pessimism Removal Resolution               :  Nearest Common Node
  Enable Input Delay Default Clock           :  No
  Enable Preset / Clear Arcs                 :  No
  Disable Flight Delays                      :  No
  Ignore I/O Paths                           :  No
  Timing Early Launch at Borrowing Latches   :  false

  Corner  Analyze    Analyze    
  Name    Max Paths  Min Paths  
  ------  ---------  ---------  
  Slow    Yes        Yes        
  Fast    Yes        Yes        



check_timing report

Table of Contents
-----------------
1. checking no_clock
2. checking constant_clock
3. checking pulse_width_clock
4. checking unconstrained_internal_endpoints
5. checking no_input_delay
6. checking no_output_delay
7. checking multiple_clock
8. checking generated_clocks
9. checking loops
10. checking partial_input_delay
11. checking partial_output_delay
12. checking latch_loops

1. checking no_clock
--------------------
 There are 0 register/latch pins with no clock.


2. checking constant_clock
--------------------------
 There are 0 register/latch pins with constant_clock.


3. checking pulse_width_clock
-----------------------------
 There are 0 register/latch pins which need pulse_width check


4. checking unconstrained_internal_endpoints
--------------------------------------------
 There are 0 pins that are not constrained for maximum delay.

 There are 0 pins that are not constrained for maximum delay due to constant clock.


5. checking no_input_delay
--------------------------
 There are 290 input ports with no input delay specified. (HIGH)

 There are 0 input ports with no input delay but user has a false path constraint.


6. checking no_output_delay
---------------------------
 There are 864 ports with no output delay specified. (HIGH)

 There are 0 ports with no output delay but user has a false path constraint

 There are 0 ports with no output delay but with a timing clock defined on it or propagating through it


7. checking multiple_clock
--------------------------
 There are 0 register/latch pins with multiple clocks.


8. checking generated_clocks
----------------------------
 There are 0 generated clocks that are not connected to a clock source.


9. checking loops
-----------------
 There are 0 combinational loops in the design.


10. checking partial_input_delay
--------------------------------
 There are 0 input ports with partial input delay specified.


11. checking partial_output_delay
---------------------------------
 There are 0 ports with partial output delay specified.


12. checking latch_loops
------------------------
 There are 0 combinational latch loops in the design through latch input



------------------------------------------------------------------------------------------------
| Design Timing Summary
| ---------------------
------------------------------------------------------------------------------------------------

    WNS(ns)      TNS(ns)  TNS Failing Endpoints  TNS Total Endpoints      WHS(ns)      THS(ns)  THS Failing Endpoints  THS Total Endpoints     WPWS(ns)     TPWS(ns)  TPWS Failing Endpoints  TPWS Total Endpoints  
    -------      -------  ---------------------  -------------------      -------      -------  ---------------------  -------------------     --------     --------  ----------------------  --------------------  
      5.567        0.000                      0                  115        0.277        0.000                      0                  115        4.500        0.000                       0                    47  


All user specified timing constraints are met.


------------------------------------------------------------------------------------------------
| Clock Summary
| -------------
------------------------------------------------------------------------------------------------

Clock  Waveform(ns)       Period(ns)      Frequency(MHz)
-----  ------------       ----------      --------------
clk    {0.000 5.000}      10.000          100.000         


------------------------------------------------------------------------------------------------
| Intra Clock Table
| -----------------
------------------------------------------------------------------------------------------------

Clock             WNS(ns)      TNS(ns)  TNS Failing Endpoints  TNS Total Endpoints      WHS(ns)      THS(ns)  THS Failing Endpoints  THS Total Endpoints     WPWS(ns)     TPWS(ns)  TPWS Failing Endpoints  TPWS Total Endpoints  
-----             -------      -------  ---------------------  -------------------      -------      -------  ---------------------  -------------------     --------     --------  ----------------------  --------------------  
clk                 5.567        0.000                      0                  115        0.277        0.000                      0                  115        4.500        0.000                       0                    47  


------------------------------------------------------------------------------------------------
| Inter Clock Table
| -----------------
------------------------------------------------------------------------------------------------

From Clock    To Clock          WNS(ns)      TNS(ns)  TNS Failing Endpoints  TNS Total Endpoints      WHS(ns)      THS(ns)  THS Failing Endpoints  THS Total Endpoints  
----------    --------          -------      -------  ---------------------  -------------------      -------      -------  ---------------------  -------------------  


------------------------------------------------------------------------------------------------
| Other Path Groups Table
| -----------------------
------------------------------------------------------------------------------------------------

Path Group    From Clock    To Clock          WNS(ns)      TNS(ns)  TNS Failing Endpoints  TNS Total Endpoints      WHS(ns)      THS(ns)  THS Failing Endpoints  THS Total Endpoints  
----------    ----------    --------          -------      -------  ---------------------  -------------------      -------      -------  ---------------------  -------------------  


------------------------------------------------------------------------------------------------
| Timing Details
| --------------
------------------------------------------------------------------------------------------------


---------------------------------------------------------------------------------------------------
From Clock:  clk
  To Clock:  clk

Setup :            0  Failing Endpoints,  Worst Slack        5.567ns,  Total Violation        0.000ns
Hold  :            0  Failing Endpoints,  Worst Slack        0.277ns,  Total Violation        0.000ns
PW    :            0  Failing Endpoints,  Worst Slack        4.500ns,  Total Violation        0.000ns
---------------------------------------------------------------------------------------------------


Max Delay Paths
--------------------------------------------------------------------------------------
Slack (MET) :             5.567ns  (required time - arrival time)
  Source:                 counter_63_1_inst_in/count_reg[2]/C
                            (rising edge-triggered cell FDRE clocked by clk  {rise@0.000ns fall@5.000ns period=10.000ns})
  Destination:            raddrs_2_reg[0]/R
                            (rising edge-triggered cell FDRE clocked by clk  {rise@0.000ns fall@5.000ns period=10.000ns})
  Path Group:             clk
  Path Type:              Setup (Max at Slow Process Corner)
  Requirement:            10.000ns  (clk rise@10.000ns - clk rise@0.000ns)
  Data Path Delay:        3.989ns  (logic 1.477ns (37.027%)  route 2.512ns (62.973%))
  Logic Levels:           5  (CARRY4=3 LUT4=1 LUT6=1)
  Clock Path Skew:        -0.035ns (DCD - SCD + CPR)
    Destination Clock Delay (DCD):    0.669ns = ( 10.669 - 10.000 ) 
    Source Clock Delay      (SCD):    0.704ns
    Clock Pessimism Removal (CPR):    0.000ns
  Clock Uncertainty:      0.035ns  ((TSJ^2 + TIJ^2)^1/2 + DJ) / 2 + PE
    Total System Jitter     (TSJ):    0.071ns
    Total Input Jitter      (TIJ):    0.000ns
    Discrete Jitter          (DJ):    0.000ns
    Phase Error              (PE):    0.000ns

    Location             Delay type                Incr(ns)  Path(ns)    Netlist Resource(s)
  -------------------------------------------------------------------    -------------------
                         (clock clk rise edge)        0.000     0.000 r  
                                                      0.000     0.000 r  clk (IN)
                         net (fo=46, unset)           0.704     0.704    counter_63_1_inst_in/clk
                         FDRE                                         r  counter_63_1_inst_in/count_reg[2]/C
  -------------------------------------------------------------------    -------------------
                         FDRE (Prop_fdre_C_Q)         0.393     1.097 r  counter_63_1_inst_in/count_reg[2]/Q
                         net (fo=18, unplaced)        0.773     1.870    counter_63_1_inst_in/out[2]
                         CARRY4 (Prop_carry4_S[2]_CO[3])
                                                      0.485     2.355 r  counter_63_1_inst_in/raddrs_2_reg[2]_i_7/CO[3]
                         net (fo=1, unplaced)         0.007     2.362    counter_63_1_inst_in/raddrs_2_reg[2]_i_7_n_0
                         CARRY4 (Prop_carry4_CI_CO[3])
                                                      0.092     2.454 r  counter_63_1_inst_in/raddrs_2_reg[2]_i_5/CO[3]
                         net (fo=1, unplaced)         0.000     2.454    counter_63_1_inst_in/raddrs_2_reg[2]_i_5_n_0
                         CARRY4 (Prop_carry4_CI_O[2])
                                                      0.193     2.647 r  counter_63_1_inst_in/raddrs_2_reg[2]_i_6/O[2]
                         net (fo=1, unplaced)         0.841     3.488    raddrs_22[10]
                         LUT6 (Prop_lut6_I1_O)        0.217     3.705 r  raddrs_2[2]_i_4/O
                         net (fo=1, unplaced)         0.301     4.006    raddrs_2[2]_i_4_n_0
                         LUT4 (Prop_lut4_I1_O)        0.097     4.103 r  raddrs_2[2]_i_1/O
                         net (fo=3, unplaced)         0.590     4.693    raddrs_2[2]_i_1_n_0
                         FDRE                                         r  raddrs_2_reg[0]/R
  -------------------------------------------------------------------    -------------------

                         (clock clk rise edge)       10.000    10.000 r  
                                                      0.000    10.000 r  clk (IN)
                         net (fo=46, unset)           0.669    10.669    clk
                         FDRE                                         r  raddrs_2_reg[0]/C
                         clock pessimism              0.000    10.669    
                         clock uncertainty           -0.035    10.633    
                         FDRE (Setup_fdre_C_R)       -0.373    10.260    raddrs_2_reg[0]
  -------------------------------------------------------------------
                         required time                         10.260    
                         arrival time                          -4.693    
  -------------------------------------------------------------------
                         slack                                  5.567    





Min Delay Paths
--------------------------------------------------------------------------------------
Slack (MET) :             0.277ns  (arrival time - required time)
  Source:                 counter_63_1_inst_in/count_reg[0]/C
                            (rising edge-triggered cell FDRE clocked by clk  {rise@0.000ns fall@5.000ns period=10.000ns})
  Destination:            raddrs_1_reg[0]/D
                            (rising edge-triggered cell FDRE clocked by clk  {rise@0.000ns fall@5.000ns period=10.000ns})
  Path Group:             clk
  Path Type:              Hold (Min at Fast Process Corner)
  Requirement:            0.000ns  (clk rise@0.000ns - clk rise@0.000ns)
  Data Path Delay:        0.418ns  (logic 0.262ns (62.626%)  route 0.156ns (37.374%))
  Logic Levels:           1  (LUT1=1)
  Clock Path Skew:        0.022ns (DCD - SCD - CPR)
    Destination Clock Delay (DCD):    0.432ns
    Source Clock Delay      (SCD):    0.411ns
    Clock Pessimism Removal (CPR):    -0.000ns

    Location             Delay type                Incr(ns)  Path(ns)    Netlist Resource(s)
  -------------------------------------------------------------------    -------------------
                         (clock clk rise edge)        0.000     0.000 r  
                                                      0.000     0.000 r  clk (IN)
                         net (fo=46, unset)           0.411     0.411    counter_63_1_inst_in/clk
                         FDRE                                         r  counter_63_1_inst_in/count_reg[0]/C
  -------------------------------------------------------------------    -------------------
                         FDRE (Prop_fdre_C_Q)         0.164     0.575 f  counter_63_1_inst_in/count_reg[0]/Q
                         net (fo=20, unplaced)        0.156     0.731    counter_63_1_inst_in/out[0]
                         LUT1 (Prop_lut1_I0_O)        0.098     0.829 r  counter_63_1_inst_in/raddrs_1[0]_i_1/O
                         net (fo=1, unplaced)         0.000     0.829    p_1_in[0]
                         FDRE                                         r  raddrs_1_reg[0]/D
  -------------------------------------------------------------------    -------------------

                         (clock clk rise edge)        0.000     0.000 r  
                                                      0.000     0.000 r  clk (IN)
                         net (fo=46, unset)           0.432     0.432    clk
                         FDRE                                         r  raddrs_1_reg[0]/C
                         clock pessimism              0.000     0.432    
                         FDRE (Hold_fdre_C_D)         0.120     0.552    raddrs_1_reg[0]
  -------------------------------------------------------------------
                         required time                         -0.552    
                         arrival time                           0.829    
  -------------------------------------------------------------------
                         slack                                  0.277    





Pulse Width Checks
--------------------------------------------------------------------------------------
Clock Name:         clk
Waveform(ns):       { 0.000 5.000 }
Period(ns):         10.000
Sources:            { clk }

Check Type        Corner  Lib Pin             Reference Pin  Required(ns)  Actual(ns)  Slack(ns)  Location  Pin
Min Period        n/a     RAMB36E1/CLKARDCLK  n/a            2.234         10.000      7.766                ram_288_0_64_inst_0/u_dual_port_ram/ram_reg_1/CLKARDCLK
Low Pulse Width   Slow    FDRE/C              n/a            0.500         5.000       4.500                counter_63_1_inst_in/count_reg[0]/C
High Pulse Width  Slow    FDRE/C              n/a            0.500         5.000       4.500                counter_63_1_inst_in/count_reg[0]/C



