Copyright 1986-2018 Xilinx, Inc. All Rights Reserved.
---------------------------------------------------------------------------------------------------------------------------------------------------------------------------------------------------------------------------------------------
| Tool Version : Vivado v.2018.3 (lin64) Build 2405991 Thu Dec  6 23:36:41 MST 2018
| Date         : Wed Jan 12 23:39:49 2022
| Host         : koopa.ece.utexas.edu running 64-bit CentOS Linux release 7.9.2009 (Core)
| Command      : report_timing -sort_by group -max_paths 100 -path_type summary -file /misc/scratch/zwei1/reports_Jan12/raw_designs/vtr_designs/verilog/koios/clstm_like.small_submodules/output_activation_18_10_16_1/post_route_timing.rpt
| Design       : output_activation_18_10_16_1
| Device       : 7z020-clg484
| Speed File   : -3  PRODUCTION 1.11 2014-09-11
---------------------------------------------------------------------------------------------------------------------------------------------------------------------------------------------------------------------------------------------

Timing Report

Startpoint                     Endpoint                       Slack(ns)     
----------------------------------------------------------------------------
sigmoid_core_18_18_10_32_1_inst_6/dsp_signed_mac_18_13_23_32_inst/reg_res_reg/CLK
                               sigmoid_core_18_18_10_32_1_inst_6/fp_rounding_unit_1_32_11_inst/ceil_reg[17]/D
                                                              5.711         
sigmoid_core_18_18_10_32_1_inst_6/dsp_signed_mac_18_13_23_32_inst/reg_res_reg/CLK
                               sigmoid_core_18_18_10_32_1_inst_6/fp_rounding_unit_1_32_11_inst/ceil_reg[16]/D
                                                              5.725         
sigmoid_core_18_18_10_32_1_inst_6/dsp_signed_mac_18_13_23_32_inst/reg_res_reg/CLK
                               sigmoid_core_18_18_10_32_1_inst_6/fp_rounding_unit_1_32_11_inst/ceil_reg[14]/D
                                                              5.729         
sigmoid_core_18_18_10_32_1_inst_6/dsp_signed_mac_18_13_23_32_inst/reg_res_reg/CLK
                               sigmoid_core_18_18_10_32_1_inst_6/fp_rounding_unit_1_32_11_inst/ceil_reg[15]/D
                                                              5.778         
sigmoid_core_18_18_10_32_1_inst_6/dsp_signed_mac_18_13_23_32_inst/reg_res_reg/CLK
                               sigmoid_core_18_18_10_32_1_inst_6/fp_rounding_unit_1_32_11_inst/ceil_reg[13]/D
                                                              5.800         
sigmoid_core_18_18_10_32_1_inst_6/dsp_signed_mac_18_13_23_32_inst/reg_res_reg/CLK
                               sigmoid_core_18_18_10_32_1_inst_6/fp_rounding_unit_1_32_11_inst/ceil_reg[12]/D
                                                              5.814         
sigmoid_core_18_18_10_32_1_inst_6/dsp_signed_mac_18_13_23_32_inst/reg_res_reg/CLK
                               sigmoid_core_18_18_10_32_1_inst_6/fp_rounding_unit_1_32_11_inst/ceil_reg[10]/D
                                                              5.818         
sigmoid_core_18_18_10_32_1_inst_15/dsp_signed_mac_18_13_23_32_inst/reg_res_reg/CLK
                               sigmoid_core_18_18_10_32_1_inst_15/fp_rounding_unit_1_32_11_inst/ceil_reg[17]/D
                                                              5.834         
sigmoid_core_18_18_10_32_1_inst_2/dsp_signed_mac_18_13_23_32_inst/reg_res_reg/CLK
                               sigmoid_core_18_18_10_32_1_inst_2/fp_rounding_unit_1_32_11_inst/ceil_reg[17]/D
                                                              5.846         
sigmoid_core_18_18_10_32_1_inst_15/dsp_signed_mac_18_13_23_32_inst/reg_res_reg/CLK
                               sigmoid_core_18_18_10_32_1_inst_15/fp_rounding_unit_1_32_11_inst/ceil_reg[16]/D
                                                              5.848         
sigmoid_core_18_18_10_32_1_inst_15/dsp_signed_mac_18_13_23_32_inst/reg_res_reg/CLK
                               sigmoid_core_18_18_10_32_1_inst_15/fp_rounding_unit_1_32_11_inst/ceil_reg[14]/D
                                                              5.852         
sigmoid_core_18_18_10_32_1_inst_1/dsp_signed_mac_18_13_23_32_inst/reg_res_reg/CLK
                               sigmoid_core_18_18_10_32_1_inst_1/fp_rounding_unit_1_32_11_inst/ceil_reg[17]/D
                                                              5.852         
sigmoid_core_18_18_10_32_1_inst_2/dsp_signed_mac_18_13_23_32_inst/reg_res_reg/CLK
                               sigmoid_core_18_18_10_32_1_inst_2/fp_rounding_unit_1_32_11_inst/ceil_reg[16]/D
                                                              5.860         
sigmoid_core_18_18_10_32_1_inst_2/dsp_signed_mac_18_13_23_32_inst/reg_res_reg/CLK
                               sigmoid_core_18_18_10_32_1_inst_2/fp_rounding_unit_1_32_11_inst/ceil_reg[14]/D
                                                              5.864         
sigmoid_core_18_18_10_32_1_inst_1/dsp_signed_mac_18_13_23_32_inst/reg_res_reg/CLK
                               sigmoid_core_18_18_10_32_1_inst_1/fp_rounding_unit_1_32_11_inst/ceil_reg[16]/D
                                                              5.866         
sigmoid_core_18_18_10_32_1_inst_6/dsp_signed_mac_18_13_23_32_inst/reg_res_reg/CLK
                               sigmoid_core_18_18_10_32_1_inst_6/fp_rounding_unit_1_32_11_inst/ceil_reg[11]/D
                                                              5.867         
sigmoid_core_18_18_10_32_1_inst_1/dsp_signed_mac_18_13_23_32_inst/reg_res_reg/CLK
                               sigmoid_core_18_18_10_32_1_inst_1/fp_rounding_unit_1_32_11_inst/ceil_reg[14]/D
                                                              5.870         
sigmoid_core_18_18_10_32_1_inst_6/dsp_signed_mac_18_13_23_32_inst/reg_res_reg/CLK
                               sigmoid_core_18_18_10_32_1_inst_6/fp_rounding_unit_1_32_11_inst/ceil_reg[9]/D
                                                              5.889         
sigmoid_core_18_18_10_32_1_inst_7/dsp_signed_mac_18_13_23_32_inst/reg_res_reg/CLK
                               sigmoid_core_18_18_10_32_1_inst_7/fp_rounding_unit_1_32_11_inst/ceil_reg[17]/D
                                                              5.900         
sigmoid_core_18_18_10_32_1_inst_15/dsp_signed_mac_18_13_23_32_inst/reg_res_reg/CLK
                               sigmoid_core_18_18_10_32_1_inst_15/fp_rounding_unit_1_32_11_inst/ceil_reg[15]/D
                                                              5.901         
sigmoid_core_18_18_10_32_1_inst_6/dsp_signed_mac_18_13_23_32_inst/reg_res_reg/CLK
                               sigmoid_core_18_18_10_32_1_inst_6/fp_rounding_unit_1_32_11_inst/ceil_reg[8]/D
                                                              5.903         
sigmoid_core_18_18_10_32_1_inst_6/dsp_signed_mac_18_13_23_32_inst/reg_res_reg/CLK
                               sigmoid_core_18_18_10_32_1_inst_6/fp_rounding_unit_1_32_11_inst/ceil_reg[6]/D
                                                              5.907         
sigmoid_core_18_18_10_32_1_inst_2/dsp_signed_mac_18_13_23_32_inst/reg_res_reg/CLK
                               sigmoid_core_18_18_10_32_1_inst_2/fp_rounding_unit_1_32_11_inst/ceil_reg[15]/D
                                                              5.913         
sigmoid_core_18_18_10_32_1_inst_7/dsp_signed_mac_18_13_23_32_inst/reg_res_reg/CLK
                               sigmoid_core_18_18_10_32_1_inst_7/fp_rounding_unit_1_32_11_inst/ceil_reg[16]/D
                                                              5.914         
sigmoid_core_18_18_10_32_1_inst_11/dsp_signed_mac_18_13_23_32_inst/reg_res_reg/CLK
                               sigmoid_core_18_18_10_32_1_inst_11/fp_rounding_unit_1_32_11_inst/ceil_reg[17]/D
                                                              5.917         
sigmoid_core_18_18_10_32_1_inst_7/dsp_signed_mac_18_13_23_32_inst/reg_res_reg/CLK
                               sigmoid_core_18_18_10_32_1_inst_7/fp_rounding_unit_1_32_11_inst/ceil_reg[14]/D
                                                              5.918         
sigmoid_core_18_18_10_32_1_inst_1/dsp_signed_mac_18_13_23_32_inst/reg_res_reg/CLK
                               sigmoid_core_18_18_10_32_1_inst_1/fp_rounding_unit_1_32_11_inst/ceil_reg[15]/D
                                                              5.919         
sigmoid_core_18_18_10_32_1_inst_15/dsp_signed_mac_18_13_23_32_inst/reg_res_reg/CLK
                               sigmoid_core_18_18_10_32_1_inst_15/fp_rounding_unit_1_32_11_inst/ceil_reg[13]/D
                                                              5.923         
sigmoid_core_18_18_10_32_1_inst_11/dsp_signed_mac_18_13_23_32_inst/reg_res_reg/CLK
                               sigmoid_core_18_18_10_32_1_inst_11/fp_rounding_unit_1_32_11_inst/ceil_reg[16]/D
                                                              5.931         
sigmoid_core_18_18_10_32_1_inst_2/dsp_signed_mac_18_13_23_32_inst/reg_res_reg/CLK
                               sigmoid_core_18_18_10_32_1_inst_2/fp_rounding_unit_1_32_11_inst/ceil_reg[13]/D
                                                              5.935         
sigmoid_core_18_18_10_32_1_inst_11/dsp_signed_mac_18_13_23_32_inst/reg_res_reg/CLK
                               sigmoid_core_18_18_10_32_1_inst_11/fp_rounding_unit_1_32_11_inst/ceil_reg[14]/D
                                                              5.935         
sigmoid_core_18_18_10_32_1_inst_15/dsp_signed_mac_18_13_23_32_inst/reg_res_reg/CLK
                               sigmoid_core_18_18_10_32_1_inst_15/fp_rounding_unit_1_32_11_inst/ceil_reg[12]/D
                                                              5.937         
sigmoid_core_18_18_10_32_1_inst_15/dsp_signed_mac_18_13_23_32_inst/reg_res_reg/CLK
                               sigmoid_core_18_18_10_32_1_inst_15/fp_rounding_unit_1_32_11_inst/ceil_reg[10]/D
                                                              5.941         
sigmoid_core_18_18_10_32_1_inst_1/dsp_signed_mac_18_13_23_32_inst/reg_res_reg/CLK
                               sigmoid_core_18_18_10_32_1_inst_1/fp_rounding_unit_1_32_11_inst/ceil_reg[13]/D
                                                              5.941         
sigmoid_core_18_18_10_32_1_inst_2/dsp_signed_mac_18_13_23_32_inst/reg_res_reg/CLK
                               sigmoid_core_18_18_10_32_1_inst_2/fp_rounding_unit_1_32_11_inst/ceil_reg[12]/D
                                                              5.949         
sigmoid_core_18_18_10_32_1_inst_2/dsp_signed_mac_18_13_23_32_inst/reg_res_reg/CLK
                               sigmoid_core_18_18_10_32_1_inst_2/fp_rounding_unit_1_32_11_inst/ceil_reg[10]/D
                                                              5.953         
sigmoid_core_18_18_10_32_1_inst_6/dsp_signed_mac_18_13_23_32_inst/reg_res_reg/CLK
                               sigmoid_core_18_18_10_32_1_inst_6/fp_rounding_unit_1_32_11_inst/ceil_reg[7]/D
                                                              5.956         
sigmoid_core_18_18_10_32_1_inst_1/dsp_signed_mac_18_13_23_32_inst/reg_res_reg/CLK
                               sigmoid_core_18_18_10_32_1_inst_1/fp_rounding_unit_1_32_11_inst/ceil_reg[12]/D
                                                              5.962         
sigmoid_core_18_18_10_32_1_inst_1/dsp_signed_mac_18_13_23_32_inst/reg_res_reg/CLK
                               sigmoid_core_18_18_10_32_1_inst_1/fp_rounding_unit_1_32_11_inst/ceil_reg[10]/D
                                                              5.966         
sigmoid_core_18_18_10_32_1_inst_7/dsp_signed_mac_18_13_23_32_inst/reg_res_reg/CLK
                               sigmoid_core_18_18_10_32_1_inst_7/fp_rounding_unit_1_32_11_inst/ceil_reg[15]/D
                                                              5.967         
sigmoid_core_18_18_10_32_1_inst_6/dsp_signed_mac_18_13_23_32_inst/reg_res_reg/CLK
                               sigmoid_core_18_18_10_32_1_inst_6/fp_rounding_unit_1_32_11_inst/ceil_reg[5]/D
                                                              5.978         
sigmoid_core_18_18_10_32_1_inst_11/dsp_signed_mac_18_13_23_32_inst/reg_res_reg/CLK
                               sigmoid_core_18_18_10_32_1_inst_11/fp_rounding_unit_1_32_11_inst/ceil_reg[15]/D
                                                              5.984         
sigmoid_core_18_18_10_32_1_inst_7/dsp_signed_mac_18_13_23_32_inst/reg_res_reg/CLK
                               sigmoid_core_18_18_10_32_1_inst_7/fp_rounding_unit_1_32_11_inst/ceil_reg[13]/D
                                                              5.989         
sigmoid_core_18_18_10_32_1_inst_15/dsp_signed_mac_18_13_23_32_inst/reg_res_reg/CLK
                               sigmoid_core_18_18_10_32_1_inst_15/fp_rounding_unit_1_32_11_inst/ceil_reg[11]/D
                                                              5.990         
sigmoid_core_18_18_10_32_1_inst_2/dsp_signed_mac_18_13_23_32_inst/reg_res_reg/CLK
                               sigmoid_core_18_18_10_32_1_inst_2/fp_rounding_unit_1_32_11_inst/ceil_reg[11]/D
                                                              6.002         
sigmoid_core_18_18_10_32_1_inst_3/dsp_signed_mac_18_13_23_32_inst/reg_res_reg/CLK
                               sigmoid_core_18_18_10_32_1_inst_3/fp_rounding_unit_1_32_11_inst/ceil_reg[17]/D
                                                              6.003         
sigmoid_core_18_18_10_32_1_inst_7/dsp_signed_mac_18_13_23_32_inst/reg_res_reg/CLK
                               sigmoid_core_18_18_10_32_1_inst_7/fp_rounding_unit_1_32_11_inst/ceil_reg[12]/D
                                                              6.003         
sigmoid_core_18_18_10_32_1_inst_11/dsp_signed_mac_18_13_23_32_inst/reg_res_reg/CLK
                               sigmoid_core_18_18_10_32_1_inst_11/fp_rounding_unit_1_32_11_inst/ceil_reg[13]/D
                                                              6.006         
sigmoid_core_18_18_10_32_1_inst_7/dsp_signed_mac_18_13_23_32_inst/reg_res_reg/CLK
                               sigmoid_core_18_18_10_32_1_inst_7/fp_rounding_unit_1_32_11_inst/ceil_reg[10]/D
                                                              6.007         
sigmoid_core_18_18_10_32_1_inst_15/dsp_signed_mac_18_13_23_32_inst/reg_res_reg/CLK
                               sigmoid_core_18_18_10_32_1_inst_15/fp_rounding_unit_1_32_11_inst/ceil_reg[9]/D
                                                              6.012         
sigmoid_core_18_18_10_32_1_inst_1/dsp_signed_mac_18_13_23_32_inst/reg_res_reg/CLK
                               sigmoid_core_18_18_10_32_1_inst_1/fp_rounding_unit_1_32_11_inst/ceil_reg[11]/D
                                                              6.015         
sigmoid_core_18_18_10_32_1_inst_3/dsp_signed_mac_18_13_23_32_inst/reg_res_reg/CLK
                               sigmoid_core_18_18_10_32_1_inst_3/fp_rounding_unit_1_32_11_inst/ceil_reg[16]/D
                                                              6.017         
sigmoid_core_18_18_10_32_1_inst_11/dsp_signed_mac_18_13_23_32_inst/reg_res_reg/CLK
                               sigmoid_core_18_18_10_32_1_inst_11/fp_rounding_unit_1_32_11_inst/ceil_reg[12]/D
                                                              6.020         
sigmoid_core_18_18_10_32_1_inst_3/dsp_signed_mac_18_13_23_32_inst/reg_res_reg/CLK
                               sigmoid_core_18_18_10_32_1_inst_3/fp_rounding_unit_1_32_11_inst/ceil_reg[14]/D
                                                              6.021         
sigmoid_core_18_18_10_32_1_inst_2/dsp_signed_mac_18_13_23_32_inst/reg_res_reg/CLK
                               sigmoid_core_18_18_10_32_1_inst_2/fp_rounding_unit_1_32_11_inst/ceil_reg[9]/D
                                                              6.024         
sigmoid_core_18_18_10_32_1_inst_11/dsp_signed_mac_18_13_23_32_inst/reg_res_reg/CLK
                               sigmoid_core_18_18_10_32_1_inst_11/fp_rounding_unit_1_32_11_inst/ceil_reg[10]/D
                                                              6.024         
sigmoid_core_18_18_10_32_1_inst_15/dsp_signed_mac_18_13_23_32_inst/reg_res_reg/CLK
                               sigmoid_core_18_18_10_32_1_inst_15/fp_rounding_unit_1_32_11_inst/ceil_reg[8]/D
                                                              6.026         
sigmoid_core_18_18_10_32_1_inst_15/dsp_signed_mac_18_13_23_32_inst/reg_res_reg/CLK
                               sigmoid_core_18_18_10_32_1_inst_15/fp_rounding_unit_1_32_11_inst/ceil_reg[6]/D
                                                              6.030         
sigmoid_core_18_18_10_32_1_inst_1/dsp_signed_mac_18_13_23_32_inst/reg_res_reg/CLK
                               sigmoid_core_18_18_10_32_1_inst_1/fp_rounding_unit_1_32_11_inst/ceil_reg[9]/D
                                                              6.037         
sigmoid_core_18_18_10_32_1_inst_2/dsp_signed_mac_18_13_23_32_inst/reg_res_reg/CLK
                               sigmoid_core_18_18_10_32_1_inst_2/fp_rounding_unit_1_32_11_inst/ceil_reg[8]/D
                                                              6.038         
sigmoid_core_18_18_10_32_1_inst_2/dsp_signed_mac_18_13_23_32_inst/reg_res_reg/CLK
                               sigmoid_core_18_18_10_32_1_inst_2/fp_rounding_unit_1_32_11_inst/ceil_reg[6]/D
                                                              6.042         
sigmoid_core_18_18_10_32_1_inst_4/dsp_signed_mac_18_13_23_32_inst/reg_res_reg/CLK
                               sigmoid_core_18_18_10_32_1_inst_4/fp_rounding_unit_1_32_11_inst/ceil_reg[17]/D
                                                              6.044         
sigmoid_core_18_18_10_32_1_inst_1/dsp_signed_mac_18_13_23_32_inst/reg_res_reg/CLK
                               sigmoid_core_18_18_10_32_1_inst_1/fp_rounding_unit_1_32_11_inst/ceil_reg[8]/D
                                                              6.051         
sigmoid_core_18_18_10_32_1_inst_1/dsp_signed_mac_18_13_23_32_inst/reg_res_reg/CLK
                               sigmoid_core_18_18_10_32_1_inst_1/fp_rounding_unit_1_32_11_inst/ceil_reg[6]/D
                                                              6.055         
sigmoid_core_18_18_10_32_1_inst_7/dsp_signed_mac_18_13_23_32_inst/reg_res_reg/CLK
                               sigmoid_core_18_18_10_32_1_inst_7/fp_rounding_unit_1_32_11_inst/ceil_reg[11]/D
                                                              6.056         
sigmoid_core_18_18_10_32_1_inst_4/dsp_signed_mac_18_13_23_32_inst/reg_res_reg/CLK
                               sigmoid_core_18_18_10_32_1_inst_4/fp_rounding_unit_1_32_11_inst/ceil_reg[16]/D
                                                              6.058         
sigmoid_core_18_18_10_32_1_inst_4/dsp_signed_mac_18_13_23_32_inst/reg_res_reg/CLK
                               sigmoid_core_18_18_10_32_1_inst_4/fp_rounding_unit_1_32_11_inst/ceil_reg[14]/D
                                                              6.062         
sigmoid_core_18_18_10_32_1_inst_3/dsp_signed_mac_18_13_23_32_inst/reg_res_reg/CLK
                               sigmoid_core_18_18_10_32_1_inst_3/fp_rounding_unit_1_32_11_inst/ceil_reg[15]/D
                                                              6.070         
sigmoid_core_18_18_10_32_1_inst_11/dsp_signed_mac_18_13_23_32_inst/reg_res_reg/CLK
                               sigmoid_core_18_18_10_32_1_inst_11/fp_rounding_unit_1_32_11_inst/ceil_reg[11]/D
                                                              6.073         
sigmoid_core_18_18_10_32_1_inst_7/dsp_signed_mac_18_13_23_32_inst/reg_res_reg/CLK
                               sigmoid_core_18_18_10_32_1_inst_7/fp_rounding_unit_1_32_11_inst/ceil_reg[9]/D
                                                              6.078         
sigmoid_core_18_18_10_32_1_inst_15/dsp_signed_mac_18_13_23_32_inst/reg_res_reg/CLK
                               sigmoid_core_18_18_10_32_1_inst_15/fp_rounding_unit_1_32_11_inst/ceil_reg[7]/D
                                                              6.079         
sigmoid_core_18_18_10_32_1_inst_0/dsp_signed_mac_18_13_23_32_inst/reg_res_reg/CLK
                               sigmoid_core_18_18_10_32_1_inst_0/fp_rounding_unit_1_32_11_inst/ceil_reg[17]/D
                                                              6.080         
sigmoid_core_18_18_10_32_1_inst_6/dsp_signed_mac_18_13_23_32_inst/reg_res_reg/CLK
                               sigmoid_core_18_18_10_32_1_inst_6/fp_rounding_unit_1_32_11_inst/ceil_reg[4]/D
                                                              6.091         
sigmoid_core_18_18_10_32_1_inst_2/dsp_signed_mac_18_13_23_32_inst/reg_res_reg/CLK
                               sigmoid_core_18_18_10_32_1_inst_2/fp_rounding_unit_1_32_11_inst/ceil_reg[7]/D
                                                              6.091         
sigmoid_core_18_18_10_32_1_inst_3/dsp_signed_mac_18_13_23_32_inst/reg_res_reg/CLK
                               sigmoid_core_18_18_10_32_1_inst_3/fp_rounding_unit_1_32_11_inst/ceil_reg[13]/D
                                                              6.092         
sigmoid_core_18_18_10_32_1_inst_7/dsp_signed_mac_18_13_23_32_inst/reg_res_reg/CLK
                               sigmoid_core_18_18_10_32_1_inst_7/fp_rounding_unit_1_32_11_inst/ceil_reg[8]/D
                                                              6.092         
sigmoid_core_18_18_10_32_1_inst_0/dsp_signed_mac_18_13_23_32_inst/reg_res_reg/CLK
                               sigmoid_core_18_18_10_32_1_inst_0/fp_rounding_unit_1_32_11_inst/ceil_reg[16]/D
                                                              6.092         
sigmoid_core_18_18_10_32_1_inst_11/dsp_signed_mac_18_13_23_32_inst/reg_res_reg/CLK
                               sigmoid_core_18_18_10_32_1_inst_11/fp_rounding_unit_1_32_11_inst/ceil_reg[9]/D
                                                              6.095         
sigmoid_core_18_18_10_32_1_inst_7/dsp_signed_mac_18_13_23_32_inst/reg_res_reg/CLK
                               sigmoid_core_18_18_10_32_1_inst_7/fp_rounding_unit_1_32_11_inst/ceil_reg[6]/D
                                                              6.096         
sigmoid_core_18_18_10_32_1_inst_15/dsp_signed_mac_18_13_23_32_inst/reg_res_reg/CLK
                               sigmoid_core_18_18_10_32_1_inst_15/fp_rounding_unit_1_32_11_inst/ceil_reg[5]/D
                                                              6.101         
sigmoid_core_18_18_10_32_1_inst_1/dsp_signed_mac_18_13_23_32_inst/reg_res_reg/CLK
                               sigmoid_core_18_18_10_32_1_inst_1/fp_rounding_unit_1_32_11_inst/ceil_reg[7]/D
                                                              6.104         
sigmoid_core_18_18_10_32_1_inst_3/dsp_signed_mac_18_13_23_32_inst/reg_res_reg/CLK
                               sigmoid_core_18_18_10_32_1_inst_3/fp_rounding_unit_1_32_11_inst/ceil_reg[12]/D
                                                              6.106         
sigmoid_core_18_18_10_32_1_inst_0/dsp_signed_mac_18_13_23_32_inst/reg_res_reg/CLK
                               sigmoid_core_18_18_10_32_1_inst_0/fp_rounding_unit_1_32_11_inst/ceil_reg[14]/D
                                                              6.106         
sigmoid_core_18_18_10_32_1_inst_11/dsp_signed_mac_18_13_23_32_inst/reg_res_reg/CLK
                               sigmoid_core_18_18_10_32_1_inst_11/fp_rounding_unit_1_32_11_inst/ceil_reg[8]/D
                                                              6.109         
sigmoid_core_18_18_10_32_1_inst_3/dsp_signed_mac_18_13_23_32_inst/reg_res_reg/CLK
                               sigmoid_core_18_18_10_32_1_inst_3/fp_rounding_unit_1_32_11_inst/ceil_reg[10]/D
                                                              6.110         
sigmoid_core_18_18_10_32_1_inst_4/dsp_signed_mac_18_13_23_32_inst/reg_res_reg/CLK
                               sigmoid_core_18_18_10_32_1_inst_4/fp_rounding_unit_1_32_11_inst/ceil_reg[15]/D
                                                              6.111         
sigmoid_core_18_18_10_32_1_inst_11/dsp_signed_mac_18_13_23_32_inst/reg_res_reg/CLK
                               sigmoid_core_18_18_10_32_1_inst_11/fp_rounding_unit_1_32_11_inst/ceil_reg[6]/D
                                                              6.113         
sigmoid_core_18_18_10_32_1_inst_2/dsp_signed_mac_18_13_23_32_inst/reg_res_reg/CLK
                               sigmoid_core_18_18_10_32_1_inst_2/fp_rounding_unit_1_32_11_inst/ceil_reg[5]/D
                                                              6.113         
sigmoid_core_18_18_10_32_1_inst_1/dsp_signed_mac_18_13_23_32_inst/reg_res_reg/CLK
                               sigmoid_core_18_18_10_32_1_inst_1/fp_rounding_unit_1_32_11_inst/ceil_reg[5]/D
                                                              6.126         
sigmoid_core_18_18_10_32_1_inst_4/dsp_signed_mac_18_13_23_32_inst/reg_res_reg/CLK
                               sigmoid_core_18_18_10_32_1_inst_4/fp_rounding_unit_1_32_11_inst/ceil_reg[13]/D
                                                              6.133         
sigmoid_core_18_18_10_32_1_inst_6/dsp_signed_mac_18_13_23_32_inst/reg_res_reg/CLK
                               sigmoid_core_18_18_10_32_1_inst_6/fp_rounding_unit_1_32_11_inst/ceil_reg[3]/D
                                                              6.139         
sigmoid_core_18_18_10_32_1_inst_7/dsp_signed_mac_18_13_23_32_inst/reg_res_reg/CLK
                               sigmoid_core_18_18_10_32_1_inst_7/fp_rounding_unit_1_32_11_inst/ceil_reg[7]/D
                                                              6.145         
sigmoid_core_18_18_10_32_1_inst_4/dsp_signed_mac_18_13_23_32_inst/reg_res_reg/CLK
                               sigmoid_core_18_18_10_32_1_inst_4/fp_rounding_unit_1_32_11_inst/ceil_reg[12]/D
                                                              6.147         
sigmoid_core_18_18_10_32_1_inst_6/dsp_signed_mac_18_13_23_32_inst/reg_res_reg/CLK
                               sigmoid_core_18_18_10_32_1_inst_6/fp_rounding_unit_1_32_11_inst/ceil_reg[2]/D
                                                              6.148         
sigmoid_core_18_18_10_32_1_inst_0/dsp_signed_mac_18_13_23_32_inst/reg_res_reg/CLK
                               sigmoid_core_18_18_10_32_1_inst_0/fp_rounding_unit_1_32_11_inst/ceil_reg[15]/D
                                                              6.149         
sigmoid_core_18_18_10_32_1_inst_4/dsp_signed_mac_18_13_23_32_inst/reg_res_reg/CLK
                               sigmoid_core_18_18_10_32_1_inst_4/fp_rounding_unit_1_32_11_inst/ceil_reg[10]/D
                                                              6.151         
sigmoid_core_18_18_10_32_1_inst_12/dsp_signed_mac_18_13_23_32_inst/reg_res_reg/CLK
                               sigmoid_core_18_18_10_32_1_inst_12/fp_rounding_unit_1_32_11_inst/ceil_reg[17]/D
                                                              6.155         
sigmoid_core_18_18_10_32_1_inst_3/dsp_signed_mac_18_13_23_32_inst/reg_res_reg/CLK
                               sigmoid_core_18_18_10_32_1_inst_3/fp_rounding_unit_1_32_11_inst/ceil_reg[11]/D
                                                              6.159         
sigmoid_core_18_18_10_32_1_inst_11/dsp_signed_mac_18_13_23_32_inst/reg_res_reg/CLK
                               sigmoid_core_18_18_10_32_1_inst_11/fp_rounding_unit_1_32_11_inst/ceil_reg[7]/D
                                                              6.162         
sigmoid_core_18_18_10_32_1_inst_12/dsp_signed_mac_18_13_23_32_inst/reg_res_reg/CLK
                               sigmoid_core_18_18_10_32_1_inst_12/fp_rounding_unit_1_32_11_inst/ceil_reg[16]/D
                                                              6.167         



