Copyright 1986-2018 Xilinx, Inc. All Rights Reserved.
------------------------------------------------------------------------------------------------------------------------------------------------------------------------------------------------------------
| Tool Version : Vivado v.2018.3 (lin64) Build 2405991 Thu Dec  6 23:36:41 MST 2018
| Date         : Wed Jan 12 00:39:21 2022
| Host         : koopa.ece.utexas.edu running 64-bit CentOS Linux release 7.9.2009 (Core)
| Command      : report_timing_summary -file /misc/scratch/zwei1/reports_Jan12/raw_designs/vtr_designs/verilog/koios/clstm_like.small_submodules/output_activation_18_10_16_1/post_route_timing_summary.rpt
| Design       : output_activation_18_10_16_1
| Device       : 7z020-clg484
| Speed File   : -3  PRODUCTION 1.11 2014-09-11
------------------------------------------------------------------------------------------------------------------------------------------------------------------------------------------------------------

Timing Summary Report

------------------------------------------------------------------------------------------------
| Timer Settings
| --------------
------------------------------------------------------------------------------------------------

  Enable Multi Corner Analysis               :  Yes
  Enable Pessimism Removal                   :  Yes
  Pessimism Removal Resolution               :  Nearest Common Node
  Enable Input Delay Default Clock           :  No
  Enable Preset / Clear Arcs                 :  No
  Disable Flight Delays                      :  No
  Ignore I/O Paths                           :  No
  Timing Early Launch at Borrowing Latches   :  false

  Corner  Analyze    Analyze    
  Name    Max Paths  Min Paths  
  ------  ---------  ---------  
  Slow    Yes        Yes        
  Fast    Yes        Yes        



check_timing report

Table of Contents
-----------------
1. checking no_clock
2. checking constant_clock
3. checking pulse_width_clock
4. checking unconstrained_internal_endpoints
5. checking no_input_delay
6. checking no_output_delay
7. checking multiple_clock
8. checking generated_clocks
9. checking loops
10. checking partial_input_delay
11. checking partial_output_delay
12. checking latch_loops

1. checking no_clock
--------------------
 There are 0 register/latch pins with no clock.


2. checking constant_clock
--------------------------
 There are 0 register/latch pins with constant_clock.


3. checking pulse_width_clock
-----------------------------
 There are 0 register/latch pins which need pulse_width check


4. checking unconstrained_internal_endpoints
--------------------------------------------
 There are 0 pins that are not constrained for maximum delay.

 There are 0 pins that are not constrained for maximum delay due to constant clock.


5. checking no_input_delay
--------------------------
 There are 579 input ports with no input delay specified. (HIGH)

 There are 0 input ports with no input delay but user has a false path constraint.


6. checking no_output_delay
---------------------------
 There are 289 ports with no output delay specified. (HIGH)

 There are 0 ports with no output delay but user has a false path constraint

 There are 0 ports with no output delay but with a timing clock defined on it or propagating through it


7. checking multiple_clock
--------------------------
 There are 0 register/latch pins with multiple clocks.


8. checking generated_clocks
----------------------------
 There are 0 generated clocks that are not connected to a clock source.


9. checking loops
-----------------
 There are 0 combinational loops in the design.


10. checking partial_input_delay
--------------------------------
 There are 0 input ports with partial input delay specified.


11. checking partial_output_delay
---------------------------------
 There are 0 ports with partial output delay specified.


12. checking latch_loops
------------------------
 There are 0 combinational latch loops in the design through latch input



------------------------------------------------------------------------------------------------
| Design Timing Summary
| ---------------------
------------------------------------------------------------------------------------------------

    WNS(ns)      TNS(ns)  TNS Failing Endpoints  TNS Total Endpoints      WHS(ns)      THS(ns)  THS Failing Endpoints  THS Total Endpoints     WPWS(ns)     TPWS(ns)  TPWS Failing Endpoints  TPWS Total Endpoints  
    -------      -------  ---------------------  -------------------      -------      -------  ---------------------  -------------------     --------     --------  ----------------------  --------------------  
      5.711        0.000                      0                 2601        0.096        0.000                      0                 2601        4.500        0.000                       0                  2570  


All user specified timing constraints are met.


------------------------------------------------------------------------------------------------
| Clock Summary
| -------------
------------------------------------------------------------------------------------------------

Clock  Waveform(ns)       Period(ns)      Frequency(MHz)
-----  ------------       ----------      --------------
clk    {0.000 5.000}      10.000          100.000         


------------------------------------------------------------------------------------------------
| Intra Clock Table
| -----------------
------------------------------------------------------------------------------------------------

Clock             WNS(ns)      TNS(ns)  TNS Failing Endpoints  TNS Total Endpoints      WHS(ns)      THS(ns)  THS Failing Endpoints  THS Total Endpoints     WPWS(ns)     TPWS(ns)  TPWS Failing Endpoints  TPWS Total Endpoints  
-----             -------      -------  ---------------------  -------------------      -------      -------  ---------------------  -------------------     --------     --------  ----------------------  --------------------  
clk                 5.711        0.000                      0                 2601        0.096        0.000                      0                 2601        4.500        0.000                       0                  2570  


------------------------------------------------------------------------------------------------
| Inter Clock Table
| -----------------
------------------------------------------------------------------------------------------------

From Clock    To Clock          WNS(ns)      TNS(ns)  TNS Failing Endpoints  TNS Total Endpoints      WHS(ns)      THS(ns)  THS Failing Endpoints  THS Total Endpoints  
----------    --------          -------      -------  ---------------------  -------------------      -------      -------  ---------------------  -------------------  


------------------------------------------------------------------------------------------------
| Other Path Groups Table
| -----------------------
------------------------------------------------------------------------------------------------

Path Group    From Clock    To Clock          WNS(ns)      TNS(ns)  TNS Failing Endpoints  TNS Total Endpoints      WHS(ns)      THS(ns)  THS Failing Endpoints  THS Total Endpoints  
----------    ----------    --------          -------      -------  ---------------------  -------------------      -------      -------  ---------------------  -------------------  


------------------------------------------------------------------------------------------------
| Timing Details
| --------------
------------------------------------------------------------------------------------------------


---------------------------------------------------------------------------------------------------
From Clock:  clk
  To Clock:  clk

Setup :            0  Failing Endpoints,  Worst Slack        5.711ns,  Total Violation        0.000ns
Hold  :            0  Failing Endpoints,  Worst Slack        0.096ns,  Total Violation        0.000ns
PW    :            0  Failing Endpoints,  Worst Slack        4.500ns,  Total Violation        0.000ns
---------------------------------------------------------------------------------------------------


Max Delay Paths
--------------------------------------------------------------------------------------
Slack (MET) :             5.711ns  (required time - arrival time)
  Source:                 sigmoid_core_18_18_10_32_1_inst_6/dsp_signed_mac_18_13_23_32_inst/reg_res_reg/CLK
                            (rising edge-triggered cell DSP48E1 clocked by clk  {rise@0.000ns fall@5.000ns period=10.000ns})
  Destination:            sigmoid_core_18_18_10_32_1_inst_6/fp_rounding_unit_1_32_11_inst/ceil_reg[17]/D
                            (rising edge-triggered cell FDRE clocked by clk  {rise@0.000ns fall@5.000ns period=10.000ns})
  Path Group:             clk
  Path Type:              Setup (Max at Slow Process Corner)
  Requirement:            10.000ns  (clk rise@10.000ns - clk rise@0.000ns)
  Data Path Delay:        4.275ns  (logic 2.217ns (51.860%)  route 2.058ns (48.140%))
  Logic Levels:           10  (CARRY4=8 LUT1=1 LUT3=1)
  Clock Path Skew:        -0.035ns (DCD - SCD + CPR)
    Destination Clock Delay (DCD):    0.669ns = ( 10.669 - 10.000 ) 
    Source Clock Delay      (SCD):    0.704ns
    Clock Pessimism Removal (CPR):    0.000ns
  Clock Uncertainty:      0.035ns  ((TSJ^2 + TIJ^2)^1/2 + DJ) / 2 + PE
    Total System Jitter     (TSJ):    0.071ns
    Total Input Jitter      (TIJ):    0.000ns
    Discrete Jitter          (DJ):    0.000ns
    Phase Error              (PE):    0.000ns

    Location             Delay type                Incr(ns)  Path(ns)    Netlist Resource(s)
  -------------------------------------------------------------------    -------------------
                         (clock clk rise edge)        0.000     0.000 r  
                                                      0.000     0.000 r  clk (IN)
                         net (fo=2569, unset)         0.704     0.704    sigmoid_core_18_18_10_32_1_inst_6/dsp_signed_mac_18_13_23_32_inst/clk
    DSP48_X2Y16          DSP48E1                                      r  sigmoid_core_18_18_10_32_1_inst_6/dsp_signed_mac_18_13_23_32_inst/reg_res_reg/CLK
  -------------------------------------------------------------------    -------------------
    DSP48_X2Y16          DSP48E1 (Prop_dsp48e1_CLK_P[0])
                                                      0.329     1.033 f  sigmoid_core_18_18_10_32_1_inst_6/dsp_signed_mac_18_13_23_32_inst/reg_res_reg/P[0]
                         net (fo=1, routed)           0.858     1.891    sigmoid_core_18_18_10_32_1_inst_6/dsp_signed_mac_18_13_23_32_inst/reg_res_reg_n_105
    SLICE_X36Y38         LUT1 (Prop_lut1_I0_O)        0.097     1.988 r  sigmoid_core_18_18_10_32_1_inst_6/dsp_signed_mac_18_13_23_32_inst/is_ceil_i_13__5/O
                         net (fo=1, routed)           0.222     2.210    sigmoid_core_18_18_10_32_1_inst_6/dsp_signed_mac_18_13_23_32_inst/is_ceil_i_13__5_n_0
    SLICE_X36Y39         CARRY4 (Prop_carry4_CYINIT_CO[3])
                                                      0.444     2.654 r  sigmoid_core_18_18_10_32_1_inst_6/dsp_signed_mac_18_13_23_32_inst/is_ceil_reg_i_8__5/CO[3]
                         net (fo=1, routed)           0.000     2.654    sigmoid_core_18_18_10_32_1_inst_6/dsp_signed_mac_18_13_23_32_inst/is_ceil_reg_i_8__5_n_0
    SLICE_X36Y40         CARRY4 (Prop_carry4_CI_CO[3])
                                                      0.092     2.746 r  sigmoid_core_18_18_10_32_1_inst_6/dsp_signed_mac_18_13_23_32_inst/is_ceil_reg_i_3__5/CO[3]
                         net (fo=1, routed)           0.000     2.746    sigmoid_core_18_18_10_32_1_inst_6/dsp_signed_mac_18_13_23_32_inst/is_ceil_reg_i_3__5_n_0
    SLICE_X36Y41         CARRY4 (Prop_carry4_CI_O[2])
                                                      0.180     2.926 r  sigmoid_core_18_18_10_32_1_inst_6/dsp_signed_mac_18_13_23_32_inst/is_ceil_reg_i_2__5/O[2]
                         net (fo=2, routed)           0.598     3.524    sigmoid_core_18_18_10_32_1_inst_6/dsp_signed_mac_18_13_23_32_inst/O[0]
    SLICE_X37Y40         LUT3 (Prop_lut3_I0_O)        0.217     3.741 r  sigmoid_core_18_18_10_32_1_inst_6/dsp_signed_mac_18_13_23_32_inst/floor[0]_i_1__5/O
                         net (fo=2, routed)           0.380     4.121    sigmoid_core_18_18_10_32_1_inst_6/fp_rounding_unit_1_32_11_inst/D[0]
    SLICE_X37Y41         CARRY4 (Prop_carry4_CYINIT_CO[3])
                                                      0.432     4.553 r  sigmoid_core_18_18_10_32_1_inst_6/fp_rounding_unit_1_32_11_inst/ceil0_carry/CO[3]
                         net (fo=1, routed)           0.000     4.553    sigmoid_core_18_18_10_32_1_inst_6/fp_rounding_unit_1_32_11_inst/ceil0_carry_n_0
    SLICE_X37Y42         CARRY4 (Prop_carry4_CI_CO[3])
                                                      0.089     4.642 r  sigmoid_core_18_18_10_32_1_inst_6/fp_rounding_unit_1_32_11_inst/ceil0_carry__0/CO[3]
                         net (fo=1, routed)           0.000     4.642    sigmoid_core_18_18_10_32_1_inst_6/fp_rounding_unit_1_32_11_inst/ceil0_carry__0_n_0
    SLICE_X37Y43         CARRY4 (Prop_carry4_CI_CO[3])
                                                      0.089     4.731 r  sigmoid_core_18_18_10_32_1_inst_6/fp_rounding_unit_1_32_11_inst/ceil0_carry__1/CO[3]
                         net (fo=1, routed)           0.000     4.731    sigmoid_core_18_18_10_32_1_inst_6/fp_rounding_unit_1_32_11_inst/ceil0_carry__1_n_0
    SLICE_X37Y44         CARRY4 (Prop_carry4_CI_CO[3])
                                                      0.089     4.820 r  sigmoid_core_18_18_10_32_1_inst_6/fp_rounding_unit_1_32_11_inst/ceil0_carry__2/CO[3]
                         net (fo=1, routed)           0.000     4.820    sigmoid_core_18_18_10_32_1_inst_6/fp_rounding_unit_1_32_11_inst/ceil0_carry__2_n_0
    SLICE_X37Y45         CARRY4 (Prop_carry4_CI_O[0])
                                                      0.159     4.979 r  sigmoid_core_18_18_10_32_1_inst_6/fp_rounding_unit_1_32_11_inst/ceil0_carry__3/O[0]
                         net (fo=1, routed)           0.000     4.979    sigmoid_core_18_18_10_32_1_inst_6/fp_rounding_unit_1_32_11_inst/ceil0_carry__3_n_7
    SLICE_X37Y45         FDRE                                         r  sigmoid_core_18_18_10_32_1_inst_6/fp_rounding_unit_1_32_11_inst/ceil_reg[17]/D
  -------------------------------------------------------------------    -------------------

                         (clock clk rise edge)       10.000    10.000 r  
                                                      0.000    10.000 r  clk (IN)
                         net (fo=2569, unset)         0.669    10.669    sigmoid_core_18_18_10_32_1_inst_6/fp_rounding_unit_1_32_11_inst/clk
    SLICE_X37Y45         FDRE                                         r  sigmoid_core_18_18_10_32_1_inst_6/fp_rounding_unit_1_32_11_inst/ceil_reg[17]/C
                         clock pessimism              0.000    10.669    
                         clock uncertainty           -0.035    10.633    
    SLICE_X37Y45         FDRE (Setup_fdre_C_D)        0.056    10.689    sigmoid_core_18_18_10_32_1_inst_6/fp_rounding_unit_1_32_11_inst/ceil_reg[17]
  -------------------------------------------------------------------
                         required time                         10.689    
                         arrival time                          -4.979    
  -------------------------------------------------------------------
                         slack                                  5.711    





Min Delay Paths
--------------------------------------------------------------------------------------
Slack (MET) :             0.096ns  (arrival time - required time)
  Source:                 elementwise_add_core_18_18_16_inst/reg_C_13_reg[15]/C
                            (rising edge-triggered cell FDRE clocked by clk  {rise@0.000ns fall@5.000ns period=10.000ns})
  Destination:            sigmoid_core_18_18_10_32_1_inst_13/x_reg[15]/D
                            (rising edge-triggered cell FDRE clocked by clk  {rise@0.000ns fall@5.000ns period=10.000ns})
  Path Group:             clk
  Path Type:              Hold (Min at Fast Process Corner)
  Requirement:            0.000ns  (clk rise@0.000ns - clk rise@0.000ns)
  Data Path Delay:        0.196ns  (logic 0.141ns (71.991%)  route 0.055ns (28.009%))
  Logic Levels:           0  
  Clock Path Skew:        0.022ns (DCD - SCD - CPR)
    Destination Clock Delay (DCD):    0.432ns
    Source Clock Delay      (SCD):    0.411ns
    Clock Pessimism Removal (CPR):    -0.000ns

    Location             Delay type                Incr(ns)  Path(ns)    Netlist Resource(s)
  -------------------------------------------------------------------    -------------------
                         (clock clk rise edge)        0.000     0.000 r  
                                                      0.000     0.000 r  clk (IN)
                         net (fo=2569, unset)         0.411     0.411    elementwise_add_core_18_18_16_inst/clk
    SLICE_X21Y36         FDRE                                         r  elementwise_add_core_18_18_16_inst/reg_C_13_reg[15]/C
  -------------------------------------------------------------------    -------------------
    SLICE_X21Y36         FDRE (Prop_fdre_C_Q)         0.141     0.552 r  elementwise_add_core_18_18_16_inst/reg_C_13_reg[15]/Q
                         net (fo=1, routed)           0.055     0.607    sigmoid_core_18_18_10_32_1_inst_13/i_x[15]
    SLICE_X21Y36         FDRE                                         r  sigmoid_core_18_18_10_32_1_inst_13/x_reg[15]/D
  -------------------------------------------------------------------    -------------------

                         (clock clk rise edge)        0.000     0.000 r  
                                                      0.000     0.000 r  clk (IN)
                         net (fo=2569, unset)         0.432     0.432    sigmoid_core_18_18_10_32_1_inst_13/clk
    SLICE_X21Y36         FDRE                                         r  sigmoid_core_18_18_10_32_1_inst_13/x_reg[15]/C
                         clock pessimism              0.000     0.432    
    SLICE_X21Y36         FDRE (Hold_fdre_C_D)         0.078     0.510    sigmoid_core_18_18_10_32_1_inst_13/x_reg[15]
  -------------------------------------------------------------------
                         required time                         -0.510    
                         arrival time                           0.607    
  -------------------------------------------------------------------
                         slack                                  0.096    





Pulse Width Checks
--------------------------------------------------------------------------------------
Clock Name:         clk
Waveform(ns):       { 0.000 5.000 }
Period(ns):         10.000
Sources:            { clk }

Check Type        Corner  Lib Pin      Reference Pin  Required(ns)  Actual(ns)  Slack(ns)  Location      Pin
Min Period        n/a     DSP48E1/CLK  n/a            2.863         10.000      7.137      DSP48_X0Y18   sigmoid_core_18_18_10_32_1_inst_15/dsp_signed_mac_18_13_23_32_inst/reg_res_reg/CLK
Low Pulse Width   Slow    FDRE/C       n/a            0.500         5.000       4.500      SLICE_X29Y52  elementwise_add_core_18_18_16_inst/reg_A_0_reg[0]/C
High Pulse Width  Slow    FDRE/C       n/a            0.500         5.000       4.500      SLICE_X29Y52  elementwise_add_core_18_18_16_inst/reg_A_0_reg[0]/C



