Copyright 1986-2018 Xilinx, Inc. All Rights Reserved.
------------------------------------------------------------------------------------------------------------------------------------------------------------------------------------------------------------
| Tool Version : Vivado v.2018.3 (lin64) Build 2405991 Thu Dec  6 23:36:41 MST 2018
| Date         : Wed Jan 12 04:17:05 2022
| Host         : koopa.ece.utexas.edu running 64-bit CentOS Linux release 7.9.2009 (Core)
| Command      : report_timing -sort_by group -max_paths 100 -path_type summary -file /misc/scratch/zwei1/reports_Jan12/raw_designs/vtr_designs/verilog/koios/spmv_submodules/fetcher/post_route_timing.rpt
| Design       : fetcher
| Device       : 7z020-clg484
| Speed File   : -3  PRODUCTION 1.11 2014-09-11
------------------------------------------------------------------------------------------------------------------------------------------------------------------------------------------------------------

Timing Report

Startpoint                     Endpoint                       Slack(ns)     
----------------------------------------------------------------------------
row_id_lane_reg[4]/C           row_id_wr_en_reg[25]/CE        5.060         
row_id_lane_reg[4]/C           row_id_wr_en_reg[27]/CE        5.060         
row_id_lane_reg[4]/C           row_id_wr_en_reg[2]/CE         5.060         
row_id_lane_reg[4]/C           row_id_wr_en_reg[13]/CE        5.086         
row_id_lane_reg[4]/C           row_id_wr_en_reg[12]/CE        5.117         
row_id_lane_reg[4]/C           row_id_wr_en_reg[22]/CE        5.117         
row_id_lane_reg[4]/C           row_id_wr_en_reg[18]/CE        5.172         
row_id_lane_reg[4]/C           row_id_wr_en_reg[5]/CE         5.181         
row_id_lane_reg[4]/C           row_id_wr_en_reg[6]/CE         5.216         
row_id_lane_reg[4]/C           row_id_wr_en_reg[8]/CE         5.239         
row_id_lane_reg[4]/C           row_id_wr_en_reg[17]/CE        5.267         
row_id_lane_reg[4]/C           row_id_wr_en_reg[14]/CE        5.300         
row_id_lane_reg[4]/C           row_id_wr_en_reg[30]/CE        5.300         
row_id_lane_reg[4]/C           row_id_wr_en_reg[20]/CE        5.305         
row_id_lane_reg[4]/C           row_id_wr_en_reg[7]/CE         5.323         
row_id_lane_reg[4]/C           row_id_wr_en_reg[16]/CE        5.330         
row_id_lane_reg[4]/C           row_id_wr_en_reg[24]/CE        5.330         
row_id_lane_reg[4]/C           row_id_wr_en_reg[26]/CE        5.330         
row_id_lane_reg[4]/C           row_id_wr_en_reg[19]/CE        5.333         
row_id_lane_reg[4]/C           row_id_wr_en_reg[0]/CE         5.338         
row_id_lane_reg[4]/C           row_id_wr_en_reg[23]/CE        5.338         
row_id_lane_reg[4]/C           row_id_wr_en_reg[4]/CE         5.338         
row_id_lane_reg[4]/C           row_id_wr_en_reg[31]/CE        5.344         
row_id_lane_reg[4]/C           row_id_wr_en_reg[10]/CE        5.352         
row_id_lane_reg[4]/C           row_id_wr_en_reg[15]/CE        5.369         
row_id_lane_reg[4]/C           row_id_wr_en_reg[21]/CE        5.380         
row_id_lane_reg[4]/C           row_id_wr_en_reg[28]/CE        5.416         
row_id_lane_reg[4]/C           row_id_wr_en_reg[3]/CE         5.416         
row_id_lane_reg[4]/C           row_id_wr_en_reg[9]/CE         5.416         
col_id_lane_reg[3]/C           col_id_wr_en_reg[10]/CE        5.426         
col_id_lane_reg[3]/C           col_id_wr_en_reg[5]/CE         5.426         
col_id_lane_reg[3]/C           col_id_wr_en_reg[18]/CE        5.503         
col_id_lane_reg[3]/C           col_id_wr_en_reg[15]/CE        5.526         
col_id_lane_reg[3]/C           col_id_wr_en_reg[23]/CE        5.526         
col_id_lane_reg[3]/C           col_id_wr_en_reg[29]/CE        5.526         
row_id_lane_reg[4]/C           row_id_lane_reg[0]/CE          5.554         
row_id_lane_reg[4]/C           row_id_lane_reg[1]/CE          5.554         
row_id_lane_reg[4]/C           row_id_lane_reg[2]/CE          5.554         
row_id_lane_reg[4]/C           row_id_lane_reg[3]/CE          5.554         
row_id_lane_reg[4]/C           row_id_lane_reg[4]/CE          5.554         
col_id_lane_reg[3]/C           col_id_wr_en_reg[20]/CE        5.560         
col_id_lane_reg[3]/C           col_id_wr_en_reg[6]/CE         5.575         
col_id_lane_reg[3]/C           col_id_wr_en_reg[8]/CE         5.578         
col_id_lane_reg[3]/C           col_id_wr_en_reg[14]/CE        5.585         
row_id_lane_reg[4]/C           row_id_wr_en_reg[29]/CE        5.594         
col_id_lane_reg[3]/C           col_id_wr_en_reg[12]/CE        5.598         
col_id_lane_reg[3]/C           col_id_wr_en_reg[0]/CE         5.600         
col_id_lane_reg[3]/C           col_id_wr_en_reg[9]/CE         5.600         
row_id_lane_reg[4]/C           row_id_wr_en_reg[11]/CE        5.600         
row_id_lane_reg[4]/C           row_id_wr_en_reg[1]/CE         5.600         
col_id_lane_reg[3]/C           col_id_wr_en_reg[25]/CE        5.602         
mat_val_lane_reg[4]/C          mat_val_wr_en_reg[3]/CE        5.604         
col_id_lane_reg[3]/C           col_id_wr_en_reg[11]/CE        5.612         
col_id_lane_reg[3]/C           col_id_wr_en_reg[30]/CE        5.621         
col_id_lane_reg[3]/C           col_id_wr_en_reg[13]/CE        5.622         
col_id_lane_reg[3]/C           col_id_wr_en_reg[16]/CE        5.622         
col_id_lane_reg[3]/C           col_id_wr_en_reg[31]/CE        5.622         
col_id_lane_reg[3]/C           col_id_wr_en_reg[26]/CE        5.624         
col_id_lane_reg[3]/C           col_id_wr_en_reg[24]/CE        5.625         
col_id_lane_reg[3]/C           col_id_wr_en_reg[2]/CE         5.625         
mat_val_lane_reg[4]/C          mat_val_wr_en_reg[20]/CE       5.631         
mat_val_lane_reg[4]/C          mat_val_wr_en_reg[9]/CE        5.631         
col_id_lane_reg[3]/C           col_id_wr_en_reg[21]/CE        5.638         
col_id_lane_reg[3]/C           col_id_wr_en_reg[3]/CE         5.670         
col_id_lane_reg[3]/C           col_id_wr_en_reg[4]/CE         5.670         
col_id_lane_reg[3]/C           col_id_wr_en_reg[28]/CE        5.680         
col_id_lane_reg[3]/C           col_id_wr_en_reg[1]/CE         5.688         
mat_val_lane_reg[4]/C          mat_val_wr_en_reg[12]/CE       5.697         
mat_val_lane_reg[4]/C          mat_val_wr_en_reg[15]/CE       5.697         
mat_val_lane_reg[4]/C          mat_val_wr_en_reg[6]/CE        5.697         
mat_val_lane_reg[4]/C          mat_val_wr_en_reg[7]/CE        5.697         
col_id_lane_reg[3]/C           col_id_wr_en_reg[19]/CE        5.704         
col_id_lane_reg[3]/C           col_id_wr_en_reg[27]/CE        5.704         
mat_val_lane_reg[4]/C          mat_val_wr_en_reg[31]/CE       5.708         
mat_val_lane_reg[4]/C          mat_val_wr_en_reg[5]/CE        5.711         
col_id_lane_reg[3]/C           col_id_wr_en_reg[22]/CE        5.714         
mat_val_lane_reg[4]/C          mat_val_wr_en_reg[0]/CE        5.723         
mat_val_lane_reg[4]/C          mat_val_wr_en_reg[18]/CE       5.723         
mat_val_lane_reg[4]/C          mat_val_wr_en_reg[8]/CE        5.723         
mat_val_lane_reg[4]/C          mat_val_wr_en_reg[30]/CE       5.733         
col_id_lane_reg[3]/C           col_id_wr_en_reg[7]/CE         5.734         
mat_val_lane_reg[4]/C          mat_val_wr_en_reg[21]/CE       5.737         
mat_val_lane_reg[4]/C          mat_val_wr_en_reg[19]/CE       5.738         
mat_val_lane_reg[4]/C          mat_val_wr_en_reg[1]/CE        5.738         
mat_val_lane_reg[4]/C          mat_val_wr_en_reg[28]/CE       5.755         
mat_val_lane_reg[4]/C          mat_val_wr_en_reg[29]/CE       5.792         
mat_val_lane_reg[4]/C          mat_val_wr_en_reg[2]/CE        5.792         
mat_val_lane_reg[4]/C          mat_val_wr_en_reg[4]/CE        5.807         
mat_val_lane_reg[4]/C          mat_val_wr_en_reg[25]/CE       5.825         
mat_val_lane_reg[4]/C          mat_val_wr_en_reg[10]/CE       5.825         
mat_val_lane_reg[4]/C          mat_val_wr_en_reg[27]/CE       5.827         
mat_val_lane_reg[4]/C          mat_val_wr_en_reg[17]/CE       5.827         
mat_val_lane_reg[4]/C          mat_val_wr_en_reg[22]/CE       5.830         
mat_val_lane_reg[4]/C          mat_val_wr_en_reg[16]/CE       5.830         
mat_val_lane_reg[4]/C          mat_val_wr_en_reg[23]/CE       5.832         
mat_val_lane_reg[4]/C          mat_val_wr_en_reg[24]/CE       5.838         
col_id_lane_reg[4]/C           col_id_lane_reg[3]/CE          5.839         
col_id_lane_reg[4]/C           col_id_lane_reg[4]/CE          5.839         
mat_val_lane_reg[4]/C          mat_val_wr_en_reg[13]/CE       5.843         
col_id_lane_reg[3]/C           col_id_wr_en_reg[17]/CE        5.854         



