Copyright 1986-2018 Xilinx, Inc. All Rights Reserved.
--------------------------------------------------------------------------------------------------------------------------------------------------------------------------------------------------------------
| Tool Version : Vivado v.2018.3 (lin64) Build 2405991 Thu Dec  6 23:36:41 MST 2018
| Date         : Thu Jan 13 17:40:03 2022
| Host         : koopa.ece.utexas.edu running 64-bit CentOS Linux release 7.9.2009 (Core)
| Command      : report_timing -sort_by group -max_paths 100 -path_type summary -file /misc/scratch/zwei1/reports_Jan12/raw_designs/vtr_designs/verilog/stereovision2_submodules/h_fltr/post_route_timing.rpt
| Design       : h_fltr
| Device       : 7z020-clg484
| Speed File   : -3  PRODUCTION 1.11 2014-09-11
--------------------------------------------------------------------------------------------------------------------------------------------------------------------------------------------------------------

Timing Report

Startpoint                     Endpoint                       Slack(ns)     
----------------------------------------------------------------------------
your_instance_name_f1/dout1/CLK
                               your_instance_name_f1/dout_reg/PCIN[0]
                                                              -0.534        
your_instance_name_f1/dout1/CLK
                               your_instance_name_f1/dout_reg/PCIN[10]
                                                              -0.534        
your_instance_name_f1/dout1/CLK
                               your_instance_name_f1/dout_reg/PCIN[11]
                                                              -0.534        
your_instance_name_f1/dout1/CLK
                               your_instance_name_f1/dout_reg/PCIN[12]
                                                              -0.534        
your_instance_name_f1/dout1/CLK
                               your_instance_name_f1/dout_reg/PCIN[13]
                                                              -0.534        
your_instance_name_f1/dout1/CLK
                               your_instance_name_f1/dout_reg/PCIN[14]
                                                              -0.534        
your_instance_name_f1/dout1/CLK
                               your_instance_name_f1/dout_reg/PCIN[15]
                                                              -0.534        
your_instance_name_f1/dout1/CLK
                               your_instance_name_f1/dout_reg/PCIN[16]
                                                              -0.534        
your_instance_name_f1/dout1/CLK
                               your_instance_name_f1/dout_reg/PCIN[17]
                                                              -0.534        
your_instance_name_f1/dout1/CLK
                               your_instance_name_f1/dout_reg/PCIN[18]
                                                              -0.534        
your_instance_name_f1/dout1/CLK
                               your_instance_name_f1/dout_reg/PCIN[19]
                                                              -0.534        
your_instance_name_f1/dout1/CLK
                               your_instance_name_f1/dout_reg/PCIN[1]
                                                              -0.534        
your_instance_name_f1/dout1/CLK
                               your_instance_name_f1/dout_reg/PCIN[20]
                                                              -0.534        
your_instance_name_f1/dout1/CLK
                               your_instance_name_f1/dout_reg/PCIN[21]
                                                              -0.534        
your_instance_name_f1/dout1/CLK
                               your_instance_name_f1/dout_reg/PCIN[22]
                                                              -0.534        
your_instance_name_f1/dout1/CLK
                               your_instance_name_f1/dout_reg/PCIN[23]
                                                              -0.534        
your_instance_name_f1/dout1/CLK
                               your_instance_name_f1/dout_reg/PCIN[24]
                                                              -0.534        
your_instance_name_f1/dout1/CLK
                               your_instance_name_f1/dout_reg/PCIN[25]
                                                              -0.534        
your_instance_name_f1/dout1/CLK
                               your_instance_name_f1/dout_reg/PCIN[26]
                                                              -0.534        
your_instance_name_f1/dout1/CLK
                               your_instance_name_f1/dout_reg/PCIN[27]
                                                              -0.534        
your_instance_name_f1/dout1/CLK
                               your_instance_name_f1/dout_reg/PCIN[28]
                                                              -0.534        
your_instance_name_f1/dout1/CLK
                               your_instance_name_f1/dout_reg/PCIN[29]
                                                              -0.534        
your_instance_name_f1/dout1/CLK
                               your_instance_name_f1/dout_reg/PCIN[2]
                                                              -0.534        
your_instance_name_f1/dout1/CLK
                               your_instance_name_f1/dout_reg/PCIN[30]
                                                              -0.534        
your_instance_name_f1/dout1/CLK
                               your_instance_name_f1/dout_reg/PCIN[31]
                                                              -0.534        
your_instance_name_f1/dout1/CLK
                               your_instance_name_f1/dout_reg/PCIN[32]
                                                              -0.534        
your_instance_name_f1/dout1/CLK
                               your_instance_name_f1/dout_reg/PCIN[33]
                                                              -0.534        
your_instance_name_f1/dout1/CLK
                               your_instance_name_f1/dout_reg/PCIN[34]
                                                              -0.534        
your_instance_name_f1/dout1/CLK
                               your_instance_name_f1/dout_reg/PCIN[35]
                                                              -0.534        
your_instance_name_f1/dout1/CLK
                               your_instance_name_f1/dout_reg/PCIN[36]
                                                              -0.534        
your_instance_name_f1/dout1/CLK
                               your_instance_name_f1/dout_reg/PCIN[37]
                                                              -0.534        
your_instance_name_f1/dout1/CLK
                               your_instance_name_f1/dout_reg/PCIN[38]
                                                              -0.534        
your_instance_name_f1/dout1/CLK
                               your_instance_name_f1/dout_reg/PCIN[39]
                                                              -0.534        
your_instance_name_f1/dout1/CLK
                               your_instance_name_f1/dout_reg/PCIN[3]
                                                              -0.534        
your_instance_name_f1/dout1/CLK
                               your_instance_name_f1/dout_reg/PCIN[40]
                                                              -0.534        
your_instance_name_f1/dout1/CLK
                               your_instance_name_f1/dout_reg/PCIN[41]
                                                              -0.534        
your_instance_name_f1/dout1/CLK
                               your_instance_name_f1/dout_reg/PCIN[42]
                                                              -0.534        
your_instance_name_f1/dout1/CLK
                               your_instance_name_f1/dout_reg/PCIN[43]
                                                              -0.534        
your_instance_name_f1/dout1/CLK
                               your_instance_name_f1/dout_reg/PCIN[44]
                                                              -0.534        
your_instance_name_f1/dout1/CLK
                               your_instance_name_f1/dout_reg/PCIN[45]
                                                              -0.534        
your_instance_name_f1/dout1/CLK
                               your_instance_name_f1/dout_reg/PCIN[46]
                                                              -0.534        
your_instance_name_f1/dout1/CLK
                               your_instance_name_f1/dout_reg/PCIN[47]
                                                              -0.534        
your_instance_name_f1/dout1/CLK
                               your_instance_name_f1/dout_reg/PCIN[4]
                                                              -0.534        
your_instance_name_f1/dout1/CLK
                               your_instance_name_f1/dout_reg/PCIN[5]
                                                              -0.534        
your_instance_name_f1/dout1/CLK
                               your_instance_name_f1/dout_reg/PCIN[6]
                                                              -0.534        
your_instance_name_f1/dout1/CLK
                               your_instance_name_f1/dout_reg/PCIN[7]
                                                              -0.534        
your_instance_name_f1/dout1/CLK
                               your_instance_name_f1/dout_reg/PCIN[8]
                                                              -0.534        
your_instance_name_f1/dout1/CLK
                               your_instance_name_f1/dout_reg/PCIN[9]
                                                              -0.534        
your_instance_name_f3/dout1/CLK
                               your_instance_name_f3/dout_reg/PCIN[0]
                                                              0.776         
your_instance_name_f3/dout1/CLK
                               your_instance_name_f3/dout_reg/PCIN[10]
                                                              0.776         
your_instance_name_f3/dout1/CLK
                               your_instance_name_f3/dout_reg/PCIN[11]
                                                              0.776         
your_instance_name_f3/dout1/CLK
                               your_instance_name_f3/dout_reg/PCIN[12]
                                                              0.776         
your_instance_name_f3/dout1/CLK
                               your_instance_name_f3/dout_reg/PCIN[13]
                                                              0.776         
your_instance_name_f3/dout1/CLK
                               your_instance_name_f3/dout_reg/PCIN[14]
                                                              0.776         
your_instance_name_f3/dout1/CLK
                               your_instance_name_f3/dout_reg/PCIN[15]
                                                              0.776         
your_instance_name_f3/dout1/CLK
                               your_instance_name_f3/dout_reg/PCIN[16]
                                                              0.776         
your_instance_name_f3/dout1/CLK
                               your_instance_name_f3/dout_reg/PCIN[17]
                                                              0.776         
your_instance_name_f3/dout1/CLK
                               your_instance_name_f3/dout_reg/PCIN[18]
                                                              0.776         
your_instance_name_f3/dout1/CLK
                               your_instance_name_f3/dout_reg/PCIN[19]
                                                              0.776         
your_instance_name_f3/dout1/CLK
                               your_instance_name_f3/dout_reg/PCIN[1]
                                                              0.776         
your_instance_name_f3/dout1/CLK
                               your_instance_name_f3/dout_reg/PCIN[20]
                                                              0.776         
your_instance_name_f3/dout1/CLK
                               your_instance_name_f3/dout_reg/PCIN[21]
                                                              0.776         
your_instance_name_f3/dout1/CLK
                               your_instance_name_f3/dout_reg/PCIN[22]
                                                              0.776         
your_instance_name_f3/dout1/CLK
                               your_instance_name_f3/dout_reg/PCIN[23]
                                                              0.776         
your_instance_name_f3/dout1/CLK
                               your_instance_name_f3/dout_reg/PCIN[24]
                                                              0.776         
your_instance_name_f3/dout1/CLK
                               your_instance_name_f3/dout_reg/PCIN[25]
                                                              0.776         
your_instance_name_f3/dout1/CLK
                               your_instance_name_f3/dout_reg/PCIN[26]
                                                              0.776         
your_instance_name_f3/dout1/CLK
                               your_instance_name_f3/dout_reg/PCIN[27]
                                                              0.776         
your_instance_name_f3/dout1/CLK
                               your_instance_name_f3/dout_reg/PCIN[28]
                                                              0.776         
your_instance_name_f3/dout1/CLK
                               your_instance_name_f3/dout_reg/PCIN[29]
                                                              0.776         
your_instance_name_f3/dout1/CLK
                               your_instance_name_f3/dout_reg/PCIN[2]
                                                              0.776         
your_instance_name_f3/dout1/CLK
                               your_instance_name_f3/dout_reg/PCIN[30]
                                                              0.776         
your_instance_name_f3/dout1/CLK
                               your_instance_name_f3/dout_reg/PCIN[31]
                                                              0.776         
your_instance_name_f3/dout1/CLK
                               your_instance_name_f3/dout_reg/PCIN[32]
                                                              0.776         
your_instance_name_f3/dout1/CLK
                               your_instance_name_f3/dout_reg/PCIN[33]
                                                              0.776         
your_instance_name_f3/dout1/CLK
                               your_instance_name_f3/dout_reg/PCIN[34]
                                                              0.776         
your_instance_name_f3/dout1/CLK
                               your_instance_name_f3/dout_reg/PCIN[35]
                                                              0.776         
your_instance_name_f3/dout1/CLK
                               your_instance_name_f3/dout_reg/PCIN[36]
                                                              0.776         
your_instance_name_f3/dout1/CLK
                               your_instance_name_f3/dout_reg/PCIN[37]
                                                              0.776         
your_instance_name_f3/dout1/CLK
                               your_instance_name_f3/dout_reg/PCIN[38]
                                                              0.776         
your_instance_name_f3/dout1/CLK
                               your_instance_name_f3/dout_reg/PCIN[39]
                                                              0.776         
your_instance_name_f3/dout1/CLK
                               your_instance_name_f3/dout_reg/PCIN[3]
                                                              0.776         
your_instance_name_f3/dout1/CLK
                               your_instance_name_f3/dout_reg/PCIN[40]
                                                              0.776         
your_instance_name_f3/dout1/CLK
                               your_instance_name_f3/dout_reg/PCIN[41]
                                                              0.776         
your_instance_name_f3/dout1/CLK
                               your_instance_name_f3/dout_reg/PCIN[42]
                                                              0.776         
your_instance_name_f3/dout1/CLK
                               your_instance_name_f3/dout_reg/PCIN[43]
                                                              0.776         
your_instance_name_f3/dout1/CLK
                               your_instance_name_f3/dout_reg/PCIN[44]
                                                              0.776         
your_instance_name_f3/dout1/CLK
                               your_instance_name_f3/dout_reg/PCIN[45]
                                                              0.776         
your_instance_name_f3/dout1/CLK
                               your_instance_name_f3/dout_reg/PCIN[46]
                                                              0.776         
your_instance_name_f3/dout1/CLK
                               your_instance_name_f3/dout_reg/PCIN[47]
                                                              0.776         
your_instance_name_f3/dout1/CLK
                               your_instance_name_f3/dout_reg/PCIN[4]
                                                              0.776         
your_instance_name_f3/dout1/CLK
                               your_instance_name_f3/dout_reg/PCIN[5]
                                                              0.776         
your_instance_name_f3/dout1/CLK
                               your_instance_name_f3/dout_reg/PCIN[6]
                                                              0.776         
your_instance_name_f3/dout1/CLK
                               your_instance_name_f3/dout_reg/PCIN[7]
                                                              0.776         
your_instance_name_f3/dout1/CLK
                               your_instance_name_f3/dout_reg/PCIN[8]
                                                              0.776         
your_instance_name_f3/dout1/CLK
                               your_instance_name_f3/dout_reg/PCIN[9]
                                                              0.776         
your_instance_name_h1/dout1/CLK
                               your_instance_name_h1/dout_reg/PCIN[0]
                                                              0.776         
your_instance_name_h1/dout1/CLK
                               your_instance_name_h1/dout_reg/PCIN[10]
                                                              0.776         
your_instance_name_h1/dout1/CLK
                               your_instance_name_h1/dout_reg/PCIN[11]
                                                              0.776         
your_instance_name_h1/dout1/CLK
                               your_instance_name_h1/dout_reg/PCIN[12]
                                                              0.776         



