Copyright 1986-2018 Xilinx, Inc. All Rights Reserved.
--------------------------------------------------------------------------------------------------------------------------------------------------------------------------------------------------------------------------------------------------------------------
| Tool Version : Vivado v.2018.3 (lin64) Build 2405991 Thu Dec  6 23:36:41 MST 2018
| Date         : Wed Jan 12 00:22:17 2022
| Host         : koopa.ece.utexas.edu running 64-bit CentOS Linux release 7.9.2009 (Core)
| Command      : report_timing -sort_by group -max_paths 100 -path_type summary -file /misc/scratch/zwei1/reports_Jan12/raw_designs/vtr_designs/verilog/koios/clstm_like.medium_submodules/multiple_c_matrix_vec_mult_and_sum_18_10_16_1_2_42/post_route_timing.rpt
| Design       : multiple_c_matrix_vec_mult_and_sum_18_10_16_1_2_42
| Device       : 7z020-clg484
| Speed File   : -3  PRODUCTION 1.11 2014-09-11
--------------------------------------------------------------------------------------------------------------------------------------------------------------------------------------------------------------------------------------------------------------------

Timing Report

Startpoint                     Endpoint                       Slack(ns)     
----------------------------------------------------------------------------
c_matrix_vec_mult_core_18_10_16_2_1_inst/shift_register_group_18_910_inst_1_imag/shift_register_unit_18_10_inst_0/shift_registers_8_reg_r/C
                               c_matrix_vec_mult_core_18_10_16_2_1_inst/elementwise_mult_core_18_1810_9_1_inst_0_imag_real/dsp_signed_mult_18x18_unit_18_18_1_inst0/reg_resb_reg/B[16]
                                                              2.982         
c_matrix_vec_mult_core_18_10_16_2_1_inst/shift_register_group_18_910_inst_1_imag/shift_register_unit_18_10_inst_0/shift_registers_8_reg_r/C
                               c_matrix_vec_mult_core_18_10_16_2_1_inst/elementwise_mult_core_18_1810_9_1_inst_0_imag_real/dsp_signed_mult_18x18_unit_18_18_1_inst0/reg_resb_reg/B[15]
                                                              3.040         
c_matrix_vec_mult_core_18_10_16_2_1_inst/shift_register_group_18_910_inst_1_imag/shift_register_unit_18_10_inst_0/shift_registers_8_reg_r/C
                               c_matrix_vec_mult_core_18_10_16_2_1_inst/elementwise_mult_core_18_1810_9_1_inst_0_imag_real/dsp_signed_mult_18x18_unit_18_18_1_inst4/reg_resb_reg/B[8]
                                                              3.089         
c_matrix_vec_mult_core_18_10_16_2_1_inst/shift_register_group_18_910_inst_1_imag/shift_register_unit_18_10_inst_0/shift_registers_8_reg_r/C
                               c_matrix_vec_mult_core_18_10_16_2_1_inst/elementwise_mult_core_18_1810_9_1_inst_0_imag_real/dsp_signed_mult_18x18_unit_18_18_1_inst4/reg_resb_reg/B[5]
                                                              3.114         
c_matrix_vec_mult_core_18_10_16_2_1_inst/shift_register_group_18_910_inst_1_imag/shift_register_unit_18_10_inst_0/shift_registers_8_reg_r/C
                               c_matrix_vec_mult_core_18_10_16_2_1_inst/elementwise_mult_core_18_1810_9_1_inst_0_imag_real/dsp_signed_mult_18x18_unit_18_18_1_inst4/reg_resb_reg/B[3]
                                                              3.115         
c_matrix_vec_mult_core_18_10_16_2_1_inst/shift_register_group_18_910_inst_1_imag/shift_register_unit_18_10_inst_0/shift_registers_8_reg_r/C
                               c_matrix_vec_mult_core_18_10_16_2_1_inst/elementwise_mult_core_18_1810_9_1_inst_0_imag_real/dsp_signed_mult_18x18_unit_18_18_1_inst4/reg_resb_reg/B[4]
                                                              3.140         
c_matrix_vec_mult_core_18_10_16_2_1_inst/shift_register_group_18_910_inst_1_imag/shift_register_unit_18_10_inst_0/shift_registers_8_reg_r/C
                               c_matrix_vec_mult_core_18_10_16_2_1_inst/elementwise_mult_core_18_1810_9_1_inst_0_imag_real/dsp_signed_mult_18x18_unit_18_18_1_inst4/reg_resb_reg/B[2]
                                                              3.154         
c_matrix_vec_mult_core_18_10_16_2_1_inst/shift_register_group_18_910_inst_1_imag/shift_register_unit_18_10_inst_0/shift_registers_8_reg_r/C
                               c_matrix_vec_mult_core_18_10_16_2_1_inst/elementwise_mult_core_18_1810_9_1_inst_0_imag_real/dsp_signed_mult_18x18_unit_18_18_1_inst4/reg_resb_reg/B[6]
                                                              3.161         
c_matrix_vec_mult_core_18_10_16_2_1_inst/shift_register_group_18_910_inst_1_imag/shift_register_unit_18_10_inst_0/shift_registers_8_reg_r/C
                               c_matrix_vec_mult_core_18_10_16_2_1_inst/elementwise_mult_core_18_1810_9_1_inst_0_imag_real/dsp_signed_mult_18x18_unit_18_18_1_inst4/reg_resb_reg/B[10]
                                                              3.162         
c_matrix_vec_mult_core_18_10_16_2_1_inst/shift_register_group_18_910_inst_1_imag/shift_register_unit_18_10_inst_0/shift_registers_8_reg_r/C
                               c_matrix_vec_mult_core_18_10_16_2_1_inst/elementwise_mult_core_18_1810_9_1_inst_0_real_real/dsp_signed_mult_18x18_unit_18_18_1_inst4/reg_resb_reg/A[8]
                                                              3.176         
c_matrix_vec_mult_core_18_10_16_2_1_inst/shift_register_group_18_910_inst_1_imag/shift_register_unit_18_10_inst_0/shift_registers_8_reg_r/C
                               c_matrix_vec_mult_core_18_10_16_2_1_inst/elementwise_mult_core_18_1810_9_1_inst_0_real_real/dsp_signed_mult_18x18_unit_18_18_1_inst0/reg_resb_reg/A[16]
                                                              3.182         
c_matrix_vec_mult_core_18_10_16_2_1_inst/shift_register_group_18_910_inst_1_imag/shift_register_unit_18_10_inst_0/shift_registers_8_reg_r/C
                               c_matrix_vec_mult_core_18_10_16_2_1_inst/elementwise_mult_core_18_1810_9_1_inst_0_real_real/dsp_signed_mult_18x18_unit_18_18_1_inst4/reg_resb_reg/A[5]
                                                              3.184         
c_matrix_vec_mult_core_18_10_16_2_1_inst/shift_register_group_18_910_inst_1_imag/shift_register_unit_18_10_inst_0/shift_registers_8_reg_r/C
                               c_matrix_vec_mult_core_18_10_16_2_1_inst/elementwise_mult_core_18_1810_9_1_inst_0_real_real/dsp_signed_mult_18x18_unit_18_18_1_inst4/reg_resb_reg/A[3]
                                                              3.185         
c_matrix_vec_mult_core_18_10_16_2_1_inst/shift_register_group_18_910_inst_1_imag/shift_register_unit_18_10_inst_0/shift_registers_8_reg_r/C
                               c_matrix_vec_mult_core_18_10_16_2_1_inst/elementwise_mult_core_18_1810_9_1_inst_0_imag_real/dsp_signed_mult_18x18_unit_18_18_1_inst0/reg_resb_reg/B[12]
                                                              3.195         
c_matrix_vec_mult_core_18_10_16_2_1_inst/shift_register_group_18_910_inst_1_imag/shift_register_unit_18_10_inst_0/shift_registers_8_reg_r/C
                               c_matrix_vec_mult_core_18_10_16_2_1_inst/elementwise_mult_core_18_1810_9_1_inst_0_real_real/dsp_signed_mult_18x18_unit_18_18_1_inst4/reg_resb_reg/A[4]
                                                              3.210         
c_matrix_vec_mult_core_18_10_16_2_1_inst/shift_register_group_18_910_inst_1_imag/shift_register_unit_18_10_inst_0/shift_registers_8_reg_r/C
                               c_matrix_vec_mult_core_18_10_16_2_1_inst/elementwise_mult_core_18_1810_9_1_inst_0_real_real/dsp_signed_mult_18x18_unit_18_18_1_inst4/reg_resb_reg/A[2]
                                                              3.224         
c_matrix_vec_mult_core_18_10_16_2_1_inst/shift_register_group_18_910_inst_1_imag/shift_register_unit_18_10_inst_0/shift_registers_8_reg_r/C
                               c_matrix_vec_mult_core_18_10_16_2_1_inst/elementwise_mult_core_18_1810_9_1_inst_0_real_real/dsp_signed_mult_18x18_unit_18_18_1_inst4/reg_resb_reg/A[6]
                                                              3.231         
c_matrix_vec_mult_core_18_10_16_2_1_inst/shift_register_group_18_910_inst_1_imag/shift_register_unit_18_10_inst_0/shift_registers_8_reg_r/C
                               c_matrix_vec_mult_core_18_10_16_2_1_inst/elementwise_mult_core_18_1810_9_1_inst_0_real_real/dsp_signed_mult_18x18_unit_18_18_1_inst4/reg_resb_reg/A[10]
                                                              3.232         
c_matrix_vec_mult_core_18_10_16_2_1_inst/shift_register_group_18_910_inst_1_imag/shift_register_unit_18_10_inst_0/shift_registers_8_reg_r/C
                               c_matrix_vec_mult_core_18_10_16_2_1_inst/elementwise_mult_core_18_1810_9_1_inst_0_imag_real/dsp_signed_mult_18x18_unit_18_18_1_inst0/reg_resb_reg/B[1]
                                                              3.235         
c_matrix_vec_mult_core_18_10_16_2_1_inst/shift_register_group_18_910_inst_1_imag/shift_register_unit_18_10_inst_0/shift_registers_8_reg_r/C
                               c_matrix_vec_mult_core_18_10_16_2_1_inst/elementwise_mult_core_18_1810_9_1_inst_0_imag_real/dsp_signed_mult_18x18_unit_18_18_1_inst4/reg_resb_reg/B[11]
                                                              3.237         
c_matrix_vec_mult_core_18_10_16_2_1_inst/shift_register_group_18_910_inst_1_imag/shift_register_unit_18_10_inst_0/shift_registers_8_reg_r/C
                               c_matrix_vec_mult_core_18_10_16_2_1_inst/elementwise_mult_core_18_1810_9_1_inst_0_real_real/dsp_signed_mult_18x18_unit_18_18_1_inst4/reg_resb_reg/A[12]
                                                              3.264         
c_matrix_vec_mult_core_18_10_16_2_1_inst/shift_register_group_18_910_inst_1_imag/shift_register_unit_18_10_inst_0/shift_registers_8_reg_r/C
                               c_matrix_vec_mult_core_18_10_16_2_1_inst/elementwise_mult_core_18_1810_9_1_inst_0_real_real/dsp_signed_mult_18x18_unit_18_18_1_inst0/reg_resb_reg/A[15]
                                                              3.278         
c_matrix_vec_mult_core_18_10_16_2_1_inst/shift_register_group_18_910_inst_1_imag/shift_register_unit_18_10_inst_0/shift_registers_8_reg_r/C
                               c_matrix_vec_mult_core_18_10_16_2_1_inst/elementwise_mult_core_18_1810_9_1_inst_0_imag_real/dsp_signed_mult_18x18_unit_18_18_1_inst4/reg_resb_reg/B[0]
                                                              3.282         
c_matrix_vec_mult_core_18_10_16_2_1_inst/shift_register_group_18_910_inst_1_imag/shift_register_unit_18_10_inst_0/shift_registers_8_reg_r/C
                               c_matrix_vec_mult_core_18_10_16_2_1_inst/elementwise_mult_core_18_1810_9_1_inst_0_real_real/dsp_signed_mult_18x18_unit_18_18_1_inst2/reg_resb_reg/A[6]
                                                              3.289         
c_matrix_vec_mult_core_18_10_16_2_1_inst/shift_register_group_18_910_inst_1_imag/shift_register_unit_18_10_inst_0/shift_registers_8_reg_r/C
                               c_matrix_vec_mult_core_18_10_16_2_1_inst/elementwise_mult_core_18_1810_9_1_inst_0_imag_real/dsp_signed_mult_18x18_unit_18_18_1_inst4/reg_resb_reg/B[7]
                                                              3.290         
c_matrix_vec_mult_core_18_10_16_2_1_inst/shift_register_group_18_910_inst_1_imag/shift_register_unit_18_10_inst_0/shift_registers_8_reg_r/C
                               c_matrix_vec_mult_core_18_10_16_2_1_inst/elementwise_mult_core_18_1810_9_1_inst_0_imag_real/dsp_signed_mult_18x18_unit_18_18_1_inst2/reg_resb_reg/B[8]
                                                              3.295         
c_matrix_vec_mult_core_18_10_16_2_1_inst/shift_register_group_18_910_inst_1_imag/shift_register_unit_18_10_inst_0/shift_registers_8_reg_r/C
                               c_matrix_vec_mult_core_18_10_16_2_1_inst/elementwise_mult_core_18_1810_9_1_inst_0_imag_real/dsp_signed_mult_18x18_unit_18_18_1_inst4/reg_resb_reg/B[12]
                                                              3.298         
c_matrix_vec_mult_core_18_10_16_2_1_inst/shift_register_group_18_910_inst_1_imag/shift_register_unit_18_10_inst_0/shift_registers_8_reg_r/C
                               c_matrix_vec_mult_core_18_10_16_2_1_inst/elementwise_mult_core_18_1810_9_1_inst_0_imag_real/dsp_signed_mult_18x18_unit_18_18_1_inst4/reg_resb_reg/B[14]
                                                              3.305         
c_matrix_vec_mult_core_18_10_16_2_1_inst/shift_register_group_18_910_inst_1_imag/shift_register_unit_18_10_inst_0/shift_registers_8_reg_r/C
                               c_matrix_vec_mult_core_18_10_16_2_1_inst/elementwise_mult_core_18_1810_9_1_inst_0_real_real/dsp_signed_mult_18x18_unit_18_18_1_inst4/reg_resb_reg/A[11]
                                                              3.307         
c_matrix_vec_mult_core_18_10_16_2_1_inst/shift_register_group_18_910_inst_1_imag/shift_register_unit_18_10_inst_0/shift_registers_8_reg_r/C
                               c_matrix_vec_mult_core_18_10_16_2_1_inst/elementwise_mult_core_18_1810_9_1_inst_0_real_real/dsp_signed_mult_18x18_unit_18_18_1_inst2/reg_resb_reg/A[8]
                                                              3.314         
c_matrix_vec_mult_core_18_10_16_2_1_inst/shift_register_group_18_910_inst_1_imag/shift_register_unit_18_10_inst_0/shift_registers_8_reg_r/C
                               c_matrix_vec_mult_core_18_10_16_2_1_inst/elementwise_mult_core_18_1810_9_1_inst_0_real_real/dsp_signed_mult_18x18_unit_18_18_1_inst2/reg_resb_reg/A[9]
                                                              3.347         
c_matrix_vec_mult_core_18_10_16_2_1_inst/shift_register_group_18_910_inst_1_imag/shift_register_unit_18_10_inst_0/shift_registers_8_reg_r/C
                               c_matrix_vec_mult_core_18_10_16_2_1_inst/elementwise_mult_core_18_1810_9_1_inst_0_imag_real/dsp_signed_mult_18x18_unit_18_18_1_inst2/reg_resb_reg/B[10]
                                                              3.353         
c_matrix_vec_mult_core_18_10_16_2_1_inst/shift_register_group_18_910_inst_1_imag/shift_register_unit_18_10_inst_0/shift_registers_8_reg_r/C
                               c_matrix_vec_mult_core_18_10_16_2_1_inst/elementwise_mult_core_18_1810_9_1_inst_0_real_real/dsp_signed_mult_18x18_unit_18_18_1_inst4/reg_resb_reg/A[7]
                                                              3.360         
c_matrix_vec_mult_core_18_10_16_2_1_inst/shift_register_group_18_910_inst_1_imag/shift_register_unit_18_10_inst_0/shift_registers_8_reg_r/C
                               c_matrix_vec_mult_core_18_10_16_2_1_inst/shift_register_group_18_910_inst_0_real/shift_register_unit_18_10_inst_5/shift_registers_9_reg[3]/D
                                                              3.361         
c_matrix_vec_mult_core_18_10_16_2_1_inst/shift_register_group_18_910_inst_1_imag/shift_register_unit_18_10_inst_0/shift_registers_8_reg_r/C
                               c_matrix_vec_mult_core_18_10_16_2_1_inst/elementwise_mult_core_18_1810_9_1_inst_0_imag_real/dsp_signed_mult_18x18_unit_18_18_1_inst2/reg_resb_reg/B[5]
                                                              3.366         
c_matrix_vec_mult_core_18_10_16_2_1_inst/shift_register_group_18_910_inst_1_imag/shift_register_unit_18_10_inst_0/shift_registers_8_reg_r/C
                               c_matrix_vec_mult_core_18_10_16_2_1_inst/elementwise_mult_core_18_1810_9_1_inst_0_real_real/dsp_signed_mult_18x18_unit_18_18_1_inst4/reg_resb_reg/A[14]
                                                              3.372         
c_matrix_vec_mult_core_18_10_16_2_1_inst/shift_register_group_18_910_inst_1_imag/shift_register_unit_18_10_inst_0/shift_registers_8_reg_r/C
                               c_matrix_vec_mult_core_18_10_16_2_1_inst/elementwise_mult_core_18_1810_9_1_inst_0_real_real/dsp_signed_mult_18x18_unit_18_18_1_inst4/reg_resb_reg/A[15]
                                                              3.385         
c_matrix_vec_mult_core_18_10_16_2_1_inst/shift_register_group_18_910_inst_1_imag/shift_register_unit_18_10_inst_0/shift_registers_8_reg_r/C
                               c_matrix_vec_mult_core_18_10_16_2_1_inst/shift_register_group_18_910_inst_0_real/shift_register_unit_18_10_inst_5/shift_registers_9_reg[11]/D
                                                              3.387         
c_matrix_vec_mult_core_18_10_16_2_1_inst/shift_register_group_18_910_inst_1_imag/shift_register_unit_18_10_inst_0/shift_registers_8_reg_r/C
                               c_matrix_vec_mult_core_18_10_16_2_1_inst/elementwise_mult_core_18_1810_9_1_inst_0_imag_real/dsp_signed_mult_18x18_unit_18_18_1_inst4/reg_resb_reg/B[1]
                                                              3.390         
c_matrix_vec_mult_core_18_10_16_2_1_inst/shift_register_group_18_910_inst_1_imag/shift_register_unit_18_10_inst_0/shift_registers_8_reg_r/C
                               c_matrix_vec_mult_core_18_10_16_2_1_inst/elementwise_mult_core_18_1810_9_1_inst_0_real_real/dsp_signed_mult_18x18_unit_18_18_1_inst2/reg_resb_reg/A[10]
                                                              3.396         
c_matrix_vec_mult_core_18_10_16_2_1_inst/shift_register_group_18_910_inst_1_imag/shift_register_unit_18_10_inst_0/shift_registers_8_reg_r/C
                               c_matrix_vec_mult_core_18_10_16_2_1_inst/elementwise_mult_core_18_1810_9_1_inst_0_imag_real/dsp_signed_mult_18x18_unit_18_18_1_inst2/reg_resb_reg/B[6]
                                                              3.399         
c_matrix_vec_mult_core_18_10_16_2_1_inst/shift_register_group_18_910_inst_1_imag/shift_register_unit_18_10_inst_0/shift_registers_8_reg_r/C
                               c_matrix_vec_mult_core_18_10_16_2_1_inst/elementwise_mult_core_18_1810_9_1_inst_0_imag_real/dsp_signed_mult_18x18_unit_18_18_1_inst2/reg_resb_reg/B[9]
                                                              3.421         
c_matrix_vec_mult_core_18_10_16_2_1_inst/shift_register_group_18_910_inst_1_imag/shift_register_unit_18_10_inst_0/shift_registers_8_reg_r/C
                               c_matrix_vec_mult_core_18_10_16_2_1_inst/elementwise_mult_core_18_1810_9_1_inst_0_imag_real/dsp_signed_mult_18x18_unit_18_18_1_inst2/reg_resb_reg/B[11]
                                                              3.426         
c_matrix_vec_mult_core_18_10_16_2_1_inst/shift_register_group_18_910_inst_1_imag/shift_register_unit_18_10_inst_0/shift_registers_8_reg_r/C
                               c_matrix_vec_mult_core_18_10_16_2_1_inst/elementwise_mult_core_18_1810_9_1_inst_0_real_real/dsp_signed_mult_18x18_unit_18_18_1_inst0/reg_resb_reg/A[17]
                                                              3.430         
c_matrix_vec_mult_core_18_10_16_2_1_inst/shift_register_group_18_910_inst_1_imag/shift_register_unit_18_10_inst_0/shift_registers_8_reg_r/C
                               c_matrix_vec_mult_core_18_10_16_2_1_inst/elementwise_mult_core_18_1810_9_1_inst_0_real_real/dsp_signed_mult_18x18_unit_18_18_1_inst2/reg_resb_reg/A[14]
                                                              3.431         
c_matrix_vec_mult_core_18_10_16_2_1_inst/shift_register_group_18_910_inst_1_imag/shift_register_unit_18_10_inst_0/shift_registers_8_reg_r/C
                               c_matrix_vec_mult_core_18_10_16_2_1_inst/elementwise_mult_core_18_1810_9_1_inst_0_imag_real/dsp_signed_mult_18x18_unit_18_18_1_inst4/reg_resb_reg/B[15]
                                                              3.435         
c_matrix_vec_mult_core_18_10_16_2_1_inst/shift_register_group_18_910_inst_1_imag/shift_register_unit_18_10_inst_0/shift_registers_8_reg_r/C
                               c_matrix_vec_mult_core_18_10_16_2_1_inst/elementwise_mult_core_18_1810_9_1_inst_0_real_real/dsp_signed_mult_18x18_unit_18_18_1_inst4/reg_resb_reg/A[17]
                                                              3.439         
c_matrix_vec_mult_core_18_10_16_2_1_inst/shift_register_group_18_910_inst_1_imag/shift_register_unit_18_10_inst_0/shift_registers_8_reg_r/C
                               c_matrix_vec_mult_core_18_10_16_2_1_inst/elementwise_mult_core_18_1810_9_1_inst_0_imag_real/dsp_signed_mult_18x18_unit_18_18_1_inst2/reg_resb_reg/B[2]
                                                              3.445         
c_matrix_vec_mult_core_18_10_16_2_1_inst/shift_register_group_18_910_inst_1_imag/shift_register_unit_18_10_inst_0/shift_registers_8_reg_r/C
                               c_matrix_vec_mult_core_18_10_16_2_1_inst/elementwise_mult_core_18_1810_9_1_inst_0_imag_real/dsp_signed_mult_18x18_unit_18_18_1_inst2/reg_resb_reg/B[3]
                                                              3.450         
c_matrix_vec_mult_core_18_10_16_2_1_inst/shift_register_group_18_910_inst_1_imag/shift_register_unit_18_10_inst_0/shift_registers_8_reg_r/C
                               c_matrix_vec_mult_core_18_10_16_2_1_inst/elementwise_mult_core_18_1810_9_1_inst_0_imag_real/dsp_signed_mult_18x18_unit_18_18_1_inst2/reg_resb_reg/B[12]
                                                              3.460         
c_matrix_vec_mult_core_18_10_16_2_1_inst/shift_register_group_18_910_inst_1_imag/shift_register_unit_18_10_inst_0/shift_registers_8_reg_r/C
                               c_matrix_vec_mult_core_18_10_16_2_1_inst/elementwise_mult_core_18_1810_9_1_inst_0_real_real/dsp_signed_mult_18x18_unit_18_18_1_inst4/reg_resb_reg/A[1]
                                                              3.460         
c_matrix_vec_mult_core_18_10_16_2_1_inst/shift_register_group_18_910_inst_1_imag/shift_register_unit_18_10_inst_0/shift_registers_8_reg_r/C
                               c_matrix_vec_mult_core_18_10_16_2_1_inst/elementwise_mult_core_18_1810_9_1_inst_0_imag_real/dsp_signed_mult_18x18_unit_18_18_1_inst2/reg_resb_reg/B[1]
                                                              3.463         
c_matrix_vec_mult_core_18_10_16_2_1_inst/shift_register_group_18_910_inst_1_imag/shift_register_unit_18_10_inst_0/shift_registers_8_reg_r/C
                               c_matrix_vec_mult_core_18_10_16_2_1_inst/shift_register_group_18_910_inst_0_real/shift_register_unit_18_10_inst_5/shift_registers_9_reg[4]/D
                                                              3.465         
c_matrix_vec_mult_core_18_10_16_2_1_inst/shift_register_group_18_910_inst_1_imag/shift_register_unit_18_10_inst_0/shift_registers_8_reg_r/C
                               c_matrix_vec_mult_core_18_10_16_2_1_inst/elementwise_mult_core_18_1810_9_1_inst_0_real_real/dsp_signed_mult_18x18_unit_18_18_1_inst4/reg_resb_reg/A[0]
                                                              3.472         
c_matrix_vec_mult_core_18_10_16_2_1_inst/shift_register_group_18_910_inst_1_imag/shift_register_unit_18_10_inst_0/shift_registers_8_reg_r/C
                               c_matrix_vec_mult_core_18_10_16_2_1_inst/shift_register_group_18_910_inst_0_real/shift_register_unit_18_10_inst_5/shift_registers_9_reg[8]/D
                                                              3.472         
c_matrix_vec_mult_core_18_10_16_2_1_inst/shift_register_group_18_910_inst_1_imag/shift_register_unit_18_10_inst_0/shift_registers_8_reg_r/C
                               c_matrix_vec_mult_core_18_10_16_2_1_inst/elementwise_mult_core_18_1810_9_1_inst_0_imag_real/dsp_signed_mult_18x18_unit_18_18_1_inst2/reg_resb_reg/B[16]
                                                              3.474         
c_matrix_vec_mult_core_18_10_16_2_1_inst/shift_register_group_18_910_inst_1_imag/shift_register_unit_18_10_inst_0/shift_registers_8_reg_r/C
                               c_matrix_vec_mult_core_18_10_16_2_1_inst/elementwise_mult_core_18_1810_9_1_inst_0_imag_real/dsp_signed_mult_18x18_unit_18_18_1_inst2/reg_resb_reg/B[13]
                                                              3.476         
c_matrix_vec_mult_core_18_10_16_2_1_inst/shift_register_group_18_910_inst_1_imag/shift_register_unit_18_10_inst_0/shift_registers_8_reg_r/C
                               c_matrix_vec_mult_core_18_10_16_2_1_inst/elementwise_mult_core_18_1810_9_1_inst_0_real_real/dsp_signed_mult_18x18_unit_18_18_1_inst4/reg_resb_reg/A[13]
                                                              3.491         
c_matrix_vec_mult_core_18_10_16_2_1_inst/shift_register_group_18_910_inst_1_imag/shift_register_unit_18_10_inst_0/shift_registers_8_reg_r/C
                               c_matrix_vec_mult_core_18_10_16_2_1_inst/elementwise_mult_core_18_1810_9_1_inst_0_real_real/dsp_signed_mult_18x18_unit_18_18_1_inst2/reg_resb_reg/A[12]
                                                              3.510         
c_matrix_vec_mult_core_18_10_16_2_1_inst/shift_register_group_18_910_inst_1_imag/shift_register_unit_18_10_inst_0/shift_registers_8_reg_r/C
                               c_matrix_vec_mult_core_18_10_16_2_1_inst/elementwise_mult_core_18_1810_9_1_inst_0_imag_real/dsp_signed_mult_18x18_unit_18_18_1_inst0/reg_resb_reg/B[13]
                                                              3.513         
c_matrix_vec_mult_core_18_10_16_2_1_inst/shift_register_group_18_910_inst_1_imag/shift_register_unit_18_10_inst_0/shift_registers_8_reg_r/C
                               c_matrix_vec_mult_core_18_10_16_2_1_inst/elementwise_mult_core_18_1810_9_1_inst_0_real_real/dsp_signed_mult_18x18_unit_18_18_1_inst2/reg_resb_reg/A[15]
                                                              3.517         
c_matrix_vec_mult_core_18_10_16_2_1_inst/shift_register_group_18_910_inst_1_imag/shift_register_unit_18_10_inst_0/shift_registers_8_reg_r/C
                               c_matrix_vec_mult_core_18_10_16_2_1_inst/elementwise_mult_core_18_1810_9_1_inst_0_real_real/dsp_signed_mult_18x18_unit_18_18_1_inst2/reg_resb_reg/A[13]
                                                              3.520         
c_matrix_vec_mult_core_18_10_16_2_1_inst/shift_register_group_18_910_inst_1_imag/shift_register_unit_18_10_inst_0/shift_registers_8_reg_r/C
                               c_matrix_vec_mult_core_18_10_16_2_1_inst/elementwise_mult_core_18_1810_9_1_inst_0_real_real/dsp_signed_mult_18x18_unit_18_18_1_inst0/reg_resb_reg/A[12]
                                                              3.521         
c_matrix_vec_mult_core_18_10_16_2_1_inst/shift_register_group_18_910_inst_1_imag/shift_register_unit_18_10_inst_0/shift_registers_8_reg_r/C
                               c_matrix_vec_mult_core_18_10_16_2_1_inst/elementwise_mult_core_18_1810_9_1_inst_0_imag_real/dsp_signed_mult_18x18_unit_18_18_1_inst2/reg_resb_reg/B[14]
                                                              3.521         
c_matrix_vec_mult_core_18_10_16_2_1_inst/shift_register_group_18_910_inst_1_imag/shift_register_unit_18_10_inst_0/shift_registers_8_reg_r/C
                               c_matrix_vec_mult_core_18_10_16_2_1_inst/elementwise_mult_core_18_1810_9_1_inst_0_imag_real/dsp_signed_mult_18x18_unit_18_18_1_inst0/reg_resb_reg/B[14]
                                                              3.521         
c_matrix_vec_mult_core_18_10_16_2_1_inst/shift_register_group_18_910_inst_1_imag/shift_register_unit_18_10_inst_0/shift_registers_8_reg_r/C
                               c_matrix_vec_mult_core_18_10_16_2_1_inst/elementwise_mult_core_18_1810_9_1_inst_0_imag_real/dsp_signed_mult_18x18_unit_18_18_1_inst0/reg_resb_reg/B[9]
                                                              3.522         
c_matrix_vec_mult_core_18_10_16_2_1_inst/shift_register_group_18_910_inst_1_imag/shift_register_unit_18_10_inst_0/shift_registers_8_reg_r/C
                               c_matrix_vec_mult_core_18_10_16_2_1_inst/elementwise_mult_core_18_1810_9_1_inst_0_imag_real/dsp_signed_mult_18x18_unit_18_18_1_inst6/reg_resb_reg/B[8]
                                                              3.526         
c_matrix_vec_mult_core_18_10_16_2_1_inst/shift_register_group_18_910_inst_1_imag/shift_register_unit_18_10_inst_0/shift_registers_8_reg_r/C
                               c_matrix_vec_mult_core_18_10_16_2_1_inst/shift_register_group_18_910_inst_0_real/shift_register_unit_18_10_inst_5/shift_registers_9_reg[5]/D
                                                              3.532         
c_matrix_vec_mult_core_18_10_16_2_1_inst/shift_register_group_18_910_inst_1_imag/shift_register_unit_18_10_inst_0/shift_registers_8_reg_r/C
                               c_matrix_vec_mult_core_18_10_16_2_1_inst/elementwise_mult_core_18_1810_9_1_inst_0_real_real/dsp_signed_mult_18x18_unit_18_18_1_inst2/reg_resb_reg/A[3]
                                                              3.534         
c_matrix_vec_mult_core_18_10_16_2_1_inst/shift_register_group_18_910_inst_1_imag/shift_register_unit_18_10_inst_0/shift_registers_8_reg_r/C
                               c_matrix_vec_mult_core_18_10_16_2_1_inst/shift_register_group_18_910_inst_0_real/shift_register_unit_18_10_inst_5/shift_registers_9_reg[12]/D
                                                              3.537         
c_matrix_vec_mult_core_18_10_16_2_1_inst/shift_register_group_18_910_inst_1_imag/shift_register_unit_18_10_inst_0/shift_registers_8_reg_r/C
                               c_matrix_vec_mult_core_18_10_16_2_1_inst/shift_register_group_18_910_inst_0_real/shift_register_unit_18_10_inst_5/shift_registers_9_reg[2]/D
                                                              3.539         
c_matrix_vec_mult_core_18_10_16_2_1_inst/shift_register_group_18_910_inst_1_imag/shift_register_unit_18_10_inst_0/shift_registers_8_reg_r/C
                               c_matrix_vec_mult_core_18_10_16_2_1_inst/elementwise_mult_core_18_1810_9_1_inst_0_imag_real/dsp_signed_mult_18x18_unit_18_18_1_inst4/reg_resb_reg/B[13]
                                                              3.540         
c_matrix_vec_mult_core_18_10_16_2_1_inst/shift_register_group_18_910_inst_1_imag/shift_register_unit_18_10_inst_0/shift_registers_8_reg_r/C
                               c_matrix_vec_mult_core_18_10_16_2_1_inst/shift_register_group_18_910_inst_0_real/shift_register_unit_18_10_inst_3/shift_registers_9_reg[10]/D
                                                              3.543         
c_matrix_vec_mult_core_18_10_16_2_1_inst/shift_register_group_18_910_inst_1_imag/shift_register_unit_18_10_inst_0/shift_registers_8_reg_r/C
                               c_matrix_vec_mult_core_18_10_16_2_1_inst/elementwise_mult_core_18_1810_9_1_inst_0_imag_real/dsp_signed_mult_18x18_unit_18_18_1_inst2/reg_resb_reg/B[15]
                                                              3.544         
c_matrix_vec_mult_core_18_10_16_2_1_inst/shift_register_group_18_910_inst_1_imag/shift_register_unit_18_10_inst_0/shift_registers_8_reg_r/C
                               c_matrix_vec_mult_core_18_10_16_2_1_inst/shift_register_group_18_910_inst_0_real/shift_register_unit_18_10_inst_5/shift_registers_9_reg[1]/D
                                                              3.559         
c_matrix_vec_mult_core_18_10_16_2_1_inst/shift_register_group_18_910_inst_1_imag/shift_register_unit_18_10_inst_0/shift_registers_8_reg_r/C
                               c_matrix_vec_mult_core_18_10_16_2_1_inst/shift_register_group_18_910_inst_0_real/shift_register_unit_18_10_inst_5/shift_registers_9_reg[14]/D
                                                              3.566         
c_matrix_vec_mult_core_18_10_16_2_1_inst/shift_register_group_18_910_inst_1_imag/shift_register_unit_18_10_inst_0/shift_registers_8_reg_r/C
                               c_matrix_vec_mult_core_18_10_16_2_1_inst/elementwise_mult_core_18_1810_9_1_inst_0_imag_real/dsp_signed_mult_18x18_unit_18_18_1_inst0/reg_resb_reg/B[0]
                                                              3.575         
c_matrix_vec_mult_core_18_10_16_2_1_inst/shift_register_group_18_910_inst_1_imag/shift_register_unit_18_10_inst_0/shift_registers_8_reg_r/C
                               c_matrix_vec_mult_core_18_10_16_2_1_inst/elementwise_mult_core_18_1810_9_1_inst_0_imag_real/dsp_signed_mult_18x18_unit_18_18_1_inst4/reg_resb_reg/B[9]
                                                              3.575         
c_matrix_vec_mult_core_18_10_16_2_1_inst/shift_register_group_18_910_inst_1_imag/shift_register_unit_18_10_inst_0/shift_registers_8_reg_r/C
                               c_matrix_vec_mult_core_18_10_16_2_1_inst/elementwise_mult_core_18_1810_9_1_inst_0_real_real/dsp_signed_mult_18x18_unit_18_18_1_inst2/reg_resb_reg/A[11]
                                                              3.585         
c_matrix_vec_mult_core_18_10_16_2_1_inst/shift_register_group_18_910_inst_1_imag/shift_register_unit_18_10_inst_0/shift_registers_8_reg_r/C
                               c_matrix_vec_mult_core_18_10_16_2_1_inst/elementwise_mult_core_18_1810_9_1_inst_0_imag_real/dsp_signed_mult_18x18_unit_18_18_1_inst0/reg_resb_reg/B[11]
                                                              3.592         
c_matrix_vec_mult_core_18_10_16_2_1_inst/shift_register_group_18_910_inst_1_imag/shift_register_unit_18_10_inst_0/shift_registers_8_reg_r/C
                               c_matrix_vec_mult_core_18_10_16_2_1_inst/shift_register_group_18_910_inst_0_real/shift_register_unit_18_10_inst_5/shift_registers_9_reg[10]/D
                                                              3.597         
c_matrix_vec_mult_core_18_10_16_2_1_inst/shift_register_group_18_910_inst_1_imag/shift_register_unit_18_10_inst_0/shift_registers_8_reg_r/C
                               c_matrix_vec_mult_core_18_10_16_2_1_inst/shift_register_group_18_910_inst_0_real/shift_register_unit_18_10_inst_5/shift_registers_9_reg[6]/D
                                                              3.600         
c_matrix_vec_mult_core_18_10_16_2_1_inst/shift_register_group_18_910_inst_1_imag/shift_register_unit_18_10_inst_0/shift_registers_8_reg_r/C
                               c_matrix_vec_mult_core_18_10_16_2_1_inst/elementwise_mult_core_18_1810_9_1_inst_0_imag_real/dsp_signed_mult_18x18_unit_18_18_1_inst0/reg_resb_reg/B[5]
                                                              3.609         
c_matrix_vec_mult_core_18_10_16_2_1_inst/shift_register_group_18_910_inst_1_imag/shift_register_unit_18_10_inst_0/shift_registers_8_reg_r/C
                               c_matrix_vec_mult_core_18_10_16_2_1_inst/elementwise_mult_core_18_1810_9_1_inst_0_imag_real/dsp_signed_mult_18x18_unit_18_18_1_inst0/reg_resb_reg/B[10]
                                                              3.614         
c_matrix_vec_mult_core_18_10_16_2_1_inst/shift_register_group_18_910_inst_1_imag/shift_register_unit_18_10_inst_0/shift_registers_8_reg_r/C
                               c_matrix_vec_mult_core_18_10_16_2_1_inst/elementwise_mult_core_18_1810_9_1_inst_0_real_real/dsp_signed_mult_18x18_unit_18_18_1_inst2/reg_resb_reg/A[17]
                                                              3.616         
c_matrix_vec_mult_core_18_10_16_2_1_inst/shift_register_group_18_910_inst_1_imag/shift_register_unit_18_10_inst_0/shift_registers_8_reg_r/C
                               c_matrix_vec_mult_core_18_10_16_2_1_inst/shift_register_group_18_910_inst_0_real/shift_register_unit_18_10_inst_1/shift_registers_9_reg[12]/D
                                                              3.625         
c_matrix_vec_mult_core_18_10_16_2_1_inst/shift_register_group_18_910_inst_1_imag/shift_register_unit_18_10_inst_0/shift_registers_8_reg_r/C
                               c_matrix_vec_mult_core_18_10_16_2_1_inst/elementwise_mult_core_18_1810_9_1_inst_0_real_real/dsp_signed_mult_18x18_unit_18_18_1_inst2/reg_resb_reg/A[2]
                                                              3.629         
c_matrix_vec_mult_core_18_10_16_2_1_inst/shift_register_group_18_910_inst_1_imag/shift_register_unit_18_10_inst_0/shift_registers_8_reg_r/C
                               c_matrix_vec_mult_core_18_10_16_2_1_inst/elementwise_mult_core_18_1810_9_1_inst_0_real_real/dsp_signed_mult_18x18_unit_18_18_1_inst2/reg_resb_reg/A[1]
                                                              3.630         
c_matrix_vec_mult_core_18_10_16_2_1_inst/shift_register_group_18_910_inst_1_imag/shift_register_unit_18_10_inst_0/shift_registers_8_reg_r/C
                               c_matrix_vec_mult_core_18_10_16_2_1_inst/elementwise_mult_core_18_1810_9_1_inst_0_real_real/dsp_signed_mult_18x18_unit_18_18_1_inst0/reg_resb_reg/A[1]
                                                              3.638         
c_matrix_vec_mult_core_18_10_16_2_1_inst/shift_register_group_18_910_inst_1_imag/shift_register_unit_18_10_inst_0/shift_registers_8_reg_r/C
                               c_matrix_vec_mult_core_18_10_16_2_1_inst/elementwise_mult_core_18_1810_9_1_inst_0_imag_real/dsp_signed_mult_18x18_unit_18_18_1_inst0/reg_resb_reg/B[8]
                                                              3.638         
c_matrix_vec_mult_core_18_10_16_2_1_inst/shift_register_group_18_910_inst_1_imag/shift_register_unit_18_10_inst_0/shift_registers_8_reg_r/C
                               c_matrix_vec_mult_core_18_10_16_2_1_inst/shift_register_group_18_910_inst_0_real/shift_register_unit_18_10_inst_1/shift_registers_9_reg[16]/D
                                                              3.642         
c_matrix_vec_mult_core_18_10_16_2_1_inst/shift_register_group_18_910_inst_1_imag/shift_register_unit_18_10_inst_0/shift_registers_8_reg_r/C
                               c_matrix_vec_mult_core_18_10_16_2_1_inst/elementwise_mult_core_18_1810_9_1_inst_0_imag_real/dsp_signed_mult_18x18_unit_18_18_1_inst0/reg_resb_reg/B[4]
                                                              3.653         
c_matrix_vec_mult_core_18_10_16_2_1_inst/shift_register_group_18_910_inst_1_imag/shift_register_unit_18_10_inst_0/shift_registers_8_reg_r/C
                               c_matrix_vec_mult_core_18_10_16_2_1_inst/elementwise_mult_core_18_1810_9_1_inst_0_real_real/dsp_signed_mult_18x18_unit_18_18_1_inst0/reg_resb_reg/A[13]
                                                              3.657         
c_matrix_vec_mult_core_18_10_16_2_1_inst/shift_register_group_18_910_inst_1_imag/shift_register_unit_18_10_inst_0/shift_registers_8_reg_r/C
                               c_matrix_vec_mult_core_18_10_16_2_1_inst/shift_register_group_18_910_inst_0_real/shift_register_unit_18_10_inst_5/shift_registers_9_reg[0]/D
                                                              3.657         
c_matrix_vec_mult_core_18_10_16_2_1_inst/shift_register_group_18_910_inst_1_imag/shift_register_unit_18_10_inst_0/shift_registers_8_reg_r/C
                               c_matrix_vec_mult_core_18_10_16_2_1_inst/elementwise_mult_core_18_1810_9_1_inst_0_real_real/dsp_signed_mult_18x18_unit_18_18_1_inst0/reg_resb_reg/A[14]
                                                              3.665         
c_matrix_vec_mult_core_18_10_16_2_1_inst/shift_register_group_18_910_inst_1_imag/shift_register_unit_18_10_inst_0/shift_registers_8_reg_r/C
                               c_matrix_vec_mult_core_18_10_16_2_1_inst/shift_register_group_18_910_inst_0_real/shift_register_unit_18_10_inst_3/shift_registers_9_reg[15]/D
                                                              3.679         
c_matrix_vec_mult_core_18_10_16_2_1_inst/shift_register_group_18_910_inst_1_imag/shift_register_unit_18_10_inst_0/shift_registers_8_reg_r/C
                               c_matrix_vec_mult_core_18_10_16_2_1_inst/shift_register_group_18_910_inst_0_real/shift_register_unit_18_10_inst_1/shift_registers_9_reg[15]/D
                                                              3.693         
c_matrix_vec_mult_core_18_10_16_2_1_inst/shift_register_group_18_910_inst_1_imag/shift_register_unit_18_10_inst_0/shift_registers_8_reg_r/C
                               c_matrix_vec_mult_core_18_10_16_2_1_inst/shift_register_group_18_910_inst_0_real/shift_register_unit_18_10_inst_3/shift_registers_9_reg[8]/D
                                                              3.696         
c_matrix_vec_mult_core_18_10_16_2_1_inst/shift_register_group_18_910_inst_1_imag/shift_register_unit_18_10_inst_0/shift_registers_8_reg_r/C
                               c_matrix_vec_mult_core_18_10_16_2_1_inst/elementwise_mult_core_18_1810_9_1_inst_0_imag_real/dsp_signed_mult_18x18_unit_18_18_1_inst2/reg_resb_reg/B[4]
                                                              3.697         
c_matrix_vec_mult_core_18_10_16_2_1_inst/shift_register_group_18_910_inst_1_imag/shift_register_unit_18_10_inst_0/shift_registers_8_reg_r/C
                               c_matrix_vec_mult_core_18_10_16_2_1_inst/shift_register_group_18_910_inst_0_real/shift_register_unit_18_10_inst_3/shift_registers_9_reg[6]/D
                                                              3.716         



