Copyright 1986-2018 Xilinx, Inc. All Rights Reserved.
--------------------------------------------------------------------------------------------------------------------------------------------------------------------------------------------------------------------------
| Tool Version : Vivado v.2018.3 (lin64) Build 2405991 Thu Dec  6 23:36:41 MST 2018
| Date         : Thu Jan 13 17:37:01 2022
| Host         : koopa.ece.utexas.edu running 64-bit CentOS Linux release 7.9.2009 (Core)
| Command      : report_timing -sort_by group -max_paths 100 -path_type summary -file /misc/scratch/zwei1/reports_Jan12/raw_designs/vtr_designs/verilog/stereovision1_submodules/wrapper_corr_5_seq/post_route_timing.rpt
| Design       : wrapper_corr_5_seq
| Device       : 7z020-clg484
| Speed File   : -3  PRODUCTION 1.11 2014-09-11
--------------------------------------------------------------------------------------------------------------------------------------------------------------------------------------------------------------------------

Timing Report

Startpoint                     Endpoint                       Slack(ns)     
----------------------------------------------------------------------------
inst_corr_0/in_r_re_reg_reg[2]/C
                               inst_corr_0/lrexrre_reg_reg[15]/D
                                                              3.424         
inst_corr_0/in_r_re_reg_reg[2]/C
                               inst_corr_0/lrexrre_reg_reg[14]/D
                                                              3.438         
inst_corr_0/in_r_re_reg_reg[2]/C
                               inst_corr_0/lrexrre_reg_reg[12]/D
                                                              3.442         
inst_corr_0/in_r_re_reg_reg[2]/C
                               inst_corr_0/lrexrre_reg_reg[13]/D
                                                              3.491         
inst_corr_0/in_r_re_reg_reg[2]/C
                               inst_corr_0/lrexrre_reg_reg[11]/D
                                                              3.513         
inst_corr_0/in_r_im_reg_reg[2]/C
                               inst_corr_5/limxrim_reg_reg[15]/D
                                                              3.627         
inst_corr_0/in_r_im_reg_reg[2]/C
                               inst_corr_5/limxrim_reg_reg[14]/D
                                                              3.641         
inst_corr_0/in_r_im_reg_reg[2]/C
                               inst_corr_5/limxrim_reg_reg[12]/D
                                                              3.645         
inst_corr_0/in_r_im_reg_reg[2]/C
                               inst_corr_5/limxrim_reg_reg[13]/D
                                                              3.694         
inst_corr_0/in_r_im_reg_reg[1]/C
                               inst_corr_4/limxrim_reg_reg[15]/D
                                                              3.700         
inst_corr_0/in_r_im_reg_reg[1]/C
                               inst_corr_4/limxrim_reg_reg[14]/D
                                                              3.712         
inst_corr_0/in_r_im_reg_reg[2]/C
                               inst_corr_5/limxrim_reg_reg[11]/D
                                                              3.716         
inst_corr_0/in_r_im_reg_reg[1]/C
                               inst_corr_4/limxrim_reg_reg[12]/D
                                                              3.726         
inst_corr_0/in_r_re_reg_reg[4]/C
                               inst_corr_5/lrexrre_reg_reg[15]/D
                                                              3.732         
inst_corr_0/in_r_re_reg_reg[4]/C
                               inst_corr_5/lrexrre_reg_reg[14]/D
                                                              3.744         
inst_corr_0/in_r_re_reg_reg[4]/C
                               inst_corr_5/lrexrre_reg_reg[12]/D
                                                              3.758         
inst_corr_0/in_r_im_reg_reg[1]/C
                               inst_corr_4/limxrim_reg_reg[13]/D
                                                              3.769         
inst_corr_0/in_r_im_reg_reg[1]/C
                               inst_corr_4/limxrim_reg_reg[11]/D
                                                              3.792         
inst_corr_0/in_r_re_reg_reg[2]/C
                               inst_corr_0/lrexrre_reg_reg[10]/D
                                                              3.794         
inst_corr_0/in_r_re_reg_reg[4]/C
                               inst_corr_5/lrexrre_reg_reg[13]/D
                                                              3.801         
inst_corr_0/in_r_im_reg_reg[2]/C
                               inst_corr_5/limxrim_reg_reg[10]/D
                                                              3.808         
inst_corr_0/in_r_re_reg_reg[4]/C
                               inst_corr_5/lrexrre_reg_reg[11]/D
                                                              3.824         
inst_corr_0/in_r_re_reg_reg[2]/C
                               inst_corr_0/lrexrre_reg_reg[9]/D
                                                              3.840         
inst_corr_0/in_r_im_reg_reg[2]/C
                               inst_corr_5/limxrim_reg_reg[9]/D
                                                              3.854         
inst_corr_0/in_r_re_reg_reg[4]/C
                               inst_corr_4/lrexrre_reg_reg[15]/D
                                                              3.969         
inst_corr_0/in_r_im_reg_reg[3]/C
                               inst_corr_1/limxrim_reg_reg[15]/D
                                                              4.002         
inst_corr_0/in_r_im_reg_reg[3]/C
                               inst_corr_2/limxrim_reg_reg[15]/D
                                                              4.054         
inst_corr_0/in_r_im_reg_reg[3]/C
                               inst_corr_2/limxrim_reg_reg[14]/D
                                                              4.068         
inst_corr_0/in_r_re_reg_reg[2]/C
                               inst_corr_1/lrexrre_reg_reg[15]/D
                                                              4.072         
inst_corr_0/in_r_im_reg_reg[3]/C
                               inst_corr_2/limxrim_reg_reg[12]/D
                                                              4.072         
inst_corr_0/in_r_re_reg_reg[4]/C
                               inst_corr_5/lrexrre_reg_reg[10]/D
                                                              4.074         
inst_corr_0/in_r_re_reg_reg[2]/C
                               inst_corr_1/lrexrre_reg_reg[14]/D
                                                              4.086         
inst_corr_0/in_r_im_reg_reg[5]/C
                               inst_corr_3/limxrim_reg_reg[15]/D
                                                              4.090         
inst_corr_0/in_r_re_reg_reg[2]/C
                               inst_corr_1/lrexrre_reg_reg[12]/D
                                                              4.090         
inst_corr_0/in_r_im_reg_reg[3]/C
                               inst_corr_2/limxrim_reg_reg[13]/D
                                                              4.121         
inst_corr_0/in_r_re_reg_reg[2]/C
                               inst_corr_1/lrexrre_reg_reg[13]/D
                                                              4.139         
inst_corr_0/in_r_im_reg_reg[3]/C
                               inst_corr_2/limxrim_reg_reg[11]/D
                                                              4.143         
inst_corr_0/in_r_re_reg_reg[2]/C
                               inst_corr_1/lrexrre_reg_reg[11]/D
                                                              4.161         
inst_corr_0/in_r_re_reg_reg[4]/C
                               inst_corr_4/lrexrre_reg_reg[14]/D
                                                              4.162         
inst_corr_0/in_r_re_reg_reg[4]/C
                               inst_corr_4/lrexrre_reg_reg[12]/D
                                                              4.186         
inst_corr_0/in_r_re_reg_reg[4]/C
                               inst_corr_5/lrexrre_reg_reg[9]/D
                                                              4.189         
inst_corr_0/in_r_im_reg_reg[5]/C
                               inst_corr_3/limxrim_reg_reg[14]/D
                                                              4.192         
inst_corr_0/in_r_re_reg_reg[4]/C
                               inst_corr_4/lrexrre_reg_reg[13]/D
                                                              4.213         
inst_corr_0/in_r_im_reg_reg[3]/C
                               inst_corr_1/limxrim_reg_reg[14]/D
                                                              4.224         
inst_corr_0/in_r_im_reg_reg[3]/C
                               inst_corr_1/limxrim_reg_reg[12]/D
                                                              4.228         
inst_corr_0/in_r_im_reg_reg[3]/C
                               inst_corr_2/limxrim_reg_reg[10]/D
                                                              4.235         
inst_corr_0/in_r_im_reg_reg[5]/C
                               inst_corr_3/limxrim_reg_reg[13]/D
                                                              4.237         
inst_corr_0/in_r_re_reg_reg[2]/C
                               inst_corr_1/lrexrre_reg_reg[10]/D
                                                              4.253         
inst_corr_0/in_r_re_reg_reg[4]/C
                               inst_corr_4/lrexrre_reg_reg[11]/D
                                                              4.257         
inst_corr_0/in_r_im_reg_reg[3]/C
                               inst_corr_1/limxrim_reg_reg[13]/D
                                                              4.277         
inst_corr_0/in_r_im_reg_reg[3]/C
                               inst_corr_2/limxrim_reg_reg[9]/D
                                                              4.281         
inst_corr_0/in_r_re_reg_reg[2]/C
                               inst_corr_1/lrexrre_reg_reg[9]/D
                                                              4.299         
inst_corr_0/in_r_im_reg_reg[3]/C
                               inst_corr_1/limxrim_reg_reg[11]/D
                                                              4.299         
inst_corr_0/in_r_im_reg_reg[5]/C
                               inst_corr_3/limxrim_reg_reg[12]/D
                                                              4.341         
inst_corr_0/in_r_im_reg_reg[2]/C
                               inst_corr_5/limxrim_reg_reg[8]/D
                                                              4.369         
inst_corr_0/in_r_im_reg_reg[1]/C
                               inst_corr_4/limxrim_reg_reg[10]/D
                                                              4.370         
inst_corr_0/in_r_im_reg_reg[1]/C
                               inst_corr_4/limxrim_reg_reg[9]/D
                                                              4.419         
inst_corr_0/in_r_re_reg_reg[5]/C
                               inst_corr_3/lrexrre_reg_reg[15]/D
                                                              4.420         
inst_corr_0/in_r_im_reg_reg[3]/C
                               inst_corr_1/limxrim_reg_reg[10]/D
                                                              4.427         
inst_corr_0/in_r_im_reg_reg[5]/C
                               inst_corr_0/limxrim_reg_reg[15]/D
                                                              4.428         
inst_corr_0/in_r_im_reg_reg[5]/C
                               inst_corr_0/limxrim_reg_reg[14]/D
                                                              4.442         
inst_corr_0/in_r_im_reg_reg[5]/C
                               inst_corr_0/limxrim_reg_reg[12]/D
                                                              4.446         
inst_corr_0/in_r_im_reg_reg[5]/C
                               inst_corr_3/limxrim_reg_reg[11]/D
                                                              4.457         
inst_corr_0/in_r_re_reg_reg[4]/C
                               inst_corr_5/lrexrre_reg_reg[8]/D
                                                              4.487         
inst_corr_0/in_r_im_reg_reg[5]/C
                               inst_corr_0/limxrim_reg_reg[13]/D
                                                              4.495         
inst_corr_0/in_r_re_reg_reg[2]/C
                               inst_corr_0/lrexrre_reg_reg[8]/D
                                                              4.500         
inst_corr_0/in_r_im_reg_reg[5]/C
                               inst_corr_0/limxrim_reg_reg[11]/D
                                                              4.517         
inst_corr_0/in_r_re_reg_reg[5]/C
                               inst_corr_3/lrexrre_reg_reg[14]/D
                                                              4.522         
inst_corr_0/in_r_re_reg_reg[5]/C
                               inst_corr_2/lrexrre_reg_reg[15]/D
                                                              4.541         
inst_corr_0/in_r_im_reg_reg[3]/C
                               inst_corr_1/limxrim_reg_reg[9]/D
                                                              4.563         
inst_corr_0/in_r_re_reg_reg[5]/C
                               inst_corr_3/lrexrre_reg_reg[13]/D
                                                              4.567         
inst_corr_0/in_r_re_reg_reg[5]/C
                               inst_corr_3/lrexrre_reg_reg[12]/D
                                                              4.573         
inst_corr_0/in_r_im_reg_reg[3]/C
                               inst_corr_3/limxrim_reg_reg[10]/D
                                                              4.582         
inst_corr_0/in_r_re_reg_reg[4]/C
                               inst_corr_4/lrexrre_reg_reg[10]/D
                                                              4.597         
inst_corr_0/in_r_re_reg_reg[4]/C
                               inst_corr_5/lrexrre_reg_reg[7]/D
                                                              4.600         
inst_corr_0/in_r_im_reg_reg[3]/C
                               inst_corr_3/limxrim_reg_reg[9]/D
                                                              4.628         
inst_corr_0/in_r_re_reg_reg[4]/C
                               inst_corr_4/lrexrre_reg_reg[9]/D
                                                              4.643         
inst_corr_0/in_r_re_reg_reg[5]/C
                               inst_corr_2/lrexrre_reg_reg[14]/D
                                                              4.643         
inst_corr_0/in_r_re_reg_reg[5]/C
                               inst_corr_3/lrexrre_reg_reg[11]/D
                                                              4.644         
inst_corr_0/in_r_im_reg_reg[1]/C
                               inst_corr_4/limxrim_reg_reg[8]/D
                                                              4.675         
inst_corr_0/in_r_re_reg_reg[5]/C
                               inst_corr_2/lrexrre_reg_reg[13]/D
                                                              4.688         
inst_corr_0/in_r_im_reg_reg[3]/C
                               inst_corr_2/limxrim_reg_reg[8]/D
                                                              4.694         
inst_corr_0/in_r_re_reg_reg[5]/C
                               inst_corr_3/lrexrre_reg_reg[10]/D
                                                              4.772         
inst_corr_0/in_r_im_reg_reg[1]/C
                               inst_corr_4/limxrim_reg_reg[7]/D
                                                              4.788         
inst_corr_0/in_r_re_reg_reg[5]/C
                               inst_corr_2/lrexrre_reg_reg[12]/D
                                                              4.792         
inst_corr_0/in_r_im_reg_reg[5]/C
                               inst_corr_5/limxrim_reg_reg[7]/D
                                                              4.846         
inst_corr_0/in_r_im_reg_reg[3]/C
                               inst_corr_1/limxrim_reg_reg[8]/D
                                                              4.865         
inst_corr_0/in_r_re_reg_reg[2]/C
                               inst_corr_1/lrexrre_reg_reg[8]/D
                                                              4.868         
inst_corr_0/in_r_re_reg_reg[3]/C
                               inst_corr_0/lrexrre_reg_reg[7]/D
                                                              4.870         
inst_corr_0/in_r_im_reg_reg[5]/C
                               inst_corr_0/limxrim_reg_reg[10]/D
                                                              4.902         
inst_corr_0/in_r_re_reg_reg[5]/C
                               inst_corr_2/lrexrre_reg_reg[11]/D
                                                              4.908         
inst_corr_0/in_r_re_reg_reg[2]/C
                               inst_corr_1/lrexrre_reg_reg[7]/D
                                                              4.939         
inst_corr_0/in_r_im_reg_reg[5]/C
                               inst_corr_0/limxrim_reg_reg[9]/D
                                                              4.948         
inst_corr_0/in_r_im_reg_reg[3]/C
                               inst_corr_1/limxrim_reg_reg[7]/D
                                                              4.981         
inst_corr_0/in_r_re_reg_reg[2]/C
                               inst_corr_4/lrexrre_reg_reg[8]/D
                                                              5.001         
inst_corr_0/in_r_re_reg_reg[5]/C
                               inst_corr_3/lrexrre_reg_reg[9]/D
                                                              5.023         
inst_corr_0/in_r_re_reg_reg[2]/C
                               inst_corr_2/lrexrre_reg_reg[10]/D
                                                              5.099         
inst_corr_0/in_r_re_reg_reg[2]/C
                               inst_corr_4/lrexrre_reg_reg[7]/D
                                                              5.117         
inst_corr_0/in_r_im_reg_reg[0]/C
                               inst_corr_0/limxrim_reg_reg[8]/D
                                                              5.124         
inst_corr_0/in_r_re_reg_reg[2]/C
                               inst_corr_2/lrexrre_reg_reg[9]/D
                                                              5.145         



