Copyright 1986-2018 Xilinx, Inc. All Rights Reserved.
------------------------------------------------------------------------------------------------------------------------------------------------------------------------------------------------------------------------------------------
| Tool Version : Vivado v.2018.3 (lin64) Build 2405991 Thu Dec  6 23:36:41 MST 2018
| Date         : Wed Jan 12 00:00:06 2022
| Host         : koopa.ece.utexas.edu running 64-bit CentOS Linux release 7.9.2009 (Core)
| Command      : report_timing -sort_by group -max_paths 100 -path_type summary -file /misc/scratch/zwei1/reports_Jan12/raw_designs/vtr_designs/verilog/koios/clstm_like.large_submodules/shift_register_unit_18_18/post_route_timing.rpt
| Design       : shift_register_unit_18_18
| Device       : 7z020-clg484
| Speed File   : -3  PRODUCTION 1.11 2014-09-11
------------------------------------------------------------------------------------------------------------------------------------------------------------------------------------------------------------------------------------------

Timing Report

Startpoint                     Endpoint                       Slack(ns)     
----------------------------------------------------------------------------
shift_registers_16_reg_r/C     shift_registers_17_reg[4]/D    8.753         
shift_registers_16_reg_r/C     shift_registers_17_reg[5]/D    8.785         
shift_registers_15_reg[0]_srl16___shift_registers_15_reg_r/CLK
                               shift_registers_16_reg[0]_shift_registers_16_reg_r/D
                                                              8.792         
shift_registers_15_reg[16]_srl16___shift_registers_15_reg_r/CLK
                               shift_registers_16_reg[16]_shift_registers_16_reg_r/D
                                                              8.792         
shift_registers_15_reg[8]_srl16___shift_registers_15_reg_r/CLK
                               shift_registers_16_reg[8]_shift_registers_16_reg_r/D
                                                              8.792         
shift_registers_15_reg[17]_srl16___shift_registers_15_reg_r/CLK
                               shift_registers_16_reg[17]_shift_registers_16_reg_r/D
                                                              8.807         
shift_registers_15_reg[1]_srl16___shift_registers_15_reg_r/CLK
                               shift_registers_16_reg[1]_shift_registers_16_reg_r/D
                                                              8.807         
shift_registers_15_reg[9]_srl16___shift_registers_15_reg_r/CLK
                               shift_registers_16_reg[9]_shift_registers_16_reg_r/D
                                                              8.807         
shift_registers_15_reg[11]_srl16___shift_registers_15_reg_r/CLK
                               shift_registers_16_reg[11]_shift_registers_16_reg_r/D
                                                              8.811         
shift_registers_15_reg[3]_srl16___shift_registers_15_reg_r/CLK
                               shift_registers_16_reg[3]_shift_registers_16_reg_r/D
                                                              8.811         
shift_registers_15_reg[10]_srl16___shift_registers_15_reg_r/CLK
                               shift_registers_16_reg[10]_shift_registers_16_reg_r/D
                                                              8.813         
shift_registers_15_reg[2]_srl16___shift_registers_15_reg_r/CLK
                               shift_registers_16_reg[2]_shift_registers_16_reg_r/D
                                                              8.813         
shift_registers_15_reg[15]_srl16___shift_registers_15_reg_r/CLK
                               shift_registers_16_reg[15]_shift_registers_16_reg_r/D
                                                              8.820         
shift_registers_15_reg[7]_srl16___shift_registers_15_reg_r/CLK
                               shift_registers_16_reg[7]_shift_registers_16_reg_r/D
                                                              8.820         
shift_registers_16_reg[13]_shift_registers_16_reg_r/C
                               shift_registers_17_reg[13]/D   8.824         
shift_registers_15_reg[13]_srl16___shift_registers_15_reg_r/CLK
                               shift_registers_16_reg[13]_shift_registers_16_reg_r/D
                                                              8.826         
shift_registers_15_reg[5]_srl16___shift_registers_15_reg_r/CLK
                               shift_registers_16_reg[5]_shift_registers_16_reg_r/D
                                                              8.826         
shift_registers_15_reg[14]_srl16___shift_registers_15_reg_r/CLK
                               shift_registers_16_reg[14]_shift_registers_16_reg_r/D
                                                              8.834         
shift_registers_15_reg[6]_srl16___shift_registers_15_reg_r/CLK
                               shift_registers_16_reg[6]_shift_registers_16_reg_r/D
                                                              8.834         
shift_registers_15_reg[12]_srl16___shift_registers_15_reg_r/CLK
                               shift_registers_16_reg[12]_shift_registers_16_reg_r/D
                                                              8.835         
shift_registers_15_reg[4]_srl16___shift_registers_15_reg_r/CLK
                               shift_registers_16_reg[4]_shift_registers_16_reg_r/D
                                                              8.835         
shift_registers_16_reg_r/C     shift_registers_17_reg[10]/D   8.879         
shift_registers_16_reg_r/C     shift_registers_17_reg[0]/D    8.879         
shift_registers_16_reg_r/C     shift_registers_17_reg[2]/D    8.880         
shift_registers_16_reg_r/C     shift_registers_17_reg[16]/D   8.888         
shift_registers_16_reg[9]_shift_registers_16_reg_r/C
                               shift_registers_17_reg[9]/D    8.897         
shift_registers_16_reg_r/C     shift_registers_17_reg[11]/D   8.905         
shift_registers_16_reg_r/C     shift_registers_17_reg[3]/D    8.910         
shift_registers_16_reg_r/C     shift_registers_17_reg[1]/D    8.912         
shift_registers_14_reg_r/C     shift_registers_15_reg_r/D     8.917         
shift_registers_16_reg_r/C     shift_registers_17_reg[17]/D   8.918         
shift_registers_16_reg[15]_shift_registers_16_reg_r/C
                               shift_registers_17_reg[15]/D   8.945         
shift_registers_16_reg[7]_shift_registers_16_reg_r/C
                               shift_registers_17_reg[7]/D    8.945         
shift_registers_16_reg_r/C     shift_registers_17_reg[8]/D    8.966         
shift_registers_16_reg[12]_shift_registers_16_reg_r/C
                               shift_registers_17_reg[12]/D   8.981         
shift_registers_16_reg[14]_shift_registers_16_reg_r/C
                               shift_registers_17_reg[14]/D   9.053         
shift_registers_16_reg[6]_shift_registers_16_reg_r/C
                               shift_registers_17_reg[6]/D    9.053         
shift_registers_7_reg_r/C      shift_registers_8_reg_r/D      9.106         
shift_registers_10_reg_r/C     shift_registers_11_reg_r/D     9.117         
shift_registers_2_reg_r/C      shift_registers_3_reg_r/D      9.131         
shift_registers_3_reg_r/C      shift_registers_4_reg_r/D      9.132         
shift_registers_15_reg_r/C     shift_registers_16_reg_r/D     9.135         
shift_registers_1_reg_r/C      shift_registers_2_reg_r/D      9.143         
shift_registers_9_reg_r/C      shift_registers_10_reg_r/D     9.175         
shift_registers_12_reg_r/C     shift_registers_13_reg_r/D     9.177         
shift_registers_0_reg_r/C      shift_registers_1_reg_r/D      9.177         
shift_registers_5_reg_r/C      shift_registers_6_reg_r/D      9.177         
shift_registers_13_reg_r/C     shift_registers_14_reg_r/D     9.193         
shift_registers_6_reg_r/C      shift_registers_7_reg_r/D      9.193         
shift_registers_4_reg_r/C      shift_registers_5_reg_r/D      9.218         
shift_registers_8_reg_r/C      shift_registers_9_reg_r/D      9.301         
shift_registers_11_reg_r/C     shift_registers_12_reg_r/D     9.337         



