Copyright 1986-2018 Xilinx, Inc. All Rights Reserved.
---------------------------------------------------------------------------------------------------------------------------------------------------------------------------------------------------------------------------------------
| Tool Version : Vivado v.2018.3 (lin64) Build 2405991 Thu Dec  6 23:36:41 MST 2018
| Date         : Wed Jan 12 23:46:04 2022
| Host         : koopa.ece.utexas.edu running 64-bit CentOS Linux release 7.9.2009 (Core)
| Command      : report_timing -sort_by group -max_paths 100 -path_type summary -file /misc/scratch/zwei1/reports_Jan12/raw_designs/vtr_designs/verilog/koios/conv_layer_hls_submodules/FPAddSub_NormalizeShift1/post_route_timing.rpt
| Design       : FPAddSub_NormalizeShift1
| Device       : 7z020-clg484
| Speed File   : -3  PRODUCTION 1.11 2014-09-11
---------------------------------------------------------------------------------------------------------------------------------------------------------------------------------------------------------------------------------------

Timing Report

Startpoint                     Endpoint                       Slack(ns)     
----------------------------------------------------------------------------
MminP[8]                       Mmin[13]                       inf           
MminP[8]                       Mmin[15]                       inf           
MminP[2]                       Mmin[0]                        inf           
MminP[8]                       Mmin[14]                       inf           
Shift[3]                       Mmin[16]                       inf           
Shift[1]                       Mmin[10]                       inf           
Shift[1]                       Mmin[11]                       inf           
Shift[1]                       Mmin[12]                       inf           
Shift[1]                       Mmin[1]                        inf           
Shift[1]                       Mmin[2]                        inf           
Shift[1]                       Mmin[3]                        inf           
Shift[1]                       Mmin[4]                        inf           
Shift[1]                       Mmin[5]                        inf           
Shift[1]                       Mmin[6]                        inf           
Shift[1]                       Mmin[7]                        inf           
Shift[1]                       Mmin[8]                        inf           
Shift[1]                       Mmin[9]                        inf           



