Copyright 1986-2018 Xilinx, Inc. All Rights Reserved.
-----------------------------------------------------------------------------------------------------------------------------------------------------------------------------
| Tool Version : Vivado v.2018.3 (lin64) Build 2405991 Thu Dec  6 23:36:41 MST 2018
| Date         : Tue Jan 11 21:18:02 2022
| Host         : koopa.ece.utexas.edu running 64-bit CentOS Linux release 7.9.2009 (Core)
| Command      : report_timing_summary -file /misc/scratch/zwei1/reports_Jan12/raw_designs/opencores/arithmetic/crcahb_submodules/crc_datapath/post_synth_timing_summary.rpt
| Design       : crc_datapath
| Device       : 7z020-clg484
| Speed File   : -3  PRODUCTION 1.11 2014-09-11
-----------------------------------------------------------------------------------------------------------------------------------------------------------------------------

Timing Summary Report

------------------------------------------------------------------------------------------------
| Timer Settings
| --------------
------------------------------------------------------------------------------------------------

  Enable Multi Corner Analysis               :  Yes
  Enable Pessimism Removal                   :  Yes
  Pessimism Removal Resolution               :  Nearest Common Node
  Enable Input Delay Default Clock           :  No
  Enable Preset / Clear Arcs                 :  No
  Disable Flight Delays                      :  No
  Ignore I/O Paths                           :  No
  Timing Early Launch at Borrowing Latches   :  false

  Corner  Analyze    Analyze    
  Name    Max Paths  Min Paths  
  ------  ---------  ---------  
  Slow    Yes        Yes        
  Fast    Yes        Yes        



check_timing report

Table of Contents
-----------------
1. checking no_clock
2. checking constant_clock
3. checking pulse_width_clock
4. checking unconstrained_internal_endpoints
5. checking no_input_delay
6. checking no_output_delay
7. checking multiple_clock
8. checking generated_clocks
9. checking loops
10. checking partial_input_delay
11. checking partial_output_delay
12. checking latch_loops

1. checking no_clock
--------------------
 There are 0 register/latch pins with no clock.


2. checking constant_clock
--------------------------
 There are 0 register/latch pins with constant_clock.


3. checking pulse_width_clock
-----------------------------
 There are 0 register/latch pins which need pulse_width check


4. checking unconstrained_internal_endpoints
--------------------------------------------
 There are 0 pins that are not constrained for maximum delay.

 There are 0 pins that are not constrained for maximum delay due to constant clock.


5. checking no_input_delay
--------------------------
 There are 51 input ports with no input delay specified. (HIGH)

 There are 0 input ports with no input delay but user has a false path constraint.


6. checking no_output_delay
---------------------------
 There are 106 ports with no output delay specified. (HIGH)

 There are 0 ports with no output delay but user has a false path constraint

 There are 0 ports with no output delay but with a timing clock defined on it or propagating through it


7. checking multiple_clock
--------------------------
 There are 0 register/latch pins with multiple clocks.


8. checking generated_clocks
----------------------------
 There are 0 generated clocks that are not connected to a clock source.


9. checking loops
-----------------
 There are 0 combinational loops in the design.


10. checking partial_input_delay
--------------------------------
 There are 0 input ports with partial input delay specified.


11. checking partial_output_delay
---------------------------------
 There are 0 ports with partial output delay specified.


12. checking latch_loops
------------------------
 There are 0 combinational latch loops in the design through latch input



------------------------------------------------------------------------------------------------
| Design Timing Summary
| ---------------------
------------------------------------------------------------------------------------------------

    WNS(ns)      TNS(ns)  TNS Failing Endpoints  TNS Total Endpoints      WHS(ns)      THS(ns)  THS Failing Endpoints  THS Total Endpoints     WPWS(ns)     TPWS(ns)  TPWS Failing Endpoints  TPWS Total Endpoints  
    -------      -------  ---------------------  -------------------      -------      -------  ---------------------  -------------------     --------     --------  ----------------------  --------------------  
      3.622        0.000                      0                   69        0.258        0.000                      0                   69        4.500        0.000                       0                   173  


All user specified timing constraints are met.


------------------------------------------------------------------------------------------------
| Clock Summary
| -------------
------------------------------------------------------------------------------------------------

Clock  Waveform(ns)       Period(ns)      Frequency(MHz)
-----  ------------       ----------      --------------
clk    {0.000 5.000}      10.000          100.000         


------------------------------------------------------------------------------------------------
| Intra Clock Table
| -----------------
------------------------------------------------------------------------------------------------

Clock             WNS(ns)      TNS(ns)  TNS Failing Endpoints  TNS Total Endpoints      WHS(ns)      THS(ns)  THS Failing Endpoints  THS Total Endpoints     WPWS(ns)     TPWS(ns)  TPWS Failing Endpoints  TPWS Total Endpoints  
-----             -------      -------  ---------------------  -------------------      -------      -------  ---------------------  -------------------     --------     --------  ----------------------  --------------------  
clk                 3.622        0.000                      0                   69        0.258        0.000                      0                   69        4.500        0.000                       0                   173  


------------------------------------------------------------------------------------------------
| Inter Clock Table
| -----------------
------------------------------------------------------------------------------------------------

From Clock    To Clock          WNS(ns)      TNS(ns)  TNS Failing Endpoints  TNS Total Endpoints      WHS(ns)      THS(ns)  THS Failing Endpoints  THS Total Endpoints  
----------    --------          -------      -------  ---------------------  -------------------      -------      -------  ---------------------  -------------------  


------------------------------------------------------------------------------------------------
| Other Path Groups Table
| -----------------------
------------------------------------------------------------------------------------------------

Path Group    From Clock    To Clock          WNS(ns)      TNS(ns)  TNS Failing Endpoints  TNS Total Endpoints      WHS(ns)      THS(ns)  THS Failing Endpoints  THS Total Endpoints  
----------    ----------    --------          -------      -------  ---------------------  -------------------      -------      -------  ---------------------  -------------------  


------------------------------------------------------------------------------------------------
| Timing Details
| --------------
------------------------------------------------------------------------------------------------


---------------------------------------------------------------------------------------------------
From Clock:  clk
  To Clock:  clk

Setup :            0  Failing Endpoints,  Worst Slack        3.622ns,  Total Violation        0.000ns
Hold  :            0  Failing Endpoints,  Worst Slack        0.258ns,  Total Violation        0.000ns
PW    :            0  Failing Endpoints,  Worst Slack        4.500ns,  Total Violation        0.000ns
---------------------------------------------------------------------------------------------------


Max Delay Paths
--------------------------------------------------------------------------------------
Slack (MET) :             3.622ns  (required time - arrival time)
  Source:                 buffer_ff_reg[7]/C
                            (rising edge-triggered cell FDSE clocked by clk  {rise@0.000ns fall@5.000ns period=10.000ns})
  Destination:            crc_out_ff_reg[7]/D
                            (rising edge-triggered cell FDRE clocked by clk  {rise@0.000ns fall@5.000ns period=10.000ns})
  Path Group:             clk
  Path Type:              Setup (Max at Slow Process Corner)
  Requirement:            10.000ns  (clk rise@10.000ns - clk rise@0.000ns)
  Data Path Delay:        6.376ns  (logic 1.384ns (21.706%)  route 4.992ns (78.294%))
  Logic Levels:           9  (LUT5=2 LUT6=7)
  Clock Path Skew:        -0.035ns (DCD - SCD + CPR)
    Destination Clock Delay (DCD):    0.669ns = ( 10.669 - 10.000 ) 
    Source Clock Delay      (SCD):    0.704ns
    Clock Pessimism Removal (CPR):    0.000ns
  Clock Uncertainty:      0.035ns  ((TSJ^2 + TIJ^2)^1/2 + DJ) / 2 + PE
    Total System Jitter     (TSJ):    0.071ns
    Total Input Jitter      (TIJ):    0.000ns
    Discrete Jitter          (DJ):    0.000ns
    Phase Error              (PE):    0.000ns

    Location             Delay type                Incr(ns)  Path(ns)    Netlist Resource(s)
  -------------------------------------------------------------------    -------------------
                         (clock clk rise edge)        0.000     0.000 r  
                                                      0.000     0.000 r  clk (IN)
                         net (fo=172, unset)          0.704     0.704    clk
                         FDSE                                         r  buffer_ff_reg[7]/C
  -------------------------------------------------------------------    -------------------
                         FDSE (Prop_fdse_C_Q)         0.393     1.097 r  buffer_ff_reg[7]/Q
                         net (fo=2, unplaced)         0.706     1.803    buffer_ff_reg_n_0_[7]
                         LUT6 (Prop_lut6_I0_O)        0.199     2.002 r  crc_out_ff[31]_i_32/O
                         net (fo=1, unplaced)         0.840     2.842    crc_out_ff[31]_i_32_n_0
                         LUT6 (Prop_lut6_I1_O)        0.097     2.939 r  crc_out_ff[31]_i_23/O
                         net (fo=36, unplaced)        0.585     3.524    crc_out_ff[31]_i_23_n_0
                         LUT5 (Prop_lut5_I1_O)        0.097     3.621 r  crc_out_ff[15]_i_19/O
                         net (fo=1, unplaced)         0.511     4.132    CRC_UNIT/genblk4[1].CRC_COMB/feedback__31[30]
                         LUT6 (Prop_lut6_I1_O)        0.097     4.229 r  crc_out_ff[15]_i_13/O
                         net (fo=34, unplaced)        0.584     4.813    crc_out_ff[15]_i_13_n_0
                         LUT6 (Prop_lut6_I0_O)        0.097     4.910 r  crc_out_ff[31]_i_10/O
                         net (fo=1, unplaced)         0.511     5.421    CRC_UNIT/genblk4[4].CRC_COMB/feedback__31[30]
                         LUT6 (Prop_lut6_I1_O)        0.097     5.518 r  crc_out_ff[31]_i_6/O
                         net (fo=32, unplaced)        0.372     5.890    crc_out_ff[31]_i_6_n_0
                         LUT6 (Prop_lut6_I5_O)        0.097     5.987 r  crc_out_ff[15]_i_2/O
                         net (fo=32, unplaced)        0.372     6.359    crc_out_ff[15]_i_2_n_0
                         LUT6 (Prop_lut6_I5_O)        0.097     6.456 r  crc_out_ff[7]_i_2/O
                         net (fo=1, unplaced)         0.511     6.967    CRC_UNIT/crc_out137_out[7]
                         LUT5 (Prop_lut5_I0_O)        0.113     7.080 r  crc_out_ff[7]_i_1/O
                         net (fo=1, unplaced)         0.000     7.080    crc_unit_out[7]
                         FDRE                                         r  crc_out_ff_reg[7]/D
  -------------------------------------------------------------------    -------------------

                         (clock clk rise edge)       10.000    10.000 r  
                                                      0.000    10.000 r  clk (IN)
                         net (fo=172, unset)          0.669    10.669    clk
                         FDRE                                         r  crc_out_ff_reg[7]/C
                         clock pessimism              0.000    10.669    
                         clock uncertainty           -0.035    10.633    
                         FDRE (Setup_fdre_C_D)        0.069    10.702    crc_out_ff_reg[7]
  -------------------------------------------------------------------
                         required time                         10.702    
                         arrival time                          -7.080    
  -------------------------------------------------------------------
                         slack                                  3.622    





Min Delay Paths
--------------------------------------------------------------------------------------
Slack (MET) :             0.258ns  (arrival time - required time)
  Source:                 buffer_ff_reg[10]/C
                            (rising edge-triggered cell FDSE clocked by clk  {rise@0.000ns fall@5.000ns period=10.000ns})
  Destination:            byte_ff_reg[10]/D
                            (rising edge-triggered cell FDSE clocked by clk  {rise@0.000ns fall@5.000ns period=10.000ns})
  Path Group:             clk
  Path Type:              Hold (Min at Fast Process Corner)
  Requirement:            0.000ns  (clk rise@0.000ns - clk rise@0.000ns)
  Data Path Delay:        0.291ns  (logic 0.164ns (56.322%)  route 0.127ns (43.678%))
  Logic Levels:           0  
  Clock Path Skew:        0.022ns (DCD - SCD - CPR)
    Destination Clock Delay (DCD):    0.432ns
    Source Clock Delay      (SCD):    0.411ns
    Clock Pessimism Removal (CPR):    -0.000ns

    Location             Delay type                Incr(ns)  Path(ns)    Netlist Resource(s)
  -------------------------------------------------------------------    -------------------
                         (clock clk rise edge)        0.000     0.000 r  
                                                      0.000     0.000 r  clk (IN)
                         net (fo=172, unset)          0.411     0.411    clk
                         FDSE                                         r  buffer_ff_reg[10]/C
  -------------------------------------------------------------------    -------------------
                         FDSE (Prop_fdse_C_Q)         0.164     0.575 r  buffer_ff_reg[10]/Q
                         net (fo=1, unplaced)         0.127     0.702    buffer_ff_reg_n_0_[10]
                         FDSE                                         r  byte_ff_reg[10]/D
  -------------------------------------------------------------------    -------------------

                         (clock clk rise edge)        0.000     0.000 r  
                                                      0.000     0.000 r  clk (IN)
                         net (fo=172, unset)          0.432     0.432    clk
                         FDSE                                         r  byte_ff_reg[10]/C
                         clock pessimism              0.000     0.432    
                         FDSE (Hold_fdse_C_D)         0.012     0.444    byte_ff_reg[10]
  -------------------------------------------------------------------
                         required time                         -0.444    
                         arrival time                           0.702    
  -------------------------------------------------------------------
                         slack                                  0.258    





Pulse Width Checks
--------------------------------------------------------------------------------------
Clock Name:         clk
Waveform(ns):       { 0.000 5.000 }
Period(ns):         10.000
Sources:            { clk }

Check Type        Corner  Lib Pin  Reference Pin  Required(ns)  Actual(ns)  Slack(ns)  Location  Pin
Min Period        n/a     FDRE/C   n/a            1.000         10.000      9.000                bf_size_ff_reg[0]/C
Low Pulse Width   Slow    FDRE/C   n/a            0.500         5.000       4.500                bf_size_ff_reg[0]/C
High Pulse Width  Slow    FDRE/C   n/a            0.500         5.000       4.500                bf_size_ff_reg[0]/C



