Copyright 1986-2018 Xilinx, Inc. All Rights Reserved.
-------------------------------------------------------------------------------------------------------------------------------------------------------------------------------------------------------------------------
| Tool Version : Vivado v.2018.3 (lin64) Build 2405991 Thu Dec  6 23:36:41 MST 2018
| Date         : Wed Jan 12 23:58:33 2022
| Host         : koopa.ece.utexas.edu running 64-bit CentOS Linux release 7.9.2009 (Core)
| Command      : report_timing_summary -file /misc/scratch/zwei1/reports_Jan12/raw_designs/vtr_designs/verilog/koios/conv_layer_hls_submodules/td_fused_top_hadd_16ns_16ns_16_2_full_dsp_1/post_synth_timing_summary.rpt
| Design       : td_fused_top_hadd_16ns_16ns_16_2_full_dsp_1
| Device       : 7z020-clg484
| Speed File   : -3  PRODUCTION 1.11 2014-09-11
-------------------------------------------------------------------------------------------------------------------------------------------------------------------------------------------------------------------------

Timing Summary Report

------------------------------------------------------------------------------------------------
| Timer Settings
| --------------
------------------------------------------------------------------------------------------------

  Enable Multi Corner Analysis               :  Yes
  Enable Pessimism Removal                   :  Yes
  Pessimism Removal Resolution               :  Nearest Common Node
  Enable Input Delay Default Clock           :  No
  Enable Preset / Clear Arcs                 :  No
  Disable Flight Delays                      :  No
  Ignore I/O Paths                           :  No
  Timing Early Launch at Borrowing Latches   :  false

  Corner  Analyze    Analyze    
  Name    Max Paths  Min Paths  
  ------  ---------  ---------  
  Slow    Yes        Yes        
  Fast    Yes        Yes        



check_timing report

Table of Contents
-----------------
1. checking no_clock
2. checking constant_clock
3. checking pulse_width_clock
4. checking unconstrained_internal_endpoints
5. checking no_input_delay
6. checking no_output_delay
7. checking multiple_clock
8. checking generated_clocks
9. checking loops
10. checking partial_input_delay
11. checking partial_output_delay
12. checking latch_loops

1. checking no_clock
--------------------
 There are 0 register/latch pins with no clock.


2. checking constant_clock
--------------------------
 There are 0 register/latch pins with constant_clock.


3. checking pulse_width_clock
-----------------------------
 There are 0 register/latch pins which need pulse_width check


4. checking unconstrained_internal_endpoints
--------------------------------------------
 There are 0 pins that are not constrained for maximum delay.

 There are 0 pins that are not constrained for maximum delay due to constant clock.


5. checking no_input_delay
--------------------------
 There are 33 input ports with no input delay specified. (HIGH)

 There are 0 input ports with no input delay but user has a false path constraint.


6. checking no_output_delay
---------------------------
 There are 16 ports with no output delay specified. (HIGH)

 There are 0 ports with no output delay but user has a false path constraint

 There are 0 ports with no output delay but with a timing clock defined on it or propagating through it


7. checking multiple_clock
--------------------------
 There are 0 register/latch pins with multiple clocks.


8. checking generated_clocks
----------------------------
 There are 0 generated clocks that are not connected to a clock source.


9. checking loops
-----------------
 There are 0 combinational loops in the design.


10. checking partial_input_delay
--------------------------------
 There are 0 input ports with partial input delay specified.


11. checking partial_output_delay
---------------------------------
 There are 0 ports with partial output delay specified.


12. checking latch_loops
------------------------
 There are 0 combinational latch loops in the design through latch input



------------------------------------------------------------------------------------------------
| Design Timing Summary
| ---------------------
------------------------------------------------------------------------------------------------

    WNS(ns)      TNS(ns)  TNS Failing Endpoints  TNS Total Endpoints      WHS(ns)      THS(ns)  THS Failing Endpoints  THS Total Endpoints     WPWS(ns)     TPWS(ns)  TPWS Failing Endpoints  TPWS Total Endpoints  
    -------      -------  ---------------------  -------------------      -------      -------  ---------------------  -------------------     --------     --------  ----------------------  --------------------  
      0.441        0.000                      0                   29        0.382        0.000                      0                   29        4.500        0.000                       0                    49  


All user specified timing constraints are met.


------------------------------------------------------------------------------------------------
| Clock Summary
| -------------
------------------------------------------------------------------------------------------------

Clock  Waveform(ns)       Period(ns)      Frequency(MHz)
-----  ------------       ----------      --------------
clk    {0.000 5.000}      10.000          100.000         


------------------------------------------------------------------------------------------------
| Intra Clock Table
| -----------------
------------------------------------------------------------------------------------------------

Clock             WNS(ns)      TNS(ns)  TNS Failing Endpoints  TNS Total Endpoints      WHS(ns)      THS(ns)  THS Failing Endpoints  THS Total Endpoints     WPWS(ns)     TPWS(ns)  TPWS Failing Endpoints  TPWS Total Endpoints  
-----             -------      -------  ---------------------  -------------------      -------      -------  ---------------------  -------------------     --------     --------  ----------------------  --------------------  
clk                 0.441        0.000                      0                   29        0.382        0.000                      0                   29        4.500        0.000                       0                    49  


------------------------------------------------------------------------------------------------
| Inter Clock Table
| -----------------
------------------------------------------------------------------------------------------------

From Clock    To Clock          WNS(ns)      TNS(ns)  TNS Failing Endpoints  TNS Total Endpoints      WHS(ns)      THS(ns)  THS Failing Endpoints  THS Total Endpoints  
----------    --------          -------      -------  ---------------------  -------------------      -------      -------  ---------------------  -------------------  


------------------------------------------------------------------------------------------------
| Other Path Groups Table
| -----------------------
------------------------------------------------------------------------------------------------

Path Group    From Clock    To Clock          WNS(ns)      TNS(ns)  TNS Failing Endpoints  TNS Total Endpoints      WHS(ns)      THS(ns)  THS Failing Endpoints  THS Total Endpoints  
----------    ----------    --------          -------      -------  ---------------------  -------------------      -------      -------  ---------------------  -------------------  


------------------------------------------------------------------------------------------------
| Timing Details
| --------------
------------------------------------------------------------------------------------------------


---------------------------------------------------------------------------------------------------
From Clock:  clk
  To Clock:  clk

Setup :            0  Failing Endpoints,  Worst Slack        0.441ns,  Total Violation        0.000ns
Hold  :            0  Failing Endpoints,  Worst Slack        0.382ns,  Total Violation        0.000ns
PW    :            0  Failing Endpoints,  Worst Slack        4.500ns,  Total Violation        0.000ns
---------------------------------------------------------------------------------------------------


Max Delay Paths
--------------------------------------------------------------------------------------
Slack (MET) :             0.441ns  (required time - arrival time)
  Source:                 din0_buf1_reg[1]/C
                            (rising edge-triggered cell FDRE clocked by clk  {rise@0.000ns fall@5.000ns period=10.000ns})
  Destination:            dout_r_reg[14]/D
                            (rising edge-triggered cell FDRE clocked by clk  {rise@0.000ns fall@5.000ns period=10.000ns})
  Path Group:             clk
  Path Type:              Setup (Max at Slow Process Corner)
  Requirement:            10.000ns  (clk rise@10.000ns - clk rise@0.000ns)
  Data Path Delay:        9.557ns  (logic 2.874ns (30.072%)  route 6.683ns (69.928%))
  Logic Levels:           17  (CARRY4=4 LUT2=2 LUT4=2 LUT6=9)
  Clock Path Skew:        -0.035ns (DCD - SCD + CPR)
    Destination Clock Delay (DCD):    0.669ns = ( 10.669 - 10.000 ) 
    Source Clock Delay      (SCD):    0.704ns
    Clock Pessimism Removal (CPR):    0.000ns
  Clock Uncertainty:      0.035ns  ((TSJ^2 + TIJ^2)^1/2 + DJ) / 2 + PE
    Total System Jitter     (TSJ):    0.071ns
    Total Input Jitter      (TIJ):    0.000ns
    Discrete Jitter          (DJ):    0.000ns
    Phase Error              (PE):    0.000ns

    Location             Delay type                Incr(ns)  Path(ns)    Netlist Resource(s)
  -------------------------------------------------------------------    -------------------
                         (clock clk rise edge)        0.000     0.000 r  
                                                      0.000     0.000 r  clk (IN)
                         net (fo=48, unset)           0.704     0.704    clk
                         FDRE                                         r  din0_buf1_reg[1]/C
  -------------------------------------------------------------------    -------------------
                         FDRE (Prop_fdre_C_Q)         0.393     1.097 f  din0_buf1_reg[1]/Q
                         net (fo=5, unplaced)         0.547     1.644    td_fused_top_ap_hadd_0_full_dsp_16_u/u_FPAddSub/AlignModule/dout_r_reg[15][1]
                         LUT4 (Prop_lut4_I1_O)        0.215     1.859 r  td_fused_top_ap_hadd_0_full_dsp_16_u/u_FPAddSub/AlignModule/MaxAB_carry_i_4/O
                         net (fo=1, unplaced)         0.000     1.859    td_fused_top_ap_hadd_0_full_dsp_16_u/u_FPAddSub/AlignModule/MaxAB_carry_i_4_n_0
                         CARRY4 (Prop_carry4_DI[0]_CO[3])
                                                      0.428     2.287 r  td_fused_top_ap_hadd_0_full_dsp_16_u/u_FPAddSub/AlignModule/MaxAB_carry/CO[3]
                         net (fo=1, unplaced)         0.007     2.294    td_fused_top_ap_hadd_0_full_dsp_16_u/u_FPAddSub/AlignModule/MaxAB_carry_n_0
                         CARRY4 (Prop_carry4_CI_CO[3])
                                                      0.092     2.386 r  td_fused_top_ap_hadd_0_full_dsp_16_u/u_FPAddSub/AlignModule/MaxAB_carry__0/CO[3]
                         net (fo=52, unplaced)        0.767     3.153    td_fused_top_ap_hadd_0_full_dsp_16_u/u_FPAddSub/AlignModule/MaxAB_1
                         LUT6 (Prop_lut6_I4_O)        0.097     3.250 f  td_fused_top_ap_hadd_0_full_dsp_16_u/u_FPAddSub/AlignModule/dout[9]_INST_0_i_48/O
                         net (fo=8, unplaced)         0.339     3.589    td_fused_top_ap_hadd_0_full_dsp_16_u/u_FPAddSub/AlignModule/dout[9]_INST_0_i_48_n_0
                         LUT2 (Prop_lut2_I1_O)        0.102     3.691 f  td_fused_top_ap_hadd_0_full_dsp_16_u/u_FPAddSub/AlignModule/dout[9]_INST_0_i_46/O
                         net (fo=3, unplaced)         0.319     4.010    td_fused_top_ap_hadd_0_full_dsp_16_u/u_FPAddSub/AlignModule/dout[9]_INST_0_i_46_n_0
                         LUT2 (Prop_lut2_I1_O)        0.097     4.107 f  td_fused_top_ap_hadd_0_full_dsp_16_u/u_FPAddSub/AlignModule/dout[9]_INST_0_i_29/O
                         net (fo=10, unplaced)        0.328     4.435    td_fused_top_ap_hadd_0_full_dsp_16_u/u_FPAddSub/AlignModule/dout[9]_INST_0_i_29_n_0
                         LUT6 (Prop_lut6_I0_O)        0.097     4.532 r  td_fused_top_ap_hadd_0_full_dsp_16_u/u_FPAddSub/AlignModule/dout[1]_INST_0_i_19/O
                         net (fo=6, unplaced)         0.333     4.865    td_fused_top_ap_hadd_0_full_dsp_16_u/u_FPAddSub/AlignModule/dout[1]_INST_0_i_19_n_0
                         LUT6 (Prop_lut6_I0_O)        0.097     4.962 r  td_fused_top_ap_hadd_0_full_dsp_16_u/u_FPAddSub/AlignModule/dout[1]_INST_0_i_10/O
                         net (fo=3, unplaced)         0.319     5.281    td_fused_top_ap_hadd_0_full_dsp_16_u/u_FPAddSub/AlignModule/dout[1]_INST_0_i_10_n_0
                         LUT6 (Prop_lut6_I3_O)        0.097     5.378 r  td_fused_top_ap_hadd_0_full_dsp_16_u/u_FPAddSub/AlignModule/dout[1]_INST_0_i_5/O
                         net (fo=1, unplaced)         0.319     5.697    td_fused_top_ap_hadd_0_full_dsp_16_u/u_FPAddSub/AlignModule/dout[1]_INST_0_i_5_n_0
                         CARRY4 (Prop_carry4_DI[2]_CO[3])
                                                      0.298     5.995 r  td_fused_top_ap_hadd_0_full_dsp_16_u/u_FPAddSub/AlignModule/dout[1]_INST_0_i_2/CO[3]
                         net (fo=1, unplaced)         0.007     6.002    td_fused_top_ap_hadd_0_full_dsp_16_u/u_FPAddSub/AlignModule/dout[1]_INST_0_i_2_n_0
                         CARRY4 (Prop_carry4_CI_O[0])
                                                      0.167     6.169 r  td_fused_top_ap_hadd_0_full_dsp_16_u/u_FPAddSub/AlignModule/dout[9]_INST_0_i_4/O[0]
                         net (fo=8, unplaced)         0.557     6.726    u_FPAddSub/pipe_5[8]
                         LUT6 (Prop_lut6_I2_O)        0.209     6.935 r  dout[12]_INST_0_i_12/O
                         net (fo=1, unplaced)         0.840     7.775    dout[12]_INST_0_i_12_n_0
                         LUT6 (Prop_lut6_I3_O)        0.097     7.872 f  dout[12]_INST_0_i_4/O
                         net (fo=15, unplaced)        0.338     8.210    dout[12]_INST_0_i_4_n_0
                         LUT4 (Prop_lut4_I2_O)        0.097     8.307 f  dout[14]_INST_0_i_18/O
                         net (fo=1, unplaced)         0.840     9.147    dout[14]_INST_0_i_18_n_0
                         LUT6 (Prop_lut6_I1_O)        0.097     9.244 f  dout[14]_INST_0_i_12/O
                         net (fo=1, unplaced)         0.511     9.755    td_fused_top_ap_hadd_0_full_dsp_16_u/u_FPAddSub/AlignModule/dout_r_reg[14]
                         LUT6 (Prop_lut6_I2_O)        0.097     9.852 r  td_fused_top_ap_hadd_0_full_dsp_16_u/u_FPAddSub/AlignModule/dout[14]_INST_0_i_3/O
                         net (fo=2, unplaced)         0.312    10.164    td_fused_top_ap_hadd_0_full_dsp_16_u/u_FPAddSub/AlignModule/dout[14]_INST_0_i_3_n_0
                         LUT6 (Prop_lut6_I5_O)        0.097    10.261 r  td_fused_top_ap_hadd_0_full_dsp_16_u/u_FPAddSub/AlignModule/dout[14]_INST_0/O
                         net (fo=1, unplaced)         0.000    10.261    dout[14]
                         FDRE                                         r  dout_r_reg[14]/D
  -------------------------------------------------------------------    -------------------

                         (clock clk rise edge)       10.000    10.000 r  
                                                      0.000    10.000 r  clk (IN)
                         net (fo=48, unset)           0.669    10.669    clk
                         FDRE                                         r  dout_r_reg[14]/C
                         clock pessimism              0.000    10.669    
                         clock uncertainty           -0.035    10.633    
                         FDRE (Setup_fdre_C_D)        0.069    10.702    dout_r_reg[14]
  -------------------------------------------------------------------
                         required time                         10.702    
                         arrival time                         -10.261    
  -------------------------------------------------------------------
                         slack                                  0.441    





Min Delay Paths
--------------------------------------------------------------------------------------
Slack (MET) :             0.382ns  (arrival time - required time)
  Source:                 ce_r_reg/C
                            (rising edge-triggered cell FDRE clocked by clk  {rise@0.000ns fall@5.000ns period=10.000ns})
  Destination:            dout_r_reg[0]/CE
                            (rising edge-triggered cell FDRE clocked by clk  {rise@0.000ns fall@5.000ns period=10.000ns})
  Path Group:             clk
  Path Type:              Hold (Min at Fast Process Corner)
  Requirement:            0.000ns  (clk rise@0.000ns - clk rise@0.000ns)
  Data Path Delay:        0.334ns  (logic 0.164ns (49.049%)  route 0.170ns (50.951%))
  Logic Levels:           0  
  Clock Path Skew:        0.022ns (DCD - SCD - CPR)
    Destination Clock Delay (DCD):    0.432ns
    Source Clock Delay      (SCD):    0.411ns
    Clock Pessimism Removal (CPR):    -0.000ns

    Location             Delay type                Incr(ns)  Path(ns)    Netlist Resource(s)
  -------------------------------------------------------------------    -------------------
                         (clock clk rise edge)        0.000     0.000 r  
                                                      0.000     0.000 r  clk (IN)
                         net (fo=48, unset)           0.411     0.411    clk
                         FDRE                                         r  ce_r_reg/C
  -------------------------------------------------------------------    -------------------
                         FDRE (Prop_fdre_C_Q)         0.164     0.575 r  ce_r_reg/Q
                         net (fo=29, unplaced)        0.170     0.745    ce_r
                         FDRE                                         r  dout_r_reg[0]/CE
  -------------------------------------------------------------------    -------------------

                         (clock clk rise edge)        0.000     0.000 r  
                                                      0.000     0.000 r  clk (IN)
                         net (fo=48, unset)           0.432     0.432    clk
                         FDRE                                         r  dout_r_reg[0]/C
                         clock pessimism              0.000     0.432    
                         FDRE (Hold_fdre_C_CE)       -0.069     0.363    dout_r_reg[0]
  -------------------------------------------------------------------
                         required time                         -0.363    
                         arrival time                           0.745    
  -------------------------------------------------------------------
                         slack                                  0.382    





Pulse Width Checks
--------------------------------------------------------------------------------------
Clock Name:         clk
Waveform(ns):       { 0.000 5.000 }
Period(ns):         10.000
Sources:            { clk }

Check Type        Corner  Lib Pin  Reference Pin  Required(ns)  Actual(ns)  Slack(ns)  Location  Pin
Min Period        n/a     FDRE/C   n/a            1.000         10.000      9.000                ce_r_reg/C
Low Pulse Width   Slow    FDRE/C   n/a            0.500         5.000       4.500                ce_r_reg/C
High Pulse Width  Slow    FDRE/C   n/a            0.500         5.000       4.500                ce_r_reg/C



