Copyright 1986-2018 Xilinx, Inc. All Rights Reserved.
-----------------------------------------------------------------------------------------------------------------------------------------------------------------------------------------------------------------------------------
| Tool Version : Vivado v.2018.3 (lin64) Build 2405991 Thu Dec  6 23:36:41 MST 2018
| Date         : Thu Jan 13 00:20:35 2022
| Host         : koopa.ece.utexas.edu running 64-bit CentOS Linux release 7.9.2009 (Core)
| Command      : report_timing -sort_by group -max_paths 100 -path_type summary -file /misc/scratch/zwei1/reports_Jan12/raw_designs/vtr_designs/verilog/koios/dla_like.medium_submodules/inverse_winograd_11/post_route_timing.rpt
| Design       : inverse_winograd_11
| Device       : 7z020-clg484
| Speed File   : -3  PRODUCTION 1.11 2014-09-11
-----------------------------------------------------------------------------------------------------------------------------------------------------------------------------------------------------------------------------------

Timing Report

Startpoint                     Endpoint                       Slack(ns)     
----------------------------------------------------------------------------
FSM_sequential_state_reg[1]_rep__1/C
                               serialize_reg_2_1_reg[28]/D    4.528         
FSM_sequential_state_reg[1]_rep__1/C
                               serialize_reg_0_1_reg[26]/D    4.601         
FSM_sequential_state_reg[1]_rep__1/C
                               serialize_reg_2_3_reg[24]/D    4.692         
FSM_sequential_state_reg[1]_rep__1/C
                               serialize_reg_2_1_reg[29]/D    4.707         
FSM_sequential_state_reg[1]_rep__1/C
                               serialize_reg_1_1_reg[29]/D    4.709         
FSM_sequential_state_reg[1]_rep__1/C
                               serialize_reg_2_1_reg[22]/D    4.722         
FSM_sequential_state_reg[1]_rep__1/C
                               serialize_reg_2_1_reg[27]/D    4.758         
FSM_sequential_state_reg[1]_rep__1/C
                               serialize_reg_2_3_reg[26]/D    4.764         
FSM_sequential_state_reg[1]_rep__1/C
                               serialize_reg_0_1_reg[24]/D    4.813         
FSM_sequential_state_reg[1]_rep__1/C
                               serialize_reg_0_1_reg[27]/D    4.832         
FSM_sequential_state_reg[1]_rep__1/C
                               serialize_reg_0_1_reg[29]/D    4.835         
FSM_sequential_state_reg[1]_rep__1/C
                               serialize_reg_2_1_reg[24]/D    4.860         
FSM_sequential_state_reg[1]_rep__1/C
                               serialize_reg_2_1_reg[26]/D    4.864         
FSM_sequential_state_reg[1]_rep__0/C
                               serialize_reg_1_4_reg[27]/D    4.868         
FSM_sequential_state_reg[1]_rep__1/C
                               serialize_reg_1_1_reg[26]/D    4.870         
FSM_sequential_state_reg[1]_rep__1/C
                               serialize_reg_1_1_reg[24]/D    4.871         
FSM_sequential_state_reg[1]_rep__0/C
                               serialize_reg_2_5_reg[25]/D    4.903         
FSM_sequential_state_reg[1]_rep__0/C
                               serialize_reg_1_5_reg[24]/D    4.907         
FSM_sequential_state_reg[1]_rep__1/C
                               serialize_reg_2_1_reg[25]/D    4.912         
FSM_sequential_state_reg[1]_rep__1/C
                               serialize_reg_1_1_reg[27]/D    4.914         
FSM_sequential_state_reg[1]_rep__0/C
                               serialize_reg_2_4_reg[27]/D    4.917         
FSM_sequential_state_reg[1]_rep__0/C
                               serialize_reg_2_5_reg[27]/D    4.919         
FSM_sequential_state_reg[1]_rep__1/C
                               serialize_reg_1_3_reg[26]/D    4.965         
FSM_sequential_state_reg[1]_rep__1/C
                               serialize_reg_0_3_reg[27]/D    4.970         
FSM_sequential_state_reg[1]_rep__1/C
                               serialize_reg_0_1_reg[25]/D    5.016         
FSM_sequential_state_reg[1]_rep__1/C
                               serialize_reg_1_1_reg[25]/D    5.024         
FSM_sequential_state_reg[1]_rep__1/C
                               serialize_reg_0_1_reg[23]/D    5.028         
FSM_sequential_state_reg[1]_rep__0/C
                               serialize_reg_1_4_reg[28]/D    5.047         
FSM_sequential_state_reg[1]_rep__0/C
                               serialize_reg_0_5_reg[28]/D    5.050         
FSM_sequential_state_reg[1]_rep__1/C
                               serialize_reg_2_3_reg[25]/D    5.071         
FSM_sequential_state_reg[1]_rep__0/C
                               serialize_reg_1_5_reg[25]/D    5.096         
FSM_sequential_state_reg[1]_rep__1/C
                               serialize_reg_0_3_reg[24]/D    5.105         
FSM_sequential_state_reg[0]_rep__1/C
                               serialize_reg_2_2_reg[27]/D    5.117         
FSM_sequential_state_reg[1]_rep__0/C
                               serialize_reg_2_4_reg[28]/D    5.120         
FSM_sequential_state_reg[1]_rep__1/C
                               serialize_reg_0_3_reg[29]/D    5.143         
FSM_sequential_state_reg[1]_rep__0/C
                               serialize_reg_2_5_reg[28]/D    5.160         
FSM_sequential_state_reg[1]_rep__1/C
                               serialize_reg_2_3_reg[28]/D    5.174         
FSM_sequential_state_reg[1]_rep__0/C
                               serialize_reg_1_4_reg[25]/D    5.177         
FSM_sequential_state_reg[1]_rep__0/C
                               serialize_reg_1_5_reg[27]/D    5.177         
FSM_sequential_state_reg[1]_rep__1/C
                               serialize_reg_1_3_reg[27]/D    5.186         
FSM_sequential_state_reg[1]_rep__1/C
                               serialize_reg_2_3_reg[29]/D    5.204         
FSM_sequential_state_reg[1]_rep__2/C
                               serialize_reg_2_1_reg[21]/D    5.207         
FSM_sequential_state_reg[1]_rep__1/C
                               serialize_reg_0_3_reg[25]/D    5.209         
FSM_sequential_state_reg[1]_rep__2/C
                               serialize_reg_0_2_reg[27]/D    5.253         
FSM_sequential_state_reg[1]_rep__1/C
                               serialize_reg_2_3_reg[27]/D    5.268         
FSM_sequential_state_reg[1]_rep__1/C
                               serialize_reg_1_3_reg[25]/D    5.273         
FSM_sequential_state_reg[0]_rep__2/C
                               serialize_reg_2_0_reg[16]/D    5.295         
FSM_sequential_state_reg[0]_rep__2/C
                               serialize_reg_2_0_reg[18]/D    5.301         
FSM_sequential_state_reg[1]_rep__0/C
                               serialize_reg_1_4_reg[29]/D    5.301         
FSM_sequential_state_reg[1]_rep__1/C
                               serialize_reg_1_3_reg[24]/D    5.315         
FSM_sequential_state_reg[1]_rep__1/C
                               serialize_reg_0_3_reg[26]/D    5.315         
FSM_sequential_state_reg[1]_rep__0/C
                               serialize_reg_2_4_reg[26]/D    5.316         
FSM_sequential_state_reg[1]_rep__0/C
                               serialize_reg_2_4_reg[25]/D    5.318         
FSM_sequential_state_reg[1]_rep__0/C
                               serialize_reg_2_5_reg[26]/D    5.348         
FSM_sequential_state_reg[1]_rep__0/C
                               serialize_reg_2_5_reg[24]/D    5.351         
FSM_sequential_state_reg[1]_rep__1/C
                               serialize_reg_1_1_reg[28]/D    5.359         
FSM_sequential_state_reg[1]_rep__1/C
                               serialize_reg_2_1_reg[23]/D    5.361         
FSM_sequential_state_reg[1]_rep__1/C
                               serialize_reg_0_1_reg[28]/D    5.364         
FSM_sequential_state_reg[1]_rep__0/C
                               serialize_reg_2_4_reg[29]/D    5.364         
FSM_sequential_state_reg[0]_rep__1/C
                               serialize_reg_2_2_reg[29]/D    5.366         
FSM_sequential_state_reg[0]_rep__1/C
                               serialize_reg_2_5_reg[29]/D    5.409         
FSM_sequential_state_reg[1]_rep__2/C
                               serialize_reg_1_1_reg[22]/D    5.417         
FSM_sequential_state_reg[0]_rep__2/C
                               serialize_reg_2_0_reg[26]/D    5.433         
FSM_sequential_state_reg[1]_rep__0/C
                               serialize_reg_2_4_reg[24]/D    5.435         
FSM_sequential_state_reg[1]_rep__1/C
                               serialize_reg_1_3_reg[28]/D    5.462         
FSM_sequential_state_reg[1]_rep__2/C
                               serialize_reg_0_2_reg[25]/D    5.469         
FSM_sequential_state_reg[0]_rep__2/C
                               serialize_reg_1_0_reg[16]/D    5.479         
FSM_sequential_state_reg[1]_rep__0/C
                               serialize_reg_1_4_reg[26]/D    5.486         
FSM_sequential_state_reg[0]_rep__2/C
                               serialize_reg_2_0_reg[21]/D    5.513         
FSM_sequential_state_reg[1]_rep__0/C
                               serialize_reg_2_4_reg[23]/D    5.515         
FSM_sequential_state_reg[0]_rep__2/C
                               serialize_reg_2_0_reg[23]/D    5.516         
FSM_sequential_state_reg[1]_rep__0/C
                               serialize_reg_2_4_reg[22]/D    5.517         
FSM_sequential_state_reg[0]_rep__1/C
                               serialize_reg_2_2_reg[28]/D    5.539         
FSM_sequential_state_reg[0]_rep__2/C
                               serialize_reg_2_0_reg[19]/D    5.553         
FSM_sequential_state_reg[1]_rep__2/C
                               serialize_reg_1_1_reg[19]/D    5.554         
FSM_sequential_state_reg[1]_rep__2/C
                               serialize_reg_0_1_reg[22]/D    5.557         
FSM_sequential_state_reg[1]_rep__1/C
                               serialize_reg_1_1_reg[23]/D    5.570         
FSM_sequential_state_reg[1]_rep__1/C
                               serialize_reg_1_3_reg[29]/D    5.570         
FSM_sequential_state_reg[0]_rep__2/C
                               serialize_reg_1_0_reg[20]/D    5.571         
FSM_sequential_state_reg[1]_rep__2/C
                               serialize_reg_1_1_reg[21]/D    5.576         
FSM_sequential_state_reg[1]_rep__0/C
                               serialize_reg_0_5_reg[29]/D    5.576         
FSM_sequential_state_reg[1]_rep__2/C
                               serialize_reg_0_2_reg[29]/D    5.579         
FSM_sequential_state_reg[1]_rep__0/C
                               serialize_reg_1_5_reg[28]/D    5.583         
FSM_sequential_state_reg[0]/C  serialize_reg_0_0_reg[18]/D    5.586         
FSM_sequential_state_reg[0]_rep__2/C
                               serialize_reg_2_0_reg[22]/D    5.589         
FSM_sequential_state_reg[1]_rep__0/C
                               serialize_reg_1_5_reg[26]/D    5.590         
FSM_sequential_state_reg[1]_rep__1/C
                               serialize_reg_2_3_reg[22]/D    5.594         
FSM_sequential_state_reg[0]_rep__1/C
                               serialize_reg_1_5_reg[29]/D    5.599         
FSM_sequential_state_reg[0]_rep__1/C
                               serialize_reg_1_2_reg[29]/D    5.599         
FSM_sequential_state_reg[0]_rep__2/C
                               serialize_reg_1_0_reg[17]/D    5.616         
FSM_sequential_state_reg[1]_rep__0/C
                               serialize_reg_0_5_reg[27]/D    5.618         
FSM_sequential_state_reg[0]_rep__2/C
                               serialize_reg_1_0_reg[15]/D    5.625         
FSM_sequential_state_reg[1]_rep__1/C
                               serialize_reg_2_3_reg[20]/D    5.634         
FSM_sequential_state_reg[1]_rep__0/C
                               serialize_reg_1_4_reg[24]/D    5.634         
FSM_sequential_state_reg[1]_rep__2/C
                               serialize_reg_2_1_reg[19]/D    5.649         
FSM_sequential_state_reg[1]_rep__2/C
                               serialize_reg_0_1_reg[20]/D    5.659         
FSM_sequential_state_reg[1]_rep__2/C
                               serialize_reg_1_1_reg[16]/D    5.665         
FSM_sequential_state_reg[0]_rep__2/C
                               serialize_reg_2_0_reg[15]/D    5.675         
FSM_sequential_state_reg[1]_rep__2/C
                               serialize_reg_0_2_reg[13]/D    5.678         
FSM_sequential_state_reg[0]_rep__2/C
                               serialize_reg_2_0_reg[17]/D    5.679         



