Copyright 1986-2018 Xilinx, Inc. All Rights Reserved.
-----------------------------------------------------------------------------------------------------------------------------------------------------------------------------------------------------------------------
| Tool Version : Vivado v.2018.3 (lin64) Build 2405991 Thu Dec  6 23:36:41 MST 2018
| Date         : Thu Jan 13 05:49:41 2022
| Host         : koopa.ece.utexas.edu running 64-bit CentOS Linux release 7.9.2009 (Core)
| Command      : report_timing_summary -file /misc/scratch/zwei1/reports_Jan12/raw_designs/vtr_designs/verilog/koios/tiny_darknet_like.medium_submodules/td_fused_top_tdf4_readFilters36/post_route_timing_summary.rpt
| Design       : td_fused_top_tdf4_readFilters36
| Device       : 7z020-clg484
| Speed File   : -3  PRODUCTION 1.11 2014-09-11
-----------------------------------------------------------------------------------------------------------------------------------------------------------------------------------------------------------------------

Timing Summary Report

------------------------------------------------------------------------------------------------
| Timer Settings
| --------------
------------------------------------------------------------------------------------------------

  Enable Multi Corner Analysis               :  Yes
  Enable Pessimism Removal                   :  Yes
  Pessimism Removal Resolution               :  Nearest Common Node
  Enable Input Delay Default Clock           :  No
  Enable Preset / Clear Arcs                 :  No
  Disable Flight Delays                      :  No
  Ignore I/O Paths                           :  No
  Timing Early Launch at Borrowing Latches   :  false

  Corner  Analyze    Analyze    
  Name    Max Paths  Min Paths  
  ------  ---------  ---------  
  Slow    Yes        Yes        
  Fast    Yes        Yes        



check_timing report

Table of Contents
-----------------
1. checking no_clock
2. checking constant_clock
3. checking pulse_width_clock
4. checking unconstrained_internal_endpoints
5. checking no_input_delay
6. checking no_output_delay
7. checking multiple_clock
8. checking generated_clocks
9. checking loops
10. checking partial_input_delay
11. checking partial_output_delay
12. checking latch_loops

1. checking no_clock
--------------------
 There are 0 register/latch pins with no clock.


2. checking constant_clock
--------------------------
 There are 0 register/latch pins with constant_clock.


3. checking pulse_width_clock
-----------------------------
 There are 0 register/latch pins which need pulse_width check


4. checking unconstrained_internal_endpoints
--------------------------------------------
 There are 0 pins that are not constrained for maximum delay.

 There are 0 pins that are not constrained for maximum delay due to constant clock.


5. checking no_input_delay
--------------------------
 There are 9 input ports with no input delay specified. (HIGH)

 There are 0 input ports with no input delay but user has a false path constraint.


6. checking no_output_delay
---------------------------
 There are 180 ports with no output delay specified. (HIGH)

 There are 0 ports with no output delay but user has a false path constraint

 There are 0 ports with no output delay but with a timing clock defined on it or propagating through it


7. checking multiple_clock
--------------------------
 There are 0 register/latch pins with multiple clocks.


8. checking generated_clocks
----------------------------
 There are 0 generated clocks that are not connected to a clock source.


9. checking loops
-----------------
 There are 0 combinational loops in the design.


10. checking partial_input_delay
--------------------------------
 There are 0 input ports with partial input delay specified.


11. checking partial_output_delay
---------------------------------
 There are 0 ports with partial output delay specified.


12. checking latch_loops
------------------------
 There are 0 combinational latch loops in the design through latch input



------------------------------------------------------------------------------------------------
| Design Timing Summary
| ---------------------
------------------------------------------------------------------------------------------------

    WNS(ns)      TNS(ns)  TNS Failing Endpoints  TNS Total Endpoints      WHS(ns)      THS(ns)  THS Failing Endpoints  THS Total Endpoints     WPWS(ns)     TPWS(ns)  TPWS Failing Endpoints  TPWS Total Endpoints  
    -------      -------  ---------------------  -------------------      -------      -------  ---------------------  -------------------     --------     --------  ----------------------  --------------------  
      6.548        0.000                      0                  112        0.180        0.000                      0                  112        4.500        0.000                       0                    54  


All user specified timing constraints are met.


------------------------------------------------------------------------------------------------
| Clock Summary
| -------------
------------------------------------------------------------------------------------------------

Clock  Waveform(ns)       Period(ns)      Frequency(MHz)
-----  ------------       ----------      --------------
clk    {0.000 5.000}      10.000          100.000         


------------------------------------------------------------------------------------------------
| Intra Clock Table
| -----------------
------------------------------------------------------------------------------------------------

Clock             WNS(ns)      TNS(ns)  TNS Failing Endpoints  TNS Total Endpoints      WHS(ns)      THS(ns)  THS Failing Endpoints  THS Total Endpoints     WPWS(ns)     TPWS(ns)  TPWS Failing Endpoints  TPWS Total Endpoints  
-----             -------      -------  ---------------------  -------------------      -------      -------  ---------------------  -------------------     --------     --------  ----------------------  --------------------  
clk                 6.548        0.000                      0                  112        0.180        0.000                      0                  112        4.500        0.000                       0                    54  


------------------------------------------------------------------------------------------------
| Inter Clock Table
| -----------------
------------------------------------------------------------------------------------------------

From Clock    To Clock          WNS(ns)      TNS(ns)  TNS Failing Endpoints  TNS Total Endpoints      WHS(ns)      THS(ns)  THS Failing Endpoints  THS Total Endpoints  
----------    --------          -------      -------  ---------------------  -------------------      -------      -------  ---------------------  -------------------  


------------------------------------------------------------------------------------------------
| Other Path Groups Table
| -----------------------
------------------------------------------------------------------------------------------------

Path Group    From Clock    To Clock          WNS(ns)      TNS(ns)  TNS Failing Endpoints  TNS Total Endpoints      WHS(ns)      THS(ns)  THS Failing Endpoints  THS Total Endpoints  
----------    ----------    --------          -------      -------  ---------------------  -------------------      -------      -------  ---------------------  -------------------  


------------------------------------------------------------------------------------------------
| Timing Details
| --------------
------------------------------------------------------------------------------------------------


---------------------------------------------------------------------------------------------------
From Clock:  clk
  To Clock:  clk

Setup :            0  Failing Endpoints,  Worst Slack        6.548ns,  Total Violation        0.000ns
Hold  :            0  Failing Endpoints,  Worst Slack        0.180ns,  Total Violation        0.000ns
PW    :            0  Failing Endpoints,  Worst Slack        4.500ns,  Total Violation        0.000ns
---------------------------------------------------------------------------------------------------


Max Delay Paths
--------------------------------------------------------------------------------------
Slack (MET) :             6.548ns  (required time - arrival time)
  Source:                 indvar_flatten13_reg_412_reg[3]/C
                            (rising edge-triggered cell FDRE clocked by clk  {rise@0.000ns fall@5.000ns period=10.000ns})
  Destination:            select_ln48_7_reg_1020_reg[0]/CE
                            (rising edge-triggered cell FDRE clocked by clk  {rise@0.000ns fall@5.000ns period=10.000ns})
  Path Group:             clk
  Path Type:              Setup (Max at Slow Process Corner)
  Requirement:            10.000ns  (clk rise@10.000ns - clk rise@0.000ns)
  Data Path Delay:        3.262ns  (logic 1.104ns (33.843%)  route 2.158ns (66.157%))
  Logic Levels:           4  (LUT2=2 LUT4=1 LUT6=1)
  Clock Path Skew:        -0.035ns (DCD - SCD + CPR)
    Destination Clock Delay (DCD):    0.669ns = ( 10.669 - 10.000 ) 
    Source Clock Delay      (SCD):    0.704ns
    Clock Pessimism Removal (CPR):    0.000ns
  Clock Uncertainty:      0.035ns  ((TSJ^2 + TIJ^2)^1/2 + DJ) / 2 + PE
    Total System Jitter     (TSJ):    0.071ns
    Total Input Jitter      (TIJ):    0.000ns
    Discrete Jitter          (DJ):    0.000ns
    Phase Error              (PE):    0.000ns

    Location             Delay type                Incr(ns)  Path(ns)    Netlist Resource(s)
  -------------------------------------------------------------------    -------------------
                         (clock clk rise edge)        0.000     0.000 r  
                                                      0.000     0.000 r  ap_clk (IN)
                         net (fo=53, unset)           0.704     0.704    ap_clk
    SLICE_X30Y86         FDRE                                         r  indvar_flatten13_reg_412_reg[3]/C
  -------------------------------------------------------------------    -------------------
    SLICE_X30Y86         FDRE (Prop_fdre_C_Q)         0.393     1.097 r  indvar_flatten13_reg_412_reg[3]/Q
                         net (fo=4, routed)           0.646     1.743    indvar_flatten13_reg_412_reg__0[3]
    SLICE_X30Y86         LUT6 (Prop_lut6_I2_O)        0.097     1.840 f  icmp_ln47_reg_1003[0]_i_1/O
                         net (fo=6, routed)           0.471     2.311    ap_condition_pp0_exit_iter0_state2
    SLICE_X28Y87         LUT2 (Prop_lut2_I1_O)        0.110     2.421 r  lshr_ln_reg_1027[1]_i_1/O
                         net (fo=12, routed)          0.437     2.858    icmp_ln47_fu_499_p2
    SLICE_X29Y87         LUT2 (Prop_lut2_I1_O)        0.259     3.117 r  kk_reg_456[4]_i_2/O
                         net (fo=16, routed)          0.364     3.481    indvar_flatten13_reg_4120
    SLICE_X30Y87         LUT4 (Prop_lut4_I3_O)        0.245     3.726 r  select_ln48_7_reg_1020_reg[0]_CE_cooolgate_en_gate_2_LOPT_REMAP/O
                         net (fo=2, routed)           0.240     3.966    select_ln48_7_reg_1020_reg[0]_CE_cooolgate_en_sig_2
    SLICE_X30Y87         FDRE                                         r  select_ln48_7_reg_1020_reg[0]/CE
  -------------------------------------------------------------------    -------------------

                         (clock clk rise edge)       10.000    10.000 r  
                                                      0.000    10.000 r  ap_clk (IN)
                         net (fo=53, unset)           0.669    10.669    ap_clk
    SLICE_X30Y87         FDRE                                         r  select_ln48_7_reg_1020_reg[0]/C
                         clock pessimism              0.000    10.669    
                         clock uncertainty           -0.035    10.633    
    SLICE_X30Y87         FDRE (Setup_fdre_C_CE)      -0.119    10.514    select_ln48_7_reg_1020_reg[0]
  -------------------------------------------------------------------
                         required time                         10.514    
                         arrival time                          -3.966    
  -------------------------------------------------------------------
                         slack                                  6.548    





Min Delay Paths
--------------------------------------------------------------------------------------
Slack (MET) :             0.180ns  (arrival time - required time)
  Source:                 sext_ln47_reg_993_reg[1]/C
                            (rising edge-triggered cell FDRE clocked by clk  {rise@0.000ns fall@5.000ns period=10.000ns})
  Destination:            add_ln55_reg_1014_reg[2]/D
                            (rising edge-triggered cell FDRE clocked by clk  {rise@0.000ns fall@5.000ns period=10.000ns})
  Path Group:             clk
  Path Type:              Hold (Min at Fast Process Corner)
  Requirement:            0.000ns  (clk rise@0.000ns - clk rise@0.000ns)
  Data Path Delay:        0.309ns  (logic 0.189ns (61.260%)  route 0.120ns (38.740%))
  Logic Levels:           1  (LUT5=1)
  Clock Path Skew:        0.022ns (DCD - SCD - CPR)
    Destination Clock Delay (DCD):    0.432ns
    Source Clock Delay      (SCD):    0.411ns
    Clock Pessimism Removal (CPR):    -0.000ns

    Location             Delay type                Incr(ns)  Path(ns)    Netlist Resource(s)
  -------------------------------------------------------------------    -------------------
                         (clock clk rise edge)        0.000     0.000 r  
                                                      0.000     0.000 r  ap_clk (IN)
                         net (fo=53, unset)           0.411     0.411    ap_clk
    SLICE_X29Y88         FDRE                                         r  sext_ln47_reg_993_reg[1]/C
  -------------------------------------------------------------------    -------------------
    SLICE_X29Y88         FDRE (Prop_fdre_C_Q)         0.141     0.552 r  sext_ln47_reg_993_reg[1]/Q
                         net (fo=5, routed)           0.120     0.671    sext_ln47_reg_993[1]
    SLICE_X28Y88         LUT5 (Prop_lut5_I0_O)        0.048     0.719 r  add_ln55_reg_1014[2]_i_1/O
                         net (fo=1, routed)           0.000     0.719    add_ln55_fu_545_p2[2]
    SLICE_X28Y88         FDRE                                         r  add_ln55_reg_1014_reg[2]/D
  -------------------------------------------------------------------    -------------------

                         (clock clk rise edge)        0.000     0.000 r  
                                                      0.000     0.000 r  ap_clk (IN)
                         net (fo=53, unset)           0.432     0.432    ap_clk
    SLICE_X28Y88         FDRE                                         r  add_ln55_reg_1014_reg[2]/C
                         clock pessimism              0.000     0.432    
    SLICE_X28Y88         FDRE (Hold_fdre_C_D)         0.107     0.539    add_ln55_reg_1014_reg[2]
  -------------------------------------------------------------------
                         required time                         -0.539    
                         arrival time                           0.719    
  -------------------------------------------------------------------
                         slack                                  0.180    





Pulse Width Checks
--------------------------------------------------------------------------------------
Clock Name:         clk
Waveform(ns):       { 0.000 5.000 }
Period(ns):         10.000
Sources:            { ap_clk }

Check Type        Corner  Lib Pin  Reference Pin  Required(ns)  Actual(ns)  Slack(ns)  Location      Pin
Min Period        n/a     FDRE/C   n/a            1.000         10.000      9.000      SLICE_X28Y87  add_ln55_8_reg_1043_reg[0]/C
Low Pulse Width   Slow    FDRE/C   n/a            0.500         5.000       4.500      SLICE_X28Y87  add_ln55_8_reg_1043_reg[0]/C
High Pulse Width  Slow    FDRE/C   n/a            0.500         5.000       4.500      SLICE_X28Y87  add_ln55_8_reg_1043_reg[0]/C



