Copyright 1986-2018 Xilinx, Inc. All Rights Reserved.
-----------------------------------------------------------------------------------------------------------------------------------------------------------------------------------------------------------------------
| Tool Version : Vivado v.2018.3 (lin64) Build 2405991 Thu Dec  6 23:36:41 MST 2018
| Date         : Wed Jan 12 20:52:05 2022
| Host         : koopa.ece.utexas.edu running 64-bit CentOS Linux release 7.9.2009 (Core)
| Command      : report_timing -sort_by group -max_paths 100 -path_type summary -file /misc/scratch/zwei1/reports_Jan12/raw_designs/opencores/arithmetic/cavlc_submodules/cavlc_read_total_zeros/post_route_timing.rpt
| Design       : cavlc_read_total_zeros
| Device       : 7z020-clg484
| Speed File   : -3  PRODUCTION 1.11 2014-09-11
-----------------------------------------------------------------------------------------------------------------------------------------------------------------------------------------------------------------------

Timing Report

Startpoint                     Endpoint                       Slack(ns)     
----------------------------------------------------------------------------
TotalCoeff[2]                  len_comb[0]                    inf           
ena                            TotalZeros_comb[3]             inf           
TotalCoeff[2]                  TotalZeros_comb[1]             inf           
TotalCoeff[2]                  TotalZeros_comb[2]             inf           
TotalCoeff[2]                  TotalZeros_comb[0]             inf           
TotalCoeff[2]                  len_comb[2]                    inf           
TotalCoeff[2]                  len_comb[1]                    inf           
TotalCoeff[2]                  len_comb[3]                    inf           



