Copyright 1986-2018 Xilinx, Inc. All Rights Reserved.
---------------------------------------------------------------------------------------------------------------------------------------------------------------------------------
| Tool Version : Vivado v.2018.3 (lin64) Build 2405991 Thu Dec  6 23:36:41 MST 2018
| Date         : Thu Jan 13 17:41:05 2022
| Host         : koopa.ece.utexas.edu running 64-bit CentOS Linux release 7.9.2009 (Core)
| Command      : report_timing_summary -file /misc/scratch/zwei1/reports_Jan12/raw_designs/vtr_designs/verilog/stereovision2_submodules/steer_fltr/post_place_timing_summary.rpt
| Design       : steer_fltr
| Device       : 7z020-clg484
| Speed File   : -3  PRODUCTION 1.11 2014-09-11
---------------------------------------------------------------------------------------------------------------------------------------------------------------------------------

Timing Summary Report

------------------------------------------------------------------------------------------------
| Timer Settings
| --------------
------------------------------------------------------------------------------------------------

  Enable Multi Corner Analysis               :  Yes
  Enable Pessimism Removal                   :  Yes
  Pessimism Removal Resolution               :  Nearest Common Node
  Enable Input Delay Default Clock           :  No
  Enable Preset / Clear Arcs                 :  No
  Disable Flight Delays                      :  No
  Ignore I/O Paths                           :  No
  Timing Early Launch at Borrowing Latches   :  false

  Corner  Analyze    Analyze    
  Name    Max Paths  Min Paths  
  ------  ---------  ---------  
  Slow    Yes        Yes        
  Fast    Yes        Yes        



check_timing report

Table of Contents
-----------------
1. checking no_clock
2. checking constant_clock
3. checking pulse_width_clock
4. checking unconstrained_internal_endpoints
5. checking no_input_delay
6. checking no_output_delay
7. checking multiple_clock
8. checking generated_clocks
9. checking loops
10. checking partial_input_delay
11. checking partial_output_delay
12. checking latch_loops

1. checking no_clock
--------------------
 There are 0 register/latch pins with no clock.


2. checking constant_clock
--------------------------
 There are 0 register/latch pins with constant_clock.


3. checking pulse_width_clock
-----------------------------
 There are 0 register/latch pins which need pulse_width check


4. checking unconstrained_internal_endpoints
--------------------------------------------
 There are 0 pins that are not constrained for maximum delay.

 There are 0 pins that are not constrained for maximum delay due to constant clock.


5. checking no_input_delay
--------------------------
 There are 191 input ports with no input delay specified. (HIGH)

 There are 0 input ports with no input delay but user has a false path constraint.


6. checking no_output_delay
---------------------------
 There are 96 ports with no output delay specified. (HIGH)

 There are 0 ports with no output delay but user has a false path constraint

 There are 0 ports with no output delay but with a timing clock defined on it or propagating through it


7. checking multiple_clock
--------------------------
 There are 0 register/latch pins with multiple clocks.


8. checking generated_clocks
----------------------------
 There are 0 generated clocks that are not connected to a clock source.


9. checking loops
-----------------
 There are 0 combinational loops in the design.


10. checking partial_input_delay
--------------------------------
 There are 0 input ports with partial input delay specified.


11. checking partial_output_delay
---------------------------------
 There are 0 ports with partial output delay specified.


12. checking latch_loops
------------------------
 There are 0 combinational latch loops in the design through latch input



------------------------------------------------------------------------------------------------
| Design Timing Summary
| ---------------------
------------------------------------------------------------------------------------------------

    WNS(ns)      TNS(ns)  TNS Failing Endpoints  TNS Total Endpoints      WHS(ns)      THS(ns)  THS Failing Endpoints  THS Total Endpoints     WPWS(ns)     TPWS(ns)  TPWS Failing Endpoints  TPWS Total Endpoints  
    -------      -------  ---------------------  -------------------      -------      -------  ---------------------  -------------------     --------     --------  ----------------------  --------------------  
      6.907        0.000                      0                  378        0.103        0.000                      0                  378        4.230        0.000                       0                   566  


All user specified timing constraints are met.


------------------------------------------------------------------------------------------------
| Clock Summary
| -------------
------------------------------------------------------------------------------------------------

Clock  Waveform(ns)       Period(ns)      Frequency(MHz)
-----  ------------       ----------      --------------
clk    {0.000 5.000}      10.000          100.000         


------------------------------------------------------------------------------------------------
| Intra Clock Table
| -----------------
------------------------------------------------------------------------------------------------

Clock             WNS(ns)      TNS(ns)  TNS Failing Endpoints  TNS Total Endpoints      WHS(ns)      THS(ns)  THS Failing Endpoints  THS Total Endpoints     WPWS(ns)     TPWS(ns)  TPWS Failing Endpoints  TPWS Total Endpoints  
-----             -------      -------  ---------------------  -------------------      -------      -------  ---------------------  -------------------     --------     --------  ----------------------  --------------------  
clk                 6.907        0.000                      0                  378        0.103        0.000                      0                  378        4.230        0.000                       0                   566  


------------------------------------------------------------------------------------------------
| Inter Clock Table
| -----------------
------------------------------------------------------------------------------------------------

From Clock    To Clock          WNS(ns)      TNS(ns)  TNS Failing Endpoints  TNS Total Endpoints      WHS(ns)      THS(ns)  THS Failing Endpoints  THS Total Endpoints  
----------    --------          -------      -------  ---------------------  -------------------      -------      -------  ---------------------  -------------------  


------------------------------------------------------------------------------------------------
| Other Path Groups Table
| -----------------------
------------------------------------------------------------------------------------------------

Path Group    From Clock    To Clock          WNS(ns)      TNS(ns)  TNS Failing Endpoints  TNS Total Endpoints      WHS(ns)      THS(ns)  THS Failing Endpoints  THS Total Endpoints  
----------    ----------    --------          -------      -------  ---------------------  -------------------      -------      -------  ---------------------  -------------------  


------------------------------------------------------------------------------------------------
| Timing Details
| --------------
------------------------------------------------------------------------------------------------


---------------------------------------------------------------------------------------------------
From Clock:  clk
  To Clock:  clk

Setup :            0  Failing Endpoints,  Worst Slack        6.907ns,  Total Violation        0.000ns
Hold  :            0  Failing Endpoints,  Worst Slack        0.103ns,  Total Violation        0.000ns
PW    :            0  Failing Endpoints,  Worst Slack        4.230ns,  Total Violation        0.000ns
---------------------------------------------------------------------------------------------------


Max Delay Paths
--------------------------------------------------------------------------------------
Slack (MET) :             6.907ns  (required time - arrival time)
  Source:                 im_p_tmp_3_reg[11]/C
                            (rising edge-triggered cell FDRE clocked by clk  {rise@0.000ns fall@5.000ns period=10.000ns})
  Destination:            im_p_tmp_reg[29]/D
                            (rising edge-triggered cell FDRE clocked by clk  {rise@0.000ns fall@5.000ns period=10.000ns})
  Path Group:             clk
  Path Type:              Setup (Max at Slow Process Corner)
  Requirement:            10.000ns  (clk rise@10.000ns - clk rise@0.000ns)
  Data Path Delay:        3.078ns  (logic 1.576ns (51.202%)  route 1.502ns (48.798%))
  Logic Levels:           8  (CARRY4=5 LUT3=1 LUT5=1 LUT6=1)
  Clock Path Skew:        -0.035ns (DCD - SCD + CPR)
    Destination Clock Delay (DCD):    0.669ns = ( 10.669 - 10.000 ) 
    Source Clock Delay      (SCD):    0.704ns
    Clock Pessimism Removal (CPR):    0.000ns
  Clock Uncertainty:      0.035ns  ((TSJ^2 + TIJ^2)^1/2 + DJ) / 2 + PE
    Total System Jitter     (TSJ):    0.071ns
    Total Input Jitter      (TIJ):    0.000ns
    Discrete Jitter          (DJ):    0.000ns
    Phase Error              (PE):    0.000ns

    Location             Delay type                Incr(ns)  Path(ns)    Netlist Resource(s)
  -------------------------------------------------------------------    -------------------
                         (clock clk rise edge)        0.000     0.000 r  
                                                      0.000     0.000 r  clk (IN)
                         net (fo=565, unset)          0.704     0.704    clk
    SLICE_X112Y80        FDRE                                         r  im_p_tmp_3_reg[11]/C
  -------------------------------------------------------------------    -------------------
    SLICE_X112Y80        FDRE (Prop_fdre_C_Q)         0.393     1.097 r  im_p_tmp_3_reg[11]/Q
                         net (fo=5, estimated)        0.646     1.743    im_p_tmp_3[11]
    SLICE_X106Y78        LUT3 (Prop_lut3_I0_O)        0.097     1.840 r  im_p_tmp[15]_i_23/O
                         net (fo=4, estimated)        0.432     2.272    im_p_tmp[15]_i_23_n_0
    SLICE_X110Y76        LUT5 (Prop_lut5_I4_O)        0.097     2.369 r  im_p_tmp[15]_i_6/O
                         net (fo=2, estimated)        0.424     2.793    im_p_tmp[15]_i_6_n_0
    SLICE_X109Y79        LUT6 (Prop_lut6_I0_O)        0.097     2.890 r  im_p_tmp[15]_i_10/O
                         net (fo=1, routed)           0.000     2.890    im_p_tmp[15]_i_10_n_0
    SLICE_X109Y79        CARRY4 (Prop_carry4_S[0]_CO[3])
                                                      0.395     3.285 r  im_p_tmp_reg[15]_i_1/CO[3]
                         net (fo=1, estimated)        0.000     3.285    im_p_tmp_reg[15]_i_1_n_0
    SLICE_X109Y80        CARRY4 (Prop_carry4_CI_CO[3])
                                                      0.089     3.374 r  im_p_tmp_reg[19]_i_1/CO[3]
                         net (fo=1, estimated)        0.000     3.374    im_p_tmp_reg[19]_i_1_n_0
    SLICE_X109Y81        CARRY4 (Prop_carry4_CI_CO[3])
                                                      0.089     3.463 r  im_p_tmp_reg[23]_i_1/CO[3]
                         net (fo=1, estimated)        0.000     3.463    im_p_tmp_reg[23]_i_1_n_0
    SLICE_X109Y82        CARRY4 (Prop_carry4_CI_CO[3])
                                                      0.089     3.552 r  im_p_tmp_reg[27]_i_1/CO[3]
                         net (fo=1, estimated)        0.000     3.552    im_p_tmp_reg[27]_i_1_n_0
    SLICE_X109Y83        CARRY4 (Prop_carry4_CI_O[1])
                                                      0.230     3.782 r  im_p_tmp_reg[30]_i_1/O[1]
                         net (fo=1, routed)           0.000     3.782    im_p_tmp00_out[29]
    SLICE_X109Y83        FDRE                                         r  im_p_tmp_reg[29]/D
  -------------------------------------------------------------------    -------------------

                         (clock clk rise edge)       10.000    10.000 r  
                                                      0.000    10.000 r  clk (IN)
                         net (fo=565, unset)          0.669    10.669    clk
    SLICE_X109Y83        FDRE                                         r  im_p_tmp_reg[29]/C
                         clock pessimism              0.000    10.669    
                         clock uncertainty           -0.035    10.633    
    SLICE_X109Y83        FDRE (Setup_fdre_C_D)        0.056    10.689    im_p_tmp_reg[29]
  -------------------------------------------------------------------
                         required time                         10.689    
                         arrival time                          -3.782    
  -------------------------------------------------------------------
                         slack                                  6.907    





Min Delay Paths
--------------------------------------------------------------------------------------
Slack (MET) :             0.103ns  (arrival time - required time)
  Source:                 h1_reg_reg[22]/C
                            (rising edge-triggered cell FDRE clocked by clk  {rise@0.000ns fall@5.000ns period=10.000ns})
  Destination:            im_z_tmp_reg[22]_srl2/D
                            (rising edge-triggered cell SRL16E clocked by clk  {rise@0.000ns fall@5.000ns period=10.000ns})
  Path Group:             clk
  Path Type:              Hold (Min at Fast Process Corner)
  Requirement:            0.000ns  (clk rise@0.000ns - clk rise@0.000ns)
  Data Path Delay:        0.308ns  (logic 0.164ns (53.229%)  route 0.144ns (46.771%))
  Logic Levels:           0  
  Clock Path Skew:        0.022ns (DCD - SCD - CPR)
    Destination Clock Delay (DCD):    0.432ns
    Source Clock Delay      (SCD):    0.411ns
    Clock Pessimism Removal (CPR):    -0.000ns

    Location             Delay type                Incr(ns)  Path(ns)    Netlist Resource(s)
  -------------------------------------------------------------------    -------------------
                         (clock clk rise edge)        0.000     0.000 r  
                                                      0.000     0.000 r  clk (IN)
                         net (fo=565, unset)          0.411     0.411    clk
    SLICE_X102Y77        FDRE                                         r  h1_reg_reg[22]/C
  -------------------------------------------------------------------    -------------------
    SLICE_X102Y77        FDRE (Prop_fdre_C_Q)         0.164     0.575 r  h1_reg_reg[22]/Q
                         net (fo=4, estimated)        0.144     0.719    h1_reg_reg_n_0_[22]
    SLICE_X102Y78        SRL16E                                       r  im_z_tmp_reg[22]_srl2/D
  -------------------------------------------------------------------    -------------------

                         (clock clk rise edge)        0.000     0.000 r  
                                                      0.000     0.000 r  clk (IN)
                         net (fo=565, unset)          0.432     0.432    clk
    SLICE_X102Y78        SRL16E                                       r  im_z_tmp_reg[22]_srl2/CLK
                         clock pessimism              0.000     0.432    
    SLICE_X102Y78        SRL16E (Hold_srl16e_CLK_D)
                                                      0.183     0.615    im_z_tmp_reg[22]_srl2
  -------------------------------------------------------------------
                         required time                         -0.615    
                         arrival time                           0.719    
  -------------------------------------------------------------------
                         slack                                  0.103    





Pulse Width Checks
--------------------------------------------------------------------------------------
Clock Name:         clk
Waveform(ns):       { 0.000 5.000 }
Period(ns):         10.000
Sources:            { clk }

Check Type        Corner  Lib Pin     Reference Pin  Required(ns)  Actual(ns)  Slack(ns)  Location       Pin
Min Period        n/a     FDRE/C      n/a            1.000         10.000      9.000      SLICE_X96Y68   f1_reg_reg[10]/C
Low Pulse Width   Slow    SRL16E/CLK  n/a            0.770         5.000       4.230      SLICE_X102Y78  im_z_tmp_reg[15]_srl2/CLK
High Pulse Width  Slow    SRL16E/CLK  n/a            0.770         5.000       4.230      SLICE_X102Y78  im_z_tmp_reg[15]_srl2/CLK



