Copyright 1986-2018 Xilinx, Inc. All Rights Reserved.
----------------------------------------------------------------------------------------------------------------------------------------------------------------------------------------------------------------------------
| Tool Version : Vivado v.2018.3 (lin64) Build 2405991 Thu Dec  6 23:36:41 MST 2018
| Date         : Thu Jan 13 00:48:10 2022
| Host         : koopa.ece.utexas.edu running 64-bit CentOS Linux release 7.9.2009 (Core)
| Command      : report_timing -sort_by group -max_paths 100 -path_type summary -file /misc/scratch/zwei1/reports_Jan12/raw_designs/vtr_designs/verilog/koios/dla_like.medium_submodules/store_output/post_route_timing.rpt
| Design       : store_output
| Device       : 7z020-clg484
| Speed File   : -3  PRODUCTION 1.11 2014-09-11
----------------------------------------------------------------------------------------------------------------------------------------------------------------------------------------------------------------------------

Timing Report

Startpoint                     Endpoint                       Slack(ns)     
----------------------------------------------------------------------------
count_x_reg[4]/C               offset_reg[2]/D                7.319         
count_x_reg[4]/C               count_reg[0]/CE                7.521         
count_x_reg[4]/C               count_reg[1]/CE                7.521         
count_x_reg[4]/C               count_to_wvec_reg[5]/CE        7.539         
count_x_reg[4]/C               count_y_reg[1]/CE              7.572         
count_x_reg[4]/C               count_y_reg[2]/CE              7.572         
count_x_reg[4]/C               count_y_reg[3]/CE              7.572         
count_x_reg[4]/C               count_y_reg[4]/CE              7.572         
count_x_reg[4]/C               count_y_reg[5]/CE              7.572         
count_x_reg[4]/C               base_addr_reg[3]/CE            7.607         
count_x_reg[4]/C               base_addr_reg[4]/CE            7.607         
count_x_reg[4]/C               base_addr_reg[5]/CE            7.607         
count_x_reg[4]/C               base_addr_reg[6]/CE            7.607         
count_x_reg[4]/C               count_to_wvec_reg[0]/CE        7.658         
count_x_reg[4]/C               count_to_wvec_reg[1]/CE        7.658         
count_x_reg[4]/C               count_to_wvec_reg[2]/CE        7.658         
count_x_reg[4]/C               count_to_wvec_reg[3]/CE        7.658         
count_x_reg[4]/C               count_to_wvec_reg[4]/CE        7.658         
count_x_reg[4]/C               base_addr_reg[11]/CE           7.681         
count_x_reg[4]/C               base_addr_reg[12]/CE           7.681         
count_x_reg[4]/C               base_addr_reg[13]/CE           7.681         
count_x_reg[4]/C               base_addr_reg[10]/CE           7.703         
count_x_reg[4]/C               base_addr_reg[7]/CE            7.703         
count_x_reg[4]/C               base_addr_reg[8]/CE            7.703         
count_x_reg[4]/C               base_addr_reg[9]/CE            7.703         
count_y_reg[2]/C               count_x_reg[2]/CE              7.866         
count_y_reg[2]/C               count_x_reg[3]/CE              7.866         
count_y_reg[2]/C               count_x_reg[4]/CE              7.866         
count_y_reg[2]/C               count_x_reg[5]/CE              7.866         
count_y_reg[2]/C               count_x_reg[0]/CE              7.874         
count_y_reg[2]/C               count_x_reg[1]/CE              7.874         
count_to_wvec_reg[4]/C         count_to_wvec_reg[5]/D         8.463         
count_to_wvec_reg[4]/C         count_to_wvec_reg[2]/D         8.473         
base_addr_reg[3]/C             base_addr_reg[12]/D            8.476         
base_addr_reg[3]/C             base_addr_reg[13]/D            8.525         
count_reg[1]/C                 count_reg[1]/D                 8.537         
base_addr_reg[3]/C             base_addr_reg[11]/D            8.547         
base_addr_reg[3]/C             base_addr_reg[10]/D            8.561         
base_addr_reg[3]/C             base_addr_reg[8]/D             8.565         
count_to_wvec_reg[4]/C         wen_3_reg/D                    8.587         
count_to_wvec_reg[4]/C         count_to_wvec_reg[1]/D         8.614         
base_addr_reg[3]/C             base_addr_reg[9]/D             8.614         
base_addr_reg[3]/C             base_addr_reg[7]/D             8.636         
count_to_wvec_reg[4]/C         wen_2_reg/D                    8.724         
base_addr_reg[3]/C             base_addr_reg[6]/D             8.738         
base_addr_reg[3]/C             base_addr_reg[5]/D             8.783         
count_y_reg[2]/C               count_y_reg[4]/D               8.812         
count_to_wvec_reg[4]/C         wen_1_reg/D                    8.836         
count_to_wvec_reg[4]/C         wen_5_reg/D                    8.836         
count_to_wvec_reg[4]/C         wen_0_reg/D                    8.837         
count_to_wvec_reg[4]/C         wen_4_reg/D                    8.839         
count_y_reg[2]/C               count_y_reg[2]/D               8.842         
count_x_reg[3]/C               count_x_reg[5]/D               8.869         
base_addr_reg[3]/C             base_addr_reg[4]/D             8.887         
count_x_reg[4]/C               count_x_reg[2]/D               8.900         
count_x_reg[5]/C               count_x_reg[1]/D               8.902         
count_x_reg[1]/C               count_x_reg[3]/D               8.904         
count_y_reg[4]/C               count_y_reg[3]/D               8.905         
count_y_reg[4]/C               count_y_reg[5]/D               8.933         
count_x_reg[1]/C               count_x_reg[4]/D               8.936         
count_to_wvec_reg[4]/C         count_to_wvec_reg[4]/D         8.958         
count_to_wvec_reg[3]/C         count_to_wvec_reg[3]/D         8.994         
base_addr_reg[3]/C             base_addr_reg[3]/D             9.003         
offset_reg[2]/C                addr_reg_reg[2]/D              9.084         
base_addr_reg[12]/C            addr_reg_reg[12]/D             9.104         
base_addr_reg[4]/C             addr_reg_reg[4]/D              9.104         
count_reg[0]/C                 count_reg[0]/D                 9.134         
base_addr_reg[6]/C             addr_reg_reg[6]/D              9.141         
base_addr_reg[13]/C            addr_reg_reg[13]/D             9.143         
base_addr_reg[5]/C             addr_reg_reg[5]/D              9.143         
count_to_wvec_reg[0]/C         count_to_wvec_reg[0]/D         9.143         
count_x_reg[0]/C               count_x_reg[0]/D               9.149         
count_y_reg[1]/C               count_y_reg[1]/D               9.154         
base_addr_reg[7]/C             addr_reg_reg[7]/D              9.221         
base_addr_reg[3]/C             addr_reg_reg[3]/D              9.230         
base_addr_reg[11]/C            addr_reg_reg[11]/D             9.232         
base_addr_reg[9]/C             addr_reg_reg[9]/D              9.235         
base_addr_reg[8]/C             addr_reg_reg[8]/D              9.237         
base_addr_reg[10]/C            addr_reg_reg[10]/D             9.349         



