Copyright 1986-2018 Xilinx, Inc. All Rights Reserved.
-------------------------------------------------------------------------------------------------------------------------------------------------------------------------------------------------------------------------------------------
| Tool Version : Vivado v.2018.3 (lin64) Build 2405991 Thu Dec  6 23:36:41 MST 2018
| Date         : Wed Jan 12 04:28:49 2022
| Host         : koopa.ece.utexas.edu running 64-bit CentOS Linux release 7.9.2009 (Core)
| Command      : report_timing_summary -file /misc/scratch/zwei1/reports_Jan12/raw_designs/vtr_designs/verilog/koios/tiny_darknet_like.medium_submodules/td_fused_top_dataflow_in_loop_TOP_LOOP16_products_0/post_place_timing_summary.rpt
| Design       : td_fused_top_dataflow_in_loop_TOP_LOOP16_products_0
| Device       : 7z020-clg484
| Speed File   : -3  PRODUCTION 1.11 2014-09-11
-------------------------------------------------------------------------------------------------------------------------------------------------------------------------------------------------------------------------------------------

Timing Summary Report

------------------------------------------------------------------------------------------------
| Timer Settings
| --------------
------------------------------------------------------------------------------------------------

  Enable Multi Corner Analysis               :  Yes
  Enable Pessimism Removal                   :  Yes
  Pessimism Removal Resolution               :  Nearest Common Node
  Enable Input Delay Default Clock           :  No
  Enable Preset / Clear Arcs                 :  No
  Disable Flight Delays                      :  No
  Ignore I/O Paths                           :  No
  Timing Early Launch at Borrowing Latches   :  false

  Corner  Analyze    Analyze    
  Name    Max Paths  Min Paths  
  ------  ---------  ---------  
  Slow    Yes        Yes        
  Fast    Yes        Yes        



check_timing report

Table of Contents
-----------------
1. checking no_clock
2. checking constant_clock
3. checking pulse_width_clock
4. checking unconstrained_internal_endpoints
5. checking no_input_delay
6. checking no_output_delay
7. checking multiple_clock
8. checking generated_clocks
9. checking loops
10. checking partial_input_delay
11. checking partial_output_delay
12. checking latch_loops

1. checking no_clock
--------------------
 There are 0 register/latch pins with no clock.


2. checking constant_clock
--------------------------
 There are 0 register/latch pins with constant_clock.


3. checking pulse_width_clock
-----------------------------
 There are 0 register/latch pins which need pulse_width check


4. checking unconstrained_internal_endpoints
--------------------------------------------
 There are 0 pins that are not constrained for maximum delay.

 There are 0 pins that are not constrained for maximum delay due to constant clock.


5. checking no_input_delay
--------------------------
 There are 63 input ports with no input delay specified. (HIGH)

 There are 0 input ports with no input delay but user has a false path constraint.


6. checking no_output_delay
---------------------------
 There are 66 ports with no output delay specified. (HIGH)

 There are 0 ports with no output delay but user has a false path constraint

 There are 0 ports with no output delay but with a timing clock defined on it or propagating through it


7. checking multiple_clock
--------------------------
 There are 0 register/latch pins with multiple clocks.


8. checking generated_clocks
----------------------------
 There are 0 generated clocks that are not connected to a clock source.


9. checking loops
-----------------
 There are 0 combinational loops in the design.


10. checking partial_input_delay
--------------------------------
 There are 0 input ports with partial input delay specified.


11. checking partial_output_delay
---------------------------------
 There are 0 ports with partial output delay specified.


12. checking latch_loops
------------------------
 There are 0 combinational latch loops in the design through latch input



------------------------------------------------------------------------------------------------
| Design Timing Summary
| ---------------------
------------------------------------------------------------------------------------------------

    WNS(ns)      TNS(ns)  TNS Failing Endpoints  TNS Total Endpoints      WHS(ns)      THS(ns)  THS Failing Endpoints  THS Total Endpoints     WPWS(ns)     TPWS(ns)  TPWS Failing Endpoints  TPWS Total Endpoints  
    -------      -------  ---------------------  -------------------      -------      -------  ---------------------  -------------------     --------     --------  ----------------------  --------------------  
      6.848        0.000                      0                  968        0.202        0.000                      0                  968        3.950        0.000                       0                   234  


All user specified timing constraints are met.


------------------------------------------------------------------------------------------------
| Clock Summary
| -------------
------------------------------------------------------------------------------------------------

Clock  Waveform(ns)       Period(ns)      Frequency(MHz)
-----  ------------       ----------      --------------
clk    {0.000 5.000}      10.000          100.000         


------------------------------------------------------------------------------------------------
| Intra Clock Table
| -----------------
------------------------------------------------------------------------------------------------

Clock             WNS(ns)      TNS(ns)  TNS Failing Endpoints  TNS Total Endpoints      WHS(ns)      THS(ns)  THS Failing Endpoints  THS Total Endpoints     WPWS(ns)     TPWS(ns)  TPWS Failing Endpoints  TPWS Total Endpoints  
-----             -------      -------  ---------------------  -------------------      -------      -------  ---------------------  -------------------     --------     --------  ----------------------  --------------------  
clk                 6.848        0.000                      0                  968        0.202        0.000                      0                  968        3.950        0.000                       0                   234  


------------------------------------------------------------------------------------------------
| Inter Clock Table
| -----------------
------------------------------------------------------------------------------------------------

From Clock    To Clock          WNS(ns)      TNS(ns)  TNS Failing Endpoints  TNS Total Endpoints      WHS(ns)      THS(ns)  THS Failing Endpoints  THS Total Endpoints  
----------    --------          -------      -------  ---------------------  -------------------      -------      -------  ---------------------  -------------------  


------------------------------------------------------------------------------------------------
| Other Path Groups Table
| -----------------------
------------------------------------------------------------------------------------------------

Path Group    From Clock    To Clock          WNS(ns)      TNS(ns)  TNS Failing Endpoints  TNS Total Endpoints      WHS(ns)      THS(ns)  THS Failing Endpoints  THS Total Endpoints  
----------    ----------    --------          -------      -------  ---------------------  -------------------      -------      -------  ---------------------  -------------------  


------------------------------------------------------------------------------------------------
| Timing Details
| --------------
------------------------------------------------------------------------------------------------


---------------------------------------------------------------------------------------------------
From Clock:  clk
  To Clock:  clk

Setup :            0  Failing Endpoints,  Worst Slack        6.848ns,  Total Violation        0.000ns
Hold  :            0  Failing Endpoints,  Worst Slack        0.202ns,  Total Violation        0.000ns
PW    :            0  Failing Endpoints,  Worst Slack        3.950ns,  Total Violation        0.000ns
---------------------------------------------------------------------------------------------------


Max Delay Paths
--------------------------------------------------------------------------------------
Slack (MET) :             6.848ns  (required time - arrival time)
  Source:                 empty_n_reg/C
                            (rising edge-triggered cell FDRE clocked by clk  {rise@0.000ns fall@5.000ns period=10.000ns})
  Destination:            td_fused_top_dataflow_in_loop_TOP_LOOP16_products_0_memcore_U_0/td_fused_top_dataflow_in_loop_TOP_LOOP16_products_0_memcore_ram_U/q0_reg[2]/D
                            (rising edge-triggered cell FDRE clocked by clk  {rise@0.000ns fall@5.000ns period=10.000ns})
  Path Group:             clk
  Path Type:              Setup (Max at Slow Process Corner)
  Requirement:            10.000ns  (clk rise@10.000ns - clk rise@0.000ns)
  Data Path Delay:        3.113ns  (logic 0.847ns (27.208%)  route 2.266ns (72.792%))
  Logic Levels:           3  (LUT4=1 LUT6=1 RAMD32=1)
  Clock Path Skew:        -0.035ns (DCD - SCD + CPR)
    Destination Clock Delay (DCD):    0.669ns = ( 10.669 - 10.000 ) 
    Source Clock Delay      (SCD):    0.704ns
    Clock Pessimism Removal (CPR):    0.000ns
  Clock Uncertainty:      0.035ns  ((TSJ^2 + TIJ^2)^1/2 + DJ) / 2 + PE
    Total System Jitter     (TSJ):    0.071ns
    Total Input Jitter      (TIJ):    0.000ns
    Discrete Jitter          (DJ):    0.000ns
    Phase Error              (PE):    0.000ns

    Location             Delay type                Incr(ns)  Path(ns)    Netlist Resource(s)
  -------------------------------------------------------------------    -------------------
                         (clock clk rise edge)        0.000     0.000 r  
                                                      0.000     0.000 r  clk (IN)
                         net (fo=233, unset)          0.704     0.704    clk
    SLICE_X14Y49         FDRE                                         r  empty_n_reg/C
  -------------------------------------------------------------------    -------------------
    SLICE_X14Y49         FDRE (Prop_fdre_C_Q)         0.393     1.097 r  empty_n_reg/Q
                         net (fo=123, estimated)      0.506     1.603    td_fused_top_dataflow_in_loop_TOP_LOOP16_products_0_memcore_U_0/td_fused_top_dataflow_in_loop_TOP_LOOP16_products_0_memcore_ram_U/q1_reg[0]_0
    SLICE_X15Y47         LUT4 (Prop_lut4_I2_O)        0.097     1.700 r  td_fused_top_dataflow_in_loop_TOP_LOOP16_products_0_memcore_U_0/td_fused_top_dataflow_in_loop_TOP_LOOP16_products_0_memcore_ram_U/ram_reg_0_15_0_0_i_3/O
                         net (fo=96, estimated)       1.054     2.754    td_fused_top_dataflow_in_loop_TOP_LOOP16_products_0_memcore_U_0/td_fused_top_dataflow_in_loop_TOP_LOOP16_products_0_memcore_ram_U/ram_reg_0_15_0_0__4/A0
    SLICE_X22Y45         RAMD32 (Prop_ramd32_RADR0_O)
                                                      0.104     2.858 r  td_fused_top_dataflow_in_loop_TOP_LOOP16_products_0_memcore_U_0/td_fused_top_dataflow_in_loop_TOP_LOOP16_products_0_memcore_ram_U/ram_reg_0_15_0_0__4/SP/O
                         net (fo=1, estimated)        0.706     3.564    td_fused_top_dataflow_in_loop_TOP_LOOP16_products_0_memcore_U_0/td_fused_top_dataflow_in_loop_TOP_LOOP16_products_0_memcore_ram_U/ram_reg_0_15_0_0__4_n_1
    SLICE_X23Y45         LUT6 (Prop_lut6_I0_O)        0.253     3.817 r  td_fused_top_dataflow_in_loop_TOP_LOOP16_products_0_memcore_U_0/td_fused_top_dataflow_in_loop_TOP_LOOP16_products_0_memcore_ram_U/q0[2]_i_1/O
                         net (fo=1, routed)           0.000     3.817    td_fused_top_dataflow_in_loop_TOP_LOOP16_products_0_memcore_U_0/td_fused_top_dataflow_in_loop_TOP_LOOP16_products_0_memcore_ram_U/q00[2]
    SLICE_X23Y45         FDRE                                         r  td_fused_top_dataflow_in_loop_TOP_LOOP16_products_0_memcore_U_0/td_fused_top_dataflow_in_loop_TOP_LOOP16_products_0_memcore_ram_U/q0_reg[2]/D
  -------------------------------------------------------------------    -------------------

                         (clock clk rise edge)       10.000    10.000 r  
                                                      0.000    10.000 r  clk (IN)
                         net (fo=233, unset)          0.669    10.669    td_fused_top_dataflow_in_loop_TOP_LOOP16_products_0_memcore_U_0/td_fused_top_dataflow_in_loop_TOP_LOOP16_products_0_memcore_ram_U/clk
    SLICE_X23Y45         FDRE                                         r  td_fused_top_dataflow_in_loop_TOP_LOOP16_products_0_memcore_U_0/td_fused_top_dataflow_in_loop_TOP_LOOP16_products_0_memcore_ram_U/q0_reg[2]/C
                         clock pessimism              0.000    10.669    
                         clock uncertainty           -0.035    10.633    
    SLICE_X23Y45         FDRE (Setup_fdre_C_D)        0.032    10.665    td_fused_top_dataflow_in_loop_TOP_LOOP16_products_0_memcore_U_0/td_fused_top_dataflow_in_loop_TOP_LOOP16_products_0_memcore_ram_U/q0_reg[2]
  -------------------------------------------------------------------
                         required time                         10.665    
                         arrival time                          -3.817    
  -------------------------------------------------------------------
                         slack                                  6.848    





Min Delay Paths
--------------------------------------------------------------------------------------
Slack (MET) :             0.202ns  (arrival time - required time)
  Source:                 iptr_reg[0]/C
                            (rising edge-triggered cell FDRE clocked by clk  {rise@0.000ns fall@5.000ns period=10.000ns})
  Destination:            prev_iptr_reg[0]/D
                            (rising edge-triggered cell FDRE clocked by clk  {rise@0.000ns fall@5.000ns period=10.000ns})
  Path Group:             clk
  Path Type:              Hold (Min at Fast Process Corner)
  Requirement:            0.000ns  (clk rise@0.000ns - clk rise@0.000ns)
  Data Path Delay:        0.294ns  (logic 0.141ns (47.983%)  route 0.153ns (52.017%))
  Logic Levels:           0  
  Clock Path Skew:        0.022ns (DCD - SCD - CPR)
    Destination Clock Delay (DCD):    0.432ns
    Source Clock Delay      (SCD):    0.411ns
    Clock Pessimism Removal (CPR):    -0.000ns

    Location             Delay type                Incr(ns)  Path(ns)    Netlist Resource(s)
  -------------------------------------------------------------------    -------------------
                         (clock clk rise edge)        0.000     0.000 r  
                                                      0.000     0.000 r  clk (IN)
                         net (fo=233, unset)          0.411     0.411    clk
    SLICE_X13Y47         FDRE                                         r  iptr_reg[0]/C
  -------------------------------------------------------------------    -------------------
    SLICE_X13Y47         FDRE (Prop_fdre_C_Q)         0.141     0.552 r  iptr_reg[0]/Q
                         net (fo=10, estimated)       0.153     0.705    iptr
    SLICE_X13Y46         FDRE                                         r  prev_iptr_reg[0]/D
  -------------------------------------------------------------------    -------------------

                         (clock clk rise edge)        0.000     0.000 r  
                                                      0.000     0.000 r  clk (IN)
                         net (fo=233, unset)          0.432     0.432    clk
    SLICE_X13Y46         FDRE                                         r  prev_iptr_reg[0]/C
                         clock pessimism              0.000     0.432    
    SLICE_X13Y46         FDRE (Hold_fdre_C_D)         0.070     0.502    prev_iptr_reg[0]
  -------------------------------------------------------------------
                         required time                         -0.502    
                         arrival time                           0.705    
  -------------------------------------------------------------------
                         slack                                  0.202    





Pulse Width Checks
--------------------------------------------------------------------------------------
Clock Name:         clk
Waveform(ns):       { 0.000 5.000 }
Period(ns):         10.000
Sources:            { clk }

Check Type        Corner  Lib Pin     Reference Pin  Required(ns)  Actual(ns)  Slack(ns)  Location      Pin
Min Period        n/a     FDRE/C      n/a            1.000         10.000      9.000      SLICE_X13Y49  count_reg[0]/C
Low Pulse Width   Slow    RAMD32/CLK  n/a            1.050         5.000       3.950      SLICE_X16Y46  td_fused_top_dataflow_in_loop_TOP_LOOP16_products_0_memcore_U_0/td_fused_top_dataflow_in_loop_TOP_LOOP16_products_0_memcore_ram_U/ram_reg_0_15_0_0__1/DP/CLK
High Pulse Width  Slow    RAMD32/CLK  n/a            1.050         5.000       3.950      SLICE_X16Y46  td_fused_top_dataflow_in_loop_TOP_LOOP16_products_0_memcore_U_0/td_fused_top_dataflow_in_loop_TOP_LOOP16_products_0_memcore_ram_U/ram_reg_0_15_0_0__1/DP/CLK



