Copyright 1986-2018 Xilinx, Inc. All Rights Reserved.
------------------------------------------------------------------------------------------------------------------------------------------------------------------------------------------------------
| Tool Version : Vivado v.2018.3 (lin64) Build 2405991 Thu Dec  6 23:36:41 MST 2018
| Date         : Tue Jan 11 21:31:16 2022
| Host         : koopa.ece.utexas.edu running 64-bit CentOS Linux release 7.9.2009 (Core)
| Command      : report_timing -sort_by group -max_paths 100 -path_type summary -file /misc/scratch/zwei1/reports_Jan12/raw_designs/opencores/arithmetic/ecg_submodules/f3m_sub/post_route_timing.rpt
| Design       : f3m_sub
| Device       : 7z020-clg484
| Speed File   : -3  PRODUCTION 1.11 2014-09-11
------------------------------------------------------------------------------------------------------------------------------------------------------------------------------------------------------

Timing Report

Startpoint                     Endpoint                       Slack(ns)     
----------------------------------------------------------------------------
A[100]                         C[101]                         inf           
A[126]                         C[127]                         inf           
A[134]                         C[135]                         inf           
A[136]                         C[137]                         inf           
A[150]                         C[151]                         inf           
A[14]                          C[15]                          inf           
A[18]                          C[19]                          inf           
A[26]                          C[27]                          inf           
A[36]                          C[37]                          inf           
A[86]                          C[87]                          inf           
A[92]                          C[93]                          inf           
A[104]                         C[105]                         inf           
A[112]                         C[113]                         inf           
A[118]                         C[119]                         inf           
B[123]                         C[123]                         inf           
B[133]                         C[133]                         inf           
B[139]                         C[139]                         inf           
B[149]                         C[149]                         inf           
B[155]                         C[155]                         inf           
B[159]                         C[159]                         inf           
A[166]                         C[167]                         inf           
A[172]                         C[173]                         inf           
A[184]                         C[185]                         inf           
A[190]                         C[191]                         inf           
B[25]                          C[25]                          inf           
B[35]                          C[35]                          inf           
A[44]                          C[45]                          inf           
B[49]                          C[49]                          inf           
B[63]                          C[63]                          inf           
B[73]                          C[73]                          inf           
B[7]                           C[7]                           inf           
B[85]                          C[85]                          inf           
A[98]                          C[99]                          inf           
A[1]                           C[0]                           inf           
A[102]                         C[103]                         inf           
B[107]                         C[107]                         inf           
A[108]                         C[109]                         inf           
A[110]                         C[111]                         inf           
B[115]                         C[115]                         inf           
A[116]                         C[117]                         inf           
A[120]                         C[121]                         inf           
A[124]                         C[125]                         inf           
B[129]                         C[129]                         inf           
A[130]                         C[131]                         inf           
B[13]                          C[13]                          inf           
A[140]                         C[141]                         inf           
B[145]                         C[145]                         inf           
A[146]                         C[147]                         inf           
A[152]                         C[153]                         inf           
A[156]                         C[157]                         inf           
A[160]                         C[161]                         inf           
A[162]                         C[163]                         inf           
A[164]                         C[165]                         inf           
A[170]                         C[171]                         inf           
A[176]                         C[177]                         inf           
A[178]                         C[179]                         inf           
A[16]                          C[17]                          inf           
A[180]                         C[181]                         inf           
A[182]                         C[183]                         inf           
A[188]                         C[189]                         inf           
B[21]                          C[21]                          inf           
A[22]                          C[23]                          inf           
A[28]                          C[29]                          inf           
B[31]                          C[31]                          inf           
A[32]                          C[33]                          inf           
A[38]                          C[39]                          inf           
B[3]                           C[3]                           inf           
A[40]                          C[41]                          inf           
A[42]                          C[43]                          inf           
A[46]                          C[47]                          inf           
B[51]                          C[51]                          inf           
A[52]                          C[53]                          inf           
A[54]                          C[55]                          inf           
A[56]                          C[57]                          inf           
B[59]                          C[59]                          inf           
A[4]                           C[5]                           inf           
A[60]                          C[61]                          inf           
B[65]                          C[65]                          inf           
B[67]                          C[67]                          inf           
A[68]                          C[69]                          inf           
B[71]                          C[71]                          inf           
B[75]                          C[75]                          inf           
A[76]                          C[77]                          inf           
B[79]                          C[79]                          inf           
B[81]                          C[81]                          inf           
A[82]                          C[83]                          inf           
A[88]                          C[89]                          inf           
A[94]                          C[95]                          inf           
A[96]                          C[97]                          inf           
A[10]                          C[11]                          inf           
A[142]                         C[143]                         inf           
A[168]                         C[169]                         inf           
A[174]                         C[175]                         inf           
A[186]                         C[187]                         inf           
A[192]                         C[193]                         inf           
A[90]                          C[91]                          inf           
A[8]                           C[9]                           inf           
A[101]                         C[100]                         inf           
A[103]                         C[102]                         inf           
A[105]                         C[104]                         inf           



