Copyright 1986-2018 Xilinx, Inc. All Rights Reserved.
---------------------------------------------------------------------------------------------------------------------------------------------------------------------------------------------------------------------------------------------------------------------
| Tool Version : Vivado v.2018.3 (lin64) Build 2405991 Thu Dec  6 23:36:41 MST 2018
| Date         : Wed Jan 12 23:55:56 2022
| Host         : koopa.ece.utexas.edu running 64-bit CentOS Linux release 7.9.2009 (Core)
| Command      : report_timing -sort_by group -max_paths 100 -path_type summary -file /misc/scratch/zwei1/reports_Jan12/raw_designs/vtr_designs/verilog/koios/conv_layer_hls_submodules/td_fused_top_dataflow_in_loop_TOP_LOOP49028_products_0/post_route_timing.rpt
| Design       : td_fused_top_dataflow_in_loop_TOP_LOOP49028_products_0
| Device       : 7z020-clg484
| Speed File   : -3  PRODUCTION 1.11 2014-09-11
---------------------------------------------------------------------------------------------------------------------------------------------------------------------------------------------------------------------------------------------------------------------

Timing Report

Startpoint                     Endpoint                       Slack(ns)     
----------------------------------------------------------------------------
td_fused_top_dataflow_in_loop_TOP_LOOP49028_products_0_memcore_U_0/td_fused_top_dataflow_in_loop_TOP_LOOP49028_products_0_memcore_ram_U/ram_reg/CLKBWRCLK
                               reg_q1_reg[2]/D                6.941         
td_fused_top_dataflow_in_loop_TOP_LOOP49028_products_0_memcore_U_1/td_fused_top_dataflow_in_loop_TOP_LOOP49028_products_0_memcore_ram_U/ram_reg/CLKBWRCLK
                               reg_q1_reg[5]/D                6.943         
td_fused_top_dataflow_in_loop_TOP_LOOP49028_products_0_memcore_U_0/td_fused_top_dataflow_in_loop_TOP_LOOP49028_products_0_memcore_ram_U/ram_reg/CLKARDCLK
                               reg_q0_reg[5]/D                6.967         
tptr_reg[0]/C                  td_fused_top_dataflow_in_loop_TOP_LOOP49028_products_0_memcore_U_1/td_fused_top_dataflow_in_loop_TOP_LOOP49028_products_0_memcore_ram_U/ram_reg/ADDRARDADDR[7]
                                                              6.975         
td_fused_top_dataflow_in_loop_TOP_LOOP49028_products_0_memcore_U_0/td_fused_top_dataflow_in_loop_TOP_LOOP49028_products_0_memcore_ram_U/ram_reg/CLKBWRCLK
                               reg_q1_reg[3]/D                7.038         
td_fused_top_dataflow_in_loop_TOP_LOOP49028_products_0_memcore_U_0/td_fused_top_dataflow_in_loop_TOP_LOOP49028_products_0_memcore_ram_U/ram_reg/CLKARDCLK
                               reg_q0_reg[9]/D                7.043         
td_fused_top_dataflow_in_loop_TOP_LOOP49028_products_0_memcore_U_1/td_fused_top_dataflow_in_loop_TOP_LOOP49028_products_0_memcore_ram_U/ram_reg/CLKARDCLK
                               reg_q0_reg[14]/D               7.054         
td_fused_top_dataflow_in_loop_TOP_LOOP49028_products_0_memcore_U_0/td_fused_top_dataflow_in_loop_TOP_LOOP49028_products_0_memcore_ram_U/ram_reg/CLKARDCLK
                               reg_q0_reg[15]/D               7.056         
td_fused_top_dataflow_in_loop_TOP_LOOP49028_products_0_memcore_U_1/td_fused_top_dataflow_in_loop_TOP_LOOP49028_products_0_memcore_ram_U/ram_reg/CLKARDCLK
                               reg_q0_reg[2]/D                7.057         
tptr_reg[0]/C                  td_fused_top_dataflow_in_loop_TOP_LOOP49028_products_0_memcore_U_0/td_fused_top_dataflow_in_loop_TOP_LOOP49028_products_0_memcore_ram_U/ram_reg/ADDRARDADDR[6]
                                                              7.081         
td_fused_top_dataflow_in_loop_TOP_LOOP49028_products_0_memcore_U_0/td_fused_top_dataflow_in_loop_TOP_LOOP49028_products_0_memcore_ram_U/ram_reg/CLKBWRCLK
                               reg_q1_reg[4]/D                7.102         
td_fused_top_dataflow_in_loop_TOP_LOOP49028_products_0_memcore_U_1/td_fused_top_dataflow_in_loop_TOP_LOOP49028_products_0_memcore_ram_U/ram_reg/CLKARDCLK
                               reg_q0_reg[4]/D                7.116         
td_fused_top_dataflow_in_loop_TOP_LOOP49028_products_0_memcore_U_1/td_fused_top_dataflow_in_loop_TOP_LOOP49028_products_0_memcore_ram_U/ram_reg/CLKBWRCLK
                               reg_q1_reg[14]/D               7.130         
tptr_reg[0]/C                  td_fused_top_dataflow_in_loop_TOP_LOOP49028_products_0_memcore_U_1/td_fused_top_dataflow_in_loop_TOP_LOOP49028_products_0_memcore_ram_U/ram_reg/ADDRBWRADDR[7]
                                                              7.140         
td_fused_top_dataflow_in_loop_TOP_LOOP49028_products_0_memcore_U_0/td_fused_top_dataflow_in_loop_TOP_LOOP49028_products_0_memcore_ram_U/ram_reg/CLKBWRCLK
                               reg_q1_reg[11]/D               7.140         
td_fused_top_dataflow_in_loop_TOP_LOOP49028_products_0_memcore_U_1/td_fused_top_dataflow_in_loop_TOP_LOOP49028_products_0_memcore_ram_U/ram_reg/CLKARDCLK
                               reg_q0_reg[8]/D                7.145         
td_fused_top_dataflow_in_loop_TOP_LOOP49028_products_0_memcore_U_0/td_fused_top_dataflow_in_loop_TOP_LOOP49028_products_0_memcore_ram_U/ram_reg/CLKARDCLK
                               reg_q0_reg[13]/D               7.152         
td_fused_top_dataflow_in_loop_TOP_LOOP49028_products_0_memcore_U_0/td_fused_top_dataflow_in_loop_TOP_LOOP49028_products_0_memcore_ram_U/ram_reg/CLKARDCLK
                               reg_q0_reg[7]/D                7.155         
td_fused_top_dataflow_in_loop_TOP_LOOP49028_products_0_memcore_U_1/td_fused_top_dataflow_in_loop_TOP_LOOP49028_products_0_memcore_ram_U/ram_reg/CLKBWRCLK
                               reg_q1_reg[12]/D               7.156         
td_fused_top_dataflow_in_loop_TOP_LOOP49028_products_0_memcore_U_1/td_fused_top_dataflow_in_loop_TOP_LOOP49028_products_0_memcore_ram_U/ram_reg/CLKBWRCLK
                               reg_q1_reg[10]/D               7.165         
td_fused_top_dataflow_in_loop_TOP_LOOP49028_products_0_memcore_U_1/td_fused_top_dataflow_in_loop_TOP_LOOP49028_products_0_memcore_ram_U/ram_reg/CLKBWRCLK
                               reg_q1_reg[15]/D               7.168         
td_fused_top_dataflow_in_loop_TOP_LOOP49028_products_0_memcore_U_0/td_fused_top_dataflow_in_loop_TOP_LOOP49028_products_0_memcore_ram_U/ram_reg/CLKBWRCLK
                               reg_q1_reg[7]/D                7.174         
tptr_reg[0]/C                  td_fused_top_dataflow_in_loop_TOP_LOOP49028_products_0_memcore_U_0/td_fused_top_dataflow_in_loop_TOP_LOOP49028_products_0_memcore_ram_U/ram_reg/DIADI[3]
                                                              7.178         
td_fused_top_dataflow_in_loop_TOP_LOOP49028_products_0_memcore_U_1/td_fused_top_dataflow_in_loop_TOP_LOOP49028_products_0_memcore_ram_U/ram_reg/CLKBWRCLK
                               reg_q1_reg[8]/D                7.183         
td_fused_top_dataflow_in_loop_TOP_LOOP49028_products_0_memcore_U_1/td_fused_top_dataflow_in_loop_TOP_LOOP49028_products_0_memcore_ram_U/ram_reg/CLKARDCLK
                               reg_q0_reg[6]/D                7.190         
tptr_reg[0]/C                  td_fused_top_dataflow_in_loop_TOP_LOOP49028_products_0_memcore_U_0/td_fused_top_dataflow_in_loop_TOP_LOOP49028_products_0_memcore_ram_U/ram_reg/DIADI[11]
                                                              7.191         
td_fused_top_dataflow_in_loop_TOP_LOOP49028_products_0_memcore_U_0/td_fused_top_dataflow_in_loop_TOP_LOOP49028_products_0_memcore_ram_U/ram_reg/CLKARDCLK
                               reg_q0_reg[11]/D               7.194         
tptr_reg[0]/C                  td_fused_top_dataflow_in_loop_TOP_LOOP49028_products_0_memcore_U_0/td_fused_top_dataflow_in_loop_TOP_LOOP49028_products_0_memcore_ram_U/ram_reg/DIADI[10]
                                                              7.194         
empty_n_reg/C                  td_fused_top_dataflow_in_loop_TOP_LOOP49028_products_0_memcore_U_0/td_fused_top_dataflow_in_loop_TOP_LOOP49028_products_0_memcore_ram_U/ram_reg/ADDRARDADDR[5]
                                                              7.202         
td_fused_top_dataflow_in_loop_TOP_LOOP49028_products_0_memcore_U_1/td_fused_top_dataflow_in_loop_TOP_LOOP49028_products_0_memcore_ram_U/ram_reg/CLKBWRCLK
                               reg_q1_reg[13]/D               7.206         
empty_n_reg/C                  td_fused_top_dataflow_in_loop_TOP_LOOP49028_products_0_memcore_U_0/td_fused_top_dataflow_in_loop_TOP_LOOP49028_products_0_memcore_ram_U/ram_reg/ADDRBWRADDR[4]
                                                              7.217         
td_fused_top_dataflow_in_loop_TOP_LOOP49028_products_0_memcore_U_1/td_fused_top_dataflow_in_loop_TOP_LOOP49028_products_0_memcore_ram_U/ram_reg/CLKARDCLK
                               reg_q0_reg[10]/D               7.235         
tptr_reg[0]/C                  td_fused_top_dataflow_in_loop_TOP_LOOP49028_products_0_memcore_U_0/td_fused_top_dataflow_in_loop_TOP_LOOP49028_products_0_memcore_ram_U/ram_reg/ADDRBWRADDR[7]
                                                              7.238         
td_fused_top_dataflow_in_loop_TOP_LOOP49028_products_0_memcore_U_0/td_fused_top_dataflow_in_loop_TOP_LOOP49028_products_0_memcore_ram_U/ram_reg/CLKARDCLK
                               reg_q0_reg[3]/D                7.239         
tptr_reg[0]/C                  td_fused_top_dataflow_in_loop_TOP_LOOP49028_products_0_memcore_U_1/td_fused_top_dataflow_in_loop_TOP_LOOP49028_products_0_memcore_ram_U/ram_reg/ADDRBWRADDR[4]
                                                              7.244         
td_fused_top_dataflow_in_loop_TOP_LOOP49028_products_0_memcore_U_0/td_fused_top_dataflow_in_loop_TOP_LOOP49028_products_0_memcore_ram_U/ram_reg/CLKARDCLK
                               reg_q0_reg[12]/D               7.260         
tptr_reg[0]/C                  td_fused_top_dataflow_in_loop_TOP_LOOP49028_products_0_memcore_U_0/td_fused_top_dataflow_in_loop_TOP_LOOP49028_products_0_memcore_ram_U/ram_reg/ADDRBWRADDR[8]
                                                              7.267         
tptr_reg[0]/C                  td_fused_top_dataflow_in_loop_TOP_LOOP49028_products_0_memcore_U_1/td_fused_top_dataflow_in_loop_TOP_LOOP49028_products_0_memcore_ram_U/ram_reg/ADDRARDADDR[4]
                                                              7.274         
empty_n_reg/C                  td_fused_top_dataflow_in_loop_TOP_LOOP49028_products_0_memcore_U_0/td_fused_top_dataflow_in_loop_TOP_LOOP49028_products_0_memcore_ram_U/ram_reg/DIADI[2]
                                                              7.276         
empty_n_reg/C                  td_fused_top_dataflow_in_loop_TOP_LOOP49028_products_0_memcore_U_0/td_fused_top_dataflow_in_loop_TOP_LOOP49028_products_0_memcore_ram_U/ram_reg/DIADI[8]
                                                              7.281         
td_fused_top_dataflow_in_loop_TOP_LOOP49028_products_0_memcore_U_1/td_fused_top_dataflow_in_loop_TOP_LOOP49028_products_0_memcore_ram_U/ram_reg/CLKBWRCLK
                               reg_q1_reg[1]/D                7.282         
tptr_reg[0]/C                  td_fused_top_dataflow_in_loop_TOP_LOOP49028_products_0_memcore_U_1/td_fused_top_dataflow_in_loop_TOP_LOOP49028_products_0_memcore_ram_U/ram_reg/ADDRBWRADDR[8]
                                                              7.284         
td_fused_top_dataflow_in_loop_TOP_LOOP49028_products_0_memcore_U_0/td_fused_top_dataflow_in_loop_TOP_LOOP49028_products_0_memcore_ram_U/ram_reg/CLKBWRCLK
                               reg_q1_reg[6]/D                7.299         
td_fused_top_dataflow_in_loop_TOP_LOOP49028_products_0_memcore_U_1/td_fused_top_dataflow_in_loop_TOP_LOOP49028_products_0_memcore_ram_U/ram_reg/CLKARDCLK
                               reg_q0_reg[0]/D                7.302         
empty_n_reg/C                  td_fused_top_dataflow_in_loop_TOP_LOOP49028_products_0_memcore_U_1/td_fused_top_dataflow_in_loop_TOP_LOOP49028_products_0_memcore_ram_U/ram_reg/ADDRARDADDR[5]
                                                              7.302         
td_fused_top_dataflow_in_loop_TOP_LOOP49028_products_0_memcore_U_0/td_fused_top_dataflow_in_loop_TOP_LOOP49028_products_0_memcore_ram_U/ram_reg/CLKARDCLK
                               reg_q0_reg[1]/D                7.314         
td_fused_top_dataflow_in_loop_TOP_LOOP49028_products_0_memcore_U_1/td_fused_top_dataflow_in_loop_TOP_LOOP49028_products_0_memcore_ram_U/ram_reg/CLKBWRCLK
                               reg_q1_reg[0]/D                7.330         
empty_n_reg/C                  td_fused_top_dataflow_in_loop_TOP_LOOP49028_products_0_memcore_U_0/td_fused_top_dataflow_in_loop_TOP_LOOP49028_products_0_memcore_ram_U/ram_reg/ADDRARDADDR[8]
                                                              7.367         
tptr_reg[0]/C                  td_fused_top_dataflow_in_loop_TOP_LOOP49028_products_0_memcore_U_1/td_fused_top_dataflow_in_loop_TOP_LOOP49028_products_0_memcore_ram_U/ram_reg/DIADI[5]
                                                              7.376         
empty_n_reg/C                  td_fused_top_dataflow_in_loop_TOP_LOOP49028_products_0_memcore_U_1/td_fused_top_dataflow_in_loop_TOP_LOOP49028_products_0_memcore_ram_U/ram_reg/DIADI[13]
                                                              7.380         
empty_n_reg/C                  count_reg[0]/D                 7.384         
td_fused_top_dataflow_in_loop_TOP_LOOP49028_products_0_memcore_U_0/td_fused_top_dataflow_in_loop_TOP_LOOP49028_products_0_memcore_ram_U/ram_reg/CLKBWRCLK
                               reg_q1_reg[9]/D                7.392         
empty_n_reg/C                  td_fused_top_dataflow_in_loop_TOP_LOOP49028_products_0_memcore_U_0/td_fused_top_dataflow_in_loop_TOP_LOOP49028_products_0_memcore_ram_U/ram_reg/DIADI[13]
                                                              7.451         
empty_n_reg/C                  td_fused_top_dataflow_in_loop_TOP_LOOP49028_products_0_memcore_U_1/td_fused_top_dataflow_in_loop_TOP_LOOP49028_products_0_memcore_ram_U/ram_reg/DIADI[4]
                                                              7.455         
empty_n_reg/C                  td_fused_top_dataflow_in_loop_TOP_LOOP49028_products_0_memcore_U_1/td_fused_top_dataflow_in_loop_TOP_LOOP49028_products_0_memcore_ram_U/ram_reg/DIADI[6]
                                                              7.474         
empty_n_reg/C                  td_fused_top_dataflow_in_loop_TOP_LOOP49028_products_0_memcore_U_0/td_fused_top_dataflow_in_loop_TOP_LOOP49028_products_0_memcore_ram_U/ram_reg/DIADI[12]
                                                              7.475         
empty_n_reg/C                  td_fused_top_dataflow_in_loop_TOP_LOOP49028_products_0_memcore_U_0/td_fused_top_dataflow_in_loop_TOP_LOOP49028_products_0_memcore_ram_U/ram_reg/ADDRARDADDR[7]
                                                              7.484         
empty_n_reg/C                  td_fused_top_dataflow_in_loop_TOP_LOOP49028_products_0_memcore_U_0/td_fused_top_dataflow_in_loop_TOP_LOOP49028_products_0_memcore_ram_U/ram_reg/ADDRARDADDR[4]
                                                              7.496         
tptr_reg[0]/C                  td_fused_top_dataflow_in_loop_TOP_LOOP49028_products_0_memcore_U_1/td_fused_top_dataflow_in_loop_TOP_LOOP49028_products_0_memcore_ram_U/ram_reg/DIADI[7]
                                                              7.496         
tptr_reg[0]/C                  td_fused_top_dataflow_in_loop_TOP_LOOP49028_products_0_memcore_U_1/td_fused_top_dataflow_in_loop_TOP_LOOP49028_products_0_memcore_ram_U/ram_reg/ADDRBWRADDR[6]
                                                              7.527         
tptr_reg[0]/C                  td_fused_top_dataflow_in_loop_TOP_LOOP49028_products_0_memcore_U_1/td_fused_top_dataflow_in_loop_TOP_LOOP49028_products_0_memcore_ram_U/ram_reg/ADDRARDADDR[6]
                                                              7.528         
empty_n_reg/C                  td_fused_top_dataflow_in_loop_TOP_LOOP49028_products_0_memcore_U_0/td_fused_top_dataflow_in_loop_TOP_LOOP49028_products_0_memcore_ram_U/ram_reg/DIADI[5]
                                                              7.553         
empty_n_reg/C                  td_fused_top_dataflow_in_loop_TOP_LOOP49028_products_0_memcore_U_1/td_fused_top_dataflow_in_loop_TOP_LOOP49028_products_0_memcore_ram_U/ram_reg/ADDRBWRADDR[5]
                                                              7.570         
empty_n_reg/C                  td_fused_top_dataflow_in_loop_TOP_LOOP49028_products_0_memcore_U_0/td_fused_top_dataflow_in_loop_TOP_LOOP49028_products_0_memcore_ram_U/ram_reg/WEA[0]
                                                              7.576         
tptr_reg[0]/C                  td_fused_top_dataflow_in_loop_TOP_LOOP49028_products_0_memcore_U_1/td_fused_top_dataflow_in_loop_TOP_LOOP49028_products_0_memcore_ram_U/ram_reg/WEA[0]
                                                              7.588         
empty_n_reg/C                  td_fused_top_dataflow_in_loop_TOP_LOOP49028_products_0_memcore_U_0/td_fused_top_dataflow_in_loop_TOP_LOOP49028_products_0_memcore_ram_U/ram_reg/WEA[1]
                                                              7.596         
empty_n_reg/C                  td_fused_top_dataflow_in_loop_TOP_LOOP49028_products_0_memcore_U_0/td_fused_top_dataflow_in_loop_TOP_LOOP49028_products_0_memcore_ram_U/ram_reg/ADDRBWRADDR[6]
                                                              7.633         
tptr_reg[0]/C                  td_fused_top_dataflow_in_loop_TOP_LOOP49028_products_0_memcore_U_1/td_fused_top_dataflow_in_loop_TOP_LOOP49028_products_0_memcore_ram_U/ram_reg/DIADI[0]
                                                              7.647         
tptr_reg[0]/C                  td_fused_top_dataflow_in_loop_TOP_LOOP49028_products_0_memcore_U_1/td_fused_top_dataflow_in_loop_TOP_LOOP49028_products_0_memcore_ram_U/ram_reg/DIADI[14]
                                                              7.654         
tptr_reg[0]/C                  td_fused_top_dataflow_in_loop_TOP_LOOP49028_products_0_memcore_U_1/td_fused_top_dataflow_in_loop_TOP_LOOP49028_products_0_memcore_ram_U/ram_reg/DIADI[15]
                                                              7.654         
empty_n_reg/C                  td_fused_top_dataflow_in_loop_TOP_LOOP49028_products_0_memcore_U_1/td_fused_top_dataflow_in_loop_TOP_LOOP49028_products_0_memcore_ram_U/ram_reg/ADDRARDADDR[8]
                                                              7.657         
empty_n_reg/C                  td_fused_top_dataflow_in_loop_TOP_LOOP49028_products_0_memcore_U_0/td_fused_top_dataflow_in_loop_TOP_LOOP49028_products_0_memcore_ram_U/ram_reg/ADDRBWRADDR[5]
                                                              7.658         
empty_n_reg/C                  td_fused_top_dataflow_in_loop_TOP_LOOP49028_products_0_memcore_U_1/td_fused_top_dataflow_in_loop_TOP_LOOP49028_products_0_memcore_ram_U/ram_reg/DIADI[12]
                                                              7.681         
tptr_reg[0]/C                  td_fused_top_dataflow_in_loop_TOP_LOOP49028_products_0_memcore_U_0/td_fused_top_dataflow_in_loop_TOP_LOOP49028_products_0_memcore_ram_U/ram_reg/DIADI[9]
                                                              7.694         
tptr_reg[0]/C                  td_fused_top_dataflow_in_loop_TOP_LOOP49028_products_0_memcore_U_1/td_fused_top_dataflow_in_loop_TOP_LOOP49028_products_0_memcore_ram_U/ram_reg/WEA[1]
                                                              7.695         
tptr_reg[0]/C                  td_fused_top_dataflow_in_loop_TOP_LOOP49028_products_0_memcore_U_0/td_fused_top_dataflow_in_loop_TOP_LOOP49028_products_0_memcore_ram_U/ram_reg/DIADI[0]
                                                              7.695         
empty_n_reg/C                  td_fused_top_dataflow_in_loop_TOP_LOOP49028_products_0_memcore_U_0/td_fused_top_dataflow_in_loop_TOP_LOOP49028_products_0_memcore_ram_U/ram_reg/DIADI[14]
                                                              7.703         
empty_n_reg/C                  td_fused_top_dataflow_in_loop_TOP_LOOP49028_products_0_memcore_U_0/td_fused_top_dataflow_in_loop_TOP_LOOP49028_products_0_memcore_ram_U/ram_reg/DIADI[4]
                                                              7.741         
tptr_reg[0]/C                  td_fused_top_dataflow_in_loop_TOP_LOOP49028_products_0_memcore_U_0/td_fused_top_dataflow_in_loop_TOP_LOOP49028_products_0_memcore_ram_U/ram_reg/DIADI[1]
                                                              7.743         
tptr_reg[0]/C                  td_fused_top_dataflow_in_loop_TOP_LOOP49028_products_0_memcore_U_1/td_fused_top_dataflow_in_loop_TOP_LOOP49028_products_0_memcore_ram_U/ram_reg/DIADI[2]
                                                              7.743         
empty_n_reg/C                  td_fused_top_dataflow_in_loop_TOP_LOOP49028_products_0_memcore_U_0/td_fused_top_dataflow_in_loop_TOP_LOOP49028_products_0_memcore_ram_U/ram_reg/DIADI[6]
                                                              7.765         
reg_valid1_reg/C               reg_q1_reg[3]/CE               7.827         
reg_valid1_reg/C               reg_q1_reg[0]/CE               7.847         
reg_valid1_reg/C               reg_q1_reg[2]/CE               7.847         
reg_valid1_reg/C               reg_q1_reg[6]/CE               7.847         
tptr_reg[0]/C                  td_fused_top_dataflow_in_loop_TOP_LOOP49028_products_0_memcore_U_1/td_fused_top_dataflow_in_loop_TOP_LOOP49028_products_0_memcore_ram_U/ram_reg/DIADI[8]
                                                              7.857         
tptr_reg[0]/C                  td_fused_top_dataflow_in_loop_TOP_LOOP49028_products_0_memcore_U_0/td_fused_top_dataflow_in_loop_TOP_LOOP49028_products_0_memcore_ram_U/ram_reg/DIADI[7]
                                                              7.860         
tptr_reg[0]/C                  td_fused_top_dataflow_in_loop_TOP_LOOP49028_products_0_memcore_U_1/td_fused_top_dataflow_in_loop_TOP_LOOP49028_products_0_memcore_ram_U/ram_reg/DIADI[1]
                                                              7.868         
empty_n_reg/C                  td_fused_top_dataflow_in_loop_TOP_LOOP49028_products_0_memcore_U_1/td_fused_top_dataflow_in_loop_TOP_LOOP49028_products_0_memcore_ram_U/ram_reg/DIADI[11]
                                                              7.902         
empty_n_reg/C                  td_fused_top_dataflow_in_loop_TOP_LOOP49028_products_0_memcore_U_1/td_fused_top_dataflow_in_loop_TOP_LOOP49028_products_0_memcore_ram_U/ram_reg/DIADI[10]
                                                              7.903         
tptr_reg[0]/C                  td_fused_top_dataflow_in_loop_TOP_LOOP49028_products_0_memcore_U_1/td_fused_top_dataflow_in_loop_TOP_LOOP49028_products_0_memcore_ram_U/ram_reg/DIADI[3]
                                                              7.914         
tptr_reg[0]/C                  td_fused_top_dataflow_in_loop_TOP_LOOP49028_products_0_memcore_U_0/td_fused_top_dataflow_in_loop_TOP_LOOP49028_products_0_memcore_ram_U/ram_reg/DIADI[15]
                                                              7.933         
reg_valid1_reg/C               reg_q1_reg[1]/CE               7.947         
reg_valid1_reg/C               reg_q1_reg[8]/CE               7.947         
reg_valid1_reg/C               reg_q1_reg[10]/CE              7.990         
reg_valid1_reg/C               reg_q1_reg[12]/CE              7.990         
empty_n_reg/C                  td_fused_top_dataflow_in_loop_TOP_LOOP49028_products_0_memcore_U_1/td_fused_top_dataflow_in_loop_TOP_LOOP49028_products_0_memcore_ram_U/ram_reg/DIADI[9]
                                                              8.000         
reg_valid1_reg/C               reg_q1_reg[5]/CE               8.082         
reg_valid1_reg/C               reg_q1_reg[15]/CE              8.086         
reg_valid1_reg/C               reg_q1_reg[7]/CE               8.086         



