Copyright 1986-2018 Xilinx, Inc. All Rights Reserved.
----------------------------------------------------------------------------------------------------------------------------------------------------------------------------------------------------------------------------------
| Tool Version : Vivado v.2018.3 (lin64) Build 2405991 Thu Dec  6 23:36:41 MST 2018
| Date         : Tue Jan 11 23:08:51 2022
| Host         : koopa.ece.utexas.edu running 64-bit CentOS Linux release 7.9.2009 (Core)
| Command      : report_timing -sort_by group -max_paths 100 -path_type summary -file /misc/scratch/zwei1/reports_Jan12/raw_designs/vtr_designs/verilog/koios/attention_layer_submodules/fixed_point_addsub/post_route_timing.rpt
| Design       : fixed_point_addsub
| Device       : 7z020-clg484
| Speed File   : -3  PRODUCTION 1.11 2014-09-11
----------------------------------------------------------------------------------------------------------------------------------------------------------------------------------------------------------------------------------

Timing Report

Startpoint                     Endpoint                       Slack(ns)     
----------------------------------------------------------------------------
b[1]                           result[3]                      inf           
b[1]                           result[2]                      inf           
b[1]                           result[7]                      inf           
b[1]                           result[9]                      inf           
b[1]                           result[6]                      inf           
b[1]                           result[15]                     inf           
b[1]                           result[14]                     inf           
b[1]                           result[8]                      inf           
b[1]                           result[4]                      inf           
b[1]                           result[5]                      inf           
b[1]                           result[0]                      inf           
b[1]                           result[1]                      inf           
b[1]                           result[10]                     inf           
b[1]                           result[11]                     inf           
b[1]                           result[13]                     inf           
b[1]                           result[12]                     inf           



