Copyright 1986-2018 Xilinx, Inc. All Rights Reserved.
-------------------------------------------------------------------------------------------------------------------------------------------------
| Tool Version     : Vivado v.2018.3 (lin64) Build 2405991 Thu Dec  6 23:36:41 MST 2018
| Date             : Wed Jan 12 22:42:12 2022
| Host             : koopa.ece.utexas.edu running 64-bit CentOS Linux release 7.9.2009 (Core)
| Command          : report_power -file /misc/scratch/zwei1/reports_Jan12/raw_designs/vtr_designs/verilog/koios/bnn/post_route_power.rpt
| Design           : myproject
| Device           : xc7z020clg484-3
| Design State     : routed
| Grade            : extended
| Process          : typical
| Characterization : Production
-------------------------------------------------------------------------------------------------------------------------------------------------

Power Report

Table of Contents
-----------------
1. Summary
1.1 On-Chip Components
1.2 Power Supply Summary
1.3 Confidence Level
2. Settings
2.1 Environment
2.2 Clock Constraints
3. Detailed Reports
3.1 By Hierarchy

1. Summary
----------

+--------------------------+--------------+
| Total On-Chip Power (mW) | 1588.873     |
| Design Power Budget (mW) | Unspecified* |
| Power Budget Margin (mW) | NA           |
| Dynamic (mW)             | 1457.979     |
| Device Static (mW)       | 130.894      |
| Effective TJA (C/W)      | 11.5         |
| Max Ambient (C)          | 81.7         |
| Junction Temperature (C) | 43.3         |
| Confidence Level         | Medium       |
| Setting File             | ---          |
| Simulation Activity File | ---          |
| Design Nets Matched      | NA           |
+--------------------------+--------------+
* Specify Design Power Budget using, set_operating_conditions -design_power_budget <value in Watts>


1.1 On-Chip Components
----------------------

+-------------------------+------------+----------+-----------+-----------------+
| On-Chip                 | Power (mW) | Used     | Available | Utilization (%) |
+-------------------------+------------+----------+-----------+-----------------+
| Clocks                  |   133.411  |        3 |       --- |             --- |
| Slice Logic             |   562.600  |    88900 |       --- |             --- |
|   LUT as Logic          |   484.782  |    36142 |     53200 |           67.94 |
|   CARRY4                |    51.085  |     6951 |     13300 |           52.26 |
|   Register              |    22.723  |    29830 |    106400 |           28.04 |
|   LUT as Shift Register |     4.009  |      833 |     17400 |            4.79 |
|   Others                |     0.000  |      527 |       --- |             --- |
| Signals                 |   634.834  |    71657 |       --- |             --- |
| DSPs                    |   127.133  |      125 |       220 |           56.82 |
| Static Power            |   130.894  |          |           |                 |
| Total                   |  1588.872  |          |           |                 |
+-------------------------+------------+----------+-----------+-----------------+


1.2 Power Supply Summary
------------------------

+-----------+-------------+-----------+-------------+------------+
| Source    | Voltage (V) | Total (A) | Dynamic (A) | Static (A) |
+-----------+-------------+-----------+-------------+------------+
| Vccint    |       1.000 |     1.472 |       1.458 |      0.014 |
| Vccaux    |       1.800 |     0.015 |       0.000 |      0.015 |
| Vcco33    |       3.300 |     0.000 |       0.000 |      0.000 |
| Vcco25    |       2.500 |     0.000 |       0.000 |      0.000 |
| Vcco18    |       1.800 |     0.000 |       0.000 |      0.000 |
| Vcco15    |       1.500 |     0.000 |       0.000 |      0.000 |
| Vcco135   |       1.350 |     0.000 |       0.000 |      0.000 |
| Vcco12    |       1.200 |     0.000 |       0.000 |      0.000 |
| Vccaux_io |       1.800 |     0.000 |       0.000 |      0.000 |
| Vccbram   |       1.000 |     0.001 |       0.000 |      0.001 |
| MGTAVcc   |       1.000 |     0.000 |       0.000 |      0.000 |
| MGTAVtt   |       1.200 |     0.000 |       0.000 |      0.000 |
| MGTVccaux |       1.800 |     0.000 |       0.000 |      0.000 |
| Vccpint   |       1.000 |     0.029 |       0.000 |      0.029 |
| Vccpaux   |       1.800 |     0.010 |       0.000 |      0.010 |
| Vccpll    |       1.800 |     0.003 |       0.000 |      0.003 |
| Vcco_ddr  |       1.500 |     0.000 |       0.000 |      0.000 |
| Vcco_mio0 |       1.800 |     0.000 |       0.000 |      0.000 |
| Vcco_mio1 |       1.800 |     0.000 |       0.000 |      0.000 |
| Vccadc    |       1.800 |     0.020 |       0.000 |      0.020 |
+-----------+-------------+-----------+-------------+------------+


1.3 Confidence Level
--------------------

+-----------------------------+------------+------------------------------------------------+------------------------------------------------------------------------------------------------------------+
| User Input Data             | Confidence | Details                                        | Action                                                                                                     |
+-----------------------------+------------+------------------------------------------------+------------------------------------------------------------------------------------------------------------+
| Design implementation state | High       | Design is routed                               |                                                                                                            |
| Clock nodes activity        | High       | User specified more than 95% of clocks         |                                                                                                            |
| I/O nodes activity          | High       | User specified more than 95% of inputs         |                                                                                                            |
| Internal nodes activity     | Medium     | User specified less than 25% of internal nodes | Provide missing internal nodes activity with simulation results or by editing the "By Resource Type" views |
| Device models               | High       | Device models are Production                   |                                                                                                            |
|                             |            |                                                |                                                                                                            |
| Overall confidence level    | Medium     |                                                |                                                                                                            |
+-----------------------------+------------+------------------------------------------------+------------------------------------------------------------------------------------------------------------+


2. Settings
-----------

2.1 Environment
---------------

+-----------------------+------------------------+
| Ambient Temp (C)      | 25.0                   |
| ThetaJA (C/W)         | 11.5                   |
| Airflow (LFM)         | 250                    |
| Heat Sink             | none                   |
| ThetaSA (C/W)         | 0.0                    |
| Board Selection       | medium (10"x10")       |
| # of Board Layers     | 8to11 (8 to 11 Layers) |
| Board Temperature (C) | 25.0                   |
+-----------------------+------------------------+


2.2 Clock Constraints
---------------------

+-------+--------+-----------------+
| Clock | Domain | Constraint (ns) |
+-------+--------+-----------------+
| clk   | ap_clk |            10.0 |
+-------+--------+-----------------+


3. Detailed Reports
-------------------

3.1 By Hierarchy
----------------

+----------------------------------------------------------------------------+------------+
| Name                                                                       | Power (mW) |
+----------------------------------------------------------------------------+------------+
| myproject                                                                  |  1457.978  |
|   grp_dense_latency_0_0_0_0_0_0_0_0_0_0_0_0_0_0_0_0_0_0_0_0_0_0_0_1_fu_229 |   232.208  |
|   grp_dense_latency_0_0_0_0_0_0_0_0_0_0_0_0_0_0_0_0_0_0_0_0_0_0_0_2_fu_193 |   300.891  |
|   grp_dense_latency_0_0_0_0_0_0_0_0_0_0_0_0_0_0_0_0_0_0_0_0_0_0_0_s_fu_125 |   622.087  |
|   grp_dense_latency_ap_fixed_ap_fixed_config14_0_0_0_0_0_0_fu_375          |    60.917  |
|   grp_normalize_0_0_0_0_0_0_0_0_0_0_0_0_0_0_0_0_0_0_0_0_0_0_0_0_0_1_fu_235 |   101.230  |
|     myproject_mul_16s_11ns_26_2_0_U16                                      |     1.378  |
|       myproject_mul_16s_11ns_26_2_0_MulnS_1_U                              |     1.378  |
|     myproject_mul_16s_11ns_26_2_0_U22                                      |     1.502  |
|       myproject_mul_16s_11ns_26_2_0_MulnS_1_U                              |     1.502  |
|     myproject_mul_16s_11ns_26_2_0_U25                                      |     1.617  |
|       myproject_mul_16s_11ns_26_2_0_MulnS_1_U                              |     1.617  |
|     myproject_mul_16s_11ns_26_2_0_U26                                      |     1.386  |
|       myproject_mul_16s_11ns_26_2_0_MulnS_1_U                              |     1.386  |
|     myproject_mul_16s_11ns_26_2_0_U28                                      |     1.492  |
|       myproject_mul_16s_11ns_26_2_0_MulnS_1_U                              |     1.492  |
|     myproject_mul_16s_11ns_26_2_0_U29                                      |     1.378  |
|       myproject_mul_16s_11ns_26_2_0_MulnS_1_U                              |     1.378  |
|     myproject_mul_16s_11ns_26_2_0_U31                                      |     1.418  |
|       myproject_mul_16s_11ns_26_2_0_MulnS_1_U                              |     1.418  |
|     myproject_mul_16s_11ns_26_2_0_U35                                      |     1.427  |
|       myproject_mul_16s_11ns_26_2_0_MulnS_1_U                              |     1.427  |
|     myproject_mul_16s_11ns_26_2_0_U37                                      |     1.497  |
|       myproject_mul_16s_11ns_26_2_0_MulnS_1_U                              |     1.497  |
|     myproject_mul_16s_11ns_26_2_0_U39                                      |     1.477  |
|       myproject_mul_16s_11ns_26_2_0_MulnS_1_U                              |     1.477  |
|     myproject_mul_16s_11ns_26_2_0_U40                                      |     1.438  |
|       myproject_mul_16s_11ns_26_2_0_MulnS_1_U                              |     1.438  |
|     myproject_mul_16s_11ns_26_2_0_U41                                      |     1.487  |
|       myproject_mul_16s_11ns_26_2_0_MulnS_1_U                              |     1.487  |
|     myproject_mul_16s_11ns_26_2_0_U44                                      |     1.469  |
|       myproject_mul_16s_11ns_26_2_0_MulnS_1_U                              |     1.469  |
|     myproject_mul_16s_11ns_26_2_0_U46                                      |     1.481  |
|       myproject_mul_16s_11ns_26_2_0_MulnS_1_U                              |     1.481  |
|     myproject_mul_16s_11ns_26_2_0_U49                                      |     1.413  |
|       myproject_mul_16s_11ns_26_2_0_MulnS_1_U                              |     1.413  |
|     myproject_mul_16s_11ns_26_2_0_U52                                      |     1.453  |
|       myproject_mul_16s_11ns_26_2_0_MulnS_1_U                              |     1.453  |
|     myproject_mul_16s_11ns_26_2_0_U54                                      |     1.449  |
|       myproject_mul_16s_11ns_26_2_0_MulnS_1_U                              |     1.449  |
|     myproject_mul_16s_11ns_26_2_0_U6                                       |     1.395  |
|       myproject_mul_16s_11ns_26_2_0_MulnS_1_U                              |     1.395  |
|     myproject_mul_16s_11ns_26_2_0_U60                                      |     1.380  |
|       myproject_mul_16s_11ns_26_2_0_MulnS_1_U                              |     1.380  |
|     myproject_mul_16s_11ns_26_2_0_U7                                       |     1.562  |
|       myproject_mul_16s_11ns_26_2_0_MulnS_1_U                              |     1.562  |
|     myproject_mul_16s_11ns_26_2_0_U9                                       |     1.474  |
|       myproject_mul_16s_11ns_26_2_0_MulnS_1_U                              |     1.474  |
|     myproject_mul_16s_12ns_26_2_0_U10                                      |     1.426  |
|       myproject_mul_16s_12ns_26_2_0_MulnS_0_U                              |     1.426  |
|     myproject_mul_16s_12ns_26_2_0_U12                                      |     1.494  |
|       myproject_mul_16s_12ns_26_2_0_MulnS_0_U                              |     1.494  |
|     myproject_mul_16s_12ns_26_2_0_U13                                      |     1.406  |
|       myproject_mul_16s_12ns_26_2_0_MulnS_0_U                              |     1.406  |
|     myproject_mul_16s_12ns_26_2_0_U14                                      |     1.386  |
|       myproject_mul_16s_12ns_26_2_0_MulnS_0_U                              |     1.386  |
|     myproject_mul_16s_12ns_26_2_0_U15                                      |     1.475  |
|       myproject_mul_16s_12ns_26_2_0_MulnS_0_U                              |     1.475  |
|     myproject_mul_16s_12ns_26_2_0_U17                                      |     1.468  |
|       myproject_mul_16s_12ns_26_2_0_MulnS_0_U                              |     1.468  |
|     myproject_mul_16s_12ns_26_2_0_U18                                      |     1.498  |
|       myproject_mul_16s_12ns_26_2_0_MulnS_0_U                              |     1.498  |
|     myproject_mul_16s_12ns_26_2_0_U19                                      |     1.472  |
|       myproject_mul_16s_12ns_26_2_0_MulnS_0_U                              |     1.472  |
|     myproject_mul_16s_12ns_26_2_0_U2                                       |     1.432  |
|       myproject_mul_16s_12ns_26_2_0_MulnS_0_U                              |     1.432  |
|     myproject_mul_16s_12ns_26_2_0_U20                                      |     1.552  |
|       myproject_mul_16s_12ns_26_2_0_MulnS_0_U                              |     1.552  |
|     myproject_mul_16s_12ns_26_2_0_U21                                      |     1.435  |
|       myproject_mul_16s_12ns_26_2_0_MulnS_0_U                              |     1.435  |
|     myproject_mul_16s_12ns_26_2_0_U23                                      |     1.400  |
|       myproject_mul_16s_12ns_26_2_0_MulnS_0_U                              |     1.400  |
|     myproject_mul_16s_12ns_26_2_0_U24                                      |     1.490  |
|       myproject_mul_16s_12ns_26_2_0_MulnS_0_U                              |     1.490  |
|     myproject_mul_16s_12ns_26_2_0_U27                                      |     1.495  |
|       myproject_mul_16s_12ns_26_2_0_MulnS_0_U                              |     1.495  |
|     myproject_mul_16s_12ns_26_2_0_U3                                       |     1.431  |
|       myproject_mul_16s_12ns_26_2_0_MulnS_0_U                              |     1.431  |
|     myproject_mul_16s_12ns_26_2_0_U30                                      |     1.451  |
|       myproject_mul_16s_12ns_26_2_0_MulnS_0_U                              |     1.451  |
|     myproject_mul_16s_12ns_26_2_0_U32                                      |     1.430  |
|       myproject_mul_16s_12ns_26_2_0_MulnS_0_U                              |     1.430  |
|     myproject_mul_16s_12ns_26_2_0_U33                                      |     1.419  |
|       myproject_mul_16s_12ns_26_2_0_MulnS_0_U                              |     1.419  |
|     myproject_mul_16s_12ns_26_2_0_U36                                      |     1.417  |
|       myproject_mul_16s_12ns_26_2_0_MulnS_0_U                              |     1.417  |
|     myproject_mul_16s_12ns_26_2_0_U38                                      |     1.459  |
|       myproject_mul_16s_12ns_26_2_0_MulnS_0_U                              |     1.459  |
|     myproject_mul_16s_12ns_26_2_0_U4                                       |     1.386  |
|       myproject_mul_16s_12ns_26_2_0_MulnS_0_U                              |     1.386  |
|     myproject_mul_16s_12ns_26_2_0_U42                                      |     1.707  |
|       myproject_mul_16s_12ns_26_2_0_MulnS_0_U                              |     1.707  |
|     myproject_mul_16s_12ns_26_2_0_U43                                      |     1.487  |
|       myproject_mul_16s_12ns_26_2_0_MulnS_0_U                              |     1.487  |
|     myproject_mul_16s_12ns_26_2_0_U45                                      |     1.392  |
|       myproject_mul_16s_12ns_26_2_0_MulnS_0_U                              |     1.392  |
|     myproject_mul_16s_12ns_26_2_0_U47                                      |     1.360  |
|       myproject_mul_16s_12ns_26_2_0_MulnS_0_U                              |     1.360  |
|     myproject_mul_16s_12ns_26_2_0_U48                                      |     1.552  |
|       myproject_mul_16s_12ns_26_2_0_MulnS_0_U                              |     1.552  |
|     myproject_mul_16s_12ns_26_2_0_U5                                       |     1.484  |
|       myproject_mul_16s_12ns_26_2_0_MulnS_0_U                              |     1.484  |
|     myproject_mul_16s_12ns_26_2_0_U51                                      |     1.432  |
|       myproject_mul_16s_12ns_26_2_0_MulnS_0_U                              |     1.432  |
|     myproject_mul_16s_12ns_26_2_0_U53                                      |     1.351  |
|       myproject_mul_16s_12ns_26_2_0_MulnS_0_U                              |     1.351  |
|     myproject_mul_16s_12ns_26_2_0_U55                                      |     1.439  |
|       myproject_mul_16s_12ns_26_2_0_MulnS_0_U                              |     1.439  |
|     myproject_mul_16s_12ns_26_2_0_U56                                      |     1.450  |
|       myproject_mul_16s_12ns_26_2_0_MulnS_0_U                              |     1.450  |
|     myproject_mul_16s_12ns_26_2_0_U57                                      |     1.500  |
|       myproject_mul_16s_12ns_26_2_0_MulnS_0_U                              |     1.500  |
|     myproject_mul_16s_12ns_26_2_0_U58                                      |     1.495  |
|       myproject_mul_16s_12ns_26_2_0_MulnS_0_U                              |     1.495  |
|     myproject_mul_16s_12ns_26_2_0_U59                                      |     1.416  |
|       myproject_mul_16s_12ns_26_2_0_MulnS_0_U                              |     1.416  |
|     myproject_mul_16s_12ns_26_2_0_U61                                      |     1.396  |
|       myproject_mul_16s_12ns_26_2_0_MulnS_0_U                              |     1.396  |
|     myproject_mul_16s_12ns_26_2_0_U8                                       |     1.484  |
|       myproject_mul_16s_12ns_26_2_0_MulnS_0_U                              |     1.484  |
|     myproject_mul_16s_13ns_26_2_0_U11                                      |     1.428  |
|       myproject_mul_16s_13ns_26_2_0_MulnS_2_U                              |     1.428  |
|     myproject_mul_16s_13ns_26_2_0_U34                                      |     1.487  |
|       myproject_mul_16s_13ns_26_2_0_MulnS_2_U                              |     1.487  |
|     myproject_mul_16s_13ns_26_2_0_U50                                      |     1.455  |
|       myproject_mul_16s_13ns_26_2_0_MulnS_2_U                              |     1.455  |
|     myproject_mul_16s_13ns_26_2_0_U62                                      |     1.503  |
|       myproject_mul_16s_13ns_26_2_0_MulnS_2_U                              |     1.503  |
|   grp_normalize_0_0_0_0_0_0_0_0_0_0_0_0_0_0_0_0_0_0_0_0_0_0_0_0_0_2_fu_303 |    48.762  |
|     myproject_mul_16s_10ns_26_2_0_U385                                     |     1.281  |
|       myproject_mul_16s_10ns_26_2_0_MulnS_4_U                              |     1.281  |
|     myproject_mul_16s_10ns_26_2_0_U386                                     |     1.201  |
|       myproject_mul_16s_10ns_26_2_0_MulnS_4_U                              |     1.201  |
|     myproject_mul_16s_10ns_26_2_0_U389                                     |     1.158  |
|       myproject_mul_16s_10ns_26_2_0_MulnS_4_U                              |     1.158  |
|     myproject_mul_16s_10ns_26_2_0_U390                                     |     1.292  |
|       myproject_mul_16s_10ns_26_2_0_MulnS_4_U                              |     1.292  |
|     myproject_mul_16s_10ns_26_2_0_U392                                     |     1.197  |
|       myproject_mul_16s_10ns_26_2_0_MulnS_4_U                              |     1.197  |
|     myproject_mul_16s_10ns_26_2_0_U395                                     |     1.114  |
|       myproject_mul_16s_10ns_26_2_0_MulnS_4_U                              |     1.114  |
|     myproject_mul_16s_10ns_26_2_0_U397                                     |     1.316  |
|       myproject_mul_16s_10ns_26_2_0_MulnS_4_U                              |     1.316  |
|     myproject_mul_16s_10ns_26_2_0_U400                                     |     1.317  |
|       myproject_mul_16s_10ns_26_2_0_MulnS_4_U                              |     1.317  |
|     myproject_mul_16s_10ns_26_2_0_U401                                     |     1.109  |
|       myproject_mul_16s_10ns_26_2_0_MulnS_4_U                              |     1.109  |
|     myproject_mul_16s_10ns_26_2_0_U402                                     |     1.097  |
|       myproject_mul_16s_10ns_26_2_0_MulnS_4_U                              |     1.097  |
|     myproject_mul_16s_10ns_26_2_0_U403                                     |     1.151  |
|       myproject_mul_16s_10ns_26_2_0_MulnS_4_U                              |     1.151  |
|     myproject_mul_16s_10ns_26_2_0_U407                                     |     1.212  |
|       myproject_mul_16s_10ns_26_2_0_MulnS_4_U                              |     1.212  |
|     myproject_mul_16s_10ns_26_2_0_U408                                     |     1.186  |
|       myproject_mul_16s_10ns_26_2_0_MulnS_4_U                              |     1.186  |
|     myproject_mul_16s_10ns_26_2_0_U410                                     |     1.243  |
|       myproject_mul_16s_10ns_26_2_0_MulnS_4_U                              |     1.243  |
|     myproject_mul_16s_10ns_26_2_0_U411                                     |     1.205  |
|       myproject_mul_16s_10ns_26_2_0_MulnS_4_U                              |     1.205  |
|     myproject_mul_16s_10ns_26_2_0_U412                                     |     1.169  |
|       myproject_mul_16s_10ns_26_2_0_MulnS_4_U                              |     1.169  |
|     myproject_mul_16s_10ns_26_2_0_U413                                     |     1.353  |
|       myproject_mul_16s_10ns_26_2_0_MulnS_4_U                              |     1.353  |
|     myproject_mul_16s_10ns_26_2_0_U414                                     |     1.252  |
|       myproject_mul_16s_10ns_26_2_0_MulnS_4_U                              |     1.252  |
|     myproject_mul_16s_10ns_26_2_0_U415                                     |     1.307  |
|       myproject_mul_16s_10ns_26_2_0_MulnS_4_U                              |     1.307  |
|     myproject_mul_16s_11ns_26_2_0_U404                                     |     1.123  |
|       myproject_mul_16s_11ns_26_2_0_MulnS_1_U                              |     1.123  |
|     myproject_mul_16s_11ns_26_2_0_U406                                     |     1.139  |
|       myproject_mul_16s_11ns_26_2_0_MulnS_1_U                              |     1.139  |
|     myproject_mul_16s_11ns_26_2_0_U409                                     |     1.192  |
|       myproject_mul_16s_11ns_26_2_0_MulnS_1_U                              |     1.192  |
|     myproject_mul_16s_8ns_24_2_0_U396                                      |     1.174  |
|       myproject_mul_16s_8ns_24_2_0_MulnS_5_U                               |     1.174  |
|     myproject_mul_16s_9ns_25_2_0_U387                                      |     1.178  |
|       myproject_mul_16s_9ns_25_2_0_MulnS_3_U                               |     1.178  |
|     myproject_mul_16s_9ns_25_2_0_U388                                      |     1.225  |
|       myproject_mul_16s_9ns_25_2_0_MulnS_3_U                               |     1.225  |
|     myproject_mul_16s_9ns_25_2_0_U391                                      |     1.134  |
|       myproject_mul_16s_9ns_25_2_0_MulnS_3_U                               |     1.134  |
|     myproject_mul_16s_9ns_25_2_0_U393                                      |     1.163  |
|       myproject_mul_16s_9ns_25_2_0_MulnS_3_U                               |     1.163  |
|     myproject_mul_16s_9ns_25_2_0_U394                                      |     1.210  |
|       myproject_mul_16s_9ns_25_2_0_MulnS_3_U                               |     1.210  |
|     myproject_mul_16s_9ns_25_2_0_U398                                      |     1.160  |
|       myproject_mul_16s_9ns_25_2_0_MulnS_3_U                               |     1.160  |
|     myproject_mul_16s_9ns_25_2_0_U399                                      |     1.137  |
|       myproject_mul_16s_9ns_25_2_0_MulnS_3_U                               |     1.137  |
|     myproject_mul_16s_9ns_25_2_0_U405                                      |     1.168  |
|       myproject_mul_16s_9ns_25_2_0_MulnS_3_U                               |     1.168  |
|   grp_normalize_0_0_0_0_0_0_0_0_0_0_0_0_0_0_0_0_0_0_0_0_0_0_0_0_0_s_fu_339 |    46.289  |
|     myproject_mul_16s_10ns_26_2_0_U265                                     |     1.339  |
|       myproject_mul_16s_10ns_26_2_0_MulnS_4_U                              |     1.339  |
|     myproject_mul_16s_10ns_26_2_0_U266                                     |     1.424  |
|       myproject_mul_16s_10ns_26_2_0_MulnS_4_U                              |     1.424  |
|     myproject_mul_16s_10ns_26_2_0_U267                                     |     1.356  |
|       myproject_mul_16s_10ns_26_2_0_MulnS_4_U                              |     1.356  |
|     myproject_mul_16s_10ns_26_2_0_U268                                     |     1.407  |
|       myproject_mul_16s_10ns_26_2_0_MulnS_4_U                              |     1.407  |
|     myproject_mul_16s_10ns_26_2_0_U273                                     |     1.415  |
|       myproject_mul_16s_10ns_26_2_0_MulnS_4_U                              |     1.415  |
|     myproject_mul_16s_10ns_26_2_0_U280                                     |     1.355  |
|       myproject_mul_16s_10ns_26_2_0_MulnS_4_U                              |     1.355  |
|     myproject_mul_16s_10ns_26_2_0_U282                                     |     1.525  |
|       myproject_mul_16s_10ns_26_2_0_MulnS_4_U                              |     1.525  |
|     myproject_mul_16s_9ns_25_2_0_U258                                      |     1.299  |
|       myproject_mul_16s_9ns_25_2_0_MulnS_3_U                               |     1.299  |
|     myproject_mul_16s_9ns_25_2_0_U259                                      |     1.303  |
|       myproject_mul_16s_9ns_25_2_0_MulnS_3_U                               |     1.303  |
|     myproject_mul_16s_9ns_25_2_0_U260                                      |     1.392  |
|       myproject_mul_16s_9ns_25_2_0_MulnS_3_U                               |     1.392  |
|     myproject_mul_16s_9ns_25_2_0_U261                                      |     1.333  |
|       myproject_mul_16s_9ns_25_2_0_MulnS_3_U                               |     1.333  |
|     myproject_mul_16s_9ns_25_2_0_U262                                      |     1.405  |
|       myproject_mul_16s_9ns_25_2_0_MulnS_3_U                               |     1.405  |
|     myproject_mul_16s_9ns_25_2_0_U263                                      |     1.359  |
|       myproject_mul_16s_9ns_25_2_0_MulnS_3_U                               |     1.359  |
|     myproject_mul_16s_9ns_25_2_0_U264                                      |     1.392  |
|       myproject_mul_16s_9ns_25_2_0_MulnS_3_U                               |     1.392  |
|     myproject_mul_16s_9ns_25_2_0_U269                                      |     1.345  |
|       myproject_mul_16s_9ns_25_2_0_MulnS_3_U                               |     1.345  |
|     myproject_mul_16s_9ns_25_2_0_U270                                      |     1.438  |
|       myproject_mul_16s_9ns_25_2_0_MulnS_3_U                               |     1.438  |
|     myproject_mul_16s_9ns_25_2_0_U271                                      |     1.318  |
|       myproject_mul_16s_9ns_25_2_0_MulnS_3_U                               |     1.318  |
|     myproject_mul_16s_9ns_25_2_0_U272                                      |     1.393  |
|       myproject_mul_16s_9ns_25_2_0_MulnS_3_U                               |     1.393  |
|     myproject_mul_16s_9ns_25_2_0_U274                                      |     1.366  |
|       myproject_mul_16s_9ns_25_2_0_MulnS_3_U                               |     1.366  |
|     myproject_mul_16s_9ns_25_2_0_U275                                      |     1.349  |
|       myproject_mul_16s_9ns_25_2_0_MulnS_3_U                               |     1.349  |
|     myproject_mul_16s_9ns_25_2_0_U276                                      |     1.341  |
|       myproject_mul_16s_9ns_25_2_0_MulnS_3_U                               |     1.341  |
|     myproject_mul_16s_9ns_25_2_0_U277                                      |     1.341  |
|       myproject_mul_16s_9ns_25_2_0_MulnS_3_U                               |     1.341  |
|     myproject_mul_16s_9ns_25_2_0_U278                                      |     1.259  |
|       myproject_mul_16s_9ns_25_2_0_MulnS_3_U                               |     1.259  |
|     myproject_mul_16s_9ns_25_2_0_U279                                      |     1.329  |
|       myproject_mul_16s_9ns_25_2_0_MulnS_3_U                               |     1.329  |
|     myproject_mul_16s_9ns_25_2_0_U281                                      |     1.328  |
|       myproject_mul_16s_9ns_25_2_0_MulnS_3_U                               |     1.328  |
|     myproject_mul_16s_9ns_25_2_0_U283                                      |     1.332  |
|       myproject_mul_16s_9ns_25_2_0_MulnS_3_U                               |     1.332  |
|     myproject_mul_16s_9ns_25_2_0_U284                                      |     1.331  |
|       myproject_mul_16s_9ns_25_2_0_MulnS_3_U                               |     1.331  |
|     myproject_mul_16s_9ns_25_2_0_U285                                      |     1.401  |
|       myproject_mul_16s_9ns_25_2_0_MulnS_3_U                               |     1.401  |
|     myproject_mul_16s_9ns_25_2_0_U286                                      |     1.380  |
|       myproject_mul_16s_9ns_25_2_0_MulnS_3_U                               |     1.380  |
|   grp_normalize_ap_fixed_ap_fixed_config16_0_0_0_0_0_0_0_0_0_0_fu_551      |     7.106  |
|     myproject_mul_16s_9ns_25_2_0_U513                                      |     1.129  |
|       myproject_mul_16s_9ns_25_2_0_MulnS_3_U                               |     1.129  |
|     myproject_mul_16s_9ns_25_2_0_U514                                      |     1.199  |
|       myproject_mul_16s_9ns_25_2_0_MulnS_3_U                               |     1.199  |
|     myproject_mul_16s_9ns_25_2_0_U515                                      |     1.144  |
|       myproject_mul_16s_9ns_25_2_0_MulnS_3_U                               |     1.144  |
|     myproject_mul_16s_9ns_25_2_0_U516                                      |     1.175  |
|       myproject_mul_16s_9ns_25_2_0_MulnS_3_U                               |     1.175  |
+----------------------------------------------------------------------------+------------+


