Copyright 1986-2018 Xilinx, Inc. All Rights Reserved.
----------------------------------------------------------------------------------------------------------------------------------------------------------------------------------------------------------------------------------------------------------
| Tool Version : Vivado v.2018.3 (lin64) Build 2405991 Thu Dec  6 23:36:41 MST 2018
| Date         : Wed Jan 12 00:38:25 2022
| Host         : koopa.ece.utexas.edu running 64-bit CentOS Linux release 7.9.2009 (Core)
| Command      : report_timing -sort_by group -max_paths 100 -path_type summary -file /misc/scratch/zwei1/reports_Jan12/raw_designs/vtr_designs/verilog/koios/clstm_like.small_submodules/matrix_times_two_vectors_18_10_1_672_16_1/post_route_timing.rpt
| Design       : matrix_times_two_vectors_18_10_1_672_16_1
| Device       : 7z020-clg484
| Speed File   : -3  PRODUCTION 1.11 2014-09-11
----------------------------------------------------------------------------------------------------------------------------------------------------------------------------------------------------------------------------------------------------------

Timing Report

Startpoint                     Endpoint                       Slack(ns)     
----------------------------------------------------------------------------
multiple_c_matrix_vec_mult_and_sum_18_10_16_1_1_42_inst/c_matrix_vec_mult_core_18_10_16_1_1_inst/shift_register_group_18_910_inst_0_real/shift_register_unit_18_10_inst_0/shift_registers_8_reg_r_rep/C
                               multiple_c_matrix_vec_mult_and_sum_18_10_16_1_1_42_inst/c_matrix_vec_mult_core_18_10_16_1_1_inst/elementwise_mult_core_18_1810_9_1_inst_0_imag_real/dsp_signed_mult_18x18_unit_18_18_1_inst4/reg_resb_reg/B[11]
                                                              3.762         
multiple_c_matrix_vec_mult_and_sum_18_10_16_1_1_42_inst/c_matrix_vec_mult_core_18_10_16_1_1_inst/shift_register_group_18_910_inst_0_real/shift_register_unit_18_10_inst_0/shift_registers_8_reg_r_rep/C
                               multiple_c_matrix_vec_mult_and_sum_18_10_16_1_1_42_inst/c_matrix_vec_mult_core_18_10_16_1_1_inst/elementwise_mult_core_18_1810_9_1_inst_0_imag_real/dsp_signed_mult_18x18_unit_18_18_1_inst4/reg_resb_reg/B[16]
                                                              3.820         
multiple_c_matrix_vec_mult_and_sum_18_10_16_1_1_42_inst/c_matrix_vec_mult_core_18_10_16_1_1_inst/shift_register_group_18_910_inst_0_real/shift_register_unit_18_10_inst_0/shift_registers_8_reg_r_rep/C
                               multiple_c_matrix_vec_mult_and_sum_18_10_16_1_1_42_inst/c_matrix_vec_mult_core_18_10_16_1_1_inst/elementwise_mult_core_18_1810_9_1_inst_0_imag_real/dsp_signed_mult_18x18_unit_18_18_1_inst4/reg_resb_reg/B[10]
                                                              3.860         
multiple_c_matrix_vec_mult_and_sum_18_10_16_1_1_42_inst/c_matrix_vec_mult_core_18_10_16_1_1_inst/shift_register_group_18_910_inst_0_real/shift_register_unit_18_10_inst_0/shift_registers_8_reg_r_rep/C
                               multiple_c_matrix_vec_mult_and_sum_18_10_16_1_1_42_inst/c_matrix_vec_mult_core_18_10_16_1_1_inst/elementwise_mult_core_18_1810_9_1_inst_0_real_real/dsp_signed_mult_18x18_unit_18_18_1_inst4/reg_resb_reg/A[10]
                                                              3.897         
multiple_c_matrix_vec_mult_and_sum_18_10_16_1_1_42_inst/c_matrix_vec_mult_core_18_10_16_1_1_inst/reg_o_valid_reg/C
                               multiple_c_matrix_vec_mult_and_sum_18_10_16_1_1_42_inst/sum_complex_vector_unit_18_18_16_42_inst_0/sum_real_13_reg[16]/CE
                                                              3.943         
multiple_c_matrix_vec_mult_and_sum_18_10_16_1_1_42_inst/c_matrix_vec_mult_core_18_10_16_1_1_inst/reg_o_valid_reg/C
                               multiple_c_matrix_vec_mult_and_sum_18_10_16_1_1_42_inst/sum_complex_vector_unit_18_18_16_42_inst_0/sum_real_13_reg[17]/CE
                                                              3.943         
multiple_c_matrix_vec_mult_and_sum_18_10_16_1_1_42_inst/c_matrix_vec_mult_core_18_10_16_1_1_inst/shift_register_group_18_910_inst_0_real/shift_register_unit_18_10_inst_0/shift_registers_8_reg_r_rep/C
                               multiple_c_matrix_vec_mult_and_sum_18_10_16_1_1_42_inst/c_matrix_vec_mult_core_18_10_16_1_1_inst/elementwise_mult_core_18_1810_9_1_inst_0_imag_real/dsp_signed_mult_18x18_unit_18_18_1_inst4/reg_resb_reg/B[12]
                                                              3.950         
multiple_c_matrix_vec_mult_and_sum_18_10_16_1_1_42_inst/c_matrix_vec_mult_core_18_10_16_1_1_inst/shift_register_group_18_910_inst_0_real/shift_register_unit_18_10_inst_0/shift_registers_8_reg_r_rep/C
                               multiple_c_matrix_vec_mult_and_sum_18_10_16_1_1_42_inst/c_matrix_vec_mult_core_18_10_16_1_1_inst/elementwise_mult_core_18_1810_9_1_inst_0_imag_real/dsp_signed_mult_18x18_unit_18_18_1_inst4/reg_resb_reg/B[15]
                                                              3.972         
multiple_c_matrix_vec_mult_and_sum_18_10_16_1_1_42_inst/c_matrix_vec_mult_core_18_10_16_1_1_inst/shift_register_group_18_910_inst_0_real/shift_register_unit_18_10_inst_0/shift_registers_8_reg_r_rep/C
                               multiple_c_matrix_vec_mult_and_sum_18_10_16_1_1_42_inst/c_matrix_vec_mult_core_18_10_16_1_1_inst/elementwise_mult_core_18_1810_9_1_inst_0_real_real/dsp_signed_mult_18x18_unit_18_18_1_inst4/reg_resb_reg/A[11]
                                                              4.008         
multiple_c_matrix_vec_mult_and_sum_18_10_16_1_1_42_inst/c_matrix_vec_mult_core_18_10_16_1_1_inst/reg_o_valid_reg/C
                               multiple_c_matrix_vec_mult_and_sum_18_10_16_1_1_42_inst/sum_complex_vector_unit_18_18_16_42_inst_0/sum_imag_13_reg[12]/CE
                                                              4.021         
multiple_c_matrix_vec_mult_and_sum_18_10_16_1_1_42_inst/c_matrix_vec_mult_core_18_10_16_1_1_inst/reg_o_valid_reg/C
                               multiple_c_matrix_vec_mult_and_sum_18_10_16_1_1_42_inst/sum_complex_vector_unit_18_18_16_42_inst_0/sum_imag_13_reg[13]/CE
                                                              4.021         
multiple_c_matrix_vec_mult_and_sum_18_10_16_1_1_42_inst/c_matrix_vec_mult_core_18_10_16_1_1_inst/reg_o_valid_reg/C
                               multiple_c_matrix_vec_mult_and_sum_18_10_16_1_1_42_inst/sum_complex_vector_unit_18_18_16_42_inst_0/sum_imag_13_reg[14]/CE
                                                              4.021         
multiple_c_matrix_vec_mult_and_sum_18_10_16_1_1_42_inst/c_matrix_vec_mult_core_18_10_16_1_1_inst/reg_o_valid_reg/C
                               multiple_c_matrix_vec_mult_and_sum_18_10_16_1_1_42_inst/sum_complex_vector_unit_18_18_16_42_inst_0/sum_imag_13_reg[15]/CE
                                                              4.021         
multiple_c_matrix_vec_mult_and_sum_18_10_16_1_1_42_inst/c_matrix_vec_mult_core_18_10_16_1_1_inst/shift_register_group_18_910_inst_0_real/shift_register_unit_18_10_inst_0/shift_registers_8_reg_r_rep/C
                               multiple_c_matrix_vec_mult_and_sum_18_10_16_1_1_42_inst/c_matrix_vec_mult_core_18_10_16_1_1_inst/elementwise_mult_core_18_1810_9_1_inst_0_imag_real/dsp_signed_mult_18x18_unit_18_18_1_inst4/reg_resb_reg/B[8]
                                                              4.035         
multiple_c_matrix_vec_mult_and_sum_18_10_16_1_1_42_inst/c_matrix_vec_mult_core_18_10_16_1_1_inst/reg_o_valid_reg/C
                               multiple_c_matrix_vec_mult_and_sum_18_10_16_1_1_42_inst/sum_complex_vector_unit_18_18_16_42_inst_0/sum_real_3_reg[10]/CE
                                                              4.038         
multiple_c_matrix_vec_mult_and_sum_18_10_16_1_1_42_inst/c_matrix_vec_mult_core_18_10_16_1_1_inst/reg_o_valid_reg/C
                               multiple_c_matrix_vec_mult_and_sum_18_10_16_1_1_42_inst/sum_complex_vector_unit_18_18_16_42_inst_0/sum_real_3_reg[11]/CE
                                                              4.038         
multiple_c_matrix_vec_mult_and_sum_18_10_16_1_1_42_inst/c_matrix_vec_mult_core_18_10_16_1_1_inst/reg_o_valid_reg/C
                               multiple_c_matrix_vec_mult_and_sum_18_10_16_1_1_42_inst/sum_complex_vector_unit_18_18_16_42_inst_0/sum_real_3_reg[8]/CE
                                                              4.038         
multiple_c_matrix_vec_mult_and_sum_18_10_16_1_1_42_inst/c_matrix_vec_mult_core_18_10_16_1_1_inst/reg_o_valid_reg/C
                               multiple_c_matrix_vec_mult_and_sum_18_10_16_1_1_42_inst/sum_complex_vector_unit_18_18_16_42_inst_0/sum_real_3_reg[9]/CE
                                                              4.038         
multiple_c_matrix_vec_mult_and_sum_18_10_16_1_1_42_inst/c_matrix_vec_mult_core_18_10_16_1_1_inst/reg_o_valid_reg/C
                               multiple_c_matrix_vec_mult_and_sum_18_10_16_1_1_42_inst/sum_complex_vector_unit_18_18_16_42_inst_0/sum_real_13_reg[12]/CE
                                                              4.043         
multiple_c_matrix_vec_mult_and_sum_18_10_16_1_1_42_inst/c_matrix_vec_mult_core_18_10_16_1_1_inst/reg_o_valid_reg/C
                               multiple_c_matrix_vec_mult_and_sum_18_10_16_1_1_42_inst/sum_complex_vector_unit_18_18_16_42_inst_0/sum_real_13_reg[13]/CE
                                                              4.043         
multiple_c_matrix_vec_mult_and_sum_18_10_16_1_1_42_inst/c_matrix_vec_mult_core_18_10_16_1_1_inst/reg_o_valid_reg/C
                               multiple_c_matrix_vec_mult_and_sum_18_10_16_1_1_42_inst/sum_complex_vector_unit_18_18_16_42_inst_0/sum_real_13_reg[14]/CE
                                                              4.043         
multiple_c_matrix_vec_mult_and_sum_18_10_16_1_1_42_inst/c_matrix_vec_mult_core_18_10_16_1_1_inst/reg_o_valid_reg/C
                               multiple_c_matrix_vec_mult_and_sum_18_10_16_1_1_42_inst/sum_complex_vector_unit_18_18_16_42_inst_0/sum_real_13_reg[15]/CE
                                                              4.043         
multiple_c_matrix_vec_mult_and_sum_18_10_16_1_1_42_inst/c_matrix_vec_mult_core_18_10_16_1_1_inst/reg_o_valid_reg/C
                               multiple_c_matrix_vec_mult_and_sum_18_10_16_1_1_42_inst/sum_complex_vector_unit_18_18_16_42_inst_0/sum_real_5_reg[12]/CE
                                                              4.049         
multiple_c_matrix_vec_mult_and_sum_18_10_16_1_1_42_inst/c_matrix_vec_mult_core_18_10_16_1_1_inst/reg_o_valid_reg/C
                               multiple_c_matrix_vec_mult_and_sum_18_10_16_1_1_42_inst/sum_complex_vector_unit_18_18_16_42_inst_0/sum_real_5_reg[13]/CE
                                                              4.049         
multiple_c_matrix_vec_mult_and_sum_18_10_16_1_1_42_inst/c_matrix_vec_mult_core_18_10_16_1_1_inst/reg_o_valid_reg/C
                               multiple_c_matrix_vec_mult_and_sum_18_10_16_1_1_42_inst/sum_complex_vector_unit_18_18_16_42_inst_0/sum_real_5_reg[14]/CE
                                                              4.049         
multiple_c_matrix_vec_mult_and_sum_18_10_16_1_1_42_inst/c_matrix_vec_mult_core_18_10_16_1_1_inst/reg_o_valid_reg/C
                               multiple_c_matrix_vec_mult_and_sum_18_10_16_1_1_42_inst/sum_complex_vector_unit_18_18_16_42_inst_0/sum_real_5_reg[15]/CE
                                                              4.049         
multiple_c_matrix_vec_mult_and_sum_18_10_16_1_1_42_inst/c_matrix_vec_mult_core_18_10_16_1_1_inst/reg_o_valid_reg/C
                               multiple_c_matrix_vec_mult_and_sum_18_10_16_1_1_42_inst/sum_complex_vector_unit_18_18_16_42_inst_0/sum_real_3_reg[0]/CE
                                                              4.057         
multiple_c_matrix_vec_mult_and_sum_18_10_16_1_1_42_inst/c_matrix_vec_mult_core_18_10_16_1_1_inst/reg_o_valid_reg/C
                               multiple_c_matrix_vec_mult_and_sum_18_10_16_1_1_42_inst/sum_complex_vector_unit_18_18_16_42_inst_0/sum_real_3_reg[1]/CE
                                                              4.057         
multiple_c_matrix_vec_mult_and_sum_18_10_16_1_1_42_inst/c_matrix_vec_mult_core_18_10_16_1_1_inst/reg_o_valid_reg/C
                               multiple_c_matrix_vec_mult_and_sum_18_10_16_1_1_42_inst/sum_complex_vector_unit_18_18_16_42_inst_0/sum_real_3_reg[2]/CE
                                                              4.057         
multiple_c_matrix_vec_mult_and_sum_18_10_16_1_1_42_inst/c_matrix_vec_mult_core_18_10_16_1_1_inst/reg_o_valid_reg/C
                               multiple_c_matrix_vec_mult_and_sum_18_10_16_1_1_42_inst/sum_complex_vector_unit_18_18_16_42_inst_0/sum_real_3_reg[3]/CE
                                                              4.057         
multiple_c_matrix_vec_mult_and_sum_18_10_16_1_1_42_inst/c_matrix_vec_mult_core_18_10_16_1_1_inst/reg_o_valid_reg/C
                               multiple_c_matrix_vec_mult_and_sum_18_10_16_1_1_42_inst/sum_complex_vector_unit_18_18_16_42_inst_0/sum_real_5_reg[16]/CE
                                                              4.058         
multiple_c_matrix_vec_mult_and_sum_18_10_16_1_1_42_inst/c_matrix_vec_mult_core_18_10_16_1_1_inst/reg_o_valid_reg/C
                               multiple_c_matrix_vec_mult_and_sum_18_10_16_1_1_42_inst/sum_complex_vector_unit_18_18_16_42_inst_0/sum_real_5_reg[17]/CE
                                                              4.058         
multiple_c_matrix_vec_mult_and_sum_18_10_16_1_1_42_inst/c_matrix_vec_mult_core_18_10_16_1_1_inst/reg_o_valid_reg/C
                               multiple_c_matrix_vec_mult_and_sum_18_10_16_1_1_42_inst/sum_complex_vector_unit_18_18_16_42_inst_0/sum_real_11_reg[12]/CE
                                                              4.064         
multiple_c_matrix_vec_mult_and_sum_18_10_16_1_1_42_inst/c_matrix_vec_mult_core_18_10_16_1_1_inst/reg_o_valid_reg/C
                               multiple_c_matrix_vec_mult_and_sum_18_10_16_1_1_42_inst/sum_complex_vector_unit_18_18_16_42_inst_0/sum_real_11_reg[13]/CE
                                                              4.064         
multiple_c_matrix_vec_mult_and_sum_18_10_16_1_1_42_inst/c_matrix_vec_mult_core_18_10_16_1_1_inst/reg_o_valid_reg/C
                               multiple_c_matrix_vec_mult_and_sum_18_10_16_1_1_42_inst/sum_complex_vector_unit_18_18_16_42_inst_0/sum_real_11_reg[14]/CE
                                                              4.064         
multiple_c_matrix_vec_mult_and_sum_18_10_16_1_1_42_inst/c_matrix_vec_mult_core_18_10_16_1_1_inst/reg_o_valid_reg/C
                               multiple_c_matrix_vec_mult_and_sum_18_10_16_1_1_42_inst/sum_complex_vector_unit_18_18_16_42_inst_0/sum_real_11_reg[15]/CE
                                                              4.064         
multiple_c_matrix_vec_mult_and_sum_18_10_16_1_1_42_inst/c_matrix_vec_mult_core_18_10_16_1_1_inst/reg_o_valid_reg/C
                               multiple_c_matrix_vec_mult_and_sum_18_10_16_1_1_42_inst/sum_complex_vector_unit_18_18_16_42_inst_0/sum_imag_1_reg[0]/CE
                                                              4.073         
multiple_c_matrix_vec_mult_and_sum_18_10_16_1_1_42_inst/c_matrix_vec_mult_core_18_10_16_1_1_inst/reg_o_valid_reg/C
                               multiple_c_matrix_vec_mult_and_sum_18_10_16_1_1_42_inst/sum_complex_vector_unit_18_18_16_42_inst_0/sum_imag_1_reg[1]/CE
                                                              4.073         
multiple_c_matrix_vec_mult_and_sum_18_10_16_1_1_42_inst/c_matrix_vec_mult_core_18_10_16_1_1_inst/reg_o_valid_reg/C
                               multiple_c_matrix_vec_mult_and_sum_18_10_16_1_1_42_inst/sum_complex_vector_unit_18_18_16_42_inst_0/sum_imag_1_reg[2]/CE
                                                              4.073         
multiple_c_matrix_vec_mult_and_sum_18_10_16_1_1_42_inst/c_matrix_vec_mult_core_18_10_16_1_1_inst/reg_o_valid_reg/C
                               multiple_c_matrix_vec_mult_and_sum_18_10_16_1_1_42_inst/sum_complex_vector_unit_18_18_16_42_inst_0/sum_imag_1_reg[3]/CE
                                                              4.073         
multiple_c_matrix_vec_mult_and_sum_18_10_16_1_1_42_inst/c_matrix_vec_mult_core_18_10_16_1_1_inst/shift_register_group_18_910_inst_0_real/shift_register_unit_18_10_inst_0/shift_registers_8_reg_r_rep/C
                               multiple_c_matrix_vec_mult_and_sum_18_10_16_1_1_42_inst/c_matrix_vec_mult_core_18_10_16_1_1_inst/elementwise_mult_core_18_1810_9_1_inst_0_imag_real/dsp_signed_mult_18x18_unit_18_18_1_inst4/reg_resb_reg/B[13]
                                                              4.074         
multiple_c_matrix_vec_mult_and_sum_18_10_16_1_1_42_inst/c_matrix_vec_mult_core_18_10_16_1_1_inst/shift_register_group_18_910_inst_0_real/shift_register_unit_18_10_inst_0/shift_registers_8_reg_r_rep/C
                               multiple_c_matrix_vec_mult_and_sum_18_10_16_1_1_42_inst/c_matrix_vec_mult_core_18_10_16_1_1_inst/elementwise_mult_core_18_1810_9_1_inst_0_imag_real/dsp_signed_mult_18x18_unit_18_18_1_inst4/reg_resb_reg/B[6]
                                                              4.099         
multiple_c_matrix_vec_mult_and_sum_18_10_16_1_1_42_inst/c_matrix_vec_mult_core_18_10_16_1_1_inst/shift_register_group_18_910_inst_0_real/shift_register_unit_18_10_inst_0/shift_registers_8_reg_r_rep/C
                               multiple_c_matrix_vec_mult_and_sum_18_10_16_1_1_42_inst/c_matrix_vec_mult_core_18_10_16_1_1_inst/elementwise_mult_core_18_1810_9_1_inst_0_real_real/dsp_signed_mult_18x18_unit_18_18_1_inst4/reg_resb_reg/A[16]
                                                              4.099         
multiple_c_matrix_vec_mult_and_sum_18_10_16_1_1_42_inst/c_matrix_vec_mult_core_18_10_16_1_1_inst/shift_register_group_18_910_inst_0_real/shift_register_unit_18_10_inst_0/shift_registers_8_reg_r_rep/C
                               multiple_c_matrix_vec_mult_and_sum_18_10_16_1_1_42_inst/c_matrix_vec_mult_core_18_10_16_1_1_inst/elementwise_mult_core_18_1810_9_1_inst_0_real_real/dsp_signed_mult_18x18_unit_18_18_1_inst4/reg_resb_reg/A[12]
                                                              4.108         
multiple_c_matrix_vec_mult_and_sum_18_10_16_1_1_42_inst/c_matrix_vec_mult_core_18_10_16_1_1_inst/shift_register_group_18_910_inst_0_real/shift_register_unit_18_10_inst_0/shift_registers_8_reg_r_rep/C
                               multiple_c_matrix_vec_mult_and_sum_18_10_16_1_1_42_inst/c_matrix_vec_mult_core_18_10_16_1_1_inst/elementwise_mult_core_18_1810_9_1_inst_0_imag_real/dsp_signed_mult_18x18_unit_18_18_1_inst4/reg_resb_reg/B[9]
                                                              4.112         
multiple_c_matrix_vec_mult_and_sum_18_10_16_1_1_42_inst/c_matrix_vec_mult_core_18_10_16_1_1_inst/reg_o_valid_reg/C
                               multiple_c_matrix_vec_mult_and_sum_18_10_16_1_1_42_inst/sum_complex_vector_unit_18_18_16_42_inst_0/sum_imag_13_reg[0]/CE
                                                              4.115         
multiple_c_matrix_vec_mult_and_sum_18_10_16_1_1_42_inst/c_matrix_vec_mult_core_18_10_16_1_1_inst/reg_o_valid_reg/C
                               multiple_c_matrix_vec_mult_and_sum_18_10_16_1_1_42_inst/sum_complex_vector_unit_18_18_16_42_inst_0/sum_imag_13_reg[1]/CE
                                                              4.115         
multiple_c_matrix_vec_mult_and_sum_18_10_16_1_1_42_inst/c_matrix_vec_mult_core_18_10_16_1_1_inst/reg_o_valid_reg/C
                               multiple_c_matrix_vec_mult_and_sum_18_10_16_1_1_42_inst/sum_complex_vector_unit_18_18_16_42_inst_0/sum_imag_13_reg[2]/CE
                                                              4.115         
multiple_c_matrix_vec_mult_and_sum_18_10_16_1_1_42_inst/c_matrix_vec_mult_core_18_10_16_1_1_inst/reg_o_valid_reg/C
                               multiple_c_matrix_vec_mult_and_sum_18_10_16_1_1_42_inst/sum_complex_vector_unit_18_18_16_42_inst_0/sum_imag_13_reg[3]/CE
                                                              4.115         
multiple_c_matrix_vec_mult_and_sum_18_10_16_1_1_42_inst/c_matrix_vec_mult_core_18_10_16_1_1_inst/reg_o_valid_reg/C
                               multiple_c_matrix_vec_mult_and_sum_18_10_16_1_1_42_inst/sum_complex_vector_unit_18_18_16_42_inst_0/sum_imag_13_reg[4]/CE
                                                              4.126         
multiple_c_matrix_vec_mult_and_sum_18_10_16_1_1_42_inst/c_matrix_vec_mult_core_18_10_16_1_1_inst/reg_o_valid_reg/C
                               multiple_c_matrix_vec_mult_and_sum_18_10_16_1_1_42_inst/sum_complex_vector_unit_18_18_16_42_inst_0/sum_imag_13_reg[5]/CE
                                                              4.126         
multiple_c_matrix_vec_mult_and_sum_18_10_16_1_1_42_inst/c_matrix_vec_mult_core_18_10_16_1_1_inst/reg_o_valid_reg/C
                               multiple_c_matrix_vec_mult_and_sum_18_10_16_1_1_42_inst/sum_complex_vector_unit_18_18_16_42_inst_0/sum_imag_13_reg[6]/CE
                                                              4.126         
multiple_c_matrix_vec_mult_and_sum_18_10_16_1_1_42_inst/c_matrix_vec_mult_core_18_10_16_1_1_inst/reg_o_valid_reg/C
                               multiple_c_matrix_vec_mult_and_sum_18_10_16_1_1_42_inst/sum_complex_vector_unit_18_18_16_42_inst_0/sum_imag_13_reg[7]/CE
                                                              4.126         
multiple_c_matrix_vec_mult_and_sum_18_10_16_1_1_42_inst/c_matrix_vec_mult_core_18_10_16_1_1_inst/shift_register_group_18_910_inst_0_real/shift_register_unit_18_10_inst_0/shift_registers_8_reg_r_rep/C
                               multiple_c_matrix_vec_mult_and_sum_18_10_16_1_1_42_inst/c_matrix_vec_mult_core_18_10_16_1_1_inst/elementwise_mult_core_18_1810_9_1_inst_0_imag_real/dsp_signed_mult_18x18_unit_18_18_1_inst4/reg_resb_reg/B[4]
                                                              4.144         
multiple_c_matrix_vec_mult_and_sum_18_10_16_1_1_42_inst/c_matrix_vec_mult_core_18_10_16_1_1_inst/reg_o_valid_reg/C
                               multiple_c_matrix_vec_mult_and_sum_18_10_16_1_1_42_inst/sum_complex_vector_unit_18_18_16_42_inst_0/sum_real_3_reg[4]/CE
                                                              4.152         
multiple_c_matrix_vec_mult_and_sum_18_10_16_1_1_42_inst/c_matrix_vec_mult_core_18_10_16_1_1_inst/reg_o_valid_reg/C
                               multiple_c_matrix_vec_mult_and_sum_18_10_16_1_1_42_inst/sum_complex_vector_unit_18_18_16_42_inst_0/sum_real_3_reg[5]/CE
                                                              4.152         
multiple_c_matrix_vec_mult_and_sum_18_10_16_1_1_42_inst/c_matrix_vec_mult_core_18_10_16_1_1_inst/reg_o_valid_reg/C
                               multiple_c_matrix_vec_mult_and_sum_18_10_16_1_1_42_inst/sum_complex_vector_unit_18_18_16_42_inst_0/sum_real_3_reg[6]/CE
                                                              4.152         
multiple_c_matrix_vec_mult_and_sum_18_10_16_1_1_42_inst/c_matrix_vec_mult_core_18_10_16_1_1_inst/reg_o_valid_reg/C
                               multiple_c_matrix_vec_mult_and_sum_18_10_16_1_1_42_inst/sum_complex_vector_unit_18_18_16_42_inst_0/sum_real_3_reg[7]/CE
                                                              4.152         
multiple_c_matrix_vec_mult_and_sum_18_10_16_1_1_42_inst/c_matrix_vec_mult_core_18_10_16_1_1_inst/reg_o_valid_reg/C
                               multiple_c_matrix_vec_mult_and_sum_18_10_16_1_1_42_inst/sum_complex_vector_unit_18_18_16_42_inst_0/sum_real_13_reg[4]/CE
                                                              4.157         
multiple_c_matrix_vec_mult_and_sum_18_10_16_1_1_42_inst/c_matrix_vec_mult_core_18_10_16_1_1_inst/reg_o_valid_reg/C
                               multiple_c_matrix_vec_mult_and_sum_18_10_16_1_1_42_inst/sum_complex_vector_unit_18_18_16_42_inst_0/sum_real_13_reg[5]/CE
                                                              4.157         
multiple_c_matrix_vec_mult_and_sum_18_10_16_1_1_42_inst/c_matrix_vec_mult_core_18_10_16_1_1_inst/reg_o_valid_reg/C
                               multiple_c_matrix_vec_mult_and_sum_18_10_16_1_1_42_inst/sum_complex_vector_unit_18_18_16_42_inst_0/sum_real_13_reg[6]/CE
                                                              4.157         
multiple_c_matrix_vec_mult_and_sum_18_10_16_1_1_42_inst/c_matrix_vec_mult_core_18_10_16_1_1_inst/reg_o_valid_reg/C
                               multiple_c_matrix_vec_mult_and_sum_18_10_16_1_1_42_inst/sum_complex_vector_unit_18_18_16_42_inst_0/sum_real_13_reg[7]/CE
                                                              4.157         
multiple_c_matrix_vec_mult_and_sum_18_10_16_1_1_42_inst/c_matrix_vec_mult_core_18_10_16_1_1_inst/reg_o_valid_reg/C
                               multiple_c_matrix_vec_mult_and_sum_18_10_16_1_1_42_inst/sum_complex_vector_unit_18_18_16_42_inst_0/sum_real_13_reg[10]/CE
                                                              4.166         
multiple_c_matrix_vec_mult_and_sum_18_10_16_1_1_42_inst/c_matrix_vec_mult_core_18_10_16_1_1_inst/reg_o_valid_reg/C
                               multiple_c_matrix_vec_mult_and_sum_18_10_16_1_1_42_inst/sum_complex_vector_unit_18_18_16_42_inst_0/sum_real_13_reg[11]/CE
                                                              4.166         
multiple_c_matrix_vec_mult_and_sum_18_10_16_1_1_42_inst/c_matrix_vec_mult_core_18_10_16_1_1_inst/reg_o_valid_reg/C
                               multiple_c_matrix_vec_mult_and_sum_18_10_16_1_1_42_inst/sum_complex_vector_unit_18_18_16_42_inst_0/sum_real_13_reg[8]/CE
                                                              4.166         
multiple_c_matrix_vec_mult_and_sum_18_10_16_1_1_42_inst/c_matrix_vec_mult_core_18_10_16_1_1_inst/reg_o_valid_reg/C
                               multiple_c_matrix_vec_mult_and_sum_18_10_16_1_1_42_inst/sum_complex_vector_unit_18_18_16_42_inst_0/sum_real_13_reg[9]/CE
                                                              4.166         
multiple_c_matrix_vec_mult_and_sum_18_10_16_1_1_42_inst/c_matrix_vec_mult_core_18_10_16_1_1_inst/shift_register_group_18_910_inst_0_real/shift_register_unit_18_10_inst_0/shift_registers_8_reg_r_rep/C
                               multiple_c_matrix_vec_mult_and_sum_18_10_16_1_1_42_inst/c_matrix_vec_mult_core_18_10_16_1_1_inst/elementwise_mult_core_18_1810_9_1_inst_0_imag_real/dsp_signed_mult_18x18_unit_18_18_1_inst4/reg_resb_reg/B[1]
                                                              4.169         
multiple_c_matrix_vec_mult_and_sum_18_10_16_1_1_42_inst/c_matrix_vec_mult_core_18_10_16_1_1_inst/shift_register_group_18_910_inst_0_real/shift_register_unit_18_10_inst_0/shift_registers_8_reg_r_rep/C
                               multiple_c_matrix_vec_mult_and_sum_18_10_16_1_1_42_inst/c_matrix_vec_mult_core_18_10_16_1_1_inst/elementwise_mult_core_18_1810_9_1_inst_0_real_real/dsp_signed_mult_18x18_unit_18_18_1_inst4/reg_resb_reg/A[15]
                                                              4.171         
multiple_c_matrix_vec_mult_and_sum_18_10_16_1_1_42_inst/c_matrix_vec_mult_core_18_10_16_1_1_inst/reg_o_valid_reg/C
                               multiple_c_matrix_vec_mult_and_sum_18_10_16_1_1_42_inst/sum_complex_vector_unit_18_18_16_42_inst_0/sum_real_5_reg[10]/CE
                                                              4.173         
multiple_c_matrix_vec_mult_and_sum_18_10_16_1_1_42_inst/c_matrix_vec_mult_core_18_10_16_1_1_inst/reg_o_valid_reg/C
                               multiple_c_matrix_vec_mult_and_sum_18_10_16_1_1_42_inst/sum_complex_vector_unit_18_18_16_42_inst_0/sum_real_5_reg[11]/CE
                                                              4.173         
multiple_c_matrix_vec_mult_and_sum_18_10_16_1_1_42_inst/c_matrix_vec_mult_core_18_10_16_1_1_inst/reg_o_valid_reg/C
                               multiple_c_matrix_vec_mult_and_sum_18_10_16_1_1_42_inst/sum_complex_vector_unit_18_18_16_42_inst_0/sum_real_5_reg[8]/CE
                                                              4.173         
multiple_c_matrix_vec_mult_and_sum_18_10_16_1_1_42_inst/c_matrix_vec_mult_core_18_10_16_1_1_inst/reg_o_valid_reg/C
                               multiple_c_matrix_vec_mult_and_sum_18_10_16_1_1_42_inst/sum_complex_vector_unit_18_18_16_42_inst_0/sum_real_5_reg[9]/CE
                                                              4.173         
multiple_c_matrix_vec_mult_and_sum_18_10_16_1_1_42_inst/c_matrix_vec_mult_core_18_10_16_1_1_inst/shift_register_group_18_910_inst_0_real/shift_register_unit_18_10_inst_0/shift_registers_8_reg_r_rep/C
                               multiple_c_matrix_vec_mult_and_sum_18_10_16_1_1_42_inst/c_matrix_vec_mult_core_18_10_16_1_1_inst/elementwise_mult_core_18_1810_9_1_inst_0_imag_real/dsp_signed_mult_18x18_unit_18_18_1_inst4/reg_resb_reg/B[2]
                                                              4.175         
multiple_c_matrix_vec_mult_and_sum_18_10_16_1_1_42_inst/c_matrix_vec_mult_core_18_10_16_1_1_inst/shift_register_group_18_910_inst_0_real/shift_register_unit_18_10_inst_0/shift_registers_8_reg_r_rep/C
                               multiple_c_matrix_vec_mult_and_sum_18_10_16_1_1_42_inst/c_matrix_vec_mult_core_18_10_16_1_1_inst/elementwise_mult_core_18_1810_9_1_inst_0_imag_real/dsp_signed_mult_18x18_unit_18_18_1_inst4/reg_resb_reg/B[7]
                                                              4.195         
multiple_c_matrix_vec_mult_and_sum_18_10_16_1_1_42_inst/c_matrix_vec_mult_core_18_10_16_1_1_inst/reg_o_valid_reg/C
                               multiple_c_matrix_vec_mult_and_sum_18_10_16_1_1_42_inst/sum_complex_vector_unit_18_18_16_42_inst_0/sum_imag_1_reg[10]/CE
                                                              4.209         
multiple_c_matrix_vec_mult_and_sum_18_10_16_1_1_42_inst/c_matrix_vec_mult_core_18_10_16_1_1_inst/reg_o_valid_reg/C
                               multiple_c_matrix_vec_mult_and_sum_18_10_16_1_1_42_inst/sum_complex_vector_unit_18_18_16_42_inst_0/sum_imag_1_reg[11]/CE
                                                              4.209         
multiple_c_matrix_vec_mult_and_sum_18_10_16_1_1_42_inst/c_matrix_vec_mult_core_18_10_16_1_1_inst/reg_o_valid_reg/C
                               multiple_c_matrix_vec_mult_and_sum_18_10_16_1_1_42_inst/sum_complex_vector_unit_18_18_16_42_inst_0/sum_imag_1_reg[8]/CE
                                                              4.209         
multiple_c_matrix_vec_mult_and_sum_18_10_16_1_1_42_inst/c_matrix_vec_mult_core_18_10_16_1_1_inst/reg_o_valid_reg/C
                               multiple_c_matrix_vec_mult_and_sum_18_10_16_1_1_42_inst/sum_complex_vector_unit_18_18_16_42_inst_0/sum_imag_1_reg[9]/CE
                                                              4.209         
multiple_c_matrix_vec_mult_and_sum_18_10_16_1_1_42_inst/c_matrix_vec_mult_core_18_10_16_1_1_inst/shift_register_group_18_910_inst_0_real/shift_register_unit_18_10_inst_0/shift_registers_8_reg_r/C
                               multiple_c_matrix_vec_mult_and_sum_18_10_16_1_1_42_inst/c_matrix_vec_mult_core_18_10_16_1_1_inst/elementwise_mult_core_18_1810_9_1_inst_0_real_imag/dsp_signed_mult_18x18_unit_18_18_1_inst6/reg_resb_reg/A[1]
                                                              4.210         
multiple_c_matrix_vec_mult_and_sum_18_10_16_1_1_42_inst/c_matrix_vec_mult_core_18_10_16_1_1_inst/shift_register_group_18_910_inst_0_real/shift_register_unit_18_10_inst_0/shift_registers_8_reg_r_rep/C
                               multiple_c_matrix_vec_mult_and_sum_18_10_16_1_1_42_inst/c_matrix_vec_mult_core_18_10_16_1_1_inst/elementwise_mult_core_18_1810_9_1_inst_0_real_real/dsp_signed_mult_18x18_unit_18_18_1_inst4/reg_resb_reg/A[6]
                                                              4.211         
multiple_c_matrix_vec_mult_and_sum_18_10_16_1_1_42_inst/c_matrix_vec_mult_core_18_10_16_1_1_inst/reg_o_valid_reg/C
                               multiple_c_matrix_vec_mult_and_sum_18_10_16_1_1_42_inst/sum_complex_vector_unit_18_18_16_42_inst_0/sum_real_11_reg[0]/CE
                                                              4.214         
multiple_c_matrix_vec_mult_and_sum_18_10_16_1_1_42_inst/c_matrix_vec_mult_core_18_10_16_1_1_inst/reg_o_valid_reg/C
                               multiple_c_matrix_vec_mult_and_sum_18_10_16_1_1_42_inst/sum_complex_vector_unit_18_18_16_42_inst_0/sum_real_11_reg[1]/CE
                                                              4.214         
multiple_c_matrix_vec_mult_and_sum_18_10_16_1_1_42_inst/c_matrix_vec_mult_core_18_10_16_1_1_inst/reg_o_valid_reg/C
                               multiple_c_matrix_vec_mult_and_sum_18_10_16_1_1_42_inst/sum_complex_vector_unit_18_18_16_42_inst_0/sum_real_11_reg[2]/CE
                                                              4.214         
multiple_c_matrix_vec_mult_and_sum_18_10_16_1_1_42_inst/c_matrix_vec_mult_core_18_10_16_1_1_inst/reg_o_valid_reg/C
                               multiple_c_matrix_vec_mult_and_sum_18_10_16_1_1_42_inst/sum_complex_vector_unit_18_18_16_42_inst_0/sum_real_11_reg[3]/CE
                                                              4.214         
multiple_c_matrix_vec_mult_and_sum_18_10_16_1_1_42_inst/c_matrix_vec_mult_core_18_10_16_1_1_inst/reg_o_valid_reg/C
                               multiple_c_matrix_vec_mult_and_sum_18_10_16_1_1_42_inst/sum_complex_vector_unit_18_18_16_42_inst_0/sum_imag_13_reg[10]/CE
                                                              4.221         
multiple_c_matrix_vec_mult_and_sum_18_10_16_1_1_42_inst/c_matrix_vec_mult_core_18_10_16_1_1_inst/reg_o_valid_reg/C
                               multiple_c_matrix_vec_mult_and_sum_18_10_16_1_1_42_inst/sum_complex_vector_unit_18_18_16_42_inst_0/sum_imag_13_reg[11]/CE
                                                              4.221         
multiple_c_matrix_vec_mult_and_sum_18_10_16_1_1_42_inst/c_matrix_vec_mult_core_18_10_16_1_1_inst/reg_o_valid_reg/C
                               multiple_c_matrix_vec_mult_and_sum_18_10_16_1_1_42_inst/sum_complex_vector_unit_18_18_16_42_inst_0/sum_imag_13_reg[8]/CE
                                                              4.221         
multiple_c_matrix_vec_mult_and_sum_18_10_16_1_1_42_inst/c_matrix_vec_mult_core_18_10_16_1_1_inst/reg_o_valid_reg/C
                               multiple_c_matrix_vec_mult_and_sum_18_10_16_1_1_42_inst/sum_complex_vector_unit_18_18_16_42_inst_0/sum_imag_13_reg[9]/CE
                                                              4.221         
multiple_c_matrix_vec_mult_and_sum_18_10_16_1_1_42_inst/c_matrix_vec_mult_core_18_10_16_1_1_inst/reg_o_valid_reg/C
                               multiple_c_matrix_vec_mult_and_sum_18_10_16_1_1_42_inst/sum_complex_vector_unit_18_18_16_42_inst_0/sum_real_5_reg[4]/CE
                                                              4.225         
multiple_c_matrix_vec_mult_and_sum_18_10_16_1_1_42_inst/c_matrix_vec_mult_core_18_10_16_1_1_inst/reg_o_valid_reg/C
                               multiple_c_matrix_vec_mult_and_sum_18_10_16_1_1_42_inst/sum_complex_vector_unit_18_18_16_42_inst_0/sum_real_5_reg[5]/CE
                                                              4.225         
multiple_c_matrix_vec_mult_and_sum_18_10_16_1_1_42_inst/c_matrix_vec_mult_core_18_10_16_1_1_inst/reg_o_valid_reg/C
                               multiple_c_matrix_vec_mult_and_sum_18_10_16_1_1_42_inst/sum_complex_vector_unit_18_18_16_42_inst_0/sum_real_5_reg[6]/CE
                                                              4.225         
multiple_c_matrix_vec_mult_and_sum_18_10_16_1_1_42_inst/c_matrix_vec_mult_core_18_10_16_1_1_inst/reg_o_valid_reg/C
                               multiple_c_matrix_vec_mult_and_sum_18_10_16_1_1_42_inst/sum_complex_vector_unit_18_18_16_42_inst_0/sum_real_5_reg[7]/CE
                                                              4.225         
multiple_c_matrix_vec_mult_and_sum_18_10_16_1_1_42_inst/c_matrix_vec_mult_core_18_10_16_1_1_inst/shift_register_group_18_910_inst_0_real/shift_register_unit_18_10_inst_0/shift_registers_8_reg_r_rep/C
                               multiple_c_matrix_vec_mult_and_sum_18_10_16_1_1_42_inst/c_matrix_vec_mult_core_18_10_16_1_1_inst/elementwise_mult_core_18_1810_9_1_inst_0_real_real/dsp_signed_mult_18x18_unit_18_18_1_inst4/reg_resb_reg/A[9]
                                                              4.229         
multiple_c_matrix_vec_mult_and_sum_18_10_16_1_1_42_inst/c_matrix_vec_mult_core_18_10_16_1_1_inst/shift_register_group_18_910_inst_0_real/shift_register_unit_18_10_inst_0/shift_registers_8_reg_r_rep/C
                               multiple_c_matrix_vec_mult_and_sum_18_10_16_1_1_42_inst/c_matrix_vec_mult_core_18_10_16_1_1_inst/elementwise_mult_core_18_1810_9_1_inst_0_imag_real/dsp_signed_mult_18x18_unit_18_18_1_inst4/reg_resb_reg/B[0]
                                                              4.239         
multiple_c_matrix_vec_mult_and_sum_18_10_16_1_1_42_inst/c_matrix_vec_mult_core_18_10_16_1_1_inst/shift_register_group_18_910_inst_0_real/shift_register_unit_18_10_inst_0/shift_registers_8_reg_r_rep/C
                               multiple_c_matrix_vec_mult_and_sum_18_10_16_1_1_42_inst/c_matrix_vec_mult_core_18_10_16_1_1_inst/elementwise_mult_core_18_1810_9_1_inst_0_imag_real/dsp_signed_mult_18x18_unit_18_18_1_inst4/reg_resb_reg/B[5]
                                                              4.248         
multiple_c_matrix_vec_mult_and_sum_18_10_16_1_1_42_inst/c_matrix_vec_mult_core_18_10_16_1_1_inst/shift_register_group_18_910_inst_0_real/shift_register_unit_18_10_inst_0/shift_registers_8_reg_r_rep/C
                               multiple_c_matrix_vec_mult_and_sum_18_10_16_1_1_42_inst/c_matrix_vec_mult_core_18_10_16_1_1_inst/elementwise_mult_core_18_1810_9_1_inst_0_imag_real/dsp_signed_mult_18x18_unit_18_18_1_inst4/reg_resb_reg/B[14]
                                                              4.249         
multiple_c_matrix_vec_mult_and_sum_18_10_16_1_1_42_inst/c_matrix_vec_mult_core_18_10_16_1_1_inst/reg_o_valid_reg/C
                               multiple_c_matrix_vec_mult_and_sum_18_10_16_1_1_42_inst/sum_complex_vector_unit_18_18_16_42_inst_0/sum_imag_13_reg[16]/CE
                                                              4.250         
multiple_c_matrix_vec_mult_and_sum_18_10_16_1_1_42_inst/c_matrix_vec_mult_core_18_10_16_1_1_inst/reg_o_valid_reg/C
                               multiple_c_matrix_vec_mult_and_sum_18_10_16_1_1_42_inst/sum_complex_vector_unit_18_18_16_42_inst_0/sum_imag_13_reg[17]/CE
                                                              4.250         
multiple_c_matrix_vec_mult_and_sum_18_10_16_1_1_42_inst/c_matrix_vec_mult_core_18_10_16_1_1_inst/shift_register_group_18_910_inst_0_real/shift_register_unit_18_10_inst_0/shift_registers_8_reg_r_rep/C
                               multiple_c_matrix_vec_mult_and_sum_18_10_16_1_1_42_inst/c_matrix_vec_mult_core_18_10_16_1_1_inst/shift_register_group_18_910_inst_0_real/shift_register_unit_18_10_inst_5/shift_registers_9_reg[16]/D
                                                              4.254         
multiple_c_matrix_vec_mult_and_sum_18_10_16_1_1_42_inst/c_matrix_vec_mult_core_18_10_16_1_1_inst/shift_register_group_18_910_inst_0_real/shift_register_unit_18_10_inst_0/shift_registers_8_reg_r_rep/C
                               multiple_c_matrix_vec_mult_and_sum_18_10_16_1_1_42_inst/c_matrix_vec_mult_core_18_10_16_1_1_inst/shift_register_group_18_910_inst_0_real/shift_register_unit_18_10_inst_5/shift_registers_9_reg[11]/D
                                                              4.259         



