Copyright 1986-2018 Xilinx, Inc. All Rights Reserved.
------------------------------------------------------------------------------------------------------------------------------------------------------------------------------------------------------------
| Tool Version : Vivado v.2018.3 (lin64) Build 2405991 Thu Dec  6 23:36:41 MST 2018
| Date         : Wed Jan 12 21:31:24 2022
| Host         : koopa.ece.utexas.edu running 64-bit CentOS Linux release 7.9.2009 (Core)
| Command      : report_timing -sort_by group -max_paths 100 -path_type summary -file /misc/scratch/zwei1/reports_Jan12/raw_designs/opencores/arithmetic/vedic8x8_submodules/vedic4x4/post_route_timing.rpt
| Design       : vedic4x4
| Device       : 7z020-clg484
| Speed File   : -3  PRODUCTION 1.11 2014-09-11
------------------------------------------------------------------------------------------------------------------------------------------------------------------------------------------------------------

Timing Report

Startpoint                     Endpoint                       Slack(ns)     
----------------------------------------------------------------------------
b[1]                           prod[7]                        inf           
b[1]                           prod[5]                        inf           
a[0]                           prod[6]                        inf           
a[0]                           prod[4]                        inf           
a[0]                           prod[3]                        inf           
b[0]                           prod[0]                        inf           
a[0]                           prod[1]                        inf           
a[2]                           prod[2]                        inf           



