Copyright 1986-2018 Xilinx, Inc. All Rights Reserved.
-------------------------------------------------------------------------------------------------------------------------------------------------------------------------------------------------------------
| Tool Version     : Vivado v.2018.3 (lin64) Build 2405991 Thu Dec  6 23:36:41 MST 2018
| Date             : Wed Jan 12 00:35:14 2022
| Host             : koopa.ece.utexas.edu running 64-bit CentOS Linux release 7.9.2009 (Core)
| Command          : report_power -file /misc/scratch/zwei1/reports_Jan12/raw_designs/vtr_designs/verilog/koios/clstm_like.small_submodules/C_LSTM_stage_3_18_10_64_2048_1_16_1/post_route_power.rpt
| Design           : C_LSTM_stage_3_18_10_64_2048_1_16_1
| Device           : xc7z020clg484-3
| Design State     : routed
| Grade            : extended
| Process          : typical
| Characterization : Production
-------------------------------------------------------------------------------------------------------------------------------------------------------------------------------------------------------------

Power Report

Table of Contents
-----------------
1. Summary
1.1 On-Chip Components
1.2 Power Supply Summary
1.3 Confidence Level
2. Settings
2.1 Environment
2.2 Clock Constraints
3. Detailed Reports
3.1 By Hierarchy

1. Summary
----------

+--------------------------+--------------+
| Total On-Chip Power (mW) | 247.257      |
| Design Power Budget (mW) | Unspecified* |
| Power Budget Margin (mW) | NA           |
| Dynamic (mW)             | 142.579      |
| Device Static (mW)       | 104.678      |
| Effective TJA (C/W)      | 11.5         |
| Max Ambient (C)          | 97.1         |
| Junction Temperature (C) | 27.9         |
| Confidence Level         | Medium       |
| Setting File             | ---          |
| Simulation Activity File | ---          |
| Design Nets Matched      | NA           |
+--------------------------+--------------+
* Specify Design Power Budget using, set_operating_conditions -design_power_budget <value in Watts>


1.1 On-Chip Components
----------------------

+-------------------------+------------+----------+-----------+-----------------+
| On-Chip                 | Power (mW) | Used     | Available | Utilization (%) |
+-------------------------+------------+----------+-----------+-----------------+
| Clocks                  |    54.222  |        3 |       --- |             --- |
| Slice Logic             |    22.434  |    13842 |       --- |             --- |
|   LUT as Logic          |    13.331  |     3197 |     53200 |            6.01 |
|   CARRY4                |     3.750  |      959 |     13300 |            7.21 |
|   Register              |     3.409  |     8783 |    106400 |            8.25 |
|   LUT as Shift Register |     1.944  |      149 |     17400 |            0.86 |
|   Others                |     0.000  |      356 |       --- |             --- |
| Signals                 |    36.873  |    10865 |       --- |             --- |
| DSPs                    |    29.051  |       58 |       220 |           26.36 |
| Static Power            |   104.678  |          |           |                 |
| Total                   |   247.257  |          |           |                 |
+-------------------------+------------+----------+-----------+-----------------+


1.2 Power Supply Summary
------------------------

+-----------+-------------+-----------+-------------+------------+
| Source    | Voltage (V) | Total (A) | Dynamic (A) | Static (A) |
+-----------+-------------+-----------+-------------+------------+
| Vccint    |       1.000 |     0.150 |       0.143 |      0.008 |
| Vccaux    |       1.800 |     0.011 |       0.000 |      0.011 |
| Vcco33    |       3.300 |     0.000 |       0.000 |      0.000 |
| Vcco25    |       2.500 |     0.000 |       0.000 |      0.000 |
| Vcco18    |       1.800 |     0.000 |       0.000 |      0.000 |
| Vcco15    |       1.500 |     0.000 |       0.000 |      0.000 |
| Vcco135   |       1.350 |     0.000 |       0.000 |      0.000 |
| Vcco12    |       1.200 |     0.000 |       0.000 |      0.000 |
| Vccaux_io |       1.800 |     0.000 |       0.000 |      0.000 |
| Vccbram   |       1.000 |     0.000 |       0.000 |      0.000 |
| MGTAVcc   |       1.000 |     0.000 |       0.000 |      0.000 |
| MGTAVtt   |       1.200 |     0.000 |       0.000 |      0.000 |
| MGTVccaux |       1.800 |     0.000 |       0.000 |      0.000 |
| Vccpint   |       1.000 |     0.017 |       0.000 |      0.017 |
| Vccpaux   |       1.800 |     0.010 |       0.000 |      0.010 |
| Vccpll    |       1.800 |     0.003 |       0.000 |      0.003 |
| Vcco_ddr  |       1.500 |     0.000 |       0.000 |      0.000 |
| Vcco_mio0 |       1.800 |     0.000 |       0.000 |      0.000 |
| Vcco_mio1 |       1.800 |     0.000 |       0.000 |      0.000 |
| Vccadc    |       1.800 |     0.020 |       0.000 |      0.020 |
+-----------+-------------+-----------+-------------+------------+


1.3 Confidence Level
--------------------

+-----------------------------+------------+------------------------------------------------+------------------------------------------------------------------------------------------------------------+
| User Input Data             | Confidence | Details                                        | Action                                                                                                     |
+-----------------------------+------------+------------------------------------------------+------------------------------------------------------------------------------------------------------------+
| Design implementation state | High       | Design is routed                               |                                                                                                            |
| Clock nodes activity        | High       | User specified more than 95% of clocks         |                                                                                                            |
| I/O nodes activity          | High       | User specified more than 95% of inputs         |                                                                                                            |
| Internal nodes activity     | Medium     | User specified less than 25% of internal nodes | Provide missing internal nodes activity with simulation results or by editing the "By Resource Type" views |
| Device models               | High       | Device models are Production                   |                                                                                                            |
|                             |            |                                                |                                                                                                            |
| Overall confidence level    | Medium     |                                                |                                                                                                            |
+-----------------------------+------------+------------------------------------------------+------------------------------------------------------------------------------------------------------------+


2. Settings
-----------

2.1 Environment
---------------

+-----------------------+------------------------+
| Ambient Temp (C)      | 25.0                   |
| ThetaJA (C/W)         | 11.5                   |
| Airflow (LFM)         | 250                    |
| Heat Sink             | none                   |
| ThetaSA (C/W)         | 0.0                    |
| Board Selection       | medium (10"x10")       |
| # of Board Layers     | 8to11 (8 to 11 Layers) |
| Board Temperature (C) | 25.0                   |
+-----------------------+------------------------+


2.2 Clock Constraints
---------------------

+-------+--------+-----------------+
| Clock | Domain | Constraint (ns) |
+-------+--------+-----------------+
| clk   | clk    |            10.0 |
+-------+--------+-----------------+


3. Detailed Reports
-------------------

3.1 By Hierarchy
----------------

+-----------------------------------------------------------+------------+
| Name                                                      | Power (mW) |
+-----------------------------------------------------------+------------+
| C_LSTM_stage_3_18_10_64_2048_1_16_1                       |   142.579  |
|   multiple_c_matrix_vec_mult_and_sum_18_10_16_1_1_64_inst |   136.001  |
|     c_matrix_vec_mult_core_18_10_16_1_1_inst              |    73.093  |
|       dft_16_top_18_inst                                  |    50.409  |
|       elementwise_add_core_18_18_9_inst_0                 |     2.250  |
|       elementwise_mult_core_18_1810_9_1_inst_0_imag_imag  |     2.521  |
|       elementwise_mult_core_18_1810_9_1_inst_0_imag_real  |     2.475  |
|       elementwise_mult_core_18_1810_9_1_inst_0_real_imag  |     2.467  |
|       elementwise_mult_core_18_1810_9_1_inst_0_real_real  |     3.172  |
|       elementwise_sub_core_18_18_9_inst_0                 |     2.694  |
|     idft_16_top_18_inst_0                                 |    53.308  |
|       codeBlock98050_18_inst                              |    39.477  |
|       codeBlock99168_18_inst                              |    13.831  |
|     shift_register_group_18_16_1_inst_imag_0              |     1.957  |
|       shift_register_unit_18_1_inst_1                     |     0.137  |
|       shift_register_unit_18_1_inst_10                    |     0.147  |
|       shift_register_unit_18_1_inst_11                    |     0.140  |
|       shift_register_unit_18_1_inst_12                    |     0.138  |
|       shift_register_unit_18_1_inst_13                    |     0.142  |
|       shift_register_unit_18_1_inst_14                    |     0.137  |
|       shift_register_unit_18_1_inst_15                    |     0.138  |
|       shift_register_unit_18_1_inst_2                     |     0.139  |
|       shift_register_unit_18_1_inst_3                     |     0.140  |
|       shift_register_unit_18_1_inst_4                     |     0.138  |
|       shift_register_unit_18_1_inst_5                     |     0.137  |
|       shift_register_unit_18_1_inst_6                     |     0.143  |
|       shift_register_unit_18_1_inst_7                     |     0.137  |
|       shift_register_unit_18_1_inst_9                     |     0.142  |
|     shift_register_group_18_16_1_inst_real_0              |     2.216  |
|       shift_register_unit_18_1_inst_0                     |     0.140  |
|       shift_register_unit_18_1_inst_1                     |     0.137  |
|       shift_register_unit_18_1_inst_10                    |     0.137  |
|       shift_register_unit_18_1_inst_11                    |     0.137  |
|       shift_register_unit_18_1_inst_12                    |     0.137  |
|       shift_register_unit_18_1_inst_13                    |     0.140  |
|       shift_register_unit_18_1_inst_14                    |     0.141  |
|       shift_register_unit_18_1_inst_15                    |     0.140  |
|       shift_register_unit_18_1_inst_2                     |     0.137  |
|       shift_register_unit_18_1_inst_3                     |     0.141  |
|       shift_register_unit_18_1_inst_4                     |     0.141  |
|       shift_register_unit_18_1_inst_5                     |     0.138  |
|       shift_register_unit_18_1_inst_6                     |     0.135  |
|       shift_register_unit_18_1_inst_7                     |     0.138  |
|       shift_register_unit_18_1_inst_8                     |     0.140  |
|       shift_register_unit_18_1_inst_9                     |     0.139  |
|     sum_complex_vector_unit_18_18_16_64_inst_0            |     4.623  |
|   shift_register_group_18_16_3_mt_holder                  |     6.480  |
|     shift_register_unit_18_3_inst_0                       |     0.383  |
|     shift_register_unit_18_3_inst_1                       |     0.404  |
|     shift_register_unit_18_3_inst_10                      |     0.406  |
|     shift_register_unit_18_3_inst_11                      |     0.407  |
|     shift_register_unit_18_3_inst_12                      |     0.408  |
|     shift_register_unit_18_3_inst_13                      |     0.402  |
|     shift_register_unit_18_3_inst_14                      |     0.410  |
|     shift_register_unit_18_3_inst_15                      |     0.411  |
|     shift_register_unit_18_3_inst_2                       |     0.407  |
|     shift_register_unit_18_3_inst_3                       |     0.407  |
|     shift_register_unit_18_3_inst_4                       |     0.412  |
|     shift_register_unit_18_3_inst_5                       |     0.409  |
|     shift_register_unit_18_3_inst_6                       |     0.410  |
|     shift_register_unit_18_3_inst_7                       |     0.410  |
|     shift_register_unit_18_3_inst_8                       |     0.383  |
|     shift_register_unit_18_3_inst_9                       |     0.413  |
|   shift_register_unit_18_3_valid_holder                   |     0.025  |
+-----------------------------------------------------------+------------+


