Copyright 1986-2018 Xilinx, Inc. All Rights Reserved.
---------------------------------------------------------------------------------------------------------------------------------------------------------------------------------------------------------
| Tool Version : Vivado v.2018.3 (lin64) Build 2405991 Thu Dec  6 23:36:41 MST 2018
| Date         : Wed Jan 12 21:42:24 2022
| Host         : koopa.ece.utexas.edu running 64-bit CentOS Linux release 7.9.2009 (Core)
| Command      : report_timing -sort_by group -max_paths 100 -path_type summary -file /misc/scratch/zwei1/reports_Jan12/raw_designs/vtr_designs/verilog/LU32PEEng_submodules/rfifo/post_route_timing.rpt
| Design       : rfifo
| Device       : 7z020-clg484
| Speed File   : -3  PRODUCTION 1.11 2014-09-11
---------------------------------------------------------------------------------------------------------------------------------------------------------------------------------------------------------

Timing Report

Startpoint                     Endpoint                       Slack(ns)     
----------------------------------------------------------------------------
ram_addr/ram_reg_1/CLKARDCLK   q_reg[361]/D                   6.181         
ram_addr/ram_reg_0/CLKARDCLK   q_reg[345]/D                   6.201         
ram_addr/ram_reg_0/CLKARDCLK   q_reg[97]/D                    6.326         
ram_addr/ram_reg_1/CLKARDCLK   q_reg[119]/D                   6.340         
ram_addr/ram_reg_0/CLKARDCLK   q_reg[923]/D                   6.348         
ram_addr/ram_reg_0/CLKARDCLK   q_reg[409]/D                   6.366         
ram_addr/ram_reg_0/CLKARDCLK   q_reg[659]/D                   6.380         
ram_addr/ram_reg_1/CLKARDCLK   q_reg[617]/D                   6.381         
ram_addr/ram_reg_1/CLKARDCLK   q_reg[233]/D                   6.397         
ram_addr/ram_reg_0/CLKARDCLK   q_reg[665]/D                   6.427         
ram_addr/ram_reg_0/CLKARDCLK   q_reg[481]/D                   6.431         
ram_addr/ram_reg_1/CLKARDCLK   q_reg[439]/D                   6.443         
ram_addr/ram_reg_0/CLKARDCLK   q_reg[475]/D                   6.470         
ram_addr/ram_reg_0/CLKARDCLK   q_reg[205]/D                   6.473         
ram_addr/ram_reg_0/CLKARDCLK   q_reg[155]/D                   6.476         
ram_addr/ram_reg_1/CLKARDCLK   q_reg[173]/D                   6.500         
ram_addr/ram_reg_0/CLKARDCLK   q_reg[653]/D                   6.502         
ram_addr/ram_reg_1/CLKARDCLK   q_reg[111]/D                   6.502         
ram_addr/ram_reg_1/CLKARDCLK   q_reg[45]/D                    6.512         
ram_addr/ram_reg_1/CLKARDCLK   q_reg[1001]/D                  6.513         
ram_addr/ram_reg_0/CLKARDCLK   q_reg[281]/D                   6.514         
ram_addr/ram_reg_1/CLKARDCLK   q_reg[695]/D                   6.519         
ram_addr/ram_reg_0/CLKARDCLK   q_reg[219]/D                   6.525         
ram_addr/ram_reg_1/CLKARDCLK   q_reg[55]/D                    6.531         
ram_addr/ram_reg_0/CLKARDCLK   q_reg[865]/D                   6.534         
ram_addr/ram_reg_1/CLKARDCLK   q_reg[248]/D                   6.536         
ram_addr/ram_reg_1/CLKARDCLK   q_reg[938]/D                   6.538         
ram_addr/ram_reg_1/CLKARDCLK   q_reg[247]/D                   6.539         
ram_addr/ram_reg_0/CLKARDCLK   q_reg[347]/D                   6.542         
ram_addr/ram_reg_1/CLKARDCLK   q_reg[311]/D                   6.550         
ram_addr/ram_reg_0/CLKARDCLK   q_reg[587]/D                   6.553         
ram_addr/ram_reg_1/CLKARDCLK   q_reg[951]/D                   6.555         
ram_addr/ram_reg_1/CLKARDCLK   q_reg[999]/D                   6.569         
ram_addr/ram_reg_0/CLKARDCLK   q_reg[857]/D                   6.574         
ram_addr/ram_reg_1/CLKARDCLK   q_reg[167]/D                   6.577         
ram_addr/ram_reg_1/CLKARDCLK   q_reg[47]/D                    6.581         
ram_addr/ram_reg_1/CLKARDCLK   q_reg[504]/D                   6.600         
ram_addr/ram_reg_1/CLKARDCLK   q_reg[56]/D                    6.600         
ram_addr/ram_reg_1/CLKARDCLK   q_reg[679]/D                   6.601         
ram_addr/ram_reg_1/CLKARDCLK   q_reg[429]/D                   6.606         
ram_addr/ram_reg_0/CLKARDCLK   q_reg[867]/D                   6.616         
ram_addr/ram_reg_0/CLKARDCLK   q_reg[473]/D                   6.618         
ram_addr/ram_reg_0/CLKARDCLK   q_reg[147]/D                   6.619         
ram_addr/ram_reg_1/CLKARDCLK   q_reg[297]/D                   6.620         
ram_addr/ram_reg_0/CLKARDCLK   q_reg[456]/D                   6.623         
ram_addr/ram_reg_0/CLKARDCLK   q_reg[985]/D                   6.623         
ram_addr/ram_reg_1/CLKARDCLK   q_reg[363]/D                   6.631         
ram_addr/ram_reg_0/CLKARDCLK   q_reg[217]/D                   6.634         
ram_addr/ram_reg_0/CLKARDCLK   q_reg[608]/D                   6.634         
ram_addr/ram_reg_0/CLKARDCLK   q_reg[335]/D                   6.637         
ram_addr/ram_reg_0/CLKARDCLK   q_reg[800]/D                   6.648         
ram_addr/ram_reg_1/CLKARDCLK   q_reg[631]/D                   6.653         
ram_addr/ram_reg_1/CLKARDCLK   q_reg[183]/D                   6.657         
ram_addr/ram_reg_0/CLKARDCLK   q_reg[601]/D                   6.663         
ram_addr/ram_reg_0/CLKARDCLK   q_reg[353]/D                   6.670         
ram_addr/ram_reg_1/CLKARDCLK   q_reg[503]/D                   6.672         
ram_addr/ram_reg_1/CLKARDCLK   q_reg[682]/D                   6.677         
ram_addr/ram_reg_0/CLKARDCLK   q_reg[463]/D                   6.679         
ram_addr/ram_reg_1/CLKARDCLK   q_reg[688]/D                   6.681         
ram_addr/ram_reg_1/CLKARDCLK   q_reg[958]/D                   6.693         
ram_addr/ram_reg_1/CLKARDCLK   q_reg[883]/D                   6.693         
ram_addr/ram_reg_1/CLKARDCLK   q_reg[687]/D                   6.695         
ram_addr/ram_reg_1/CLKARDCLK   q_reg[495]/D                   6.706         
ram_addr/ram_reg_0/CLKARDCLK   q_reg[25]/D                    6.707         
ram_addr/ram_reg_1/CLKARDCLK   q_reg[169]/D                   6.708         
ram_addr/ram_reg_1/CLKARDCLK   q_reg[299]/D                   6.722         
ram_addr/ram_reg_0/CLKARDCLK   q_reg[269]/D                   6.725         
ram_addr/ram_reg_1/CLKARDCLK   q_reg[427]/D                   6.726         
ram_addr/ram_reg_0/CLKARDCLK   q_reg[712]/D                   6.729         
ram_addr/ram_reg_0/CLKARDCLK   q_reg[581]/D                   6.730         
ram_addr/ram_reg_0/CLKARDCLK   q_reg[397]/D                   6.732         
ram_addr/ram_reg_0/CLKARDCLK   q_reg[267]/D                   6.734         
ram_addr/ram_reg_0/CLKARDCLK   q_reg[973]/D                   6.736         
ram_addr/ram_reg_1/CLKARDCLK   q_reg[366]/D                   6.740         
ram_addr/ram_reg_0/CLKARDCLK   q_reg[529]/D                   6.745         
ram_addr/ram_reg_0/CLKARDCLK   q_reg[779]/D                   6.746         
ram_addr/ram_reg_0/CLKARDCLK   q_reg[864]/D                   6.749         
ram_addr/ram_reg_1/CLKARDCLK   q_reg[618]/D                   6.751         
ram_addr/ram_reg_0/CLKARDCLK   q_reg[795]/D                   6.751         
ram_addr/ram_reg_0/CLKARDCLK   q_reg[847]/D                   6.752         
ram_addr/ram_reg_0/CLKARDCLK   q_reg[337]/D                   6.752         
ram_addr/ram_reg_1/CLKARDCLK   q_reg[296]/D                   6.757         
ram_addr/ram_reg_1/CLKARDCLK   q_reg[746]/D                   6.764         
ram_addr/ram_reg_0/CLKARDCLK   q_reg[333]/D                   6.765         
ram_addr/ram_reg_0/CLKARDCLK   q_reg[133]/D                   6.765         
ram_addr/ram_reg_0/CLKARDCLK   q_reg[729]/D                   6.766         
ram_addr/ram_reg_1/CLKARDCLK   q_reg[1005]/D                  6.769         
ram_addr/ram_reg_1/CLKARDCLK   q_reg[567]/D                   6.771         
ram_addr/ram_reg_0/CLKARDCLK   q_reg[139]/D                   6.771         
ram_addr/ram_reg_0/CLKARDCLK   q_reg[465]/D                   6.773         
ram_addr/ram_reg_0/CLKARDCLK   q_reg[611]/D                   6.774         
ram_addr/ram_reg_1/CLKARDCLK   q_reg[295]/D                   6.776         
ram_addr/ram_reg_1/CLKARDCLK   q_reg[875]/D                   6.777         
ram_addr/ram_reg_0/CLKARDCLK   q_reg[976]/D                   6.781         
ram_addr/ram_reg_0/CLKARDCLK   q_reg[921]/D                   6.781         
ram_addr/ram_reg_0/CLKARDCLK   q_reg[326]/D                   6.782         
ram_addr/ram_reg_0/CLKARDCLK   q_reg[64]/D                    6.784         
ram_addr/ram_reg_0/CLKARDCLK   q_reg[595]/D                   6.786         
ram_addr/ram_reg_1/CLKARDCLK   q_reg[560]/D                   6.787         
ram_addr/ram_reg_0/CLKARDCLK   q_reg[547]/D                   6.788         



