Copyright 1986-2018 Xilinx, Inc. All Rights Reserved.
-------------------------------------------------------------------------------------------------------------------------------------------------------------------------------------------------
| Tool Version : Vivado v.2018.3 (lin64) Build 2405991 Thu Dec  6 23:36:41 MST 2018
| Date         : Thu Jan 13 08:20:34 2022
| Host         : koopa.ece.utexas.edu running 64-bit CentOS Linux release 7.9.2009 (Core)
| Command      : report_timing_summary -file /misc/scratch/zwei1/reports_Jan12/raw_designs/vtr_designs/verilog/koios/tpu_like.medium_submodules/processing_element/post_route_timing_summary.rpt
| Design       : processing_element
| Device       : 7z020-clg484
| Speed File   : -3  PRODUCTION 1.11 2014-09-11
-------------------------------------------------------------------------------------------------------------------------------------------------------------------------------------------------

Timing Summary Report

------------------------------------------------------------------------------------------------
| Timer Settings
| --------------
------------------------------------------------------------------------------------------------

  Enable Multi Corner Analysis               :  Yes
  Enable Pessimism Removal                   :  Yes
  Pessimism Removal Resolution               :  Nearest Common Node
  Enable Input Delay Default Clock           :  No
  Enable Preset / Clear Arcs                 :  No
  Disable Flight Delays                      :  No
  Ignore I/O Paths                           :  No
  Timing Early Launch at Borrowing Latches   :  false

  Corner  Analyze    Analyze    
  Name    Max Paths  Min Paths  
  ------  ---------  ---------  
  Slow    Yes        Yes        
  Fast    Yes        Yes        



check_timing report

Table of Contents
-----------------
1. checking no_clock
2. checking constant_clock
3. checking pulse_width_clock
4. checking unconstrained_internal_endpoints
5. checking no_input_delay
6. checking no_output_delay
7. checking multiple_clock
8. checking generated_clocks
9. checking loops
10. checking partial_input_delay
11. checking partial_output_delay
12. checking latch_loops

1. checking no_clock
--------------------
 There are 0 register/latch pins with no clock.


2. checking constant_clock
--------------------------
 There are 0 register/latch pins with constant_clock.


3. checking pulse_width_clock
-----------------------------
 There are 0 register/latch pins which need pulse_width check


4. checking unconstrained_internal_endpoints
--------------------------------------------
 There are 0 pins that are not constrained for maximum delay.

 There are 0 pins that are not constrained for maximum delay due to constant clock.


5. checking no_input_delay
--------------------------
 There are 17 input ports with no input delay specified. (HIGH)

 There are 0 input ports with no input delay but user has a false path constraint.


6. checking no_output_delay
---------------------------
 There are 24 ports with no output delay specified. (HIGH)

 There are 0 ports with no output delay but user has a false path constraint

 There are 0 ports with no output delay but with a timing clock defined on it or propagating through it


7. checking multiple_clock
--------------------------
 There are 0 register/latch pins with multiple clocks.


8. checking generated_clocks
----------------------------
 There are 0 generated clocks that are not connected to a clock source.


9. checking loops
-----------------
 There are 0 combinational loops in the design.


10. checking partial_input_delay
--------------------------------
 There are 0 input ports with partial input delay specified.


11. checking partial_output_delay
---------------------------------
 There are 0 ports with partial output delay specified.


12. checking latch_loops
------------------------
 There are 0 combinational latch loops in the design through latch input



------------------------------------------------------------------------------------------------
| Design Timing Summary
| ---------------------
------------------------------------------------------------------------------------------------

    WNS(ns)      TNS(ns)  TNS Failing Endpoints  TNS Total Endpoints      WHS(ns)      THS(ns)  THS Failing Endpoints  THS Total Endpoints     WPWS(ns)     TPWS(ns)  TPWS Failing Endpoints  TPWS Total Endpoints  
    -------      -------  ---------------------  -------------------      -------      -------  ---------------------  -------------------     --------     --------  ----------------------  --------------------  
      4.778        0.000                      0                   33        0.206        0.000                      0                   33        4.500        0.000                       0                    64  


All user specified timing constraints are met.


------------------------------------------------------------------------------------------------
| Clock Summary
| -------------
------------------------------------------------------------------------------------------------

Clock  Waveform(ns)       Period(ns)      Frequency(MHz)
-----  ------------       ----------      --------------
clk    {0.000 5.000}      10.000          100.000         


------------------------------------------------------------------------------------------------
| Intra Clock Table
| -----------------
------------------------------------------------------------------------------------------------

Clock             WNS(ns)      TNS(ns)  TNS Failing Endpoints  TNS Total Endpoints      WHS(ns)      THS(ns)  THS Failing Endpoints  THS Total Endpoints     WPWS(ns)     TPWS(ns)  TPWS Failing Endpoints  TPWS Total Endpoints  
-----             -------      -------  ---------------------  -------------------      -------      -------  ---------------------  -------------------     --------     --------  ----------------------  --------------------  
clk                 4.778        0.000                      0                   33        0.206        0.000                      0                   33        4.500        0.000                       0                    64  


------------------------------------------------------------------------------------------------
| Inter Clock Table
| -----------------
------------------------------------------------------------------------------------------------

From Clock    To Clock          WNS(ns)      TNS(ns)  TNS Failing Endpoints  TNS Total Endpoints      WHS(ns)      THS(ns)  THS Failing Endpoints  THS Total Endpoints  
----------    --------          -------      -------  ---------------------  -------------------      -------      -------  ---------------------  -------------------  


------------------------------------------------------------------------------------------------
| Other Path Groups Table
| -----------------------
------------------------------------------------------------------------------------------------

Path Group    From Clock    To Clock          WNS(ns)      TNS(ns)  TNS Failing Endpoints  TNS Total Endpoints      WHS(ns)      THS(ns)  THS Failing Endpoints  THS Total Endpoints  
----------    ----------    --------          -------      -------  ---------------------  -------------------      -------      -------  ---------------------  -------------------  


------------------------------------------------------------------------------------------------
| Timing Details
| --------------
------------------------------------------------------------------------------------------------


---------------------------------------------------------------------------------------------------
From Clock:  clk
  To Clock:  clk

Setup :            0  Failing Endpoints,  Worst Slack        4.778ns,  Total Violation        0.000ns
Hold  :            0  Failing Endpoints,  Worst Slack        0.206ns,  Total Violation        0.000ns
PW    :            0  Failing Endpoints,  Worst Slack        4.500ns,  Total Violation        0.000ns
---------------------------------------------------------------------------------------------------


Max Delay Paths
--------------------------------------------------------------------------------------
Slack (MET) :             4.778ns  (required time - arrival time)
  Source:                 u_mac/a_flopped_reg[2]/C
                            (rising edge-triggered cell FDRE clocked by clk  {rise@0.000ns fall@5.000ns period=10.000ns})
  Destination:            u_mac/mul_out_temp_reg_reg[15]/D
                            (rising edge-triggered cell FDRE clocked by clk  {rise@0.000ns fall@5.000ns period=10.000ns})
  Path Group:             clk
  Path Type:              Setup (Max at Slow Process Corner)
  Requirement:            10.000ns  (clk rise@10.000ns - clk rise@0.000ns)
  Data Path Delay:        5.246ns  (logic 2.163ns (41.235%)  route 3.083ns (58.765%))
  Logic Levels:           7  (CARRY4=3 LUT4=2 LUT6=2)
  Clock Path Skew:        -0.035ns (DCD - SCD + CPR)
    Destination Clock Delay (DCD):    0.669ns = ( 10.669 - 10.000 ) 
    Source Clock Delay      (SCD):    0.704ns
    Clock Pessimism Removal (CPR):    0.000ns
  Clock Uncertainty:      0.035ns  ((TSJ^2 + TIJ^2)^1/2 + DJ) / 2 + PE
    Total System Jitter     (TSJ):    0.071ns
    Total Input Jitter      (TIJ):    0.000ns
    Discrete Jitter          (DJ):    0.000ns
    Phase Error              (PE):    0.000ns

    Location             Delay type                Incr(ns)  Path(ns)    Netlist Resource(s)
  -------------------------------------------------------------------    -------------------
                         (clock clk rise edge)        0.000     0.000 r  
                                                      0.000     0.000 r  clk (IN)
                         net (fo=63, unset)           0.704     0.704    u_mac/clk
    SLICE_X33Y89         FDRE                                         r  u_mac/a_flopped_reg[2]/C
  -------------------------------------------------------------------    -------------------
    SLICE_X33Y89         FDRE (Prop_fdre_C_Q)         0.313     1.017 r  u_mac/a_flopped_reg[2]/Q
                         net (fo=17, routed)          1.317     2.334    u_mac/mult_u1/mul_out_temp_reg_reg[14][2]
    SLICE_X28Y89         LUT6 (Prop_lut6_I1_O)        0.211     2.545 r  u_mac/mult_u1/mul_out_temp_reg[10]_i_21/O
                         net (fo=2, routed)           0.213     2.758    u_mac/mult_u1/mul_out_temp_reg[10]_i_21_n_0
    SLICE_X29Y89         LUT6 (Prop_lut6_I0_O)        0.097     2.855 r  u_mac/mult_u1/mul_out_temp_reg[10]_i_25/O
                         net (fo=1, routed)           0.000     2.855    u_mac/mult_u1/mul_out_temp_reg[10]_i_25_n_0
    SLICE_X29Y89         CARRY4 (Prop_carry4_S[1]_O[3])
                                                      0.477     3.332 r  u_mac/mult_u1/mul_out_temp_reg_reg[10]_i_13/O[3]
                         net (fo=2, routed)           0.409     3.740    u_mac/mult_u1/mul_out_temp_reg_reg[10]_i_13_n_4
    SLICE_X29Y91         LUT4 (Prop_lut4_I2_O)        0.250     3.990 f  u_mac/mult_u1/mul_out_temp_reg[14]_i_13/O
                         net (fo=3, routed)           0.559     4.550    u_mac/mult_u1/mul_out_temp_reg[14]_i_13_n_0
    SLICE_X31Y91         LUT4 (Prop_lut4_I2_O)        0.247     4.797 r  u_mac/mult_u1/mul_out_temp_reg[14]_i_5/O
                         net (fo=1, routed)           0.585     5.382    u_mac/mult_u1/mul_out_temp_reg[14]_i_5_n_0
    SLICE_X30Y90         CARRY4 (Prop_carry4_DI[0]_CO[3])
                                                      0.411     5.793 r  u_mac/mult_u1/mul_out_temp_reg_reg[14]_i_1/CO[3]
                         net (fo=1, routed)           0.000     5.793    u_mac/mult_u1/mul_out_temp_reg_reg[14]_i_1_n_0
    SLICE_X30Y91         CARRY4 (Prop_carry4_CI_O[0])
                                                      0.157     5.950 r  u_mac/mult_u1/mul_out_temp_reg_reg[15]_i_1/O[0]
                         net (fo=1, routed)           0.000     5.950    u_mac/o_result[15]
    SLICE_X30Y91         FDRE                                         r  u_mac/mul_out_temp_reg_reg[15]/D
  -------------------------------------------------------------------    -------------------

                         (clock clk rise edge)       10.000    10.000 r  
                                                      0.000    10.000 r  clk (IN)
                         net (fo=63, unset)           0.669    10.669    u_mac/clk
    SLICE_X30Y91         FDRE                                         r  u_mac/mul_out_temp_reg_reg[15]/C
                         clock pessimism              0.000    10.669    
                         clock uncertainty           -0.035    10.633    
    SLICE_X30Y91         FDRE (Setup_fdre_C_D)        0.094    10.727    u_mac/mul_out_temp_reg_reg[15]
  -------------------------------------------------------------------
                         required time                         10.727    
                         arrival time                          -5.950    
  -------------------------------------------------------------------
                         slack                                  4.778    





Min Delay Paths
--------------------------------------------------------------------------------------
Slack (MET) :             0.206ns  (arrival time - required time)
  Source:                 u_mac/mul_out_temp_reg_reg[13]/C
                            (rising edge-triggered cell FDRE clocked by clk  {rise@0.000ns fall@5.000ns period=10.000ns})
  Destination:            u_mac/out_temp_reg[13]/D
                            (rising edge-triggered cell FDRE clocked by clk  {rise@0.000ns fall@5.000ns period=10.000ns})
  Path Group:             clk
  Path Type:              Hold (Min at Fast Process Corner)
  Requirement:            0.000ns  (clk rise@0.000ns - clk rise@0.000ns)
  Data Path Delay:        0.333ns  (logic 0.274ns (82.316%)  route 0.059ns (17.684%))
  Logic Levels:           2  (CARRY4=1 LUT2=1)
  Clock Path Skew:        0.022ns (DCD - SCD - CPR)
    Destination Clock Delay (DCD):    0.432ns
    Source Clock Delay      (SCD):    0.411ns
    Clock Pessimism Removal (CPR):    -0.000ns

    Location             Delay type                Incr(ns)  Path(ns)    Netlist Resource(s)
  -------------------------------------------------------------------    -------------------
                         (clock clk rise edge)        0.000     0.000 r  
                                                      0.000     0.000 r  clk (IN)
                         net (fo=63, unset)           0.411     0.411    u_mac/clk
    SLICE_X30Y90         FDRE                                         r  u_mac/mul_out_temp_reg_reg[13]/C
  -------------------------------------------------------------------    -------------------
    SLICE_X30Y90         FDRE (Prop_fdre_C_Q)         0.164     0.575 r  u_mac/mul_out_temp_reg_reg[13]/Q
                         net (fo=2, routed)           0.059     0.634    u_mac/mul_out_temp_reg[13]
    SLICE_X31Y90         LUT2 (Prop_lut2_I0_O)        0.045     0.679 r  u_mac/out_temp[15]_i_4/O
                         net (fo=1, routed)           0.000     0.679    u_mac/out_temp[15]_i_4_n_0
    SLICE_X31Y90         CARRY4 (Prop_carry4_S[1]_O[1])
                                                      0.065     0.744 r  u_mac/out_temp_reg[15]_i_1/O[1]
                         net (fo=1, routed)           0.000     0.744    u_mac/out_temp_reg[15]_i_1_n_6
    SLICE_X31Y90         FDRE                                         r  u_mac/out_temp_reg[13]/D
  -------------------------------------------------------------------    -------------------

                         (clock clk rise edge)        0.000     0.000 r  
                                                      0.000     0.000 r  clk (IN)
                         net (fo=63, unset)           0.432     0.432    u_mac/clk
    SLICE_X31Y90         FDRE                                         r  u_mac/out_temp_reg[13]/C
                         clock pessimism              0.000     0.432    
    SLICE_X31Y90         FDRE (Hold_fdre_C_D)         0.105     0.537    u_mac/out_temp_reg[13]
  -------------------------------------------------------------------
                         required time                         -0.537    
                         arrival time                           0.744    
  -------------------------------------------------------------------
                         slack                                  0.206    





Pulse Width Checks
--------------------------------------------------------------------------------------
Clock Name:         clk
Waveform(ns):       { 0.000 5.000 }
Period(ns):         10.000
Sources:            { clk }

Check Type        Corner  Lib Pin  Reference Pin  Required(ns)  Actual(ns)  Slack(ns)  Location      Pin
Min Period        n/a     FDRE/C   n/a            1.000         10.000      9.000      SLICE_X55Y76  out_a_reg[0]/C
Low Pulse Width   Slow    FDRE/C   n/a            0.500         5.000       4.500      SLICE_X55Y76  out_a_reg[0]/C
High Pulse Width  Slow    FDRE/C   n/a            0.500         5.000       4.500      SLICE_X55Y76  out_a_reg[0]/C



