Copyright 1986-2018 Xilinx, Inc. All Rights Reserved.
----------------------------------------------------------------------------------------------------------------------------------------------------------------------------------------------------------------------------------
| Tool Version : Vivado v.2018.3 (lin64) Build 2405991 Thu Dec  6 23:36:41 MST 2018
| Date         : Thu Jan 13 08:20:34 2022
| Host         : koopa.ece.utexas.edu running 64-bit CentOS Linux release 7.9.2009 (Core)
| Command      : report_timing -sort_by group -max_paths 100 -path_type summary -file /misc/scratch/zwei1/reports_Jan12/raw_designs/vtr_designs/verilog/koios/tpu_like.medium_submodules/processing_element/post_route_timing.rpt
| Design       : processing_element
| Device       : 7z020-clg484
| Speed File   : -3  PRODUCTION 1.11 2014-09-11
----------------------------------------------------------------------------------------------------------------------------------------------------------------------------------------------------------------------------------

Timing Report

Startpoint                     Endpoint                       Slack(ns)     
----------------------------------------------------------------------------
u_mac/a_flopped_reg[2]/C       u_mac/mul_out_temp_reg_reg[15]/D
                                                              4.778         
u_mac/a_flopped_reg[2]/C       u_mac/mul_out_temp_reg_reg[14]/D
                                                              4.869         
u_mac/a_flopped_reg[2]/C       u_mac/mul_out_temp_reg_reg[13]/D
                                                              4.916         
u_mac/b_flopped_reg[2]/C       u_mac/mul_out_temp_reg_reg[12]/D
                                                              5.021         
u_mac/b_flopped_reg[2]/C       u_mac/mul_out_temp_reg_reg[11]/D
                                                              5.087         
u_mac/b_flopped_reg[2]/C       u_mac/mul_out_temp_reg_reg[10]/D
                                                              5.204         
u_mac/b_flopped_reg[2]/C       u_mac/mul_out_temp_reg_reg[9]/D
                                                              5.249         
u_mac/b_flopped_reg[0]/C       u_mac/mul_out_temp_reg_reg[8]/D
                                                              5.607         
u_mac/b_flopped_reg[0]/C       u_mac/mul_out_temp_reg_reg[7]/D
                                                              5.720         
u_mac/b_flopped_reg[0]/C       u_mac/mul_out_temp_reg_reg[6]/D
                                                              6.130         
u_mac/b_flopped_reg[0]/C       u_mac/mul_out_temp_reg_reg[5]/D
                                                              6.179         
u_mac/b_flopped_reg[0]/C       u_mac/mul_out_temp_reg_reg[4]/D
                                                              6.440         
u_mac/b_flopped_reg[0]/C       u_mac/mul_out_temp_reg_reg[3]/D
                                                              6.977         
u_mac/mul_out_temp_reg_reg[1]/C
                               u_mac/out_temp_reg[2]/D        7.696         
u_mac/mul_out_temp_reg_reg[1]/C
                               u_mac/out_temp_reg[3]/D        7.746         
u_mac/mul_out_temp_reg_reg[1]/C
                               u_mac/out_temp_reg[15]/D       7.937         
u_mac/mul_out_temp_reg_reg[1]/C
                               u_mac/out_temp_reg[13]/D       7.941         
u_mac/mul_out_temp_reg_reg[1]/C
                               u_mac/out_temp_reg[14]/D       7.990         
u_mac/mul_out_temp_reg_reg[1]/C
                               u_mac/out_temp_reg[12]/D       8.012         
u_mac/mul_out_temp_reg_reg[1]/C
                               u_mac/out_temp_reg[11]/D       8.026         
u_mac/mul_out_temp_reg_reg[1]/C
                               u_mac/out_temp_reg[9]/D        8.030         
u_mac/mul_out_temp_reg_reg[1]/C
                               u_mac/out_temp_reg[10]/D       8.079         
u_mac/mul_out_temp_reg_reg[1]/C
                               u_mac/out_temp_reg[8]/D        8.101         
u_mac/mul_out_temp_reg_reg[1]/C
                               u_mac/out_temp_reg[7]/D        8.115         
u_mac/mul_out_temp_reg_reg[1]/C
                               u_mac/out_temp_reg[5]/D        8.119         
u_mac/mul_out_temp_reg_reg[1]/C
                               u_mac/out_temp_reg[6]/D        8.168         
u_mac/mul_out_temp_reg_reg[1]/C
                               u_mac/out_temp_reg[1]/D        8.184         
u_mac/mul_out_temp_reg_reg[1]/C
                               u_mac/out_temp_reg[4]/D        8.190         
u_mac/b_flopped_reg[0]/C       u_mac/mul_out_temp_reg_reg[2]/D
                                                              8.274         
u_mac/b_flopped_reg[0]/C       u_mac/mul_out_temp_reg_reg[1]/D
                                                              8.537         
u_mac/b_flopped_reg[0]/C       u_mac/mul_out_temp_reg_reg[0]/D
                                                              8.707         
u_mac/mul_out_temp_reg_reg[0]/C
                               u_mac/out_temp_reg[0]/D        8.754         
u_mac/mul_out_temp_reg_reg[0]/C
                               u_mac/out_temp_reg[0]/CE       8.926         



