Copyright 1986-2018 Xilinx, Inc. All Rights Reserved.
---------------------------------------------------------------------------------------------------------------------------------------------------------------------------------------------------
| Tool Version : Vivado v.2018.3 (lin64) Build 2405991 Thu Dec  6 23:36:41 MST 2018
| Date         : Wed Jan 12 01:55:12 2022
| Host         : koopa.ece.utexas.edu running 64-bit CentOS Linux release 7.9.2009 (Core)
| Command      : report_timing_summary -file /misc/scratch/zwei1/reports_Jan12/raw_designs/vtr_designs/verilog/koios/dla_like.medium_submodules/winograd_transform_0/post_place_timing_summary.rpt
| Design       : winograd_transform_0
| Device       : 7z020-clg484
| Speed File   : -3  PRODUCTION 1.11 2014-09-11
---------------------------------------------------------------------------------------------------------------------------------------------------------------------------------------------------

Timing Summary Report

------------------------------------------------------------------------------------------------
| Timer Settings
| --------------
------------------------------------------------------------------------------------------------

  Enable Multi Corner Analysis               :  Yes
  Enable Pessimism Removal                   :  Yes
  Pessimism Removal Resolution               :  Nearest Common Node
  Enable Input Delay Default Clock           :  No
  Enable Preset / Clear Arcs                 :  No
  Disable Flight Delays                      :  No
  Ignore I/O Paths                           :  No
  Timing Early Launch at Borrowing Latches   :  false

  Corner  Analyze    Analyze    
  Name    Max Paths  Min Paths  
  ------  ---------  ---------  
  Slow    Yes        Yes        
  Fast    Yes        Yes        



check_timing report

Table of Contents
-----------------
1. checking no_clock
2. checking constant_clock
3. checking pulse_width_clock
4. checking unconstrained_internal_endpoints
5. checking no_input_delay
6. checking no_output_delay
7. checking multiple_clock
8. checking generated_clocks
9. checking loops
10. checking partial_input_delay
11. checking partial_output_delay
12. checking latch_loops

1. checking no_clock
--------------------
 There are 0 register/latch pins with no clock.


2. checking constant_clock
--------------------------
 There are 0 register/latch pins with constant_clock.


3. checking pulse_width_clock
-----------------------------
 There are 0 register/latch pins which need pulse_width check


4. checking unconstrained_internal_endpoints
--------------------------------------------
 There are 0 pins that are not constrained for maximum delay.

 There are 0 pins that are not constrained for maximum delay due to constant clock.


5. checking no_input_delay
--------------------------
 There are 97 input ports with no input delay specified. (HIGH)

 There are 0 input ports with no input delay but user has a false path constraint.


6. checking no_output_delay
---------------------------
 There are 97 ports with no output delay specified. (HIGH)

 There are 0 ports with no output delay but user has a false path constraint

 There are 0 ports with no output delay but with a timing clock defined on it or propagating through it


7. checking multiple_clock
--------------------------
 There are 0 register/latch pins with multiple clocks.


8. checking generated_clocks
----------------------------
 There are 0 generated clocks that are not connected to a clock source.


9. checking loops
-----------------
 There are 0 combinational loops in the design.


10. checking partial_input_delay
--------------------------------
 There are 0 input ports with partial input delay specified.


11. checking partial_output_delay
---------------------------------
 There are 0 ports with partial output delay specified.


12. checking latch_loops
------------------------
 There are 0 combinational latch loops in the design through latch input



------------------------------------------------------------------------------------------------
| Design Timing Summary
| ---------------------
------------------------------------------------------------------------------------------------

    WNS(ns)      TNS(ns)  TNS Failing Endpoints  TNS Total Endpoints      WHS(ns)      THS(ns)  THS Failing Endpoints  THS Total Endpoints     WPWS(ns)     TPWS(ns)  TPWS Failing Endpoints  TPWS Total Endpoints  
    -------      -------  ---------------------  -------------------      -------      -------  ---------------------  -------------------     --------     --------  ----------------------  --------------------  
      5.735        0.000                      0                12579        0.105        0.000                      0                12579        4.230        0.000                       0                  8255  


All user specified timing constraints are met.


------------------------------------------------------------------------------------------------
| Clock Summary
| -------------
------------------------------------------------------------------------------------------------

Clock  Waveform(ns)       Period(ns)      Frequency(MHz)
-----  ------------       ----------      --------------
clk    {0.000 5.000}      10.000          100.000         


------------------------------------------------------------------------------------------------
| Intra Clock Table
| -----------------
------------------------------------------------------------------------------------------------

Clock             WNS(ns)      TNS(ns)  TNS Failing Endpoints  TNS Total Endpoints      WHS(ns)      THS(ns)  THS Failing Endpoints  THS Total Endpoints     WPWS(ns)     TPWS(ns)  TPWS Failing Endpoints  TPWS Total Endpoints  
-----             -------      -------  ---------------------  -------------------      -------      -------  ---------------------  -------------------     --------     --------  ----------------------  --------------------  
clk                 5.735        0.000                      0                12579        0.105        0.000                      0                12579        4.230        0.000                       0                  8255  


------------------------------------------------------------------------------------------------
| Inter Clock Table
| -----------------
------------------------------------------------------------------------------------------------

From Clock    To Clock          WNS(ns)      TNS(ns)  TNS Failing Endpoints  TNS Total Endpoints      WHS(ns)      THS(ns)  THS Failing Endpoints  THS Total Endpoints  
----------    --------          -------      -------  ---------------------  -------------------      -------      -------  ---------------------  -------------------  


------------------------------------------------------------------------------------------------
| Other Path Groups Table
| -----------------------
------------------------------------------------------------------------------------------------

Path Group    From Clock    To Clock          WNS(ns)      TNS(ns)  TNS Failing Endpoints  TNS Total Endpoints      WHS(ns)      THS(ns)  THS Failing Endpoints  THS Total Endpoints  
----------    ----------    --------          -------      -------  ---------------------  -------------------      -------      -------  ---------------------  -------------------  


------------------------------------------------------------------------------------------------
| Timing Details
| --------------
------------------------------------------------------------------------------------------------


---------------------------------------------------------------------------------------------------
From Clock:  clk
  To Clock:  clk

Setup :            0  Failing Endpoints,  Worst Slack        5.735ns,  Total Violation        0.000ns
Hold  :            0  Failing Endpoints,  Worst Slack        0.105ns,  Total Violation        0.000ns
PW    :            0  Failing Endpoints,  Worst Slack        4.230ns,  Total Violation        0.000ns
---------------------------------------------------------------------------------------------------


Max Delay Paths
--------------------------------------------------------------------------------------
Slack (MET) :             5.735ns  (required time - arrival time)
  Source:                 winograd_adder_16_20_4_WA00/pipeline_0_4_reg[1]/C
                            (rising edge-triggered cell FDRE clocked by clk  {rise@0.000ns fall@5.000ns period=10.000ns})
  Destination:            winograd_adder_16_20_4_WA40/pipeline_0_4_reg[15]/D
                            (rising edge-triggered cell FDRE clocked by clk  {rise@0.000ns fall@5.000ns period=10.000ns})
  Path Group:             clk
  Path Type:              Setup (Max at Slow Process Corner)
  Requirement:            10.000ns  (clk rise@10.000ns - clk rise@0.000ns)
  Data Path Delay:        4.250ns  (logic 2.107ns (49.576%)  route 2.143ns (50.424%))
  Logic Levels:           7  (CARRY4=5 LUT1=1 LUT2=1)
  Clock Path Skew:        -0.035ns (DCD - SCD + CPR)
    Destination Clock Delay (DCD):    0.669ns = ( 10.669 - 10.000 ) 
    Source Clock Delay      (SCD):    0.704ns
    Clock Pessimism Removal (CPR):    0.000ns
  Clock Uncertainty:      0.035ns  ((TSJ^2 + TIJ^2)^1/2 + DJ) / 2 + PE
    Total System Jitter     (TSJ):    0.071ns
    Total Input Jitter      (TIJ):    0.000ns
    Discrete Jitter          (DJ):    0.000ns
    Phase Error              (PE):    0.000ns

    Location             Delay type                Incr(ns)  Path(ns)    Netlist Resource(s)
  -------------------------------------------------------------------    -------------------
                         (clock clk rise edge)        0.000     0.000 r  
                                                      0.000     0.000 r  clk (IN)
                         net (fo=8254, unset)         0.704     0.704    winograd_adder_16_20_4_WA00/clk
    SLICE_X21Y28         FDRE                                         r  winograd_adder_16_20_4_WA00/pipeline_0_4_reg[1]/C
  -------------------------------------------------------------------    -------------------
    SLICE_X21Y28         FDRE (Prop_fdre_C_Q)         0.313     1.017 f  winograd_adder_16_20_4_WA00/pipeline_0_4_reg[1]/Q
                         net (fo=16, estimated)       1.182     2.199    winograd_adder_16_20_4_WA00/pipeline_0_4[1]
    SLICE_X57Y34         LUT1 (Prop_lut1_I0_O)        0.213     2.412 r  winograd_adder_16_20_4_WA00/pipeline_0_4[0]_i_4/O
                         net (fo=1, routed)           0.000     2.412    winograd_adder_16_20_4_WA00/pipeline_0_4[0]_i_4_n_0
    SLICE_X57Y34         CARRY4 (Prop_carry4_S[1]_CO[3])
                                                      0.412     2.824 r  winograd_adder_16_20_4_WA00/pipeline_0_4_reg[0]_i_1/CO[3]
                         net (fo=1, estimated)        0.000     2.824    winograd_adder_16_20_4_WA00/pipeline_0_4_reg[0]_i_1_n_0
    SLICE_X57Y35         CARRY4 (Prop_carry4_CI_CO[3])
                                                      0.089     2.913 r  winograd_adder_16_20_4_WA00/pipeline_0_4_reg[9]_i_2/CO[3]
                         net (fo=1, estimated)        0.000     2.913    winograd_adder_16_20_4_WA00/pipeline_0_4_reg[9]_i_2_n_0
    SLICE_X57Y36         CARRY4 (Prop_carry4_CI_O[1])
                                                      0.230     3.143 r  winograd_adder_16_20_4_WA00/pipeline_0_4_reg[13]_i_2/O[1]
                         net (fo=6, estimated)        0.961     4.104    winograd_adder_16_20_4_WA40/f23[8]
    SLICE_X25Y33         LUT2 (Prop_lut2_I0_O)        0.225     4.329 r  winograd_adder_16_20_4_WA40/pipeline_0_4[13]_i_6/O
                         net (fo=1, routed)           0.000     4.329    winograd_adder_16_20_4_WA40/pipeline_0_4[13]_i_6_n_0
    SLICE_X25Y33         CARRY4 (Prop_carry4_S[0]_CO[3])
                                                      0.395     4.724 r  winograd_adder_16_20_4_WA40/pipeline_0_4_reg[13]_i_1/CO[3]
                         net (fo=1, estimated)        0.000     4.724    winograd_adder_16_20_4_WA40/pipeline_0_4_reg[13]_i_1_n_0
    SLICE_X25Y34         CARRY4 (Prop_carry4_CI_O[1])
                                                      0.230     4.954 r  winograd_adder_16_20_4_WA40/pipeline_0_4_reg[15]_i_1/O[1]
                         net (fo=1, routed)           0.000     4.954    winograd_adder_16_20_4_WA40/pipeline_0_40[15]
    SLICE_X25Y34         FDRE                                         r  winograd_adder_16_20_4_WA40/pipeline_0_4_reg[15]/D
  -------------------------------------------------------------------    -------------------

                         (clock clk rise edge)       10.000    10.000 r  
                                                      0.000    10.000 r  clk (IN)
                         net (fo=8254, unset)         0.669    10.669    winograd_adder_16_20_4_WA40/clk
    SLICE_X25Y34         FDRE                                         r  winograd_adder_16_20_4_WA40/pipeline_0_4_reg[15]/C
                         clock pessimism              0.000    10.669    
                         clock uncertainty           -0.035    10.633    
    SLICE_X25Y34         FDRE (Setup_fdre_C_D)        0.056    10.689    winograd_adder_16_20_4_WA40/pipeline_0_4_reg[15]
  -------------------------------------------------------------------
                         required time                         10.689    
                         arrival time                          -4.954    
  -------------------------------------------------------------------
                         slack                                  5.735    





Min Delay Paths
--------------------------------------------------------------------------------------
Slack (MET) :             0.105ns  (arrival time - required time)
  Source:                 input_buffer_5_1_reg[7]/C
                            (rising edge-triggered cell FDRE clocked by clk  {rise@0.000ns fall@5.000ns period=10.000ns})
  Destination:            input_buffer_4_1_reg[7]/D
                            (rising edge-triggered cell FDRE clocked by clk  {rise@0.000ns fall@5.000ns period=10.000ns})
  Path Group:             clk
  Path Type:              Hold (Min at Fast Process Corner)
  Requirement:            0.000ns  (clk rise@0.000ns - clk rise@0.000ns)
  Data Path Delay:        0.203ns  (logic 0.141ns (69.512%)  route 0.062ns (30.488%))
  Logic Levels:           0  
  Clock Path Skew:        0.022ns (DCD - SCD - CPR)
    Destination Clock Delay (DCD):    0.432ns
    Source Clock Delay      (SCD):    0.411ns
    Clock Pessimism Removal (CPR):    -0.000ns

    Location             Delay type                Incr(ns)  Path(ns)    Netlist Resource(s)
  -------------------------------------------------------------------    -------------------
                         (clock clk rise edge)        0.000     0.000 r  
                                                      0.000     0.000 r  clk (IN)
                         net (fo=8254, unset)         0.411     0.411    clk
    SLICE_X19Y10         FDRE                                         r  input_buffer_5_1_reg[7]/C
  -------------------------------------------------------------------    -------------------
    SLICE_X19Y10         FDRE (Prop_fdre_C_Q)         0.141     0.552 r  input_buffer_5_1_reg[7]/Q
                         net (fo=1, estimated)        0.062     0.614    input_buffer_5_1[7]
    SLICE_X18Y10         FDRE                                         r  input_buffer_4_1_reg[7]/D
  -------------------------------------------------------------------    -------------------

                         (clock clk rise edge)        0.000     0.000 r  
                                                      0.000     0.000 r  clk (IN)
                         net (fo=8254, unset)         0.432     0.432    clk
    SLICE_X18Y10         FDRE                                         r  input_buffer_4_1_reg[7]/C
                         clock pessimism              0.000     0.432    
    SLICE_X18Y10         FDRE (Hold_fdre_C_D)         0.076     0.508    input_buffer_4_1_reg[7]
  -------------------------------------------------------------------
                         required time                         -0.508    
                         arrival time                           0.614    
  -------------------------------------------------------------------
                         slack                                  0.105    





Pulse Width Checks
--------------------------------------------------------------------------------------
Clock Name:         clk
Waveform(ns):       { 0.000 5.000 }
Period(ns):         10.000
Sources:            { clk }

Check Type        Corner  Lib Pin      Reference Pin  Required(ns)  Actual(ns)  Slack(ns)  Location      Pin
Min Period        n/a     DSP48E1/CLK  n/a            2.863         10.000      7.137      DSP48_X2Y14   winograd_dsp_16_WD01/resa_reg_reg/CLK
Low Pulse Width   Slow    SRL16E/CLK   n/a            0.770         5.000       4.230      SLICE_X32Y37  calculate_2_reg_srl2/CLK
High Pulse Width  Slow    SRL16E/CLK   n/a            0.770         5.000       4.230      SLICE_X32Y37  calculate_2_reg_srl2/CLK



