Copyright 1986-2018 Xilinx, Inc. All Rights Reserved.
---------------------------------------------------------------------------------------------------------------------------------------------------------------------------------------------
| Tool Version     : Vivado v.2018.3 (lin64) Build 2405991 Thu Dec  6 23:36:41 MST 2018
| Date             : Wed Jan 12 01:55:51 2022
| Host             : koopa.ece.utexas.edu running 64-bit CentOS Linux release 7.9.2009 (Core)
| Command          : report_power -file /misc/scratch/zwei1/reports_Jan12/raw_designs/vtr_designs/verilog/koios/dla_like.medium_submodules/winograd_transform_0/post_route_power.rpt
| Design           : winograd_transform_0
| Device           : xc7z020clg484-3
| Design State     : routed
| Grade            : extended
| Process          : typical
| Characterization : Production
---------------------------------------------------------------------------------------------------------------------------------------------------------------------------------------------

Power Report

Table of Contents
-----------------
1. Summary
1.1 On-Chip Components
1.2 Power Supply Summary
1.3 Confidence Level
2. Settings
2.1 Environment
2.2 Clock Constraints
3. Detailed Reports
3.1 By Hierarchy

1. Summary
----------

+--------------------------+--------------+
| Total On-Chip Power (mW) | 295.856      |
| Design Power Budget (mW) | Unspecified* |
| Power Budget Margin (mW) | NA           |
| Dynamic (mW)             | 190.443      |
| Device Static (mW)       | 105.413      |
| Effective TJA (C/W)      | 11.5         |
| Max Ambient (C)          | 96.6         |
| Junction Temperature (C) | 28.4         |
| Confidence Level         | Medium       |
| Setting File             | ---          |
| Simulation Activity File | ---          |
| Design Nets Matched      | NA           |
+--------------------------+--------------+
* Specify Design Power Budget using, set_operating_conditions -design_power_budget <value in Watts>


1.1 On-Chip Components
----------------------

+-------------------------+------------+----------+-----------+-----------------+
| On-Chip                 | Power (mW) | Used     | Available | Utilization (%) |
+-------------------------+------------+----------+-----------+-----------------+
| Clocks                  |    39.755  |        3 |       --- |             --- |
| Slice Logic             |    48.626  |    18580 |       --- |             --- |
|   LUT as Logic          |    33.841  |     7912 |     53200 |           14.87 |
|   CARRY4                |    10.089  |     2037 |     13300 |           15.32 |
|   Register              |     4.693  |     8197 |    106400 |            7.70 |
|   LUT as Shift Register |     0.003  |        2 |     17400 |            0.01 |
|   Others                |     0.000  |      186 |       --- |             --- |
| Signals                 |    53.295  |    11494 |       --- |             --- |
| DSPs                    |    48.767  |       56 |       220 |           25.45 |
| Static Power            |   105.413  |          |           |                 |
| Total                   |   295.856  |          |           |                 |
+-------------------------+------------+----------+-----------+-----------------+


1.2 Power Supply Summary
------------------------

+-----------+-------------+-----------+-------------+------------+
| Source    | Voltage (V) | Total (A) | Dynamic (A) | Static (A) |
+-----------+-------------+-----------+-------------+------------+
| Vccint    |       1.000 |     0.198 |       0.190 |      0.008 |
| Vccaux    |       1.800 |     0.011 |       0.000 |      0.011 |
| Vcco33    |       3.300 |     0.000 |       0.000 |      0.000 |
| Vcco25    |       2.500 |     0.000 |       0.000 |      0.000 |
| Vcco18    |       1.800 |     0.000 |       0.000 |      0.000 |
| Vcco15    |       1.500 |     0.000 |       0.000 |      0.000 |
| Vcco135   |       1.350 |     0.000 |       0.000 |      0.000 |
| Vcco12    |       1.200 |     0.000 |       0.000 |      0.000 |
| Vccaux_io |       1.800 |     0.000 |       0.000 |      0.000 |
| Vccbram   |       1.000 |     0.000 |       0.000 |      0.000 |
| MGTAVcc   |       1.000 |     0.000 |       0.000 |      0.000 |
| MGTAVtt   |       1.200 |     0.000 |       0.000 |      0.000 |
| MGTVccaux |       1.800 |     0.000 |       0.000 |      0.000 |
| Vccpint   |       1.000 |     0.018 |       0.000 |      0.018 |
| Vccpaux   |       1.800 |     0.010 |       0.000 |      0.010 |
| Vccpll    |       1.800 |     0.003 |       0.000 |      0.003 |
| Vcco_ddr  |       1.500 |     0.000 |       0.000 |      0.000 |
| Vcco_mio0 |       1.800 |     0.000 |       0.000 |      0.000 |
| Vcco_mio1 |       1.800 |     0.000 |       0.000 |      0.000 |
| Vccadc    |       1.800 |     0.020 |       0.000 |      0.020 |
+-----------+-------------+-----------+-------------+------------+


1.3 Confidence Level
--------------------

+-----------------------------+------------+------------------------------------------------+------------------------------------------------------------------------------------------------------------+
| User Input Data             | Confidence | Details                                        | Action                                                                                                     |
+-----------------------------+------------+------------------------------------------------+------------------------------------------------------------------------------------------------------------+
| Design implementation state | High       | Design is routed                               |                                                                                                            |
| Clock nodes activity        | High       | User specified more than 95% of clocks         |                                                                                                            |
| I/O nodes activity          | High       | User specified more than 95% of inputs         |                                                                                                            |
| Internal nodes activity     | Medium     | User specified less than 25% of internal nodes | Provide missing internal nodes activity with simulation results or by editing the "By Resource Type" views |
| Device models               | High       | Device models are Production                   |                                                                                                            |
|                             |            |                                                |                                                                                                            |
| Overall confidence level    | Medium     |                                                |                                                                                                            |
+-----------------------------+------------+------------------------------------------------+------------------------------------------------------------------------------------------------------------+


2. Settings
-----------

2.1 Environment
---------------

+-----------------------+------------------------+
| Ambient Temp (C)      | 25.0                   |
| ThetaJA (C/W)         | 11.5                   |
| Airflow (LFM)         | 250                    |
| Heat Sink             | none                   |
| ThetaSA (C/W)         | 0.0                    |
| Board Selection       | medium (10"x10")       |
| # of Board Layers     | 8to11 (8 to 11 Layers) |
| Board Temperature (C) | 25.0                   |
+-----------------------+------------------------+


2.2 Clock Constraints
---------------------

+-------+--------+-----------------+
| Clock | Domain | Constraint (ns) |
+-------+--------+-----------------+
| clk   | clk    |            10.0 |
+-------+--------+-----------------+


3. Detailed Reports
-------------------

3.1 By Hierarchy
----------------

+-------------------------------+------------+
| Name                          | Power (mW) |
+-------------------------------+------------+
| winograd_transform_0          |   190.443  |
|   winograd_adder_16_20_4_WA00 |     3.574  |
|   winograd_adder_16_20_4_WA01 |     2.690  |
|   winograd_adder_16_20_4_WA02 |     2.726  |
|   winograd_adder_16_20_4_WA03 |     2.808  |
|   winograd_adder_16_20_4_WA04 |     2.687  |
|   winograd_adder_16_20_4_WA05 |     2.605  |
|   winograd_adder_16_20_4_WA10 |     3.232  |
|   winograd_adder_16_20_4_WA11 |     3.219  |
|   winograd_adder_16_20_4_WA12 |     3.315  |
|   winograd_adder_16_20_4_WA13 |     4.009  |
|   winograd_adder_16_20_4_WA14 |     3.542  |
|   winograd_adder_16_20_4_WA15 |     2.927  |
|   winograd_adder_16_20_4_WA20 |     3.162  |
|   winograd_adder_16_20_4_WA21 |     3.299  |
|   winograd_adder_16_20_4_WA22 |     3.198  |
|   winograd_adder_16_20_4_WA23 |     3.449  |
|   winograd_adder_16_20_4_WA24 |     3.464  |
|   winograd_adder_16_20_4_WA25 |     3.201  |
|   winograd_adder_16_20_4_WA30 |     2.945  |
|   winograd_adder_16_20_4_WA31 |     3.358  |
|   winograd_adder_16_20_4_WA32 |     3.523  |
|   winograd_adder_16_20_4_WA33 |     3.513  |
|   winograd_adder_16_20_4_WA34 |     3.826  |
|   winograd_adder_16_20_4_WA35 |     2.906  |
|   winograd_adder_16_20_4_WA40 |     2.959  |
|   winograd_adder_16_20_4_WA41 |     3.853  |
|   winograd_adder_16_20_4_WA42 |     3.641  |
|   winograd_adder_16_20_4_WA43 |     3.435  |
|   winograd_adder_16_20_4_WA44 |     3.931  |
|   winograd_adder_16_20_4_WA45 |     3.114  |
|   winograd_adder_16_20_4_WA50 |     1.998  |
|   winograd_adder_16_20_4_WA51 |     2.498  |
|   winograd_adder_16_20_4_WA52 |     2.950  |
|   winograd_adder_16_20_4_WA53 |     2.709  |
|   winograd_adder_16_20_4_WA54 |     3.136  |
|   winograd_adder_16_20_4_WA55 |     1.985  |
|   winograd_dsp_16_WD00        |     1.870  |
|   winograd_dsp_16_WD01        |     1.484  |
|   winograd_dsp_16_WD02        |     1.666  |
|   winograd_dsp_16_WD03        |     1.693  |
|   winograd_dsp_16_WD04        |     1.857  |
|   winograd_dsp_16_WD05        |     1.993  |
|   winograd_dsp_16_WD10        |     2.004  |
|   winograd_dsp_16_WD11        |     2.227  |
|   winograd_dsp_16_WD12        |     2.016  |
|   winograd_dsp_16_WD13        |     2.081  |
|   winograd_dsp_16_WD14        |     1.858  |
|   winograd_dsp_16_WD15        |     2.038  |
|   winograd_dsp_16_WD20        |     3.013  |
|   winograd_dsp_16_WD21        |     1.503  |
|   winograd_dsp_16_WD22        |     1.702  |
|   winograd_dsp_16_WD23        |     1.707  |
|   winograd_dsp_16_WD24        |     1.907  |
|   winograd_dsp_16_WD25        |     3.067  |
|   winograd_dsp_16_WD30        |     2.910  |
|   winograd_dsp_16_WD31        |     2.201  |
|   winograd_dsp_16_WD32        |     1.930  |
|   winograd_dsp_16_WD33        |     2.079  |
|   winograd_dsp_16_WD34        |     1.863  |
|   winograd_dsp_16_WD35        |     2.980  |
|   winograd_dsp_16_WD40        |     1.866  |
|   winograd_dsp_16_WD45        |     1.917  |
|   winograd_dsp_16_WD50        |     2.074  |
|   winograd_dsp_16_WD55        |     2.159  |
+-------------------------------+------------+


