Copyright 1986-2018 Xilinx, Inc. All Rights Reserved.
-------------------------------------------------------------------------------------------------------------------------------------------------------------------------------------------------------------------
| Tool Version : Vivado v.2018.3 (lin64) Build 2405991 Thu Dec  6 23:36:41 MST 2018
| Date         : Wed Jan 12 00:35:10 2022
| Host         : koopa.ece.utexas.edu running 64-bit CentOS Linux release 7.9.2009 (Core)
| Command      : report_timing_summary -file /misc/scratch/zwei1/reports_Jan12/raw_designs/vtr_designs/verilog/koios/clstm_like.small_submodules/c_matrix_vec_mult_core_18_10_16_1_1/post_place_timing_summary.rpt
| Design       : c_matrix_vec_mult_core_18_10_16_1_1
| Device       : 7z020-clg484
| Speed File   : -3  PRODUCTION 1.11 2014-09-11
-------------------------------------------------------------------------------------------------------------------------------------------------------------------------------------------------------------------

Timing Summary Report

------------------------------------------------------------------------------------------------
| Timer Settings
| --------------
------------------------------------------------------------------------------------------------

  Enable Multi Corner Analysis               :  Yes
  Enable Pessimism Removal                   :  Yes
  Pessimism Removal Resolution               :  Nearest Common Node
  Enable Input Delay Default Clock           :  No
  Enable Preset / Clear Arcs                 :  No
  Disable Flight Delays                      :  No
  Ignore I/O Paths                           :  No
  Timing Early Launch at Borrowing Latches   :  false

  Corner  Analyze    Analyze    
  Name    Max Paths  Min Paths  
  ------  ---------  ---------  
  Slow    Yes        Yes        
  Fast    Yes        Yes        



check_timing report

Table of Contents
-----------------
1. checking no_clock
2. checking constant_clock
3. checking pulse_width_clock
4. checking unconstrained_internal_endpoints
5. checking no_input_delay
6. checking no_output_delay
7. checking multiple_clock
8. checking generated_clocks
9. checking loops
10. checking partial_input_delay
11. checking partial_output_delay
12. checking latch_loops

1. checking no_clock
--------------------
 There are 0 register/latch pins with no clock.


2. checking constant_clock
--------------------------
 There are 0 register/latch pins with constant_clock.


3. checking pulse_width_clock
-----------------------------
 There are 0 register/latch pins which need pulse_width check


4. checking unconstrained_internal_endpoints
--------------------------------------------
 There are 0 pins that are not constrained for maximum delay.

 There are 0 pins that are not constrained for maximum delay due to constant clock.


5. checking no_input_delay
--------------------------
 There are 615 input ports with no input delay specified. (HIGH)

 There are 0 input ports with no input delay but user has a false path constraint.


6. checking no_output_delay
---------------------------
 There are 578 ports with no output delay specified. (HIGH)

 There are 0 ports with no output delay but user has a false path constraint

 There are 0 ports with no output delay but with a timing clock defined on it or propagating through it


7. checking multiple_clock
--------------------------
 There are 0 register/latch pins with multiple clocks.


8. checking generated_clocks
----------------------------
 There are 0 generated clocks that are not connected to a clock source.


9. checking loops
-----------------
 There are 0 combinational loops in the design.


10. checking partial_input_delay
--------------------------------
 There are 0 input ports with partial input delay specified.


11. checking partial_output_delay
---------------------------------
 There are 0 ports with partial output delay specified.


12. checking latch_loops
------------------------
 There are 0 combinational latch loops in the design through latch input



------------------------------------------------------------------------------------------------
| Design Timing Summary
| ---------------------
------------------------------------------------------------------------------------------------

    WNS(ns)      TNS(ns)  TNS Failing Endpoints  TNS Total Endpoints      WHS(ns)      THS(ns)  THS Failing Endpoints  THS Total Endpoints     WPWS(ns)     TPWS(ns)  TPWS Failing Endpoints  TPWS Total Endpoints  
    -------      -------  ---------------------  -------------------      -------      -------  ---------------------  -------------------     --------     --------  ----------------------  --------------------  
      6.241        0.000                      0                 8585        0.094        0.000                      0                 8585        4.230        0.000                       0                  7126  


All user specified timing constraints are met.


------------------------------------------------------------------------------------------------
| Clock Summary
| -------------
------------------------------------------------------------------------------------------------

Clock  Waveform(ns)       Period(ns)      Frequency(MHz)
-----  ------------       ----------      --------------
clk    {0.000 5.000}      10.000          100.000         


------------------------------------------------------------------------------------------------
| Intra Clock Table
| -----------------
------------------------------------------------------------------------------------------------

Clock             WNS(ns)      TNS(ns)  TNS Failing Endpoints  TNS Total Endpoints      WHS(ns)      THS(ns)  THS Failing Endpoints  THS Total Endpoints     WPWS(ns)     TPWS(ns)  TPWS Failing Endpoints  TPWS Total Endpoints  
-----             -------      -------  ---------------------  -------------------      -------      -------  ---------------------  -------------------     --------     --------  ----------------------  --------------------  
clk                 6.241        0.000                      0                 8585        0.094        0.000                      0                 8585        4.230        0.000                       0                  7126  


------------------------------------------------------------------------------------------------
| Inter Clock Table
| -----------------
------------------------------------------------------------------------------------------------

From Clock    To Clock          WNS(ns)      TNS(ns)  TNS Failing Endpoints  TNS Total Endpoints      WHS(ns)      THS(ns)  THS Failing Endpoints  THS Total Endpoints  
----------    --------          -------      -------  ---------------------  -------------------      -------      -------  ---------------------  -------------------  


------------------------------------------------------------------------------------------------
| Other Path Groups Table
| -----------------------
------------------------------------------------------------------------------------------------

Path Group    From Clock    To Clock          WNS(ns)      TNS(ns)  TNS Failing Endpoints  TNS Total Endpoints      WHS(ns)      THS(ns)  THS Failing Endpoints  THS Total Endpoints  
----------    ----------    --------          -------      -------  ---------------------  -------------------      -------      -------  ---------------------  -------------------  


------------------------------------------------------------------------------------------------
| Timing Details
| --------------
------------------------------------------------------------------------------------------------


---------------------------------------------------------------------------------------------------
From Clock:  clk
  To Clock:  clk

Setup :            0  Failing Endpoints,  Worst Slack        6.241ns,  Total Violation        0.000ns
Hold  :            0  Failing Endpoints,  Worst Slack        0.094ns,  Total Violation        0.000ns
PW    :            0  Failing Endpoints,  Worst Slack        4.230ns,  Total Violation        0.000ns
---------------------------------------------------------------------------------------------------


Max Delay Paths
--------------------------------------------------------------------------------------
Slack (MET) :             6.241ns  (required time - arrival time)
  Source:                 shift_register_group_18_910_inst_0_real/shift_register_unit_18_10_inst_0/shift_registers_8_reg_r/C
                            (rising edge-triggered cell FDRE clocked by clk  {rise@0.000ns fall@5.000ns period=10.000ns})
  Destination:            elementwise_mult_core_18_1810_9_1_inst_0_imag_imag/dsp_signed_mult_18x18_unit_18_18_1_inst8/reg_resa_reg/B[1]
                            (rising edge-triggered cell DSP48E1 clocked by clk  {rise@0.000ns fall@5.000ns period=10.000ns})
  Path Group:             clk
  Path Type:              Setup (Max at Slow Process Corner)
  Requirement:            10.000ns  (clk rise@10.000ns - clk rise@0.000ns)
  Data Path Delay:        3.214ns  (logic 0.534ns (16.615%)  route 2.680ns (83.385%))
  Logic Levels:           1  (LUT2=1)
  Clock Path Skew:        -0.035ns (DCD - SCD + CPR)
    Destination Clock Delay (DCD):    0.669ns = ( 10.669 - 10.000 ) 
    Source Clock Delay      (SCD):    0.704ns
    Clock Pessimism Removal (CPR):    0.000ns
  Clock Uncertainty:      0.035ns  ((TSJ^2 + TIJ^2)^1/2 + DJ) / 2 + PE
    Total System Jitter     (TSJ):    0.071ns
    Total Input Jitter      (TIJ):    0.000ns
    Discrete Jitter          (DJ):    0.000ns
    Phase Error              (PE):    0.000ns

    Location             Delay type                Incr(ns)  Path(ns)    Netlist Resource(s)
  -------------------------------------------------------------------    -------------------
                         (clock clk rise edge)        0.000     0.000 r  
                                                      0.000     0.000 r  clk (IN)
                         net (fo=7125, unset)         0.704     0.704    shift_register_group_18_910_inst_0_real/shift_register_unit_18_10_inst_0/clk
    SLICE_X31Y57         FDRE                                         r  shift_register_group_18_910_inst_0_real/shift_register_unit_18_10_inst_0/shift_registers_8_reg_r/C
  -------------------------------------------------------------------    -------------------
    SLICE_X31Y57         FDRE (Prop_fdre_C_Q)         0.313     1.017 r  shift_register_group_18_910_inst_0_real/shift_register_unit_18_10_inst_0/shift_registers_8_reg_r/Q
                         net (fo=144, estimated)      1.927     2.944    shift_register_group_18_910_inst_0_imag/shift_register_unit_18_10_inst_8/shift_registers_9_reg[0]_0
    SLICE_X83Y17         LUT2 (Prop_lut2_I1_O)        0.221     3.165 r  shift_register_group_18_910_inst_0_imag/shift_register_unit_18_10_inst_8/shift_registers_8_reg_gate__15/O
                         net (fo=3, estimated)        0.753     3.918    elementwise_mult_core_18_1810_9_1_inst_0_imag_imag/dsp_signed_mult_18x18_unit_18_18_1_inst8/i_B_8[1]
    DSP48_X3Y6           DSP48E1                                      r  elementwise_mult_core_18_1810_9_1_inst_0_imag_imag/dsp_signed_mult_18x18_unit_18_18_1_inst8/reg_resa_reg/B[1]
  -------------------------------------------------------------------    -------------------

                         (clock clk rise edge)       10.000    10.000 r  
                                                      0.000    10.000 r  clk (IN)
                         net (fo=7125, unset)         0.669    10.669    elementwise_mult_core_18_1810_9_1_inst_0_imag_imag/dsp_signed_mult_18x18_unit_18_18_1_inst8/clk
    DSP48_X3Y6           DSP48E1                                      r  elementwise_mult_core_18_1810_9_1_inst_0_imag_imag/dsp_signed_mult_18x18_unit_18_18_1_inst8/reg_resa_reg/CLK
                         clock pessimism              0.000    10.669    
                         clock uncertainty           -0.035    10.633    
    DSP48_X3Y6           DSP48E1 (Setup_dsp48e1_CLK_B[1])
                                                     -0.474    10.159    elementwise_mult_core_18_1810_9_1_inst_0_imag_imag/dsp_signed_mult_18x18_unit_18_18_1_inst8/reg_resa_reg
  -------------------------------------------------------------------
                         required time                         10.159    
                         arrival time                          -3.918    
  -------------------------------------------------------------------
                         slack                                  6.241    





Min Delay Paths
--------------------------------------------------------------------------------------
Slack (MET) :             0.094ns  (arrival time - required time)
  Source:                 dft_16_top_18_inst/codeBlock88206_18_inst/tm63_reg[15]/C
                            (rising edge-triggered cell FDRE clocked by clk  {rise@0.000ns fall@5.000ns period=10.000ns})
  Destination:            dft_16_top_18_inst/codeBlock89324_18_inst/X21_reg[15]_srl3/D
                            (rising edge-triggered cell SRL16E clocked by clk  {rise@0.000ns fall@5.000ns period=10.000ns})
  Path Group:             clk
  Path Type:              Hold (Min at Fast Process Corner)
  Requirement:            0.000ns  (clk rise@0.000ns - clk rise@0.000ns)
  Data Path Delay:        0.298ns  (logic 0.164ns (54.999%)  route 0.134ns (45.001%))
  Logic Levels:           0  
  Clock Path Skew:        0.022ns (DCD - SCD - CPR)
    Destination Clock Delay (DCD):    0.432ns
    Source Clock Delay      (SCD):    0.411ns
    Clock Pessimism Removal (CPR):    -0.000ns

    Location             Delay type                Incr(ns)  Path(ns)    Netlist Resource(s)
  -------------------------------------------------------------------    -------------------
                         (clock clk rise edge)        0.000     0.000 r  
                                                      0.000     0.000 r  clk (IN)
                         net (fo=7125, unset)         0.411     0.411    dft_16_top_18_inst/codeBlock88206_18_inst/clk
    SLICE_X34Y41         FDRE                                         r  dft_16_top_18_inst/codeBlock88206_18_inst/tm63_reg[15]/C
  -------------------------------------------------------------------    -------------------
    SLICE_X34Y41         FDRE (Prop_fdre_C_Q)         0.164     0.575 r  dft_16_top_18_inst/codeBlock88206_18_inst/tm63_reg[15]/Q
                         net (fo=1, estimated)        0.134     0.709    dft_16_top_18_inst/codeBlock89324_18_inst/res_0_reg[15]
    SLICE_X34Y43         SRL16E                                       r  dft_16_top_18_inst/codeBlock89324_18_inst/X21_reg[15]_srl3/D
  -------------------------------------------------------------------    -------------------

                         (clock clk rise edge)        0.000     0.000 r  
                                                      0.000     0.000 r  clk (IN)
                         net (fo=7125, unset)         0.432     0.432    dft_16_top_18_inst/codeBlock89324_18_inst/clk
    SLICE_X34Y43         SRL16E                                       r  dft_16_top_18_inst/codeBlock89324_18_inst/X21_reg[15]_srl3/CLK
                         clock pessimism              0.000     0.432    
    SLICE_X34Y43         SRL16E (Hold_srl16e_CLK_D)
                                                      0.183     0.615    dft_16_top_18_inst/codeBlock89324_18_inst/X21_reg[15]_srl3
  -------------------------------------------------------------------
                         required time                         -0.615    
                         arrival time                           0.709    
  -------------------------------------------------------------------
                         slack                                  0.094    





Pulse Width Checks
--------------------------------------------------------------------------------------
Clock Name:         clk
Waveform(ns):       { 0.000 5.000 }
Period(ns):         10.000
Sources:            { clk }

Check Type        Corner  Lib Pin      Reference Pin  Required(ns)  Actual(ns)  Slack(ns)  Location      Pin
Min Period        n/a     DSP48E1/CLK  n/a            2.863         10.000      7.137      DSP48_X0Y16   dft_16_top_18_inst/codeBlock88206_18_inst/m88572/dsp_signed_mult_18x18_unit_18_36_0_inst/reg_resa_reg/CLK
Low Pulse Width   Slow    SRL16E/CLK   n/a            0.770         5.000       4.230      SLICE_X32Y30  dft_16_top_18_inst/codeBlock88206_18_inst/tm26_reg[0]_srl3/CLK
High Pulse Width  Slow    SRL16E/CLK   n/a            0.770         5.000       4.230      SLICE_X32Y30  dft_16_top_18_inst/codeBlock88206_18_inst/tm26_reg[0]_srl3/CLK



