Copyright 1986-2018 Xilinx, Inc. All Rights Reserved.
---------------------------------------------------------------------------------------------------------------------------------------------------------------------------------------------------------------------------------------------------------------------------------
| Tool Version : Vivado v.2018.3 (lin64) Build 2405991 Thu Dec  6 23:36:41 MST 2018
| Date         : Wed Jan 12 05:31:56 2022
| Host         : koopa.ece.utexas.edu running 64-bit CentOS Linux release 7.9.2009 (Core)
| Command      : report_timing -sort_by group -max_paths 100 -path_type summary -file /misc/scratch/zwei1/reports_Jan12/raw_designs/vtr_designs/verilog/koios/tiny_darknet_like.medium_submodules/td_fused_top_dataflow_in_loop_TOP_LOOP48232_products_0_0/post_route_timing.rpt
| Design       : td_fused_top_dataflow_in_loop_TOP_LOOP48232_products_0_0
| Device       : 7z020-clg484
| Speed File   : -3  PRODUCTION 1.11 2014-09-11
---------------------------------------------------------------------------------------------------------------------------------------------------------------------------------------------------------------------------------------------------------------------------------

Timing Report

Startpoint                     Endpoint                       Slack(ns)     
----------------------------------------------------------------------------
td_fused_top_dataflow_in_loop_TOP_LOOP48232_products_0_0_memcore_U_1/td_fused_top_dataflow_in_loop_TOP_LOOP48232_products_0_0_memcore_ram_U/ram_reg/CLKBWRCLK
                               reg_q1_reg[9]/D                6.877         
td_fused_top_dataflow_in_loop_TOP_LOOP48232_products_0_0_memcore_U_0/td_fused_top_dataflow_in_loop_TOP_LOOP48232_products_0_0_memcore_ram_U/ram_reg/CLKBWRCLK
                               reg_q1_reg[12]/D               6.983         
td_fused_top_dataflow_in_loop_TOP_LOOP48232_products_0_0_memcore_U_0/td_fused_top_dataflow_in_loop_TOP_LOOP48232_products_0_0_memcore_ram_U/ram_reg/CLKBWRCLK
                               reg_q1_reg[13]/D               6.998         
td_fused_top_dataflow_in_loop_TOP_LOOP48232_products_0_0_memcore_U_0/td_fused_top_dataflow_in_loop_TOP_LOOP48232_products_0_0_memcore_ram_U/ram_reg/CLKARDCLK
                               reg_q0_reg[14]/D               7.002         
td_fused_top_dataflow_in_loop_TOP_LOOP48232_products_0_0_memcore_U_0/td_fused_top_dataflow_in_loop_TOP_LOOP48232_products_0_0_memcore_ram_U/ram_reg/CLKARDCLK
                               reg_q0_reg[4]/D                7.027         
td_fused_top_dataflow_in_loop_TOP_LOOP48232_products_0_0_memcore_U_1/td_fused_top_dataflow_in_loop_TOP_LOOP48232_products_0_0_memcore_ram_U/ram_reg/CLKBWRCLK
                               reg_q1_reg[10]/D               7.036         
td_fused_top_dataflow_in_loop_TOP_LOOP48232_products_0_0_memcore_U_0/td_fused_top_dataflow_in_loop_TOP_LOOP48232_products_0_0_memcore_ram_U/ram_reg/CLKBWRCLK
                               reg_q1_reg[7]/D                7.041         
td_fused_top_dataflow_in_loop_TOP_LOOP48232_products_0_0_memcore_U_0/td_fused_top_dataflow_in_loop_TOP_LOOP48232_products_0_0_memcore_ram_U/ram_reg/CLKBWRCLK
                               reg_q1_reg[5]/D                7.046         
td_fused_top_dataflow_in_loop_TOP_LOOP48232_products_0_0_memcore_U_1/td_fused_top_dataflow_in_loop_TOP_LOOP48232_products_0_0_memcore_ram_U/ram_reg/CLKBWRCLK
                               reg_q1_reg[8]/D                7.055         
td_fused_top_dataflow_in_loop_TOP_LOOP48232_products_0_0_memcore_U_1/td_fused_top_dataflow_in_loop_TOP_LOOP48232_products_0_0_memcore_ram_U/ram_reg/CLKBWRCLK
                               reg_q1_reg[2]/D                7.070         
td_fused_top_dataflow_in_loop_TOP_LOOP48232_products_0_0_memcore_U_0/td_fused_top_dataflow_in_loop_TOP_LOOP48232_products_0_0_memcore_ram_U/ram_reg/CLKBWRCLK
                               reg_q1_reg[15]/D               7.083         
td_fused_top_dataflow_in_loop_TOP_LOOP48232_products_0_0_memcore_U_1/td_fused_top_dataflow_in_loop_TOP_LOOP48232_products_0_0_memcore_ram_U/ram_reg/CLKBWRCLK
                               reg_q1_reg[4]/D                7.085         
td_fused_top_dataflow_in_loop_TOP_LOOP48232_products_0_0_memcore_U_1/td_fused_top_dataflow_in_loop_TOP_LOOP48232_products_0_0_memcore_ram_U/ram_reg/CLKBWRCLK
                               reg_q1_reg[1]/D                7.090         
td_fused_top_dataflow_in_loop_TOP_LOOP48232_products_0_0_memcore_U_0/td_fused_top_dataflow_in_loop_TOP_LOOP48232_products_0_0_memcore_ram_U/ram_reg/CLKBWRCLK
                               reg_q1_reg[3]/D                7.102         
td_fused_top_dataflow_in_loop_TOP_LOOP48232_products_0_0_memcore_U_1/td_fused_top_dataflow_in_loop_TOP_LOOP48232_products_0_0_memcore_ram_U/ram_reg/CLKARDCLK
                               reg_q0_reg[9]/D                7.120         
td_fused_top_dataflow_in_loop_TOP_LOOP48232_products_0_0_memcore_U_1/td_fused_top_dataflow_in_loop_TOP_LOOP48232_products_0_0_memcore_ram_U/ram_reg/CLKARDCLK
                               reg_q0_reg[12]/D               7.128         
td_fused_top_dataflow_in_loop_TOP_LOOP48232_products_0_0_memcore_U_0/td_fused_top_dataflow_in_loop_TOP_LOOP48232_products_0_0_memcore_ram_U/ram_reg/CLKARDCLK
                               reg_q0_reg[5]/D                7.131         
tptr_reg[0]/C                  td_fused_top_dataflow_in_loop_TOP_LOOP48232_products_0_0_memcore_U_1/td_fused_top_dataflow_in_loop_TOP_LOOP48232_products_0_0_memcore_ram_U/ram_reg/ADDRARDADDR[4]
                                                              7.135         
empty_n_reg/C                  td_fused_top_dataflow_in_loop_TOP_LOOP48232_products_0_0_memcore_U_1/td_fused_top_dataflow_in_loop_TOP_LOOP48232_products_0_0_memcore_ram_U/ram_reg/ADDRBWRADDR[6]
                                                              7.150         
td_fused_top_dataflow_in_loop_TOP_LOOP48232_products_0_0_memcore_U_0/td_fused_top_dataflow_in_loop_TOP_LOOP48232_products_0_0_memcore_ram_U/ram_reg/CLKARDCLK
                               reg_q0_reg[8]/D                7.155         
td_fused_top_dataflow_in_loop_TOP_LOOP48232_products_0_0_memcore_U_0/td_fused_top_dataflow_in_loop_TOP_LOOP48232_products_0_0_memcore_ram_U/ram_reg/CLKARDCLK
                               reg_q0_reg[11]/D               7.160         
td_fused_top_dataflow_in_loop_TOP_LOOP48232_products_0_0_memcore_U_1/td_fused_top_dataflow_in_loop_TOP_LOOP48232_products_0_0_memcore_ram_U/ram_reg/CLKBWRCLK
                               reg_q1_reg[14]/D               7.162         
td_fused_top_dataflow_in_loop_TOP_LOOP48232_products_0_0_memcore_U_1/td_fused_top_dataflow_in_loop_TOP_LOOP48232_products_0_0_memcore_ram_U/ram_reg/CLKARDCLK
                               reg_q0_reg[7]/D                7.179         
td_fused_top_dataflow_in_loop_TOP_LOOP48232_products_0_0_memcore_U_0/td_fused_top_dataflow_in_loop_TOP_LOOP48232_products_0_0_memcore_ram_U/ram_reg/CLKARDCLK
                               reg_q0_reg[13]/D               7.189         
td_fused_top_dataflow_in_loop_TOP_LOOP48232_products_0_0_memcore_U_0/td_fused_top_dataflow_in_loop_TOP_LOOP48232_products_0_0_memcore_ram_U/ram_reg/CLKARDCLK
                               reg_q0_reg[3]/D                7.193         
td_fused_top_dataflow_in_loop_TOP_LOOP48232_products_0_0_memcore_U_0/td_fused_top_dataflow_in_loop_TOP_LOOP48232_products_0_0_memcore_ram_U/ram_reg/CLKBWRCLK
                               reg_q1_reg[0]/D                7.197         
td_fused_top_dataflow_in_loop_TOP_LOOP48232_products_0_0_memcore_U_1/td_fused_top_dataflow_in_loop_TOP_LOOP48232_products_0_0_memcore_ram_U/ram_reg/CLKARDCLK
                               reg_q0_reg[6]/D                7.233         
td_fused_top_dataflow_in_loop_TOP_LOOP48232_products_0_0_memcore_U_1/td_fused_top_dataflow_in_loop_TOP_LOOP48232_products_0_0_memcore_ram_U/ram_reg/CLKARDCLK
                               reg_q0_reg[15]/D               7.237         
td_fused_top_dataflow_in_loop_TOP_LOOP48232_products_0_0_memcore_U_1/td_fused_top_dataflow_in_loop_TOP_LOOP48232_products_0_0_memcore_ram_U/ram_reg/CLKBWRCLK
                               reg_q1_reg[6]/D                7.274         
td_fused_top_dataflow_in_loop_TOP_LOOP48232_products_0_0_memcore_U_0/td_fused_top_dataflow_in_loop_TOP_LOOP48232_products_0_0_memcore_ram_U/ram_reg/CLKARDCLK
                               reg_q0_reg[1]/D                7.287         
td_fused_top_dataflow_in_loop_TOP_LOOP48232_products_0_0_memcore_U_0/td_fused_top_dataflow_in_loop_TOP_LOOP48232_products_0_0_memcore_ram_U/ram_reg/CLKARDCLK
                               reg_q0_reg[2]/D                7.296         
tptr_reg[0]/C                  td_fused_top_dataflow_in_loop_TOP_LOOP48232_products_0_0_memcore_U_1/td_fused_top_dataflow_in_loop_TOP_LOOP48232_products_0_0_memcore_ram_U/ram_reg/ADDRARDADDR[8]
                                                              7.325         
td_fused_top_dataflow_in_loop_TOP_LOOP48232_products_0_0_memcore_U_0/td_fused_top_dataflow_in_loop_TOP_LOOP48232_products_0_0_memcore_ram_U/ram_reg/CLKARDCLK
                               reg_q0_reg[0]/D                7.336         
empty_n_reg/C                  count_reg[0]/D                 7.337         
empty_n_reg/C                  td_fused_top_dataflow_in_loop_TOP_LOOP48232_products_0_0_memcore_U_1/td_fused_top_dataflow_in_loop_TOP_LOOP48232_products_0_0_memcore_ram_U/ram_reg/ADDRBWRADDR[9]
                                                              7.359         
empty_n_reg/C                  td_fused_top_dataflow_in_loop_TOP_LOOP48232_products_0_0_memcore_U_0/td_fused_top_dataflow_in_loop_TOP_LOOP48232_products_0_0_memcore_ram_U/ram_reg/ADDRARDADDR[4]
                                                              7.369         
td_fused_top_dataflow_in_loop_TOP_LOOP48232_products_0_0_memcore_U_1/td_fused_top_dataflow_in_loop_TOP_LOOP48232_products_0_0_memcore_ram_U/ram_reg/CLKARDCLK
                               reg_q0_reg[10]/D               7.373         
td_fused_top_dataflow_in_loop_TOP_LOOP48232_products_0_0_memcore_U_1/td_fused_top_dataflow_in_loop_TOP_LOOP48232_products_0_0_memcore_ram_U/ram_reg/CLKBWRCLK
                               reg_q1_reg[11]/D               7.384         
tptr_reg[0]/C                  td_fused_top_dataflow_in_loop_TOP_LOOP48232_products_0_0_memcore_U_1/td_fused_top_dataflow_in_loop_TOP_LOOP48232_products_0_0_memcore_ram_U/ram_reg/ADDRARDADDR[9]
                                                              7.439         
empty_n_reg/C                  td_fused_top_dataflow_in_loop_TOP_LOOP48232_products_0_0_memcore_U_1/td_fused_top_dataflow_in_loop_TOP_LOOP48232_products_0_0_memcore_ram_U/ram_reg/ADDRBWRADDR[8]
                                                              7.449         
tptr_reg[0]/C                  td_fused_top_dataflow_in_loop_TOP_LOOP48232_products_0_0_memcore_U_1/td_fused_top_dataflow_in_loop_TOP_LOOP48232_products_0_0_memcore_ram_U/ram_reg/ADDRARDADDR[5]
                                                              7.450         
empty_n_reg/C                  td_fused_top_dataflow_in_loop_TOP_LOOP48232_products_0_0_memcore_U_0/td_fused_top_dataflow_in_loop_TOP_LOOP48232_products_0_0_memcore_ram_U/ram_reg/ADDRBWRADDR[4]
                                                              7.484         
tptr_reg[0]/C                  td_fused_top_dataflow_in_loop_TOP_LOOP48232_products_0_0_memcore_U_1/td_fused_top_dataflow_in_loop_TOP_LOOP48232_products_0_0_memcore_ram_U/ram_reg/ADDRBWRADDR[5]
                                                              7.505         
empty_n_reg/C                  td_fused_top_dataflow_in_loop_TOP_LOOP48232_products_0_0_memcore_U_0/td_fused_top_dataflow_in_loop_TOP_LOOP48232_products_0_0_memcore_ram_U/ram_reg/DIADI[15]
                                                              7.543         
tptr_reg[0]/C                  td_fused_top_dataflow_in_loop_TOP_LOOP48232_products_0_0_memcore_U_0/td_fused_top_dataflow_in_loop_TOP_LOOP48232_products_0_0_memcore_ram_U/ram_reg/ADDRARDADDR[5]
                                                              7.552         
empty_n_reg/C                  td_fused_top_dataflow_in_loop_TOP_LOOP48232_products_0_0_memcore_U_1/td_fused_top_dataflow_in_loop_TOP_LOOP48232_products_0_0_memcore_ram_U/ram_reg/ADDRBWRADDR[4]
                                                              7.555         
empty_n_reg/C                  td_fused_top_dataflow_in_loop_TOP_LOOP48232_products_0_0_memcore_U_0/td_fused_top_dataflow_in_loop_TOP_LOOP48232_products_0_0_memcore_ram_U/ram_reg/ADDRARDADDR[6]
                                                              7.560         
empty_n_reg/C                  td_fused_top_dataflow_in_loop_TOP_LOOP48232_products_0_0_memcore_U_0/td_fused_top_dataflow_in_loop_TOP_LOOP48232_products_0_0_memcore_ram_U/ram_reg/ADDRBWRADDR[6]
                                                              7.586         
empty_n_reg/C                  td_fused_top_dataflow_in_loop_TOP_LOOP48232_products_0_0_memcore_U_0/td_fused_top_dataflow_in_loop_TOP_LOOP48232_products_0_0_memcore_ram_U/ram_reg/WEA[0]
                                                              7.595         
empty_n_reg/C                  td_fused_top_dataflow_in_loop_TOP_LOOP48232_products_0_0_memcore_U_0/td_fused_top_dataflow_in_loop_TOP_LOOP48232_products_0_0_memcore_ram_U/ram_reg/WEA[1]
                                                              7.595         
tptr_reg[0]/C                  td_fused_top_dataflow_in_loop_TOP_LOOP48232_products_0_0_memcore_U_1/td_fused_top_dataflow_in_loop_TOP_LOOP48232_products_0_0_memcore_ram_U/ram_reg/ADDRARDADDR[6]
                                                              7.602         
tptr_reg[0]/C                  td_fused_top_dataflow_in_loop_TOP_LOOP48232_products_0_0_memcore_U_1/td_fused_top_dataflow_in_loop_TOP_LOOP48232_products_0_0_memcore_ram_U/ram_reg/ADDRBWRADDR[7]
                                                              7.612         
tptr_reg[0]/C                  td_fused_top_dataflow_in_loop_TOP_LOOP48232_products_0_0_memcore_U_0/td_fused_top_dataflow_in_loop_TOP_LOOP48232_products_0_0_memcore_ram_U/ram_reg/ADDRARDADDR[9]
                                                              7.666         
empty_n_reg/C                  td_fused_top_dataflow_in_loop_TOP_LOOP48232_products_0_0_memcore_U_0/td_fused_top_dataflow_in_loop_TOP_LOOP48232_products_0_0_memcore_ram_U/ram_reg/ADDRBWRADDR[5]
                                                              7.679         
empty_n_reg/C                  td_fused_top_dataflow_in_loop_TOP_LOOP48232_products_0_0_memcore_U_0/td_fused_top_dataflow_in_loop_TOP_LOOP48232_products_0_0_memcore_ram_U/ram_reg/DIADI[3]
                                                              7.682         
empty_n_reg/C                  td_fused_top_dataflow_in_loop_TOP_LOOP48232_products_0_0_memcore_U_0/td_fused_top_dataflow_in_loop_TOP_LOOP48232_products_0_0_memcore_ram_U/ram_reg/ADDRARDADDR[8]
                                                              7.691         
tptr_reg[0]/C                  td_fused_top_dataflow_in_loop_TOP_LOOP48232_products_0_0_memcore_U_1/td_fused_top_dataflow_in_loop_TOP_LOOP48232_products_0_0_memcore_ram_U/ram_reg/ADDRARDADDR[7]
                                                              7.706         
empty_n_reg/C                  td_fused_top_dataflow_in_loop_TOP_LOOP48232_products_0_0_memcore_U_1/td_fused_top_dataflow_in_loop_TOP_LOOP48232_products_0_0_memcore_ram_U/ram_reg/DIADI[11]
                                                              7.757         
tptr_reg[0]/C                  td_fused_top_dataflow_in_loop_TOP_LOOP48232_products_0_0_memcore_U_0/td_fused_top_dataflow_in_loop_TOP_LOOP48232_products_0_0_memcore_ram_U/ram_reg/ADDRARDADDR[7]
                                                              7.763         
reg_valid1_reg/C               reg_q1_reg[1]/CE               7.767         
empty_n_reg/C                  count_reg[1]/D                 7.771         
empty_n_reg/C                  td_fused_top_dataflow_in_loop_TOP_LOOP48232_products_0_0_memcore_U_1/td_fused_top_dataflow_in_loop_TOP_LOOP48232_products_0_0_memcore_ram_U/ram_reg/WEA[0]
                                                              7.780         
empty_n_reg/C                  td_fused_top_dataflow_in_loop_TOP_LOOP48232_products_0_0_memcore_U_0/td_fused_top_dataflow_in_loop_TOP_LOOP48232_products_0_0_memcore_ram_U/ram_reg/DIADI[2]
                                                              7.823         
reg_valid1_reg/C               reg_q1_reg[13]/CE              7.840         
reg_valid1_reg/C               reg_q1_reg[7]/CE               7.840         
reg_valid1_reg/C               reg_q1_reg[14]/CE              7.860         
empty_n_reg/C                  td_fused_top_dataflow_in_loop_TOP_LOOP48232_products_0_0_memcore_U_1/td_fused_top_dataflow_in_loop_TOP_LOOP48232_products_0_0_memcore_ram_U/ram_reg/DIADI[1]
                                                              7.863         
empty_n_reg/C                  td_fused_top_dataflow_in_loop_TOP_LOOP48232_products_0_0_memcore_U_1/td_fused_top_dataflow_in_loop_TOP_LOOP48232_products_0_0_memcore_ram_U/ram_reg/DIADI[12]
                                                              7.872         
tptr_reg[0]/C                  td_fused_top_dataflow_in_loop_TOP_LOOP48232_products_0_0_memcore_U_1/td_fused_top_dataflow_in_loop_TOP_LOOP48232_products_0_0_memcore_ram_U/ram_reg/DIADI[2]
                                                              7.883         
tptr_reg[0]/C                  td_fused_top_dataflow_in_loop_TOP_LOOP48232_products_0_0_memcore_U_1/td_fused_top_dataflow_in_loop_TOP_LOOP48232_products_0_0_memcore_ram_U/ram_reg/DIADI[9]
                                                              7.888         
empty_n_reg/C                  td_fused_top_dataflow_in_loop_TOP_LOOP48232_products_0_0_memcore_U_1/td_fused_top_dataflow_in_loop_TOP_LOOP48232_products_0_0_memcore_ram_U/ram_reg/DIADI[0]
                                                              7.896         
empty_n_reg/C                  td_fused_top_dataflow_in_loop_TOP_LOOP48232_products_0_0_memcore_U_1/td_fused_top_dataflow_in_loop_TOP_LOOP48232_products_0_0_memcore_ram_U/ram_reg/WEA[1]
                                                              7.900         
empty_n_reg/C                  td_fused_top_dataflow_in_loop_TOP_LOOP48232_products_0_0_memcore_U_1/td_fused_top_dataflow_in_loop_TOP_LOOP48232_products_0_0_memcore_ram_U/ram_reg/DIADI[3]
                                                              7.900         
empty_n_reg/C                  td_fused_top_dataflow_in_loop_TOP_LOOP48232_products_0_0_memcore_U_0/td_fused_top_dataflow_in_loop_TOP_LOOP48232_products_0_0_memcore_ram_U/ram_reg/DIADI[4]
                                                              7.911         
tptr_reg[0]/C                  td_fused_top_dataflow_in_loop_TOP_LOOP48232_products_0_0_memcore_U_0/td_fused_top_dataflow_in_loop_TOP_LOOP48232_products_0_0_memcore_ram_U/ram_reg/DIADI[7]
                                                              7.911         
tptr_reg[0]/C                  td_fused_top_dataflow_in_loop_TOP_LOOP48232_products_0_0_memcore_U_1/td_fused_top_dataflow_in_loop_TOP_LOOP48232_products_0_0_memcore_ram_U/ram_reg/DIADI[4]
                                                              7.914         
empty_n_reg/C                  td_fused_top_dataflow_in_loop_TOP_LOOP48232_products_0_0_memcore_U_0/td_fused_top_dataflow_in_loop_TOP_LOOP48232_products_0_0_memcore_ram_U/ram_reg/ADDRBWRADDR[7]
                                                              7.914         
iptr_reg[0]/C                  td_fused_top_dataflow_in_loop_TOP_LOOP48232_products_0_0_memcore_U_0/td_fused_top_dataflow_in_loop_TOP_LOOP48232_products_0_0_memcore_ram_U/ram_reg/ENBWREN
                                                              7.918         
reg_valid1_reg/C               reg_q1_reg[5]/CE               7.939         
reg_valid1_reg/C               reg_q1_reg[8]/CE               7.939         
tptr_reg[0]/C                  td_fused_top_dataflow_in_loop_TOP_LOOP48232_products_0_0_memcore_U_0/td_fused_top_dataflow_in_loop_TOP_LOOP48232_products_0_0_memcore_ram_U/ram_reg/ADDRBWRADDR[9]
                                                              7.940         
tptr_reg[0]/C                  td_fused_top_dataflow_in_loop_TOP_LOOP48232_products_0_0_memcore_U_1/td_fused_top_dataflow_in_loop_TOP_LOOP48232_products_0_0_memcore_ram_U/ram_reg/DIADI[8]
                                                              7.950         
empty_n_reg/C                  td_fused_top_dataflow_in_loop_TOP_LOOP48232_products_0_0_memcore_U_1/td_fused_top_dataflow_in_loop_TOP_LOOP48232_products_0_0_memcore_ram_U/ram_reg/DIADI[7]
                                                              7.997         
tptr_reg[0]/C                  td_fused_top_dataflow_in_loop_TOP_LOOP48232_products_0_0_memcore_U_0/td_fused_top_dataflow_in_loop_TOP_LOOP48232_products_0_0_memcore_ram_U/ram_reg/DIADI[13]
                                                              8.006         
iptr_reg[0]/C                  td_fused_top_dataflow_in_loop_TOP_LOOP48232_products_0_0_memcore_U_0/td_fused_top_dataflow_in_loop_TOP_LOOP48232_products_0_0_memcore_ram_U/ram_reg/ENARDEN
                                                              8.010         
tptr_reg[0]/C                  td_fused_top_dataflow_in_loop_TOP_LOOP48232_products_0_0_memcore_U_1/td_fused_top_dataflow_in_loop_TOP_LOOP48232_products_0_0_memcore_ram_U/ram_reg/DIADI[6]
                                                              8.013         
tptr_reg[0]/C                  td_fused_top_dataflow_in_loop_TOP_LOOP48232_products_0_0_memcore_U_1/td_fused_top_dataflow_in_loop_TOP_LOOP48232_products_0_0_memcore_ram_U/ram_reg/DIADI[5]
                                                              8.019         
empty_n_reg/C                  full_n_reg/D                   8.020         
reg_valid1_reg/C               reg_q1_reg[10]/CE              8.067         
reg_valid1_reg/C               reg_q1_reg[2]/CE               8.067         
empty_n_reg/C                  td_fused_top_dataflow_in_loop_TOP_LOOP48232_products_0_0_memcore_U_0/td_fused_top_dataflow_in_loop_TOP_LOOP48232_products_0_0_memcore_ram_U/ram_reg/DIADI[5]
                                                              8.068         
reg_valid1_reg/C               reg_q1_reg[0]/CE               8.090         
reg_valid1_reg/C               reg_q1_reg[11]/CE              8.090         
reg_valid1_reg/C               reg_q1_reg[3]/CE               8.090         
tptr_reg[0]/C                  td_fused_top_dataflow_in_loop_TOP_LOOP48232_products_0_0_memcore_U_0/td_fused_top_dataflow_in_loop_TOP_LOOP48232_products_0_0_memcore_ram_U/ram_reg/DIADI[6]
                                                              8.099         
tptr_reg[0]/C                  td_fused_top_dataflow_in_loop_TOP_LOOP48232_products_0_0_memcore_U_0/td_fused_top_dataflow_in_loop_TOP_LOOP48232_products_0_0_memcore_ram_U/ram_reg/DIADI[14]
                                                              8.100         
empty_n_reg/C                  td_fused_top_dataflow_in_loop_TOP_LOOP48232_products_0_0_memcore_U_0/td_fused_top_dataflow_in_loop_TOP_LOOP48232_products_0_0_memcore_ram_U/ram_reg/DIADI[0]
                                                              8.102         
empty_n_reg/C                  td_fused_top_dataflow_in_loop_TOP_LOOP48232_products_0_0_memcore_U_1/td_fused_top_dataflow_in_loop_TOP_LOOP48232_products_0_0_memcore_ram_U/ram_reg/DIADI[10]
                                                              8.112         
tptr_reg[0]/C                  td_fused_top_dataflow_in_loop_TOP_LOOP48232_products_0_0_memcore_U_1/td_fused_top_dataflow_in_loop_TOP_LOOP48232_products_0_0_memcore_ram_U/ram_reg/DIADI[14]
                                                              8.115         
empty_n_reg/C                  td_fused_top_dataflow_in_loop_TOP_LOOP48232_products_0_0_memcore_U_0/td_fused_top_dataflow_in_loop_TOP_LOOP48232_products_0_0_memcore_ram_U/ram_reg/ADDRBWRADDR[8]
                                                              8.117         



