Copyright 1986-2018 Xilinx, Inc. All Rights Reserved.
--------------------------------------------------------------------------------------------------------------------------------------------------------------------------------------------------------------------
| Tool Version : Vivado v.2018.3 (lin64) Build 2405991 Thu Dec  6 23:36:41 MST 2018
| Date         : Thu Jan 13 08:14:02 2022
| Host         : koopa.ece.utexas.edu running 64-bit CentOS Linux release 7.9.2009 (Core)
| Command      : report_timing -sort_by group -max_paths 100 -path_type summary -file /misc/scratch/zwei1/reports_Jan12/raw_designs/vtr_designs/verilog/koios/tpu_like.medium_submodules/norm/post_route_timing.rpt
| Design       : norm
| Device       : 7z020-clg484
| Speed File   : -3  PRODUCTION 1.11 2014-09-11
--------------------------------------------------------------------------------------------------------------------------------------------------------------------------------------------------------------------

Timing Report

Startpoint                     Endpoint                       Slack(ns)     
----------------------------------------------------------------------------
norm_in_progress_reg/C         A[4]__19/R                     2.845         
norm_in_progress_reg/C         A[5]__19/R                     2.845         
norm_in_progress_reg/C         A[6]__19/R                     2.845         
norm_in_progress_reg/C         mean_applied_data_reg[175]/R   2.845         
norm_in_progress_reg/C         variance_applied_data_reg[67]/R
                                                              3.052         
norm_in_progress_reg/C         variance_applied_data_reg[65]/R
                                                              3.231         
norm_in_progress_reg/C         variance_applied_data_reg[70]/R
                                                              3.231         
norm_in_progress_reg/C         A[0]__18/R                     3.291         
norm_in_progress_reg/C         A[1]__19/R                     3.291         
norm_in_progress_reg/C         A[2]__19/R                     3.291         
norm_in_progress_reg/C         A[3]__19/R                     3.291         
norm_in_progress_reg/C         A[0]__23/R                     3.299         
norm_in_progress_reg/C         A[1]__24/R                     3.299         
norm_in_progress_reg/C         A[2]__24/R                     3.299         
norm_in_progress_reg/C         A[3]__24/R                     3.299         
norm_in_progress_reg/C         variance_applied_data_reg[57]/R
                                                              3.346         
norm_in_progress_reg/C         variance_applied_data_reg[62]/R
                                                              3.346         
norm_in_progress_reg/C         variance_applied_data_reg[170]/R
                                                              3.350         
norm_in_progress_reg/C         variance_applied_data_reg[172]/R
                                                              3.350         
norm_in_progress_reg/C         variance_applied_data_reg[173]/R
                                                              3.350         
norm_in_progress_reg/C         variance_applied_data_reg[175]/R
                                                              3.350         
norm_in_progress_reg/C         variance_applied_data_reg[64]/R
                                                              3.441         
norm_in_progress_reg/C         variance_applied_data_reg[68]/R
                                                              3.441         
norm_in_progress_reg/C         variance_applied_data_reg[71]/R
                                                              3.441         
norm_in_progress_reg/C         variance_applied_data_reg[122]/R
                                                              3.461         
norm_in_progress_reg/C         variance_applied_data_reg[124]/R
                                                              3.461         
norm_in_progress_reg/C         variance_applied_data_reg[125]/R
                                                              3.461         
norm_in_progress_reg/C         variance_applied_data_reg[58]/R
                                                              3.466         
norm_in_progress_reg/C         variance_applied_data_reg[61]/R
                                                              3.466         
norm_in_progress_reg/C         variance_applied_data_reg[120]/R
                                                              3.524         
norm_in_progress_reg/C         variance_applied_data_reg[127]/R
                                                              3.524         
norm_in_progress_reg/C         A[4]__6/R                      3.556         
norm_in_progress_reg/C         A[5]__6/R                      3.556         
norm_in_progress_reg/C         A[6]__6/R                      3.556         
norm_in_progress_reg/C         mean_applied_data_reg[71]/R    3.556         
norm_in_progress_reg/C         A[0]__4/R                      3.558         
norm_in_progress_reg/C         A[1]__5/R                      3.558         
norm_in_progress_reg/C         A[2]__5/R                      3.558         
norm_in_progress_reg/C         A[3]__5/R                      3.558         
norm_in_progress_reg/C         variance_applied_data_reg[56]/R
                                                              3.630         
norm_in_progress_reg/C         variance_applied_data_reg[63]/R
                                                              3.630         
norm_in_progress_reg/C         A[0]__5/R                      3.653         
norm_in_progress_reg/C         A[1]__6/R                      3.653         
norm_in_progress_reg/C         A[2]__6/R                      3.653         
norm_in_progress_reg/C         A[3]__6/R                      3.653         
norm_in_progress_reg/C         A[4]__5/R                      3.662         
norm_in_progress_reg/C         A[5]__5/R                      3.662         
norm_in_progress_reg/C         A[6]__5/R                      3.662         
norm_in_progress_reg/C         mean_applied_data_reg[63]/R    3.662         
norm_in_progress_reg/C         variance_applied_data_reg[66]/R
                                                              3.677         
norm_in_progress_reg/C         variance_applied_data_reg[69]/R
                                                              3.677         
norm_in_progress_reg/C         variance_applied_data_reg[60]/R
                                                              3.689         
norm_in_progress_reg/C         variance_applied_data_reg[51]/R
                                                              3.695         
norm_in_progress_reg/C         variance_applied_data_reg[169]/R
                                                              3.723         
norm_in_progress_reg/C         variance_applied_data_reg[174]/R
                                                              3.723         
norm_in_progress_reg/C         A[4]__13/R                     3.731         
norm_in_progress_reg/C         A[5]__13/R                     3.731         
norm_in_progress_reg/C         A[6]__13/R                     3.731         
norm_in_progress_reg/C         mean_applied_data_reg[127]/R   3.731         
norm_in_progress_reg/C         variance_applied_data_reg[203]/R
                                                              3.746         
norm_in_progress_reg/C         variance_applied_data_reg[59]/R
                                                              3.805         
norm_in_progress_reg/C         A[0]__12/R                     3.849         
norm_in_progress_reg/C         A[1]__13/R                     3.849         
norm_in_progress_reg/C         A[2]__13/R                     3.849         
norm_in_progress_reg/C         A[3]__13/R                     3.849         
norm_in_progress_reg/C         variance_applied_data_reg[121]/R
                                                              3.853         
norm_in_progress_reg/C         variance_applied_data_reg[126]/R
                                                              3.853         
norm_in_progress_reg/C         A[4]__25/R                     3.855         
norm_in_progress_reg/C         A[5]__25/R                     3.855         
norm_in_progress_reg/C         A[6]__25/R                     3.855         
norm_in_progress_reg/C         mean_applied_data_reg[223]/R   3.855         
norm_in_progress_reg/C         variance_applied_data_reg[206]/R
                                                              3.875         
norm_in_progress_reg/C         variance_applied_data_reg[207]/R
                                                              3.875         
norm_in_progress_reg/C         variance_applied_data_reg[204]/R
                                                              3.878         
norm_in_progress_reg/C         variance_applied_data_reg[205]/R
                                                              3.878         
norm_in_progress_reg/C         variance_applied_data_reg[220]/R
                                                              3.929         
norm_in_progress_reg/C         variance_applied_data_reg[221]/R
                                                              3.929         
norm_in_progress_reg/C         variance_applied_data_reg[147]/R
                                                              3.946         
norm_in_progress_reg/C         A[0]__15/R                     3.949         
norm_in_progress_reg/C         A[1]__16/R                     3.949         
norm_in_progress_reg/C         A[2]__16/R                     3.949         
norm_in_progress_reg/C         A[3]__16/R                     3.949         
norm_in_progress_reg/C         A[4]__23/R                     3.965         
norm_in_progress_reg/C         A[5]__23/R                     3.965         
norm_in_progress_reg/C         A[6]__23/R                     3.965         
norm_in_progress_reg/C         mean_applied_data_reg[207]/R   3.965         
norm_in_progress_reg/C         variance_applied_data_reg[123]/R
                                                              3.971         
norm_in_progress_reg/C         variance_applied_data_reg[200]/R
                                                              4.006         
norm_in_progress_reg/C         variance_applied_data_reg[222]/R
                                                              4.025         
norm_in_progress_reg/C         variance_applied_data_reg[223]/R
                                                              4.025         
norm_in_progress_reg/C         A[4]__16/R                     4.052         
norm_in_progress_reg/C         A[5]__16/R                     4.052         
norm_in_progress_reg/C         A[6]__16/R                     4.052         
norm_in_progress_reg/C         mean_applied_data_reg[151]/R   4.052         
norm_in_progress_reg/C         A[0]__22/R                     4.071         
norm_in_progress_reg/C         A[1]__23/R                     4.071         
norm_in_progress_reg/C         A[2]__23/R                     4.071         
norm_in_progress_reg/C         A[3]__23/R                     4.071         
norm_in_progress_reg/C         variance_applied_data_reg[99]/R
                                                              4.071         
norm_in_progress_reg/C         A[4]__24/R                     4.077         



