Copyright 1986-2018 Xilinx, Inc. All Rights Reserved.
------------------------------------------------------------------------------------------------------------------------------------------------------------------------
| Tool Version     : Vivado v.2018.3 (lin64) Build 2405991 Thu Dec  6 23:36:41 MST 2018
| Date             : Thu Jan 13 16:58:43 2022
| Host             : koopa.ece.utexas.edu running 64-bit CentOS Linux release 7.9.2009 (Core)
| Command          : report_power -file /misc/scratch/zwei1/reports_Jan12/raw_designs/vtr_designs/verilog/mcml_submodules/PhotonCalculator/post_synth_power.rpt
| Design           : PhotonCalculator
| Device           : xc7z020clg484-3
| Design State     : synthesized
| Grade            : extended
| Process          : typical
| Characterization : Production
------------------------------------------------------------------------------------------------------------------------------------------------------------------------

Power Report

Table of Contents
-----------------
1. Summary
1.1 On-Chip Components
1.2 Power Supply Summary
1.3 Confidence Level
2. Settings
2.1 Environment
2.2 Clock Constraints
3. Detailed Reports
3.1 By Hierarchy

1. Summary
----------

+--------------------------+--------------+
| Total On-Chip Power (mW) | 1375.490     |
| Design Power Budget (mW) | Unspecified* |
| Power Budget Margin (mW) | NA           |
| Dynamic (mW)             | 1249.722     |
| Device Static (mW)       | 125.768      |
| Effective TJA (C/W)      | 11.5         |
| Max Ambient (C)          | 84.1         |
| Junction Temperature (C) | 40.9         |
| Confidence Level         | Medium       |
| Setting File             | ---          |
| Simulation Activity File | ---          |
| Design Nets Matched      | NA           |
+--------------------------+--------------+
* Specify Design Power Budget using, set_operating_conditions -design_power_budget <value in Watts>


1.1 On-Chip Components
----------------------

+-------------------------+------------+----------+-----------+-----------------+
| On-Chip                 | Power (mW) | Used     | Available | Utilization (%) |
+-------------------------+------------+----------+-----------+-----------------+
| Clocks                  |    80.193  |        3 |       --- |             --- |
| Slice Logic             |   591.925  |    77040 |       --- |             --- |
|   LUT as Logic          |   521.076  |    42138 |     53200 |           79.21 |
|   CARRY4                |    56.131  |     7758 |     13300 |           58.33 |
|   Register              |     9.032  |    12183 |    106400 |           11.45 |
|   LUT as Shift Register |     5.632  |     1566 |     17400 |            9.00 |
|   F7/F8 Muxes           |     0.052  |      129 |     53200 |            0.24 |
|   Others                |     0.000  |      188 |       --- |             --- |
| Signals                 |   502.612  |    65879 |       --- |             --- |
| DSPs                    |    74.995  |      105 |       220 |           47.73 |
| Static Power            |   125.768  |          |           |                 |
| Total                   |  1375.494  |          |           |                 |
+-------------------------+------------+----------+-----------+-----------------+


1.2 Power Supply Summary
------------------------

+-----------+-------------+-----------+-------------+------------+
| Source    | Voltage (V) | Total (A) | Dynamic (A) | Static (A) |
+-----------+-------------+-----------+-------------+------------+
| Vccint    |       1.000 |     1.263 |       1.250 |      0.013 |
| Vccaux    |       1.800 |     0.014 |       0.000 |      0.014 |
| Vcco33    |       3.300 |     0.000 |       0.000 |      0.000 |
| Vcco25    |       2.500 |     0.000 |       0.000 |      0.000 |
| Vcco18    |       1.800 |     0.000 |       0.000 |      0.000 |
| Vcco15    |       1.500 |     0.000 |       0.000 |      0.000 |
| Vcco135   |       1.350 |     0.000 |       0.000 |      0.000 |
| Vcco12    |       1.200 |     0.000 |       0.000 |      0.000 |
| Vccaux_io |       1.800 |     0.000 |       0.000 |      0.000 |
| Vccbram   |       1.000 |     0.001 |       0.000 |      0.001 |
| MGTAVcc   |       1.000 |     0.000 |       0.000 |      0.000 |
| MGTAVtt   |       1.200 |     0.000 |       0.000 |      0.000 |
| MGTVccaux |       1.800 |     0.000 |       0.000 |      0.000 |
| Vccpint   |       1.000 |     0.027 |       0.000 |      0.027 |
| Vccpaux   |       1.800 |     0.010 |       0.000 |      0.010 |
| Vccpll    |       1.800 |     0.003 |       0.000 |      0.003 |
| Vcco_ddr  |       1.500 |     0.000 |       0.000 |      0.000 |
| Vcco_mio0 |       1.800 |     0.000 |       0.000 |      0.000 |
| Vcco_mio1 |       1.800 |     0.000 |       0.000 |      0.000 |
| Vccadc    |       1.800 |     0.020 |       0.000 |      0.020 |
+-----------+-------------+-----------+-------------+------------+


1.3 Confidence Level
--------------------

+-----------------------------+------------+------------------------------------------------+------------------------------------------------------------------------------------------------------------+
| User Input Data             | Confidence | Details                                        | Action                                                                                                     |
+-----------------------------+------------+------------------------------------------------+------------------------------------------------------------------------------------------------------------+
| Design implementation state | Low        | Design is synthesized                          | Accuracy of the tool is not optimal until design is fully placed and routed                                |
| Clock nodes activity        | High       | User specified more than 95% of clocks         |                                                                                                            |
| I/O nodes activity          | High       | User specified more than 95% of inputs         |                                                                                                            |
| Internal nodes activity     | Medium     | User specified less than 25% of internal nodes | Provide missing internal nodes activity with simulation results or by editing the "By Resource Type" views |
| Device models               | High       | Device models are Production                   |                                                                                                            |
|                             |            |                                                |                                                                                                            |
| Overall confidence level    | Medium     |                                                |                                                                                                            |
+-----------------------------+------------+------------------------------------------------+------------------------------------------------------------------------------------------------------------+


2. Settings
-----------

2.1 Environment
---------------

+-----------------------+------------------------+
| Ambient Temp (C)      | 25.0                   |
| ThetaJA (C/W)         | 11.5                   |
| Airflow (LFM)         | 250                    |
| Heat Sink             | none                   |
| ThetaSA (C/W)         | 0.0                    |
| Board Selection       | medium (10"x10")       |
| # of Board Layers     | 8to11 (8 to 11 Layers) |
| Board Temperature (C) | 25.0                   |
+-----------------------+------------------------+


2.2 Clock Constraints
---------------------

+-------+--------+-----------------+
| Clock | Domain | Constraint (ns) |
+-------+--------+-----------------+
| clk   | clock  |            10.0 |
+-------+--------+-----------------+


3. Detailed Reports
-------------------

3.1 By Hierarchy
----------------

+------------------------+------------+
| Name                   | Power (mW) |
+------------------------+------------+
| PhotonCalculator       |  1249.726  |
|   Roulette             |     7.569  |
|   boundaryChecker      |   294.582  |
|     divide_u1          |   248.262  |
|       div_replace      |   248.262  |
|     mult_u1            |     9.187  |
|     mult_u2            |     0.414  |
|     mult_u3            |     7.197  |
|   dropSpin             |   895.613  |
|     absorb             |   235.086  |
|       photon1          |     0.342  |
|       photon12         |     0.019  |
|       photon13         |     0.027  |
|       photon14         |     0.168  |
|       photon15         |     0.272  |
|       photon15q        |     1.165  |
|       photon16         |     0.335  |
|       photon16q        |     0.651  |
|       photon17         |     0.254  |
|       photon17q        |     1.434  |
|       photon18q        |     0.152  |
|       photon2          |     0.346  |
|       photon3          |     0.480  |
|       photon35         |     0.431  |
|       photon36         |     0.586  |
|       photon37         |     0.758  |
|       photon4          |     0.780  |
|       photon5          |     0.006  |
|       squareRoot       |   207.592  |
|     photon1            |     2.436  |
|     photon10           |     0.006  |
|     photon11           |     0.006  |
|     photon12           |     0.148  |
|     photon13           |     0.204  |
|     photon14           |     0.274  |
|     photon15           |     0.006  |
|     photon16           |     0.006  |
|     photon17           |     0.006  |
|     photon18           |     0.006  |
|     photon19           |     0.006  |
|     photon2            |     0.766  |
|     photon20           |     0.006  |
|     photon21           |     0.006  |
|     photon22           |     0.006  |
|     photon23           |     0.006  |
|     photon24           |     0.006  |
|     photon25           |     0.006  |
|     photon26           |     0.006  |
|     photon27           |     0.006  |
|     photon28           |     0.006  |
|     photon29           |     0.025  |
|     photon3            |     2.077  |
|     photon30           |     0.574  |
|     photon31           |     1.221  |
|     photon32           |     2.424  |
|     photon33           |     2.705  |
|     photon34           |     0.963  |
|     photon35           |     5.922  |
|     photon36           |     4.997  |
|     photon37           |     2.204  |
|     photon4            |     0.331  |
|     photon5            |     0.006  |
|     photon6            |     0.006  |
|     photon7            |     0.006  |
|     photon8            |     0.006  |
|     photon9            |     0.006  |
|     scattererReflector |   633.134  |
|       divide1_16       |   294.659  |
|       multiplier1_2    |     6.187  |
|       multiplier1_33   |     2.371  |
|       multiplier1_34   |     6.336  |
|       multiplier1_36   |     9.614  |
|       multiplier1_4    |     6.827  |
|       multiplier2_33   |     2.371  |
|       multiplier2_34   |     6.896  |
|       multiplier2_36   |     9.851  |
|       multiplier3_33   |     5.786  |
|       multiplier3_34   |     8.163  |
|       multiplier3_36   |     7.753  |
|       multiplier4_34   |     7.822  |
|       multiplier4_36   |     6.189  |
|       multiplier5_36   |     6.241  |
|       multiplier6_36   |     6.622  |
|       reflector_0      |     8.673  |
|       scatterer_0      |    19.890  |
|       squareRoot1_6    |   210.883  |
|   hopper               |    18.819  |
|     u1                 |     5.233  |
|     u2                 |     5.561  |
|     u3                 |     6.106  |
|   log_u1               |     3.237  |
|   mover                |    16.847  |
|   rand_u1              |     2.903  |
|   rand_u2              |     2.377  |
|   rand_u4              |     2.044  |
|   rand_u5              |     4.241  |
+------------------------+------------+


