Copyright 1986-2018 Xilinx, Inc. All Rights Reserved.
-------------------------------------------------------------------------------------------------------------------------------------------------------------------------------------------------------------------------------------------------
| Tool Version : Vivado v.2018.3 (lin64) Build 2405991 Thu Dec  6 23:36:41 MST 2018
| Date         : Thu Jan 13 07:27:03 2022
| Host         : koopa.ece.utexas.edu running 64-bit CentOS Linux release 7.9.2009 (Core)
| Command      : report_timing -sort_by group -max_paths 100 -path_type summary -file /misc/scratch/zwei1/reports_Jan12/raw_designs/vtr_designs/verilog/koios/tiny_darknet_like.small_submodules/td_fused_top_tdf2_filters/post_route_timing.rpt
| Design       : td_fused_top_tdf2_filters
| Device       : 7z020-clg484
| Speed File   : -3  PRODUCTION 1.11 2014-09-11
-------------------------------------------------------------------------------------------------------------------------------------------------------------------------------------------------------------------------------------------------

Timing Report

Startpoint                     Endpoint                       Slack(ns)     
----------------------------------------------------------------------------
td_fused_top_tdf2_filters_ram_U/we1_t1_reg/C
                               td_fused_top_tdf2_filters_ram_U/ram_reg_1/ENARDEN
                                                              7.797         
td_fused_top_tdf2_filters_ram_U/addr1_t1_reg[8]/C
                               td_fused_top_tdf2_filters_ram_U/ram_reg_1/ADDRARDADDR[10]
                                                              7.987         
td_fused_top_tdf2_filters_ram_U/addr1_t1_reg[4]/C
                               td_fused_top_tdf2_filters_ram_U/ram_reg_1/ADDRARDADDR[6]
                                                              8.000         
td_fused_top_tdf2_filters_ram_U/addr1_t1_reg[10]/C
                               td_fused_top_tdf2_filters_ram_U/ram_reg_1/ADDRARDADDR[12]
                                                              8.002         
td_fused_top_tdf2_filters_ram_U/addr1_t1_reg[5]/C
                               td_fused_top_tdf2_filters_ram_U/ram_reg_1/ADDRARDADDR[7]
                                                              8.002         
td_fused_top_tdf2_filters_ram_U/addr0_t1_reg[5]/C
                               td_fused_top_tdf2_filters_ram_U/ram_reg_1/ADDRBWRADDR[7]
                                                              8.047         
td_fused_top_tdf2_filters_ram_U/we1_t1_reg/C
                               td_fused_top_tdf2_filters_ram_U/ram_reg_0/ENARDEN
                                                              8.054         
td_fused_top_tdf2_filters_ram_U/addr0_t1_reg[6]/C
                               td_fused_top_tdf2_filters_ram_U/ram_reg_1/ADDRBWRADDR[8]
                                                              8.059         
td_fused_top_tdf2_filters_ram_U/addr0_t1_reg[7]/C
                               td_fused_top_tdf2_filters_ram_U/ram_reg_0/ADDRBWRADDR[9]
                                                              8.059         
td_fused_top_tdf2_filters_ram_U/addr1_t1_reg[10]/C
                               td_fused_top_tdf2_filters_ram_U/ram_reg_2/ADDRARDADDR[12]
                                                              8.068         
td_fused_top_tdf2_filters_ram_U/addr0_t1_reg[3]/C
                               td_fused_top_tdf2_filters_ram_U/ram_reg_0/ADDRBWRADDR[5]
                                                              8.079         
td_fused_top_tdf2_filters_ram_U/addr0_t1_reg[12]/C
                               td_fused_top_tdf2_filters_ram_U/ram_reg_0/ADDRBWRADDR[14]
                                                              8.080         
td_fused_top_tdf2_filters_ram_U/addr0_t1_reg[4]/C
                               td_fused_top_tdf2_filters_ram_U/ram_reg_0/ADDRBWRADDR[6]
                                                              8.080         
td_fused_top_tdf2_filters_ram_U/addr0_t1_reg[0]/C
                               td_fused_top_tdf2_filters_ram_U/ram_reg_1/ADDRBWRADDR[2]
                                                              8.083         
td_fused_top_tdf2_filters_ram_U/addr1_t1_reg[7]/C
                               td_fused_top_tdf2_filters_ram_U/ram_reg_1/ADDRARDADDR[9]
                                                              8.104         
td_fused_top_tdf2_filters_ram_U/addr1_t1_reg[8]/C
                               td_fused_top_tdf2_filters_ram_U/ram_reg_2/ADDRARDADDR[10]
                                                              8.104         
td_fused_top_tdf2_filters_ram_U/addr0_t1_reg[11]/C
                               td_fused_top_tdf2_filters_ram_U/ram_reg_1/ADDRBWRADDR[13]
                                                              8.106         
td_fused_top_tdf2_filters_ram_U/addr1_t1_reg[4]/C
                               td_fused_top_tdf2_filters_ram_U/ram_reg_2/ADDRARDADDR[6]
                                                              8.107         
td_fused_top_tdf2_filters_ram_U/addr1_t1_reg[7]/C
                               td_fused_top_tdf2_filters_ram_U/ram_reg_2/ADDRARDADDR[9]
                                                              8.108         
td_fused_top_tdf2_filters_ram_U/addr1_t1_reg[5]/C
                               td_fused_top_tdf2_filters_ram_U/ram_reg_2/ADDRARDADDR[7]
                                                              8.109         
td_fused_top_tdf2_filters_ram_U/addr0_t1_reg[1]/C
                               td_fused_top_tdf2_filters_ram_U/ram_reg_2/ADDRBWRADDR[3]
                                                              8.110         
td_fused_top_tdf2_filters_ram_U/addr1_t1_reg[11]/C
                               td_fused_top_tdf2_filters_ram_U/ram_reg_1/ADDRARDADDR[13]
                                                              8.115         
td_fused_top_tdf2_filters_ram_U/addr1_t1_reg[0]/C
                               td_fused_top_tdf2_filters_ram_U/ram_reg_1/ADDRARDADDR[2]
                                                              8.134         
td_fused_top_tdf2_filters_ram_U/addr0_t1_reg[1]/C
                               td_fused_top_tdf2_filters_ram_U/ram_reg_0/ADDRBWRADDR[3]
                                                              8.137         
td_fused_top_tdf2_filters_ram_U/addr0_t1_reg[2]/C
                               td_fused_top_tdf2_filters_ram_U/ram_reg_0/ADDRBWRADDR[4]
                                                              8.143         
td_fused_top_tdf2_filters_ram_U/addr0_t1_reg[12]/C
                               td_fused_top_tdf2_filters_ram_U/ram_reg_2/ADDRBWRADDR[14]
                                                              8.143         
td_fused_top_tdf2_filters_ram_U/addr1_t1_reg[2]/C
                               td_fused_top_tdf2_filters_ram_U/ram_reg_0/ADDRARDADDR[4]
                                                              8.143         
td_fused_top_tdf2_filters_ram_U/addr0_t1_reg[10]/C
                               td_fused_top_tdf2_filters_ram_U/ram_reg_0/ADDRBWRADDR[12]
                                                              8.146         
td_fused_top_tdf2_filters_ram_U/addr0_t1_reg[0]/C
                               td_fused_top_tdf2_filters_ram_U/ram_reg_3/ADDRBWRADDR[2]
                                                              8.151         
td_fused_top_tdf2_filters_ram_U/addr0_t1_reg[2]/C
                               td_fused_top_tdf2_filters_ram_U/ram_reg_2/ADDRBWRADDR[4]
                                                              8.153         
td_fused_top_tdf2_filters_ram_U/addr1_t1_reg[1]/C
                               td_fused_top_tdf2_filters_ram_U/ram_reg_2/ADDRARDADDR[3]
                                                              8.169         
td_fused_top_tdf2_filters_ram_U/addr1_t1_reg[0]/C
                               td_fused_top_tdf2_filters_ram_U/ram_reg_3/ADDRARDADDR[2]
                                                              8.171         
td_fused_top_tdf2_filters_ram_U/addr1_t1_reg[2]/C
                               td_fused_top_tdf2_filters_ram_U/ram_reg_2/ADDRARDADDR[4]
                                                              8.177         
td_fused_top_tdf2_filters_ram_U/addr0_t1_reg[9]/C
                               td_fused_top_tdf2_filters_ram_U/ram_reg_2/ADDRBWRADDR[11]
                                                              8.177         
td_fused_top_tdf2_filters_ram_U/addr0_t1_reg[6]/C
                               td_fused_top_tdf2_filters_ram_U/ram_reg_2/ADDRBWRADDR[8]
                                                              8.178         
td_fused_top_tdf2_filters_ram_U/addr1_t1_reg[11]/C
                               td_fused_top_tdf2_filters_ram_U/ram_reg_3/ADDRARDADDR[13]
                                                              8.181         
td_fused_top_tdf2_filters_ram_U/addr0_t1_reg[11]/C
                               td_fused_top_tdf2_filters_ram_U/ram_reg_2/ADDRBWRADDR[13]
                                                              8.187         
td_fused_top_tdf2_filters_ram_U/addr0_t1_reg[8]/C
                               td_fused_top_tdf2_filters_ram_U/ram_reg_0/ADDRBWRADDR[10]
                                                              8.188         
td_fused_top_tdf2_filters_ram_U/addr1_t1_reg[12]/C
                               td_fused_top_tdf2_filters_ram_U/ram_reg_2/ADDRARDADDR[14]
                                                              8.192         
td_fused_top_tdf2_filters_ram_U/addr1_t1_reg[12]/C
                               td_fused_top_tdf2_filters_ram_U/ram_reg_1/ADDRARDADDR[14]
                                                              8.192         
td_fused_top_tdf2_filters_ram_U/addr1_t1_reg[1]/C
                               td_fused_top_tdf2_filters_ram_U/ram_reg_1/ADDRARDADDR[3]
                                                              8.193         
td_fused_top_tdf2_filters_ram_U/addr1_t1_reg[3]/C
                               td_fused_top_tdf2_filters_ram_U/ram_reg_1/ADDRARDADDR[5]
                                                              8.194         
td_fused_top_tdf2_filters_ram_U/addr1_t1_reg[3]/C
                               td_fused_top_tdf2_filters_ram_U/ram_reg_2/ADDRARDADDR[5]
                                                              8.197         
td_fused_top_tdf2_filters_ram_U/addr0_t1_reg[7]/C
                               td_fused_top_tdf2_filters_ram_U/ram_reg_2/ADDRBWRADDR[9]
                                                              8.205         
td_fused_top_tdf2_filters_ram_U/addr0_t1_reg[9]/C
                               td_fused_top_tdf2_filters_ram_U/ram_reg_1/ADDRBWRADDR[11]
                                                              8.206         
td_fused_top_tdf2_filters_ram_U/addr0_t1_reg[5]/C
                               td_fused_top_tdf2_filters_ram_U/ram_reg_3/ADDRBWRADDR[7]
                                                              8.216         
td_fused_top_tdf2_filters_ram_U/addr0_t1_reg[10]/C
                               td_fused_top_tdf2_filters_ram_U/ram_reg_2/ADDRBWRADDR[12]
                                                              8.218         
td_fused_top_tdf2_filters_ram_U/addr1_t1_reg[6]/C
                               td_fused_top_tdf2_filters_ram_U/ram_reg_1/ADDRARDADDR[8]
                                                              8.229         
td_fused_top_tdf2_filters_ram_U/addr1_t1_reg[9]/C
                               td_fused_top_tdf2_filters_ram_U/ram_reg_1/ADDRARDADDR[11]
                                                              8.231         
td_fused_top_tdf2_filters_ram_U/addr0_t1_reg[3]/C
                               td_fused_top_tdf2_filters_ram_U/ram_reg_2/ADDRBWRADDR[5]
                                                              8.238         
td_fused_top_tdf2_filters_ram_U/addr0_t1_reg[4]/C
                               td_fused_top_tdf2_filters_ram_U/ram_reg_2/ADDRBWRADDR[6]
                                                              8.247         
td_fused_top_tdf2_filters_ram_U/addr0_t1_reg[8]/C
                               td_fused_top_tdf2_filters_ram_U/ram_reg_2/ADDRBWRADDR[10]
                                                              8.249         
td_fused_top_tdf2_filters_ram_U/addr1_t1_reg[8]/C
                               td_fused_top_tdf2_filters_ram_U/ram_reg_0/ADDRARDADDR[10]
                                                              8.267         
td_fused_top_tdf2_filters_ram_U/addr1_t1_reg[6]/C
                               td_fused_top_tdf2_filters_ram_U/ram_reg_3/ADDRARDADDR[8]
                                                              8.271         
td_fused_top_tdf2_filters_ram_U/addr1_t1_reg[9]/C
                               td_fused_top_tdf2_filters_ram_U/ram_reg_3/ADDRARDADDR[11]
                                                              8.272         
td_fused_top_tdf2_filters_ram_U/addr1_t1_reg[4]/C
                               td_fused_top_tdf2_filters_ram_U/ram_reg_0/ADDRARDADDR[6]
                                                              8.280         
td_fused_top_tdf2_filters_ram_U/addr1_t1_reg[10]/C
                               td_fused_top_tdf2_filters_ram_U/ram_reg_0/ADDRARDADDR[12]
                                                              8.282         
td_fused_top_tdf2_filters_ram_U/addr1_t1_reg[5]/C
                               td_fused_top_tdf2_filters_ram_U/ram_reg_0/ADDRARDADDR[7]
                                                              8.282         
td_fused_top_tdf2_filters_ram_U/we1_t1_reg/C
                               td_fused_top_tdf2_filters_ram_U/ram_reg_3/ENARDEN
                                                              8.303         
td_fused_top_tdf2_filters_ram_U/addr0_t1_reg[5]/C
                               td_fused_top_tdf2_filters_ram_U/ram_reg_0/ADDRBWRADDR[7]
                                                              8.327         
td_fused_top_tdf2_filters_ram_U/addr0_t1_reg[6]/C
                               td_fused_top_tdf2_filters_ram_U/ram_reg_0/ADDRBWRADDR[8]
                                                              8.339         
td_fused_top_tdf2_filters_ram_U/addr0_t1_reg[7]/C
                               td_fused_top_tdf2_filters_ram_U/ram_reg_1/ADDRBWRADDR[9]
                                                              8.339         
td_fused_top_tdf2_filters_ram_U/addr1_t1_reg[10]/C
                               td_fused_top_tdf2_filters_ram_U/ram_reg_3/ADDRARDADDR[12]
                                                              8.348         
td_fused_top_tdf2_filters_ram_U/addr0_t1_reg[3]/C
                               td_fused_top_tdf2_filters_ram_U/ram_reg_1/ADDRBWRADDR[5]
                                                              8.359         
td_fused_top_tdf2_filters_ram_U/addr0_t1_reg[12]/C
                               td_fused_top_tdf2_filters_ram_U/ram_reg_1/ADDRBWRADDR[14]
                                                              8.360         
td_fused_top_tdf2_filters_ram_U/addr0_t1_reg[4]/C
                               td_fused_top_tdf2_filters_ram_U/ram_reg_1/ADDRBWRADDR[6]
                                                              8.360         
td_fused_top_tdf2_filters_ram_U/we1_t1_reg/C
                               td_fused_top_tdf2_filters_ram_U/ram_reg_2/ENARDEN
                                                              8.363         
td_fused_top_tdf2_filters_ram_U/addr0_t1_reg[0]/C
                               td_fused_top_tdf2_filters_ram_U/ram_reg_0/ADDRBWRADDR[2]
                                                              8.363         
td_fused_top_tdf2_filters_ram_U/addr1_t1_reg[7]/C
                               td_fused_top_tdf2_filters_ram_U/ram_reg_0/ADDRARDADDR[9]
                                                              8.384         
td_fused_top_tdf2_filters_ram_U/addr1_t1_reg[8]/C
                               td_fused_top_tdf2_filters_ram_U/ram_reg_3/ADDRARDADDR[10]
                                                              8.384         
td_fused_top_tdf2_filters_ram_U/addr0_t1_reg[11]/C
                               td_fused_top_tdf2_filters_ram_U/ram_reg_0/ADDRBWRADDR[13]
                                                              8.386         
td_fused_top_tdf2_filters_ram_U/addr1_t1_reg[4]/C
                               td_fused_top_tdf2_filters_ram_U/ram_reg_3/ADDRARDADDR[6]
                                                              8.387         
td_fused_top_tdf2_filters_ram_U/addr1_t1_reg[7]/C
                               td_fused_top_tdf2_filters_ram_U/ram_reg_3/ADDRARDADDR[9]
                                                              8.388         
td_fused_top_tdf2_filters_ram_U/addr1_t1_reg[5]/C
                               td_fused_top_tdf2_filters_ram_U/ram_reg_3/ADDRARDADDR[7]
                                                              8.389         
td_fused_top_tdf2_filters_ram_U/addr0_t1_reg[1]/C
                               td_fused_top_tdf2_filters_ram_U/ram_reg_3/ADDRBWRADDR[3]
                                                              8.390         
td_fused_top_tdf2_filters_ram_U/addr1_t1_reg[11]/C
                               td_fused_top_tdf2_filters_ram_U/ram_reg_0/ADDRARDADDR[13]
                                                              8.395         
td_fused_top_tdf2_filters_ram_U/addr1_t1_reg[0]/C
                               td_fused_top_tdf2_filters_ram_U/ram_reg_0/ADDRARDADDR[2]
                                                              8.414         
td_fused_top_tdf2_filters_ram_U/addr0_t1_reg[1]/C
                               td_fused_top_tdf2_filters_ram_U/ram_reg_1/ADDRBWRADDR[3]
                                                              8.417         
td_fused_top_tdf2_filters_ram_U/addr0_t1_reg[2]/C
                               td_fused_top_tdf2_filters_ram_U/ram_reg_1/ADDRBWRADDR[4]
                                                              8.423         
td_fused_top_tdf2_filters_ram_U/addr0_t1_reg[12]/C
                               td_fused_top_tdf2_filters_ram_U/ram_reg_3/ADDRBWRADDR[14]
                                                              8.423         
td_fused_top_tdf2_filters_ram_U/addr1_t1_reg[2]/C
                               td_fused_top_tdf2_filters_ram_U/ram_reg_1/ADDRARDADDR[4]
                                                              8.423         
td_fused_top_tdf2_filters_ram_U/addr0_t1_reg[10]/C
                               td_fused_top_tdf2_filters_ram_U/ram_reg_1/ADDRBWRADDR[12]
                                                              8.426         
td_fused_top_tdf2_filters_ram_U/addr0_t1_reg[0]/C
                               td_fused_top_tdf2_filters_ram_U/ram_reg_2/ADDRBWRADDR[2]
                                                              8.431         
td_fused_top_tdf2_filters_ram_U/addr0_t1_reg[2]/C
                               td_fused_top_tdf2_filters_ram_U/ram_reg_3/ADDRBWRADDR[4]
                                                              8.433         
td_fused_top_tdf2_filters_ram_U/addr1_t1_reg[1]/C
                               td_fused_top_tdf2_filters_ram_U/ram_reg_3/ADDRARDADDR[3]
                                                              8.449         
td_fused_top_tdf2_filters_ram_U/addr1_t1_reg[0]/C
                               td_fused_top_tdf2_filters_ram_U/ram_reg_2/ADDRARDADDR[2]
                                                              8.451         
td_fused_top_tdf2_filters_ram_U/addr1_t1_reg[2]/C
                               td_fused_top_tdf2_filters_ram_U/ram_reg_3/ADDRARDADDR[4]
                                                              8.457         
td_fused_top_tdf2_filters_ram_U/addr0_t1_reg[9]/C
                               td_fused_top_tdf2_filters_ram_U/ram_reg_3/ADDRBWRADDR[11]
                                                              8.457         
td_fused_top_tdf2_filters_ram_U/addr0_t1_reg[6]/C
                               td_fused_top_tdf2_filters_ram_U/ram_reg_3/ADDRBWRADDR[8]
                                                              8.458         
td_fused_top_tdf2_filters_ram_U/addr1_t1_reg[11]/C
                               td_fused_top_tdf2_filters_ram_U/ram_reg_2/ADDRARDADDR[13]
                                                              8.461         
td_fused_top_tdf2_filters_ram_U/addr0_t1_reg[11]/C
                               td_fused_top_tdf2_filters_ram_U/ram_reg_3/ADDRBWRADDR[13]
                                                              8.467         
td_fused_top_tdf2_filters_ram_U/addr0_t1_reg[8]/C
                               td_fused_top_tdf2_filters_ram_U/ram_reg_1/ADDRBWRADDR[10]
                                                              8.468         
td_fused_top_tdf2_filters_ram_U/addr1_t1_reg[12]/C
                               td_fused_top_tdf2_filters_ram_U/ram_reg_3/ADDRARDADDR[14]
                                                              8.472         
td_fused_top_tdf2_filters_ram_U/addr1_t1_reg[12]/C
                               td_fused_top_tdf2_filters_ram_U/ram_reg_0/ADDRARDADDR[14]
                                                              8.472         
td_fused_top_tdf2_filters_ram_U/addr1_t1_reg[1]/C
                               td_fused_top_tdf2_filters_ram_U/ram_reg_0/ADDRARDADDR[3]
                                                              8.473         
td_fused_top_tdf2_filters_ram_U/addr1_t1_reg[3]/C
                               td_fused_top_tdf2_filters_ram_U/ram_reg_0/ADDRARDADDR[5]
                                                              8.474         
td_fused_top_tdf2_filters_ram_U/addr1_t1_reg[3]/C
                               td_fused_top_tdf2_filters_ram_U/ram_reg_3/ADDRARDADDR[5]
                                                              8.477         
td_fused_top_tdf2_filters_ram_U/addr0_t1_reg[7]/C
                               td_fused_top_tdf2_filters_ram_U/ram_reg_3/ADDRBWRADDR[9]
                                                              8.485         
td_fused_top_tdf2_filters_ram_U/addr0_t1_reg[9]/C
                               td_fused_top_tdf2_filters_ram_U/ram_reg_0/ADDRBWRADDR[11]
                                                              8.486         
td_fused_top_tdf2_filters_ram_U/addr0_t1_reg[5]/C
                               td_fused_top_tdf2_filters_ram_U/ram_reg_2/ADDRBWRADDR[7]
                                                              8.496         



