Copyright 1986-2018 Xilinx, Inc. All Rights Reserved.
----------------------------------------------------------------------------------------------------------------------------------------------------------------------------------------------------------------
| Tool Version : Vivado v.2018.3 (lin64) Build 2405991 Thu Dec  6 23:36:41 MST 2018
| Date         : Tue Jan 11 21:12:50 2022
| Host         : koopa.ece.utexas.edu running 64-bit CentOS Linux release 7.9.2009 (Core)
| Command      : report_timing -sort_by group -max_paths 100 -path_type summary -file /misc/scratch/zwei1/reports_Jan12/raw_designs/opencores/arithmetic/apbtoaes_submodules/control_unit/post_route_timing.rpt
| Design       : control_unit
| Device       : 7z020-clg484
| Speed File   : -3  PRODUCTION 1.11 2014-09-11
----------------------------------------------------------------------------------------------------------------------------------------------------------------------------------------------------------------

Timing Report

Startpoint                     Endpoint                       Slack(ns)     
----------------------------------------------------------------------------
FSM_sequential_state_reg[1]/C  FSM_sequential_state_reg[0]/D  7.188         
FSM_sequential_state_reg[1]/C  rd_count_reg[1]/CE             7.486         
FSM_sequential_state_reg[1]/C  rd_count_reg[2]/CE             7.486         
FSM_sequential_state_reg[1]/C  rd_count_reg[3]/CE             7.486         
rd_count_reg[1]/C              FSM_sequential_state_reg[2]/D  7.502         
FSM_sequential_state_reg[1]/C  FSM_sequential_state_reg[3]/D  7.538         
FSM_sequential_state_reg[1]/C  rd_count_reg[0]/CE             7.605         
rd_count_reg[1]/C              rd_count_reg[2]/D              7.713         
rd_count_reg[1]/C              rd_count_reg[3]/D              7.729         
rd_count_reg[0]/C              FSM_sequential_state_reg[1]/D  7.907         
rd_count_reg[1]/C              rd_count_reg[1]/D              7.957         
rd_count_reg[1]/C              rd_count_reg[0]/D              8.269         



