Copyright 1986-2018 Xilinx, Inc. All Rights Reserved.
---------------------------------------------------------------------------------------------------------------------------------------------------------------------------------------------------------------------
| Tool Version : Vivado v.2018.3 (lin64) Build 2405991 Thu Dec  6 23:36:41 MST 2018
| Date         : Tue Jan 11 23:12:03 2022
| Host         : koopa.ece.utexas.edu running 64-bit CentOS Linux release 7.9.2009 (Core)
| Command      : report_timing -sort_by group -max_paths 100 -path_type summary -file /misc/scratch/zwei1/reports_Jan12/raw_designs/vtr_designs/verilog/koios/attention_layer_submodules/qadd2/post_route_timing.rpt
| Design       : qadd2
| Device       : 7z020-clg484
| Speed File   : -3  PRODUCTION 1.11 2014-09-11
---------------------------------------------------------------------------------------------------------------------------------------------------------------------------------------------------------------------

Timing Report

Startpoint                     Endpoint                       Slack(ns)     
----------------------------------------------------------------------------
b[1]                           c[15]                          inf           
b[1]                           c[13]                          inf           
b[1]                           c[14]                          inf           
b[1]                           c[12]                          inf           
b[1]                           c[11]                          inf           
b[1]                           c[9]                           inf           
b[1]                           c[10]                          inf           
b[1]                           c[8]                           inf           
b[1]                           c[7]                           inf           
b[1]                           c[5]                           inf           
b[1]                           c[6]                           inf           
b[1]                           c[4]                           inf           
b[1]                           c[3]                           inf           
b[1]                           c[2]                           inf           
b[0]                           c[1]                           inf           
b[0]                           c[0]                           inf           



