Copyright 1986-2018 Xilinx, Inc. All Rights Reserved.
---------------------------------------------------------------------------------------------------------------------------------------------------------------------------------------------------------------------------------------
| Tool Version : Vivado v.2018.3 (lin64) Build 2405991 Thu Dec  6 23:36:41 MST 2018
| Date         : Wed Jan 12 23:45:56 2022
| Host         : koopa.ece.utexas.edu running 64-bit CentOS Linux release 7.9.2009 (Core)
| Command      : report_timing -sort_by group -max_paths 100 -path_type summary -file /misc/scratch/zwei1/reports_Jan12/raw_designs/vtr_designs/verilog/koios/conv_layer_hls_submodules/FPAddSub_ExecutionModule/post_route_timing.rpt
| Design       : FPAddSub_ExecutionModule
| Device       : 7z020-clg484
| Speed File   : -3  PRODUCTION 1.11 2014-09-11
---------------------------------------------------------------------------------------------------------------------------------------------------------------------------------------------------------------------------------------

Timing Report

Startpoint                     Endpoint                       Slack(ns)     
----------------------------------------------------------------------------
Sb                             Sum[16]                        inf           
Sb                             Sum[15]                        inf           
Sb                             Sum[14]                        inf           
Sb                             Sum[12]                        inf           
Sb                             Sum[13]                        inf           
Sb                             Sum[11]                        inf           
Sb                             Sum[10]                        inf           
Sb                             Sum[8]                         inf           
Sb                             Sum[9]                         inf           
Sb                             Sum[7]                         inf           
Sb                             Sum[6]                         inf           
Mmax[0]                        Sum[5]                         inf           
Sb                             Opr                            inf           
MaxAB                          PSgn                           inf           



