Copyright 1986-2018 Xilinx, Inc. All Rights Reserved.
----------------------------------------------------------------------------------------------------------------------------------------------------------------------------------------------------------------------
| Tool Version : Vivado v.2018.3 (lin64) Build 2405991 Thu Dec  6 23:36:41 MST 2018
| Date         : Wed Jan 12 09:49:34 2022
| Host         : koopa.ece.utexas.edu running 64-bit CentOS Linux release 7.9.2009 (Core)
| Command      : report_timing_summary -file /misc/scratch/zwei1/reports_Jan12/raw_designs/vtr_designs/verilog/koios/tiny_darknet_like.medium_submodules/td_fused_top_tdf8_readInputs59/post_place_timing_summary.rpt
| Design       : td_fused_top_tdf8_readInputs59
| Device       : 7z020-clg484
| Speed File   : -3  PRODUCTION 1.11 2014-09-11
----------------------------------------------------------------------------------------------------------------------------------------------------------------------------------------------------------------------

Timing Summary Report

------------------------------------------------------------------------------------------------
| Timer Settings
| --------------
------------------------------------------------------------------------------------------------

  Enable Multi Corner Analysis               :  Yes
  Enable Pessimism Removal                   :  Yes
  Pessimism Removal Resolution               :  Nearest Common Node
  Enable Input Delay Default Clock           :  No
  Enable Preset / Clear Arcs                 :  No
  Disable Flight Delays                      :  No
  Ignore I/O Paths                           :  No
  Timing Early Launch at Borrowing Latches   :  false

  Corner  Analyze    Analyze    
  Name    Max Paths  Min Paths  
  ------  ---------  ---------  
  Slow    Yes        Yes        
  Fast    Yes        Yes        



check_timing report

Table of Contents
-----------------
1. checking no_clock
2. checking constant_clock
3. checking pulse_width_clock
4. checking unconstrained_internal_endpoints
5. checking no_input_delay
6. checking no_output_delay
7. checking multiple_clock
8. checking generated_clocks
9. checking loops
10. checking partial_input_delay
11. checking partial_output_delay
12. checking latch_loops

1. checking no_clock
--------------------
 There are 0 register/latch pins with no clock.


2. checking constant_clock
--------------------------
 There are 0 register/latch pins with constant_clock.


3. checking pulse_width_clock
-----------------------------
 There are 0 register/latch pins which need pulse_width check


4. checking unconstrained_internal_endpoints
--------------------------------------------
 There are 0 pins that are not constrained for maximum delay.

 There are 0 pins that are not constrained for maximum delay due to constant clock.


5. checking no_input_delay
--------------------------
 There are 99 input ports with no input delay specified. (HIGH)

 There are 0 input ports with no input delay but user has a false path constraint.


6. checking no_output_delay
---------------------------
 There are 69 ports with no output delay specified. (HIGH)

 There are 0 ports with no output delay but user has a false path constraint

 There are 0 ports with no output delay but with a timing clock defined on it or propagating through it


7. checking multiple_clock
--------------------------
 There are 0 register/latch pins with multiple clocks.


8. checking generated_clocks
----------------------------
 There are 0 generated clocks that are not connected to a clock source.


9. checking loops
-----------------
 There are 0 combinational loops in the design.


10. checking partial_input_delay
--------------------------------
 There are 0 input ports with partial input delay specified.


11. checking partial_output_delay
---------------------------------
 There are 0 ports with partial output delay specified.


12. checking latch_loops
------------------------
 There are 0 combinational latch loops in the design through latch input



------------------------------------------------------------------------------------------------
| Design Timing Summary
| ---------------------
------------------------------------------------------------------------------------------------

    WNS(ns)      TNS(ns)  TNS Failing Endpoints  TNS Total Endpoints      WHS(ns)      THS(ns)  THS Failing Endpoints  THS Total Endpoints     WPWS(ns)     TPWS(ns)  TPWS Failing Endpoints  TPWS Total Endpoints  
    -------      -------  ---------------------  -------------------      -------      -------  ---------------------  -------------------     --------     --------  ----------------------  --------------------  
      5.728        0.000                      0                  385        0.164        0.000                      0                  385        4.500        0.000                       0                   217  


All user specified timing constraints are met.


------------------------------------------------------------------------------------------------
| Clock Summary
| -------------
------------------------------------------------------------------------------------------------

Clock  Waveform(ns)       Period(ns)      Frequency(MHz)
-----  ------------       ----------      --------------
clk    {0.000 5.000}      10.000          100.000         


------------------------------------------------------------------------------------------------
| Intra Clock Table
| -----------------
------------------------------------------------------------------------------------------------

Clock             WNS(ns)      TNS(ns)  TNS Failing Endpoints  TNS Total Endpoints      WHS(ns)      THS(ns)  THS Failing Endpoints  THS Total Endpoints     WPWS(ns)     TPWS(ns)  TPWS Failing Endpoints  TPWS Total Endpoints  
-----             -------      -------  ---------------------  -------------------      -------      -------  ---------------------  -------------------     --------     --------  ----------------------  --------------------  
clk                 5.728        0.000                      0                  385        0.164        0.000                      0                  385        4.500        0.000                       0                   217  


------------------------------------------------------------------------------------------------
| Inter Clock Table
| -----------------
------------------------------------------------------------------------------------------------

From Clock    To Clock          WNS(ns)      TNS(ns)  TNS Failing Endpoints  TNS Total Endpoints      WHS(ns)      THS(ns)  THS Failing Endpoints  THS Total Endpoints  
----------    --------          -------      -------  ---------------------  -------------------      -------      -------  ---------------------  -------------------  


------------------------------------------------------------------------------------------------
| Other Path Groups Table
| -----------------------
------------------------------------------------------------------------------------------------

Path Group    From Clock    To Clock          WNS(ns)      TNS(ns)  TNS Failing Endpoints  TNS Total Endpoints      WHS(ns)      THS(ns)  THS Failing Endpoints  THS Total Endpoints  
----------    ----------    --------          -------      -------  ---------------------  -------------------      -------      -------  ---------------------  -------------------  


------------------------------------------------------------------------------------------------
| Timing Details
| --------------
------------------------------------------------------------------------------------------------


---------------------------------------------------------------------------------------------------
From Clock:  clk
  To Clock:  clk

Setup :            0  Failing Endpoints,  Worst Slack        5.728ns,  Total Violation        0.000ns
Hold  :            0  Failing Endpoints,  Worst Slack        0.164ns,  Total Violation        0.000ns
PW    :            0  Failing Endpoints,  Worst Slack        4.500ns,  Total Violation        0.000ns
---------------------------------------------------------------------------------------------------


Max Delay Paths
--------------------------------------------------------------------------------------
Slack (MET) :             5.728ns  (required time - arrival time)
  Source:                 ap_enable_reg_pp0_iter1_reg/C
                            (rising edge-triggered cell FDRE clocked by clk  {rise@0.000ns fall@5.000ns period=10.000ns})
  Destination:            is_padding_reg_1087_reg[0]/D
                            (rising edge-triggered cell FDRE clocked by clk  {rise@0.000ns fall@5.000ns period=10.000ns})
  Path Group:             clk
  Path Type:              Setup (Max at Slow Process Corner)
  Requirement:            10.000ns  (clk rise@10.000ns - clk rise@0.000ns)
  Data Path Delay:        4.231ns  (logic 1.738ns (41.078%)  route 2.493ns (58.922%))
  Logic Levels:           8  (CARRY4=4 LUT3=1 LUT6=3)
  Clock Path Skew:        -0.035ns (DCD - SCD + CPR)
    Destination Clock Delay (DCD):    0.669ns = ( 10.669 - 10.000 ) 
    Source Clock Delay      (SCD):    0.704ns
    Clock Pessimism Removal (CPR):    0.000ns
  Clock Uncertainty:      0.035ns  ((TSJ^2 + TIJ^2)^1/2 + DJ) / 2 + PE
    Total System Jitter     (TSJ):    0.071ns
    Total Input Jitter      (TIJ):    0.000ns
    Discrete Jitter          (DJ):    0.000ns
    Phase Error              (PE):    0.000ns

    Location             Delay type                Incr(ns)  Path(ns)    Netlist Resource(s)
  -------------------------------------------------------------------    -------------------
                         (clock clk rise edge)        0.000     0.000 r  
                                                      0.000     0.000 r  ap_clk (IN)
                         net (fo=216, unset)          0.704     0.704    ap_clk
    SLICE_X34Y46         FDRE                                         r  ap_enable_reg_pp0_iter1_reg/C
  -------------------------------------------------------------------    -------------------
    SLICE_X34Y46         FDRE (Prop_fdre_C_Q)         0.361     1.065 r  ap_enable_reg_pp0_iter1_reg/Q
                         net (fo=19, estimated)       1.009     2.074    ap_enable_reg_pp0_iter1
    SLICE_X31Y50         LUT6 (Prop_lut6_I1_O)        0.199     2.273 r  empty_72_reg_1082[0]_i_11/O
                         net (fo=1, routed)           0.000     2.273    empty_72_reg_1082[0]_i_11_n_14
    SLICE_X31Y50         CARRY4 (Prop_carry4_S[0]_CO[3])
                                                      0.395     2.668 r  empty_72_reg_1082_reg[0]_i_5/CO[3]
                         net (fo=1, estimated)        0.000     2.668    empty_72_reg_1082_reg[0]_i_5_n_14
    SLICE_X31Y51         CARRY4 (Prop_carry4_CI_CO[3])
                                                      0.089     2.757 r  empty_72_reg_1082_reg[0]_i_6/CO[3]
                         net (fo=1, estimated)        0.000     2.757    empty_72_reg_1082_reg[0]_i_6_n_14
    SLICE_X31Y52         CARRY4 (Prop_carry4_CI_CO[3])
                                                      0.089     2.846 r  empty_72_reg_1082_reg[0]_i_7/CO[3]
                         net (fo=1, estimated)        0.000     2.846    empty_72_reg_1082_reg[0]_i_7_n_14
    SLICE_X31Y53         CARRY4 (Prop_carry4_CI_O[2])
                                                      0.181     3.027 r  empty_72_reg_1082_reg[0]_i_9/O[2]
                         net (fo=1, estimated)        0.414     3.441    empty_71_fu_314_p2[14]
    SLICE_X30Y53         LUT3 (Prop_lut3_I1_O)        0.230     3.671 r  empty_72_reg_1082[0]_i_3/O
                         net (fo=1, estimated)        0.408     4.079    empty_72_reg_1082[0]_i_3_n_14
    SLICE_X30Y52         LUT6 (Prop_lut6_I1_O)        0.097     4.176 r  empty_72_reg_1082[0]_i_1/O
                         net (fo=2, estimated)        0.662     4.838    empty_72_fu_319_p2
    SLICE_X31Y49         LUT6 (Prop_lut6_I0_O)        0.097     4.935 r  is_padding_reg_1087[0]_i_1/O
                         net (fo=1, routed)           0.000     4.935    is_padding_fu_354_p2
    SLICE_X31Y49         FDRE                                         r  is_padding_reg_1087_reg[0]/D
  -------------------------------------------------------------------    -------------------

                         (clock clk rise edge)       10.000    10.000 r  
                                                      0.000    10.000 r  ap_clk (IN)
                         net (fo=216, unset)          0.669    10.669    ap_clk
    SLICE_X31Y49         FDRE                                         r  is_padding_reg_1087_reg[0]/C
                         clock pessimism              0.000    10.669    
                         clock uncertainty           -0.035    10.633    
    SLICE_X31Y49         FDRE (Setup_fdre_C_D)        0.030    10.663    is_padding_reg_1087_reg[0]
  -------------------------------------------------------------------
                         required time                         10.663    
                         arrival time                          -4.935    
  -------------------------------------------------------------------
                         slack                                  5.728    





Min Delay Paths
--------------------------------------------------------------------------------------
Slack (MET) :             0.164ns  (arrival time - required time)
  Source:                 ap_done_reg_reg/C
                            (rising edge-triggered cell FDRE clocked by clk  {rise@0.000ns fall@5.000ns period=10.000ns})
  Destination:            ap_CS_fsm_reg[0]/D
                            (rising edge-triggered cell FDSE clocked by clk  {rise@0.000ns fall@5.000ns period=10.000ns})
  Path Group:             clk
  Path Type:              Hold (Min at Fast Process Corner)
  Requirement:            0.000ns  (clk rise@0.000ns - clk rise@0.000ns)
  Data Path Delay:        0.319ns  (logic 0.189ns (59.337%)  route 0.130ns (40.663%))
  Logic Levels:           1  (LUT5=1)
  Clock Path Skew:        0.022ns (DCD - SCD - CPR)
    Destination Clock Delay (DCD):    0.432ns
    Source Clock Delay      (SCD):    0.411ns
    Clock Pessimism Removal (CPR):    -0.000ns

    Location             Delay type                Incr(ns)  Path(ns)    Netlist Resource(s)
  -------------------------------------------------------------------    -------------------
                         (clock clk rise edge)        0.000     0.000 r  
                                                      0.000     0.000 r  ap_clk (IN)
                         net (fo=216, unset)          0.411     0.411    ap_clk
    SLICE_X35Y45         FDRE                                         r  ap_done_reg_reg/C
  -------------------------------------------------------------------    -------------------
    SLICE_X35Y45         FDRE (Prop_fdre_C_Q)         0.141     0.552 r  ap_done_reg_reg/Q
                         net (fo=7, estimated)        0.130     0.681    ap_done_reg
    SLICE_X34Y45         LUT5 (Prop_lut5_I4_O)        0.048     0.729 r  ap_CS_fsm[0]_i_1/O
                         net (fo=1, routed)           0.000     0.729    ap_CS_fsm[0]_i_1_n_14
    SLICE_X34Y45         FDSE                                         r  ap_CS_fsm_reg[0]/D
  -------------------------------------------------------------------    -------------------

                         (clock clk rise edge)        0.000     0.000 r  
                                                      0.000     0.000 r  ap_clk (IN)
                         net (fo=216, unset)          0.432     0.432    ap_clk
    SLICE_X34Y45         FDSE                                         r  ap_CS_fsm_reg[0]/C
                         clock pessimism              0.000     0.432    
    SLICE_X34Y45         FDSE (Hold_fdse_C_D)         0.133     0.565    ap_CS_fsm_reg[0]
  -------------------------------------------------------------------
                         required time                         -0.565    
                         arrival time                           0.729    
  -------------------------------------------------------------------
                         slack                                  0.164    





Pulse Width Checks
--------------------------------------------------------------------------------------
Clock Name:         clk
Waveform(ns):       { 0.000 5.000 }
Period(ns):         10.000
Sources:            { ap_clk }

Check Type        Corner  Lib Pin  Reference Pin  Required(ns)  Actual(ns)  Slack(ns)  Location      Pin
Min Period        n/a     FDRE/C   n/a            1.000         10.000      9.000      SLICE_X33Y49  add_ln19_reg_1098_reg[0]/C
Low Pulse Width   Slow    FDRE/C   n/a            0.500         5.000       4.500      SLICE_X33Y49  add_ln19_reg_1098_reg[0]/C
High Pulse Width  Slow    FDRE/C   n/a            0.500         5.000       4.500      SLICE_X33Y49  add_ln19_reg_1098_reg[0]/C



