Copyright 1986-2018 Xilinx, Inc. All Rights Reserved.
----------------------------------------------------------------------------------------------------------------------------------------------------------------------------------------
| Tool Version : Vivado v.2018.3 (lin64) Build 2405991 Thu Dec  6 23:36:41 MST 2018
| Date         : Tue Jan 11 22:04:30 2022
| Host         : koopa.ece.utexas.edu running 64-bit CentOS Linux release 7.9.2009 (Core)
| Command      : report_timing -sort_by group -max_paths 100 -path_type summary -file /misc/scratch/zwei1/reports_Jan12/raw_designs/opencores/arithmetic/vedic8x8/post_route_timing.rpt
| Design       : vedic8x8
| Device       : 7z020-clg484
| Speed File   : -3  PRODUCTION 1.11 2014-09-11
----------------------------------------------------------------------------------------------------------------------------------------------------------------------------------------

Timing Report

Startpoint                     Endpoint                       Slack(ns)     
----------------------------------------------------------------------------
a[2]                           prod[14]                       inf           
a[2]                           prod[15]                       inf           
a[2]                           prod[11]                       inf           
a[2]                           prod[13]                       inf           
a[2]                           prod[12]                       inf           
a[2]                           prod[10]                       inf           
a[2]                           prod[9]                        inf           
a[2]                           prod[8]                        inf           
a[0]                           prod[6]                        inf           
a[2]                           prod[7]                        inf           
a[0]                           prod[5]                        inf           
b[2]                           prod[4]                        inf           
a[2]                           prod[3]                        inf           
a[0]                           prod[0]                        inf           
a[0]                           prod[1]                        inf           
a[2]                           prod[2]                        inf           



