Copyright 1986-2018 Xilinx, Inc. All Rights Reserved.
----------------------------------------------------------------------------------------------------------------------------------------------------------------------------------------------------------------------------------------------------------------
| Tool Version : Vivado v.2018.3 (lin64) Build 2405991 Thu Dec  6 23:36:41 MST 2018
| Date         : Thu Jan 13 06:52:42 2022
| Host         : koopa.ece.utexas.edu running 64-bit CentOS Linux release 7.9.2009 (Core)
| Command      : report_timing -sort_by group -max_paths 100 -path_type summary -file /misc/scratch/zwei1/reports_Jan12/raw_designs/vtr_designs/verilog/koios/tiny_darknet_like.small_submodules/td_fused_top_td_fused_tdf4_fmaps_memcore/post_route_timing.rpt
| Design       : td_fused_top_td_fused_tdf4_fmaps_memcore
| Device       : 7z020-clg484
| Speed File   : -3  PRODUCTION 1.11 2014-09-11
----------------------------------------------------------------------------------------------------------------------------------------------------------------------------------------------------------------------------------------------------------------

Timing Report

Startpoint                     Endpoint                       Slack(ns)     
----------------------------------------------------------------------------
td_fused_top_td_fused_tdf4_fmaps_memcore_ram_U/addr1_t1_reg[6]_rep/C
                               td_fused_top_td_fused_tdf4_fmaps_memcore_ram_U/ram_reg_0/ADDRARDADDR[7]
                                                              6.973         
td_fused_top_td_fused_tdf4_fmaps_memcore_ram_U/addr0_t1_reg[5]_rep/C
                               td_fused_top_td_fused_tdf4_fmaps_memcore_ram_U/ram_reg_0/ADDRBWRADDR[6]
                                                              7.037         
td_fused_top_td_fused_tdf4_fmaps_memcore_ram_U/addr1_t1_reg[10]_rep__1/C
                               td_fused_top_td_fused_tdf4_fmaps_memcore_ram_U/ram_reg_22/ADDRARDADDR[11]
                                                              7.076         
td_fused_top_td_fused_tdf4_fmaps_memcore_ram_U/addr0_t1_reg[6]_rep__0/C
                               td_fused_top_td_fused_tdf4_fmaps_memcore_ram_U/ram_reg_14/ADDRBWRADDR[7]
                                                              7.094         
td_fused_top_td_fused_tdf4_fmaps_memcore_ram_U/addr0_t1_reg[4]_rep__1/C
                               td_fused_top_td_fused_tdf4_fmaps_memcore_ram_U/ram_reg_28/ADDRBWRADDR[5]
                                                              7.103         
td_fused_top_td_fused_tdf4_fmaps_memcore_ram_U/addr0_t1_reg[2]_rep__1/C
                               td_fused_top_td_fused_tdf4_fmaps_memcore_ram_U/ram_reg_28/ADDRBWRADDR[3]
                                                              7.104         
td_fused_top_td_fused_tdf4_fmaps_memcore_ram_U/addr0_t1_reg[10]_rep/C
                               td_fused_top_td_fused_tdf4_fmaps_memcore_ram_U/ram_reg_5/ADDRBWRADDR[11]
                                                              7.108         
td_fused_top_td_fused_tdf4_fmaps_memcore_ram_U/addr0_t1_reg[13]_rep__1/C
                               td_fused_top_td_fused_tdf4_fmaps_memcore_ram_U/ram_reg_28/ADDRBWRADDR[14]
                                                              7.113         
td_fused_top_td_fused_tdf4_fmaps_memcore_ram_U/addr1_t1_reg[5]_rep/C
                               td_fused_top_td_fused_tdf4_fmaps_memcore_ram_U/ram_reg_0/ADDRARDADDR[6]
                                                              7.118         
td_fused_top_td_fused_tdf4_fmaps_memcore_ram_U/addr1_t1_reg[2]_rep/C
                               td_fused_top_td_fused_tdf4_fmaps_memcore_ram_U/ram_reg_0/ADDRARDADDR[3]
                                                              7.127         
td_fused_top_td_fused_tdf4_fmaps_memcore_ram_U/addr0_t1_reg[2]_rep/C
                               td_fused_top_td_fused_tdf4_fmaps_memcore_ram_U/ram_reg_0/ADDRBWRADDR[3]
                                                              7.141         
td_fused_top_td_fused_tdf4_fmaps_memcore_ram_U/addr1_t1_reg[1]_rep__1/C
                               td_fused_top_td_fused_tdf4_fmaps_memcore_ram_U/ram_reg_22/ADDRARDADDR[2]
                                                              7.156         
td_fused_top_td_fused_tdf4_fmaps_memcore_ram_U/addr0_t1_reg[11]_rep/C
                               td_fused_top_td_fused_tdf4_fmaps_memcore_ram_U/ram_reg_5/ADDRBWRADDR[12]
                                                              7.159         
td_fused_top_td_fused_tdf4_fmaps_memcore_ram_U/addr1_t1_reg[9]_rep/C
                               td_fused_top_td_fused_tdf4_fmaps_memcore_ram_U/ram_reg_5/ADDRARDADDR[10]
                                                              7.161         
td_fused_top_td_fused_tdf4_fmaps_memcore_ram_U/addr0_t1_reg[13]_rep__0/C
                               td_fused_top_td_fused_tdf4_fmaps_memcore_ram_U/ram_reg_13/ADDRBWRADDR[14]
                                                              7.167         
td_fused_top_td_fused_tdf4_fmaps_memcore_ram_U/addr1_t1_reg[4]_rep/C
                               td_fused_top_td_fused_tdf4_fmaps_memcore_ram_U/ram_reg_5/ADDRARDADDR[5]
                                                              7.168         
td_fused_top_td_fused_tdf4_fmaps_memcore_ram_U/addr1_t1_reg[12]_rep/C
                               td_fused_top_td_fused_tdf4_fmaps_memcore_ram_U/ram_reg_2/ADDRARDADDR[13]
                                                              7.170         
td_fused_top_td_fused_tdf4_fmaps_memcore_ram_U/addr0_t1_reg[6]_rep__1/C
                               td_fused_top_td_fused_tdf4_fmaps_memcore_ram_U/ram_reg_28/ADDRBWRADDR[7]
                                                              7.183         
td_fused_top_td_fused_tdf4_fmaps_memcore_ram_U/addr0_t1_reg[8]_rep__1/C
                               td_fused_top_td_fused_tdf4_fmaps_memcore_ram_U/ram_reg_28/ADDRBWRADDR[9]
                                                              7.185         
td_fused_top_td_fused_tdf4_fmaps_memcore_ram_U/addr1_t1_reg[5]_rep__1/C
                               td_fused_top_td_fused_tdf4_fmaps_memcore_ram_U/ram_reg_28/ADDRARDADDR[6]
                                                              7.203         
td_fused_top_td_fused_tdf4_fmaps_memcore_ram_U/addr1_t1_reg[8]_rep__1/C
                               td_fused_top_td_fused_tdf4_fmaps_memcore_ram_U/ram_reg_28/ADDRARDADDR[9]
                                                              7.209         
td_fused_top_td_fused_tdf4_fmaps_memcore_ram_U/addr1_t1_reg[12]_rep__1/C
                               td_fused_top_td_fused_tdf4_fmaps_memcore_ram_U/ram_reg_22/ADDRARDADDR[13]
                                                              7.210         
td_fused_top_td_fused_tdf4_fmaps_memcore_ram_U/addr0_t1_reg[9]_rep/C
                               td_fused_top_td_fused_tdf4_fmaps_memcore_ram_U/ram_reg_5/ADDRBWRADDR[10]
                                                              7.225         
td_fused_top_td_fused_tdf4_fmaps_memcore_ram_U/addr1_t1_reg[0]_rep/C
                               td_fused_top_td_fused_tdf4_fmaps_memcore_ram_U/ram_reg_8/ADDRARDADDR[1]
                                                              7.231         
td_fused_top_td_fused_tdf4_fmaps_memcore_ram_U/addr1_t1_reg[12]_rep/C
                               td_fused_top_td_fused_tdf4_fmaps_memcore_ram_U/ram_reg_0/ADDRARDADDR[13]
                                                              7.238         
td_fused_top_td_fused_tdf4_fmaps_memcore_ram_U/addr1_t1_reg[13]_rep__1/C
                               td_fused_top_td_fused_tdf4_fmaps_memcore_ram_U/ram_reg_28/ADDRARDADDR[14]
                                                              7.240         
td_fused_top_td_fused_tdf4_fmaps_memcore_ram_U/addr0_t1_reg[13]_rep/C
                               td_fused_top_td_fused_tdf4_fmaps_memcore_ram_U/ram_reg_8/ADDRBWRADDR[14]
                                                              7.247         
td_fused_top_td_fused_tdf4_fmaps_memcore_ram_U/addr1_t1_reg[6]_rep/C
                               td_fused_top_td_fused_tdf4_fmaps_memcore_ram_U/ram_reg_2/ADDRARDADDR[7]
                                                              7.253         
td_fused_top_td_fused_tdf4_fmaps_memcore_ram_U/addr0_t1_reg[7]_rep__1/C
                               td_fused_top_td_fused_tdf4_fmaps_memcore_ram_U/ram_reg_28/ADDRBWRADDR[8]
                                                              7.264         
td_fused_top_td_fused_tdf4_fmaps_memcore_ram_U/addr1_t1_reg[3]_rep/C
                               td_fused_top_td_fused_tdf4_fmaps_memcore_ram_U/ram_reg_8/ADDRARDADDR[4]
                                                              7.267         
td_fused_top_td_fused_tdf4_fmaps_memcore_ram_U/addr0_t1_reg[11]_rep__1/C
                               td_fused_top_td_fused_tdf4_fmaps_memcore_ram_U/ram_reg_23/ADDRBWRADDR[12]
                                                              7.278         
td_fused_top_td_fused_tdf4_fmaps_memcore_ram_U/addr0_t1_reg[11]_rep__1/C
                               td_fused_top_td_fused_tdf4_fmaps_memcore_ram_U/ram_reg_28/ADDRBWRADDR[12]
                                                              7.278         
td_fused_top_td_fused_tdf4_fmaps_memcore_ram_U/addr1_t1_reg[4]_rep__1/C
                               td_fused_top_td_fused_tdf4_fmaps_memcore_ram_U/ram_reg_28/ADDRARDADDR[5]
                                                              7.282         
td_fused_top_td_fused_tdf4_fmaps_memcore_ram_U/addr1_t1_reg[2]_rep__1/C
                               td_fused_top_td_fused_tdf4_fmaps_memcore_ram_U/ram_reg_28/ADDRARDADDR[3]
                                                              7.282         
td_fused_top_td_fused_tdf4_fmaps_memcore_ram_U/addr1_t1_reg[11]_rep/C
                               td_fused_top_td_fused_tdf4_fmaps_memcore_ram_U/ram_reg_5/ADDRARDADDR[12]
                                                              7.286         
td_fused_top_td_fused_tdf4_fmaps_memcore_ram_U/addr1_t1_reg[6]_rep__1/C
                               td_fused_top_td_fused_tdf4_fmaps_memcore_ram_U/ram_reg_28/ADDRARDADDR[7]
                                                              7.289         
td_fused_top_td_fused_tdf4_fmaps_memcore_ram_U/addr0_t1_reg[8]_rep__0/C
                               td_fused_top_td_fused_tdf4_fmaps_memcore_ram_U/ram_reg_13/ADDRBWRADDR[9]
                                                              7.292         
td_fused_top_td_fused_tdf4_fmaps_memcore_ram_U/addr1_t1_reg[8]_rep/C
                               td_fused_top_td_fused_tdf4_fmaps_memcore_ram_U/ram_reg_2/ADDRARDADDR[9]
                                                              7.298         
td_fused_top_td_fused_tdf4_fmaps_memcore_ram_U/addr1_t1_reg[10]_rep/C
                               td_fused_top_td_fused_tdf4_fmaps_memcore_ram_U/ram_reg_0/ADDRARDADDR[11]
                                                              7.305         
td_fused_top_td_fused_tdf4_fmaps_memcore_ram_U/addr0_t1_reg[0]_rep/C
                               td_fused_top_td_fused_tdf4_fmaps_memcore_ram_U/ram_reg_5/ADDRBWRADDR[1]
                                                              7.310         
td_fused_top_td_fused_tdf4_fmaps_memcore_ram_U/addr1_t1_reg[5]_rep__0/C
                               td_fused_top_td_fused_tdf4_fmaps_memcore_ram_U/ram_reg_14/ADDRARDADDR[6]
                                                              7.313         
td_fused_top_td_fused_tdf4_fmaps_memcore_ram_U/addr0_t1_reg[5]_rep/C
                               td_fused_top_td_fused_tdf4_fmaps_memcore_ram_U/ram_reg_2/ADDRBWRADDR[6]
                                                              7.317         
td_fused_top_td_fused_tdf4_fmaps_memcore_ram_U/addr0_t1_reg[1]_rep/C
                               td_fused_top_td_fused_tdf4_fmaps_memcore_ram_U/ram_reg_5/ADDRBWRADDR[2]
                                                              7.317         
td_fused_top_td_fused_tdf4_fmaps_memcore_ram_U/addr1_t1_reg[3]_rep/C
                               td_fused_top_td_fused_tdf4_fmaps_memcore_ram_U/ram_reg_0/ADDRARDADDR[4]
                                                              7.321         
td_fused_top_td_fused_tdf4_fmaps_memcore_ram_U/addr1_t1_reg[6]_rep__0/C
                               td_fused_top_td_fused_tdf4_fmaps_memcore_ram_U/ram_reg_14/ADDRARDADDR[7]
                                                              7.321         
td_fused_top_td_fused_tdf4_fmaps_memcore_ram_U/addr0_t1_reg[8]_rep/C
                               td_fused_top_td_fused_tdf4_fmaps_memcore_ram_U/ram_reg_5/ADDRBWRADDR[9]
                                                              7.324         
td_fused_top_td_fused_tdf4_fmaps_memcore_ram_U/addr0_t1_reg[3]_rep/C
                               td_fused_top_td_fused_tdf4_fmaps_memcore_ram_U/ram_reg_5/ADDRBWRADDR[4]
                                                              7.356         
td_fused_top_td_fused_tdf4_fmaps_memcore_ram_U/addr1_t1_reg[10]_rep__1/C
                               td_fused_top_td_fused_tdf4_fmaps_memcore_ram_U/ram_reg_23/ADDRARDADDR[11]
                                                              7.356         
td_fused_top_td_fused_tdf4_fmaps_memcore_ram_U/addr0_t1_reg[6]_rep__0/C
                               td_fused_top_td_fused_tdf4_fmaps_memcore_ram_U/ram_reg_13/ADDRBWRADDR[7]
                                                              7.374         
td_fused_top_td_fused_tdf4_fmaps_memcore_ram_U/addr1_t1_reg[13]_rep/C
                               td_fused_top_td_fused_tdf4_fmaps_memcore_ram_U/ram_reg_5/ADDRARDADDR[14]
                                                              7.377         
td_fused_top_td_fused_tdf4_fmaps_memcore_ram_U/addr0_t1_reg[2]_rep__0/C
                               td_fused_top_td_fused_tdf4_fmaps_memcore_ram_U/ram_reg_13/ADDRBWRADDR[3]
                                                              7.381         
td_fused_top_td_fused_tdf4_fmaps_memcore_ram_U/addr0_t1_reg[4]_rep__1/C
                               td_fused_top_td_fused_tdf4_fmaps_memcore_ram_U/ram_reg_21/ADDRBWRADDR[5]
                                                              7.383         
td_fused_top_td_fused_tdf4_fmaps_memcore_ram_U/addr0_t1_reg[2]_rep__1/C
                               td_fused_top_td_fused_tdf4_fmaps_memcore_ram_U/ram_reg_21/ADDRBWRADDR[3]
                                                              7.384         
td_fused_top_td_fused_tdf4_fmaps_memcore_ram_U/addr0_t1_reg[5]_rep__1/C
                               td_fused_top_td_fused_tdf4_fmaps_memcore_ram_U/ram_reg_28/ADDRBWRADDR[6]
                                                              7.384         
td_fused_top_td_fused_tdf4_fmaps_memcore_ram_U/addr0_t1_reg[10]_rep/C
                               td_fused_top_td_fused_tdf4_fmaps_memcore_ram_U/ram_reg_8/ADDRBWRADDR[11]
                                                              7.388         
td_fused_top_td_fused_tdf4_fmaps_memcore_ram_U/addr0_t1_reg[9]_rep__1/C
                               td_fused_top_td_fused_tdf4_fmaps_memcore_ram_U/ram_reg_28/ADDRBWRADDR[10]
                                                              7.391         
td_fused_top_td_fused_tdf4_fmaps_memcore_ram_U/addr0_t1_reg[13]_rep__1/C
                               td_fused_top_td_fused_tdf4_fmaps_memcore_ram_U/ram_reg_21/ADDRBWRADDR[14]
                                                              7.393         
td_fused_top_td_fused_tdf4_fmaps_memcore_ram_U/addr1_t1_reg[5]_rep/C
                               td_fused_top_td_fused_tdf4_fmaps_memcore_ram_U/ram_reg_2/ADDRARDADDR[6]
                                                              7.398         
td_fused_top_td_fused_tdf4_fmaps_memcore_ram_U/addr1_t1_reg[5]_rep/C
                               td_fused_top_td_fused_tdf4_fmaps_memcore_ram_U/ram_reg_5/ADDRARDADDR[6]
                                                              7.398         
td_fused_top_td_fused_tdf4_fmaps_memcore_ram_U/we1_t1_reg_rep__0/C
                               td_fused_top_td_fused_tdf4_fmaps_memcore_ram_U/ram_reg_14/ENARDEN
                                                              7.400         
td_fused_top_td_fused_tdf4_fmaps_memcore_ram_U/addr1_t1_reg[2]_rep/C
                               td_fused_top_td_fused_tdf4_fmaps_memcore_ram_U/ram_reg_2/ADDRARDADDR[3]
                                                              7.407         
td_fused_top_td_fused_tdf4_fmaps_memcore_ram_U/addr1_t1_reg[11]_rep__0/C
                               td_fused_top_td_fused_tdf4_fmaps_memcore_ram_U/ram_reg_14/ADDRARDADDR[12]
                                                              7.411         
td_fused_top_td_fused_tdf4_fmaps_memcore_ram_U/addr0_t1_reg[12]_rep/C
                               td_fused_top_td_fused_tdf4_fmaps_memcore_ram_U/ram_reg_8/ADDRBWRADDR[13]
                                                              7.411         
td_fused_top_td_fused_tdf4_fmaps_memcore_ram_U/addr0_t1_reg[2]_rep/C
                               td_fused_top_td_fused_tdf4_fmaps_memcore_ram_U/ram_reg_2/ADDRBWRADDR[3]
                                                              7.421         
td_fused_top_td_fused_tdf4_fmaps_memcore_ram_U/addr0_t1_reg[2]_rep/C
                               td_fused_top_td_fused_tdf4_fmaps_memcore_ram_U/ram_reg_5/ADDRBWRADDR[3]
                                                              7.421         
td_fused_top_td_fused_tdf4_fmaps_memcore_ram_U/addr1_t1_reg[10]_rep/C
                               td_fused_top_td_fused_tdf4_fmaps_memcore_ram_U/ram_reg_8/ADDRARDADDR[11]
                                                              7.421         
td_fused_top_td_fused_tdf4_fmaps_memcore_ram_U/addr1_t1_reg[7]_rep/C
                               td_fused_top_td_fused_tdf4_fmaps_memcore_ram_U/ram_reg_0/ADDRARDADDR[8]
                                                              7.422         
td_fused_top_td_fused_tdf4_fmaps_memcore_ram_U/addr0_t1_reg[12]_rep/C
                               td_fused_top_td_fused_tdf4_fmaps_memcore_ram_U/ram_reg_0/ADDRBWRADDR[13]
                                                              7.427         
td_fused_top_td_fused_tdf4_fmaps_memcore_ram_U/addr1_t1_reg[8]_rep__0/C
                               td_fused_top_td_fused_tdf4_fmaps_memcore_ram_U/ram_reg_14/ADDRARDADDR[9]
                                                              7.432         
td_fused_top_td_fused_tdf4_fmaps_memcore_ram_U/addr0_t1_reg[12]_rep__1/C
                               td_fused_top_td_fused_tdf4_fmaps_memcore_ram_U/ram_reg_23/ADDRBWRADDR[13]
                                                              7.433         
td_fused_top_td_fused_tdf4_fmaps_memcore_ram_U/addr0_t1_reg[12]_rep__1/C
                               td_fused_top_td_fused_tdf4_fmaps_memcore_ram_U/ram_reg_28/ADDRBWRADDR[13]
                                                              7.433         
td_fused_top_td_fused_tdf4_fmaps_memcore_ram_U/addr1_t1_reg[9]_rep__1/C
                               td_fused_top_td_fused_tdf4_fmaps_memcore_ram_U/ram_reg_28/ADDRARDADDR[10]
                                                              7.433         
td_fused_top_td_fused_tdf4_fmaps_memcore_ram_U/addr1_t1_reg[1]_rep__1/C
                               td_fused_top_td_fused_tdf4_fmaps_memcore_ram_U/ram_reg_23/ADDRARDADDR[2]
                                                              7.436         
td_fused_top_td_fused_tdf4_fmaps_memcore_ram_U/addr1_t1_reg[1]_rep__1/C
                               td_fused_top_td_fused_tdf4_fmaps_memcore_ram_U/ram_reg_28/ADDRARDADDR[2]
                                                              7.436         
td_fused_top_td_fused_tdf4_fmaps_memcore_ram_U/addr1_t1_reg[0]_rep/C
                               td_fused_top_td_fused_tdf4_fmaps_memcore_ram_U/ram_reg_0/ADDRARDADDR[1]
                                                              7.438         
td_fused_top_td_fused_tdf4_fmaps_memcore_ram_U/addr0_t1_reg[1]_rep/C
                               td_fused_top_td_fused_tdf4_fmaps_memcore_ram_U/ram_reg_0/ADDRBWRADDR[2]
                                                              7.439         
td_fused_top_td_fused_tdf4_fmaps_memcore_ram_U/addr0_t1_reg[1]_rep/C
                               td_fused_top_td_fused_tdf4_fmaps_memcore_ram_U/ram_reg_8/ADDRBWRADDR[2]
                                                              7.439         
td_fused_top_td_fused_tdf4_fmaps_memcore_ram_U/addr0_t1_reg[11]_rep/C
                               td_fused_top_td_fused_tdf4_fmaps_memcore_ram_U/ram_reg_8/ADDRBWRADDR[12]
                                                              7.439         
td_fused_top_td_fused_tdf4_fmaps_memcore_ram_U/addr1_t1_reg[3]_rep__0/C
                               td_fused_top_td_fused_tdf4_fmaps_memcore_ram_U/ram_reg_14/ADDRARDADDR[4]
                                                              7.440         
td_fused_top_td_fused_tdf4_fmaps_memcore_ram_U/addr1_t1_reg[9]_rep/C
                               td_fused_top_td_fused_tdf4_fmaps_memcore_ram_U/ram_reg_0/ADDRARDADDR[10]
                                                              7.441         
td_fused_top_td_fused_tdf4_fmaps_memcore_ram_U/addr1_t1_reg[9]_rep/C
                               td_fused_top_td_fused_tdf4_fmaps_memcore_ram_U/ram_reg_8/ADDRARDADDR[10]
                                                              7.441         
td_fused_top_td_fused_tdf4_fmaps_memcore_ram_U/addr1_t1_reg[11]_rep__1/C
                               td_fused_top_td_fused_tdf4_fmaps_memcore_ram_U/ram_reg_28/ADDRARDADDR[12]
                                                              7.442         
td_fused_top_td_fused_tdf4_fmaps_memcore_ram_U/addr1_t1_reg[0]_rep__1/C
                               td_fused_top_td_fused_tdf4_fmaps_memcore_ram_U/ram_reg_28/ADDRARDADDR[1]
                                                              7.442         
td_fused_top_td_fused_tdf4_fmaps_memcore_ram_U/addr1_t1_reg[2]_rep__0/C
                               td_fused_top_td_fused_tdf4_fmaps_memcore_ram_U/ram_reg_13/ADDRARDADDR[3]
                                                              7.443         
td_fused_top_td_fused_tdf4_fmaps_memcore_ram_U/addr0_t1_reg[13]_rep__0/C
                               td_fused_top_td_fused_tdf4_fmaps_memcore_ram_U/ram_reg_10/ADDRBWRADDR[14]
                                                              7.447         
td_fused_top_td_fused_tdf4_fmaps_memcore_ram_U/addr0_t1_reg[13]_rep__0/C
                               td_fused_top_td_fused_tdf4_fmaps_memcore_ram_U/ram_reg_11/ADDRBWRADDR[14]
                                                              7.447         
td_fused_top_td_fused_tdf4_fmaps_memcore_ram_U/addr1_t1_reg[4]_rep/C
                               td_fused_top_td_fused_tdf4_fmaps_memcore_ram_U/ram_reg_0/ADDRARDADDR[5]
                                                              7.448         
td_fused_top_td_fused_tdf4_fmaps_memcore_ram_U/addr1_t1_reg[4]_rep/C
                               td_fused_top_td_fused_tdf4_fmaps_memcore_ram_U/ram_reg_8/ADDRARDADDR[5]
                                                              7.448         
td_fused_top_td_fused_tdf4_fmaps_memcore_ram_U/addr1_t1_reg[12]_rep/C
                               td_fused_top_td_fused_tdf4_fmaps_memcore_ram_U/ram_reg_8/ADDRARDADDR[13]
                                                              7.450         
td_fused_top_td_fused_tdf4_fmaps_memcore_ram_U/we1_t1_reg_rep/C
                               td_fused_top_td_fused_tdf4_fmaps_memcore_ram_U/ram_reg_5/ENARDEN
                                                              7.461         
td_fused_top_td_fused_tdf4_fmaps_memcore_ram_U/addr0_t1_reg[6]_rep__1/C
                               td_fused_top_td_fused_tdf4_fmaps_memcore_ram_U/ram_reg_21/ADDRBWRADDR[7]
                                                              7.463         
td_fused_top_td_fused_tdf4_fmaps_memcore_ram_U/addr0_t1_reg[6]_rep__1/C
                               td_fused_top_td_fused_tdf4_fmaps_memcore_ram_U/ram_reg_22/ADDRBWRADDR[7]
                                                              7.463         
td_fused_top_td_fused_tdf4_fmaps_memcore_ram_U/addr0_t1_reg[8]_rep__1/C
                               td_fused_top_td_fused_tdf4_fmaps_memcore_ram_U/ram_reg_21/ADDRBWRADDR[9]
                                                              7.465         
td_fused_top_td_fused_tdf4_fmaps_memcore_ram_U/addr0_t1_reg[8]_rep__1/C
                               td_fused_top_td_fused_tdf4_fmaps_memcore_ram_U/ram_reg_22/ADDRBWRADDR[9]
                                                              7.465         
td_fused_top_td_fused_tdf4_fmaps_memcore_ram_U/addr0_t1_reg[7]_rep/C
                               td_fused_top_td_fused_tdf4_fmaps_memcore_ram_U/ram_reg_0/ADDRBWRADDR[8]
                                                              7.473         
td_fused_top_td_fused_tdf4_fmaps_memcore_ram_U/addr0_t1_reg[7]_rep/C
                               td_fused_top_td_fused_tdf4_fmaps_memcore_ram_U/ram_reg_8/ADDRBWRADDR[8]
                                                              7.473         
td_fused_top_td_fused_tdf4_fmaps_memcore_ram_U/addr0_t1_reg[3]_rep/C
                               td_fused_top_td_fused_tdf4_fmaps_memcore_ram_U/ram_reg_0/ADDRBWRADDR[4]
                                                              7.478         
td_fused_top_td_fused_tdf4_fmaps_memcore_ram_U/addr0_t1_reg[3]_rep/C
                               td_fused_top_td_fused_tdf4_fmaps_memcore_ram_U/ram_reg_8/ADDRBWRADDR[4]
                                                              7.478         
td_fused_top_td_fused_tdf4_fmaps_memcore_ram_U/addr1_t1_reg[5]_rep__1/C
                               td_fused_top_td_fused_tdf4_fmaps_memcore_ram_U/ram_reg_21/ADDRARDADDR[6]
                                                              7.483         
td_fused_top_td_fused_tdf4_fmaps_memcore_ram_U/addr1_t1_reg[5]_rep__1/C
                               td_fused_top_td_fused_tdf4_fmaps_memcore_ram_U/ram_reg_22/ADDRARDADDR[6]
                                                              7.483         



