Copyright 1986-2018 Xilinx, Inc. All Rights Reserved.
-----------------------------------------------------------------------------------------------------------------------------------------------------------------------------------------------------
| Tool Version : Vivado v.2018.3 (lin64) Build 2405991 Thu Dec  6 23:36:41 MST 2018
| Date         : Tue Jan 11 22:39:50 2022
| Host         : koopa.ece.utexas.edu running 64-bit CentOS Linux release 7.9.2009 (Core)
| Command      : report_timing -sort_by group -max_paths 100 -path_type summary -file /misc/scratch/zwei1/reports_Jan12/raw_designs/vtr_designs/verilog/LU8PEEng_submodules/LU/post_route_timing.rpt
| Design       : LU
| Device       : 7z020-clg484
| Speed File   : -3  PRODUCTION 1.11 2014-09-11
-----------------------------------------------------------------------------------------------------------------------------------------------------------------------------------------------------

Timing Report

Startpoint                     Endpoint                       Slack(ns)     
----------------------------------------------------------------------------
rec/d_man_reg[0]_replica/C     multOperand_reg[22]/D          -54.033       
rec/d_man_reg[0]_replica/C     multOperand_reg[18]/D          -53.932       
rec/d_man_reg[0]_replica/C     multOperand_reg[20]/D          -53.841       
rec/d_man_reg[0]_replica/C     multOperand_reg[11]/D          -53.827       
rec/d_man_reg[0]_replica/C     multOperand_reg[13]/D          -53.777       
rec/d_man_reg[0]_replica/C     multOperand_reg[21]/D          -53.760       
rec/d_man_reg[0]_replica/C     multOperand_reg[16]/D          -53.748       
rec/d_man_reg[0]_replica/C     multOperand_reg[14]/D          -53.740       
rec/d_man_reg[0]_replica/C     multOperand_reg[1]/D           -53.731       
rec/d_man_reg[0]_replica/C     multOperand_reg[10]/D          -53.666       
rec/d_man_reg[0]_replica/C     multOperand_reg[17]/D          -53.648       
rec/d_man_reg[0]_replica/C     multOperand_reg[8]/D           -53.571       
rec/d_man_reg[0]_replica/C     multOperand_reg[19]/D          -53.552       
rec/d_man_reg[0]_replica/C     multOperand_reg[12]/D          -53.544       
rec/d_man_reg[0]_replica/C     multOperand_reg[7]/D           -53.514       
rec/d_man_reg[0]_replica/C     multOperand_reg[9]/D           -53.406       
rec/d_man_reg[0]_replica/C     multOperand_reg[3]/D           -53.308       
rec/d_man_reg[0]_replica/C     multOperand_reg[6]/D           -53.284       
rec/d_man_reg[0]_replica/C     multOperand_reg[4]/D           -53.283       
rec/d_man_reg[0]_replica/C     multOperand_reg[2]/D           -53.262       
rec/d_man_reg[0]_replica/C     multOperand_reg[0]/D           -53.177       
rec/d_man_reg[0]_replica/C     multOperand_reg[5]/D           -53.177       
rec/d_man_reg[0]_replica/C     multOperand_reg[15]/D          -53.150       
rec/d_man_reg[0]_replica/C     multOperand_reg[23]/D          -52.929       
rec/d_man_reg[0]_replica/C     multOperand_reg[30]/D          -52.144       
rec/d_man_reg[0]_replica/C     multOperand_reg[24]/D          -52.099       
rec/d_man_reg[0]_replica/C     multOperand_reg[27]/D          -52.047       
rec/d_man_reg[0]_replica/C     multOperand_reg[25]/D          -51.895       
rec/d_man_reg[0]_replica/C     multOperand_reg[28]/D          -51.536       
rec/d_man_reg[0]_replica/C     multOperand_reg[26]/D          -51.523       
rec/d_man_reg[0]_replica/C     multOperand_reg[29]/D          -51.397       
multOperand_reg[9]/C           PE2/MUL/y_out_reg[25]/S        -19.454       
multOperand_reg[9]/C           PE2/MUL/y_out_reg[26]/S        -19.454       
multOperand_reg[9]/C           PE2/MUL/y_out_reg[30]/S        -19.454       
multOperand_reg[9]/C           PE2/MUL/y_out_reg[27]/S        -19.377       
multOperand_reg[9]/C           PE2/MUL/y_out_reg[29]/S        -19.373       
multOperand_reg[9]/C           PE2/MUL/y_out_reg[23]/S        -19.326       
multOperand_reg[9]/C           PE2/MUL/y_out_reg[24]/S        -19.326       
multOperand_reg[9]/C           PE2/MUL/y_out_reg[28]/S        -19.326       
multOperand_reg[9]/C           PE2/MUL/y_out_reg[29]/D        -19.078       
multOperand_reg[9]/C           PE2/MUL/y_out_reg[0]/D         -18.927       
multOperand_reg[9]/C           PE2/MUL/y_out_reg[1]/D         -18.925       
multOperand_reg[9]/C           PE2/MUL/y_out_reg[4]/D         -18.851       
multOperand_reg[9]/C           PE2/MUL/y_out_reg[6]/D         -18.848       
multOperand_reg[9]/C           PE2/MUL/y_out_reg[7]/D         -18.845       
multOperand_reg[9]/C           PE2/MUL/y_out_reg[5]/D         -18.841       
multOperand_reg[9]/C           PE2/MUL/y_out_reg[3]/D         -18.831       
multOperand_reg[9]/C           PE2/MUL/y_out_reg[16]/D        -18.817       
multOperand_reg[9]/C           PE2/MUL/y_out_reg[15]/D        -18.706       
multOperand_reg[9]/C           PE2/MUL/y_out_reg[30]/D        -18.701       
multOperand_reg[9]/C           PE2/MUL/y_out_reg[21]/D        -18.685       
multOperand_reg[9]/C           PE2/MUL/y_out_reg[2]/D         -18.659       
multOperand_reg[9]/C           PE2/MUL/y_out_reg[22]/D        -18.638       
multOperand_reg[9]/C           PE2/MUL/y_out_reg[14]/D        -18.632       
multOperand_reg[9]/C           PE2/MUL/y_out_reg[26]/D        -18.631       
multOperand_reg[9]/C           PE2/MUL/y_out_reg[12]/D        -18.612       
multOperand_reg[9]/C           PE2/MUL/y_out_reg[28]/D        -18.574       
multOperand_reg[9]/C           PE2/MUL/y_out_reg[20]/D        -18.538       
multOperand_reg[9]/C           PE2/MUL/y_out_reg[9]/D         -18.535       
multOperand_reg[9]/C           PE2/MUL/y_out_reg[17]/D        -18.521       
multOperand_reg[9]/C           PE2/MUL/y_out_reg[10]/D        -18.512       
multOperand_reg[9]/C           PE2/MUL/y_out_reg[19]/D        -18.511       
multOperand_reg[9]/C           PE2/MUL/y_out_reg[8]/D         -18.467       
multOperand_reg[9]/C           PE2/MUL/y_out_reg[11]/D        -18.316       
multOperand_reg[9]/C           PE2/MUL/y_out_reg[13]/D        -18.310       
multOperand_reg[9]/C           PE2/MUL/y_out_reg[18]/D        -18.235       
multOperand_reg[9]/C           PE2/MUL/y_out_reg[27]/D        -18.021       
multOperand_reg[9]/C           PE2/MUL/y_out_reg[25]/D        -17.983       
multOperand_reg[9]/C           PE2/MUL/y_out_reg[24]/D        -17.670       
multOperand_reg[9]/C           PE2/MUL/y_out_reg[23]/D        -17.572       
multOperand_reg[12]/C          PE3/MUL/y_out_reg[24]/S        -17.437       
multOperand_reg[12]/C          PE3/MUL/y_out_reg[25]/S        -17.437       
multOperand_reg[12]/C          PE3/MUL/y_out_reg[26]/S        -17.437       
multOperand_reg[12]/C          PE3/MUL/y_out_reg[27]/S        -17.437       
multOperand_reg[12]/C          PE3/MUL/y_out_reg[23]/S        -17.326       
multOperand_reg[12]/C          PE3/MUL/y_out_reg[28]/S        -17.326       
multOperand_reg[12]/C          PE3/MUL/y_out_reg[29]/S        -17.303       
multOperand_reg[12]/C          PE1/MUL/y_out_reg[29]/D        -17.190       
multOperand_reg[12]/C          PE3/MUL/y_out_reg[30]/S        -17.166       
multOperand_reg[12]/C          PE3/MUL/y_out_reg[1]/D         -16.996       
multOperand_reg[12]/C          PE3/MUL/y_out_reg[3]/D         -16.973       
multOperand_reg[12]/C          PE3/MUL/y_out_reg[7]/D         -16.970       
multOperand_reg[12]/C          PE3/MUL/y_out_reg[4]/D         -16.970       
multOperand_reg[12]/C          PE1/MUL/y_out_reg[27]/S        -16.925       
multOperand_reg[12]/C          PE1/MUL/y_out_reg[26]/S        -16.894       
multOperand_reg[12]/C          PE1/MUL/y_out_reg[29]/S        -16.894       
multOperand_reg[12]/C          PE1/MUL/y_out_reg[30]/S        -16.894       
multOperand_reg[12]/C          PE3/MUL/y_out_reg[5]/D         -16.873       
multOperand_reg[12]/C          PE3/MUL/y_out_reg[21]/D        -16.863       
multOperand_reg[12]/C          PE3/MUL/y_out_reg[2]/D         -16.854       
multOperand_reg[12]/C          PE3/MUL/y_out_reg[18]/D        -16.838       
multOperand_reg[12]/C          PE3/MUL/y_out_reg[20]/D        -16.826       
multOperand_reg[12]/C          PE3/MUL/y_out_reg[8]/D         -16.815       
multOperand_reg[12]/C          PE3/MUL/y_out_reg[9]/D         -16.814       
multOperand_reg[12]/C          PE3/MUL/y_out_reg[10]/D        -16.810       
multOperand_reg[12]/C          PE3/MUL/y_out_reg[15]/D        -16.808       
multOperand_reg[12]/C          PE3/MUL/y_out_reg[22]/D        -16.784       
multOperand_reg[12]/C          PE3/MUL/y_out_reg[14]/D        -16.778       
multOperand_reg[12]/C          PE1/MUL/y_out_reg[17]/D        -16.771       
multOperand_reg[12]/C          PE1/MUL/y_out_reg[23]/S        -16.736       



