Copyright 1986-2018 Xilinx, Inc. All Rights Reserved.
------------------------------------------------------------------------------------------------------------------------------------------------------------------------------------------------------------------------------------------
| Tool Version : Vivado v.2018.3 (lin64) Build 2405991 Thu Dec  6 23:36:41 MST 2018
| Date         : Wed Jan 12 23:11:23 2022
| Host         : koopa.ece.utexas.edu running 64-bit CentOS Linux release 7.9.2009 (Core)
| Command      : report_timing -sort_by group -max_paths 100 -path_type summary -file /misc/scratch/zwei1/reports_Jan12/raw_designs/vtr_designs/verilog/koios/clstm_like.large_submodules/shift_register_unit_18_14/post_route_timing.rpt
| Design       : shift_register_unit_18_14
| Device       : 7z020-clg484
| Speed File   : -3  PRODUCTION 1.11 2014-09-11
------------------------------------------------------------------------------------------------------------------------------------------------------------------------------------------------------------------------------------------

Timing Report

Startpoint                     Endpoint                       Slack(ns)     
----------------------------------------------------------------------------
shift_registers_12_reg_r/C     shift_registers_13_reg[6]/D    8.442         
shift_registers_12_reg_r/C     shift_registers_13_reg[7]/D    8.472         
shift_registers_12_reg_r/C     shift_registers_13_reg[2]/D    8.575         
shift_registers_12_reg_r/C     shift_registers_13_reg[4]/D    8.576         
shift_registers_12_reg_r/C     shift_registers_13_reg[3]/D    8.605         
shift_registers_12_reg_r/C     shift_registers_13_reg[5]/D    8.608         
shift_registers_12_reg_r/C     shift_registers_13_reg[0]/D    8.760         
shift_registers_12_reg_r/C     shift_registers_13_reg[1]/D    8.784         
shift_registers_11_reg[0]_srl12___shift_registers_11_reg_r/CLK
                               shift_registers_12_reg[0]_shift_registers_12_reg_r/D
                                                              8.792         
shift_registers_11_reg[16]_srl12___shift_registers_11_reg_r/CLK
                               shift_registers_12_reg[16]_shift_registers_12_reg_r/D
                                                              8.792         
shift_registers_11_reg[8]_srl12___shift_registers_11_reg_r/CLK
                               shift_registers_12_reg[8]_shift_registers_12_reg_r/D
                                                              8.792         
shift_registers_12_reg_r/C     shift_registers_13_reg[16]/D   8.802         
shift_registers_11_reg[17]_srl12___shift_registers_11_reg_r/CLK
                               shift_registers_12_reg[17]_shift_registers_12_reg_r/D
                                                              8.807         
shift_registers_11_reg[1]_srl12___shift_registers_11_reg_r/CLK
                               shift_registers_12_reg[1]_shift_registers_12_reg_r/D
                                                              8.807         
shift_registers_11_reg[9]_srl12___shift_registers_11_reg_r/CLK
                               shift_registers_12_reg[9]_shift_registers_12_reg_r/D
                                                              8.807         
shift_registers_11_reg[11]_srl12___shift_registers_11_reg_r/CLK
                               shift_registers_12_reg[11]_shift_registers_12_reg_r/D
                                                              8.811         
shift_registers_11_reg[3]_srl12___shift_registers_11_reg_r/CLK
                               shift_registers_12_reg[3]_shift_registers_12_reg_r/D
                                                              8.811         
shift_registers_11_reg[10]_srl12___shift_registers_11_reg_r/CLK
                               shift_registers_12_reg[10]_shift_registers_12_reg_r/D
                                                              8.813         
shift_registers_11_reg[2]_srl12___shift_registers_11_reg_r/CLK
                               shift_registers_12_reg[2]_shift_registers_12_reg_r/D
                                                              8.813         
shift_registers_11_reg[15]_srl12___shift_registers_11_reg_r/CLK
                               shift_registers_12_reg[15]_shift_registers_12_reg_r/D
                                                              8.820         
shift_registers_11_reg[7]_srl12___shift_registers_11_reg_r/CLK
                               shift_registers_12_reg[7]_shift_registers_12_reg_r/D
                                                              8.820         
shift_registers_11_reg[13]_srl12___shift_registers_11_reg_r/CLK
                               shift_registers_12_reg[13]_shift_registers_12_reg_r/D
                                                              8.826         
shift_registers_11_reg[5]_srl12___shift_registers_11_reg_r/CLK
                               shift_registers_12_reg[5]_shift_registers_12_reg_r/D
                                                              8.826         
shift_registers_12_reg_r/C     shift_registers_13_reg[17]/D   8.832         
shift_registers_11_reg[14]_srl12___shift_registers_11_reg_r/CLK
                               shift_registers_12_reg[14]_shift_registers_12_reg_r/D
                                                              8.834         
shift_registers_11_reg[6]_srl12___shift_registers_11_reg_r/CLK
                               shift_registers_12_reg[6]_shift_registers_12_reg_r/D
                                                              8.834         
shift_registers_11_reg[12]_srl12___shift_registers_11_reg_r/CLK
                               shift_registers_12_reg[12]_shift_registers_12_reg_r/D
                                                              8.835         
shift_registers_11_reg[4]_srl12___shift_registers_11_reg_r/CLK
                               shift_registers_12_reg[4]_shift_registers_12_reg_r/D
                                                              8.835         
shift_registers_12_reg[9]_shift_registers_12_reg_r/C
                               shift_registers_13_reg[9]/D    8.897         
shift_registers_12_reg_r/C     shift_registers_13_reg[14]/D   8.905         
shift_registers_12_reg_r/C     shift_registers_13_reg[12]/D   8.908         
shift_registers_12_reg_r/C     shift_registers_13_reg[15]/D   8.935         
shift_registers_12_reg_r/C     shift_registers_13_reg[13]/D   8.936         
shift_registers_12_reg[8]_shift_registers_12_reg_r/C
                               shift_registers_13_reg[8]/D    8.978         
shift_registers_9_reg_r/C      shift_registers_10_reg_r/D     9.003         
shift_registers_12_reg_r/C     shift_registers_13_reg[10]/D   9.047         
shift_registers_3_reg_r/C      shift_registers_4_reg_r/D      9.057         
shift_registers_12_reg_r/C     shift_registers_13_reg[11]/D   9.062         
shift_registers_5_reg_r/C      shift_registers_6_reg_r/D      9.070         
shift_registers_10_reg_r/C     shift_registers_11_reg_r/D     9.109         
shift_registers_8_reg_r/C      shift_registers_9_reg_r/D      9.141         
shift_registers_4_reg_r/C      shift_registers_5_reg_r/D      9.193         
shift_registers_1_reg_r/C      shift_registers_2_reg_r/D      9.218         
shift_registers_2_reg_r/C      shift_registers_3_reg_r/D      9.248         
shift_registers_11_reg_r/C     shift_registers_12_reg_r/D     9.307         
shift_registers_6_reg_r/C      shift_registers_7_reg_r/D      9.313         
shift_registers_7_reg_r/C      shift_registers_8_reg_r/D      9.323         
shift_registers_0_reg_r/C      shift_registers_1_reg_r/D      9.441         



