Copyright 1986-2018 Xilinx, Inc. All Rights Reserved.
-------------------------------------------------------------------------------------------------------------------------------------------------------------------------------------------------------
| Tool Version     : Vivado v.2018.3 (lin64) Build 2405991 Thu Dec  6 23:36:41 MST 2018
| Date             : Wed Jan 12 00:21:02 2022
| Host             : koopa.ece.utexas.edu running 64-bit CentOS Linux release 7.9.2009 (Core)
| Command          : report_power -file /misc/scratch/zwei1/reports_Jan12/raw_designs/vtr_designs/verilog/koios/clstm_like.medium_submodules/output_activation_18_10_32_1/post_synth_power.rpt
| Design           : output_activation_18_10_32_1
| Device           : xc7z020clg484-3
| Design State     : synthesized
| Grade            : extended
| Process          : typical
| Characterization : Production
-------------------------------------------------------------------------------------------------------------------------------------------------------------------------------------------------------

Power Report

Table of Contents
-----------------
1. Summary
1.1 On-Chip Components
1.2 Power Supply Summary
1.3 Confidence Level
2. Settings
2.1 Environment
2.2 Clock Constraints
3. Detailed Reports
3.1 By Hierarchy

1. Summary
----------

+--------------------------+--------------+
| Total On-Chip Power (mW) | 215.744      |
| Design Power Budget (mW) | Unspecified* |
| Power Budget Margin (mW) | NA           |
| Dynamic (mW)             | 111.537      |
| Device Static (mW)       | 104.207      |
| Effective TJA (C/W)      | 11.5         |
| Max Ambient (C)          | 97.5         |
| Junction Temperature (C) | 27.5         |
| Confidence Level         | Medium       |
| Setting File             | ---          |
| Simulation Activity File | ---          |
| Design Nets Matched      | NA           |
+--------------------------+--------------+
* Specify Design Power Budget using, set_operating_conditions -design_power_budget <value in Watts>


1.1 On-Chip Components
----------------------

+----------------+------------+----------+-----------+-----------------+
| On-Chip        | Power (mW) | Used     | Available | Utilization (%) |
+----------------+------------+----------+-----------+-----------------+
| Clocks         |    35.607  |        3 |       --- |             --- |
| Slice Logic    |    31.439  |    10501 |       --- |             --- |
|   LUT as Logic |    24.258  |     3933 |     53200 |            7.39 |
|   CARRY4       |     4.031  |      704 |     13300 |            5.29 |
|   Register     |     3.150  |     5098 |    106400 |            4.79 |
|   Others       |     0.000  |      189 |       --- |             --- |
| Signals        |    35.001  |     8855 |       --- |             --- |
| DSPs           |     9.490  |       32 |       220 |           14.55 |
| Static Power   |   104.207  |          |           |                 |
| Total          |   215.744  |          |           |                 |
+----------------+------------+----------+-----------+-----------------+


1.2 Power Supply Summary
------------------------

+-----------+-------------+-----------+-------------+------------+
| Source    | Voltage (V) | Total (A) | Dynamic (A) | Static (A) |
+-----------+-------------+-----------+-------------+------------+
| Vccint    |       1.000 |     0.119 |       0.112 |      0.008 |
| Vccaux    |       1.800 |     0.011 |       0.000 |      0.011 |
| Vcco33    |       3.300 |     0.000 |       0.000 |      0.000 |
| Vcco25    |       2.500 |     0.000 |       0.000 |      0.000 |
| Vcco18    |       1.800 |     0.000 |       0.000 |      0.000 |
| Vcco15    |       1.500 |     0.000 |       0.000 |      0.000 |
| Vcco135   |       1.350 |     0.000 |       0.000 |      0.000 |
| Vcco12    |       1.200 |     0.000 |       0.000 |      0.000 |
| Vccaux_io |       1.800 |     0.000 |       0.000 |      0.000 |
| Vccbram   |       1.000 |     0.000 |       0.000 |      0.000 |
| MGTAVcc   |       1.000 |     0.000 |       0.000 |      0.000 |
| MGTAVtt   |       1.200 |     0.000 |       0.000 |      0.000 |
| MGTVccaux |       1.800 |     0.000 |       0.000 |      0.000 |
| Vccpint   |       1.000 |     0.017 |       0.000 |      0.017 |
| Vccpaux   |       1.800 |     0.010 |       0.000 |      0.010 |
| Vccpll    |       1.800 |     0.003 |       0.000 |      0.003 |
| Vcco_ddr  |       1.500 |     0.000 |       0.000 |      0.000 |
| Vcco_mio0 |       1.800 |     0.000 |       0.000 |      0.000 |
| Vcco_mio1 |       1.800 |     0.000 |       0.000 |      0.000 |
| Vccadc    |       1.800 |     0.020 |       0.000 |      0.020 |
+-----------+-------------+-----------+-------------+------------+


1.3 Confidence Level
--------------------

+-----------------------------+------------+------------------------------------------------+------------------------------------------------------------------------------------------------------------+
| User Input Data             | Confidence | Details                                        | Action                                                                                                     |
+-----------------------------+------------+------------------------------------------------+------------------------------------------------------------------------------------------------------------+
| Design implementation state | Low        | Design is synthesized                          | Accuracy of the tool is not optimal until design is fully placed and routed                                |
| Clock nodes activity        | High       | User specified more than 95% of clocks         |                                                                                                            |
| I/O nodes activity          | High       | User specified more than 95% of inputs         |                                                                                                            |
| Internal nodes activity     | Medium     | User specified less than 25% of internal nodes | Provide missing internal nodes activity with simulation results or by editing the "By Resource Type" views |
| Device models               | High       | Device models are Production                   |                                                                                                            |
|                             |            |                                                |                                                                                                            |
| Overall confidence level    | Medium     |                                                |                                                                                                            |
+-----------------------------+------------+------------------------------------------------+------------------------------------------------------------------------------------------------------------+


2. Settings
-----------

2.1 Environment
---------------

+-----------------------+------------------------+
| Ambient Temp (C)      | 25.0                   |
| ThetaJA (C/W)         | 11.5                   |
| Airflow (LFM)         | 250                    |
| Heat Sink             | none                   |
| ThetaSA (C/W)         | 0.0                    |
| Board Selection       | medium (10"x10")       |
| # of Board Layers     | 8to11 (8 to 11 Layers) |
| Board Temperature (C) | 25.0                   |
+-----------------------+------------------------+


2.2 Clock Constraints
---------------------

+-------+--------+-----------------+
| Clock | Domain | Constraint (ns) |
+-------+--------+-----------------+
| clk   | clk    |            10.0 |
+-------+--------+-----------------+


3. Detailed Reports
-------------------

3.1 By Hierarchy
----------------

+--------------------------------------+------------+
| Name                                 | Power (mW) |
+--------------------------------------+------------+
| output_activation_18_10_32_1         |   111.537  |
|   elementwise_add_core_18_18_32_inst |    16.885  |
|   sigmoid_core_18_18_10_32_1_inst_0  |     3.000  |
|     abs_unit_18_inst                 |     0.739  |
|     dsp_signed_mac_18_13_23_32_inst  |     0.920  |
|     fp_rounding_unit_1_32_11_inst    |     0.863  |
|     shift_register_unit_1_3_inst     |     0.061  |
|   sigmoid_core_18_18_10_32_1_inst_1  |     2.930  |
|     abs_unit_18_inst                 |     0.731  |
|     dsp_signed_mac_18_13_23_32_inst  |     0.895  |
|     fp_rounding_unit_1_32_11_inst    |     0.846  |
|     shift_register_unit_1_3_inst     |     0.061  |
|   sigmoid_core_18_18_10_32_1_inst_10 |     2.930  |
|     abs_unit_18_inst                 |     0.731  |
|     dsp_signed_mac_18_13_23_32_inst  |     0.895  |
|     fp_rounding_unit_1_32_11_inst    |     0.846  |
|     shift_register_unit_1_3_inst     |     0.061  |
|   sigmoid_core_18_18_10_32_1_inst_11 |     2.930  |
|     abs_unit_18_inst                 |     0.731  |
|     dsp_signed_mac_18_13_23_32_inst  |     0.895  |
|     fp_rounding_unit_1_32_11_inst    |     0.846  |
|     shift_register_unit_1_3_inst     |     0.061  |
|   sigmoid_core_18_18_10_32_1_inst_12 |     2.930  |
|     abs_unit_18_inst                 |     0.731  |
|     dsp_signed_mac_18_13_23_32_inst  |     0.895  |
|     fp_rounding_unit_1_32_11_inst    |     0.846  |
|     shift_register_unit_1_3_inst     |     0.061  |
|   sigmoid_core_18_18_10_32_1_inst_13 |     2.930  |
|     abs_unit_18_inst                 |     0.731  |
|     dsp_signed_mac_18_13_23_32_inst  |     0.895  |
|     fp_rounding_unit_1_32_11_inst    |     0.846  |
|     shift_register_unit_1_3_inst     |     0.061  |
|   sigmoid_core_18_18_10_32_1_inst_14 |     2.930  |
|     abs_unit_18_inst                 |     0.731  |
|     dsp_signed_mac_18_13_23_32_inst  |     0.895  |
|     fp_rounding_unit_1_32_11_inst    |     0.846  |
|     shift_register_unit_1_3_inst     |     0.061  |
|   sigmoid_core_18_18_10_32_1_inst_15 |     2.930  |
|     abs_unit_18_inst                 |     0.731  |
|     dsp_signed_mac_18_13_23_32_inst  |     0.895  |
|     fp_rounding_unit_1_32_11_inst    |     0.846  |
|     shift_register_unit_1_3_inst     |     0.061  |
|   sigmoid_core_18_18_10_32_1_inst_16 |     3.135  |
|     abs_unit_18_inst                 |     0.731  |
|     dsp_signed_mac_18_13_23_32_inst  |     0.541  |
|     fp_rounding_unit_1_32_11_inst    |     0.931  |
|     shift_register_unit_1_3_inst     |     0.094  |
|   sigmoid_core_18_18_10_32_1_inst_17 |     3.135  |
|     abs_unit_18_inst                 |     0.731  |
|     dsp_signed_mac_18_13_23_32_inst  |     0.541  |
|     fp_rounding_unit_1_32_11_inst    |     0.931  |
|     shift_register_unit_1_3_inst     |     0.094  |
|   sigmoid_core_18_18_10_32_1_inst_18 |     2.930  |
|     abs_unit_18_inst                 |     0.731  |
|     dsp_signed_mac_18_13_23_32_inst  |     0.895  |
|     fp_rounding_unit_1_32_11_inst    |     0.846  |
|     shift_register_unit_1_3_inst     |     0.061  |
|   sigmoid_core_18_18_10_32_1_inst_19 |     3.135  |
|     abs_unit_18_inst                 |     0.731  |
|     dsp_signed_mac_18_13_23_32_inst  |     0.541  |
|     fp_rounding_unit_1_32_11_inst    |     0.931  |
|     shift_register_unit_1_3_inst     |     0.094  |
|   sigmoid_core_18_18_10_32_1_inst_2  |     2.930  |
|     abs_unit_18_inst                 |     0.731  |
|     dsp_signed_mac_18_13_23_32_inst  |     0.895  |
|     fp_rounding_unit_1_32_11_inst    |     0.846  |
|     shift_register_unit_1_3_inst     |     0.061  |
|   sigmoid_core_18_18_10_32_1_inst_20 |     3.135  |
|     abs_unit_18_inst                 |     0.731  |
|     dsp_signed_mac_18_13_23_32_inst  |     0.541  |
|     fp_rounding_unit_1_32_11_inst    |     0.931  |
|     shift_register_unit_1_3_inst     |     0.094  |
|   sigmoid_core_18_18_10_32_1_inst_21 |     2.930  |
|     abs_unit_18_inst                 |     0.731  |
|     dsp_signed_mac_18_13_23_32_inst  |     0.895  |
|     fp_rounding_unit_1_32_11_inst    |     0.846  |
|     shift_register_unit_1_3_inst     |     0.061  |
|   sigmoid_core_18_18_10_32_1_inst_22 |     2.930  |
|     abs_unit_18_inst                 |     0.731  |
|     dsp_signed_mac_18_13_23_32_inst  |     0.895  |
|     fp_rounding_unit_1_32_11_inst    |     0.846  |
|     shift_register_unit_1_3_inst     |     0.061  |
|   sigmoid_core_18_18_10_32_1_inst_23 |     2.930  |
|     abs_unit_18_inst                 |     0.731  |
|     dsp_signed_mac_18_13_23_32_inst  |     0.895  |
|     fp_rounding_unit_1_32_11_inst    |     0.846  |
|     shift_register_unit_1_3_inst     |     0.061  |
|   sigmoid_core_18_18_10_32_1_inst_24 |     2.930  |
|     abs_unit_18_inst                 |     0.731  |
|     dsp_signed_mac_18_13_23_32_inst  |     0.895  |
|     fp_rounding_unit_1_32_11_inst    |     0.846  |
|     shift_register_unit_1_3_inst     |     0.061  |
|   sigmoid_core_18_18_10_32_1_inst_25 |     2.930  |
|     abs_unit_18_inst                 |     0.731  |
|     dsp_signed_mac_18_13_23_32_inst  |     0.895  |
|     fp_rounding_unit_1_32_11_inst    |     0.846  |
|     shift_register_unit_1_3_inst     |     0.061  |
|   sigmoid_core_18_18_10_32_1_inst_26 |     2.930  |
|     abs_unit_18_inst                 |     0.731  |
|     dsp_signed_mac_18_13_23_32_inst  |     0.895  |
|     fp_rounding_unit_1_32_11_inst    |     0.846  |
|     shift_register_unit_1_3_inst     |     0.061  |
|   sigmoid_core_18_18_10_32_1_inst_27 |     2.930  |
|     abs_unit_18_inst                 |     0.731  |
|     dsp_signed_mac_18_13_23_32_inst  |     0.895  |
|     fp_rounding_unit_1_32_11_inst    |     0.846  |
|     shift_register_unit_1_3_inst     |     0.061  |
|   sigmoid_core_18_18_10_32_1_inst_28 |     2.930  |
|     abs_unit_18_inst                 |     0.731  |
|     dsp_signed_mac_18_13_23_32_inst  |     0.895  |
|     fp_rounding_unit_1_32_11_inst    |     0.846  |
|     shift_register_unit_1_3_inst     |     0.061  |
|   sigmoid_core_18_18_10_32_1_inst_29 |     2.930  |
|     abs_unit_18_inst                 |     0.731  |
|     dsp_signed_mac_18_13_23_32_inst  |     0.895  |
|     fp_rounding_unit_1_32_11_inst    |     0.846  |
|     shift_register_unit_1_3_inst     |     0.061  |
|   sigmoid_core_18_18_10_32_1_inst_3  |     2.930  |
|     abs_unit_18_inst                 |     0.731  |
|     dsp_signed_mac_18_13_23_32_inst  |     0.895  |
|     fp_rounding_unit_1_32_11_inst    |     0.846  |
|     shift_register_unit_1_3_inst     |     0.061  |
|   sigmoid_core_18_18_10_32_1_inst_30 |     2.930  |
|     abs_unit_18_inst                 |     0.731  |
|     dsp_signed_mac_18_13_23_32_inst  |     0.895  |
|     fp_rounding_unit_1_32_11_inst    |     0.846  |
|     shift_register_unit_1_3_inst     |     0.061  |
|   sigmoid_core_18_18_10_32_1_inst_31 |     2.930  |
|     abs_unit_18_inst                 |     0.731  |
|     dsp_signed_mac_18_13_23_32_inst  |     0.895  |
|     fp_rounding_unit_1_32_11_inst    |     0.846  |
|     shift_register_unit_1_3_inst     |     0.061  |
|   sigmoid_core_18_18_10_32_1_inst_4  |     2.930  |
|     abs_unit_18_inst                 |     0.731  |
|     dsp_signed_mac_18_13_23_32_inst  |     0.895  |
|     fp_rounding_unit_1_32_11_inst    |     0.846  |
|     shift_register_unit_1_3_inst     |     0.061  |
|   sigmoid_core_18_18_10_32_1_inst_5  |     2.930  |
|     abs_unit_18_inst                 |     0.731  |
|     dsp_signed_mac_18_13_23_32_inst  |     0.895  |
|     fp_rounding_unit_1_32_11_inst    |     0.846  |
|     shift_register_unit_1_3_inst     |     0.061  |
|   sigmoid_core_18_18_10_32_1_inst_6  |     2.930  |
|     abs_unit_18_inst                 |     0.731  |
|     dsp_signed_mac_18_13_23_32_inst  |     0.895  |
|     fp_rounding_unit_1_32_11_inst    |     0.846  |
|     shift_register_unit_1_3_inst     |     0.061  |
|   sigmoid_core_18_18_10_32_1_inst_7  |     2.930  |
|     abs_unit_18_inst                 |     0.731  |
|     dsp_signed_mac_18_13_23_32_inst  |     0.895  |
|     fp_rounding_unit_1_32_11_inst    |     0.846  |
|     shift_register_unit_1_3_inst     |     0.061  |
|   sigmoid_core_18_18_10_32_1_inst_8  |     2.930  |
|     abs_unit_18_inst                 |     0.731  |
|     dsp_signed_mac_18_13_23_32_inst  |     0.895  |
|     fp_rounding_unit_1_32_11_inst    |     0.846  |
|     shift_register_unit_1_3_inst     |     0.061  |
|   sigmoid_core_18_18_10_32_1_inst_9  |     2.930  |
|     abs_unit_18_inst                 |     0.731  |
|     dsp_signed_mac_18_13_23_32_inst  |     0.895  |
|     fp_rounding_unit_1_32_11_inst    |     0.846  |
|     shift_register_unit_1_3_inst     |     0.061  |
+--------------------------------------+------------+


