Copyright 1986-2018 Xilinx, Inc. All Rights Reserved.
---------------------------------------------------------------------------------------------------------------------------------------------------------------------------------------------------------------------------------------------
| Tool Version : Vivado v.2018.3 (lin64) Build 2405991 Thu Dec  6 23:36:41 MST 2018
| Date         : Wed Jan 12 23:30:19 2022
| Host         : koopa.ece.utexas.edu running 64-bit CentOS Linux release 7.9.2009 (Core)
| Command      : report_timing -sort_by group -max_paths 100 -path_type summary -file /misc/scratch/zwei1/reports_Jan12/raw_designs/vtr_designs/verilog/koios/clstm_like.medium_submodules/stage2_Ct_buffer_18_2_16_64/post_route_timing.rpt
| Design       : stage2_Ct_buffer_18_2_16_64
| Device       : 7z020-clg484
| Speed File   : -3  PRODUCTION 1.11 2014-09-11
---------------------------------------------------------------------------------------------------------------------------------------------------------------------------------------------------------------------------------------------

Timing Report

Startpoint                     Endpoint                       Slack(ns)     
----------------------------------------------------------------------------
counter_63_1_inst_in/count_reg[0]/C
                               raddrs_1_reg[0]/R              5.950         
counter_63_1_inst_in/count_reg[0]/C
                               raddrs_1_reg[1]/R              5.950         
counter_63_1_inst_in/count_reg[0]/C
                               raddrs_1_reg[2]/R              5.950         
counter_63_1_inst_in/count_reg[0]/C
                               counter_63_1_inst_in/count_reg[12]/R
                                                              6.054         
counter_63_1_inst_in/count_reg[0]/C
                               counter_63_1_inst_in/count_reg[13]/R
                                                              6.054         
counter_63_1_inst_in/count_reg[0]/C
                               counter_63_1_inst_in/count_reg[0]/R
                                                              6.147         
counter_63_1_inst_in/count_reg[0]/C
                               counter_63_1_inst_in/count_reg[1]/R
                                                              6.147         
counter_63_1_inst_in/count_reg[0]/C
                               counter_63_1_inst_in/count_reg[2]/R
                                                              6.147         
counter_63_1_inst_in/count_reg[0]/C
                               counter_63_1_inst_in/count_reg[3]/R
                                                              6.147         
counter_63_1_inst_in/count_reg[0]/C
                               counter_63_1_inst_in/count_reg[10]/R
                                                              6.250         
counter_63_1_inst_in/count_reg[0]/C
                               counter_63_1_inst_in/count_reg[11]/R
                                                              6.250         
counter_63_1_inst_in/count_reg[0]/C
                               counter_63_1_inst_in/count_reg[8]/R
                                                              6.250         
counter_63_1_inst_in/count_reg[0]/C
                               counter_63_1_inst_in/count_reg[9]/R
                                                              6.250         
counter_63_1_inst_in/count_reg[0]/C
                               counter_63_1_inst_in/count_reg[4]/R
                                                              6.251         
counter_63_1_inst_in/count_reg[0]/C
                               counter_63_1_inst_in/count_reg[5]/R
                                                              6.251         
counter_63_1_inst_in/count_reg[0]/C
                               counter_63_1_inst_in/count_reg[6]/R
                                                              6.251         
counter_63_1_inst_in/count_reg[0]/C
                               counter_63_1_inst_in/count_reg[7]/R
                                                              6.251         
counter_63_1_inst_in/count_reg[0]/C
                               ram_288_0_64_inst_1/u_dual_port_ram/ram_reg_3/ADDRBWRADDR[6]
                                                              6.991         
counter_63_1_inst_in/count_reg[1]/C
                               ram_288_0_64_inst_1/u_dual_port_ram/ram_reg_3/ADDRBWRADDR[7]
                                                              7.013         
counter_63_1_inst_in/count_reg[2]/C
                               ram_288_0_64_inst_1/u_dual_port_ram/ram_reg_3/ADDRBWRADDR[8]
                                                              7.224         
counter_63_1_inst_in/count_reg[0]/C
                               ram_288_0_64_inst_1/u_dual_port_ram/ram_reg_0/ADDRBWRADDR[6]
                                                              7.271         
counter_63_1_inst_in/count_reg[0]/C
                               ram_288_0_64_inst_1/u_dual_port_ram/ram_reg_2/ADDRBWRADDR[6]
                                                              7.271         
counter_63_1_inst_in/count_reg[1]/C
                               ram_288_0_64_inst_1/u_dual_port_ram/ram_reg_0/ADDRBWRADDR[7]
                                                              7.293         
counter_63_1_inst_in/count_reg[1]/C
                               ram_288_0_64_inst_1/u_dual_port_ram/ram_reg_2/ADDRBWRADDR[7]
                                                              7.293         
counter_63_1_inst_in/count_reg[2]/C
                               ram_288_0_64_inst_1/u_dual_port_ram/ram_reg_0/ADDRBWRADDR[8]
                                                              7.504         
counter_63_1_inst_in/count_reg[2]/C
                               ram_288_0_64_inst_1/u_dual_port_ram/ram_reg_2/ADDRBWRADDR[8]
                                                              7.504         
counter_63_1_inst_in/count_reg[0]/C
                               ram_288_0_64_inst_1/u_dual_port_ram/ram_reg_1/ADDRBWRADDR[6]
                                                              7.551         
counter_63_1_inst_in/count_reg[1]/C
                               ram_288_0_64_inst_0/u_dual_port_ram/ram_reg_2/ADDRBWRADDR[7]
                                                              7.554         
counter_63_1_inst_in/count_reg[1]/C
                               ram_288_0_64_inst_1/u_dual_port_ram/ram_reg_1/ADDRBWRADDR[7]
                                                              7.573         
counter_63_1_inst_in/count_reg[2]/C
                               ram_288_0_64_inst_1/u_dual_port_ram/ram_reg_1/ADDRBWRADDR[8]
                                                              7.784         
counter_63_1_inst_in/count_reg[1]/C
                               ram_288_0_64_inst_0/u_dual_port_ram/ram_reg_0/ADDRBWRADDR[7]
                                                              7.834         
counter_63_1_inst_in/count_reg[1]/C
                               ram_288_0_64_inst_0/u_dual_port_ram/ram_reg_1/ADDRBWRADDR[7]
                                                              7.834         
counter_63_1_inst_in/count_reg[0]/C
                               ram_288_0_64_inst_0/u_dual_port_ram/ram_reg_2/ADDRBWRADDR[6]
                                                              7.923         
raddrs_0_reg[1]/C              ram_288_0_64_inst_0/u_dual_port_ram/ram_reg_2/ADDRARDADDR[7]
                                                              7.945         
counter_63_1_inst_in/count_reg[1]/C
                               raddrs_1_reg[1]/D              7.955         
counter_63_1_inst_in/count_reg[1]/C
                               raddrs_1_reg[2]/D              7.989         
raddrs_1_reg[0]/C              ram_288_0_64_inst_1/u_dual_port_ram/ram_reg_3/ADDRARDADDR[6]
                                                              8.005         
counter_63_1_inst_in/count_reg[0]/C
                               raddrs_1_reg[0]/D              8.071         
raddrs_1_reg[1]/C              ram_288_0_64_inst_1/u_dual_port_ram/ram_reg_3/ADDRARDADDR[7]
                                                              8.090         
counter_63_1_inst_in/count_reg[2]/C
                               ram_288_0_64_inst_0/u_dual_port_ram/ram_reg_2/ADDRBWRADDR[8]
                                                              8.096         
raddrs_0_reg[0]/C              ram_288_0_64_inst_0/u_dual_port_ram/ram_reg_2/ADDRARDADDR[6]
                                                              8.107         
raddrs_1_reg[2]/C              ram_288_0_64_inst_1/u_dual_port_ram/ram_reg_3/ADDRARDADDR[8]
                                                              8.108         
counter_63_1_inst_in/count_reg[1]/C
                               ram_288_0_64_inst_0/u_dual_port_ram/ram_reg_3/ADDRBWRADDR[7]
                                                              8.114         
counter_63_1_inst_in/count_reg[8]/C
                               raddrs_0_reg[2]/D              8.135         
counter_63_1_inst_in/count_reg[8]/C
                               raddrs_0_reg[0]/D              8.139         
counter_63_1_inst_in/count_reg[8]/C
                               raddrs_0_reg[1]/D              8.163         
counter_63_1_inst_in/count_reg[0]/C
                               ram_288_0_64_inst_0/u_dual_port_ram/ram_reg_0/ADDRBWRADDR[6]
                                                              8.203         
raddrs_0_reg[2]/C              ram_288_0_64_inst_0/u_dual_port_ram/ram_reg_2/ADDRARDADDR[8]
                                                              8.213         
raddrs_0_reg[1]/C              ram_288_0_64_inst_0/u_dual_port_ram/ram_reg_0/ADDRARDADDR[7]
                                                              8.225         
raddrs_0_reg[1]/C              ram_288_0_64_inst_0/u_dual_port_ram/ram_reg_1/ADDRARDADDR[7]
                                                              8.225         
raddrs_1_reg[0]/C              ram_288_0_64_inst_1/u_dual_port_ram/ram_reg_0/ADDRARDADDR[6]
                                                              8.285         
raddrs_1_reg[0]/C              ram_288_0_64_inst_1/u_dual_port_ram/ram_reg_2/ADDRARDADDR[6]
                                                              8.285         
counter_63_1_inst_in/count_reg[4]/C
                               counter_63_1_inst_in/count_reg[13]/D
                                                              8.289         
counter_63_1_inst_in/count_reg[4]/C
                               counter_63_1_inst_in/count_reg[12]/D
                                                              8.355         
counter_63_1_inst_in/count_reg[4]/C
                               counter_63_1_inst_in/count_reg[11]/D
                                                              8.367         
raddrs_1_reg[1]/C              ram_288_0_64_inst_1/u_dual_port_ram/ram_reg_0/ADDRARDADDR[7]
                                                              8.370         
raddrs_1_reg[1]/C              ram_288_0_64_inst_1/u_dual_port_ram/ram_reg_2/ADDRARDADDR[7]
                                                              8.370         
counter_63_1_inst_in/count_reg[2]/C
                               ram_288_0_64_inst_0/u_dual_port_ram/ram_reg_0/ADDRBWRADDR[8]
                                                              8.376         
counter_63_1_inst_in/count_reg[2]/C
                               ram_288_0_64_inst_0/u_dual_port_ram/ram_reg_1/ADDRBWRADDR[8]
                                                              8.376         
counter_63_1_inst_in/count_reg[4]/C
                               counter_63_1_inst_in/count_reg[9]/D
                                                              8.381         
raddrs_0_reg[0]/C              ram_288_0_64_inst_0/u_dual_port_ram/ram_reg_0/ADDRARDADDR[6]
                                                              8.387         
raddrs_0_reg[0]/C              ram_288_0_64_inst_0/u_dual_port_ram/ram_reg_1/ADDRARDADDR[6]
                                                              8.387         
raddrs_1_reg[2]/C              ram_288_0_64_inst_1/u_dual_port_ram/ram_reg_0/ADDRARDADDR[8]
                                                              8.388         
raddrs_1_reg[2]/C              ram_288_0_64_inst_1/u_dual_port_ram/ram_reg_2/ADDRARDADDR[8]
                                                              8.388         
counter_63_1_inst_in/count_reg[4]/C
                               counter_63_1_inst_in/count_reg[10]/D
                                                              8.424         
counter_63_1_inst_in/count_reg[4]/C
                               counter_63_1_inst_in/count_reg[8]/D
                                                              8.447         
counter_63_1_inst_in/count_reg[1]/C
                               counter_63_1_inst_in/count_reg[7]/D
                                                              8.472         
counter_63_1_inst_in/count_reg[0]/C
                               ram_288_0_64_inst_0/u_dual_port_ram/ram_reg_3/ADDRBWRADDR[6]
                                                              8.483         
counter_63_1_inst_in/count_reg[1]/C
                               counter_63_1_inst_in/count_reg[5]/D
                                                              8.486         
raddrs_0_reg[2]/C              ram_288_0_64_inst_0/u_dual_port_ram/ram_reg_0/ADDRARDADDR[8]
                                                              8.493         
raddrs_0_reg[2]/C              ram_288_0_64_inst_0/u_dual_port_ram/ram_reg_1/ADDRARDADDR[8]
                                                              8.493         
raddrs_0_reg[1]/C              ram_288_0_64_inst_0/u_dual_port_ram/ram_reg_3/ADDRARDADDR[7]
                                                              8.505         
counter_63_1_inst_in/count_reg[1]/C
                               counter_63_1_inst_in/count_reg[6]/D
                                                              8.529         
counter_63_1_inst_in/count_reg[1]/C
                               counter_63_1_inst_in/count_reg[4]/D
                                                              8.552         
raddrs_1_reg[0]/C              ram_288_0_64_inst_1/u_dual_port_ram/ram_reg_1/ADDRARDADDR[6]
                                                              8.565         
counter_63_1_inst_in/count_reg[1]/C
                               counter_63_1_inst_in/count_reg[3]/D
                                                              8.631         
raddrs_1_reg[1]/C              ram_288_0_64_inst_1/u_dual_port_ram/ram_reg_1/ADDRARDADDR[7]
                                                              8.650         
counter_63_1_inst_in/count_reg[2]/C
                               ram_288_0_64_inst_0/u_dual_port_ram/ram_reg_3/ADDRBWRADDR[8]
                                                              8.656         
raddrs_0_reg[0]/C              ram_288_0_64_inst_0/u_dual_port_ram/ram_reg_3/ADDRARDADDR[6]
                                                              8.667         
raddrs_1_reg[2]/C              ram_288_0_64_inst_1/u_dual_port_ram/ram_reg_1/ADDRARDADDR[8]
                                                              8.668         
counter_63_1_inst_in/count_reg[1]/C
                               counter_63_1_inst_in/count_reg[2]/D
                                                              8.680         
counter_63_1_inst_in/count_reg[0]/C
                               ram_288_0_64_inst_0/u_dual_port_ram/ram_reg_1/ADDRBWRADDR[6]
                                                              8.763         
raddrs_0_reg[2]/C              ram_288_0_64_inst_0/u_dual_port_ram/ram_reg_3/ADDRARDADDR[8]
                                                              8.773         
counter_63_1_inst_in/count_reg[0]/C
                               counter_63_1_inst_in/count_reg[1]/D
                                                              8.846         
counter_63_1_inst_in/count_reg[0]/C
                               counter_63_1_inst_in/count_reg[0]/D
                                                              8.959         



