Copyright 1986-2018 Xilinx, Inc. All Rights Reserved.
----------------------------------------------------------------------------------------------------------------------------------------------------------------------------------------------------------------------------------------------------
| Tool Version : Vivado v.2018.3 (lin64) Build 2405991 Thu Dec  6 23:36:41 MST 2018
| Date         : Tue Jan 11 23:32:07 2022
| Host         : koopa.ece.utexas.edu running 64-bit CentOS Linux release 7.9.2009 (Core)
| Command      : report_timing -sort_by group -max_paths 100 -path_type summary -file /misc/scratch/zwei1/reports_Jan12/raw_designs/vtr_designs/verilog/koios/clstm_like.large_submodules/C_LSTM_stage_3_18_10_64_2048_3_16_1/post_route_timing.rpt
| Design       : C_LSTM_stage_3_18_10_64_2048_3_16_1
| Device       : 7z020-clg484
| Speed File   : -3  PRODUCTION 1.11 2014-09-11
----------------------------------------------------------------------------------------------------------------------------------------------------------------------------------------------------------------------------------------------------

Timing Report

Startpoint                     Endpoint                       Slack(ns)     
----------------------------------------------------------------------------
reg_i_ready_reg/C              multiple_c_matrix_vec_mult_and_sum_18_10_16_1_3_64_inst/c_matrix_vec_mult_core_18_10_16_3_1_inst/elementwise_mult_core_18_1810_9_1_inst_1_imag_real/dsp_signed_mult_18x18_unit_18_18_1_inst6/reg_resa_reg/CEP
                                                              1.892         
reg_i_ready_reg/C              multiple_c_matrix_vec_mult_and_sum_18_10_16_1_3_64_inst/c_matrix_vec_mult_core_18_10_16_3_1_inst/elementwise_mult_core_18_1810_9_1_inst_1_real_imag/dsp_signed_mult_18x18_unit_18_18_1_inst6/reg_resa_reg/CEP
                                                              1.892         
reg_i_ready_reg/C              multiple_c_matrix_vec_mult_and_sum_18_10_16_1_3_64_inst/c_matrix_vec_mult_core_18_10_16_3_1_inst/elementwise_mult_core_18_1810_9_1_inst_0_imag_imag/dsp_signed_mult_18x18_unit_18_18_1_inst2/reg_resa_reg/CEP
                                                              1.896         
reg_i_ready_reg/C              multiple_c_matrix_vec_mult_and_sum_18_10_16_1_3_64_inst/c_matrix_vec_mult_core_18_10_16_3_1_inst/elementwise_mult_core_18_1810_9_1_inst_1_imag_real/dsp_signed_mult_18x18_unit_18_18_1_inst2/reg_resa_reg/CEP
                                                              1.896         
reg_i_ready_reg/C              multiple_c_matrix_vec_mult_and_sum_18_10_16_1_3_64_inst/c_matrix_vec_mult_core_18_10_16_3_1_inst/elementwise_mult_core_18_1810_9_1_inst_0_imag_imag/dsp_signed_mult_18x18_unit_18_18_1_inst2/reg_resa_reg/CEA2
                                                              1.918         
reg_i_ready_reg/C              multiple_c_matrix_vec_mult_and_sum_18_10_16_1_3_64_inst/c_matrix_vec_mult_core_18_10_16_3_1_inst/elementwise_mult_core_18_1810_9_1_inst_2_real_imag/dsp_signed_mult_18x18_unit_18_18_1_inst0/reg_resb_reg/CEA2
                                                              1.921         
reg_i_ready_reg/C              multiple_c_matrix_vec_mult_and_sum_18_10_16_1_3_64_inst/c_matrix_vec_mult_core_18_10_16_3_1_inst/elementwise_mult_core_18_1810_9_1_inst_0_imag_imag/dsp_signed_mult_18x18_unit_18_18_1_inst2/reg_resa_reg/CEB2
                                                              1.921         
reg_i_ready_reg/C              multiple_c_matrix_vec_mult_and_sum_18_10_16_1_3_64_inst/c_matrix_vec_mult_core_18_10_16_3_1_inst/reg_X_10_reg[5]/CE
                                                              1.934         
reg_i_ready_reg/C              multiple_c_matrix_vec_mult_and_sum_18_10_16_1_3_64_inst/c_matrix_vec_mult_core_18_10_16_3_1_inst/reg_X_10_reg[6]/CE
                                                              1.934         
reg_i_ready_reg/C              multiple_c_matrix_vec_mult_and_sum_18_10_16_1_3_64_inst/c_matrix_vec_mult_core_18_10_16_3_1_inst/reg_X_2_10_reg[6]/CE
                                                              1.934         
reg_i_ready_reg/C              multiple_c_matrix_vec_mult_and_sum_18_10_16_1_3_64_inst/c_matrix_vec_mult_core_18_10_16_3_1_inst/reg_X_2_2_reg[10]/CE
                                                              1.934         
reg_i_ready_reg/C              multiple_c_matrix_vec_mult_and_sum_18_10_16_1_3_64_inst/c_matrix_vec_mult_core_18_10_16_3_1_inst/reg_X_2_reg[10]/CE
                                                              1.934         
reg_i_ready_reg/C              multiple_c_matrix_vec_mult_and_sum_18_10_16_1_3_64_inst/shift_register_group_18_16_1_inst_imag_0/shift_register_unit_18_1_inst_14/shift_registers_0_reg[0]/CE
                                                              1.934         
reg_i_ready_reg/C              multiple_c_matrix_vec_mult_and_sum_18_10_16_1_3_64_inst/shift_register_group_18_16_1_inst_imag_0/shift_register_unit_18_1_inst_14/shift_registers_0_reg[2]/CE
                                                              1.934         
reg_i_ready_reg/C              multiple_c_matrix_vec_mult_and_sum_18_10_16_1_3_64_inst/shift_register_group_18_16_1_inst_imag_0/shift_register_unit_18_1_inst_14/shift_registers_0_reg[3]/CE
                                                              1.934         
reg_i_ready_reg/C              multiple_c_matrix_vec_mult_and_sum_18_10_16_1_3_64_inst/c_matrix_vec_mult_core_18_10_16_3_1_inst/elementwise_add_core_18_18_9_inst_0/reg_C_2_reg[16]/CE
                                                              1.942         
reg_i_ready_reg/C              multiple_c_matrix_vec_mult_and_sum_18_10_16_1_3_64_inst/c_matrix_vec_mult_core_18_10_16_3_1_inst/elementwise_add_core_18_18_9_inst_0/reg_C_2_reg[17]/CE
                                                              1.942         
reg_i_ready_reg/C              multiple_c_matrix_vec_mult_and_sum_18_10_16_1_3_64_inst/c_matrix_vec_mult_core_18_10_16_3_1_inst/reg_Y_imag_0_2_reg[2]/CE
                                                              1.942         
reg_i_ready_reg/C              multiple_c_matrix_vec_mult_and_sum_18_10_16_1_3_64_inst/c_matrix_vec_mult_core_18_10_16_3_1_inst/reg_Y_imag_0_2_reg[3]/CE
                                                              1.942         
reg_i_ready_reg/C              multiple_c_matrix_vec_mult_and_sum_18_10_16_1_3_64_inst/c_matrix_vec_mult_core_18_10_16_3_1_inst/reg_X_2_10_reg[11]/CE
                                                              1.947         
reg_i_ready_reg/C              multiple_c_matrix_vec_mult_and_sum_18_10_16_1_3_64_inst/shift_register_group_18_16_1_inst_imag_0/shift_register_unit_18_1_inst_10/shift_registers_0_reg[10]/CE
                                                              1.947         
reg_i_ready_reg/C              multiple_c_matrix_vec_mult_and_sum_18_10_16_1_3_64_inst/shift_register_group_18_16_1_inst_imag_0/shift_register_unit_18_1_inst_10/shift_registers_0_reg[11]/CE
                                                              1.947         
reg_i_ready_reg/C              multiple_c_matrix_vec_mult_and_sum_18_10_16_1_3_64_inst/shift_register_group_18_16_1_inst_imag_0/shift_register_unit_18_1_inst_14/shift_registers_0_reg[4]/CE
                                                              1.947         
reg_i_ready_reg/C              multiple_c_matrix_vec_mult_and_sum_18_10_16_1_3_64_inst/shift_register_group_18_16_1_inst_imag_0/shift_register_unit_18_1_inst_14/shift_registers_0_reg[6]/CE
                                                              1.947         
reg_i_ready_reg/C              multiple_c_matrix_vec_mult_and_sum_18_10_16_1_3_64_inst/shift_register_group_18_16_1_inst_imag_0/shift_register_unit_18_1_inst_6/shift_registers_0_reg[0]/CE
                                                              1.947         
reg_i_ready_reg/C              multiple_c_matrix_vec_mult_and_sum_18_10_16_1_3_64_inst/shift_register_group_18_16_1_inst_imag_0/shift_register_unit_18_1_inst_6/shift_registers_0_reg[2]/CE
                                                              1.947         
reg_i_ready_reg/C              multiple_c_matrix_vec_mult_and_sum_18_10_16_1_3_64_inst/shift_register_group_18_16_1_inst_imag_0/shift_register_unit_18_1_inst_6/shift_registers_0_reg[3]/CE
                                                              1.947         
reg_i_ready_reg/C              multiple_c_matrix_vec_mult_and_sum_18_10_16_1_3_64_inst/c_matrix_vec_mult_core_18_10_16_3_1_inst/reg_X_10_reg[10]/CE
                                                              1.950         
reg_i_ready_reg/C              multiple_c_matrix_vec_mult_and_sum_18_10_16_1_3_64_inst/c_matrix_vec_mult_core_18_10_16_3_1_inst/reg_X_2_10_reg[10]/CE
                                                              1.950         
reg_i_ready_reg/C              multiple_c_matrix_vec_mult_and_sum_18_10_16_1_3_64_inst/c_matrix_vec_mult_core_18_10_16_3_1_inst/reg_X_2_2_reg[11]/CE
                                                              1.950         
reg_i_ready_reg/C              multiple_c_matrix_vec_mult_and_sum_18_10_16_1_3_64_inst/c_matrix_vec_mult_core_18_10_16_3_1_inst/reg_X_2_2_reg[6]/CE
                                                              1.950         
reg_i_ready_reg/C              multiple_c_matrix_vec_mult_and_sum_18_10_16_1_3_64_inst/c_matrix_vec_mult_core_18_10_16_3_1_inst/reg_X_2_2_reg[8]/CE
                                                              1.950         
reg_i_ready_reg/C              multiple_c_matrix_vec_mult_and_sum_18_10_16_1_3_64_inst/c_matrix_vec_mult_core_18_10_16_3_1_inst/reg_X_2_reg[11]/CE
                                                              1.950         
reg_i_ready_reg/C              multiple_c_matrix_vec_mult_and_sum_18_10_16_1_3_64_inst/c_matrix_vec_mult_core_18_10_16_3_1_inst/reg_X_2_reg[5]/CE
                                                              1.950         
reg_i_ready_reg/C              multiple_c_matrix_vec_mult_and_sum_18_10_16_1_3_64_inst/c_matrix_vec_mult_core_18_10_16_3_1_inst/reg_X_2_reg[8]/CE
                                                              1.950         
reg_i_ready_reg/C              multiple_c_matrix_vec_mult_and_sum_18_10_16_1_3_64_inst/c_matrix_vec_mult_core_18_10_16_3_1_inst/elementwise_add_core_18_18_9_inst_0/reg_B_5_reg[8]/CE
                                                              1.972         
reg_i_ready_reg/C              multiple_c_matrix_vec_mult_and_sum_18_10_16_1_3_64_inst/c_matrix_vec_mult_core_18_10_16_3_1_inst/elementwise_mult_core_18_1810_9_1_inst_0_imag_real/fp_rounding_unit_1_37_10_inst5/floor_reg[14]/CE
                                                              1.972         
reg_i_ready_reg/C              multiple_c_matrix_vec_mult_and_sum_18_10_16_1_3_64_inst/c_matrix_vec_mult_core_18_10_16_3_1_inst/elementwise_mult_core_18_1810_9_1_inst_0_imag_real/fp_rounding_unit_1_37_10_inst5/floor_reg[15]/CE
                                                              1.972         
reg_i_ready_reg/C              multiple_c_matrix_vec_mult_and_sum_18_10_16_1_3_64_inst/c_matrix_vec_mult_core_18_10_16_3_1_inst/reg_Y_imag_0_2_reg[0]/CE
                                                              1.973         
reg_i_ready_reg/C              multiple_c_matrix_vec_mult_and_sum_18_10_16_1_3_64_inst/c_matrix_vec_mult_core_18_10_16_3_1_inst/reg_Y_imag_0_2_reg[1]/CE
                                                              1.973         
reg_i_ready_reg/C              multiple_c_matrix_vec_mult_and_sum_18_10_16_1_3_64_inst/shift_register_group_18_16_1_inst_imag_0/shift_register_unit_18_1_inst_2/shift_registers_0_reg[0]/CE
                                                              1.973         
reg_i_ready_reg/C              multiple_c_matrix_vec_mult_and_sum_18_10_16_1_3_64_inst/shift_register_group_18_16_1_inst_imag_0/shift_register_unit_18_1_inst_2/shift_registers_0_reg[2]/CE
                                                              1.973         
reg_i_ready_reg/C              multiple_c_matrix_vec_mult_and_sum_18_10_16_1_3_64_inst/c_matrix_vec_mult_core_18_10_16_3_1_inst/elementwise_mult_core_18_1810_9_1_inst_0_imag_imag/fp_rounding_unit_1_37_10_inst5/floor_reg[10]/CE
                                                              1.977         
reg_i_ready_reg/C              multiple_c_matrix_vec_mult_and_sum_18_10_16_1_3_64_inst/c_matrix_vec_mult_core_18_10_16_3_1_inst/elementwise_mult_core_18_1810_9_1_inst_0_imag_imag/fp_rounding_unit_1_37_10_inst5/floor_reg[11]/CE
                                                              1.977         
reg_i_ready_reg/C              multiple_c_matrix_vec_mult_and_sum_18_10_16_1_3_64_inst/c_matrix_vec_mult_core_18_10_16_3_1_inst/elementwise_mult_core_18_1810_9_1_inst_0_imag_imag/fp_rounding_unit_1_37_10_inst5/floor_reg[12]/CE
                                                              1.977         
reg_i_ready_reg/C              multiple_c_matrix_vec_mult_and_sum_18_10_16_1_3_64_inst/c_matrix_vec_mult_core_18_10_16_3_1_inst/elementwise_mult_core_18_1810_9_1_inst_0_imag_imag/fp_rounding_unit_1_37_10_inst5/floor_reg[9]/CE
                                                              1.977         
reg_i_ready_reg/C              multiple_c_matrix_vec_mult_and_sum_18_10_16_1_3_64_inst/c_matrix_vec_mult_core_18_10_16_3_1_inst/elementwise_mult_core_18_1810_9_1_inst_0_imag_real/dsp_signed_mult_18x18_unit_18_18_1_inst2/reg_resa_reg/CEP
                                                              1.978         
reg_i_ready_reg/C              multiple_c_matrix_vec_mult_and_sum_18_10_16_1_3_64_inst/c_matrix_vec_mult_core_18_10_16_3_1_inst/elementwise_mult_core_18_1810_9_1_inst_1_imag_imag/dsp_signed_mult_18x18_unit_18_18_1_inst2/reg_resa_reg/CEP
                                                              1.978         
reg_i_ready_reg/C              multiple_c_matrix_vec_mult_and_sum_18_10_16_1_3_64_inst/c_matrix_vec_mult_core_18_10_16_3_1_inst/elementwise_mult_core_18_1810_9_1_inst_1_real_real/fp_rounding_unit_1_37_10_inst2/floor_reg[11]/CE
                                                              1.980         
reg_i_ready_reg/C              multiple_c_matrix_vec_mult_and_sum_18_10_16_1_3_64_inst/c_matrix_vec_mult_core_18_10_16_3_1_inst/elementwise_sub_core_18_18_9_inst_1/reg_A_2_reg[2]/CE
                                                              1.980         
reg_i_ready_reg/C              multiple_c_matrix_vec_mult_and_sum_18_10_16_1_3_64_inst/c_matrix_vec_mult_core_18_10_16_3_1_inst/elementwise_sub_core_18_18_9_inst_1/reg_A_2_reg[5]/CE
                                                              1.980         
reg_i_ready_reg/C              multiple_c_matrix_vec_mult_and_sum_18_10_16_1_3_64_inst/c_matrix_vec_mult_core_18_10_16_3_1_inst/reg_Y_real_1_2_reg[1]/CE
                                                              1.980         
reg_i_ready_reg/C              multiple_c_matrix_vec_mult_and_sum_18_10_16_1_3_64_inst/c_matrix_vec_mult_core_18_10_16_3_1_inst/elementwise_mult_core_18_1810_9_1_inst_0_imag_imag/fp_rounding_unit_1_37_10_inst5/floor_reg[13]/CE
                                                              1.982         
reg_i_ready_reg/C              multiple_c_matrix_vec_mult_and_sum_18_10_16_1_3_64_inst/c_matrix_vec_mult_core_18_10_16_3_1_inst/elementwise_mult_core_18_1810_9_1_inst_0_imag_imag/fp_rounding_unit_1_37_10_inst5/out_reg_reg[10]/CE
                                                              1.982         
reg_i_ready_reg/C              multiple_c_matrix_vec_mult_and_sum_18_10_16_1_3_64_inst/c_matrix_vec_mult_core_18_10_16_3_1_inst/elementwise_mult_core_18_1810_9_1_inst_0_imag_imag/fp_rounding_unit_1_37_10_inst5/out_reg_reg[13]/CE
                                                              1.982         
reg_i_ready_reg/C              multiple_c_matrix_vec_mult_and_sum_18_10_16_1_3_64_inst/c_matrix_vec_mult_core_18_10_16_3_1_inst/elementwise_mult_core_18_1810_9_1_inst_0_imag_imag/fp_rounding_unit_1_37_10_inst5/out_reg_reg[14]/CE
                                                              1.982         
reg_i_ready_reg/C              multiple_c_matrix_vec_mult_and_sum_18_10_16_1_3_64_inst/c_matrix_vec_mult_core_18_10_16_3_1_inst/elementwise_mult_core_18_1810_9_1_inst_0_imag_imag/fp_rounding_unit_1_37_10_inst5/out_reg_reg[15]/CE
                                                              1.982         
reg_i_ready_reg/C              multiple_c_matrix_vec_mult_and_sum_18_10_16_1_3_64_inst/c_matrix_vec_mult_core_18_10_16_3_1_inst/elementwise_sub_core_18_18_9_inst_0/reg_B_5_reg[10]/CE
                                                              1.982         
reg_i_ready_reg/C              multiple_c_matrix_vec_mult_and_sum_18_10_16_1_3_64_inst/c_matrix_vec_mult_core_18_10_16_3_1_inst/elementwise_sub_core_18_18_9_inst_0/reg_B_5_reg[12]/CE
                                                              1.982         
reg_i_ready_reg/C              multiple_c_matrix_vec_mult_and_sum_18_10_16_1_3_64_inst/c_matrix_vec_mult_core_18_10_16_3_1_inst/elementwise_sub_core_18_18_9_inst_0/reg_B_5_reg[15]/CE
                                                              1.982         
reg_i_ready_reg/C              multiple_c_matrix_vec_mult_and_sum_18_10_16_1_3_64_inst/c_matrix_vec_mult_core_18_10_16_3_1_inst/elementwise_mult_core_18_1810_9_1_inst_1_imag_imag/fp_rounding_unit_1_37_10_inst6/floor_reg[16]/CE
                                                              1.983         
reg_i_ready_reg/C              multiple_c_matrix_vec_mult_and_sum_18_10_16_1_3_64_inst/c_matrix_vec_mult_core_18_10_16_3_1_inst/elementwise_mult_core_18_1810_9_1_inst_1_imag_imag/fp_rounding_unit_1_37_10_inst6/floor_reg[17]/CE
                                                              1.983         
reg_i_ready_reg/C              multiple_c_matrix_vec_mult_and_sum_18_10_16_1_3_64_inst/c_matrix_vec_mult_core_18_10_16_3_1_inst/elementwise_mult_core_18_1810_9_1_inst_1_imag_imag/fp_rounding_unit_1_37_10_inst6/floor_reg[7]/CE
                                                              1.983         
reg_i_ready_reg/C              multiple_c_matrix_vec_mult_and_sum_18_10_16_1_3_64_inst/c_matrix_vec_mult_core_18_10_16_3_1_inst/elementwise_mult_core_18_1810_9_1_inst_1_imag_imag/fp_rounding_unit_1_37_10_inst6/floor_reg[9]/CE
                                                              1.983         
reg_i_ready_reg/C              multiple_c_matrix_vec_mult_and_sum_18_10_16_1_3_64_inst/c_matrix_vec_mult_core_18_10_16_3_1_inst/elementwise_mult_core_18_1810_9_1_inst_1_imag_imag/fp_rounding_unit_1_37_10_inst6/out_reg_reg[16]/CE
                                                              1.983         
reg_i_ready_reg/C              multiple_c_matrix_vec_mult_and_sum_18_10_16_1_3_64_inst/c_matrix_vec_mult_core_18_10_16_3_1_inst/elementwise_mult_core_18_1810_9_1_inst_1_imag_imag/fp_rounding_unit_1_37_10_inst6/out_reg_reg[17]/CE
                                                              1.983         
reg_i_ready_reg/C              multiple_c_matrix_vec_mult_and_sum_18_10_16_1_3_64_inst/c_matrix_vec_mult_core_18_10_16_3_1_inst/elementwise_mult_core_18_1810_9_1_inst_1_imag_imag/fp_rounding_unit_1_37_10_inst6/out_reg_reg[7]/CE
                                                              1.983         
reg_i_ready_reg/C              multiple_c_matrix_vec_mult_and_sum_18_10_16_1_3_64_inst/c_matrix_vec_mult_core_18_10_16_3_1_inst/elementwise_mult_core_18_1810_9_1_inst_1_imag_imag/fp_rounding_unit_1_37_10_inst6/out_reg_reg[9]/CE
                                                              1.983         
reg_i_ready_reg/C              multiple_c_matrix_vec_mult_and_sum_18_10_16_1_3_64_inst/c_matrix_vec_mult_core_18_10_16_3_1_inst/reg_X_10_reg[9]/CE
                                                              1.983         
reg_i_ready_reg/C              multiple_c_matrix_vec_mult_and_sum_18_10_16_1_3_64_inst/c_matrix_vec_mult_core_18_10_16_3_1_inst/reg_X_2_10_reg[9]/CE
                                                              1.983         
reg_i_ready_reg/C              multiple_c_matrix_vec_mult_and_sum_18_10_16_1_3_64_inst/c_matrix_vec_mult_core_18_10_16_3_1_inst/reg_Y_imag_0_2_reg[9]/CE
                                                              1.983         
reg_i_ready_reg/C              multiple_c_matrix_vec_mult_and_sum_18_10_16_1_3_64_inst/shift_register_group_18_16_1_inst_imag_0/shift_register_unit_18_1_inst_10/shift_registers_0_reg[6]/CE
                                                              1.983         
reg_i_ready_reg/C              multiple_c_matrix_vec_mult_and_sum_18_10_16_1_3_64_inst/shift_register_group_18_16_1_inst_imag_0/shift_register_unit_18_1_inst_14/shift_registers_0_reg[10]/CE
                                                              1.983         
reg_i_ready_reg/C              multiple_c_matrix_vec_mult_and_sum_18_10_16_1_3_64_inst/shift_register_group_18_16_1_inst_imag_0/shift_register_unit_18_1_inst_14/shift_registers_0_reg[5]/CE
                                                              1.983         
reg_i_ready_reg/C              multiple_c_matrix_vec_mult_and_sum_18_10_16_1_3_64_inst/shift_register_group_18_16_1_inst_imag_0/shift_register_unit_18_1_inst_14/shift_registers_0_reg[7]/CE
                                                              1.983         
reg_i_ready_reg/C              multiple_c_matrix_vec_mult_and_sum_18_10_16_1_3_64_inst/c_matrix_vec_mult_core_18_10_16_3_1_inst/reg_Y_imag_0_14_reg[12]/CE
                                                              1.984         
reg_i_ready_reg/C              multiple_c_matrix_vec_mult_and_sum_18_10_16_1_3_64_inst/c_matrix_vec_mult_core_18_10_16_3_1_inst/reg_Y_imag_0_14_reg[13]/CE
                                                              1.984         
reg_i_ready_reg/C              multiple_c_matrix_vec_mult_and_sum_18_10_16_1_3_64_inst/c_matrix_vec_mult_core_18_10_16_3_1_inst/reg_Y_imag_0_14_reg[14]/CE
                                                              1.984         
reg_i_ready_reg/C              multiple_c_matrix_vec_mult_and_sum_18_10_16_1_3_64_inst/c_matrix_vec_mult_core_18_10_16_3_1_inst/reg_Y_imag_0_14_reg[15]/CE
                                                              1.984         
reg_i_ready_reg/C              multiple_c_matrix_vec_mult_and_sum_18_10_16_1_3_64_inst/c_matrix_vec_mult_core_18_10_16_3_1_inst/reg_Y_imag_0_2_reg[16]/CE
                                                              1.984         
reg_i_ready_reg/C              multiple_c_matrix_vec_mult_and_sum_18_10_16_1_3_64_inst/c_matrix_vec_mult_core_18_10_16_3_1_inst/reg_Y_imag_0_2_reg[17]/CE
                                                              1.984         
reg_i_ready_reg/C              multiple_c_matrix_vec_mult_and_sum_18_10_16_1_3_64_inst/shift_register_group_18_16_1_inst_imag_0/shift_register_unit_18_1_inst_14/shift_registers_0_reg[9]/CE
                                                              1.984         
reg_i_ready_reg/C              multiple_c_matrix_vec_mult_and_sum_18_10_16_1_3_64_inst/shift_register_group_18_16_1_inst_imag_0/shift_register_unit_18_1_inst_2/shift_registers_0_reg[12]/CE
                                                              1.984         
reg_i_ready_reg/C              multiple_c_matrix_vec_mult_and_sum_18_10_16_1_3_64_inst/c_matrix_vec_mult_core_18_10_16_3_1_inst/elementwise_mult_core_18_1810_9_1_inst_1_imag_real/dsp_signed_mult_18x18_unit_18_18_1_inst2/reg_resa_reg/CEB2
                                                              1.984         
reg_i_ready_reg/C              multiple_c_matrix_vec_mult_and_sum_18_10_16_1_3_64_inst/c_matrix_vec_mult_core_18_10_16_3_1_inst/elementwise_mult_core_18_1810_9_1_inst_1_real_real/fp_rounding_unit_1_37_10_inst2/floor_reg[0]/CE
                                                              1.996         
reg_i_ready_reg/C              multiple_c_matrix_vec_mult_and_sum_18_10_16_1_3_64_inst/c_matrix_vec_mult_core_18_10_16_3_1_inst/elementwise_mult_core_18_1810_9_1_inst_1_real_real/fp_rounding_unit_1_37_10_inst2/floor_reg[7]/CE
                                                              1.996         
reg_i_ready_reg/C              multiple_c_matrix_vec_mult_and_sum_18_10_16_1_3_64_inst/c_matrix_vec_mult_core_18_10_16_3_1_inst/elementwise_mult_core_18_1810_9_1_inst_1_real_real/fp_rounding_unit_1_37_10_inst2/floor_reg[8]/CE
                                                              1.996         
reg_i_ready_reg/C              multiple_c_matrix_vec_mult_and_sum_18_10_16_1_3_64_inst/c_matrix_vec_mult_core_18_10_16_3_1_inst/reg_X_2_2_reg[0]/CE
                                                              2.000         
reg_i_ready_reg/C              multiple_c_matrix_vec_mult_and_sum_18_10_16_1_3_64_inst/c_matrix_vec_mult_core_18_10_16_3_1_inst/reg_X_2_2_reg[1]/CE
                                                              2.000         
reg_i_ready_reg/C              multiple_c_matrix_vec_mult_and_sum_18_10_16_1_3_64_inst/c_matrix_vec_mult_core_18_10_16_3_1_inst/reg_X_2_2_reg[2]/CE
                                                              2.000         
reg_i_ready_reg/C              multiple_c_matrix_vec_mult_and_sum_18_10_16_1_3_64_inst/c_matrix_vec_mult_core_18_10_16_3_1_inst/reg_X_2_2_reg[3]/CE
                                                              2.000         
reg_i_ready_reg/C              multiple_c_matrix_vec_mult_and_sum_18_10_16_1_3_64_inst/shift_register_group_18_16_1_inst_imag_0/shift_register_unit_18_1_inst_10/shift_registers_0_reg[12]/CE
                                                              2.001         
reg_i_ready_reg/C              multiple_c_matrix_vec_mult_and_sum_18_10_16_1_3_64_inst/shift_register_group_18_16_1_inst_imag_0/shift_register_unit_18_1_inst_10/shift_registers_0_reg[9]/CE
                                                              2.001         
reg_i_ready_reg/C              multiple_c_matrix_vec_mult_and_sum_18_10_16_1_3_64_inst/shift_register_group_18_16_1_inst_imag_0/shift_register_unit_18_1_inst_14/shift_registers_0_reg[12]/CE
                                                              2.001         
reg_i_ready_reg/C              multiple_c_matrix_vec_mult_and_sum_18_10_16_1_3_64_inst/shift_register_group_18_16_1_inst_imag_0/shift_register_unit_18_1_inst_14/shift_registers_0_reg[13]/CE
                                                              2.001         
reg_i_ready_reg/C              multiple_c_matrix_vec_mult_and_sum_18_10_16_1_3_64_inst/shift_register_group_18_16_1_inst_imag_0/shift_register_unit_18_1_inst_14/shift_registers_0_reg[14]/CE
                                                              2.001         
reg_i_ready_reg/C              multiple_c_matrix_vec_mult_and_sum_18_10_16_1_3_64_inst/shift_register_group_18_16_1_inst_imag_0/shift_register_unit_18_1_inst_14/shift_registers_0_reg[15]/CE
                                                              2.001         
reg_i_ready_reg/C              multiple_c_matrix_vec_mult_and_sum_18_10_16_1_3_64_inst/shift_register_group_18_16_1_inst_imag_0/shift_register_unit_18_1_inst_6/shift_registers_0_reg[11]/CE
                                                              2.001         
reg_i_ready_reg/C              multiple_c_matrix_vec_mult_and_sum_18_10_16_1_3_64_inst/shift_register_group_18_16_1_inst_imag_0/shift_register_unit_18_1_inst_6/shift_registers_0_reg[9]/CE
                                                              2.001         
reg_i_ready_reg/C              multiple_c_matrix_vec_mult_and_sum_18_10_16_1_3_64_inst/c_matrix_vec_mult_core_18_10_16_3_1_inst/reg_X_2_2_reg[14]/CE
                                                              2.001         



