Copyright 1986-2018 Xilinx, Inc. All Rights Reserved.
------------------------------------------------------------------------------------------------------------------------------------------------------------------------------------------------------------------------
| Tool Version : Vivado v.2018.3 (lin64) Build 2405991 Thu Dec  6 23:36:41 MST 2018
| Date         : Tue Jan 11 22:46:07 2022
| Host         : koopa.ece.utexas.edu running 64-bit CentOS Linux release 7.9.2009 (Core)
| Command      : report_timing -sort_by group -max_paths 100 -path_type summary -file /misc/scratch/zwei1/reports_Jan12/raw_designs/vtr_designs/verilog/arm_core_submodules/single_port_ram_128_8/post_route_timing.rpt
| Design       : single_port_ram_128_8
| Device       : 7z020-clg484
| Speed File   : -3  PRODUCTION 1.11 2014-09-11
------------------------------------------------------------------------------------------------------------------------------------------------------------------------------------------------------------------------

Timing Report

Startpoint                     Endpoint                       Slack(ns)     
----------------------------------------------------------------------------
addr[6]                        RAM_reg_0/ADDRARDADDR[10]      inf           
addr[7]                        RAM_reg_0/ADDRARDADDR[11]      inf           
addr[0]                        RAM_reg_0/ADDRARDADDR[4]       inf           
addr[1]                        RAM_reg_0/ADDRARDADDR[5]       inf           
addr[2]                        RAM_reg_0/ADDRARDADDR[6]       inf           
addr[3]                        RAM_reg_0/ADDRARDADDR[7]       inf           
addr[4]                        RAM_reg_0/ADDRARDADDR[8]       inf           
addr[5]                        RAM_reg_0/ADDRARDADDR[9]       inf           
addr[6]                        RAM_reg_0/ADDRBWRADDR[10]      inf           
addr[7]                        RAM_reg_0/ADDRBWRADDR[11]      inf           
addr[0]                        RAM_reg_0/ADDRBWRADDR[4]       inf           
addr[1]                        RAM_reg_0/ADDRBWRADDR[5]       inf           
addr[2]                        RAM_reg_0/ADDRBWRADDR[6]       inf           
addr[3]                        RAM_reg_0/ADDRBWRADDR[7]       inf           
addr[4]                        RAM_reg_0/ADDRBWRADDR[8]       inf           
addr[5]                        RAM_reg_0/ADDRBWRADDR[9]       inf           
data[0]                        RAM_reg_0/DIADI[0]             inf           
data[10]                       RAM_reg_0/DIADI[10]            inf           
data[11]                       RAM_reg_0/DIADI[11]            inf           
data[12]                       RAM_reg_0/DIADI[12]            inf           
data[13]                       RAM_reg_0/DIADI[13]            inf           
data[14]                       RAM_reg_0/DIADI[14]            inf           
data[15]                       RAM_reg_0/DIADI[15]            inf           
data[1]                        RAM_reg_0/DIADI[1]             inf           
data[2]                        RAM_reg_0/DIADI[2]             inf           
data[3]                        RAM_reg_0/DIADI[3]             inf           
data[4]                        RAM_reg_0/DIADI[4]             inf           
data[5]                        RAM_reg_0/DIADI[5]             inf           
data[6]                        RAM_reg_0/DIADI[6]             inf           
data[7]                        RAM_reg_0/DIADI[7]             inf           
data[8]                        RAM_reg_0/DIADI[8]             inf           
data[9]                        RAM_reg_0/DIADI[9]             inf           
data[18]                       RAM_reg_0/DIBDI[0]             inf           
data[28]                       RAM_reg_0/DIBDI[10]            inf           
data[29]                       RAM_reg_0/DIBDI[11]            inf           
data[30]                       RAM_reg_0/DIBDI[12]            inf           
data[31]                       RAM_reg_0/DIBDI[13]            inf           
data[32]                       RAM_reg_0/DIBDI[14]            inf           
data[33]                       RAM_reg_0/DIBDI[15]            inf           
data[19]                       RAM_reg_0/DIBDI[1]             inf           
data[20]                       RAM_reg_0/DIBDI[2]             inf           
data[21]                       RAM_reg_0/DIBDI[3]             inf           
data[22]                       RAM_reg_0/DIBDI[4]             inf           
data[23]                       RAM_reg_0/DIBDI[5]             inf           
data[24]                       RAM_reg_0/DIBDI[6]             inf           
data[25]                       RAM_reg_0/DIBDI[7]             inf           
data[26]                       RAM_reg_0/DIBDI[8]             inf           
data[27]                       RAM_reg_0/DIBDI[9]             inf           
data[16]                       RAM_reg_0/DIPADIP[0]           inf           
data[17]                       RAM_reg_0/DIPADIP[1]           inf           
data[34]                       RAM_reg_0/DIPBDIP[0]           inf           
data[35]                       RAM_reg_0/DIPBDIP[1]           inf           
we                             RAM_reg_0/ENARDEN              inf           
we                             RAM_reg_0/ENBWREN              inf           
addr[6]                        RAM_reg_1/ADDRARDADDR[10]      inf           
addr[7]                        RAM_reg_1/ADDRARDADDR[11]      inf           
addr[0]                        RAM_reg_1/ADDRARDADDR[4]       inf           
addr[1]                        RAM_reg_1/ADDRARDADDR[5]       inf           
addr[2]                        RAM_reg_1/ADDRARDADDR[6]       inf           
addr[3]                        RAM_reg_1/ADDRARDADDR[7]       inf           
addr[4]                        RAM_reg_1/ADDRARDADDR[8]       inf           
addr[5]                        RAM_reg_1/ADDRARDADDR[9]       inf           
addr[6]                        RAM_reg_1/ADDRBWRADDR[10]      inf           
addr[7]                        RAM_reg_1/ADDRBWRADDR[11]      inf           
addr[0]                        RAM_reg_1/ADDRBWRADDR[4]       inf           
addr[1]                        RAM_reg_1/ADDRBWRADDR[5]       inf           
addr[2]                        RAM_reg_1/ADDRBWRADDR[6]       inf           
addr[3]                        RAM_reg_1/ADDRBWRADDR[7]       inf           
addr[4]                        RAM_reg_1/ADDRBWRADDR[8]       inf           
addr[5]                        RAM_reg_1/ADDRBWRADDR[9]       inf           
data[36]                       RAM_reg_1/DIADI[0]             inf           
data[46]                       RAM_reg_1/DIADI[10]            inf           
data[47]                       RAM_reg_1/DIADI[11]            inf           
data[48]                       RAM_reg_1/DIADI[12]            inf           
data[49]                       RAM_reg_1/DIADI[13]            inf           
data[50]                       RAM_reg_1/DIADI[14]            inf           
data[51]                       RAM_reg_1/DIADI[15]            inf           
data[37]                       RAM_reg_1/DIADI[1]             inf           
data[38]                       RAM_reg_1/DIADI[2]             inf           
data[39]                       RAM_reg_1/DIADI[3]             inf           
data[40]                       RAM_reg_1/DIADI[4]             inf           
data[41]                       RAM_reg_1/DIADI[5]             inf           
data[42]                       RAM_reg_1/DIADI[6]             inf           
data[43]                       RAM_reg_1/DIADI[7]             inf           
data[44]                       RAM_reg_1/DIADI[8]             inf           
data[45]                       RAM_reg_1/DIADI[9]             inf           
data[54]                       RAM_reg_1/DIBDI[0]             inf           
data[64]                       RAM_reg_1/DIBDI[10]            inf           
data[65]                       RAM_reg_1/DIBDI[11]            inf           
data[66]                       RAM_reg_1/DIBDI[12]            inf           
data[67]                       RAM_reg_1/DIBDI[13]            inf           
data[68]                       RAM_reg_1/DIBDI[14]            inf           
data[69]                       RAM_reg_1/DIBDI[15]            inf           
data[55]                       RAM_reg_1/DIBDI[1]             inf           
data[56]                       RAM_reg_1/DIBDI[2]             inf           
data[57]                       RAM_reg_1/DIBDI[3]             inf           
data[58]                       RAM_reg_1/DIBDI[4]             inf           
data[59]                       RAM_reg_1/DIBDI[5]             inf           
data[60]                       RAM_reg_1/DIBDI[6]             inf           
data[61]                       RAM_reg_1/DIBDI[7]             inf           



