Copyright 1986-2018 Xilinx, Inc. All Rights Reserved.
-------------------------------------------------------------------------------------------------------------------------------------------------------------------------------------------------------------
| Tool Version     : Vivado v.2018.3 (lin64) Build 2405991 Thu Dec  6 23:36:41 MST 2018
| Date             : Wed Jan 12 22:59:49 2022
| Host             : koopa.ece.utexas.edu running 64-bit CentOS Linux release 7.9.2009 (Core)
| Command          : report_power -file /misc/scratch/zwei1/reports_Jan12/raw_designs/vtr_designs/verilog/koios/clstm_like.large_submodules/elementwise_mult_core_18_18_10_48_1/post_synth_power.rpt
| Design           : elementwise_mult_core_18_18_10_48_1
| Device           : xc7z020clg484-3
| Design State     : synthesized
| Grade            : extended
| Process          : typical
| Characterization : Production
-------------------------------------------------------------------------------------------------------------------------------------------------------------------------------------------------------------

Power Report

Table of Contents
-----------------
1. Summary
1.1 On-Chip Components
1.2 Power Supply Summary
1.3 Confidence Level
2. Settings
2.1 Environment
2.2 Clock Constraints
3. Detailed Reports
3.1 By Hierarchy

1. Summary
----------

+--------------------------+--------------+
| Total On-Chip Power (mW) | 221.886      |
| Design Power Budget (mW) | Unspecified* |
| Power Budget Margin (mW) | NA           |
| Dynamic (mW)             | 117.587      |
| Device Static (mW)       | 104.299      |
| Effective TJA (C/W)      | 11.5         |
| Max Ambient (C)          | 97.4         |
| Junction Temperature (C) | 27.6         |
| Confidence Level         | Medium       |
| Setting File             | ---          |
| Simulation Activity File | ---          |
| Design Nets Matched      | NA           |
+--------------------------+--------------+
* Specify Design Power Budget using, set_operating_conditions -design_power_budget <value in Watts>


1.1 On-Chip Components
----------------------

+----------------+------------+----------+-----------+-----------------+
| On-Chip        | Power (mW) | Used     | Available | Utilization (%) |
+----------------+------------+----------+-----------+-----------------+
| Clocks         |    27.911  |        3 |       --- |             --- |
| Slice Logic    |    13.025  |     4879 |       --- |             --- |
|   LUT as Logic |     8.763  |      481 |     53200 |            0.90 |
|   Register     |     2.955  |     3606 |    106400 |            3.39 |
|   CARRY4       |     1.308  |      240 |     13300 |            1.80 |
|   Others       |     0.000  |      120 |       --- |             --- |
| Signals        |    25.693  |     6439 |       --- |             --- |
| DSPs           |    50.958  |       48 |       220 |           21.82 |
| Static Power   |   104.299  |          |           |                 |
| Total          |   221.886  |          |           |                 |
+----------------+------------+----------+-----------+-----------------+


1.2 Power Supply Summary
------------------------

+-----------+-------------+-----------+-------------+------------+
| Source    | Voltage (V) | Total (A) | Dynamic (A) | Static (A) |
+-----------+-------------+-----------+-------------+------------+
| Vccint    |       1.000 |     0.125 |       0.118 |      0.008 |
| Vccaux    |       1.800 |     0.011 |       0.000 |      0.011 |
| Vcco33    |       3.300 |     0.000 |       0.000 |      0.000 |
| Vcco25    |       2.500 |     0.000 |       0.000 |      0.000 |
| Vcco18    |       1.800 |     0.000 |       0.000 |      0.000 |
| Vcco15    |       1.500 |     0.000 |       0.000 |      0.000 |
| Vcco135   |       1.350 |     0.000 |       0.000 |      0.000 |
| Vcco12    |       1.200 |     0.000 |       0.000 |      0.000 |
| Vccaux_io |       1.800 |     0.000 |       0.000 |      0.000 |
| Vccbram   |       1.000 |     0.000 |       0.000 |      0.000 |
| MGTAVcc   |       1.000 |     0.000 |       0.000 |      0.000 |
| MGTAVtt   |       1.200 |     0.000 |       0.000 |      0.000 |
| MGTVccaux |       1.800 |     0.000 |       0.000 |      0.000 |
| Vccpint   |       1.000 |     0.017 |       0.000 |      0.017 |
| Vccpaux   |       1.800 |     0.010 |       0.000 |      0.010 |
| Vccpll    |       1.800 |     0.003 |       0.000 |      0.003 |
| Vcco_ddr  |       1.500 |     0.000 |       0.000 |      0.000 |
| Vcco_mio0 |       1.800 |     0.000 |       0.000 |      0.000 |
| Vcco_mio1 |       1.800 |     0.000 |       0.000 |      0.000 |
| Vccadc    |       1.800 |     0.020 |       0.000 |      0.020 |
+-----------+-------------+-----------+-------------+------------+


1.3 Confidence Level
--------------------

+-----------------------------+------------+------------------------------------------------+------------------------------------------------------------------------------------------------------------+
| User Input Data             | Confidence | Details                                        | Action                                                                                                     |
+-----------------------------+------------+------------------------------------------------+------------------------------------------------------------------------------------------------------------+
| Design implementation state | Low        | Design is synthesized                          | Accuracy of the tool is not optimal until design is fully placed and routed                                |
| Clock nodes activity        | High       | User specified more than 95% of clocks         |                                                                                                            |
| I/O nodes activity          | High       | User specified more than 95% of inputs         |                                                                                                            |
| Internal nodes activity     | Medium     | User specified less than 25% of internal nodes | Provide missing internal nodes activity with simulation results or by editing the "By Resource Type" views |
| Device models               | High       | Device models are Production                   |                                                                                                            |
|                             |            |                                                |                                                                                                            |
| Overall confidence level    | Medium     |                                                |                                                                                                            |
+-----------------------------+------------+------------------------------------------------+------------------------------------------------------------------------------------------------------------+


2. Settings
-----------

2.1 Environment
---------------

+-----------------------+------------------------+
| Ambient Temp (C)      | 25.0                   |
| ThetaJA (C/W)         | 11.5                   |
| Airflow (LFM)         | 250                    |
| Heat Sink             | none                   |
| ThetaSA (C/W)         | 0.0                    |
| Board Selection       | medium (10"x10")       |
| # of Board Layers     | 8to11 (8 to 11 Layers) |
| Board Temperature (C) | 25.0                   |
+-----------------------+------------------------+


2.2 Clock Constraints
---------------------

+-------+--------+-----------------+
| Clock | Domain | Constraint (ns) |
+-------+--------+-----------------+
| clk   | clk    |            10.0 |
+-------+--------+-----------------+


3. Detailed Reports
-------------------

3.1 By Hierarchy
----------------

+---------------------------------------------+------------+
| Name                                        | Power (mW) |
+---------------------------------------------+------------+
| elementwise_mult_core_18_18_10_48_1         |   117.587  |
|   dsp_signed_mult_18x18_unit_18_18_1_inst0  |     2.578  |
|   dsp_signed_mult_18x18_unit_18_18_1_inst10 |     2.551  |
|   dsp_signed_mult_18x18_unit_18_18_1_inst12 |     2.551  |
|   dsp_signed_mult_18x18_unit_18_18_1_inst14 |     2.551  |
|   dsp_signed_mult_18x18_unit_18_18_1_inst16 |     2.551  |
|   dsp_signed_mult_18x18_unit_18_18_1_inst18 |     2.551  |
|   dsp_signed_mult_18x18_unit_18_18_1_inst2  |     2.551  |
|   dsp_signed_mult_18x18_unit_18_18_1_inst20 |     2.551  |
|   dsp_signed_mult_18x18_unit_18_18_1_inst22 |     2.551  |
|   dsp_signed_mult_18x18_unit_18_18_1_inst24 |     2.551  |
|   dsp_signed_mult_18x18_unit_18_18_1_inst26 |     2.551  |
|   dsp_signed_mult_18x18_unit_18_18_1_inst28 |     2.551  |
|   dsp_signed_mult_18x18_unit_18_18_1_inst30 |     2.551  |
|   dsp_signed_mult_18x18_unit_18_18_1_inst32 |     2.551  |
|   dsp_signed_mult_18x18_unit_18_18_1_inst34 |     2.551  |
|   dsp_signed_mult_18x18_unit_18_18_1_inst36 |     2.551  |
|   dsp_signed_mult_18x18_unit_18_18_1_inst38 |     2.551  |
|   dsp_signed_mult_18x18_unit_18_18_1_inst4  |     2.551  |
|   dsp_signed_mult_18x18_unit_18_18_1_inst40 |     2.551  |
|   dsp_signed_mult_18x18_unit_18_18_1_inst42 |     2.551  |
|   dsp_signed_mult_18x18_unit_18_18_1_inst44 |     2.551  |
|   dsp_signed_mult_18x18_unit_18_18_1_inst46 |     2.551  |
|   dsp_signed_mult_18x18_unit_18_18_1_inst6  |     2.551  |
|   dsp_signed_mult_18x18_unit_18_18_1_inst8  |     2.551  |
|   fp_rounding_unit_1_37_10_inst0            |     1.024  |
|   fp_rounding_unit_1_37_10_inst1            |     1.004  |
|   fp_rounding_unit_1_37_10_inst10           |     1.004  |
|   fp_rounding_unit_1_37_10_inst11           |     1.004  |
|   fp_rounding_unit_1_37_10_inst12           |     1.004  |
|   fp_rounding_unit_1_37_10_inst13           |     1.004  |
|   fp_rounding_unit_1_37_10_inst14           |     1.004  |
|   fp_rounding_unit_1_37_10_inst15           |     1.004  |
|   fp_rounding_unit_1_37_10_inst16           |     1.004  |
|   fp_rounding_unit_1_37_10_inst17           |     1.004  |
|   fp_rounding_unit_1_37_10_inst18           |     1.004  |
|   fp_rounding_unit_1_37_10_inst19           |     1.004  |
|   fp_rounding_unit_1_37_10_inst2            |     1.004  |
|   fp_rounding_unit_1_37_10_inst20           |     1.004  |
|   fp_rounding_unit_1_37_10_inst21           |     1.004  |
|   fp_rounding_unit_1_37_10_inst22           |     1.004  |
|   fp_rounding_unit_1_37_10_inst23           |     1.004  |
|   fp_rounding_unit_1_37_10_inst24           |     1.004  |
|   fp_rounding_unit_1_37_10_inst25           |     1.004  |
|   fp_rounding_unit_1_37_10_inst26           |     1.004  |
|   fp_rounding_unit_1_37_10_inst27           |     1.004  |
|   fp_rounding_unit_1_37_10_inst28           |     1.004  |
|   fp_rounding_unit_1_37_10_inst29           |     1.004  |
|   fp_rounding_unit_1_37_10_inst3            |     1.004  |
|   fp_rounding_unit_1_37_10_inst30           |     1.004  |
|   fp_rounding_unit_1_37_10_inst31           |     1.004  |
|   fp_rounding_unit_1_37_10_inst32           |     1.004  |
|   fp_rounding_unit_1_37_10_inst33           |     1.004  |
|   fp_rounding_unit_1_37_10_inst34           |     1.004  |
|   fp_rounding_unit_1_37_10_inst35           |     1.004  |
|   fp_rounding_unit_1_37_10_inst36           |     1.004  |
|   fp_rounding_unit_1_37_10_inst37           |     1.004  |
|   fp_rounding_unit_1_37_10_inst38           |     1.004  |
|   fp_rounding_unit_1_37_10_inst39           |     1.004  |
|   fp_rounding_unit_1_37_10_inst4            |     1.004  |
|   fp_rounding_unit_1_37_10_inst40           |     1.004  |
|   fp_rounding_unit_1_37_10_inst41           |     1.004  |
|   fp_rounding_unit_1_37_10_inst42           |     1.004  |
|   fp_rounding_unit_1_37_10_inst43           |     1.004  |
|   fp_rounding_unit_1_37_10_inst44           |     1.004  |
|   fp_rounding_unit_1_37_10_inst45           |     1.004  |
|   fp_rounding_unit_1_37_10_inst46           |     1.004  |
|   fp_rounding_unit_1_37_10_inst47           |     1.004  |
|   fp_rounding_unit_1_37_10_inst5            |     1.004  |
|   fp_rounding_unit_1_37_10_inst6            |     1.004  |
|   fp_rounding_unit_1_37_10_inst7            |     1.004  |
|   fp_rounding_unit_1_37_10_inst8            |     1.004  |
|   fp_rounding_unit_1_37_10_inst9            |     1.004  |
+---------------------------------------------+------------+


