Copyright 1986-2018 Xilinx, Inc. All Rights Reserved.
-------------------------------------------------------------------------------------------------------------------------------------------------------------------------------------------------------------------------------------------------------
| Tool Version : Vivado v.2018.3 (lin64) Build 2405991 Thu Dec  6 23:36:41 MST 2018
| Date         : Wed Jan 12 11:39:06 2022
| Host         : koopa.ece.utexas.edu running 64-bit CentOS Linux release 7.9.2009 (Core)
| Command      : report_timing -sort_by group -max_paths 100 -path_type summary -file /misc/scratch/zwei1/reports_Jan12/raw_designs/vtr_designs/verilog/koios/tiny_darknet_like.small_submodules/td_fused_top_tdf10_get_next_ijk/post_route_timing.rpt
| Design       : td_fused_top_tdf10_get_next_ijk
| Device       : 7z020-clg484
| Speed File   : -3  PRODUCTION 1.11 2014-09-11
-------------------------------------------------------------------------------------------------------------------------------------------------------------------------------------------------------------------------------------------------------

Timing Report

Startpoint                     Endpoint                       Slack(ns)     
----------------------------------------------------------------------------
k_10_reg[0]/C                  k_10_reg[0]/R                  4.733         
k_10_reg[0]/C                  k_10_reg[1]/R                  4.733         
k_10_reg[0]/C                  k_10_reg[2]/R                  4.733         
k_10_reg[0]/C                  k_10_reg[3]/R                  4.733         
k_10_reg[0]/C                  k_10_reg[4]/R                  4.828         
k_10_reg[0]/C                  k_10_reg[5]/R                  4.828         
k_10_reg[0]/C                  k_10_reg[6]/R                  4.828         
k_10_reg[0]/C                  k_10_reg[7]/R                  4.828         
k_10_reg[0]/C                  k_10_reg[10]/R                 4.931         
k_10_reg[0]/C                  k_10_reg[11]/R                 4.931         
k_10_reg[0]/C                  k_10_reg[8]/R                  4.931         
k_10_reg[0]/C                  k_10_reg[9]/R                  4.931         
k_10_reg[0]/C                  k_10_reg[12]/R                 5.034         
k_10_reg[0]/C                  k_10_reg[13]/R                 5.034         
k_10_reg[0]/C                  k_10_reg[14]/R                 5.034         
k_10_reg[0]/C                  k_10_reg[15]/R                 5.034         
k_10_reg[0]/C                  i_10_reg[12]/R                 5.036         
k_10_reg[0]/C                  i_10_reg[13]/R                 5.036         
k_10_reg[0]/C                  i_10_reg[14]/R                 5.036         
k_10_reg[0]/C                  i_10_reg[15]/R                 5.036         
k_10_reg[0]/C                  j_10_reg[12]/R                 5.099         
k_10_reg[0]/C                  j_10_reg[13]/R                 5.099         
k_10_reg[0]/C                  j_10_reg[14]/R                 5.099         
k_10_reg[0]/C                  j_10_reg[15]/R                 5.099         
k_10_reg[0]/C                  i_10_reg[10]/R                 5.134         
k_10_reg[0]/C                  i_10_reg[11]/R                 5.134         
k_10_reg[0]/C                  i_10_reg[8]/R                  5.134         
k_10_reg[0]/C                  i_10_reg[9]/R                  5.134         
k_10_reg[0]/C                  j_10_reg[10]/R                 5.196         
k_10_reg[0]/C                  j_10_reg[11]/R                 5.196         
k_10_reg[0]/C                  j_10_reg[8]/R                  5.196         
k_10_reg[0]/C                  j_10_reg[9]/R                  5.196         
k_10_reg[0]/C                  i_10_reg[0]/R                  5.279         
k_10_reg[0]/C                  i_10_reg[1]/R                  5.279         
k_10_reg[0]/C                  i_10_reg[2]/R                  5.279         
k_10_reg[0]/C                  i_10_reg[3]/R                  5.279         
k_10_reg[0]/C                  j_10_reg[4]/R                  5.302         
k_10_reg[0]/C                  j_10_reg[5]/R                  5.302         
k_10_reg[0]/C                  j_10_reg[6]/R                  5.302         
k_10_reg[0]/C                  j_10_reg[7]/R                  5.302         
k_10_reg[0]/C                  j_10_reg[12]/CE                5.361         
k_10_reg[0]/C                  j_10_reg[13]/CE                5.361         
k_10_reg[0]/C                  j_10_reg[14]/CE                5.361         
k_10_reg[0]/C                  j_10_reg[15]/CE                5.361         
k_10_reg[0]/C                  i_10_reg[4]/R                  5.375         
k_10_reg[0]/C                  i_10_reg[5]/R                  5.375         
k_10_reg[0]/C                  i_10_reg[6]/R                  5.375         
k_10_reg[0]/C                  i_10_reg[7]/R                  5.375         
k_10_reg[0]/C                  j_10_reg[0]/R                  5.408         
k_10_reg[0]/C                  j_10_reg[1]/R                  5.408         
k_10_reg[0]/C                  j_10_reg[2]/R                  5.408         
k_10_reg[0]/C                  j_10_reg[3]/R                  5.408         
k_10_reg[0]/C                  j_10_reg[10]/CE                5.461         
k_10_reg[0]/C                  j_10_reg[11]/CE                5.461         
k_10_reg[0]/C                  j_10_reg[8]/CE                 5.461         
k_10_reg[0]/C                  j_10_reg[9]/CE                 5.461         
k_10_reg[0]/C                  j_10_reg[4]/CE                 5.468         
k_10_reg[0]/C                  j_10_reg[5]/CE                 5.468         
k_10_reg[0]/C                  j_10_reg[6]/CE                 5.468         
k_10_reg[0]/C                  j_10_reg[7]/CE                 5.468         
k_10_reg[0]/C                  i_10_reg[0]/CE                 5.485         
k_10_reg[0]/C                  i_10_reg[1]/CE                 5.485         
k_10_reg[0]/C                  i_10_reg[2]/CE                 5.485         
k_10_reg[0]/C                  i_10_reg[3]/CE                 5.485         
k_10_reg[0]/C                  j_10_reg[0]/CE                 5.568         
k_10_reg[0]/C                  j_10_reg[1]/CE                 5.568         
k_10_reg[0]/C                  j_10_reg[2]/CE                 5.568         
k_10_reg[0]/C                  j_10_reg[3]/CE                 5.568         
k_10_reg[0]/C                  i_10_reg[4]/CE                 5.581         
k_10_reg[0]/C                  i_10_reg[5]/CE                 5.581         
k_10_reg[0]/C                  i_10_reg[6]/CE                 5.581         
k_10_reg[0]/C                  i_10_reg[7]/CE                 5.581         
k_10_reg[0]/C                  i_10_reg[10]/CE                5.698         
k_10_reg[0]/C                  i_10_reg[11]/CE                5.698         
k_10_reg[0]/C                  i_10_reg[8]/CE                 5.698         
k_10_reg[0]/C                  i_10_reg[9]/CE                 5.698         
k_10_reg[0]/C                  i_10_reg[12]/CE                5.786         
k_10_reg[0]/C                  i_10_reg[13]/CE                5.786         
k_10_reg[0]/C                  i_10_reg[14]/CE                5.786         
k_10_reg[0]/C                  i_10_reg[15]/CE                5.786         
start_once_reg_reg/C           start_once_reg_reg/D           7.209         
start_once_reg_reg/C           k_10_reg[0]/CE                 7.396         
start_once_reg_reg/C           k_10_reg[1]/CE                 7.396         
start_once_reg_reg/C           k_10_reg[2]/CE                 7.396         
start_once_reg_reg/C           k_10_reg[3]/CE                 7.396         
start_once_reg_reg/C           k_10_reg[4]/CE                 7.403         
start_once_reg_reg/C           k_10_reg[5]/CE                 7.403         
start_once_reg_reg/C           k_10_reg[6]/CE                 7.403         
start_once_reg_reg/C           k_10_reg[7]/CE                 7.403         
start_once_reg_reg/C           k_10_reg[10]/CE                7.503         
start_once_reg_reg/C           k_10_reg[11]/CE                7.503         
start_once_reg_reg/C           k_10_reg[8]/CE                 7.503         
start_once_reg_reg/C           k_10_reg[9]/CE                 7.503         
start_once_reg_reg/C           k_10_reg[12]/CE                7.510         
start_once_reg_reg/C           k_10_reg[13]/CE                7.510         
start_once_reg_reg/C           k_10_reg[14]/CE                7.510         
start_once_reg_reg/C           k_10_reg[15]/CE                7.510         
start_once_reg_reg/C           ap_done_reg_reg/D              7.655         
i_10_reg[3]/C                  i_10_reg[15]/D                 8.278         
i_10_reg[3]/C                  i_10_reg[13]/D                 8.282         



