Copyright 1986-2018 Xilinx, Inc. All Rights Reserved.
----------------------------------------------------------------------------------------------------------------------------------------------------------------------------------------------------------------------------------------------------------------
| Tool Version : Vivado v.2018.3 (lin64) Build 2405991 Thu Dec  6 23:36:41 MST 2018
| Date         : Thu Jan 13 06:55:27 2022
| Host         : koopa.ece.utexas.edu running 64-bit CentOS Linux release 7.9.2009 (Core)
| Command      : report_timing -sort_by group -max_paths 100 -path_type summary -file /misc/scratch/zwei1/reports_Jan12/raw_designs/vtr_designs/verilog/koios/tiny_darknet_like.small_submodules/td_fused_top_td_fused_tdf7_fmaps_memcore/post_route_timing.rpt
| Design       : td_fused_top_td_fused_tdf7_fmaps_memcore
| Device       : 7z020-clg484
| Speed File   : -3  PRODUCTION 1.11 2014-09-11
----------------------------------------------------------------------------------------------------------------------------------------------------------------------------------------------------------------------------------------------------------------

Timing Report

Startpoint                     Endpoint                       Slack(ns)     
----------------------------------------------------------------------------
td_fused_top_td_fused_tdf7_fmaps_memcore_ram_U/addr1_t1_reg[8]/C
                               td_fused_top_td_fused_tdf7_fmaps_memcore_ram_U/ram_reg_9/ADDRARDADDR[10]
                                                              6.789         
td_fused_top_td_fused_tdf7_fmaps_memcore_ram_U/addr1_t1_reg[1]/C
                               td_fused_top_td_fused_tdf7_fmaps_memcore_ram_U/ram_reg_3/ADDRARDADDR[3]
                                                              6.896         
td_fused_top_td_fused_tdf7_fmaps_memcore_ram_U/addr0_t1_reg[7]/C
                               td_fused_top_td_fused_tdf7_fmaps_memcore_ram_U/ram_reg_8/ADDRBWRADDR[9]
                                                              6.903         
td_fused_top_td_fused_tdf7_fmaps_memcore_ram_U/addr0_t1_reg[5]/C
                               td_fused_top_td_fused_tdf7_fmaps_memcore_ram_U/ram_reg_3/ADDRBWRADDR[7]
                                                              6.935         
td_fused_top_td_fused_tdf7_fmaps_memcore_ram_U/addr1_t1_reg[11]/C
                               td_fused_top_td_fused_tdf7_fmaps_memcore_ram_U/ram_reg_3/ADDRARDADDR[13]
                                                              6.938         
td_fused_top_td_fused_tdf7_fmaps_memcore_ram_U/addr1_t1_reg[5]/C
                               td_fused_top_td_fused_tdf7_fmaps_memcore_ram_U/ram_reg_5/ADDRARDADDR[7]
                                                              6.940         
td_fused_top_td_fused_tdf7_fmaps_memcore_ram_U/addr0_t1_reg[8]/C
                               td_fused_top_td_fused_tdf7_fmaps_memcore_ram_U/ram_reg_3/ADDRBWRADDR[10]
                                                              6.943         
td_fused_top_td_fused_tdf7_fmaps_memcore_ram_U/addr0_t1_reg[3]/C
                               td_fused_top_td_fused_tdf7_fmaps_memcore_ram_U/ram_reg_5/ADDRBWRADDR[5]
                                                              6.968         
td_fused_top_td_fused_tdf7_fmaps_memcore_ram_U/addr1_t1_reg[2]/C
                               td_fused_top_td_fused_tdf7_fmaps_memcore_ram_U/ram_reg_11/ADDRARDADDR[4]
                                                              6.979         
td_fused_top_td_fused_tdf7_fmaps_memcore_ram_U/addr0_t1_reg[4]/C
                               td_fused_top_td_fused_tdf7_fmaps_memcore_ram_U/ram_reg_3/ADDRBWRADDR[6]
                                                              7.022         
td_fused_top_td_fused_tdf7_fmaps_memcore_ram_U/addr0_t1_reg[6]/C
                               td_fused_top_td_fused_tdf7_fmaps_memcore_ram_U/ram_reg_8/ADDRBWRADDR[8]
                                                              7.035         
td_fused_top_td_fused_tdf7_fmaps_memcore_ram_U/addr1_t1_reg[9]/C
                               td_fused_top_td_fused_tdf7_fmaps_memcore_ram_U/ram_reg_11/ADDRARDADDR[11]
                                                              7.059         
td_fused_top_td_fused_tdf7_fmaps_memcore_ram_U/addr1_t1_reg[7]/C
                               td_fused_top_td_fused_tdf7_fmaps_memcore_ram_U/ram_reg_3/ADDRARDADDR[9]
                                                              7.090         
td_fused_top_td_fused_tdf7_fmaps_memcore_ram_U/addr1_t1_reg[6]/C
                               td_fused_top_td_fused_tdf7_fmaps_memcore_ram_U/ram_reg_11/ADDRARDADDR[8]
                                                              7.104         
td_fused_top_td_fused_tdf7_fmaps_memcore_ram_U/addr0_t1_reg[1]/C
                               td_fused_top_td_fused_tdf7_fmaps_memcore_ram_U/ram_reg_3/ADDRBWRADDR[3]
                                                              7.111         
td_fused_top_td_fused_tdf7_fmaps_memcore_ram_U/addr0_t1_reg[9]/C
                               td_fused_top_td_fused_tdf7_fmaps_memcore_ram_U/ram_reg_9/ADDRBWRADDR[11]
                                                              7.114         
td_fused_top_td_fused_tdf7_fmaps_memcore_ram_U/addr1_t1_reg[10]/C
                               td_fused_top_td_fused_tdf7_fmaps_memcore_ram_U/ram_reg_3/ADDRARDADDR[12]
                                                              7.116         
td_fused_top_td_fused_tdf7_fmaps_memcore_ram_U/addr1_t1_reg[3]/C
                               td_fused_top_td_fused_tdf7_fmaps_memcore_ram_U/ram_reg_3/ADDRARDADDR[5]
                                                              7.121         
td_fused_top_td_fused_tdf7_fmaps_memcore_ram_U/addr1_t1_reg[2]/C
                               td_fused_top_td_fused_tdf7_fmaps_memcore_ram_U/ram_reg_3/ADDRARDADDR[4]
                                                              7.130         
td_fused_top_td_fused_tdf7_fmaps_memcore_ram_U/addr0_t1_reg[8]/C
                               td_fused_top_td_fused_tdf7_fmaps_memcore_ram_U/ram_reg_0/ADDRBWRADDR[10]
                                                              7.130         
td_fused_top_td_fused_tdf7_fmaps_memcore_ram_U/addr1_t1_reg[0]/C
                               td_fused_top_td_fused_tdf7_fmaps_memcore_ram_U/ram_reg_3/ADDRARDADDR[2]
                                                              7.155         
td_fused_top_td_fused_tdf7_fmaps_memcore_ram_U/addr1_t1_reg[5]/C
                               td_fused_top_td_fused_tdf7_fmaps_memcore_ram_U/ram_reg_11/ADDRARDADDR[7]
                                                              7.156         
td_fused_top_td_fused_tdf7_fmaps_memcore_ram_U/addr0_t1_reg[11]/C
                               td_fused_top_td_fused_tdf7_fmaps_memcore_ram_U/ram_reg_2/ADDRBWRADDR[13]
                                                              7.158         
td_fused_top_td_fused_tdf7_fmaps_memcore_ram_U/addr0_t1_reg[9]/C
                               td_fused_top_td_fused_tdf7_fmaps_memcore_ram_U/ram_reg_8/ADDRBWRADDR[11]
                                                              7.175         
td_fused_top_td_fused_tdf7_fmaps_memcore_ram_U/addr1_t1_reg[2]/C
                               td_fused_top_td_fused_tdf7_fmaps_memcore_ram_U/ram_reg_0/ADDRARDADDR[4]
                                                              7.184         
td_fused_top_td_fused_tdf7_fmaps_memcore_ram_U/addr0_t1_reg[10]/C
                               td_fused_top_td_fused_tdf7_fmaps_memcore_ram_U/ram_reg_11/ADDRBWRADDR[12]
                                                              7.209         
td_fused_top_td_fused_tdf7_fmaps_memcore_ram_U/addr0_t1_reg[11]/C
                               td_fused_top_td_fused_tdf7_fmaps_memcore_ram_U/ram_reg_8/ADDRBWRADDR[13]
                                                              7.212         
td_fused_top_td_fused_tdf7_fmaps_memcore_ram_U/addr1_t1_reg[12]/C
                               td_fused_top_td_fused_tdf7_fmaps_memcore_ram_U/ram_reg_11/ADDRARDADDR[14]
                                                              7.228         
td_fused_top_td_fused_tdf7_fmaps_memcore_ram_U/addr0_t1_reg[3]/C
                               td_fused_top_td_fused_tdf7_fmaps_memcore_ram_U/ram_reg_11/ADDRBWRADDR[5]
                                                              7.230         
td_fused_top_td_fused_tdf7_fmaps_memcore_ram_U/addr1_t1_reg[9]/C
                               td_fused_top_td_fused_tdf7_fmaps_memcore_ram_U/ram_reg_3/ADDRARDADDR[11]
                                                              7.246         
td_fused_top_td_fused_tdf7_fmaps_memcore_ram_U/addr1_t1_reg[11]/C
                               td_fused_top_td_fused_tdf7_fmaps_memcore_ram_U/ram_reg_11/ADDRARDADDR[13]
                                                              7.261         
td_fused_top_td_fused_tdf7_fmaps_memcore_ram_U/addr1_t1_reg[9]/C
                               td_fused_top_td_fused_tdf7_fmaps_memcore_ram_U/ram_reg_0/ADDRARDADDR[11]
                                                              7.262         
td_fused_top_td_fused_tdf7_fmaps_memcore_ram_U/addr0_t1_reg[10]/C
                               td_fused_top_td_fused_tdf7_fmaps_memcore_ram_U/ram_reg_3/ADDRBWRADDR[12]
                                                              7.277         
td_fused_top_td_fused_tdf7_fmaps_memcore_ram_U/addr0_t1_reg[5]/C
                               td_fused_top_td_fused_tdf7_fmaps_memcore_ram_U/ram_reg_6/ADDRBWRADDR[7]
                                                              7.289         
td_fused_top_td_fused_tdf7_fmaps_memcore_ram_U/addr1_t1_reg[3]/C
                               td_fused_top_td_fused_tdf7_fmaps_memcore_ram_U/ram_reg_10/ADDRARDADDR[5]
                                                              7.303         
td_fused_top_td_fused_tdf7_fmaps_memcore_ram_U/addr1_t1_reg[5]/C
                               td_fused_top_td_fused_tdf7_fmaps_memcore_ram_U/ram_reg_6/ADDRARDADDR[7]
                                                              7.304         
td_fused_top_td_fused_tdf7_fmaps_memcore_ram_U/addr1_t1_reg[10]/C
                               td_fused_top_td_fused_tdf7_fmaps_memcore_ram_U/ram_reg_11/ADDRARDADDR[12]
                                                              7.307         
td_fused_top_td_fused_tdf7_fmaps_memcore_ram_U/addr1_t1_reg[1]/C
                               td_fused_top_td_fused_tdf7_fmaps_memcore_ram_U/ram_reg_11/ADDRARDADDR[3]
                                                              7.309         
td_fused_top_td_fused_tdf7_fmaps_memcore_ram_U/addr0_t1_reg[8]/C
                               td_fused_top_td_fused_tdf7_fmaps_memcore_ram_U/ram_reg_5/ADDRBWRADDR[10]
                                                              7.321         
td_fused_top_td_fused_tdf7_fmaps_memcore_ram_U/addr0_t1_reg[0]/C
                               td_fused_top_td_fused_tdf7_fmaps_memcore_ram_U/ram_reg_3/ADDRBWRADDR[2]
                                                              7.329         
td_fused_top_td_fused_tdf7_fmaps_memcore_ram_U/addr1_t1_reg[12]/C
                               td_fused_top_td_fused_tdf7_fmaps_memcore_ram_U/ram_reg_1/ADDRARDADDR[14]
                                                              7.332         
td_fused_top_td_fused_tdf7_fmaps_memcore_ram_U/addr1_t1_reg[12]/C
                               td_fused_top_td_fused_tdf7_fmaps_memcore_ram_U/ram_reg_8/ADDRARDADDR[14]
                                                              7.332         
td_fused_top_td_fused_tdf7_fmaps_memcore_ram_U/addr1_t1_reg[8]/C
                               td_fused_top_td_fused_tdf7_fmaps_memcore_ram_U/ram_reg_1/ADDRARDADDR[10]
                                                              7.349         
td_fused_top_td_fused_tdf7_fmaps_memcore_ram_U/addr1_t1_reg[8]/C
                               td_fused_top_td_fused_tdf7_fmaps_memcore_ram_U/ram_reg_3/ADDRARDADDR[10]
                                                              7.349         
td_fused_top_td_fused_tdf7_fmaps_memcore_ram_U/addr1_t1_reg[4]/C
                               td_fused_top_td_fused_tdf7_fmaps_memcore_ram_U/ram_reg_11/ADDRARDADDR[6]
                                                              7.377         
td_fused_top_td_fused_tdf7_fmaps_memcore_ram_U/addr0_t1_reg[3]/C
                               td_fused_top_td_fused_tdf7_fmaps_memcore_ram_U/ram_reg_8/ADDRBWRADDR[5]
                                                              7.379         
td_fused_top_td_fused_tdf7_fmaps_memcore_ram_U/addr0_t1_reg[11]/C
                               td_fused_top_td_fused_tdf7_fmaps_memcore_ram_U/ram_reg_5/ADDRBWRADDR[13]
                                                              7.397         
td_fused_top_td_fused_tdf7_fmaps_memcore_ram_U/addr0_t1_reg[8]/C
                               td_fused_top_td_fused_tdf7_fmaps_memcore_ram_U/ram_reg_4/ADDRBWRADDR[10]
                                                              7.410         
td_fused_top_td_fused_tdf7_fmaps_memcore_ram_U/addr0_t1_reg[6]/C
                               td_fused_top_td_fused_tdf7_fmaps_memcore_ram_U/ram_reg_9/ADDRBWRADDR[8]
                                                              7.411         
td_fused_top_td_fused_tdf7_fmaps_memcore_ram_U/addr1_t1_reg[4]/C
                               td_fused_top_td_fused_tdf7_fmaps_memcore_ram_U/ram_reg_6/ADDRARDADDR[6]
                                                              7.412         
td_fused_top_td_fused_tdf7_fmaps_memcore_ram_U/addr1_t1_reg[4]/C
                               td_fused_top_td_fused_tdf7_fmaps_memcore_ram_U/ram_reg_0/ADDRARDADDR[6]
                                                              7.415         
td_fused_top_td_fused_tdf7_fmaps_memcore_ram_U/we1_t1_reg/C
                               td_fused_top_td_fused_tdf7_fmaps_memcore_ram_U/ram_reg_3/ENARDEN
                                                              7.420         
td_fused_top_td_fused_tdf7_fmaps_memcore_ram_U/addr1_t1_reg[12]/C
                               td_fused_top_td_fused_tdf7_fmaps_memcore_ram_U/ram_reg_3/ADDRARDADDR[14]
                                                              7.426         
td_fused_top_td_fused_tdf7_fmaps_memcore_ram_U/addr1_t1_reg[6]/C
                               td_fused_top_td_fused_tdf7_fmaps_memcore_ram_U/ram_reg_3/ADDRARDADDR[8]
                                                              7.428         
td_fused_top_td_fused_tdf7_fmaps_memcore_ram_U/we1_t1_reg/C
                               td_fused_top_td_fused_tdf7_fmaps_memcore_ram_U/ram_reg_6/ENARDEN
                                                              7.432         
td_fused_top_td_fused_tdf7_fmaps_memcore_ram_U/addr0_t1_reg[0]/C
                               td_fused_top_td_fused_tdf7_fmaps_memcore_ram_U/ram_reg_8/ADDRBWRADDR[2]
                                                              7.433         
td_fused_top_td_fused_tdf7_fmaps_memcore_ram_U/addr1_t1_reg[6]/C
                               td_fused_top_td_fused_tdf7_fmaps_memcore_ram_U/ram_reg_0/ADDRARDADDR[8]
                                                              7.434         
td_fused_top_td_fused_tdf7_fmaps_memcore_ram_U/addr1_t1_reg[5]/C
                               td_fused_top_td_fused_tdf7_fmaps_memcore_ram_U/ram_reg_0/ADDRARDADDR[7]
                                                              7.436         
td_fused_top_td_fused_tdf7_fmaps_memcore_ram_U/addr0_t1_reg[6]/C
                               td_fused_top_td_fused_tdf7_fmaps_memcore_ram_U/ram_reg_2/ADDRBWRADDR[8]
                                                              7.453         
td_fused_top_td_fused_tdf7_fmaps_memcore_ram_U/addr1_t1_reg[1]/C
                               td_fused_top_td_fused_tdf7_fmaps_memcore_ram_U/ram_reg_5/ADDRARDADDR[3]
                                                              7.456         
td_fused_top_td_fused_tdf7_fmaps_memcore_ram_U/addr0_t1_reg[7]/C
                               td_fused_top_td_fused_tdf7_fmaps_memcore_ram_U/ram_reg_5/ADDRBWRADDR[9]
                                                              7.463         
td_fused_top_td_fused_tdf7_fmaps_memcore_ram_U/addr0_t1_reg[7]/C
                               td_fused_top_td_fused_tdf7_fmaps_memcore_ram_U/ram_reg_9/ADDRBWRADDR[9]
                                                              7.463         
td_fused_top_td_fused_tdf7_fmaps_memcore_ram_U/addr1_t1_reg[2]/C
                               td_fused_top_td_fused_tdf7_fmaps_memcore_ram_U/ram_reg_4/ADDRARDADDR[4]
                                                              7.464         
td_fused_top_td_fused_tdf7_fmaps_memcore_ram_U/addr1_t1_reg[10]/C
                               td_fused_top_td_fused_tdf7_fmaps_memcore_ram_U/ram_reg_6/ADDRARDADDR[12]
                                                              7.465         
td_fused_top_td_fused_tdf7_fmaps_memcore_ram_U/addr1_t1_reg[4]/C
                               td_fused_top_td_fused_tdf7_fmaps_memcore_ram_U/ram_reg_3/ADDRARDADDR[6]
                                                              7.484         
td_fused_top_td_fused_tdf7_fmaps_memcore_ram_U/addr0_t1_reg[1]/C
                               td_fused_top_td_fused_tdf7_fmaps_memcore_ram_U/ram_reg_0/ADDRBWRADDR[3]
                                                              7.485         
td_fused_top_td_fused_tdf7_fmaps_memcore_ram_U/addr1_t1_reg[3]/C
                               td_fused_top_td_fused_tdf7_fmaps_memcore_ram_U/ram_reg_1/ADDRARDADDR[5]
                                                              7.488         
td_fused_top_td_fused_tdf7_fmaps_memcore_ram_U/addr1_t1_reg[3]/C
                               td_fused_top_td_fused_tdf7_fmaps_memcore_ram_U/ram_reg_8/ADDRARDADDR[5]
                                                              7.488         
td_fused_top_td_fused_tdf7_fmaps_memcore_ram_U/addr1_t1_reg[7]/C
                               td_fused_top_td_fused_tdf7_fmaps_memcore_ram_U/ram_reg_0/ADDRARDADDR[9]
                                                              7.488         
td_fused_top_td_fused_tdf7_fmaps_memcore_ram_U/addr1_t1_reg[7]/C
                               td_fused_top_td_fused_tdf7_fmaps_memcore_ram_U/ram_reg_2/ADDRARDADDR[9]
                                                              7.488         
td_fused_top_td_fused_tdf7_fmaps_memcore_ram_U/addr0_t1_reg[10]/C
                               td_fused_top_td_fused_tdf7_fmaps_memcore_ram_U/ram_reg_0/ADDRBWRADDR[12]
                                                              7.489         
td_fused_top_td_fused_tdf7_fmaps_memcore_ram_U/addr0_t1_reg[10]/C
                               td_fused_top_td_fused_tdf7_fmaps_memcore_ram_U/ram_reg_2/ADDRBWRADDR[12]
                                                              7.489         
td_fused_top_td_fused_tdf7_fmaps_memcore_ram_U/addr1_t1_reg[0]/C
                               td_fused_top_td_fused_tdf7_fmaps_memcore_ram_U/ram_reg_8/ADDRARDADDR[2]
                                                              7.492         
td_fused_top_td_fused_tdf7_fmaps_memcore_ram_U/addr0_t1_reg[5]/C
                               td_fused_top_td_fused_tdf7_fmaps_memcore_ram_U/ram_reg_5/ADDRBWRADDR[7]
                                                              7.495         
td_fused_top_td_fused_tdf7_fmaps_memcore_ram_U/addr0_t1_reg[5]/C
                               td_fused_top_td_fused_tdf7_fmaps_memcore_ram_U/ram_reg_9/ADDRBWRADDR[7]
                                                              7.495         
td_fused_top_td_fused_tdf7_fmaps_memcore_ram_U/addr1_t1_reg[0]/C
                               td_fused_top_td_fused_tdf7_fmaps_memcore_ram_U/ram_reg_11/ADDRARDADDR[2]
                                                              7.496         
td_fused_top_td_fused_tdf7_fmaps_memcore_ram_U/addr1_t1_reg[11]/C
                               td_fused_top_td_fused_tdf7_fmaps_memcore_ram_U/ram_reg_5/ADDRARDADDR[13]
                                                              7.498         
td_fused_top_td_fused_tdf7_fmaps_memcore_ram_U/addr1_t1_reg[5]/C
                               td_fused_top_td_fused_tdf7_fmaps_memcore_ram_U/ram_reg_1/ADDRARDADDR[7]
                                                              7.500         
td_fused_top_td_fused_tdf7_fmaps_memcore_ram_U/addr1_t1_reg[2]/C
                               td_fused_top_td_fused_tdf7_fmaps_memcore_ram_U/ram_reg_5/ADDRARDADDR[4]
                                                              7.501         
td_fused_top_td_fused_tdf7_fmaps_memcore_ram_U/addr0_t1_reg[2]/C
                               td_fused_top_td_fused_tdf7_fmaps_memcore_ram_U/ram_reg_3/ADDRBWRADDR[4]
                                                              7.501         
td_fused_top_td_fused_tdf7_fmaps_memcore_ram_U/addr1_t1_reg[5]/C
                               td_fused_top_td_fused_tdf7_fmaps_memcore_ram_U/ram_reg_2/ADDRARDADDR[7]
                                                              7.503         
td_fused_top_td_fused_tdf7_fmaps_memcore_ram_U/addr1_t1_reg[4]/C
                               td_fused_top_td_fused_tdf7_fmaps_memcore_ram_U/ram_reg_5/ADDRARDADDR[6]
                                                              7.505         
td_fused_top_td_fused_tdf7_fmaps_memcore_ram_U/addr1_t1_reg[4]/C
                               td_fused_top_td_fused_tdf7_fmaps_memcore_ram_U/ram_reg_9/ADDRARDADDR[6]
                                                              7.505         
td_fused_top_td_fused_tdf7_fmaps_memcore_ram_U/addr1_t1_reg[12]/C
                               td_fused_top_td_fused_tdf7_fmaps_memcore_ram_U/ram_reg_0/ADDRARDADDR[14]
                                                              7.508         
td_fused_top_td_fused_tdf7_fmaps_memcore_ram_U/addr0_t1_reg[3]/C
                               td_fused_top_td_fused_tdf7_fmaps_memcore_ram_U/ram_reg_0/ADDRBWRADDR[5]
                                                              7.510         
td_fused_top_td_fused_tdf7_fmaps_memcore_ram_U/addr0_t1_reg[3]/C
                               td_fused_top_td_fused_tdf7_fmaps_memcore_ram_U/ram_reg_2/ADDRBWRADDR[5]
                                                              7.510         
td_fused_top_td_fused_tdf7_fmaps_memcore_ram_U/addr1_t1_reg[5]/C
                               td_fused_top_td_fused_tdf7_fmaps_memcore_ram_U/ram_reg_3/ADDRARDADDR[7]
                                                              7.517         
td_fused_top_td_fused_tdf7_fmaps_memcore_ram_U/addr1_t1_reg[2]/C
                               td_fused_top_td_fused_tdf7_fmaps_memcore_ram_U/ram_reg_6/ADDRARDADDR[4]
                                                              7.521         
td_fused_top_td_fused_tdf7_fmaps_memcore_ram_U/addr1_t1_reg[11]/C
                               td_fused_top_td_fused_tdf7_fmaps_memcore_ram_U/ram_reg_1/ADDRARDADDR[13]
                                                              7.525         
td_fused_top_td_fused_tdf7_fmaps_memcore_ram_U/addr1_t1_reg[11]/C
                               td_fused_top_td_fused_tdf7_fmaps_memcore_ram_U/ram_reg_8/ADDRARDADDR[13]
                                                              7.525         
td_fused_top_td_fused_tdf7_fmaps_memcore_ram_U/addr1_t1_reg[6]/C
                               td_fused_top_td_fused_tdf7_fmaps_memcore_ram_U/ram_reg_6/ADDRARDADDR[8]
                                                              7.526         
td_fused_top_td_fused_tdf7_fmaps_memcore_ram_U/addr0_t1_reg[3]/C
                               td_fused_top_td_fused_tdf7_fmaps_memcore_ram_U/ram_reg_1/ADDRBWRADDR[5]
                                                              7.528         
td_fused_top_td_fused_tdf7_fmaps_memcore_ram_U/addr0_t1_reg[3]/C
                               td_fused_top_td_fused_tdf7_fmaps_memcore_ram_U/ram_reg_6/ADDRBWRADDR[5]
                                                              7.528         
td_fused_top_td_fused_tdf7_fmaps_memcore_ram_U/addr0_t1_reg[12]/C
                               td_fused_top_td_fused_tdf7_fmaps_memcore_ram_U/ram_reg_11/ADDRBWRADDR[14]
                                                              7.534         
td_fused_top_td_fused_tdf7_fmaps_memcore_ram_U/addr0_t1_reg[9]/C
                               td_fused_top_td_fused_tdf7_fmaps_memcore_ram_U/ram_reg_15/ADDRBWRADDR[11]
                                                              7.534         
td_fused_top_td_fused_tdf7_fmaps_memcore_ram_U/addr1_t1_reg[0]/C
                               td_fused_top_td_fused_tdf7_fmaps_memcore_ram_U/ram_reg_5/ADDRARDADDR[2]
                                                              7.534         
td_fused_top_td_fused_tdf7_fmaps_memcore_ram_U/addr1_t1_reg[11]/C
                               td_fused_top_td_fused_tdf7_fmaps_memcore_ram_U/ram_reg_0/ADDRARDADDR[13]
                                                              7.541         
td_fused_top_td_fused_tdf7_fmaps_memcore_ram_U/addr1_t1_reg[11]/C
                               td_fused_top_td_fused_tdf7_fmaps_memcore_ram_U/ram_reg_2/ADDRARDADDR[13]
                                                              7.541         
td_fused_top_td_fused_tdf7_fmaps_memcore_ram_U/addr0_t1_reg[6]/C
                               td_fused_top_td_fused_tdf7_fmaps_memcore_ram_U/ram_reg_15/ADDRBWRADDR[8]
                                                              7.541         
td_fused_top_td_fused_tdf7_fmaps_memcore_ram_U/addr1_t1_reg[9]/C
                               td_fused_top_td_fused_tdf7_fmaps_memcore_ram_U/ram_reg_4/ADDRARDADDR[11]
                                                              7.542         



