Copyright 1986-2018 Xilinx, Inc. All Rights Reserved.
-------------------------------------------------------------------------------------------------------------------------------------------------------------------------------------------------------------------------------
| Tool Version : Vivado v.2018.3 (lin64) Build 2405991 Thu Dec  6 23:36:41 MST 2018
| Date         : Wed Jan 12 11:14:51 2022
| Host         : koopa.ece.utexas.edu running 64-bit CentOS Linux release 7.9.2009 (Core)
| Command      : report_timing_summary -file /misc/scratch/zwei1/reports_Jan12/raw_designs/vtr_designs/verilog/koios/tiny_darknet_like.small_submodules/td_fused_top_td_fused_tdf7_fmaps_memcore/post_route_timing_summary.rpt
| Design       : td_fused_top_td_fused_tdf7_fmaps_memcore
| Device       : 7z020-clg484
| Speed File   : -3  PRODUCTION 1.11 2014-09-11
-------------------------------------------------------------------------------------------------------------------------------------------------------------------------------------------------------------------------------

Timing Summary Report

------------------------------------------------------------------------------------------------
| Timer Settings
| --------------
------------------------------------------------------------------------------------------------

  Enable Multi Corner Analysis               :  Yes
  Enable Pessimism Removal                   :  Yes
  Pessimism Removal Resolution               :  Nearest Common Node
  Enable Input Delay Default Clock           :  No
  Enable Preset / Clear Arcs                 :  No
  Disable Flight Delays                      :  No
  Ignore I/O Paths                           :  No
  Timing Early Launch at Borrowing Latches   :  false

  Corner  Analyze    Analyze    
  Name    Max Paths  Min Paths  
  ------  ---------  ---------  
  Slow    Yes        Yes        
  Fast    Yes        Yes        



check_timing report

Table of Contents
-----------------
1. checking no_clock
2. checking constant_clock
3. checking pulse_width_clock
4. checking unconstrained_internal_endpoints
5. checking no_input_delay
6. checking no_output_delay
7. checking multiple_clock
8. checking generated_clocks
9. checking loops
10. checking partial_input_delay
11. checking partial_output_delay
12. checking latch_loops

1. checking no_clock
--------------------
 There are 0 register/latch pins with no clock.


2. checking constant_clock
--------------------------
 There are 0 register/latch pins with constant_clock.


3. checking pulse_width_clock
-----------------------------
 There are 0 register/latch pins which need pulse_width check


4. checking unconstrained_internal_endpoints
--------------------------------------------
 There are 0 pins that are not constrained for maximum delay.

 There are 0 pins that are not constrained for maximum delay due to constant clock.


5. checking no_input_delay
--------------------------
 There are 93 input ports with no input delay specified. (HIGH)

 There are 0 input ports with no input delay but user has a false path constraint.


6. checking no_output_delay
---------------------------
 There are 64 ports with no output delay specified. (HIGH)

 There are 0 ports with no output delay but user has a false path constraint

 There are 0 ports with no output delay but with a timing clock defined on it or propagating through it


7. checking multiple_clock
--------------------------
 There are 0 register/latch pins with multiple clocks.


8. checking generated_clocks
----------------------------
 There are 0 generated clocks that are not connected to a clock source.


9. checking loops
-----------------
 There are 0 combinational loops in the design.


10. checking partial_input_delay
--------------------------------
 There are 0 input ports with partial input delay specified.


11. checking partial_output_delay
---------------------------------
 There are 0 ports with partial output delay specified.


12. checking latch_loops
------------------------
 There are 0 combinational latch loops in the design through latch input



------------------------------------------------------------------------------------------------
| Design Timing Summary
| ---------------------
------------------------------------------------------------------------------------------------

    WNS(ns)      TNS(ns)  TNS Failing Endpoints  TNS Total Endpoints      WHS(ns)      THS(ns)  THS Failing Endpoints  THS Total Endpoints     WPWS(ns)     TPWS(ns)  TPWS Failing Endpoints  TPWS Total Endpoints  
    -------      -------  ---------------------  -------------------      -------      -------  ---------------------  -------------------     --------     --------  ----------------------  --------------------  
      6.789        0.000                      0                  496        0.089        0.000                      0                  496        4.500        0.000                       0                   123  


All user specified timing constraints are met.


------------------------------------------------------------------------------------------------
| Clock Summary
| -------------
------------------------------------------------------------------------------------------------

Clock  Waveform(ns)       Period(ns)      Frequency(MHz)
-----  ------------       ----------      --------------
clk    {0.000 5.000}      10.000          100.000         


------------------------------------------------------------------------------------------------
| Intra Clock Table
| -----------------
------------------------------------------------------------------------------------------------

Clock             WNS(ns)      TNS(ns)  TNS Failing Endpoints  TNS Total Endpoints      WHS(ns)      THS(ns)  THS Failing Endpoints  THS Total Endpoints     WPWS(ns)     TPWS(ns)  TPWS Failing Endpoints  TPWS Total Endpoints  
-----             -------      -------  ---------------------  -------------------      -------      -------  ---------------------  -------------------     --------     --------  ----------------------  --------------------  
clk                 6.789        0.000                      0                  496        0.089        0.000                      0                  496        4.500        0.000                       0                   123  


------------------------------------------------------------------------------------------------
| Inter Clock Table
| -----------------
------------------------------------------------------------------------------------------------

From Clock    To Clock          WNS(ns)      TNS(ns)  TNS Failing Endpoints  TNS Total Endpoints      WHS(ns)      THS(ns)  THS Failing Endpoints  THS Total Endpoints  
----------    --------          -------      -------  ---------------------  -------------------      -------      -------  ---------------------  -------------------  


------------------------------------------------------------------------------------------------
| Other Path Groups Table
| -----------------------
------------------------------------------------------------------------------------------------

Path Group    From Clock    To Clock          WNS(ns)      TNS(ns)  TNS Failing Endpoints  TNS Total Endpoints      WHS(ns)      THS(ns)  THS Failing Endpoints  THS Total Endpoints  
----------    ----------    --------          -------      -------  ---------------------  -------------------      -------      -------  ---------------------  -------------------  


------------------------------------------------------------------------------------------------
| Timing Details
| --------------
------------------------------------------------------------------------------------------------


---------------------------------------------------------------------------------------------------
From Clock:  clk
  To Clock:  clk

Setup :            0  Failing Endpoints,  Worst Slack        6.789ns,  Total Violation        0.000ns
Hold  :            0  Failing Endpoints,  Worst Slack        0.089ns,  Total Violation        0.000ns
PW    :            0  Failing Endpoints,  Worst Slack        4.500ns,  Total Violation        0.000ns
---------------------------------------------------------------------------------------------------


Max Delay Paths
--------------------------------------------------------------------------------------
Slack (MET) :             6.789ns  (required time - arrival time)
  Source:                 td_fused_top_td_fused_tdf7_fmaps_memcore_ram_U/addr1_t1_reg[8]/C
                            (rising edge-triggered cell FDRE clocked by clk  {rise@0.000ns fall@5.000ns period=10.000ns})
  Destination:            td_fused_top_td_fused_tdf7_fmaps_memcore_ram_U/ram_reg_9/ADDRARDADDR[10]
                            (rising edge-triggered cell RAMB36E1 clocked by clk  {rise@0.000ns fall@5.000ns period=10.000ns})
  Path Group:             clk
  Path Type:              Setup (Max at Slow Process Corner)
  Requirement:            10.000ns  (clk rise@10.000ns - clk rise@0.000ns)
  Data Path Delay:        2.699ns  (logic 0.341ns (12.637%)  route 2.358ns (87.363%))
  Logic Levels:           0  
  Clock Path Skew:        -0.035ns (DCD - SCD + CPR)
    Destination Clock Delay (DCD):    0.669ns = ( 10.669 - 10.000 ) 
    Source Clock Delay      (SCD):    0.704ns
    Clock Pessimism Removal (CPR):    0.000ns
  Clock Uncertainty:      0.035ns  ((TSJ^2 + TIJ^2)^1/2 + DJ) / 2 + PE
    Total System Jitter     (TSJ):    0.071ns
    Total Input Jitter      (TIJ):    0.000ns
    Discrete Jitter          (DJ):    0.000ns
    Phase Error              (PE):    0.000ns

    Location             Delay type                Incr(ns)  Path(ns)    Netlist Resource(s)
  -------------------------------------------------------------------    -------------------
                         (clock clk rise edge)        0.000     0.000 r  
                                                      0.000     0.000 r  clk (IN)
                         net (fo=122, unset)          0.704     0.704    td_fused_top_td_fused_tdf7_fmaps_memcore_ram_U/clk
    SLICE_X33Y57         FDRE                                         r  td_fused_top_td_fused_tdf7_fmaps_memcore_ram_U/addr1_t1_reg[8]/C
  -------------------------------------------------------------------    -------------------
    SLICE_X33Y57         FDRE (Prop_fdre_C_Q)         0.341     1.045 r  td_fused_top_td_fused_tdf7_fmaps_memcore_ram_U/addr1_t1_reg[8]/Q
                         net (fo=16, routed)          2.358     3.403    td_fused_top_td_fused_tdf7_fmaps_memcore_ram_U/addr1_t1[8]
    RAMB36_X3Y12         RAMB36E1                                     r  td_fused_top_td_fused_tdf7_fmaps_memcore_ram_U/ram_reg_9/ADDRARDADDR[10]
  -------------------------------------------------------------------    -------------------

                         (clock clk rise edge)       10.000    10.000 r  
                                                      0.000    10.000 r  clk (IN)
                         net (fo=122, unset)          0.669    10.669    td_fused_top_td_fused_tdf7_fmaps_memcore_ram_U/clk
    RAMB36_X3Y12         RAMB36E1                                     r  td_fused_top_td_fused_tdf7_fmaps_memcore_ram_U/ram_reg_9/CLKARDCLK
                         clock pessimism              0.000    10.669    
                         clock uncertainty           -0.035    10.633    
    RAMB36_X3Y12         RAMB36E1 (Setup_ramb36e1_CLKARDCLK_ADDRARDADDR[10])
                                                     -0.442    10.191    td_fused_top_td_fused_tdf7_fmaps_memcore_ram_U/ram_reg_9
  -------------------------------------------------------------------
                         required time                         10.191    
                         arrival time                          -3.403    
  -------------------------------------------------------------------
                         slack                                  6.789    





Min Delay Paths
--------------------------------------------------------------------------------------
Slack (MET) :             0.089ns  (arrival time - required time)
  Source:                 td_fused_top_td_fused_tdf7_fmaps_memcore_ram_U/d1_t1_reg[2]/C
                            (rising edge-triggered cell FDRE clocked by clk  {rise@0.000ns fall@5.000ns period=10.000ns})
  Destination:            td_fused_top_td_fused_tdf7_fmaps_memcore_ram_U/ram_reg_0/DIADI[2]
                            (rising edge-triggered cell RAMB36E1 clocked by clk  {rise@0.000ns fall@5.000ns period=10.000ns})
  Path Group:             clk
  Path Type:              Hold (Min at Fast Process Corner)
  Requirement:            0.000ns  (clk rise@0.000ns - clk rise@0.000ns)
  Data Path Delay:        0.266ns  (logic 0.164ns (61.701%)  route 0.102ns (38.299%))
  Logic Levels:           0  
  Clock Path Skew:        0.022ns (DCD - SCD - CPR)
    Destination Clock Delay (DCD):    0.432ns
    Source Clock Delay      (SCD):    0.411ns
    Clock Pessimism Removal (CPR):    -0.000ns

    Location             Delay type                Incr(ns)  Path(ns)    Netlist Resource(s)
  -------------------------------------------------------------------    -------------------
                         (clock clk rise edge)        0.000     0.000 r  
                                                      0.000     0.000 r  clk (IN)
                         net (fo=122, unset)          0.411     0.411    td_fused_top_td_fused_tdf7_fmaps_memcore_ram_U/clk
    SLICE_X32Y35         FDRE                                         r  td_fused_top_td_fused_tdf7_fmaps_memcore_ram_U/d1_t1_reg[2]/C
  -------------------------------------------------------------------    -------------------
    SLICE_X32Y35         FDRE (Prop_fdre_C_Q)         0.164     0.575 r  td_fused_top_td_fused_tdf7_fmaps_memcore_ram_U/d1_t1_reg[2]/Q
                         net (fo=1, routed)           0.102     0.677    td_fused_top_td_fused_tdf7_fmaps_memcore_ram_U/d1_t1[2]
    RAMB36_X2Y7          RAMB36E1                                     r  td_fused_top_td_fused_tdf7_fmaps_memcore_ram_U/ram_reg_0/DIADI[2]
  -------------------------------------------------------------------    -------------------

                         (clock clk rise edge)        0.000     0.000 r  
                                                      0.000     0.000 r  clk (IN)
                         net (fo=122, unset)          0.432     0.432    td_fused_top_td_fused_tdf7_fmaps_memcore_ram_U/clk
    RAMB36_X2Y7          RAMB36E1                                     r  td_fused_top_td_fused_tdf7_fmaps_memcore_ram_U/ram_reg_0/CLKARDCLK
                         clock pessimism              0.000     0.432    
    RAMB36_X2Y7          RAMB36E1 (Hold_ramb36e1_CLKARDCLK_DIADI[2])
                                                      0.155     0.587    td_fused_top_td_fused_tdf7_fmaps_memcore_ram_U/ram_reg_0
  -------------------------------------------------------------------
                         required time                         -0.587    
                         arrival time                           0.677    
  -------------------------------------------------------------------
                         slack                                  0.089    





Pulse Width Checks
--------------------------------------------------------------------------------------
Clock Name:         clk
Waveform(ns):       { 0.000 5.000 }
Period(ns):         10.000
Sources:            { clk }

Check Type        Corner  Lib Pin             Reference Pin  Required(ns)  Actual(ns)  Slack(ns)  Location      Pin
Min Period        n/a     RAMB36E1/CLKARDCLK  n/a            2.234         10.000      7.766      RAMB36_X3Y10  td_fused_top_td_fused_tdf7_fmaps_memcore_ram_U/ram_reg_1/CLKARDCLK
Low Pulse Width   Slow    FDRE/C              n/a            0.500         5.000       4.500      SLICE_X33Y55  td_fused_top_td_fused_tdf7_fmaps_memcore_ram_U/addr0_t1_reg[0]/C
High Pulse Width  Slow    FDRE/C              n/a            0.500         5.000       4.500      SLICE_X33Y55  td_fused_top_td_fused_tdf7_fmaps_memcore_ram_U/addr0_t1_reg[0]/C



