Copyright 1986-2018 Xilinx, Inc. All Rights Reserved.
-----------------------------------------------------------------------------------------------------------------------------------------------------------------------------------------------------------------------------------------------
| Tool Version : Vivado v.2018.3 (lin64) Build 2405991 Thu Dec  6 23:36:41 MST 2018
| Date         : Wed Jan 12 23:28:58 2022
| Host         : koopa.ece.utexas.edu running 64-bit CentOS Linux release 7.9.2009 (Core)
| Command      : report_timing -sort_by group -max_paths 100 -path_type summary -file /misc/scratch/zwei1/reports_Jan12/raw_designs/vtr_designs/verilog/koios/clstm_like.medium_submodules/shift_register_group_18_32_14/post_route_timing.rpt
| Design       : shift_register_group_18_32_14
| Device       : 7z020-clg484
| Speed File   : -3  PRODUCTION 1.11 2014-09-11
-----------------------------------------------------------------------------------------------------------------------------------------------------------------------------------------------------------------------------------------------

Timing Report

Startpoint                     Endpoint                       Slack(ns)     
----------------------------------------------------------------------------
shift_register_unit_18_14_inst_0/shift_registers_12_reg_r/C
                               shift_register_unit_18_14_inst_23/shift_registers_13_reg[8]/D
                                                              7.896         
shift_register_unit_18_14_inst_0/shift_registers_12_reg_r/C
                               shift_register_unit_18_14_inst_23/shift_registers_13_reg[10]/D
                                                              7.898         
shift_register_unit_18_14_inst_0/shift_registers_12_reg_r/C
                               shift_register_unit_18_14_inst_6/shift_registers_13_reg[14]/D
                                                              7.921         
shift_register_unit_18_14_inst_0/shift_registers_12_reg_r/C
                               shift_register_unit_18_14_inst_23/shift_registers_13_reg[9]/D
                                                              7.922         
shift_register_unit_18_14_inst_0/shift_registers_12_reg_r/C
                               shift_register_unit_18_14_inst_23/shift_registers_13_reg[11]/D
                                                              7.924         
shift_register_unit_18_14_inst_0/shift_registers_12_reg_r/C
                               shift_register_unit_18_14_inst_6/shift_registers_13_reg[12]/D
                                                              7.924         
shift_register_unit_18_14_inst_0/shift_registers_12_reg_r/C
                               shift_register_unit_18_14_inst_6/shift_registers_13_reg[15]/D
                                                              7.951         
shift_register_unit_18_14_inst_0/shift_registers_12_reg_r/C
                               shift_register_unit_18_14_inst_6/shift_registers_13_reg[13]/D
                                                              7.952         
shift_register_unit_18_14_inst_0/shift_registers_12_reg_r/C
                               shift_register_unit_18_14_inst_9/shift_registers_13_reg[10]/D
                                                              7.971         
shift_register_unit_18_14_inst_0/shift_registers_12_reg_r/C
                               shift_register_unit_18_14_inst_31/shift_registers_13_reg[0]/D
                                                              7.984         
shift_register_unit_18_14_inst_0/shift_registers_12_reg_r/C
                               shift_register_unit_18_14_inst_9/shift_registers_13_reg[11]/D
                                                              7.986         
shift_register_unit_18_14_inst_0/shift_registers_12_reg_r/C
                               shift_register_unit_18_14_inst_25/shift_registers_13_reg[14]/D
                                                              7.992         
shift_register_unit_18_14_inst_0/shift_registers_12_reg_r/C
                               shift_register_unit_18_14_inst_31/shift_registers_13_reg[1]/D
                                                              8.017         
shift_register_unit_18_14_inst_0/shift_registers_12_reg_r/C
                               shift_register_unit_18_14_inst_25/shift_registers_13_reg[15]/D
                                                              8.022         
shift_register_unit_18_14_inst_0/shift_registers_12_reg_r/C
                               shift_register_unit_18_14_inst_28/shift_registers_13_reg[0]/D
                                                              8.034         
shift_register_unit_18_14_inst_0/shift_registers_12_reg_r/C
                               shift_register_unit_18_14_inst_28/shift_registers_13_reg[2]/D
                                                              8.036         
shift_register_unit_18_14_inst_0/shift_registers_12_reg_r/C
                               shift_register_unit_18_14_inst_24/shift_registers_13_reg[8]/D
                                                              8.048         
shift_register_unit_18_14_inst_0/shift_registers_12_reg_r/C
                               shift_register_unit_18_14_inst_24/shift_registers_13_reg[10]/D
                                                              8.050         
shift_register_unit_18_14_inst_0/shift_registers_12_reg_r/C
                               shift_register_unit_18_14_inst_8/shift_registers_13_reg[6]/D
                                                              8.059         
shift_register_unit_18_14_inst_0/shift_registers_12_reg_r/C
                               shift_register_unit_18_14_inst_9/shift_registers_13_reg[12]/D
                                                              8.059         
shift_register_unit_18_14_inst_0/shift_registers_12_reg_r/C
                               shift_register_unit_18_14_inst_28/shift_registers_13_reg[1]/D
                                                              8.060         
shift_register_unit_18_14_inst_0/shift_registers_12_reg_r/C
                               shift_register_unit_18_14_inst_8/shift_registers_13_reg[4]/D
                                                              8.062         
shift_register_unit_18_14_inst_0/shift_registers_12_reg_r/C
                               shift_register_unit_18_14_inst_28/shift_registers_13_reg[3]/D
                                                              8.062         
shift_register_unit_18_14_inst_0/shift_registers_12_reg_r/C
                               shift_register_unit_18_14_inst_6/shift_registers_13_reg[10]/D
                                                              8.063         
shift_register_unit_18_14_inst_0/shift_registers_12_reg_r/C
                               shift_register_unit_18_14_inst_7/shift_registers_13_reg[8]/D
                                                              8.067         
shift_register_unit_18_14_inst_0/shift_registers_12_reg_r/C
                               shift_register_unit_18_14_inst_7/shift_registers_13_reg[10]/D
                                                              8.069         
shift_register_unit_18_14_inst_0/shift_registers_12_reg_r/C
                               shift_register_unit_18_14_inst_24/shift_registers_13_reg[9]/D
                                                              8.074         
shift_register_unit_18_14_inst_0/shift_registers_12_reg_r/C
                               shift_register_unit_18_14_inst_30/shift_registers_13_reg[8]/D
                                                              8.075         
shift_register_unit_18_14_inst_0/shift_registers_12_reg_r/C
                               shift_register_unit_18_14_inst_24/shift_registers_13_reg[11]/D
                                                              8.076         
shift_register_unit_18_14_inst_0/shift_registers_12_reg_r/C
                               shift_register_unit_18_14_inst_30/shift_registers_13_reg[10]/D
                                                              8.077         
shift_register_unit_18_14_inst_0/shift_registers_12_reg_r/C
                               shift_register_unit_18_14_inst_9/shift_registers_13_reg[13]/D
                                                              8.077         
shift_register_unit_18_14_inst_0/shift_registers_12_reg_r/C
                               shift_register_unit_18_14_inst_6/shift_registers_13_reg[11]/D
                                                              8.078         
shift_register_unit_18_14_inst_0/shift_registers_12_reg_r/C
                               shift_register_unit_18_14_inst_8/shift_registers_13_reg[7]/D
                                                              8.089         
shift_register_unit_18_14_inst_0/shift_registers_12_reg_r/C
                               shift_register_unit_18_14_inst_8/shift_registers_13_reg[5]/D
                                                              8.090         
shift_register_unit_18_14_inst_0/shift_registers_12_reg_r/C
                               shift_register_unit_18_14_inst_7/shift_registers_13_reg[9]/D
                                                              8.093         
shift_register_unit_18_14_inst_0/shift_registers_12_reg_r/C
                               shift_register_unit_18_14_inst_27/shift_registers_13_reg[0]/D
                                                              8.094         
shift_register_unit_18_14_inst_0/shift_registers_12_reg_r/C
                               shift_register_unit_18_14_inst_25/shift_registers_13_reg[2]/D
                                                              8.094         
shift_register_unit_18_14_inst_0/shift_registers_12_reg_r/C
                               shift_register_unit_18_14_inst_25/shift_registers_13_reg[10]/D
                                                              8.095         
shift_register_unit_18_14_inst_0/shift_registers_12_reg_r/C
                               shift_register_unit_18_14_inst_7/shift_registers_13_reg[11]/D
                                                              8.095         
shift_register_unit_18_14_inst_0/shift_registers_12_reg_r/C
                               shift_register_unit_18_14_inst_27/shift_registers_13_reg[2]/D
                                                              8.096         
shift_register_unit_18_14_inst_0/shift_registers_12_reg_r/C
                               shift_register_unit_18_14_inst_30/shift_registers_13_reg[9]/D
                                                              8.101         
shift_register_unit_18_14_inst_0/shift_registers_12_reg_r/C
                               shift_register_unit_18_14_inst_30/shift_registers_13_reg[11]/D
                                                              8.103         
shift_register_unit_18_14_inst_0/shift_registers_12_reg_r/C
                               shift_register_unit_18_14_inst_25/shift_registers_13_reg[16]/D
                                                              8.104         
shift_register_unit_18_14_inst_0/shift_registers_12_reg_r/C
                               shift_register_unit_18_14_inst_9/shift_registers_13_reg[2]/D
                                                              8.105         
shift_register_unit_18_14_inst_0/shift_registers_12_reg_r/C
                               shift_register_unit_18_14_inst_5/shift_registers_13_reg[16]/D
                                                              8.108         
shift_register_unit_18_14_inst_0/shift_registers_12_reg_r/C
                               shift_register_unit_18_14_inst_25/shift_registers_13_reg[3]/D
                                                              8.109         
shift_register_unit_18_14_inst_0/shift_registers_12_reg_r/C
                               shift_register_unit_18_14_inst_27/shift_registers_13_reg[1]/D
                                                              8.120         
shift_register_unit_18_14_inst_0/shift_registers_12_reg_r/C
                               shift_register_unit_18_14_inst_9/shift_registers_13_reg[3]/D
                                                              8.120         
shift_register_unit_18_14_inst_0/shift_registers_12_reg_r/C
                               shift_register_unit_18_14_inst_27/shift_registers_13_reg[3]/D
                                                              8.122         
shift_register_unit_18_14_inst_0/shift_registers_12_reg_r/C
                               shift_register_unit_18_14_inst_25/shift_registers_13_reg[11]/D
                                                              8.125         
shift_register_unit_18_14_inst_0/shift_registers_12_reg_r/C
                               shift_register_unit_18_14_inst_30/shift_registers_13_reg[2]/D
                                                              8.126         
shift_register_unit_18_14_inst_0/shift_registers_12_reg_r/C
                               shift_register_unit_18_14_inst_5/shift_registers_13_reg[17]/D
                                                              8.128         
shift_register_unit_18_14_inst_0/shift_registers_12_reg_r/C
                               shift_register_unit_18_14_inst_25/shift_registers_13_reg[17]/D
                                                              8.138         
shift_register_unit_18_14_inst_0/shift_registers_12_reg_r/C
                               shift_register_unit_18_14_inst_17/shift_registers_13_reg[10]/D
                                                              8.139         
shift_register_unit_18_14_inst_0/shift_registers_12_reg_r/C
                               shift_register_unit_18_14_inst_9/shift_registers_13_reg[8]/D
                                                              8.140         
shift_register_unit_18_14_inst_0/shift_registers_12_reg_r/C
                               shift_register_unit_18_14_inst_29/shift_registers_13_reg[8]/D
                                                              8.140         
shift_register_unit_18_14_inst_0/shift_registers_12_reg_r/C
                               shift_register_unit_18_14_inst_24/shift_registers_13_reg[16]/D
                                                              8.141         
shift_register_unit_18_14_inst_0/shift_registers_12_reg_r/C
                               shift_register_unit_18_14_inst_22/shift_registers_13_reg[0]/D
                                                              8.142         
shift_register_unit_18_14_inst_0/shift_registers_12_reg_r/C
                               shift_register_unit_18_14_inst_22/shift_registers_13_reg[2]/D
                                                              8.144         
shift_register_unit_18_14_inst_0/shift_registers_12_reg_r/C
                               shift_register_unit_18_14_inst_16/shift_registers_13_reg[0]/D
                                                              8.147         
shift_register_unit_18_14_inst_0/shift_registers_12_reg_r/C
                               shift_register_unit_18_14_inst_16/shift_registers_13_reg[2]/D
                                                              8.149         
shift_register_unit_18_14_inst_0/shift_registers_12_reg_r/C
                               shift_register_unit_18_14_inst_30/shift_registers_13_reg[3]/D
                                                              8.152         
shift_register_unit_18_14_inst_0/shift_registers_12_reg_r/C
                               shift_register_unit_18_14_inst_8/shift_registers_13_reg[16]/D
                                                              8.153         
shift_register_unit_18_14_inst_0/shift_registers_12_reg_r/C
                               shift_register_unit_18_14_inst_29/shift_registers_13_reg[16]/D
                                                              8.158         
shift_register_unit_18_14_inst_0/shift_registers_12_reg_r/C
                               shift_register_unit_18_14_inst_3/shift_registers_13_reg[2]/D
                                                              8.159         
shift_register_unit_18_14_inst_0/shift_registers_12_reg_r/C
                               shift_register_unit_18_14_inst_25/shift_registers_13_reg[6]/D
                                                              8.161         
shift_register_unit_18_14_inst_0/shift_registers_12_reg_r/C
                               shift_register_unit_18_14_inst_25/shift_registers_13_reg[4]/D
                                                              8.161         
shift_register_unit_18_14_inst_0/shift_registers_12_reg_r/C
                               shift_register_unit_18_14_inst_24/shift_registers_13_reg[17]/D
                                                              8.161         
shift_register_unit_18_14_inst_0/shift_registers_12_reg_r/C
                               shift_register_unit_18_14_inst_9/shift_registers_13_reg[9]/D
                                                              8.164         
shift_register_unit_18_14_inst_0/shift_registers_12_reg_r/C
                               shift_register_unit_18_14_inst_29/shift_registers_13_reg[9]/D
                                                              8.164         
shift_register_unit_18_14_inst_0/shift_registers_12_reg_r/C
                               shift_register_unit_18_14_inst_17/shift_registers_13_reg[11]/D
                                                              8.165         
shift_register_unit_18_14_inst_0/shift_registers_12_reg_r/C
                               shift_register_unit_18_14_inst_12/shift_registers_13_reg[2]/D
                                                              8.167         
shift_register_unit_18_14_inst_0/shift_registers_12_reg_r/C
                               shift_register_unit_18_14_inst_22/shift_registers_13_reg[1]/D
                                                              8.168         
shift_register_unit_18_14_inst_0/shift_registers_12_reg_r/C
                               shift_register_unit_18_14_inst_22/shift_registers_13_reg[3]/D
                                                              8.170         
shift_register_unit_18_14_inst_0/shift_registers_12_reg_r/C
                               shift_register_unit_18_14_inst_8/shift_registers_13_reg[17]/D
                                                              8.173         
shift_register_unit_18_14_inst_0/shift_registers_12_reg_r/C
                               shift_register_unit_18_14_inst_12/shift_registers_13_reg[14]/D
                                                              8.173         
shift_register_unit_18_14_inst_0/shift_registers_12_reg_r/C
                               shift_register_unit_18_14_inst_12/shift_registers_13_reg[12]/D
                                                              8.173         
shift_register_unit_18_14_inst_0/shift_registers_12_reg_r/C
                               shift_register_unit_18_14_inst_16/shift_registers_13_reg[1]/D
                                                              8.173         
shift_register_unit_18_14_inst_0/shift_registers_12_reg_r/C
                               shift_register_unit_18_14_inst_21/shift_registers_13_reg[0]/D
                                                              8.175         
shift_register_unit_18_14_inst_0/shift_registers_12_reg_r/C
                               shift_register_unit_18_14_inst_16/shift_registers_13_reg[3]/D
                                                              8.175         
shift_register_unit_18_14_inst_0/shift_registers_12_reg_r/C
                               shift_register_unit_18_14_inst_29/shift_registers_13_reg[17]/D
                                                              8.178         
shift_register_unit_18_14_inst_0/shift_registers_12_reg_r/C
                               shift_register_unit_18_14_inst_9/shift_registers_13_reg[4]/D
                                                              8.181         
shift_register_unit_18_14_inst_0/shift_registers_12_reg_r/C
                               shift_register_unit_18_14_inst_7/shift_registers_13_reg[16]/D
                                                              8.183         
shift_register_unit_18_14_inst_0/shift_registers_12_reg_r/C
                               shift_register_unit_18_14_inst_30/shift_registers_13_reg[16]/D
                                                              8.184         
shift_register_unit_18_14_inst_0/shift_registers_12_reg_r/C
                               shift_register_unit_18_14_inst_16/shift_registers_13_reg[8]/D
                                                              8.185         
shift_register_unit_18_14_inst_0/shift_registers_12_reg_r/C
                               shift_register_unit_18_14_inst_3/shift_registers_13_reg[3]/D
                                                              8.185         
shift_register_unit_18_14_inst_0/shift_registers_12_reg_r/C
                               shift_register_unit_18_14_inst_25/shift_registers_13_reg[5]/D
                                                              8.185         
shift_register_unit_18_14_inst_0/shift_registers_12_reg_r/C
                               shift_register_unit_18_14_inst_16/shift_registers_13_reg[10]/D
                                                              8.186         
shift_register_unit_18_14_inst_0/shift_registers_12_reg_r/C
                               shift_register_unit_18_14_inst_25/shift_registers_13_reg[7]/D
                                                              8.187         
shift_register_unit_18_14_inst_0/shift_registers_12_reg_r/C
                               shift_register_unit_18_14_inst_17/shift_registers_13_reg[0]/D
                                                              8.190         
shift_register_unit_18_14_inst_0/shift_registers_12_reg_r/C
                               shift_register_unit_18_14_inst_17/shift_registers_13_reg[2]/D
                                                              8.191         
shift_register_unit_18_14_inst_0/shift_registers_12_reg_r/C
                               shift_register_unit_18_14_inst_12/shift_registers_13_reg[3]/D
                                                              8.193         
shift_register_unit_18_14_inst_0/shift_registers_12_reg_r/C
                               shift_register_unit_18_14_inst_12/shift_registers_13_reg[13]/D
                                                              8.197         
shift_register_unit_18_14_inst_0/shift_registers_12_reg_r/C
                               shift_register_unit_18_14_inst_9/shift_registers_13_reg[5]/D
                                                              8.199         
shift_register_unit_18_14_inst_0/shift_registers_12_reg_r/C
                               shift_register_unit_18_14_inst_12/shift_registers_13_reg[15]/D
                                                              8.199         
shift_register_unit_18_14_inst_0/shift_registers_12_reg_r/C
                               shift_register_unit_18_14_inst_8/shift_registers_13_reg[2]/D
                                                              8.201         
shift_register_unit_18_14_inst_0/shift_registers_12_reg_r/C
                               shift_register_unit_18_14_inst_4/shift_registers_13_reg[6]/D
                                                              8.203         
shift_register_unit_18_14_inst_0/shift_registers_12_reg_r/C
                               shift_register_unit_18_14_inst_7/shift_registers_13_reg[17]/D
                                                              8.203         
shift_register_unit_18_14_inst_0/shift_registers_12_reg_r/C
                               shift_register_unit_18_14_inst_4/shift_registers_13_reg[4]/D
                                                              8.206         
shift_register_unit_18_14_inst_0/shift_registers_12_reg_r/C
                               shift_register_unit_18_14_inst_3/shift_registers_13_reg[16]/D
                                                              8.208         



