Copyright 1986-2018 Xilinx, Inc. All Rights Reserved.
-----------------------------------------------------------------------------------------------------------------------------------------------------------------------------------------------------------
| Tool Version : Vivado v.2018.3 (lin64) Build 2405991 Thu Dec  6 23:36:41 MST 2018
| Date         : Thu Jan 13 17:14:53 2022
| Host         : koopa.ece.utexas.edu running 64-bit CentOS Linux release 7.9.2009 (Core)
| Command      : report_timing -sort_by group -max_paths 100 -path_type summary -file /misc/scratch/zwei1/reports_Jan12/raw_designs/vtr_designs/verilog/or1200_submodules/or1200_alu/post_route_timing.rpt
| Design       : or1200_alu
| Device       : 7z020-clg484
| Speed File   : -3  PRODUCTION 1.11 2014-09-11
-----------------------------------------------------------------------------------------------------------------------------------------------------------------------------------------------------------

Timing Report

Startpoint                     Endpoint                       Slack(ns)     
----------------------------------------------------------------------------
b[1]                           flagforw                       inf           
b[1]                           result[18]                     inf           
cust5_op[4]                    result[29]                     inf           
b[1]                           result[21]                     inf           
b[1]                           result[30]                     inf           
cust5_op[4]                    result[0]                      inf           
cust5_op[4]                    result[16]                     inf           
b[1]                           result[27]                     inf           
cust5_op[4]                    result[25]                     inf           
b[1]                           result[24]                     inf           
b[1]                           result[26]                     inf           
b[1]                           result[17]                     inf           
b[1]                           result[28]                     inf           
cust5_op[4]                    result[23]                     inf           
cust5_op[4]                    result[1]                      inf           
b[1]                           result[22]                     inf           
b[1]                           result[5]                      inf           
b[1]                           result[19]                     inf           
b[1]                           result[31]                     inf           
a[25]                          result[2]                      inf           
b[1]                           result[20]                     inf           
b[1]                           result[12]                     inf           
b[1]                           result[14]                     inf           
b[1]                           result[9]                      inf           
b[1]                           result[11]                     inf           
b[0]                           result[3]                      inf           
cust5_op[4]                    result[15]                     inf           
b[1]                           result[13]                     inf           
b[1]                           result[7]                      inf           
b[1]                           result[10]                     inf           
b[1]                           result[6]                      inf           
b[1]                           result[8]                      inf           
cust5_op[4]                    result[4]                      inf           
alu_op[2]                      cyforw                         inf           
alu_op[1]                      cy_we                          inf           
alu_op[1]                      flag_we                        inf           



