Copyright 1986-2018 Xilinx, Inc. All Rights Reserved.
--------------------------------------------------------------------------------------------------------------------------------------------------------------------------------------------------------------------------
| Tool Version : Vivado v.2018.3 (lin64) Build 2405991 Thu Dec  6 23:36:41 MST 2018
| Date         : Wed Jan 12 22:32:47 2022
| Host         : koopa.ece.utexas.edu running 64-bit CentOS Linux release 7.9.2009 (Core)
| Command      : report_timing -sort_by group -max_paths 100 -path_type summary -file /misc/scratch/zwei1/reports_Jan12/raw_designs/vtr_designs/verilog/koios/attention_layer_submodules/vecmat_mul/post_route_timing.rpt
| Design       : vecmat_mul
| Device       : 7z020-clg484
| Speed File   : -3  PRODUCTION 1.11 2014-09-11
--------------------------------------------------------------------------------------------------------------------------------------------------------------------------------------------------------------------------

Timing Report

Startpoint                     Endpoint                       Slack(ns)     
----------------------------------------------------------------------------
mult_u35/b_sign_reg/C          mult_u35/b_sign_ff_reg/D       8.908         
mult_u60/b_sign_reg/C          mult_u60/b_sign_ff_reg/D       8.945         
mult_u14/a_sign_reg/C          mult_u14/a_sign_ff_reg/D       9.023         
mult_u30/a_sign_reg/C          mult_u30/a_sign_ff_reg/D       9.023         
mult_u30/b_sign_reg/C          mult_u30/b_sign_ff_reg/D       9.023         
mult_u33/a_sign_reg/C          mult_u33/a_sign_ff_reg/D       9.023         
mult_u35/a_sign_reg/C          mult_u35/a_sign_ff_reg/D       9.023         
mult_u46/a_sign_reg/C          mult_u46/a_sign_ff_reg/D       9.023         
mult_u51/a_sign_reg/C          mult_u51/a_sign_ff_reg/D       9.023         
mult_u55/b_sign_reg/C          mult_u55/b_sign_ff_reg/D       9.023         
mult_u57/a_sign_reg/C          mult_u57/a_sign_ff_reg/D       9.023         
mult_u58/b_sign_reg/C          mult_u58/b_sign_ff_reg/D       9.023         
mult_u7/a_sign_reg/C           mult_u7/a_sign_ff_reg/D        9.023         
mult_u8/a_sign_reg/C           mult_u8/a_sign_ff_reg/D        9.023         
mult_u0/a_sign_reg/C           mult_u0/a_sign_ff_reg/D        9.029         
mult_u11/a_sign_reg/C          mult_u11/a_sign_ff_reg/D       9.029         
mult_u13/a_sign_reg/C          mult_u13/a_sign_ff_reg/D       9.029         
mult_u14/b_sign_reg/C          mult_u14/b_sign_ff_reg/D       9.029         
mult_u15/a_sign_reg/C          mult_u15/a_sign_ff_reg/D       9.029         
mult_u15/b_sign_reg/C          mult_u15/b_sign_ff_reg/D       9.029         
mult_u16/a_sign_reg/C          mult_u16/a_sign_ff_reg/D       9.029         
mult_u16/b_sign_reg/C          mult_u16/b_sign_ff_reg/D       9.029         
mult_u17/a_sign_reg/C          mult_u17/a_sign_ff_reg/D       9.029         
mult_u19/a_sign_reg/C          mult_u19/a_sign_ff_reg/D       9.029         
mult_u21/a_sign_reg/C          mult_u21/a_sign_ff_reg/D       9.029         
mult_u22/a_sign_reg/C          mult_u22/a_sign_ff_reg/D       9.029         
mult_u23/a_sign_reg/C          mult_u23/a_sign_ff_reg/D       9.029         
mult_u24/a_sign_reg/C          mult_u24/a_sign_ff_reg/D       9.029         
mult_u25/a_sign_reg/C          mult_u25/a_sign_ff_reg/D       9.029         
mult_u26/a_sign_reg/C          mult_u26/a_sign_ff_reg/D       9.029         
mult_u26/b_sign_reg/C          mult_u26/b_sign_ff_reg/D       9.029         
mult_u27/a_sign_reg/C          mult_u27/a_sign_ff_reg/D       9.029         
mult_u3/a_sign_reg/C           mult_u3/a_sign_ff_reg/D        9.029         
mult_u32/a_sign_reg/C          mult_u32/a_sign_ff_reg/D       9.029         
mult_u36/a_sign_reg/C          mult_u36/a_sign_ff_reg/D       9.029         
mult_u37/a_sign_reg/C          mult_u37/a_sign_ff_reg/D       9.029         
mult_u38/a_sign_reg/C          mult_u38/a_sign_ff_reg/D       9.029         
mult_u39/a_sign_reg/C          mult_u39/a_sign_ff_reg/D       9.029         
mult_u40/a_sign_reg/C          mult_u40/a_sign_ff_reg/D       9.029         
mult_u41/a_sign_reg/C          mult_u41/a_sign_ff_reg/D       9.029         
mult_u45/a_sign_reg/C          mult_u45/a_sign_ff_reg/D       9.029         
mult_u47/a_sign_reg/C          mult_u47/a_sign_ff_reg/D       9.029         
mult_u48/a_sign_reg/C          mult_u48/a_sign_ff_reg/D       9.029         
mult_u49/a_sign_reg/C          mult_u49/a_sign_ff_reg/D       9.029         
mult_u5/a_sign_reg/C           mult_u5/a_sign_ff_reg/D        9.029         
mult_u50/a_sign_reg/C          mult_u50/a_sign_ff_reg/D       9.029         
mult_u51/b_sign_reg/C          mult_u51/b_sign_ff_reg/D       9.029         
mult_u53/a_sign_reg/C          mult_u53/a_sign_ff_reg/D       9.029         
mult_u54/a_sign_reg/C          mult_u54/a_sign_ff_reg/D       9.029         
mult_u55/a_sign_reg/C          mult_u55/a_sign_ff_reg/D       9.029         
mult_u61/a_sign_reg/C          mult_u61/a_sign_ff_reg/D       9.029         
mult_u62/a_sign_reg/C          mult_u62/a_sign_ff_reg/D       9.029         
mult_u63/a_sign_reg/C          mult_u63/a_sign_ff_reg/D       9.029         
mult_u9/a_sign_reg/C           mult_u9/a_sign_ff_reg/D        9.029         
mult_u10/a_sign_reg/C          mult_u10/a_sign_ff_reg/D       9.052         
mult_u12/b_sign_reg/C          mult_u12/b_sign_ff_reg/D       9.052         
mult_u18/a_sign_reg/C          mult_u18/a_sign_ff_reg/D       9.052         
mult_u2/a_sign_reg/C           mult_u2/a_sign_ff_reg/D        9.052         
mult_u20/a_sign_reg/C          mult_u20/a_sign_ff_reg/D       9.052         
mult_u28/a_sign_reg/C          mult_u28/a_sign_ff_reg/D       9.052         
mult_u31/b_sign_reg/C          mult_u31/b_sign_ff_reg/D       9.052         
mult_u34/a_sign_reg/C          mult_u34/a_sign_ff_reg/D       9.052         
mult_u4/a_sign_reg/C           mult_u4/a_sign_ff_reg/D        9.052         
mult_u43/a_sign_reg/C          mult_u43/a_sign_ff_reg/D       9.052         
mult_u44/a_sign_reg/C          mult_u44/a_sign_ff_reg/D       9.052         
mult_u52/a_sign_reg/C          mult_u52/a_sign_ff_reg/D       9.052         
mult_u56/a_sign_reg/C          mult_u56/a_sign_ff_reg/D       9.052         
mult_u57/b_sign_reg/C          mult_u57/b_sign_ff_reg/D       9.052         
mult_u58/a_sign_reg/C          mult_u58/a_sign_ff_reg/D       9.052         
mult_u6/a_sign_reg/C           mult_u6/a_sign_ff_reg/D        9.052         
mult_u7/b_sign_reg/C           mult_u7/b_sign_ff_reg/D        9.052         
mult_u12/a_sign_reg/C          mult_u12/a_sign_ff_reg/D       9.054         
mult_u22/b_sign_reg/C          mult_u22/b_sign_ff_reg/D       9.054         
mult_u29/a_sign_reg/C          mult_u29/a_sign_ff_reg/D       9.054         
mult_u59/b_sign_reg/C          mult_u59/b_sign_ff_reg/D       9.054         
mult_u60/a_sign_reg/C          mult_u60/a_sign_ff_reg/D       9.054         
mult_u52/b_sign_reg/C          mult_u52/b_sign_ff_reg/D       9.094         
mult_u56/b_sign_reg/C          mult_u56/b_sign_ff_reg/D       9.103         
mult_u1/a_sign_reg/C           mult_u1/a_sign_ff_reg/D        9.133         
mult_u1/b_sign_reg/C           mult_u1/b_sign_ff_reg/D        9.136         
mult_u0/b_sign_reg/C           mult_u0/b_sign_ff_reg/D        9.140         
mult_u11/b_sign_reg/C          mult_u11/b_sign_ff_reg/D       9.140         
mult_u13/b_sign_reg/C          mult_u13/b_sign_ff_reg/D       9.140         
mult_u17/b_sign_reg/C          mult_u17/b_sign_ff_reg/D       9.140         
mult_u19/b_sign_reg/C          mult_u19/b_sign_ff_reg/D       9.140         
mult_u21/b_sign_reg/C          mult_u21/b_sign_ff_reg/D       9.140         
mult_u23/b_sign_reg/C          mult_u23/b_sign_ff_reg/D       9.140         
mult_u24/b_sign_reg/C          mult_u24/b_sign_ff_reg/D       9.140         
mult_u25/b_sign_reg/C          mult_u25/b_sign_ff_reg/D       9.140         
mult_u27/b_sign_reg/C          mult_u27/b_sign_ff_reg/D       9.140         
mult_u3/b_sign_reg/C           mult_u3/b_sign_ff_reg/D        9.140         
mult_u31/a_sign_reg/C          mult_u31/a_sign_ff_reg/D       9.140         
mult_u32/b_sign_reg/C          mult_u32/b_sign_ff_reg/D       9.140         
mult_u36/b_sign_reg/C          mult_u36/b_sign_ff_reg/D       9.140         
mult_u37/b_sign_reg/C          mult_u37/b_sign_ff_reg/D       9.140         
mult_u38/b_sign_reg/C          mult_u38/b_sign_ff_reg/D       9.140         
mult_u39/b_sign_reg/C          mult_u39/b_sign_ff_reg/D       9.140         
mult_u40/b_sign_reg/C          mult_u40/b_sign_ff_reg/D       9.140         
mult_u41/b_sign_reg/C          mult_u41/b_sign_ff_reg/D       9.140         
mult_u45/b_sign_reg/C          mult_u45/b_sign_ff_reg/D       9.140         



