Copyright 1986-2018 Xilinx, Inc. All Rights Reserved.
-----------------------------------------------------------------------------------------------------------------------------------------------------------------------------------------------------------------------------------------------------------------
| Tool Version : Vivado v.2018.3 (lin64) Build 2405991 Thu Dec  6 23:36:41 MST 2018
| Date         : Thu Jan 13 06:19:18 2022
| Host         : koopa.ece.utexas.edu running 64-bit CentOS Linux release 7.9.2009 (Core)
| Command      : report_timing -sort_by group -max_paths 100 -path_type summary -file /misc/scratch/zwei1/reports_Jan12/raw_designs/vtr_designs/verilog/koios/tiny_darknet_like.medium_submodules/td_fused_top_tdf9_writeOutputs_unaligned/post_route_timing.rpt
| Design       : td_fused_top_tdf9_writeOutputs_unaligned
| Device       : 7z020-clg484
| Speed File   : -3  PRODUCTION 1.11 2014-09-11
-----------------------------------------------------------------------------------------------------------------------------------------------------------------------------------------------------------------------------------------------------------------

Timing Report

Startpoint                     Endpoint                       Slack(ns)     
----------------------------------------------------------------------------
outputCount_reg[3]/C           empty_reg_111_reg[1]/CE        6.217         
outputCount_reg[3]/C           empty_reg_111_reg[2]/CE        6.217         
outputCount_reg[3]/C           empty_reg_111_reg[3]/CE        6.217         
outputCount_reg[3]/C           empty_reg_111_reg[4]/CE        6.217         
outputCount_reg[3]/C           empty_reg_111_reg[13]/CE       6.249         
outputCount_reg[3]/C           empty_reg_111_reg[14]/CE       6.249         
outputCount_reg[3]/C           empty_reg_111_reg[15]/CE       6.249         
outputCount_reg[3]/C           empty_reg_111_reg[10]/CE       6.323         
outputCount_reg[3]/C           empty_reg_111_reg[11]/CE       6.323         
outputCount_reg[3]/C           empty_reg_111_reg[12]/CE       6.323         
outputCount_reg[3]/C           empty_reg_111_reg[9]/CE        6.323         
outputCount_reg[3]/C           empty_reg_111_reg[5]/CE        6.323         
outputCount_reg[3]/C           empty_reg_111_reg[6]/CE        6.323         
outputCount_reg[3]/C           empty_reg_111_reg[7]/CE        6.323         
outputCount_reg[3]/C           empty_reg_111_reg[8]/CE        6.323         
outputChanIdx_reg[0]/C         outputChanIdx_reg[0]/R         6.391         
outputChanIdx_reg[0]/C         outputChanIdx_reg[1]/R         6.391         
outputChanIdx_reg[0]/C         outputChanIdx_reg[2]/R         6.391         
outputChanIdx_reg[0]/C         outputChanIdx_reg[3]/R         6.391         
outputChanIdx_reg[0]/C         outputChanIdx_reg[4]/R         6.391         
outputChanIdx_reg[0]/C         outputChanIdx_reg[5]/R         6.391         
outputChanIdx_reg[0]/C         outputChanIdx_reg[6]/R         6.391         
outputChanIdx_reg[0]/C         outputChanIdx_reg[7]/R         6.391         
outputChanIdx_reg[0]/C         outputChanIdx_reg[12]/R        6.399         
outputChanIdx_reg[0]/C         outputChanIdx_reg[13]/R        6.399         
outputChanIdx_reg[0]/C         outputChanIdx_reg[14]/R        6.399         
outputChanIdx_reg[0]/C         outputChanIdx_reg[15]/R        6.399         
outputCount_reg[3]/C           empty_reg_111_reg[0]/CE        6.399         
outputChanIdx_reg[0]/C         outputChanIdx_reg[10]/R        6.491         
outputChanIdx_reg[0]/C         outputChanIdx_reg[11]/R        6.491         
outputChanIdx_reg[0]/C         outputChanIdx_reg[8]/R         6.491         
outputChanIdx_reg[0]/C         outputChanIdx_reg[9]/R         6.491         
outputCount_reg[3]/C           icmp_ln88_reg_317_reg[0]/D     6.991         
ap_CS_fsm_reg[0]/C             outputRow_1_reg[11]/CE         7.247         
ap_CS_fsm_reg[0]/C             outputRow_1_reg[14]/CE         7.247         
ap_CS_fsm_reg[0]/C             outputRow_1_reg[2]/CE          7.247         
ap_CS_fsm_reg[0]/C             outputRow_1_reg[4]/CE          7.247         
ap_CS_fsm_reg[0]/C             outputRow_1_reg[5]/CE          7.275         
ap_CS_fsm_reg[0]/C             outputRow_1_reg[6]/CE          7.275         
ap_CS_fsm_reg[0]/C             outputRow_1_reg[8]/CE          7.275         
ap_CS_fsm_reg[0]/C             outputRow_reg[14]/CE           7.361         
ap_CS_fsm_reg[0]/C             outputRow_reg[15]/CE           7.361         
ap_CS_fsm_reg[0]/C             outputRow_reg[6]/CE            7.361         
ap_CS_fsm_reg[0]/C             outputRow_reg[7]/CE            7.361         
ap_CS_fsm_reg[0]/C             outputRow_1_reg[0]/CE          7.389         
ap_CS_fsm_reg[0]/C             outputRow_1_reg[12]/CE         7.389         
ap_CS_fsm_reg[0]/C             outputRow_reg[0]/CE            7.450         
ap_CS_fsm_reg[0]/C             outputRow_reg[10]/CE           7.450         
ap_CS_fsm_reg[0]/C             outputRow_reg[11]/CE           7.450         
ap_CS_fsm_reg[0]/C             outputRow_reg[12]/CE           7.450         
ap_CS_fsm_reg[0]/C             outputRow_1_reg[10]/CE         7.475         
ap_CS_fsm_reg[0]/C             outputRow_1_reg[13]/CE         7.475         
ap_CS_fsm_reg[0]/C             outputRow_1_reg[15]/CE         7.475         
ap_CS_fsm_reg[0]/C             outputRow_1_reg[1]/CE          7.475         
ap_CS_fsm_reg[0]/C             outputRow_1_reg[3]/CE          7.475         
ap_CS_fsm_reg[0]/C             outputRow_1_reg[7]/CE          7.475         
ap_CS_fsm_reg[0]/C             outputRow_1_reg[9]/CE          7.475         
ap_CS_fsm_reg[0]/C             outputRow_2_reg[12]/CE         7.526         
ap_CS_fsm_reg[0]/C             outputRow_2_reg[13]/CE         7.526         
ap_CS_fsm_reg[0]/C             outputRow_2_reg[2]/CE          7.526         
ap_CS_fsm_reg[0]/C             outputRow_2_reg[6]/CE          7.526         
ap_CS_fsm_reg[0]/C             outputRow_reg[13]/CE           7.552         
ap_CS_fsm_reg[0]/C             outputRow_reg[1]/CE            7.552         
ap_CS_fsm_reg[0]/C             outputRow_reg[2]/CE            7.552         
ap_CS_fsm_reg[0]/C             outputRow_reg[3]/CE            7.552         
ap_CS_fsm_reg[0]/C             outputRow_reg[4]/CE            7.552         
ap_CS_fsm_reg[0]/C             outputRow_reg[5]/CE            7.552         
ap_CS_fsm_reg[0]/C             outputRow_reg[8]/CE            7.552         
ap_CS_fsm_reg[0]/C             outputRow_reg[9]/CE            7.552         
ap_CS_fsm_reg[0]/C             outputRow_2_reg[14]/CE         7.638         
ap_CS_fsm_reg[0]/C             outputRow_2_reg[15]/CE         7.638         
ap_CS_fsm_reg[0]/C             outputRow_2_reg[1]/CE          7.669         
ap_CS_fsm_reg[0]/C             outputRow_2_reg[5]/CE          7.669         
ap_CS_fsm_reg[0]/C             outputRow_2_reg[7]/CE          7.669         
ap_CS_fsm_reg[0]/C             outputRow_2_reg[9]/CE          7.669         
ap_CS_fsm_reg[0]/C             outputRow_0_reg[0]/CE          7.853         
ap_CS_fsm_reg[0]/C             outputRow_0_reg[10]/CE         7.853         
ap_CS_fsm_reg[0]/C             outputRow_0_reg[11]/CE         7.853         
ap_CS_fsm_reg[0]/C             outputRow_0_reg[12]/CE         7.853         
ap_CS_fsm_reg[0]/C             outputRow_0_reg[15]/CE         7.853         
ap_CS_fsm_reg[0]/C             outputRow_0_reg[2]/CE          7.853         
ap_CS_fsm_reg[0]/C             outputRow_0_reg[4]/CE          7.853         
ap_CS_fsm_reg[0]/C             outputRow_0_reg[13]/CE         7.873         
ap_CS_fsm_reg[0]/C             outputRow_0_reg[14]/CE         7.873         
ap_CS_fsm_reg[0]/C             outputRow_0_reg[3]/CE          7.873         
ap_CS_fsm_reg[0]/C             outputRow_0_reg[5]/CE          7.873         
ap_CS_fsm_reg[0]/C             outputRow_0_reg[6]/CE          7.873         
ap_CS_fsm_reg[0]/C             outputRow_0_reg[7]/CE          7.873         
ap_CS_fsm_reg[0]/C             outputRow_0_reg[8]/CE          7.873         
ap_CS_fsm_reg[0]/C             outputRow_0_reg[1]/CE          7.890         
ap_CS_fsm_reg[0]/C             outputRow_0_reg[9]/CE          7.890         
ap_CS_fsm_reg[0]/C             outputRow_2_reg[0]/CE          7.961         
ap_CS_fsm_reg[0]/C             outputRow_2_reg[10]/CE         7.961         
ap_CS_fsm_reg[0]/C             outputRow_2_reg[11]/CE         7.961         
ap_CS_fsm_reg[0]/C             outputRow_2_reg[3]/CE          7.961         
ap_CS_fsm_reg[0]/C             outputRow_2_reg[4]/CE          7.961         
ap_CS_fsm_reg[0]/C             outputRow_2_reg[8]/CE          7.961         
ap_CS_fsm_reg[1]/C             empty_reg_111_reg[13]/R        8.056         
ap_CS_fsm_reg[1]/C             empty_reg_111_reg[14]/R        8.056         
ap_CS_fsm_reg[1]/C             empty_reg_111_reg[15]/R        8.056         



