Copyright 1986-2018 Xilinx, Inc. All Rights Reserved.
---------------------------------------------------------------------------------------------------------------------------------------------------------------------------------------------------------------------------------------------------------
| Tool Version : Vivado v.2018.3 (lin64) Build 2405991 Thu Dec  6 23:36:41 MST 2018
| Date         : Thu Jan 13 07:08:12 2022
| Host         : koopa.ece.utexas.edu running 64-bit CentOS Linux release 7.9.2009 (Core)
| Command      : report_timing -sort_by group -max_paths 100 -path_type summary -file /misc/scratch/zwei1/reports_Jan12/raw_designs/vtr_designs/verilog/koios/tiny_darknet_like.small_submodules/td_fused_top_tdf10_l2_filters_ram/post_route_timing.rpt
| Design       : td_fused_top_tdf10_l2_filters_ram
| Device       : 7z020-clg484
| Speed File   : -3  PRODUCTION 1.11 2014-09-11
---------------------------------------------------------------------------------------------------------------------------------------------------------------------------------------------------------------------------------------------------------

Timing Report

Startpoint                     Endpoint                       Slack(ns)     
----------------------------------------------------------------------------
addr0_t1_reg[4]/C              ram_reg_0_13/ADDRBWRADDR[4]    6.513         
addr1_t1_reg[1]/C              ram_reg_0_13/ADDRARDADDR[1]    6.625         
addr1_t1_reg[9]/C              ram_reg_0_13/ADDRARDADDR[9]    6.658         
addr1_t1_reg[4]/C              ram_reg_0_13/ADDRARDADDR[4]    6.669         
addr1_t1_reg[13]/C             ram_reg_0_13/ADDRARDADDR[13]   6.732         
addr0_t1_reg[3]/C              ram_reg_0_13/ADDRBWRADDR[3]    6.738         
addr0_t1_reg[4]/C              ram_reg_0_9/ADDRBWRADDR[4]     6.778         
addr0_t1_reg[12]/C             ram_reg_0_13/ADDRBWRADDR[12]   6.785         
addr0_t1_reg[14]/C             ram_reg_0_13/ADDRBWRADDR[14]   6.800         
addr0_t1_reg[9]/C              ram_reg_0_13/ADDRBWRADDR[9]    6.830         
addr0_t1_reg[7]/C              ram_reg_0_13/ADDRBWRADDR[7]    6.836         
addr1_t1_reg[1]/C              ram_reg_0_9/ADDRARDADDR[1]     6.905         
addr1_t1_reg[9]/C              ram_reg_0_9/ADDRARDADDR[9]     6.938         
addr1_t1_reg[4]/C              ram_reg_0_9/ADDRARDADDR[4]     6.949         
addr0_t1_reg[4]/C              ram_reg_0_1/ADDRBWRADDR[4]     7.002         
addr1_t1_reg[13]/C             ram_reg_0_9/ADDRARDADDR[13]    7.012         
addr0_t1_reg[3]/C              ram_reg_0_9/ADDRBWRADDR[3]     7.018         
addr0_t1_reg[14]/C             ram_reg_0_1/ADDRBWRADDR[14]    7.046         
addr0_t1_reg[2]/C              ram_reg_0_13/ADDRBWRADDR[2]    7.050         
addr0_t1_reg[6]/C              ram_reg_0_13/ADDRBWRADDR[6]    7.050         
addr1_t1_reg[0]/C              ram_reg_0_13/ADDRARDADDR[0]    7.053         
addr0_t1_reg[0]/C              ram_reg_0_13/ADDRBWRADDR[0]    7.061         
we1_t1_reg/C                   ram_reg_0_13/ENARDEN           7.061         
addr0_t1_reg[12]/C             ram_reg_0_9/ADDRBWRADDR[12]    7.065         
addr0_t1_reg[4]/C              ram_reg_0_10/ADDRBWRADDR[4]    7.077         
addr0_t1_reg[10]/C             ram_reg_0_13/ADDRBWRADDR[10]   7.078         
addr0_t1_reg[14]/C             ram_reg_0_9/ADDRBWRADDR[14]    7.080         
we1_t1_reg/C                   ram_reg_0_1/ENARDEN            7.085         
addr1_t1_reg[11]/C             ram_reg_0_1/ADDRARDADDR[11]    7.097         
addr0_t1_reg[1]/C              ram_reg_0_13/ADDRBWRADDR[1]    7.098         
addr0_t1_reg[9]/C              ram_reg_0_9/ADDRBWRADDR[9]     7.110         
addr0_t1_reg[13]/C             ram_reg_0_13/ADDRBWRADDR[13]   7.111         
addr0_t1_reg[5]/C              ram_reg_0_1/ADDRBWRADDR[5]     7.115         
addr0_t1_reg[7]/C              ram_reg_0_9/ADDRBWRADDR[7]     7.116         
addr1_t1_reg[2]/C              ram_reg_0_13/ADDRARDADDR[2]    7.128         
addr0_t1_reg[10]/C             ram_reg_0_1/ADDRBWRADDR[10]    7.129         
addr1_t1_reg[0]/C              ram_reg_0_0/ADDRARDADDR[0]     7.167         
addr1_t1_reg[0]/C              ram_reg_0_1/ADDRARDADDR[0]     7.167         
addr1_t1_reg[0]/C              ram_reg_0_9/ADDRARDADDR[0]     7.168         
addr0_t1_reg[8]/C              ram_reg_0_7/ADDRBWRADDR[8]     7.181         
addr0_t1_reg[0]/C              ram_reg_0_1/ADDRBWRADDR[0]     7.183         
addr1_t1_reg[7]/C              ram_reg_0_7/ADDRARDADDR[7]     7.190         
we1_t1_reg/C                   ram_reg_0_6/ENARDEN            7.197         
addr1_t1_reg[11]/C             ram_reg_0_7/ADDRARDADDR[11]    7.202         
addr0_t1_reg[10]/C             ram_reg_0_9/ADDRBWRADDR[10]    7.214         
addr0_t1_reg[3]/C              ram_reg_0_1/ADDRBWRADDR[3]     7.220         
addr1_t1_reg[9]/C              ram_reg_0_7/ADDRARDADDR[9]     7.224         
addr0_t1_reg[2]/C              ram_reg_0_9/ADDRBWRADDR[2]     7.224         
addr1_t1_reg[2]/C              ram_reg_0_9/ADDRARDADDR[2]     7.243         
addr1_t1_reg[4]/C              ram_reg_0_0/ADDRARDADDR[4]     7.259         
addr1_t1_reg[1]/C              ram_reg_0_12/ADDRARDADDR[1]    7.272         
addr0_t1_reg[4]/C              ram_reg_0_6/ADDRBWRADDR[4]     7.282         
addr0_t1_reg[10]/C             ram_reg_0_5/ADDRBWRADDR[10]    7.283         
addr1_t1_reg[1]/C              ram_reg_0_10/ADDRARDADDR[1]    7.283         
addr1_t1_reg[2]/C              ram_reg_0_1/ADDRARDADDR[2]     7.295         
addr1_t1_reg[6]/C              ram_reg_0_13/ADDRARDADDR[6]    7.295         
addr1_t1_reg[4]/C              ram_reg_0_10/ADDRARDADDR[4]    7.297         
addr0_t1_reg[12]/C             ram_reg_0_6/ADDRBWRADDR[12]    7.301         
addr0_t1_reg[7]/C              ram_reg_0_0/ADDRBWRADDR[7]     7.313         
addr0_t1_reg[7]/C              ram_reg_0_15/ADDRBWRADDR[7]    7.313         
we1_t1_reg/C                   ram_reg_0_9/ENARDEN            7.316         
addr0_t1_reg[14]/C             ram_reg_0_6/ADDRBWRADDR[14]    7.326         
addr1_t1_reg[6]/C              ram_reg_0_7/ADDRARDADDR[6]     7.327         
addr0_t1_reg[6]/C              ram_reg_0_9/ADDRBWRADDR[6]     7.330         
addr1_t1_reg[13]/C             ram_reg_0_6/ADDRARDADDR[13]    7.336         
addr0_t1_reg[0]/C              ram_reg_0_9/ADDRBWRADDR[0]     7.341         
addr0_t1_reg[9]/C              ram_reg_0_10/ADDRBWRADDR[9]    7.343         
addr0_t1_reg[7]/C              ram_reg_0_10/ADDRBWRADDR[7]    7.349         
addr1_t1_reg[13]/C             ram_reg_0_1/ADDRARDADDR[13]    7.352         
addr1_t1_reg[5]/C              ram_reg_0_7/ADDRARDADDR[5]     7.354         
addr0_t1_reg[9]/C              ram_reg_0_1/ADDRBWRADDR[9]     7.356         
addr1_t1_reg[14]/C             ram_reg_0_7/ADDRARDADDR[14]    7.360         
addr0_t1_reg[7]/C              ram_reg_0_1/ADDRBWRADDR[7]     7.372         
addr1_t1_reg[11]/C             ram_reg_0_6/ADDRARDADDR[11]    7.377         
addr0_t1_reg[1]/C              ram_reg_0_9/ADDRBWRADDR[1]     7.378         
addr1_t1_reg[5]/C              ram_reg_0_1/ADDRARDADDR[5]     7.385         
addr1_t1_reg[1]/C              ram_reg_0_1/ADDRARDADDR[1]     7.387         
addr0_t1_reg[5]/C              ram_reg_0_9/ADDRBWRADDR[5]     7.391         
addr0_t1_reg[13]/C             ram_reg_0_9/ADDRBWRADDR[13]    7.391         
addr0_t1_reg[5]/C              ram_reg_0_6/ADDRBWRADDR[5]     7.395         
addr1_t1_reg[7]/C              ram_reg_0_2/ADDRARDADDR[7]     7.398         
addr1_t1_reg[7]/C              ram_reg_0_4/ADDRARDADDR[7]     7.398         
addr1_t1_reg[5]/C              ram_reg_0_13/ADDRARDADDR[5]    7.401         
addr0_t1_reg[6]/C              ram_reg_0_1/ADDRBWRADDR[6]     7.403         
addr0_t1_reg[4]/C              ram_reg_0_14/ADDRBWRADDR[4]    7.405         
addr0_t1_reg[10]/C             ram_reg_0_6/ADDRBWRADDR[10]    7.409         
addr1_t1_reg[0]/C              ram_reg_0_10/ADDRARDADDR[0]    7.413         
addr0_t1_reg[11]/C             ram_reg_0_7/ADDRBWRADDR[11]    7.423         
addr1_t1_reg[8]/C              ram_reg_0_7/ADDRARDADDR[8]     7.425         
addr1_t1_reg[6]/C              ram_reg_0_1/ADDRARDADDR[6]     7.431         
addr1_t1_reg[4]/C              ram_reg_0_1/ADDRARDADDR[4]     7.437         
addr1_t1_reg[12]/C             ram_reg_0_12/ADDRARDADDR[12]   7.442         
addr1_t1_reg[9]/C              ram_reg_0_1/ADDRARDADDR[9]     7.446         
addr1_t1_reg[0]/C              ram_reg_0_11/ADDRARDADDR[0]    7.447         
addr1_t1_reg[0]/C              ram_reg_0_6/ADDRARDADDR[0]     7.447         
addr1_t1_reg[4]/C              ram_reg_0_11/ADDRARDADDR[4]    7.447         
addr1_t1_reg[4]/C              ram_reg_0_5/ADDRARDADDR[4]     7.447         
addr0_t1_reg[5]/C              ram_reg_0_13/ADDRBWRADDR[5]    7.453         
addr1_t1_reg[3]/C              ram_reg_0_13/ADDRARDADDR[3]    7.462         
addr0_t1_reg[0]/C              ram_reg_0_6/ADDRBWRADDR[0]     7.463         



