Copyright 1986-2018 Xilinx, Inc. All Rights Reserved.
-----------------------------------------------------------------------------------------------------------------------------------------------------------------------------------------------------------------------------
| Tool Version : Vivado v.2018.3 (lin64) Build 2405991 Thu Dec  6 23:36:41 MST 2018
| Date         : Wed Jan 12 21:24:03 2022
| Host         : koopa.ece.utexas.edu running 64-bit CentOS Linux release 7.9.2009 (Core)
| Command      : report_timing -sort_by group -max_paths 100 -path_type summary -file /misc/scratch/zwei1/reports_Jan12/raw_designs/opencores/arithmetic/tiny_tate_bilinear_pairing_submodules/f3m_add/post_route_timing.rpt
| Design       : f3m_add
| Device       : 7z020-clg484
| Speed File   : -3  PRODUCTION 1.11 2014-09-11
-----------------------------------------------------------------------------------------------------------------------------------------------------------------------------------------------------------------------------

Timing Report

Startpoint                     Endpoint                       Slack(ns)     
----------------------------------------------------------------------------
A[1030]                        C[1031]                        inf           
A[1066]                        C[1067]                        inf           
A[1074]                        C[1075]                        inf           
A[1094]                        C[1095]                        inf           
A[1112]                        C[1113]                        inf           
A[1130]                        C[1131]                        inf           
A[1180]                        C[1181]                        inf           
A[120]                         C[121]                         inf           
A[122]                         C[123]                         inf           
A[132]                         C[133]                         inf           
A[156]                         C[157]                         inf           
A[158]                         C[159]                         inf           
A[178]                         C[179]                         inf           
A[180]                         C[181]                         inf           
A[196]                         C[197]                         inf           
A[198]                         C[199]                         inf           
A[238]                         C[239]                         inf           
A[296]                         C[297]                         inf           
A[320]                         C[321]                         inf           
A[358]                         C[359]                         inf           
A[378]                         C[379]                         inf           
A[394]                         C[395]                         inf           
A[2]                           C[3]                           inf           
A[410]                         C[411]                         inf           
A[418]                         C[419]                         inf           
A[422]                         C[423]                         inf           
A[444]                         C[445]                         inf           
A[458]                         C[459]                         inf           
A[574]                         C[575]                         inf           
A[576]                         C[577]                         inf           
A[632]                         C[633]                         inf           
A[634]                         C[635]                         inf           
A[664]                         C[665]                         inf           
A[678]                         C[679]                         inf           
A[680]                         C[681]                         inf           
A[682]                         C[683]                         inf           
A[694]                         C[695]                         inf           
A[728]                         C[729]                         inf           
A[742]                         C[743]                         inf           
A[764]                         C[765]                         inf           
A[812]                         C[813]                         inf           
A[820]                         C[821]                         inf           
A[824]                         C[825]                         inf           
A[82]                          C[83]                          inf           
A[846]                         C[847]                         inf           
A[862]                         C[863]                         inf           
A[890]                         C[891]                         inf           
A[916]                         C[917]                         inf           
A[90]                          C[91]                          inf           
A[976]                         C[977]                         inf           
A[996]                         C[997]                         inf           
A[1000]                        C[1001]                        inf           
A[1004]                        C[1005]                        inf           
A[1016]                        C[1017]                        inf           
A[1034]                        C[1035]                        inf           
A[1038]                        C[1039]                        inf           
B[1042]                        C[1043]                        inf           
A[1044]                        C[1045]                        inf           
B[1060]                        C[1061]                        inf           
A[1062]                        C[1063]                        inf           
B[1068]                        C[1069]                        inf           
A[1070]                        C[1071]                        inf           
A[1076]                        C[1077]                        inf           
A[106]                         C[107]                         inf           
B[1082]                        C[1083]                        inf           
A[1084]                        C[1085]                        inf           
B[1092]                        C[1093]                        inf           
A[1098]                        C[1099]                        inf           
A[1100]                        C[1101]                        inf           
B[1110]                        C[1111]                        inf           
A[110]                         C[111]                         inf           
A[1126]                        C[1127]                        inf           
B[1128]                        C[1129]                        inf           
A[1132]                        C[1133]                        inf           
A[112]                         C[113]                         inf           
A[1152]                        C[1153]                        inf           
A[1168]                        C[1169]                        inf           
A[1174]                        C[1175]                        inf           
B[1176]                        C[1177]                        inf           
B[116]                         C[117]                         inf           
A[124]                         C[125]                         inf           
B[130]                         C[131]                         inf           
A[136]                         C[137]                         inf           
A[140]                         C[141]                         inf           
A[146]                         C[147]                         inf           
A[150]                         C[151]                         inf           
B[154]                         C[155]                         inf           
A[164]                         C[165]                         inf           
A[172]                         C[173]                         inf           
B[16]                          C[17]                          inf           
A[186]                         C[187]                         inf           
B[194]                         C[195]                         inf           
B[216]                         C[217]                         inf           
A[222]                         C[223]                         inf           
A[232]                         C[233]                         inf           
B[236]                         C[237]                         inf           
A[252]                         C[253]                         inf           
A[260]                         C[261]                         inf           
B[268]                         C[269]                         inf           
A[270]                         C[271]                         inf           



