Copyright 1986-2018 Xilinx, Inc. All Rights Reserved.
----------------------------------------------------------------------------------------------------------------------------------------------------------------------------------------------------------------------------------------------------------------
| Tool Version : Vivado v.2018.3 (lin64) Build 2405991 Thu Dec  6 23:36:41 MST 2018
| Date         : Wed Jan 12 12:27:00 2022
| Host         : koopa.ece.utexas.edu running 64-bit CentOS Linux release 7.9.2009 (Core)
| Command      : report_timing -sort_by group -max_paths 100 -path_type summary -file /misc/scratch/zwei1/reports_Jan12/raw_designs/vtr_designs/verilog/koios/tiny_darknet_like.small_submodules/td_fused_top_tdf2_writeOutputs_unaligned/post_route_timing.rpt
| Design       : td_fused_top_tdf2_writeOutputs_unaligned
| Device       : 7z020-clg484
| Speed File   : -3  PRODUCTION 1.11 2014-09-11
----------------------------------------------------------------------------------------------------------------------------------------------------------------------------------------------------------------------------------------------------------------

Timing Report

Startpoint                     Endpoint                       Slack(ns)     
----------------------------------------------------------------------------
outputCount_7_reg[0]/C         outputChanIdx_7_reg[0]/R       5.422         
outputCount_7_reg[0]/C         outputChanIdx_7_reg[1]/R       5.422         
outputCount_7_reg[0]/C         outputChanIdx_7_reg[2]/R       5.422         
outputCount_7_reg[0]/C         outputChanIdx_7_reg[3]/R       5.422         
outputCount_7_reg[0]/C         outputChanIdx_7_reg[10]/R      5.623         
outputCount_7_reg[0]/C         outputChanIdx_7_reg[11]/R      5.623         
outputCount_7_reg[0]/C         outputChanIdx_7_reg[8]/R       5.623         
outputCount_7_reg[0]/C         outputChanIdx_7_reg[9]/R       5.623         
outputCount_7_reg[0]/C         outputChanIdx_7_reg[4]/R       5.626         
outputCount_7_reg[0]/C         outputChanIdx_7_reg[5]/R       5.626         
outputCount_7_reg[0]/C         outputChanIdx_7_reg[6]/R       5.626         
outputCount_7_reg[0]/C         outputChanIdx_7_reg[7]/R       5.626         
outputCount_7_reg[0]/C         outputChanIdx_7_reg[12]/R      5.639         
outputCount_7_reg[0]/C         outputChanIdx_7_reg[13]/R      5.639         
outputCount_7_reg[0]/C         outputChanIdx_7_reg[14]/R      5.639         
outputCount_7_reg[0]/C         outputChanIdx_7_reg[15]/R      5.639         
outputCount_7_reg[0]/C         empty_reg_89_reg[1]/CE         5.650         
outputCount_7_reg[0]/C         empty_reg_89_reg[2]/CE         5.650         
outputCount_7_reg[0]/C         empty_reg_89_reg[3]/CE         5.650         
outputCount_7_reg[0]/C         empty_reg_89_reg[4]/CE         5.650         
outputCount_7_reg[0]/C         empty_reg_89_reg[13]/CE        5.698         
outputCount_7_reg[0]/C         empty_reg_89_reg[14]/CE        5.698         
outputCount_7_reg[0]/C         empty_reg_89_reg[15]/CE        5.698         
outputCount_7_reg[0]/C         empty_reg_89_reg[10]/CE        5.731         
outputCount_7_reg[0]/C         empty_reg_89_reg[11]/CE        5.731         
outputCount_7_reg[0]/C         empty_reg_89_reg[12]/CE        5.731         
outputCount_7_reg[0]/C         empty_reg_89_reg[9]/CE         5.731         
outputCount_7_reg[0]/C         empty_reg_89_reg[5]/CE         5.830         
outputCount_7_reg[0]/C         empty_reg_89_reg[6]/CE         5.830         
outputCount_7_reg[0]/C         empty_reg_89_reg[7]/CE         5.830         
outputCount_7_reg[0]/C         empty_reg_89_reg[8]/CE         5.830         
outputCount_7_reg[0]/C         outputChanIdx_7_reg[12]/CE     5.855         
outputCount_7_reg[0]/C         outputChanIdx_7_reg[13]/CE     5.855         
outputCount_7_reg[0]/C         outputChanIdx_7_reg[14]/CE     5.855         
outputCount_7_reg[0]/C         outputChanIdx_7_reg[15]/CE     5.855         
outputCount_7_reg[0]/C         outputChanIdx_7_reg[0]/CE      5.874         
outputCount_7_reg[0]/C         outputChanIdx_7_reg[1]/CE      5.874         
outputCount_7_reg[0]/C         outputChanIdx_7_reg[2]/CE      5.874         
outputCount_7_reg[0]/C         outputChanIdx_7_reg[3]/CE      5.874         
outputCount_7_reg[0]/C         empty_reg_89_reg[0]/CE         5.935         
outputCount_7_reg[0]/C         outputChanIdx_7_reg[10]/CE     5.959         
outputCount_7_reg[0]/C         outputChanIdx_7_reg[11]/CE     5.959         
outputCount_7_reg[0]/C         outputChanIdx_7_reg[8]/CE      5.959         
outputCount_7_reg[0]/C         outputChanIdx_7_reg[9]/CE      5.959         
outputCount_7_reg[0]/C         outputChanIdx_7_reg[4]/CE      5.962         
outputCount_7_reg[0]/C         outputChanIdx_7_reg[5]/CE      5.962         
outputCount_7_reg[0]/C         outputChanIdx_7_reg[6]/CE      5.962         
outputCount_7_reg[0]/C         outputChanIdx_7_reg[7]/CE      5.962         
outputCount_7_reg[0]/C         icmp_ln88_reg_295_reg[0]/D     5.978         
outputCount_7_reg[0]/C         outputRow_9_0_reg[3]/CE        7.014         
outputCount_7_reg[0]/C         outputRow_9_0_reg[5]/CE        7.014         
outputCount_7_reg[0]/C         outputRow_9_0_reg[7]/CE        7.014         
outputCount_7_reg[0]/C         outputRow_9_0_reg[12]/CE       7.117         
outputCount_7_reg[0]/C         outputRow_9_0_reg[14]/CE       7.117         
outputCount_7_reg[0]/C         outputRow_9_0_reg[2]/CE        7.117         
outputCount_7_reg[0]/C         outputRow_9_0_reg[0]/CE        7.138         
outputCount_7_reg[0]/C         outputRow_9_0_reg[11]/CE       7.138         
outputCount_7_reg[0]/C         outputRow_9_0_reg[13]/CE       7.138         
outputCount_7_reg[0]/C         outputRow_9_0_reg[4]/CE        7.138         
outputCount_7_reg[0]/C         outputRow_9_0_reg[1]/CE        7.242         
outputCount_7_reg[0]/C         outputRow_9_0_reg[6]/CE        7.242         
outputCount_7_reg[0]/C         outputRow_9_0_reg[8]/CE        7.242         
outputCount_7_reg[0]/C         outputRow_9_0_reg[9]/CE        7.242         
outputCount_7_reg[0]/C         outputRow_9_0_reg[10]/CE       7.353         
outputCount_7_reg[0]/C         outputRow_9_0_reg[15]/CE       7.353         
outputCount_7_reg[0]/C         outputRow_9_3_reg[15]/CE       7.452         
outputCount_7_reg[0]/C         outputRow_9_3_reg[7]/CE        7.452         
outputCount_7_reg[0]/C         outputRow_9_3_reg[8]/CE        7.452         
outputCount_7_reg[0]/C         outputRow_9_3_reg[9]/CE        7.452         
outputCount_7_reg[0]/C         outputRow_9_3_reg[4]/CE        7.456         
outputCount_7_reg[0]/C         outputRow_9_3_reg[5]/CE        7.456         
outputCount_7_reg[0]/C         outputRow_9_3_reg[0]/CE        7.470         
outputCount_7_reg[0]/C         outputRow_9_3_reg[12]/CE       7.470         
outputCount_7_reg[0]/C         outputRow_9_3_reg[1]/CE        7.470         
outputCount_7_reg[0]/C         outputRow_9_3_reg[6]/CE        7.470         
icmp_ln88_reg_295_reg[0]/C     empty_reg_89_reg[10]/R         7.534         
icmp_ln88_reg_295_reg[0]/C     empty_reg_89_reg[11]/R         7.534         
icmp_ln88_reg_295_reg[0]/C     empty_reg_89_reg[12]/R         7.534         
icmp_ln88_reg_295_reg[0]/C     empty_reg_89_reg[9]/R          7.534         
outputCount_7_reg[0]/C         outputRow_9_3_reg[10]/CE       7.550         
outputCount_7_reg[0]/C         outputRow_9_3_reg[13]/CE       7.550         
outputCount_7_reg[0]/C         outputRow_9_3_reg[14]/CE       7.550         
ap_CS_fsm_reg[0]/C             outputRow_9_1_reg[4]/CE        7.569         
ap_CS_fsm_reg[0]/C             outputRow_9_1_reg[9]/CE        7.569         
outputCount_7_reg[0]/C         outputRow_9_3_reg[11]/CE       7.573         
outputCount_7_reg[0]/C         outputRow_9_3_reg[2]/CE        7.573         
outputCount_7_reg[0]/C         outputRow_9_3_reg[3]/CE        7.573         
ap_CS_fsm_reg[0]/C             outputRow_9_1_reg[11]/CE       7.664         
ap_CS_fsm_reg[0]/C             outputRow_9_1_reg[12]/CE       7.664         
ap_CS_fsm_reg[0]/C             outputRow_9_1_reg[14]/CE       7.664         
ap_CS_fsm_reg[0]/C             outputRow_9_1_reg[15]/CE       7.664         
icmp_ln88_reg_295_reg[0]/C     outputCount_7_reg[0]/R         7.692         
icmp_ln88_reg_295_reg[0]/C     outputCount_7_reg[1]/R         7.692         
icmp_ln88_reg_295_reg[0]/C     outputCount_7_reg[2]/R         7.692         
icmp_ln88_reg_295_reg[0]/C     outputCount_7_reg[3]/R         7.692         
icmp_ln88_reg_295_reg[0]/C     outputCount_7_reg[4]/R         7.692         
icmp_ln88_reg_295_reg[0]/C     outputCount_7_reg[10]/R        7.700         
icmp_ln88_reg_295_reg[0]/C     outputCount_7_reg[11]/R        7.700         
icmp_ln88_reg_295_reg[0]/C     outputCount_7_reg[12]/R        7.700         
icmp_ln88_reg_295_reg[0]/C     outputCount_7_reg[13]/R        7.700         



