Copyright 1986-2018 Xilinx, Inc. All Rights Reserved.
---------------------------------------------------------------------------------------------------------------------------------------------------------------------------------------------------------------------------------------------------------------
| Tool Version : Vivado v.2018.3 (lin64) Build 2405991 Thu Dec  6 23:36:41 MST 2018
| Date         : Thu Jan 13 06:13:58 2022
| Host         : koopa.ece.utexas.edu running 64-bit CentOS Linux release 7.9.2009 (Core)
| Command      : report_timing -sort_by group -max_paths 100 -path_type summary -file /misc/scratch/zwei1/reports_Jan12/raw_designs/vtr_designs/verilog/koios/tiny_darknet_like.medium_submodules/td_fused_top_tdf8_writeOutputs_aligned/post_route_timing.rpt
| Design       : td_fused_top_tdf8_writeOutputs_aligned
| Device       : 7z020-clg484
| Speed File   : -3  PRODUCTION 1.11 2014-09-11
---------------------------------------------------------------------------------------------------------------------------------------------------------------------------------------------------------------------------------------------------------------

Timing Report

Startpoint                     Endpoint                       Slack(ns)     
----------------------------------------------------------------------------
ap_CS_fsm_reg[1]/C             ap_CS_fsm_reg[0]/D             8.617         
ap_CS_fsm_reg[1]/C             ap_CS_fsm_reg[1]/D             8.643         
ap_CS_fsm_reg[0]/C             add_ln123_reg_178_reg[5]/CE    8.860         
ap_CS_fsm_reg[0]/C             add_ln123_reg_178_reg[6]/CE    8.860         
ap_CS_fsm_reg[0]/C             add_ln123_reg_178_reg[7]/CE    8.860         
ap_CS_fsm_reg[0]/C             add_ln123_reg_178_reg[0]/CE    8.982         
ap_CS_fsm_reg[0]/C             add_ln123_reg_178_reg[1]/CE    9.126         
ap_CS_fsm_reg[0]/C             add_ln123_reg_178_reg[2]/CE    9.126         
ap_CS_fsm_reg[0]/C             add_ln123_reg_178_reg[3]/CE    9.126         
ap_CS_fsm_reg[0]/C             add_ln123_reg_178_reg[4]/CE    9.126         



