Copyright 1986-2018 Xilinx, Inc. All Rights Reserved.
--------------------------------------------------------------------------------------------------------------------------------------------------------------------------------------------------------------------------------------------------------
| Tool Version : Vivado v.2018.3 (lin64) Build 2405991 Thu Dec  6 23:36:41 MST 2018
| Date         : Wed Jan 12 07:43:26 2022
| Host         : koopa.ece.utexas.edu running 64-bit CentOS Linux release 7.9.2009 (Core)
| Command      : report_timing -sort_by group -max_paths 100 -path_type summary -file /misc/scratch/zwei1/reports_Jan12/raw_designs/vtr_designs/verilog/koios/tiny_darknet_like.medium_submodules/td_fused_top_tdf10_readInputs71/post_route_timing.rpt
| Design       : td_fused_top_tdf10_readInputs71
| Device       : 7z020-clg484
| Speed File   : -3  PRODUCTION 1.11 2014-09-11
--------------------------------------------------------------------------------------------------------------------------------------------------------------------------------------------------------------------------------------------------------

Timing Report

Startpoint                     Endpoint                       Slack(ns)     
----------------------------------------------------------------------------
icmp_ln19_reg_972_reg[0]/C     empty_161_reg_960_reg[0]/D     5.246         
icmp_ln19_reg_972_reg[0]/C     is_padding_reg_965_reg[0]/D    5.354         
ap_CS_fsm_reg[2]/C             p_mid113_reg_997_reg[0]/D      5.838         
ap_CS_fsm_reg[2]/C             add_ln22_9_reg_1021_reg[16]/D  6.009         
ap_CS_fsm_reg[2]/C             add_ln22_9_reg_1021_reg[15]/D  6.023         
ap_CS_fsm_reg[2]/C             add_ln22_9_reg_1021_reg[13]/D  6.027         
ap_CS_fsm_reg[2]/C             add_ln22_9_reg_1021_reg[17]/D  6.036         
ap_CS_fsm_reg[2]/C             add_ln22_9_reg_1021_reg[14]/D  6.076         
ap_CS_fsm_reg[2]/C             add_ln22_9_reg_1021_reg[12]/D  6.098         
ap_CS_fsm_reg[2]/C             add_ln22_9_reg_1021_reg[11]/D  6.112         
ap_CS_fsm_reg[2]/C             add_ln22_9_reg_1021_reg[9]/D   6.116         
ap_CS_fsm_reg[2]/C             add_ln22_9_reg_1021_reg[10]/D  6.165         
ap_CS_fsm_reg[2]/C             add_ln22_9_reg_1021_reg[8]/D   6.187         
ap_CS_fsm_reg[2]/C             add_ln22_9_reg_1021_reg[7]/D   6.201         
ap_CS_fsm_reg[2]/C             add_ln22_9_reg_1021_reg[5]/D   6.205         
indvar_flatten47_reg_231_reg[2]/C
                               add_ln22_9_reg_1021_reg[4]/CE  6.232         
indvar_flatten47_reg_231_reg[2]/C
                               add_ln22_9_reg_1021_reg[5]/CE  6.232         
indvar_flatten47_reg_231_reg[2]/C
                               add_ln22_9_reg_1021_reg[6]/CE  6.232         
indvar_flatten47_reg_231_reg[2]/C
                               add_ln22_9_reg_1021_reg[7]/CE  6.232         
ap_CS_fsm_reg[2]/C             add_ln22_9_reg_1021_reg[6]/D   6.254         
indvar_flatten47_reg_231_reg[2]/C
                               add_ln22_9_reg_1021_reg[12]/CE 6.261         
indvar_flatten47_reg_231_reg[2]/C
                               add_ln22_9_reg_1021_reg[13]/CE 6.261         
indvar_flatten47_reg_231_reg[2]/C
                               add_ln22_9_reg_1021_reg[14]/CE 6.261         
indvar_flatten47_reg_231_reg[2]/C
                               add_ln22_9_reg_1021_reg[15]/CE 6.261         
ap_CS_fsm_reg[2]/C             add_ln22_9_reg_1021_reg[4]/D   6.276         
indvar_flatten47_reg_231_reg[2]/C
                               add_ln22_9_reg_1021_reg[10]/CE 6.360         
indvar_flatten47_reg_231_reg[2]/C
                               add_ln22_9_reg_1021_reg[11]/CE 6.360         
indvar_flatten47_reg_231_reg[2]/C
                               add_ln22_9_reg_1021_reg[8]/CE  6.360         
indvar_flatten47_reg_231_reg[2]/C
                               add_ln22_9_reg_1021_reg[9]/CE  6.360         
ap_CS_fsm_reg[2]/C             add_ln22_9_reg_1021_reg[3]/D   6.370         
ap_CS_fsm_reg[2]/C             add_ln22_9_reg_1021_reg[2]/D   6.415         
indvar_flatten47_reg_231_reg[2]/C
                               add_ln22_9_reg_1021_reg[16]/CE 6.419         
indvar_flatten47_reg_231_reg[2]/C
                               add_ln22_9_reg_1021_reg[17]/CE 6.419         
add_ln22_9_reg_1021_reg[15]/C  sub_ln32_reg_1071_reg[3]/D     6.458         
add_ln22_9_reg_1021_reg[15]/C  sub_ln32_reg_1071_reg[5]/D     6.464         
indvar_flatten47_reg_231_reg[2]/C
                               add_ln20_reg_1010_reg[1]/CE    6.475         
indvar_flatten47_reg_231_reg[2]/C
                               add_ln22_9_reg_1021_reg[1]/CE  6.475         
indvar_flatten47_reg_231_reg[2]/C
                               add_ln22_9_reg_1021_reg[2]/CE  6.475         
indvar_flatten47_reg_231_reg[2]/C
                               add_ln22_9_reg_1021_reg[3]/CE  6.475         
add_ln22_9_reg_1021_reg[15]/C  sub_ln32_reg_1071_reg[6]/D     6.489         
indvar_flatten47_reg_231_reg[2]/C
                               select_ln19_49_reg_990_reg[0]/CE
                                                              6.513         
indvar_flatten47_reg_231_reg[2]/C
                               select_ln19_49_reg_990_reg[1]/CE
                                                              6.513         
empty_reg_920_reg[6]/C         or_ln23_36_reg_945_reg[0]/D    6.525         
indvar_flatten47_reg_231_reg[2]/C
                               p_mid113_reg_997_reg[0]/CE     6.558         
indvar_flatten47_reg_231_reg[2]/C
                               select_ln20_35_reg_1015_reg[1]/CE
                                                              6.605         
ap_CS_fsm_reg[2]/C             add_ln22_9_reg_1021_reg[1]/D   6.678         
indvar_flatten47_reg_231_reg[2]/C
                               icmp_ln20_reg_981_reg[0]/CE    6.705         
add_ln22_9_reg_1021_reg[15]/C  sub_ln32_reg_1071_reg[7]/D     6.719         
indvar_flatten47_reg_231_reg[2]/C
                               add_ln19_reg_976_reg[0]/CE     6.804         
indvar_flatten47_reg_231_reg[2]/C
                               add_ln19_reg_976_reg[1]/CE     6.804         
add_ln22_9_reg_1021_reg[15]/C  select_ln20_36_reg_1058_reg[0]/D
                                                              6.840         
indvar_flatten47_reg_231_reg[2]/C
                               kk_reg_277_reg[2]/R            6.872         
indvar_flatten47_reg_231_reg[2]/C
                               kk_reg_277_reg[3]/R            6.872         
indvar_flatten47_reg_231_reg[2]/C
                               kk_reg_277_reg[4]/R            6.872         
indvar_flatten47_reg_231_reg[2]/C
                               kk_reg_277_reg[5]/R            6.872         
indvar_flatten47_reg_231_reg[2]/C
                               kk_reg_277_reg[6]/R            6.872         
add_ln22_9_reg_1021_reg[15]/C  sub_ln32_reg_1071_reg[4]/D     6.882         
ap_CS_fsm_reg[2]/C             select_ln19_54_reg_1043_reg[4]/R
                                                              6.891         
ap_CS_fsm_reg[2]/C             select_ln19_54_reg_1043_reg[6]/R
                                                              6.891         
indvar_flatten47_reg_231_reg[2]/C
                               select_ln20_35_reg_1015_reg[0]/CE
                                                              6.914         
indvar_flatten47_reg_231_reg[2]/C
                               indvar_flatten47_reg_231_reg[0]/R
                                                              6.915         
indvar_flatten47_reg_231_reg[2]/C
                               indvar_flatten47_reg_231_reg[1]/R
                                                              6.915         
indvar_flatten47_reg_231_reg[2]/C
                               indvar_flatten47_reg_231_reg[2]/R
                                                              6.915         
indvar_flatten47_reg_231_reg[2]/C
                               indvar_flatten47_reg_231_reg[3]/R
                                                              6.915         
indvar_flatten47_reg_231_reg[2]/C
                               indvar_flatten47_reg_231_reg[4]/R
                                                              6.915         
indvar_flatten47_reg_231_reg[2]/C
                               indvar_flatten47_reg_231_reg[5]/R
                                                              6.915         
indvar_flatten47_reg_231_reg[2]/C
                               indvar_flatten_reg_254_reg[2]/R
                                                              6.915         
indvar_flatten47_reg_231_reg[2]/C
                               indvar_flatten_reg_254_reg[3]/R
                                                              6.915         
empty_reg_920_reg[6]/C         sext_ln22_reg_933_reg[16]/D    6.926         
add_ln22_9_reg_1021_reg[15]/C  sub_ln32_reg_1071_reg[1]/D     6.942         
indvar_flatten47_reg_231_reg[2]/C
                               lshr_ln_reg_1027_reg[1]/CE     6.948         
indvar_flatten47_reg_231_reg[2]/C
                               lshr_ln_reg_1027_reg[2]/CE     6.948         
indvar_flatten47_reg_231_reg[2]/C
                               lshr_ln_reg_1027_reg[3]/CE     6.948         
ap_CS_fsm_reg[2]/C             add_ln20_reg_1010_reg[1]/D     6.971         
indvar_flatten47_reg_231_reg[2]/C
                               indvar_flatten_reg_254_reg[0]/R
                                                              6.994         
indvar_flatten47_reg_231_reg[2]/C
                               indvar_flatten_reg_254_reg[1]/R
                                                              6.994         
indvar_flatten47_reg_231_reg[2]/C
                               indvar_flatten_reg_254_reg[4]/R
                                                              6.994         
indvar_flatten47_reg_231_reg[2]/C
                               indvar_flatten47_reg_231_reg[6]/R
                                                              7.011         
indvar_flatten47_reg_231_reg[2]/C
                               indvar_flatten47_reg_231_reg[7]/R
                                                              7.011         
indvar_flatten47_reg_231_reg[2]/C
                               indvar_flatten_reg_254_reg[5]/R
                                                              7.011         
indvar_flatten47_reg_231_reg[2]/C
                               indvar_flatten_reg_254_reg[6]/R
                                                              7.011         
add_ln22_9_reg_1021_reg[15]/C  sub_ln32_reg_1071_reg[2]/D     7.014         
empty_reg_920_reg[2]/C         select_ln19_54_reg_1043_reg[5]/D
                                                              7.046         
ap_CS_fsm_reg[2]/C             select_ln19_54_reg_1043_reg[0]/R
                                                              7.097         
ap_CS_fsm_reg[2]/C             select_ln19_54_reg_1043_reg[1]/R
                                                              7.097         
ap_CS_fsm_reg[2]/C             select_ln19_54_reg_1043_reg[2]/R
                                                              7.097         
ap_CS_fsm_reg[2]/C             select_ln19_54_reg_1043_reg[3]/R
                                                              7.097         
ap_CS_fsm_reg[2]/C             select_ln19_54_reg_1043_reg[5]/R
                                                              7.097         
ap_CS_fsm_reg[2]/C             select_ln19_54_reg_1043_reg[7]/R
                                                              7.097         
indvar_flatten47_reg_231_reg[2]/C
                               add_ln20_reg_1010_reg[0]/CE    7.191         
icmp_ln19_reg_972_pp0_iter2_reg_reg[0]/C
                               select_ln33_23_reg_1086_reg[6]/R
                                                              7.200         
icmp_ln19_reg_972_pp0_iter2_reg_reg[0]/C
                               select_ln33_23_reg_1086_reg[7]/R
                                                              7.200         
icmp_ln19_reg_972_pp0_iter2_reg_reg[0]/C
                               select_ln33_23_reg_1086_reg[8]/R
                                                              7.200         
icmp_ln19_reg_972_pp0_iter2_reg_reg[0]/C
                               select_ln33_23_reg_1086_reg[9]/R
                                                              7.200         
indvar_flatten47_reg_231_reg[2]/C
                               lshr_ln_reg_1027_reg[0]/CE     7.214         
indvar_flatten47_reg_231_reg[2]/C
                               or_ln19_reg_1003_reg[0]/CE     7.214         
icmp_ln19_reg_972_pp0_iter2_reg_reg[0]/C
                               select_ln33_23_reg_1086_reg[5]/R
                                                              7.228         
icmp_ln19_reg_972_pp0_iter2_reg_reg[0]/C
                               select_ln33_24_reg_1091_reg[14]/R
                                                              7.228         
icmp_ln19_reg_972_pp0_iter2_reg_reg[0]/C
                               select_ln33_24_reg_1091_reg[15]/R
                                                              7.228         
icmp_ln19_reg_972_pp0_iter2_reg_reg[0]/C
                               select_ln33_25_reg_1096_reg[2]/R
                                                              7.228         



